-12.718153883932228
0 0  -0.9807039703
0 2  -0.0036072667
0 4  -0.0036072667
1 1  -0.9807039703
1 3  -0.0036072667
1 5  -0.0036072667
2 0  -0.0036072667
2 2  -0.8678529241
2 4  0.0043111654
2 6  -0.0199525153
3 1  -0.0036072667
3 3  -0.8678529241
3 5  0.0043111654
3 7  -0.0199525153
4 0  -0.0036072667
4 2  0.0043111654
4 4  -0.8678529241
4 6  0.0199525153
5 1  -0.0036072667
5 3  0.0043111654
5 5  -0.8678529241
5 7  0.0199525153
6 2  -0.0199525153
6 4  0.0199525153
6 6  -0.8404258269
7 3  -0.0199525153
7 5  0.0199525153
7 7  -0.8404258269
8 8  -0.8224688643
9 9  -0.8224688643
10 10  -0.8224688643
11 11  -0.8224688643
0 0 0 0  0.1983505448
0 0 2 0  -0.0106954418
0 0 4 0  -0.0106954418
0 1 1 0  0.1983505448
0 1 3 0  -0.0106954418
0 1 5 0  -0.0106954418
0 2 0 0  -0.0106954418
0 2 2 0  0.0833641535
0 2 4 0  0.0003565574
0 2 6 0  0.0087813103
0 3 1 0  -0.0106954418
0 3 3 0  0.0833641535
0 3 5 0  0.0003565574
0 3 7 0  0.0087813103
0 4 0 0  -0.0106954418
0 4 2 0  0.0003565574
0 4 4 0  0.0833641535
0 4 6 0  -0.0087813103
0 5 1 0  -0.0106954418
0 5 3 0  0.0003565574
0 5 5 0  0.0833641535
0 5 7 0  -0.0087813103
0 6 2 0  0.0087813103
0 6 4 0  -0.0087813103
0 6 6 0  0.2022289805
0 7 3 0  0.0087813103
0 7 5 0  -0.0087813103
0 7 7 0  0.2022289805
0 8 8 0  0.2028089084
0 9 9 0  0.2028089084
0 10 10 0  0.2028089084
0 11 11 0  0.2028089084
0 0 0 2  -0.0106954418
0 0 2 2  0.0034892054
0 0 4 2  0.0002465744
0 0 6 2  0.0043716741
0 1 1 2  -0.0106954418
0 1 3 2  0.0034892054
0 1 5 2  0.0002465744
0 1 7 2  0.0043716741
0 2 0 2  0.0034892054
0 2 2 2  0.0252923766
0 2 4 2  -0.0000360327
0 2 6 2  -0.0032862437
0 3 1 2  0.0034892054
0 3 3 2  0.0252923766
0 3 5 2  -0.0000360327
0 3 7 2  -0.0032862437
0 4 0 2  0.0002465744
0 4 2 2  -0.0000360327
0 4 4 2  -0.0046899557
0 4 6 2  0.0000667048
0 5 1 2  0.0002465744
0 5 3 2  -0.0000360327
0 5 5 2  -0.0046899557
0 5 7 2  0.0000667048
0 6 0 2  0.0043716741
0 6 2 2  -0.0032862437
0 6 4 2  0.0000667048
0 6 6 2  -0.0104039191
0 7 1 2  0.0043716741
0 7 3 2  -0.0032862437
0 7 5 2  0.0000667048
0 7 7 2  -0.0104039191
0 8 8 2  -0.0116093554
0 9 9 2  -0.0116093554
0 10 10 2  -0.0116093554
0 11 11 2  -0.0116093554
0 0 0 4  -0.0106954418
0 0 2 4  0.0002465744
0 0 4 4  0.0034892054
0 0 6 4  -0.0043716741
0 1 1 4  -0.0106954418
0 1 3 4  0.0002465744
0 1 5 4  0.0034892054
0 1 7 4  -0.0043716741
0 2 0 4  0.0002465744
0 2 2 4  -0.0046899557
0 2 4 4  -0.0000360327
0 2 6 4  -0.0000667048
0 3 1 4  0.0002465744
0 3 3 4  -0.0046899557
0 3 5 4  -0.0000360327
0 3 7 4  -0.0000667048
0 4 0 4  0.0034892054
0 4 2 4  -0.0000360327
0 4 4 4  0.0252923766
0 4 6 4  0.0032862437
0 5 1 4  0.0034892054
0 5 3 4  -0.0000360327
0 5 5 4  0.0252923766
0 5 7 4  0.0032862437
0 6 0 4  -0.0043716741
0 6 2 4  -0.0000667048
0 6 4 4  0.0032862437
0 6 6 4  -0.0104039191
0 7 1 4  -0.0043716741
0 7 3 4  -0.0000667048
0 7 5 4  0.0032862437
0 7 7 4  -0.0104039191
0 8 8 4  -0.0116093554
0 9 9 4  -0.0116093554
0 10 10 4  -0.0116093554
0 11 11 4  -0.0116093554
0 0 2 6  0.0043716741
0 0 4 6  -0.0043716741
0 0 6 6  0.0421835668
0 1 3 6  0.0043716741
0 1 5 6  -0.0043716741
0 1 7 6  0.0421835668
0 2 0 6  0.0043716741
0 2 2 6  0.0127079547
0 2 6 6  -0.0042246044
0 3 1 6  0.0043716741
0 3 3 6  0.0127079547
0 3 7 6  -0.0042246044
0 4 0 6  -0.0043716741
0 4 4 6  -0.0127079547
0 4 6 6  -0.0042246044
0 5 1 6  -0.0043716741
0 5 5 6  -0.0127079547
0 5 7 6  -0.0042246044
0 6 0 6  0.0421835668
0 6 2 6  -0.0042246044
0 6 4 6  -0.0042246044
0 7 1 6  0.0421835668
0 7 3 6  -0.0042246044
0 7 5 6  -0.0042246044
0 0 8 8  0.0427218998
0 1 9 8  0.0427218998
0 2 8 8  -0.0041761573
0 3 9 8  -0.0041761573
0 4 8 8  -0.0041761573
0 5 9 8  -0.0041761573
0 8 0 8  0.0427218998
0 8 2 8  -0.0041761573
0 8 4 8  -0.0041761573
0 9 1 8  0.0427218998
0 9 3 8  -0.0041761573
0 9 5 8  -0.0041761573
0 0 10 10  0.0427218998
0 1 11 10  0.0427218998
0 2 10 10  -0.0041761573
0 3 11 10  -0.0041761573
0 4 10 10  -0.0041761573
0 5 11 10  -0.0041761573
0 10 0 10  0.0427218998
0 10 2 10  -0.0041761573
0 10 4 10  -0.0041761573
0 11 1 10  0.0427218998
0 11 3 10  -0.0041761573
0 11 5 10  -0.0041761573
1 0 0 1  0.1983505448
1 0 2 1  -0.0106954418
1 0 4 1  -0.0106954418
1 1 1 1  0.1983505448
1 1 3 1  -0.0106954418
1 1 5 1  -0.0106954418
1 2 0 1  -0.0106954418
1 2 2 1  0.0833641535
1 2 4 1  0.0003565574
1 2 6 1  0.0087813103
1 3 1 1  -0.0106954418
1 3 3 1  0.0833641535
1 3 5 1  0.0003565574
1 3 7 1  0.0087813103
1 4 0 1  -0.0106954418
1 4 2 1  0.0003565574
1 4 4 1  0.0833641535
1 4 6 1  -0.0087813103
1 5 1 1  -0.0106954418
1 5 3 1  0.0003565574
1 5 5 1  0.0833641535
1 5 7 1  -0.0087813103
1 6 2 1  0.0087813103
1 6 4 1  -0.0087813103
1 6 6 1  0.2022289805
1 7 3 1  0.0087813103
1 7 5 1  -0.0087813103
1 7 7 1  0.2022289805
1 8 8 1  0.2028089084
1 9 9 1  0.2028089084
1 10 10 1  0.2028089084
1 11 11 1  0.2028089084
1 0 0 3  -0.0106954418
1 0 2 3  0.0034892054
1 0 4 3  0.0002465744
1 0 6 3  0.0043716741
1 1 1 3  -0.0106954418
1 1 3 3  0.0034892054
1 1 5 3  0.0002465744
1 1 7 3  0.0043716741
1 2 0 3  0.0034892054
1 2 2 3  0.0252923766
1 2 4 3  -0.0000360327
1 2 6 3  -0.0032862437
1 3 1 3  0.0034892054
1 3 3 3  0.0252923766
1 3 5 3  -0.0000360327
1 3 7 3  -0.0032862437
1 4 0 3  0.0002465744
1 4 2 3  -0.0000360327
1 4 4 3  -0.0046899557
1 4 6 3  0.0000667048
1 5 1 3  0.0002465744
1 5 3 3  -0.0000360327
1 5 5 3  -0.0046899557
1 5 7 3  0.0000667048
1 6 0 3  0.0043716741
1 6 2 3  -0.0032862437
1 6 4 3  0.0000667048
1 6 6 3  -0.0104039191
1 7 1 3  0.0043716741
1 7 3 3  -0.0032862437
1 7 5 3  0.0000667048
1 7 7 3  -0.0104039191
1 8 8 3  -0.0116093554
1 9 9 3  -0.0116093554
1 10 10 3  -0.0116093554
1 11 11 3  -0.0116093554
1 0 0 5  -0.0106954418
1 0 2 5  0.0002465744
1 0 4 5  0.0034892054
1 0 6 5  -0.0043716741
1 1 1 5  -0.0106954418
1 1 3 5  0.0002465744
1 1 5 5  0.0034892054
1 1 7 5  -0.0043716741
1 2 0 5  0.0002465744
1 2 2 5  -0.0046899557
1 2 4 5  -0.0000360327
1 2 6 5  -0.0000667048
1 3 1 5  0.0002465744
1 3 3 5  -0.0046899557
1 3 5 5  -0.0000360327
1 3 7 5  -0.0000667048
1 4 0 5  0.0034892054
1 4 2 5  -0.0000360327
1 4 4 5  0.0252923766
1 4 6 5  0.0032862437
1 5 1 5  0.0034892054
1 5 3 5  -0.0000360327
1 5 5 5  0.0252923766
1 5 7 5  0.0032862437
1 6 0 5  -0.0043716741
1 6 2 5  -0.0000667048
1 6 4 5  0.0032862437
1 6 6 5  -0.0104039191
1 7 1 5  -0.0043716741
1 7 3 5  -0.0000667048
1 7 5 5  0.0032862437
1 7 7 5  -0.0104039191
1 8 8 5  -0.0116093554
1 9 9 5  -0.0116093554
1 10 10 5  -0.0116093554
1 11 11 5  -0.0116093554
1 0 2 7  0.0043716741
1 0 4 7  -0.0043716741
1 0 6 7  0.0421835668
1 1 3 7  0.0043716741
1 1 5 7  -0.0043716741
1 1 7 7  0.0421835668
1 2 0 7  0.0043716741
1 2 2 7  0.0127079547
1 2 6 7  -0.0042246044
1 3 1 7  0.0043716741
1 3 3 7  0.0127079547
1 3 7 7  -0.0042246044
1 4 0 7  -0.0043716741
1 4 4 7  -0.0127079547
1 4 6 7  -0.0042246044
1 5 1 7  -0.0043716741
1 5 5 7  -0.0127079547
1 5 7 7  -0.0042246044
1 6 0 7  0.0421835668
1 6 2 7  -0.0042246044
1 6 4 7  -0.0042246044
1 7 1 7  0.0421835668
1 7 3 7  -0.0042246044
1 7 5 7  -0.0042246044
1 0 8 9  0.0427218998
1 1 9 9  0.0427218998
1 2 8 9  -0.0041761573
1 3 9 9  -0.0041761573
1 4 8 9  -0.0041761573
1 5 9 9  -0.0041761573
1 8 0 9  0.0427218998
1 8 2 9  -0.0041761573
1 8 4 9  -0.0041761573
1 9 1 9  0.0427218998
1 9 3 9  -0.0041761573
1 9 5 9  -0.0041761573
1 0 10 11  0.0427218998
1 1 11 11  0.0427218998
1 2 10 11  -0.0041761573
1 3 11 11  -0.0041761573
1 4 10 11  -0.0041761573
1 5 11 11  -0.0041761573
1 10 0 11  0.0427218998
1 10 2 11  -0.0041761573
1 10 4 11  -0.0041761573
1 11 1 11  0.0427218998
1 11 3 11  -0.0041761573
1 11 5 11  -0.0041761573
2 0 0 0  -0.0106954418
2 0 2 0  0.0034892054
2 0 4 0  0.0002465744
2 0 6 0  0.0043716741
2 1 1 0  -0.0106954418
2 1 3 0  0.0034892054
2 1 5 0  0.0002465744
2 1 7 0  0.0043716741
2 2 0 0  0.0034892054
2 2 2 0  0.0252923766
2 2 4 0  -0.0000360327
2 2 6 0  -0.0032862437
2 3 1 0  0.0034892054
2 3 3 0  0.0252923766
2 3 5 0  -0.0000360327
2 3 7 0  -0.0032862437
2 4 0 0  0.0002465744
2 4 2 0  -0.0000360327
2 4 4 0  -0.0046899557
2 4 6 0  0.0000667048
2 5 1 0  0.0002465744
2 5 3 0  -0.0000360327
2 5 5 0  -0.0046899557
2 5 7 0  0.0000667048
2 6 0 0  0.0043716741
2 6 2 0  -0.0032862437
2 6 4 0  0.0000667048
2 6 6 0  -0.0104039191
2 7 1 0  0.0043716741
2 7 3 0  -0.0032862437
2 7 5 0  0.0000667048
2 7 7 0  -0.0104039191
2 8 8 0  -0.0116093554
2 9 9 0  -0.0116093554
2 10 10 0  -0.0116093554
2 11 11 0  -0.0116093554
2 0 0 2  0.0833641535
2 0 2 2  0.0252923766
2 0 4 2  -0.0046899557
2 0 6 2  0.0127079547
2 1 1 2  0.0833641535
2 1 3 2  0.0252923766
2 1 5 2  -0.0046899557
2 1 7 2  0.0127079547
2 2 0 2  0.0252923766
2 2 2 2  0.3791085694
2 2 4 2  0.0001523253
2 2 6 2  -0.0275800488
2 3 1 2  0.0252923766
2 3 3 2  0.3791085694
2 3 5 2  0.0001523253
2 3 7 2  -0.0275800488
2 4 0 2  -0.0046899557
2 4 2 2  0.0001523253
2 4 4 2  0.0415618353
2 4 6 2  -0.0045862054
2 5 1 2  -0.0046899557
2 5 3 2  0.0001523253
2 5 5 2  0.0415618353
2 5 7 2  -0.0045862054
2 6 0 2  0.0127079547
2 6 2 2  -0.0275800488
2 6 4 2  -0.0045862054
2 6 6 2  0.0883865181
2 7 1 2  0.0127079547
2 7 3 2  -0.0275800488
2 7 5 2  -0.0045862054
2 7 7 2  0.0883865181
2 8 8 2  0.0795002410
2 9 9 2  0.0795002410
2 10 10 2  0.0795002410
2 11 11 2  0.0795002410
2 0 0 4  0.0003565574
2 0 2 4  -0.0000360327
2 0 4 4  -0.0000360327
2 1 1 4  0.0003565574
2 1 3 4  -0.0000360327
2 1 5 4  -0.0000360327
2 2 0 4  -0.0000360327
2 2 2 4  0.0001523253
2 2 4 4  0.0000076718
2 2 6 4  -0.0000192861
2 3 1 4  -0.0000360327
2 3 3 4  0.0001523253
2 3 5 4  0.0000076718
2 3 7 4  -0.0000192861
2 4 0 4  -0.0000360327
2 4 2 4  0.0000076718
2 4 4 4  0.0001523253
2 4 6 4  0.0000192861
2 5 1 4  -0.0000360327
2 5 3 4  0.0000076718
2 5 5 4  0.0001523253
2 5 7 4  0.0000192861
2 6 2 4  -0.0000192861
2 6 4 4  0.0000192861
2 6 6 4  0.0002247959
2 7 3 4  -0.0000192861
2 7 5 4  0.0000192861
2 7 7 4  0.0002247959
2 8 8 4  0.0004592501
2 9 9 4  0.0004592501
2 10 10 4  0.0004592501
2 11 11 4  0.0004592501
2 0 0 6  0.0087813103
2 0 2 6  -0.0032862437
2 0 4 6  -0.0000667048
2 0 6 6  -0.0042246044
2 1 1 6  0.0087813103
2 1 3 6  -0.0032862437
2 1 5 6  -0.0000667048
2 1 7 6  -0.0042246044
2 2 0 6  -0.0032862437
2 2 2 6  -0.0275800488
2 2 4 6  -0.0000192861
2 2 6 6  0.0037479426
2 3 1 6  -0.0032862437
2 3 3 6  -0.0275800488
2 3 5 6  -0.0000192861
2 3 7 6  0.0037479426
2 4 0 6  -0.0000667048
2 4 2 6  -0.0000192861
2 4 4 6  0.0045862054
2 4 6 6  -0.0000613266
2 5 1 6  -0.0000667048
2 5 3 6  -0.0000192861
2 5 5 6  0.0045862054
2 5 7 6  -0.0000613266
2 6 0 6  -0.0042246044
2 6 2 6  0.0037479426
2 6 4 6  -0.0000613266
2 6 6 6  0.0099651367
2 7 1 6  -0.0042246044
2 7 3 6  0.0037479426
2 7 5 6  -0.0000613266
2 7 7 6  0.0099651367
2 8 8 6  0.0087960679
2 9 9 6  0.0087960679
2 10 10 6  0.0087960679
2 11 11 6  0.0087960679
2 0 8 8  -0.0041761573
2 1 9 8  -0.0041761573
2 2 8 8  0.0004708434
2 3 9 8  0.0004708434
2 4 8 8  0.0003550679
2 5 9 8  0.0003550679
2 6 8 8  0.0008059028
2 7 9 8  0.0008059028
2 8 0 8  -0.0041761573
2 8 2 8  0.0004708434
2 8 4 8  0.0003550679
2 8 6 8  0.0008059028
2 9 1 8  -0.0041761573
2 9 3 8  0.0004708434
2 9 5 8  0.0003550679
2 9 7 8  0.0008059028
2 0 10 10  -0.0041761573
2 1 11 10  -0.0041761573
2 2 10 10  0.0004708434
2 3 11 10  0.0004708434
2 4 10 10  0.0003550679
2 5 11 10  0.0003550679
2 6 10 10  0.0008059028
2 7 11 10  0.0008059028
2 10 0 10  -0.0041761573
2 10 2 10  0.0004708434
2 10 4 10  0.0003550679
2 10 6 10  0.0008059028
2 11 1 10  -0.0041761573
2 11 3 10  0.0004708434
2 11 5 10  0.0003550679
2 11 7 10  0.0008059028
3 0 0 1  -0.0106954418
3 0 2 1  0.0034892054
3 0 4 1  0.0002465744
3 0 6 1  0.0043716741
3 1 1 1  -0.0106954418
3 1 3 1  0.0034892054
3 1 5 1  0.0002465744
3 1 7 1  0.0043716741
3 2 0 1  0.0034892054
3 2 2 1  0.0252923766
3 2 4 1  -0.0000360327
3 2 6 1  -0.0032862437
3 3 1 1  0.0034892054
3 3 3 1  0.0252923766
3 3 5 1  -0.0000360327
3 3 7 1  -0.0032862437
3 4 0 1  0.0002465744
3 4 2 1  -0.0000360327
3 4 4 1  -0.0046899557
3 4 6 1  0.0000667048
3 5 1 1  0.0002465744
3 5 3 1  -0.0000360327
3 5 5 1  -0.0046899557
3 5 7 1  0.0000667048
3 6 0 1  0.0043716741
3 6 2 1  -0.0032862437
3 6 4 1  0.0000667048
3 6 6 1  -0.0104039191
3 7 1 1  0.0043716741
3 7 3 1  -0.0032862437
3 7 5 1  0.0000667048
3 7 7 1  -0.0104039191
3 8 8 1  -0.0116093554
3 9 9 1  -0.0116093554
3 10 10 1  -0.0116093554
3 11 11 1  -0.0116093554
3 0 0 3  0.0833641535
3 0 2 3  0.0252923766
3 0 4 3  -0.0046899557
3 0 6 3  0.0127079547
3 1 1 3  0.0833641535
3 1 3 3  0.0252923766
3 1 5 3  -0.0046899557
3 1 7 3  0.0127079547
3 2 0 3  0.0252923766
3 2 2 3  0.3791085694
3 2 4 3  0.0001523253
3 2 6 3  -0.0275800488
3 3 1 3  0.0252923766
3 3 3 3  0.3791085694
3 3 5 3  0.0001523253
3 3 7 3  -0.0275800488
3 4 0 3  -0.0046899557
3 4 2 3  0.0001523253
3 4 4 3  0.0415618353
3 4 6 3  -0.0045862054
3 5 1 3  -0.0046899557
3 5 3 3  0.0001523253
3 5 5 3  0.0415618353
3 5 7 3  -0.0045862054
3 6 0 3  0.0127079547
3 6 2 3  -0.0275800488
3 6 4 3  -0.0045862054
3 6 6 3  0.0883865181
3 7 1 3  0.0127079547
3 7 3 3  -0.0275800488
3 7 5 3  -0.0045862054
3 7 7 3  0.0883865181
3 8 8 3  0.0795002410
3 9 9 3  0.0795002410
3 10 10 3  0.0795002410
3 11 11 3  0.0795002410
3 0 0 5  0.0003565574
3 0 2 5  -0.0000360327
3 0 4 5  -0.0000360327
3 1 1 5  0.0003565574
3 1 3 5  -0.0000360327
3 1 5 5  -0.0000360327
3 2 0 5  -0.0000360327
3 2 2 5  0.0001523253
3 2 4 5  0.0000076718
3 2 6 5  -0.0000192861
3 3 1 5  -0.0000360327
3 3 3 5  0.0001523253
3 3 5 5  0.0000076718
3 3 7 5  -0.0000192861
3 4 0 5  -0.0000360327
3 4 2 5  0.0000076718
3 4 4 5  0.0001523253
3 4 6 5  0.0000192861
3 5 1 5  -0.0000360327
3 5 3 5  0.0000076718
3 5 5 5  0.0001523253
3 5 7 5  0.0000192861
3 6 2 5  -0.0000192861
3 6 4 5  0.0000192861
3 6 6 5  0.0002247959
3 7 3 5  -0.0000192861
3 7 5 5  0.0000192861
3 7 7 5  0.0002247959
3 8 8 5  0.0004592501
3 9 9 5  0.0004592501
3 10 10 5  0.0004592501
3 11 11 5  0.0004592501
3 0 0 7  0.0087813103
3 0 2 7  -0.0032862437
3 0 4 7  -0.0000667048
3 0 6 7  -0.0042246044
3 1 1 7  0.0087813103
3 1 3 7  -0.0032862437
3 1 5 7  -0.0000667048
3 1 7 7  -0.0042246044
3 2 0 7  -0.0032862437
3 2 2 7  -0.0275800488
3 2 4 7  -0.0000192861
3 2 6 7  0.0037479426
3 3 1 7  -0.0032862437
3 3 3 7  -0.0275800488
3 3 5 7  -0.0000192861
3 3 7 7  0.0037479426
3 4 0 7  -0.0000667048
3 4 2 7  -0.0000192861
3 4 4 7  0.0045862054
3 4 6 7  -0.0000613266
3 5 1 7  -0.0000667048
3 5 3 7  -0.0000192861
3 5 5 7  0.0045862054
3 5 7 7  -0.0000613266
3 6 0 7  -0.0042246044
3 6 2 7  0.0037479426
3 6 4 7  -0.0000613266
3 6 6 7  0.0099651367
3 7 1 7  -0.0042246044
3 7 3 7  0.0037479426
3 7 5 7  -0.0000613266
3 7 7 7  0.0099651367
3 8 8 7  0.0087960679
3 9 9 7  0.0087960679
3 10 10 7  0.0087960679
3 11 11 7  0.0087960679
3 0 8 9  -0.0041761573
3 1 9 9  -0.0041761573
3 2 8 9  0.0004708434
3 3 9 9  0.0004708434
3 4 8 9  0.0003550679
3 5 9 9  0.0003550679
3 6 8 9  0.0008059028
3 7 9 9  0.0008059028
3 8 0 9  -0.0041761573
3 8 2 9  0.0004708434
3 8 4 9  0.0003550679
3 8 6 9  0.0008059028
3 9 1 9  -0.0041761573
3 9 3 9  0.0004708434
3 9 5 9  0.0003550679
3 9 7 9  0.0008059028
3 0 10 11  -0.0041761573
3 1 11 11  -0.0041761573
3 2 10 11  0.0004708434
3 3 11 11  0.0004708434
3 4 10 11  0.0003550679
3 5 11 11  0.0003550679
3 6 10 11  0.0008059028
3 7 11 11  0.0008059028
3 10 0 11  -0.0041761573
3 10 2 11  0.0004708434
3 10 4 11  0.0003550679
3 10 6 11  0.0008059028
3 11 1 11  -0.0041761573
3 11 3 11  0.0004708434
3 11 5 11  0.0003550679
3 11 7 11  0.0008059028
4 0 0 0  -0.0106954418
4 0 2 0  0.0002465744
4 0 4 0  0.0034892054
4 0 6 0  -0.0043716741
4 1 1 0  -0.0106954418
4 1 3 0  0.0002465744
4 1 5 0  0.0034892054
4 1 7 0  -0.0043716741
4 2 0 0  0.0002465744
4 2 2 0  -0.0046899557
4 2 4 0  -0.0000360327
4 2 6 0  -0.0000667048
4 3 1 0  0.0002465744
4 3 3 0  -0.0046899557
4 3 5 0  -0.0000360327
4 3 7 0  -0.0000667048
4 4 0 0  0.0034892054
4 4 2 0  -0.0000360327
4 4 4 0  0.0252923766
4 4 6 0  0.0032862437
4 5 1 0  0.0034892054
4 5 3 0  -0.0000360327
4 5 5 0  0.0252923766
4 5 7 0  0.0032862437
4 6 0 0  -0.0043716741
4 6 2 0  -0.0000667048
4 6 4 0  0.0032862437
4 6 6 0  -0.0104039191
4 7 1 0  -0.0043716741
4 7 3 0  -0.0000667048
4 7 5 0  0.0032862437
4 7 7 0  -0.0104039191
4 8 8 0  -0.0116093554
4 9 9 0  -0.0116093554
4 10 10 0  -0.0116093554
4 11 11 0  -0.0116093554
4 0 0 2  0.0003565574
4 0 2 2  -0.0000360327
4 0 4 2  -0.0000360327
4 1 1 2  0.0003565574
4 1 3 2  -0.0000360327
4 1 5 2  -0.0000360327
4 2 0 2  -0.0000360327
4 2 2 2  0.0001523253
4 2 4 2  0.0000076718
4 2 6 2  -0.0000192861
4 3 1 2  -0.0000360327
4 3 3 2  0.0001523253
4 3 5 2  0.0000076718
4 3 7 2  -0.0000192861
4 4 0 2  -0.0000360327
4 4 2 2  0.0000076718
4 4 4 2  0.0001523253
4 4 6 2  0.0000192861
4 5 1 2  -0.0000360327
4 5 3 2  0.0000076718
4 5 5 2  0.0001523253
4 5 7 2  0.0000192861
4 6 2 2  -0.0000192861
4 6 4 2  0.0000192861
4 6 6 2  0.0002247959
4 7 3 2  -0.0000192861
4 7 5 2  0.0000192861
4 7 7 2  0.0002247959
4 8 8 2  0.0004592501
4 9 9 2  0.0004592501
4 10 10 2  0.0004592501
4 11 11 2  0.0004592501
4 0 0 4  0.0833641535
4 0 2 4  -0.0046899557
4 0 4 4  0.0252923766
4 0 6 4  -0.0127079547
4 1 1 4  0.0833641535
4 1 3 4  -0.0046899557
4 1 5 4  0.0252923766
4 1 7 4  -0.0127079547
4 2 0 4  -0.0046899557
4 2 2 4  0.0415618353
4 2 4 4  0.0001523253
4 2 6 4  0.0045862054
4 3 1 4  -0.0046899557
4 3 3 4  0.0415618353
4 3 5 4  0.0001523253
4 3 7 4  0.0045862054
4 4 0 4  0.0252923766
4 4 2 4  0.0001523253
4 4 4 4  0.3791085694
4 4 6 4  0.0275800488
4 5 1 4  0.0252923766
4 5 3 4  0.0001523253
4 5 5 4  0.3791085694
4 5 7 4  0.0275800488
4 6 0 4  -0.0127079547
4 6 2 4  0.0045862054
4 6 4 4  0.0275800488
4 6 6 4  0.0883865181
4 7 1 4  -0.0127079547
4 7 3 4  0.0045862054
4 7 5 4  0.0275800488
4 7 7 4  0.0883865181
4 8 8 4  0.0795002410
4 9 9 4  0.0795002410
4 10 10 4  0.0795002410
4 11 11 4  0.0795002410
4 0 0 6  -0.0087813103
4 0 2 6  0.0000667048
4 0 4 6  0.0032862437
4 0 6 6  -0.0042246044
4 1 1 6  -0.0087813103
4 1 3 6  0.0000667048
4 1 5 6  0.0032862437
4 1 7 6  -0.0042246044
4 2 0 6  0.0000667048
4 2 2 6  -0.0045862054
4 2 4 6  0.0000192861
4 2 6 6  -0.0000613266
4 3 1 6  0.0000667048
4 3 3 6  -0.0045862054
4 3 5 6  0.0000192861
4 3 7 6  -0.0000613266
4 4 0 6  0.0032862437
4 4 2 6  0.0000192861
4 4 4 6  0.0275800488
4 4 6 6  0.0037479426
4 5 1 6  0.0032862437
4 5 3 6  0.0000192861
4 5 5 6  0.0275800488
4 5 7 6  0.0037479426
4 6 0 6  -0.0042246044
4 6 2 6  -0.0000613266
4 6 4 6  0.0037479426
4 6 6 6  -0.0099651367
4 7 1 6  -0.0042246044
4 7 3 6  -0.0000613266
4 7 5 6  0.0037479426
4 7 7 6  -0.0099651367
4 8 8 6  -0.0087960679
4 9 9 6  -0.0087960679
4 10 10 6  -0.0087960679
4 11 11 6  -0.0087960679
4 0 8 8  -0.0041761573
4 1 9 8  -0.0041761573
4 2 8 8  0.0003550679
4 3 9 8  0.0003550679
4 4 8 8  0.0004708434
4 5 9 8  0.0004708434
4 6 8 8  -0.0008059028
4 7 9 8  -0.0008059028
4 8 0 8  -0.0041761573
4 8 2 8  0.0003550679
4 8 4 8  0.0004708434
4 8 6 8  -0.0008059028
4 9 1 8  -0.0041761573
4 9 3 8  0.0003550679
4 9 5 8  0.0004708434
4 9 7 8  -0.0008059028
4 0 10 10  -0.0041761573
4 1 11 10  -0.0041761573
4 2 10 10  0.0003550679
4 3 11 10  0.0003550679
4 4 10 10  0.0004708434
4 5 11 10  0.0004708434
4 6 10 10  -0.0008059028
4 7 11 10  -0.0008059028
4 10 0 10  -0.0041761573
4 10 2 10  0.0003550679
4 10 4 10  0.0004708434
4 10 6 10  -0.0008059028
4 11 1 10  -0.0041761573
4 11 3 10  0.0003550679
4 11 5 10  0.0004708434
4 11 7 10  -0.0008059028
5 0 0 1  -0.0106954418
5 0 2 1  0.0002465744
5 0 4 1  0.0034892054
5 0 6 1  -0.0043716741
5 1 1 1  -0.0106954418
5 1 3 1  0.0002465744
5 1 5 1  0.0034892054
5 1 7 1  -0.0043716741
5 2 0 1  0.0002465744
5 2 2 1  -0.0046899557
5 2 4 1  -0.0000360327
5 2 6 1  -0.0000667048
5 3 1 1  0.0002465744
5 3 3 1  -0.0046899557
5 3 5 1  -0.0000360327
5 3 7 1  -0.0000667048
5 4 0 1  0.0034892054
5 4 2 1  -0.0000360327
5 4 4 1  0.0252923766
5 4 6 1  0.0032862437
5 5 1 1  0.0034892054
5 5 3 1  -0.0000360327
5 5 5 1  0.0252923766
5 5 7 1  0.0032862437
5 6 0 1  -0.0043716741
5 6 2 1  -0.0000667048
5 6 4 1  0.0032862437
5 6 6 1  -0.0104039191
5 7 1 1  -0.0043716741
5 7 3 1  -0.0000667048
5 7 5 1  0.0032862437
5 7 7 1  -0.0104039191
5 8 8 1  -0.0116093554
5 9 9 1  -0.0116093554
5 10 10 1  -0.0116093554
5 11 11 1  -0.0116093554
5 0 0 3  0.0003565574
5 0 2 3  -0.0000360327
5 0 4 3  -0.0000360327
5 1 1 3  0.0003565574
5 1 3 3  -0.0000360327
5 1 5 3  -0.0000360327
5 2 0 3  -0.0000360327
5 2 2 3  0.0001523253
5 2 4 3  0.0000076718
5 2 6 3  -0.0000192861
5 3 1 3  -0.0000360327
5 3 3 3  0.0001523253
5 3 5 3  0.0000076718
5 3 7 3  -0.0000192861
5 4 0 3  -0.0000360327
5 4 2 3  0.0000076718
5 4 4 3  0.0001523253
5 4 6 3  0.0000192861
5 5 1 3  -0.0000360327
5 5 3 3  0.0000076718
5 5 5 3  0.0001523253
5 5 7 3  0.0000192861
5 6 2 3  -0.0000192861
5 6 4 3  0.0000192861
5 6 6 3  0.0002247959
5 7 3 3  -0.0000192861
5 7 5 3  0.0000192861
5 7 7 3  0.0002247959
5 8 8 3  0.0004592501
5 9 9 3  0.0004592501
5 10 10 3  0.0004592501
5 11 11 3  0.0004592501
5 0 0 5  0.0833641535
5 0 2 5  -0.0046899557
5 0 4 5  0.0252923766
5 0 6 5  -0.0127079547
5 1 1 5  0.0833641535
5 1 3 5  -0.0046899557
5 1 5 5  0.0252923766
5 1 7 5  -0.0127079547
5 2 0 5  -0.0046899557
5 2 2 5  0.0415618353
5 2 4 5  0.0001523253
5 2 6 5  0.0045862054
5 3 1 5  -0.0046899557
5 3 3 5  0.0415618353
5 3 5 5  0.0001523253
5 3 7 5  0.0045862054
5 4 0 5  0.0252923766
5 4 2 5  0.0001523253
5 4 4 5  0.3791085694
5 4 6 5  0.0275800488
5 5 1 5  0.0252923766
5 5 3 5  0.0001523253
5 5 5 5  0.3791085694
5 5 7 5  0.0275800488
5 6 0 5  -0.0127079547
5 6 2 5  0.0045862054
5 6 4 5  0.0275800488
5 6 6 5  0.0883865181
5 7 1 5  -0.0127079547
5 7 3 5  0.0045862054
5 7 5 5  0.0275800488
5 7 7 5  0.0883865181
5 8 8 5  0.0795002410
5 9 9 5  0.0795002410
5 10 10 5  0.0795002410
5 11 11 5  0.0795002410
5 0 0 7  -0.0087813103
5 0 2 7  0.0000667048
5 0 4 7  0.0032862437
5 0 6 7  -0.0042246044
5 1 1 7  -0.0087813103
5 1 3 7  0.0000667048
5 1 5 7  0.0032862437
5 1 7 7  -0.0042246044
5 2 0 7  0.0000667048
5 2 2 7  -0.0045862054
5 2 4 7  0.0000192861
5 2 6 7  -0.0000613266
5 3 1 7  0.0000667048
5 3 3 7  -0.0045862054
5 3 5 7  0.0000192861
5 3 7 7  -0.0000613266
5 4 0 7  0.0032862437
5 4 2 7  0.0000192861
5 4 4 7  0.0275800488
5 4 6 7  0.0037479426
5 5 1 7  0.0032862437
5 5 3 7  0.0000192861
5 5 5 7  0.0275800488
5 5 7 7  0.0037479426
5 6 0 7  -0.0042246044
5 6 2 7  -0.0000613266
5 6 4 7  0.0037479426
5 6 6 7  -0.0099651367
5 7 1 7  -0.0042246044
5 7 3 7  -0.0000613266
5 7 5 7  0.0037479426
5 7 7 7  -0.0099651367
5 8 8 7  -0.0087960679
5 9 9 7  -0.0087960679
5 10 10 7  -0.0087960679
5 11 11 7  -0.0087960679
5 0 8 9  -0.0041761573
5 1 9 9  -0.0041761573
5 2 8 9  0.0003550679
5 3 9 9  0.0003550679
5 4 8 9  0.0004708434
5 5 9 9  0.0004708434
5 6 8 9  -0.0008059028
5 7 9 9  -0.0008059028
5 8 0 9  -0.0041761573
5 8 2 9  0.0003550679
5 8 4 9  0.0004708434
5 8 6 9  -0.0008059028
5 9 1 9  -0.0041761573
5 9 3 9  0.0003550679
5 9 5 9  0.0004708434
5 9 7 9  -0.0008059028
5 0 10 11  -0.0041761573
5 1 11 11  -0.0041761573
5 2 10 11  0.0003550679
5 3 11 11  0.0003550679
5 4 10 11  0.0004708434
5 5 11 11  0.0004708434
5 6 10 11  -0.0008059028
5 7 11 11  -0.0008059028
5 10 0 11  -0.0041761573
5 10 2 11  0.0003550679
5 10 4 11  0.0004708434
5 10 6 11  -0.0008059028
5 11 1 11  -0.0041761573
5 11 3 11  0.0003550679
5 11 5 11  0.0004708434
5 11 7 11  -0.0008059028
6 0 2 0  0.0043716741
6 0 4 0  -0.0043716741
6 0 6 0  0.0421835668
6 1 3 0  0.0043716741
6 1 5 0  -0.0043716741
6 1 7 0  0.0421835668
6 2 0 0  0.0043716741
6 2 2 0  0.0127079547
6 2 6 0  -0.0042246044
6 3 1 0  0.0043716741
6 3 3 0  0.0127079547
6 3 7 0  -0.0042246044
6 4 0 0  -0.0043716741
6 4 4 0  -0.0127079547
6 4 6 0  -0.0042246044
6 5 1 0  -0.0043716741
6 5 5 0  -0.0127079547
6 5 7 0  -0.0042246044
6 6 0 0  0.0421835668
6 6 2 0  -0.0042246044
6 6 4 0  -0.0042246044
6 7 1 0  0.0421835668
6 7 3 0  -0.0042246044
6 7 5 0  -0.0042246044
6 0 0 2  0.0087813103
6 0 2 2  -0.0032862437
6 0 4 2  -0.0000667048
6 0 6 2  -0.0042246044
6 1 1 2  0.0087813103
6 1 3 2  -0.0032862437
6 1 5 2  -0.0000667048
6 1 7 2  -0.0042246044
6 2 0 2  -0.0032862437
6 2 2 2  -0.0275800488
6 2 4 2  -0.0000192861
6 2 6 2  0.0037479426
6 3 1 2  -0.0032862437
6 3 3 2  -0.0275800488
6 3 5 2  -0.0000192861
6 3 7 2  0.0037479426
6 4 0 2  -0.0000667048
6 4 2 2  -0.0000192861
6 4 4 2  0.0045862054
6 4 6 2  -0.0000613266
6 5 1 2  -0.0000667048
6 5 3 2  -0.0000192861
6 5 5 2  0.0045862054
6 5 7 2  -0.0000613266
6 6 0 2  -0.0042246044
6 6 2 2  0.0037479426
6 6 4 2  -0.0000613266
6 6 6 2  0.0099651367
6 7 1 2  -0.0042246044
6 7 3 2  0.0037479426
6 7 5 2  -0.0000613266
6 7 7 2  0.0099651367
6 8 8 2  0.0087960679
6 9 9 2  0.0087960679
6 10 10 2  0.0087960679
6 11 11 2  0.0087960679
6 0 0 4  -0.0087813103
6 0 2 4  0.0000667048
6 0 4 4  0.0032862437
6 0 6 4  -0.0042246044
6 1 1 4  -0.0087813103
6 1 3 4  0.0000667048
6 1 5 4  0.0032862437
6 1 7 4  -0.0042246044
6 2 0 4  0.0000667048
6 2 2 4  -0.0045862054
6 2 4 4  0.0000192861
6 2 6 4  -0.0000613266
6 3 1 4  0.0000667048
6 3 3 4  -0.0045862054
6 3 5 4  0.0000192861
6 3 7 4  -0.0000613266
6 4 0 4  0.0032862437
6 4 2 4  0.0000192861
6 4 4 4  0.0275800488
6 4 6 4  0.0037479426
6 5 1 4  0.0032862437
6 5 3 4  0.0000192861
6 5 5 4  0.0275800488
6 5 7 4  0.0037479426
6 6 0 4  -0.0042246044
6 6 2 4  -0.0000613266
6 6 4 4  0.0037479426
6 6 6 4  -0.0099651367
6 7 1 4  -0.0042246044
6 7 3 4  -0.0000613266
6 7 5 4  0.0037479426
6 7 7 4  -0.0099651367
6 8 8 4  -0.0087960679
6 9 9 4  -0.0087960679
6 10 10 4  -0.0087960679
6 11 11 4  -0.0087960679
6 0 0 6  0.2022289805
6 0 2 6  -0.0104039191
6 0 4 6  -0.0104039191
6 1 1 6  0.2022289805
6 1 3 6  -0.0104039191
6 1 5 6  -0.0104039191
6 2 0 6  -0.0104039191
6 2 2 6  0.0883865181
6 2 4 6  0.0002247959
6 2 6 6  0.0099651367
6 3 1 6  -0.0104039191
6 3 3 6  0.0883865181
6 3 5 6  0.0002247959
6 3 7 6  0.0099651367
6 4 0 6  -0.0104039191
6 4 2 6  0.0002247959
6 4 4 6  0.0883865181
6 4 6 6  -0.0099651367
6 5 1 6  -0.0104039191
6 5 3 6  0.0002247959
6 5 5 6  0.0883865181
6 5 7 6  -0.0099651367
6 6 2 6  0.0099651367
6 6 4 6  -0.0099651367
6 6 6 6  0.2230714064
6 7 3 6  0.0099651367
6 7 5 6  -0.0099651367
6 7 7 6  0.2230714064
6 8 8 6  0.1999346449
6 9 9 6  0.1999346449
6 10 10 6  0.1999346449
6 11 11 6  0.1999346449
6 2 8 8  0.0008059028
6 3 9 8  0.0008059028
6 4 8 8  -0.0008059028
6 5 9 8  -0.0008059028
6 6 8 8  0.0120807973
6 7 9 8  0.0120807973
6 8 2 8  0.0008059028
6 8 4 8  -0.0008059028
6 8 6 8  0.0120807973
6 9 3 8  0.0008059028
6 9 5 8  -0.0008059028
6 9 7 8  0.0120807973
6 2 10 10  0.0008059028
6 3 11 10  0.0008059028
6 4 10 10  -0.0008059028
6 5 11 10  -0.0008059028
6 6 10 10  0.0120807973
6 7 11 10  0.0120807973
6 10 2 10  0.0008059028
6 10 4 10  -0.0008059028
6 10 6 10  0.0120807973
6 11 3 10  0.0008059028
6 11 5 10  -0.0008059028
6 11 7 10  0.0120807973
7 0 2 1  0.0043716741
7 0 4 1  -0.0043716741
7 0 6 1  0.0421835668
7 1 3 1  0.0043716741
7 1 5 1  -0.0043716741
7 1 7 1  0.0421835668
7 2 0 1  0.0043716741
7 2 2 1  0.0127079547
7 2 6 1  -0.0042246044
7 3 1 1  0.0043716741
7 3 3 1  0.0127079547
7 3 7 1  -0.0042246044
7 4 0 1  -0.0043716741
7 4 4 1  -0.0127079547
7 4 6 1  -0.0042246044
7 5 1 1  -0.0043716741
7 5 5 1  -0.0127079547
7 5 7 1  -0.0042246044
7 6 0 1  0.0421835668
7 6 2 1  -0.0042246044
7 6 4 1  -0.0042246044
7 7 1 1  0.0421835668
7 7 3 1  -0.0042246044
7 7 5 1  -0.0042246044
7 0 0 3  0.0087813103
7 0 2 3  -0.0032862437
7 0 4 3  -0.0000667048
7 0 6 3  -0.0042246044
7 1 1 3  0.0087813103
7 1 3 3  -0.0032862437
7 1 5 3  -0.0000667048
7 1 7 3  -0.0042246044
7 2 0 3  -0.0032862437
7 2 2 3  -0.0275800488
7 2 4 3  -0.0000192861
7 2 6 3  0.0037479426
7 3 1 3  -0.0032862437
7 3 3 3  -0.0275800488
7 3 5 3  -0.0000192861
7 3 7 3  0.0037479426
7 4 0 3  -0.0000667048
7 4 2 3  -0.0000192861
7 4 4 3  0.0045862054
7 4 6 3  -0.0000613266
7 5 1 3  -0.0000667048
7 5 3 3  -0.0000192861
7 5 5 3  0.0045862054
7 5 7 3  -0.0000613266
7 6 0 3  -0.0042246044
7 6 2 3  0.0037479426
7 6 4 3  -0.0000613266
7 6 6 3  0.0099651367
7 7 1 3  -0.0042246044
7 7 3 3  0.0037479426
7 7 5 3  -0.0000613266
7 7 7 3  0.0099651367
7 8 8 3  0.0087960679
7 9 9 3  0.0087960679
7 10 10 3  0.0087960679
7 11 11 3  0.0087960679
7 0 0 5  -0.0087813103
7 0 2 5  0.0000667048
7 0 4 5  0.0032862437
7 0 6 5  -0.0042246044
7 1 1 5  -0.0087813103
7 1 3 5  0.0000667048
7 1 5 5  0.0032862437
7 1 7 5  -0.0042246044
7 2 0 5  0.0000667048
7 2 2 5  -0.0045862054
7 2 4 5  0.0000192861
7 2 6 5  -0.0000613266
7 3 1 5  0.0000667048
7 3 3 5  -0.0045862054
7 3 5 5  0.0000192861
7 3 7 5  -0.0000613266
7 4 0 5  0.0032862437
7 4 2 5  0.0000192861
7 4 4 5  0.0275800488
7 4 6 5  0.0037479426
7 5 1 5  0.0032862437
7 5 3 5  0.0000192861
7 5 5 5  0.0275800488
7 5 7 5  0.0037479426
7 6 0 5  -0.0042246044
7 6 2 5  -0.0000613266
7 6 4 5  0.0037479426
7 6 6 5  -0.0099651367
7 7 1 5  -0.0042246044
7 7 3 5  -0.0000613266
7 7 5 5  0.0037479426
7 7 7 5  -0.0099651367
7 8 8 5  -0.0087960679
7 9 9 5  -0.0087960679
7 10 10 5  -0.0087960679
7 11 11 5  -0.0087960679
7 0 0 7  0.2022289805
7 0 2 7  -0.0104039191
7 0 4 7  -0.0104039191
7 1 1 7  0.2022289805
7 1 3 7  -0.0104039191
7 1 5 7  -0.0104039191
7 2 0 7  -0.0104039191
7 2 2 7  0.0883865181
7 2 4 7  0.0002247959
7 2 6 7  0.0099651367
7 3 1 7  -0.0104039191
7 3 3 7  0.0883865181
7 3 5 7  0.0002247959
7 3 7 7  0.0099651367
7 4 0 7  -0.0104039191
7 4 2 7  0.0002247959
7 4 4 7  0.0883865181
7 4 6 7  -0.0099651367
7 5 1 7  -0.0104039191
7 5 3 7  0.0002247959
7 5 5 7  0.0883865181
7 5 7 7  -0.0099651367
7 6 2 7  0.0099651367
7 6 4 7  -0.0099651367
7 6 6 7  0.2230714064
7 7 3 7  0.0099651367
7 7 5 7  -0.0099651367
7 7 7 7  0.2230714064
7 8 8 7  0.1999346449
7 9 9 7  0.1999346449
7 10 10 7  0.1999346449
7 11 11 7  0.1999346449
7 2 8 9  0.0008059028
7 3 9 9  0.0008059028
7 4 8 9  -0.0008059028
7 5 9 9  -0.0008059028
7 6 8 9  0.0120807973
7 7 9 9  0.0120807973
7 8 2 9  0.0008059028
7 8 4 9  -0.0008059028
7 8 6 9  0.0120807973
7 9 3 9  0.0008059028
7 9 5 9  -0.0008059028
7 9 7 9  0.0120807973
7 2 10 11  0.0008059028
7 3 11 11  0.0008059028
7 4 10 11  -0.0008059028
7 5 11 11  -0.0008059028
7 6 10 11  0.0120807973
7 7 11 11  0.0120807973
7 10 2 11  0.0008059028
7 10 4 11  -0.0008059028
7 10 6 11  0.0120807973
7 11 3 11  0.0008059028
7 11 5 11  -0.0008059028
7 11 7 11  0.0120807973
8 0 8 0  0.0427218998
8 1 9 0  0.0427218998
8 2 8 0  -0.0041761573
8 3 9 0  -0.0041761573
8 4 8 0  -0.0041761573
8 5 9 0  -0.0041761573
8 8 0 0  0.0427218998
8 8 2 0  -0.0041761573
8 8 4 0  -0.0041761573
8 9 1 0  0.0427218998
8 9 3 0  -0.0041761573
8 9 5 0  -0.0041761573
8 0 8 2  -0.0041761573
8 1 9 2  -0.0041761573
8 2 8 2  0.0004708434
8 3 9 2  0.0004708434
8 4 8 2  0.0003550679
8 5 9 2  0.0003550679
8 6 8 2  0.0008059028
8 7 9 2  0.0008059028
8 8 0 2  -0.0041761573
8 8 2 2  0.0004708434
8 8 4 2  0.0003550679
8 8 6 2  0.0008059028
8 9 1 2  -0.0041761573
8 9 3 2  0.0004708434
8 9 5 2  0.0003550679
8 9 7 2  0.0008059028
8 0 8 4  -0.0041761573
8 1 9 4  -0.0041761573
8 2 8 4  0.0003550679
8 3 9 4  0.0003550679
8 4 8 4  0.0004708434
8 5 9 4  0.0004708434
8 6 8 4  -0.0008059028
8 7 9 4  -0.0008059028
8 8 0 4  -0.0041761573
8 8 2 4  0.0003550679
8 8 4 4  0.0004708434
8 8 6 4  -0.0008059028
8 9 1 4  -0.0041761573
8 9 3 4  0.0003550679
8 9 5 4  0.0004708434
8 9 7 4  -0.0008059028
8 2 8 6  0.0008059028
8 3 9 6  0.0008059028
8 4 8 6  -0.0008059028
8 5 9 6  -0.0008059028
8 6 8 6  0.0120807973
8 7 9 6  0.0120807973
8 8 2 6  0.0008059028
8 8 4 6  -0.0008059028
8 8 6 6  0.0120807973
8 9 3 6  0.0008059028
8 9 5 6  -0.0008059028
8 9 7 6  0.0120807973
8 0 0 8  0.2028089084
8 0 2 8  -0.0116093554
8 0 4 8  -0.0116093554
8 1 1 8  0.2028089084
8 1 3 8  -0.0116093554
8 1 5 8  -0.0116093554
8 2 0 8  -0.0116093554
8 2 2 8  0.0795002410
8 2 4 8  0.0004592501
8 2 6 8  0.0087960679
8 3 1 8  -0.0116093554
8 3 3 8  0.0795002410
8 3 5 8  0.0004592501
8 3 7 8  0.0087960679
8 4 0 8  -0.0116093554
8 4 2 8  0.0004592501
8 4 4 8  0.0795002410
8 4 6 8  -0.0087960679
8 5 1 8  -0.0116093554
8 5 3 8  0.0004592501
8 5 5 8  0.0795002410
8 5 7 8  -0.0087960679
8 6 2 8  0.0087960679
8 6 4 8  -0.0087960679
8 6 6 8  0.1999346449
8 7 3 8  0.0087960679
8 7 5 8  -0.0087960679
8 7 7 8  0.1999346449
8 8 8 8  0.2249295448
8 9 9 8  0.2249295448
8 10 10 8  0.2006801621
8 11 11 8  0.2006801621
8 8 10 10  0.0121246914
8 9 11 10  0.0121246914
8 10 8 10  0.0121246914
8 11 9 10  0.0121246914
9 0 8 1  0.0427218998
9 1 9 1  0.0427218998
9 2 8 1  -0.0041761573
9 3 9 1  -0.0041761573
9 4 8 1  -0.0041761573
9 5 9 1  -0.0041761573
9 8 0 1  0.0427218998
9 8 2 1  -0.0041761573
9 8 4 1  -0.0041761573
9 9 1 1  0.0427218998
9 9 3 1  -0.0041761573
9 9 5 1  -0.0041761573
9 0 8 3  -0.0041761573
9 1 9 3  -0.0041761573
9 2 8 3  0.0004708434
9 3 9 3  0.0004708434
9 4 8 3  0.0003550679
9 5 9 3  0.0003550679
9 6 8 3  0.0008059028
9 7 9 3  0.0008059028
9 8 0 3  -0.0041761573
9 8 2 3  0.0004708434
9 8 4 3  0.0003550679
9 8 6 3  0.0008059028
9 9 1 3  -0.0041761573
9 9 3 3  0.0004708434
9 9 5 3  0.0003550679
9 9 7 3  0.0008059028
9 0 8 5  -0.0041761573
9 1 9 5  -0.0041761573
9 2 8 5  0.0003550679
9 3 9 5  0.0003550679
9 4 8 5  0.0004708434
9 5 9 5  0.0004708434
9 6 8 5  -0.0008059028
9 7 9 5  -0.0008059028
9 8 0 5  -0.0041761573
9 8 2 5  0.0003550679
9 8 4 5  0.0004708434
9 8 6 5  -0.0008059028
9 9 1 5  -0.0041761573
9 9 3 5  0.0003550679
9 9 5 5  0.0004708434
9 9 7 5  -0.0008059028
9 2 8 7  0.0008059028
9 3 9 7  0.0008059028
9 4 8 7  -0.0008059028
9 5 9 7  -0.0008059028
9 6 8 7  0.0120807973
9 7 9 7  0.0120807973
9 8 2 7  0.0008059028
9 8 4 7  -0.0008059028
9 8 6 7  0.0120807973
9 9 3 7  0.0008059028
9 9 5 7  -0.0008059028
9 9 7 7  0.0120807973
9 0 0 9  0.2028089084
9 0 2 9  -0.0116093554
9 0 4 9  -0.0116093554
9 1 1 9  0.2028089084
9 1 3 9  -0.0116093554
9 1 5 9  -0.0116093554
9 2 0 9  -0.0116093554
9 2 2 9  0.0795002410
9 2 4 9  0.0004592501
9 2 6 9  0.0087960679
9 3 1 9  -0.0116093554
9 3 3 9  0.0795002410
9 3 5 9  0.0004592501
9 3 7 9  0.0087960679
9 4 0 9  -0.0116093554
9 4 2 9  0.0004592501
9 4 4 9  0.0795002410
9 4 6 9  -0.0087960679
9 5 1 9  -0.0116093554
9 5 3 9  0.0004592501
9 5 5 9  0.0795002410
9 5 7 9  -0.0087960679
9 6 2 9  0.0087960679
9 6 4 9  -0.0087960679
9 6 6 9  0.1999346449
9 7 3 9  0.0087960679
9 7 5 9  -0.0087960679
9 7 7 9  0.1999346449
9 8 8 9  0.2249295448
9 9 9 9  0.2249295448
9 10 10 9  0.2006801621
9 11 11 9  0.2006801621
9 8 10 11  0.0121246914
9 9 11 11  0.0121246914
9 10 8 11  0.0121246914
9 11 9 11  0.0121246914
10 0 10 0  0.0427218998
10 1 11 0  0.0427218998
10 2 10 0  -0.0041761573
10 3 11 0  -0.0041761573
10 4 10 0  -0.0041761573
10 5 11 0  -0.0041761573
10 10 0 0  0.0427218998
10 10 2 0  -0.0041761573
10 10 4 0  -0.0041761573
10 11 1 0  0.0427218998
10 11 3 0  -0.0041761573
10 11 5 0  -0.0041761573
10 0 10 2  -0.0041761573
10 1 11 2  -0.0041761573
10 2 10 2  0.0004708434
10 3 11 2  0.0004708434
10 4 10 2  0.0003550679
10 5 11 2  0.0003550679
10 6 10 2  0.0008059028
10 7 11 2  0.0008059028
10 10 0 2  -0.0041761573
10 10 2 2  0.0004708434
10 10 4 2  0.0003550679
10 10 6 2  0.0008059028
10 11 1 2  -0.0041761573
10 11 3 2  0.0004708434
10 11 5 2  0.0003550679
10 11 7 2  0.0008059028
10 0 10 4  -0.0041761573
10 1 11 4  -0.0041761573
10 2 10 4  0.0003550679
10 3 11 4  0.0003550679
10 4 10 4  0.0004708434
10 5 11 4  0.0004708434
10 6 10 4  -0.0008059028
10 7 11 4  -0.0008059028
10 10 0 4  -0.0041761573
10 10 2 4  0.0003550679
10 10 4 4  0.0004708434
10 10 6 4  -0.0008059028
10 11 1 4  -0.0041761573
10 11 3 4  0.0003550679
10 11 5 4  0.0004708434
10 11 7 4  -0.0008059028
10 2 10 6  0.0008059028
10 3 11 6  0.0008059028
10 4 10 6  -0.0008059028
10 5 11 6  -0.0008059028
10 6 10 6  0.0120807973
10 7 11 6  0.0120807973
10 10 2 6  0.0008059028
10 10 4 6  -0.0008059028
10 10 6 6  0.0120807973
10 11 3 6  0.0008059028
10 11 5 6  -0.0008059028
10 11 7 6  0.0120807973
10 8 10 8  0.0121246914
10 9 11 8  0.0121246914
10 10 8 8  0.0121246914
10 11 9 8  0.0121246914
10 0 0 10  0.2028089084
10 0 2 10  -0.0116093554
10 0 4 10  -0.0116093554
10 1 1 10  0.2028089084
10 1 3 10  -0.0116093554
10 1 5 10  -0.0116093554
10 2 0 10  -0.0116093554
10 2 2 10  0.0795002410
10 2 4 10  0.0004592501
10 2 6 10  0.0087960679
10 3 1 10  -0.0116093554
10 3 3 10  0.0795002410
10 3 5 10  0.0004592501
10 3 7 10  0.0087960679
10 4 0 10  -0.0116093554
10 4 2 10  0.0004592501
10 4 4 10  0.0795002410
10 4 6 10  -0.0087960679
10 5 1 10  -0.0116093554
10 5 3 10  0.0004592501
10 5 5 10  0.0795002410
10 5 7 10  -0.0087960679
10 6 2 10  0.0087960679
10 6 4 10  -0.0087960679
10 6 6 10  0.1999346449
10 7 3 10  0.0087960679
10 7 5 10  -0.0087960679
10 7 7 10  0.1999346449
10 8 8 10  0.2006801621
10 9 9 10  0.2006801621
10 10 10 10  0.2249295448
10 11 11 10  0.2249295448
11 0 10 1  0.0427218998
11 1 11 1  0.0427218998
11 2 10 1  -0.0041761573
11 3 11 1  -0.0041761573
11 4 10 1  -0.0041761573
11 5 11 1  -0.0041761573
11 10 0 1  0.0427218998
11 10 2 1  -0.0041761573
11 10 4 1  -0.0041761573
11 11 1 1  0.0427218998
11 11 3 1  -0.0041761573
11 11 5 1  -0.0041761573
11 0 10 3  -0.0041761573
11 1 11 3  -0.0041761573
11 2 10 3  0.0004708434
11 3 11 3  0.0004708434
11 4 10 3  0.0003550679
11 5 11 3  0.0003550679
11 6 10 3  0.0008059028
11 7 11 3  0.0008059028
11 10 0 3  -0.0041761573
11 10 2 3  0.0004708434
11 10 4 3  0.0003550679
11 10 6 3  0.0008059028
11 11 1 3  -0.0041761573
11 11 3 3  0.0004708434
11 11 5 3  0.0003550679
11 11 7 3  0.0008059028
11 0 10 5  -0.0041761573
11 1 11 5  -0.0041761573
11 2 10 5  0.0003550679
11 3 11 5  0.0003550679
11 4 10 5  0.0004708434
11 5 11 5  0.0004708434
11 6 10 5  -0.0008059028
11 7 11 5  -0.0008059028
11 10 0 5  -0.0041761573
11 10 2 5  0.0003550679
11 10 4 5  0.0004708434
11 10 6 5  -0.0008059028
11 11 1 5  -0.0041761573
11 11 3 5  0.0003550679
11 11 5 5  0.0004708434
11 11 7 5  -0.0008059028
11 2 10 7  0.0008059028
11 3 11 7  0.0008059028
11 4 10 7  -0.0008059028
11 5 11 7  -0.0008059028
11 6 10 7  0.0120807973
11 7 11 7  0.0120807973
11 10 2 7  0.0008059028
11 10 4 7  -0.0008059028
11 10 6 7  0.0120807973
11 11 3 7  0.0008059028
11 11 5 7  -0.0008059028
11 11 7 7  0.0120807973
11 8 10 9  0.0121246914
11 9 11 9  0.0121246914
11 10 8 9  0.0121246914
11 11 9 9  0.0121246914
11 0 0 11  0.2028089084
11 0 2 11  -0.0116093554
11 0 4 11  -0.0116093554
11 1 1 11  0.2028089084
11 1 3 11  -0.0116093554
11 1 5 11  -0.0116093554
11 2 0 11  -0.0116093554
11 2 2 11  0.0795002410
11 2 4 11  0.0004592501
11 2 6 11  0.0087960679
11 3 1 11  -0.0116093554
11 3 3 11  0.0795002410
11 3 5 11  0.0004592501
11 3 7 11  0.0087960679
11 4 0 11  -0.0116093554
11 4 2 11  0.0004592501
11 4 4 11  0.0795002410
11 4 6 11  -0.0087960679
11 5 1 11  -0.0116093554
11 5 3 11  0.0004592501
11 5 5 11  0.0795002410
11 5 7 11  -0.0087960679
11 6 2 11  0.0087960679
11 6 4 11  -0.0087960679
11 6 6 11  0.1999346449
11 7 3 11  0.0087960679
11 7 5 11  -0.0087960679
11 7 7 11  0.1999346449
11 8 8 11  0.2006801621
11 9 9 11  0.2006801621
11 10 10 11  0.2249295448
11 11 11 11  0.2249295448
