-12.404491961920531
0 0  -1.1495509250
0 2  -0.0048578612
0 4  -0.0048578612
1 1  -1.1495509250
1 3  -0.0048578612
1 5  -0.0048578612
2 0  -0.0048578612
2 2  -1.0358296705
2 4  0.0642335930
2 6  0.0391120536
3 1  -0.0048578612
3 3  -1.0358296705
3 5  0.0642335930
3 7  0.0391120536
4 0  -0.0048578612
4 2  0.0642335930
4 4  -1.0358296705
4 6  -0.0391120536
5 1  -0.0048578612
5 3  0.0642335930
5 5  -1.0358296705
5 7  -0.0391120536
6 2  0.0391120536
6 4  -0.0391120536
6 6  -0.8850704065
7 3  0.0391120536
7 5  -0.0391120536
7 7  -0.8850704065
8 8  -0.9437840151
9 9  -0.9437840151
10 10  -0.9437840151
11 11  -0.9437840151
0 0 0 0  0.1689684498
0 0 2 0  -0.0131528785
0 0 4 0  -0.0131528785
0 1 1 0  0.1689684498
0 1 3 0  -0.0131528785
0 1 5 0  -0.0131528785
0 2 0 0  -0.0131528785
0 2 2 0  0.1489071356
0 2 4 0  0.0014772709
0 2 6 0  -0.0133037195
0 3 1 0  -0.0131528785
0 3 3 0  0.1489071356
0 3 5 0  0.0014772709
0 3 7 0  -0.0133037195
0 4 0 0  -0.0131528785
0 4 2 0  0.0014772709
0 4 4 0  0.1489071356
0 4 6 0  0.0133037195
0 5 1 0  -0.0131528785
0 5 3 0  0.0014772709
0 5 5 0  0.1489071356
0 5 7 0  0.0133037195
0 6 2 0  -0.0133037195
0 6 4 0  0.0133037195
0 6 6 0  0.1795970084
0 7 3 0  -0.0133037195
0 7 5 0  0.0133037195
0 7 7 0  0.1795970084
0 8 8 0  0.1795793898
0 9 9 0  0.1795793898
0 10 10 0  0.1795793898
0 11 11 0  0.1795793898
0 0 0 2  -0.0131528785
0 0 2 2  0.0444646963
0 0 4 2  -0.0054092052
0 0 6 2  -0.0034576082
0 1 1 2  -0.0131528785
0 1 3 2  0.0444646963
0 1 5 2  -0.0054092052
0 1 7 2  -0.0034576082
0 2 0 2  0.0444646963
0 2 2 2  0.0614643330
0 2 4 2  -0.0015941185
0 2 6 2  0.0412496851
0 3 1 2  0.0444646963
0 3 3 2  0.0614643330
0 3 5 2  -0.0015941185
0 3 7 2  0.0412496851
0 4 0 2  -0.0054092052
0 4 2 2  -0.0015941185
0 4 4 2  -0.0218203217
0 4 6 2  0.0052996776
0 5 1 2  -0.0054092052
0 5 3 2  -0.0015941185
0 5 5 2  -0.0218203217
0 5 7 2  0.0052996776
0 6 0 2  -0.0034576082
0 6 2 2  0.0412496851
0 6 4 2  0.0052996776
0 6 6 2  -0.0135843185
0 7 1 2  -0.0034576082
0 7 3 2  0.0412496851
0 7 5 2  0.0052996776
0 7 7 2  -0.0135843185
0 8 8 2  -0.0313955356
0 9 9 2  -0.0313955356
0 10 10 2  -0.0313955356
0 11 11 2  -0.0313955356
0 0 0 4  -0.0131528785
0 0 2 4  -0.0054092052
0 0 4 4  0.0444646963
0 0 6 4  0.0034576082
0 1 1 4  -0.0131528785
0 1 3 4  -0.0054092052
0 1 5 4  0.0444646963
0 1 7 4  0.0034576082
0 2 0 4  -0.0054092052
0 2 2 4  -0.0218203217
0 2 4 4  -0.0015941185
0 2 6 4  -0.0052996776
0 3 1 4  -0.0054092052
0 3 3 4  -0.0218203217
0 3 5 4  -0.0015941185
0 3 7 4  -0.0052996776
0 4 0 4  0.0444646963
0 4 2 4  -0.0015941185
0 4 4 4  0.0614643330
0 4 6 4  -0.0412496851
0 5 1 4  0.0444646963
0 5 3 4  -0.0015941185
0 5 5 4  0.0614643330
0 5 7 4  -0.0412496851
0 6 0 4  0.0034576082
0 6 2 4  -0.0052996776
0 6 4 4  -0.0412496851
0 6 6 4  -0.0135843185
0 7 1 4  0.0034576082
0 7 3 4  -0.0052996776
0 7 5 4  -0.0412496851
0 7 7 4  -0.0135843185
0 8 8 4  -0.0313955356
0 9 9 4  -0.0313955356
0 10 10 4  -0.0313955356
0 11 11 4  -0.0313955356
0 0 2 6  -0.0034576082
0 0 4 6  0.0034576082
0 0 6 6  0.0269679941
0 1 3 6  -0.0034576082
0 1 5 6  0.0034576082
0 1 7 6  0.0269679941
0 2 0 6  -0.0034576082
0 2 2 6  0.0187185652
0 2 6 6  -0.0021156838
0 3 1 6  -0.0034576082
0 3 3 6  0.0187185652
0 3 7 6  -0.0021156838
0 4 0 6  0.0034576082
0 4 4 6  -0.0187185652
0 4 6 6  -0.0021156838
0 5 1 6  0.0034576082
0 5 5 6  -0.0187185652
0 5 7 6  -0.0021156838
0 6 0 6  0.0269679941
0 6 2 6  -0.0021156838
0 6 4 6  -0.0021156838
0 7 1 6  0.0269679941
0 7 3 6  -0.0021156838
0 7 5 6  -0.0021156838
0 0 8 8  0.0317499947
0 1 9 8  0.0317499947
0 2 8 8  -0.0142337638
0 3 9 8  -0.0142337638
0 4 8 8  -0.0142337638
0 5 9 8  -0.0142337638
0 8 0 8  0.0317499947
0 8 2 8  -0.0142337638
0 8 4 8  -0.0142337638
0 9 1 8  0.0317499947
0 9 3 8  -0.0142337638
0 9 5 8  -0.0142337638
0 0 10 10  0.0317499947
0 1 11 10  0.0317499947
0 2 10 10  -0.0142337638
0 3 11 10  -0.0142337638
0 4 10 10  -0.0142337638
0 5 11 10  -0.0142337638
0 10 0 10  0.0317499947
0 10 2 10  -0.0142337638
0 10 4 10  -0.0142337638
0 11 1 10  0.0317499947
0 11 3 10  -0.0142337638
0 11 5 10  -0.0142337638
1 0 0 1  0.1689684498
1 0 2 1  -0.0131528785
1 0 4 1  -0.0131528785
1 1 1 1  0.1689684498
1 1 3 1  -0.0131528785
1 1 5 1  -0.0131528785
1 2 0 1  -0.0131528785
1 2 2 1  0.1489071356
1 2 4 1  0.0014772709
1 2 6 1  -0.0133037195
1 3 1 1  -0.0131528785
1 3 3 1  0.1489071356
1 3 5 1  0.0014772709
1 3 7 1  -0.0133037195
1 4 0 1  -0.0131528785
1 4 2 1  0.0014772709
1 4 4 1  0.1489071356
1 4 6 1  0.0133037195
1 5 1 1  -0.0131528785
1 5 3 1  0.0014772709
1 5 5 1  0.1489071356
1 5 7 1  0.0133037195
1 6 2 1  -0.0133037195
1 6 4 1  0.0133037195
1 6 6 1  0.1795970084
1 7 3 1  -0.0133037195
1 7 5 1  0.0133037195
1 7 7 1  0.1795970084
1 8 8 1  0.1795793898
1 9 9 1  0.1795793898
1 10 10 1  0.1795793898
1 11 11 1  0.1795793898
1 0 0 3  -0.0131528785
1 0 2 3  0.0444646963
1 0 4 3  -0.0054092052
1 0 6 3  -0.0034576082
1 1 1 3  -0.0131528785
1 1 3 3  0.0444646963
1 1 5 3  -0.0054092052
1 1 7 3  -0.0034576082
1 2 0 3  0.0444646963
1 2 2 3  0.0614643330
1 2 4 3  -0.0015941185
1 2 6 3  0.0412496851
1 3 1 3  0.0444646963
1 3 3 3  0.0614643330
1 3 5 3  -0.0015941185
1 3 7 3  0.0412496851
1 4 0 3  -0.0054092052
1 4 2 3  -0.0015941185
1 4 4 3  -0.0218203217
1 4 6 3  0.0052996776
1 5 1 3  -0.0054092052
1 5 3 3  -0.0015941185
1 5 5 3  -0.0218203217
1 5 7 3  0.0052996776
1 6 0 3  -0.0034576082
1 6 2 3  0.0412496851
1 6 4 3  0.0052996776
1 6 6 3  -0.0135843185
1 7 1 3  -0.0034576082
1 7 3 3  0.0412496851
1 7 5 3  0.0052996776
1 7 7 3  -0.0135843185
1 8 8 3  -0.0313955356
1 9 9 3  -0.0313955356
1 10 10 3  -0.0313955356
1 11 11 3  -0.0313955356
1 0 0 5  -0.0131528785
1 0 2 5  -0.0054092052
1 0 4 5  0.0444646963
1 0 6 5  0.0034576082
1 1 1 5  -0.0131528785
1 1 3 5  -0.0054092052
1 1 5 5  0.0444646963
1 1 7 5  0.0034576082
1 2 0 5  -0.0054092052
1 2 2 5  -0.0218203217
1 2 4 5  -0.0015941185
1 2 6 5  -0.0052996776
1 3 1 5  -0.0054092052
1 3 3 5  -0.0218203217
1 3 5 5  -0.0015941185
1 3 7 5  -0.0052996776
1 4 0 5  0.0444646963
1 4 2 5  -0.0015941185
1 4 4 5  0.0614643330
1 4 6 5  -0.0412496851
1 5 1 5  0.0444646963
1 5 3 5  -0.0015941185
1 5 5 5  0.0614643330
1 5 7 5  -0.0412496851
1 6 0 5  0.0034576082
1 6 2 5  -0.0052996776
1 6 4 5  -0.0412496851
1 6 6 5  -0.0135843185
1 7 1 5  0.0034576082
1 7 3 5  -0.0052996776
1 7 5 5  -0.0412496851
1 7 7 5  -0.0135843185
1 8 8 5  -0.0313955356
1 9 9 5  -0.0313955356
1 10 10 5  -0.0313955356
1 11 11 5  -0.0313955356
1 0 2 7  -0.0034576082
1 0 4 7  0.0034576082
1 0 6 7  0.0269679941
1 1 3 7  -0.0034576082
1 1 5 7  0.0034576082
1 1 7 7  0.0269679941
1 2 0 7  -0.0034576082
1 2 2 7  0.0187185652
1 2 6 7  -0.0021156838
1 3 1 7  -0.0034576082
1 3 3 7  0.0187185652
1 3 7 7  -0.0021156838
1 4 0 7  0.0034576082
1 4 4 7  -0.0187185652
1 4 6 7  -0.0021156838
1 5 1 7  0.0034576082
1 5 5 7  -0.0187185652
1 5 7 7  -0.0021156838
1 6 0 7  0.0269679941
1 6 2 7  -0.0021156838
1 6 4 7  -0.0021156838
1 7 1 7  0.0269679941
1 7 3 7  -0.0021156838
1 7 5 7  -0.0021156838
1 0 8 9  0.0317499947
1 1 9 9  0.0317499947
1 2 8 9  -0.0142337638
1 3 9 9  -0.0142337638
1 4 8 9  -0.0142337638
1 5 9 9  -0.0142337638
1 8 0 9  0.0317499947
1 8 2 9  -0.0142337638
1 8 4 9  -0.0142337638
1 9 1 9  0.0317499947
1 9 3 9  -0.0142337638
1 9 5 9  -0.0142337638
1 0 10 11  0.0317499947
1 1 11 11  0.0317499947
1 2 10 11  -0.0142337638
1 3 11 11  -0.0142337638
1 4 10 11  -0.0142337638
1 5 11 11  -0.0142337638
1 10 0 11  0.0317499947
1 10 2 11  -0.0142337638
1 10 4 11  -0.0142337638
1 11 1 11  0.0317499947
1 11 3 11  -0.0142337638
1 11 5 11  -0.0142337638
2 0 0 0  -0.0131528785
2 0 2 0  0.0444646963
2 0 4 0  -0.0054092052
2 0 6 0  -0.0034576082
2 1 1 0  -0.0131528785
2 1 3 0  0.0444646963
2 1 5 0  -0.0054092052
2 1 7 0  -0.0034576082
2 2 0 0  0.0444646963
2 2 2 0  0.0614643330
2 2 4 0  -0.0015941185
2 2 6 0  0.0412496851
2 3 1 0  0.0444646963
2 3 3 0  0.0614643330
2 3 5 0  -0.0015941185
2 3 7 0  0.0412496851
2 4 0 0  -0.0054092052
2 4 2 0  -0.0015941185
2 4 4 0  -0.0218203217
2 4 6 0  0.0052996776
2 5 1 0  -0.0054092052
2 5 3 0  -0.0015941185
2 5 5 0  -0.0218203217
2 5 7 0  0.0052996776
2 6 0 0  -0.0034576082
2 6 2 0  0.0412496851
2 6 4 0  0.0052996776
2 6 6 0  -0.0135843185
2 7 1 0  -0.0034576082
2 7 3 0  0.0412496851
2 7 5 0  0.0052996776
2 7 7 0  -0.0135843185
2 8 8 0  -0.0313955356
2 9 9 0  -0.0313955356
2 10 10 0  -0.0313955356
2 11 11 0  -0.0313955356
2 0 0 2  0.1489071356
2 0 2 2  0.0614643330
2 0 4 2  -0.0218203217
2 0 6 2  0.0187185652
2 1 1 2  0.1489071356
2 1 3 2  0.0614643330
2 1 5 2  -0.0218203217
2 1 7 2  0.0187185652
2 2 0 2  0.0614643330
2 2 2 2  0.2783262247
2 2 4 2  -0.0003435471
2 2 6 2  0.0588376670
2 3 1 2  0.0614643330
2 3 3 2  0.2783262247
2 3 5 2  -0.0003435471
2 3 7 2  0.0588376670
2 4 0 2  -0.0218203217
2 4 2 2  -0.0003435471
2 4 4 2  0.0929575625
2 4 6 2  0.0226391154
2 5 1 2  -0.0218203217
2 5 3 2  -0.0003435471
2 5 5 2  0.0929575625
2 5 7 2  0.0226391154
2 6 0 2  0.0187185652
2 6 2 2  0.0588376670
2 6 4 2  0.0226391154
2 6 6 2  0.1599267210
2 7 1 2  0.0187185652
2 7 3 2  0.0588376670
2 7 5 2  0.0226391154
2 7 7 2  0.1599267210
2 8 8 2  0.1299418464
2 9 9 2  0.1299418464
2 10 10 2  0.1299418464
2 11 11 2  0.1299418464
2 0 0 4  0.0014772709
2 0 2 4  -0.0015941185
2 0 4 4  -0.0015941185
2 1 1 4  0.0014772709
2 1 3 4  -0.0015941185
2 1 5 4  -0.0015941185
2 2 0 4  -0.0015941185
2 2 2 4  -0.0003435471
2 2 4 4  0.0010325684
2 2 6 4  -0.0000707160
2 3 1 4  -0.0015941185
2 3 3 4  -0.0003435471
2 3 5 4  0.0010325684
2 3 7 4  -0.0000707160
2 4 0 4  -0.0015941185
2 4 2 4  0.0010325684
2 4 4 4  -0.0003435471
2 4 6 4  0.0000707160
2 5 1 4  -0.0015941185
2 5 3 4  0.0010325684
2 5 5 4  -0.0003435471
2 5 7 4  0.0000707160
2 6 2 4  -0.0000707160
2 6 4 4  0.0000707160
2 6 6 4  0.0008310469
2 7 3 4  -0.0000707160
2 7 5 4  0.0000707160
2 7 7 4  0.0008310469
2 8 8 4  0.0045985217
2 9 9 4  0.0045985217
2 10 10 4  0.0045985217
2 11 11 4  0.0045985217
2 0 0 6  -0.0133037195
2 0 2 6  0.0412496851
2 0 4 6  -0.0052996776
2 0 6 6  -0.0021156838
2 1 1 6  -0.0133037195
2 1 3 6  0.0412496851
2 1 5 6  -0.0052996776
2 1 7 6  -0.0021156838
2 2 0 6  0.0412496851
2 2 2 6  0.0588376670
2 2 4 6  -0.0000707160
2 2 6 6  0.0422715903
2 3 1 6  0.0412496851
2 3 3 6  0.0588376670
2 3 5 6  -0.0000707160
2 3 7 6  0.0422715903
2 4 0 6  -0.0052996776
2 4 2 6  -0.0000707160
2 4 4 6  -0.0226391154
2 4 6 6  0.0042009907
2 5 1 6  -0.0052996776
2 5 3 6  -0.0000707160
2 5 5 6  -0.0226391154
2 5 7 6  0.0042009907
2 6 0 6  -0.0021156838
2 6 2 6  0.0422715903
2 6 4 6  0.0042009907
2 6 6 6  -0.0167191076
2 7 1 6  -0.0021156838
2 7 3 6  0.0422715903
2 7 5 6  0.0042009907
2 7 7 6  -0.0167191076
2 8 8 6  -0.0271688309
2 9 9 6  -0.0271688309
2 10 10 6  -0.0271688309
2 11 11 6  -0.0271688309
2 0 8 8  -0.0142337638
2 1 9 8  -0.0142337638
2 2 8 8  0.0077512476
2 3 9 8  0.0077512476
2 4 8 8  0.0052492683
2 5 9 8  0.0052492683
2 6 8 8  -0.0034792697
2 7 9 8  -0.0034792697
2 8 0 8  -0.0142337638
2 8 2 8  0.0077512476
2 8 4 8  0.0052492683
2 8 6 8  -0.0034792697
2 9 1 8  -0.0142337638
2 9 3 8  0.0077512476
2 9 5 8  0.0052492683
2 9 7 8  -0.0034792697
2 0 10 10  -0.0142337638
2 1 11 10  -0.0142337638
2 2 10 10  0.0077512476
2 3 11 10  0.0077512476
2 4 10 10  0.0052492683
2 5 11 10  0.0052492683
2 6 10 10  -0.0034792697
2 7 11 10  -0.0034792697
2 10 0 10  -0.0142337638
2 10 2 10  0.0077512476
2 10 4 10  0.0052492683
2 10 6 10  -0.0034792697
2 11 1 10  -0.0142337638
2 11 3 10  0.0077512476
2 11 5 10  0.0052492683
2 11 7 10  -0.0034792697
3 0 0 1  -0.0131528785
3 0 2 1  0.0444646963
3 0 4 1  -0.0054092052
3 0 6 1  -0.0034576082
3 1 1 1  -0.0131528785
3 1 3 1  0.0444646963
3 1 5 1  -0.0054092052
3 1 7 1  -0.0034576082
3 2 0 1  0.0444646963
3 2 2 1  0.0614643330
3 2 4 1  -0.0015941185
3 2 6 1  0.0412496851
3 3 1 1  0.0444646963
3 3 3 1  0.0614643330
3 3 5 1  -0.0015941185
3 3 7 1  0.0412496851
3 4 0 1  -0.0054092052
3 4 2 1  -0.0015941185
3 4 4 1  -0.0218203217
3 4 6 1  0.0052996776
3 5 1 1  -0.0054092052
3 5 3 1  -0.0015941185
3 5 5 1  -0.0218203217
3 5 7 1  0.0052996776
3 6 0 1  -0.0034576082
3 6 2 1  0.0412496851
3 6 4 1  0.0052996776
3 6 6 1  -0.0135843185
3 7 1 1  -0.0034576082
3 7 3 1  0.0412496851
3 7 5 1  0.0052996776
3 7 7 1  -0.0135843185
3 8 8 1  -0.0313955356
3 9 9 1  -0.0313955356
3 10 10 1  -0.0313955356
3 11 11 1  -0.0313955356
3 0 0 3  0.1489071356
3 0 2 3  0.0614643330
3 0 4 3  -0.0218203217
3 0 6 3  0.0187185652
3 1 1 3  0.1489071356
3 1 3 3  0.0614643330
3 1 5 3  -0.0218203217
3 1 7 3  0.0187185652
3 2 0 3  0.0614643330
3 2 2 3  0.2783262247
3 2 4 3  -0.0003435471
3 2 6 3  0.0588376670
3 3 1 3  0.0614643330
3 3 3 3  0.2783262247
3 3 5 3  -0.0003435471
3 3 7 3  0.0588376670
3 4 0 3  -0.0218203217
3 4 2 3  -0.0003435471
3 4 4 3  0.0929575625
3 4 6 3  0.0226391154
3 5 1 3  -0.0218203217
3 5 3 3  -0.0003435471
3 5 5 3  0.0929575625
3 5 7 3  0.0226391154
3 6 0 3  0.0187185652
3 6 2 3  0.0588376670
3 6 4 3  0.0226391154
3 6 6 3  0.1599267210
3 7 1 3  0.0187185652
3 7 3 3  0.0588376670
3 7 5 3  0.0226391154
3 7 7 3  0.1599267210
3 8 8 3  0.1299418464
3 9 9 3  0.1299418464
3 10 10 3  0.1299418464
3 11 11 3  0.1299418464
3 0 0 5  0.0014772709
3 0 2 5  -0.0015941185
3 0 4 5  -0.0015941185
3 1 1 5  0.0014772709
3 1 3 5  -0.0015941185
3 1 5 5  -0.0015941185
3 2 0 5  -0.0015941185
3 2 2 5  -0.0003435471
3 2 4 5  0.0010325684
3 2 6 5  -0.0000707160
3 3 1 5  -0.0015941185
3 3 3 5  -0.0003435471
3 3 5 5  0.0010325684
3 3 7 5  -0.0000707160
3 4 0 5  -0.0015941185
3 4 2 5  0.0010325684
3 4 4 5  -0.0003435471
3 4 6 5  0.0000707160
3 5 1 5  -0.0015941185
3 5 3 5  0.0010325684
3 5 5 5  -0.0003435471
3 5 7 5  0.0000707160
3 6 2 5  -0.0000707160
3 6 4 5  0.0000707160
3 6 6 5  0.0008310469
3 7 3 5  -0.0000707160
3 7 5 5  0.0000707160
3 7 7 5  0.0008310469
3 8 8 5  0.0045985217
3 9 9 5  0.0045985217
3 10 10 5  0.0045985217
3 11 11 5  0.0045985217
3 0 0 7  -0.0133037195
3 0 2 7  0.0412496851
3 0 4 7  -0.0052996776
3 0 6 7  -0.0021156838
3 1 1 7  -0.0133037195
3 1 3 7  0.0412496851
3 1 5 7  -0.0052996776
3 1 7 7  -0.0021156838
3 2 0 7  0.0412496851
3 2 2 7  0.0588376670
3 2 4 7  -0.0000707160
3 2 6 7  0.0422715903
3 3 1 7  0.0412496851
3 3 3 7  0.0588376670
3 3 5 7  -0.0000707160
3 3 7 7  0.0422715903
3 4 0 7  -0.0052996776
3 4 2 7  -0.0000707160
3 4 4 7  -0.0226391154
3 4 6 7  0.0042009907
3 5 1 7  -0.0052996776
3 5 3 7  -0.0000707160
3 5 5 7  -0.0226391154
3 5 7 7  0.0042009907
3 6 0 7  -0.0021156838
3 6 2 7  0.0422715903
3 6 4 7  0.0042009907
3 6 6 7  -0.0167191076
3 7 1 7  -0.0021156838
3 7 3 7  0.0422715903
3 7 5 7  0.0042009907
3 7 7 7  -0.0167191076
3 8 8 7  -0.0271688309
3 9 9 7  -0.0271688309
3 10 10 7  -0.0271688309
3 11 11 7  -0.0271688309
3 0 8 9  -0.0142337638
3 1 9 9  -0.0142337638
3 2 8 9  0.0077512476
3 3 9 9  0.0077512476
3 4 8 9  0.0052492683
3 5 9 9  0.0052492683
3 6 8 9  -0.0034792697
3 7 9 9  -0.0034792697
3 8 0 9  -0.0142337638
3 8 2 9  0.0077512476
3 8 4 9  0.0052492683
3 8 6 9  -0.0034792697
3 9 1 9  -0.0142337638
3 9 3 9  0.0077512476
3 9 5 9  0.0052492683
3 9 7 9  -0.0034792697
3 0 10 11  -0.0142337638
3 1 11 11  -0.0142337638
3 2 10 11  0.0077512476
3 3 11 11  0.0077512476
3 4 10 11  0.0052492683
3 5 11 11  0.0052492683
3 6 10 11  -0.0034792697
3 7 11 11  -0.0034792697
3 10 0 11  -0.0142337638
3 10 2 11  0.0077512476
3 10 4 11  0.0052492683
3 10 6 11  -0.0034792697
3 11 1 11  -0.0142337638
3 11 3 11  0.0077512476
3 11 5 11  0.0052492683
3 11 7 11  -0.0034792697
4 0 0 0  -0.0131528785
4 0 2 0  -0.0054092052
4 0 4 0  0.0444646963
4 0 6 0  0.0034576082
4 1 1 0  -0.0131528785
4 1 3 0  -0.0054092052
4 1 5 0  0.0444646963
4 1 7 0  0.0034576082
4 2 0 0  -0.0054092052
4 2 2 0  -0.0218203217
4 2 4 0  -0.0015941185
4 2 6 0  -0.0052996776
4 3 1 0  -0.0054092052
4 3 3 0  -0.0218203217
4 3 5 0  -0.0015941185
4 3 7 0  -0.0052996776
4 4 0 0  0.0444646963
4 4 2 0  -0.0015941185
4 4 4 0  0.0614643330
4 4 6 0  -0.0412496851
4 5 1 0  0.0444646963
4 5 3 0  -0.0015941185
4 5 5 0  0.0614643330
4 5 7 0  -0.0412496851
4 6 0 0  0.0034576082
4 6 2 0  -0.0052996776
4 6 4 0  -0.0412496851
4 6 6 0  -0.0135843185
4 7 1 0  0.0034576082
4 7 3 0  -0.0052996776
4 7 5 0  -0.0412496851
4 7 7 0  -0.0135843185
4 8 8 0  -0.0313955356
4 9 9 0  -0.0313955356
4 10 10 0  -0.0313955356
4 11 11 0  -0.0313955356
4 0 0 2  0.0014772709
4 0 2 2  -0.0015941185
4 0 4 2  -0.0015941185
4 1 1 2  0.0014772709
4 1 3 2  -0.0015941185
4 1 5 2  -0.0015941185
4 2 0 2  -0.0015941185
4 2 2 2  -0.0003435471
4 2 4 2  0.0010325684
4 2 6 2  -0.0000707160
4 3 1 2  -0.0015941185
4 3 3 2  -0.0003435471
4 3 5 2  0.0010325684
4 3 7 2  -0.0000707160
4 4 0 2  -0.0015941185
4 4 2 2  0.0010325684
4 4 4 2  -0.0003435471
4 4 6 2  0.0000707160
4 5 1 2  -0.0015941185
4 5 3 2  0.0010325684
4 5 5 2  -0.0003435471
4 5 7 2  0.0000707160
4 6 2 2  -0.0000707160
4 6 4 2  0.0000707160
4 6 6 2  0.0008310469
4 7 3 2  -0.0000707160
4 7 5 2  0.0000707160
4 7 7 2  0.0008310469
4 8 8 2  0.0045985217
4 9 9 2  0.0045985217
4 10 10 2  0.0045985217
4 11 11 2  0.0045985217
4 0 0 4  0.1489071356
4 0 2 4  -0.0218203217
4 0 4 4  0.0614643330
4 0 6 4  -0.0187185652
4 1 1 4  0.1489071356
4 1 3 4  -0.0218203217
4 1 5 4  0.0614643330
4 1 7 4  -0.0187185652
4 2 0 4  -0.0218203217
4 2 2 4  0.0929575625
4 2 4 4  -0.0003435471
4 2 6 4  -0.0226391154
4 3 1 4  -0.0218203217
4 3 3 4  0.0929575625
4 3 5 4  -0.0003435471
4 3 7 4  -0.0226391154
4 4 0 4  0.0614643330
4 4 2 4  -0.0003435471
4 4 4 4  0.2783262247
4 4 6 4  -0.0588376670
4 5 1 4  0.0614643330
4 5 3 4  -0.0003435471
4 5 5 4  0.2783262247
4 5 7 4  -0.0588376670
4 6 0 4  -0.0187185652
4 6 2 4  -0.0226391154
4 6 4 4  -0.0588376670
4 6 6 4  0.1599267210
4 7 1 4  -0.0187185652
4 7 3 4  -0.0226391154
4 7 5 4  -0.0588376670
4 7 7 4  0.1599267210
4 8 8 4  0.1299418464
4 9 9 4  0.1299418464
4 10 10 4  0.1299418464
4 11 11 4  0.1299418464
4 0 0 6  0.0133037195
4 0 2 6  0.0052996776
4 0 4 6  -0.0412496851
4 0 6 6  -0.0021156838
4 1 1 6  0.0133037195
4 1 3 6  0.0052996776
4 1 5 6  -0.0412496851
4 1 7 6  -0.0021156838
4 2 0 6  0.0052996776
4 2 2 6  0.0226391154
4 2 4 6  0.0000707160
4 2 6 6  0.0042009907
4 3 1 6  0.0052996776
4 3 3 6  0.0226391154
4 3 5 6  0.0000707160
4 3 7 6  0.0042009907
4 4 0 6  -0.0412496851
4 4 2 6  0.0000707160
4 4 4 6  -0.0588376670
4 4 6 6  0.0422715903
4 5 1 6  -0.0412496851
4 5 3 6  0.0000707160
4 5 5 6  -0.0588376670
4 5 7 6  0.0422715903
4 6 0 6  -0.0021156838
4 6 2 6  0.0042009907
4 6 4 6  0.0422715903
4 6 6 6  0.0167191076
4 7 1 6  -0.0021156838
4 7 3 6  0.0042009907
4 7 5 6  0.0422715903
4 7 7 6  0.0167191076
4 8 8 6  0.0271688309
4 9 9 6  0.0271688309
4 10 10 6  0.0271688309
4 11 11 6  0.0271688309
4 0 8 8  -0.0142337638
4 1 9 8  -0.0142337638
4 2 8 8  0.0052492683
4 3 9 8  0.0052492683
4 4 8 8  0.0077512476
4 5 9 8  0.0077512476
4 6 8 8  0.0034792697
4 7 9 8  0.0034792697
4 8 0 8  -0.0142337638
4 8 2 8  0.0052492683
4 8 4 8  0.0077512476
4 8 6 8  0.0034792697
4 9 1 8  -0.0142337638
4 9 3 8  0.0052492683
4 9 5 8  0.0077512476
4 9 7 8  0.0034792697
4 0 10 10  -0.0142337638
4 1 11 10  -0.0142337638
4 2 10 10  0.0052492683
4 3 11 10  0.0052492683
4 4 10 10  0.0077512476
4 5 11 10  0.0077512476
4 6 10 10  0.0034792697
4 7 11 10  0.0034792697
4 10 0 10  -0.0142337638
4 10 2 10  0.0052492683
4 10 4 10  0.0077512476
4 10 6 10  0.0034792697
4 11 1 10  -0.0142337638
4 11 3 10  0.0052492683
4 11 5 10  0.0077512476
4 11 7 10  0.0034792697
5 0 0 1  -0.0131528785
5 0 2 1  -0.0054092052
5 0 4 1  0.0444646963
5 0 6 1  0.0034576082
5 1 1 1  -0.0131528785
5 1 3 1  -0.0054092052
5 1 5 1  0.0444646963
5 1 7 1  0.0034576082
5 2 0 1  -0.0054092052
5 2 2 1  -0.0218203217
5 2 4 1  -0.0015941185
5 2 6 1  -0.0052996776
5 3 1 1  -0.0054092052
5 3 3 1  -0.0218203217
5 3 5 1  -0.0015941185
5 3 7 1  -0.0052996776
5 4 0 1  0.0444646963
5 4 2 1  -0.0015941185
5 4 4 1  0.0614643330
5 4 6 1  -0.0412496851
5 5 1 1  0.0444646963
5 5 3 1  -0.0015941185
5 5 5 1  0.0614643330
5 5 7 1  -0.0412496851
5 6 0 1  0.0034576082
5 6 2 1  -0.0052996776
5 6 4 1  -0.0412496851
5 6 6 1  -0.0135843185
5 7 1 1  0.0034576082
5 7 3 1  -0.0052996776
5 7 5 1  -0.0412496851
5 7 7 1  -0.0135843185
5 8 8 1  -0.0313955356
5 9 9 1  -0.0313955356
5 10 10 1  -0.0313955356
5 11 11 1  -0.0313955356
5 0 0 3  0.0014772709
5 0 2 3  -0.0015941185
5 0 4 3  -0.0015941185
5 1 1 3  0.0014772709
5 1 3 3  -0.0015941185
5 1 5 3  -0.0015941185
5 2 0 3  -0.0015941185
5 2 2 3  -0.0003435471
5 2 4 3  0.0010325684
5 2 6 3  -0.0000707160
5 3 1 3  -0.0015941185
5 3 3 3  -0.0003435471
5 3 5 3  0.0010325684
5 3 7 3  -0.0000707160
5 4 0 3  -0.0015941185
5 4 2 3  0.0010325684
5 4 4 3  -0.0003435471
5 4 6 3  0.0000707160
5 5 1 3  -0.0015941185
5 5 3 3  0.0010325684
5 5 5 3  -0.0003435471
5 5 7 3  0.0000707160
5 6 2 3  -0.0000707160
5 6 4 3  0.0000707160
5 6 6 3  0.0008310469
5 7 3 3  -0.0000707160
5 7 5 3  0.0000707160
5 7 7 3  0.0008310469
5 8 8 3  0.0045985217
5 9 9 3  0.0045985217
5 10 10 3  0.0045985217
5 11 11 3  0.0045985217
5 0 0 5  0.1489071356
5 0 2 5  -0.0218203217
5 0 4 5  0.0614643330
5 0 6 5  -0.0187185652
5 1 1 5  0.1489071356
5 1 3 5  -0.0218203217
5 1 5 5  0.0614643330
5 1 7 5  -0.0187185652
5 2 0 5  -0.0218203217
5 2 2 5  0.0929575625
5 2 4 5  -0.0003435471
5 2 6 5  -0.0226391154
5 3 1 5  -0.0218203217
5 3 3 5  0.0929575625
5 3 5 5  -0.0003435471
5 3 7 5  -0.0226391154
5 4 0 5  0.0614643330
5 4 2 5  -0.0003435471
5 4 4 5  0.2783262247
5 4 6 5  -0.0588376670
5 5 1 5  0.0614643330
5 5 3 5  -0.0003435471
5 5 5 5  0.2783262247
5 5 7 5  -0.0588376670
5 6 0 5  -0.0187185652
5 6 2 5  -0.0226391154
5 6 4 5  -0.0588376670
5 6 6 5  0.1599267210
5 7 1 5  -0.0187185652
5 7 3 5  -0.0226391154
5 7 5 5  -0.0588376670
5 7 7 5  0.1599267210
5 8 8 5  0.1299418464
5 9 9 5  0.1299418464
5 10 10 5  0.1299418464
5 11 11 5  0.1299418464
5 0 0 7  0.0133037195
5 0 2 7  0.0052996776
5 0 4 7  -0.0412496851
5 0 6 7  -0.0021156838
5 1 1 7  0.0133037195
5 1 3 7  0.0052996776
5 1 5 7  -0.0412496851
5 1 7 7  -0.0021156838
5 2 0 7  0.0052996776
5 2 2 7  0.0226391154
5 2 4 7  0.0000707160
5 2 6 7  0.0042009907
5 3 1 7  0.0052996776
5 3 3 7  0.0226391154
5 3 5 7  0.0000707160
5 3 7 7  0.0042009907
5 4 0 7  -0.0412496851
5 4 2 7  0.0000707160
5 4 4 7  -0.0588376670
5 4 6 7  0.0422715903
5 5 1 7  -0.0412496851
5 5 3 7  0.0000707160
5 5 5 7  -0.0588376670
5 5 7 7  0.0422715903
5 6 0 7  -0.0021156838
5 6 2 7  0.0042009907
5 6 4 7  0.0422715903
5 6 6 7  0.0167191076
5 7 1 7  -0.0021156838
5 7 3 7  0.0042009907
5 7 5 7  0.0422715903
5 7 7 7  0.0167191076
5 8 8 7  0.0271688309
5 9 9 7  0.0271688309
5 10 10 7  0.0271688309
5 11 11 7  0.0271688309
5 0 8 9  -0.0142337638
5 1 9 9  -0.0142337638
5 2 8 9  0.0052492683
5 3 9 9  0.0052492683
5 4 8 9  0.0077512476
5 5 9 9  0.0077512476
5 6 8 9  0.0034792697
5 7 9 9  0.0034792697
5 8 0 9  -0.0142337638
5 8 2 9  0.0052492683
5 8 4 9  0.0077512476
5 8 6 9  0.0034792697
5 9 1 9  -0.0142337638
5 9 3 9  0.0052492683
5 9 5 9  0.0077512476
5 9 7 9  0.0034792697
5 0 10 11  -0.0142337638
5 1 11 11  -0.0142337638
5 2 10 11  0.0052492683
5 3 11 11  0.0052492683
5 4 10 11  0.0077512476
5 5 11 11  0.0077512476
5 6 10 11  0.0034792697
5 7 11 11  0.0034792697
5 10 0 11  -0.0142337638
5 10 2 11  0.0052492683
5 10 4 11  0.0077512476
5 10 6 11  0.0034792697
5 11 1 11  -0.0142337638
5 11 3 11  0.0052492683
5 11 5 11  0.0077512476
5 11 7 11  0.0034792697
6 0 2 0  -0.0034576082
6 0 4 0  0.0034576082
6 0 6 0  0.0269679941
6 1 3 0  -0.0034576082
6 1 5 0  0.0034576082
6 1 7 0  0.0269679941
6 2 0 0  -0.0034576082
6 2 2 0  0.0187185652
6 2 6 0  -0.0021156838
6 3 1 0  -0.0034576082
6 3 3 0  0.0187185652
6 3 7 0  -0.0021156838
6 4 0 0  0.0034576082
6 4 4 0  -0.0187185652
6 4 6 0  -0.0021156838
6 5 1 0  0.0034576082
6 5 5 0  -0.0187185652
6 5 7 0  -0.0021156838
6 6 0 0  0.0269679941
6 6 2 0  -0.0021156838
6 6 4 0  -0.0021156838
6 7 1 0  0.0269679941
6 7 3 0  -0.0021156838
6 7 5 0  -0.0021156838
6 0 0 2  -0.0133037195
6 0 2 2  0.0412496851
6 0 4 2  -0.0052996776
6 0 6 2  -0.0021156838
6 1 1 2  -0.0133037195
6 1 3 2  0.0412496851
6 1 5 2  -0.0052996776
6 1 7 2  -0.0021156838
6 2 0 2  0.0412496851
6 2 2 2  0.0588376670
6 2 4 2  -0.0000707160
6 2 6 2  0.0422715903
6 3 1 2  0.0412496851
6 3 3 2  0.0588376670
6 3 5 2  -0.0000707160
6 3 7 2  0.0422715903
6 4 0 2  -0.0052996776
6 4 2 2  -0.0000707160
6 4 4 2  -0.0226391154
6 4 6 2  0.0042009907
6 5 1 2  -0.0052996776
6 5 3 2  -0.0000707160
6 5 5 2  -0.0226391154
6 5 7 2  0.0042009907
6 6 0 2  -0.0021156838
6 6 2 2  0.0422715903
6 6 4 2  0.0042009907
6 6 6 2  -0.0167191076
6 7 1 2  -0.0021156838
6 7 3 2  0.0422715903
6 7 5 2  0.0042009907
6 7 7 2  -0.0167191076
6 8 8 2  -0.0271688309
6 9 9 2  -0.0271688309
6 10 10 2  -0.0271688309
6 11 11 2  -0.0271688309
6 0 0 4  0.0133037195
6 0 2 4  0.0052996776
6 0 4 4  -0.0412496851
6 0 6 4  -0.0021156838
6 1 1 4  0.0133037195
6 1 3 4  0.0052996776
6 1 5 4  -0.0412496851
6 1 7 4  -0.0021156838
6 2 0 4  0.0052996776
6 2 2 4  0.0226391154
6 2 4 4  0.0000707160
6 2 6 4  0.0042009907
6 3 1 4  0.0052996776
6 3 3 4  0.0226391154
6 3 5 4  0.0000707160
6 3 7 4  0.0042009907
6 4 0 4  -0.0412496851
6 4 2 4  0.0000707160
6 4 4 4  -0.0588376670
6 4 6 4  0.0422715903
6 5 1 4  -0.0412496851
6 5 3 4  0.0000707160
6 5 5 4  -0.0588376670
6 5 7 4  0.0422715903
6 6 0 4  -0.0021156838
6 6 2 4  0.0042009907
6 6 4 4  0.0422715903
6 6 6 4  0.0167191076
6 7 1 4  -0.0021156838
6 7 3 4  0.0042009907
6 7 5 4  0.0422715903
6 7 7 4  0.0167191076
6 8 8 4  0.0271688309
6 9 9 4  0.0271688309
6 10 10 4  0.0271688309
6 11 11 4  0.0271688309
6 0 0 6  0.1795970084
6 0 2 6  -0.0135843185
6 0 4 6  -0.0135843185
6 1 1 6  0.1795970084
6 1 3 6  -0.0135843185
6 1 5 6  -0.0135843185
6 2 0 6  -0.0135843185
6 2 2 6  0.1599267210
6 2 4 6  0.0008310469
6 2 6 6  -0.0167191076
6 3 1 6  -0.0135843185
6 3 3 6  0.1599267210
6 3 5 6  0.0008310469
6 3 7 6  -0.0167191076
6 4 0 6  -0.0135843185
6 4 2 6  0.0008310469
6 4 4 6  0.1599267210
6 4 6 6  0.0167191076
6 5 1 6  -0.0135843185
6 5 3 6  0.0008310469
6 5 5 6  0.1599267210
6 5 7 6  0.0167191076
6 6 2 6  -0.0167191076
6 6 4 6  0.0167191076
6 6 6 6  0.2025165958
6 7 3 6  -0.0167191076
6 7 5 6  0.0167191076
6 7 7 6  0.2025165958
6 8 8 6  0.1869476219
6 9 9 6  0.1869476219
6 10 10 6  0.1869476219
6 11 11 6  0.1869476219
6 2 8 8  -0.0034792697
6 3 9 8  -0.0034792697
6 4 8 8  0.0034792697
6 5 9 8  0.0034792697
6 6 8 8  0.0103505224
6 7 9 8  0.0103505224
6 8 2 8  -0.0034792697
6 8 4 8  0.0034792697
6 8 6 8  0.0103505224
6 9 3 8  -0.0034792697
6 9 5 8  0.0034792697
6 9 7 8  0.0103505224
6 2 10 10  -0.0034792697
6 3 11 10  -0.0034792697
6 4 10 10  0.0034792697
6 5 11 10  0.0034792697
6 6 10 10  0.0103505224
6 7 11 10  0.0103505224
6 10 2 10  -0.0034792697
6 10 4 10  0.0034792697
6 10 6 10  0.0103505224
6 11 3 10  -0.0034792697
6 11 5 10  0.0034792697
6 11 7 10  0.0103505224
7 0 2 1  -0.0034576082
7 0 4 1  0.0034576082
7 0 6 1  0.0269679941
7 1 3 1  -0.0034576082
7 1 5 1  0.0034576082
7 1 7 1  0.0269679941
7 2 0 1  -0.0034576082
7 2 2 1  0.0187185652
7 2 6 1  -0.0021156838
7 3 1 1  -0.0034576082
7 3 3 1  0.0187185652
7 3 7 1  -0.0021156838
7 4 0 1  0.0034576082
7 4 4 1  -0.0187185652
7 4 6 1  -0.0021156838
7 5 1 1  0.0034576082
7 5 5 1  -0.0187185652
7 5 7 1  -0.0021156838
7 6 0 1  0.0269679941
7 6 2 1  -0.0021156838
7 6 4 1  -0.0021156838
7 7 1 1  0.0269679941
7 7 3 1  -0.0021156838
7 7 5 1  -0.0021156838
7 0 0 3  -0.0133037195
7 0 2 3  0.0412496851
7 0 4 3  -0.0052996776
7 0 6 3  -0.0021156838
7 1 1 3  -0.0133037195
7 1 3 3  0.0412496851
7 1 5 3  -0.0052996776
7 1 7 3  -0.0021156838
7 2 0 3  0.0412496851
7 2 2 3  0.0588376670
7 2 4 3  -0.0000707160
7 2 6 3  0.0422715903
7 3 1 3  0.0412496851
7 3 3 3  0.0588376670
7 3 5 3  -0.0000707160
7 3 7 3  0.0422715903
7 4 0 3  -0.0052996776
7 4 2 3  -0.0000707160
7 4 4 3  -0.0226391154
7 4 6 3  0.0042009907
7 5 1 3  -0.0052996776
7 5 3 3  -0.0000707160
7 5 5 3  -0.0226391154
7 5 7 3  0.0042009907
7 6 0 3  -0.0021156838
7 6 2 3  0.0422715903
7 6 4 3  0.0042009907
7 6 6 3  -0.0167191076
7 7 1 3  -0.0021156838
7 7 3 3  0.0422715903
7 7 5 3  0.0042009907
7 7 7 3  -0.0167191076
7 8 8 3  -0.0271688309
7 9 9 3  -0.0271688309
7 10 10 3  -0.0271688309
7 11 11 3  -0.0271688309
7 0 0 5  0.0133037195
7 0 2 5  0.0052996776
7 0 4 5  -0.0412496851
7 0 6 5  -0.0021156838
7 1 1 5  0.0133037195
7 1 3 5  0.0052996776
7 1 5 5  -0.0412496851
7 1 7 5  -0.0021156838
7 2 0 5  0.0052996776
7 2 2 5  0.0226391154
7 2 4 5  0.0000707160
7 2 6 5  0.0042009907
7 3 1 5  0.0052996776
7 3 3 5  0.0226391154
7 3 5 5  0.0000707160
7 3 7 5  0.0042009907
7 4 0 5  -0.0412496851
7 4 2 5  0.0000707160
7 4 4 5  -0.0588376670
7 4 6 5  0.0422715903
7 5 1 5  -0.0412496851
7 5 3 5  0.0000707160
7 5 5 5  -0.0588376670
7 5 7 5  0.0422715903
7 6 0 5  -0.0021156838
7 6 2 5  0.0042009907
7 6 4 5  0.0422715903
7 6 6 5  0.0167191076
7 7 1 5  -0.0021156838
7 7 3 5  0.0042009907
7 7 5 5  0.0422715903
7 7 7 5  0.0167191076
7 8 8 5  0.0271688309
7 9 9 5  0.0271688309
7 10 10 5  0.0271688309
7 11 11 5  0.0271688309
7 0 0 7  0.1795970084
7 0 2 7  -0.0135843185
7 0 4 7  -0.0135843185
7 1 1 7  0.1795970084
7 1 3 7  -0.0135843185
7 1 5 7  -0.0135843185
7 2 0 7  -0.0135843185
7 2 2 7  0.1599267210
7 2 4 7  0.0008310469
7 2 6 7  -0.0167191076
7 3 1 7  -0.0135843185
7 3 3 7  0.1599267210
7 3 5 7  0.0008310469
7 3 7 7  -0.0167191076
7 4 0 7  -0.0135843185
7 4 2 7  0.0008310469
7 4 4 7  0.1599267210
7 4 6 7  0.0167191076
7 5 1 7  -0.0135843185
7 5 3 7  0.0008310469
7 5 5 7  0.1599267210
7 5 7 7  0.0167191076
7 6 2 7  -0.0167191076
7 6 4 7  0.0167191076
7 6 6 7  0.2025165958
7 7 3 7  -0.0167191076
7 7 5 7  0.0167191076
7 7 7 7  0.2025165958
7 8 8 7  0.1869476219
7 9 9 7  0.1869476219
7 10 10 7  0.1869476219
7 11 11 7  0.1869476219
7 2 8 9  -0.0034792697
7 3 9 9  -0.0034792697
7 4 8 9  0.0034792697
7 5 9 9  0.0034792697
7 6 8 9  0.0103505224
7 7 9 9  0.0103505224
7 8 2 9  -0.0034792697
7 8 4 9  0.0034792697
7 8 6 9  0.0103505224
7 9 3 9  -0.0034792697
7 9 5 9  0.0034792697
7 9 7 9  0.0103505224
7 2 10 11  -0.0034792697
7 3 11 11  -0.0034792697
7 4 10 11  0.0034792697
7 5 11 11  0.0034792697
7 6 10 11  0.0103505224
7 7 11 11  0.0103505224
7 10 2 11  -0.0034792697
7 10 4 11  0.0034792697
7 10 6 11  0.0103505224
7 11 3 11  -0.0034792697
7 11 5 11  0.0034792697
7 11 7 11  0.0103505224
8 0 8 0  0.0317499947
8 1 9 0  0.0317499947
8 2 8 0  -0.0142337638
8 3 9 0  -0.0142337638
8 4 8 0  -0.0142337638
8 5 9 0  -0.0142337638
8 8 0 0  0.0317499947
8 8 2 0  -0.0142337638
8 8 4 0  -0.0142337638
8 9 1 0  0.0317499947
8 9 3 0  -0.0142337638
8 9 5 0  -0.0142337638
8 0 8 2  -0.0142337638
8 1 9 2  -0.0142337638
8 2 8 2  0.0077512476
8 3 9 2  0.0077512476
8 4 8 2  0.0052492683
8 5 9 2  0.0052492683
8 6 8 2  -0.0034792697
8 7 9 2  -0.0034792697
8 8 0 2  -0.0142337638
8 8 2 2  0.0077512476
8 8 4 2  0.0052492683
8 8 6 2  -0.0034792697
8 9 1 2  -0.0142337638
8 9 3 2  0.0077512476
8 9 5 2  0.0052492683
8 9 7 2  -0.0034792697
8 0 8 4  -0.0142337638
8 1 9 4  -0.0142337638
8 2 8 4  0.0052492683
8 3 9 4  0.0052492683
8 4 8 4  0.0077512476
8 5 9 4  0.0077512476
8 6 8 4  0.0034792697
8 7 9 4  0.0034792697
8 8 0 4  -0.0142337638
8 8 2 4  0.0052492683
8 8 4 4  0.0077512476
8 8 6 4  0.0034792697
8 9 1 4  -0.0142337638
8 9 3 4  0.0052492683
8 9 5 4  0.0077512476
8 9 7 4  0.0034792697
8 2 8 6  -0.0034792697
8 3 9 6  -0.0034792697
8 4 8 6  0.0034792697
8 5 9 6  0.0034792697
8 6 8 6  0.0103505224
8 7 9 6  0.0103505224
8 8 2 6  -0.0034792697
8 8 4 6  0.0034792697
8 8 6 6  0.0103505224
8 9 3 6  -0.0034792697
8 9 5 6  0.0034792697
8 9 7 6  0.0103505224
8 0 0 8  0.1795793898
8 0 2 8  -0.0313955356
8 0 4 8  -0.0313955356
8 1 1 8  0.1795793898
8 1 3 8  -0.0313955356
8 1 5 8  -0.0313955356
8 2 0 8  -0.0313955356
8 2 2 8  0.1299418464
8 2 4 8  0.0045985217
8 2 6 8  -0.0271688309
8 3 1 8  -0.0313955356
8 3 3 8  0.1299418464
8 3 5 8  0.0045985217
8 3 7 8  -0.0271688309
8 4 0 8  -0.0313955356
8 4 2 8  0.0045985217
8 4 4 8  0.1299418464
8 4 6 8  0.0271688309
8 5 1 8  -0.0313955356
8 5 3 8  0.0045985217
8 5 5 8  0.1299418464
8 5 7 8  0.0271688309
8 6 2 8  -0.0271688309
8 6 4 8  0.0271688309
8 6 6 8  0.1869476219
8 7 3 8  -0.0271688309
8 7 5 8  0.0271688309
8 7 7 8  0.1869476219
8 8 8 8  0.2249295453
8 9 9 8  0.2249295453
8 10 10 8  0.2006801624
8 11 11 8  0.2006801624
8 8 10 10  0.0121246913
8 9 11 10  0.0121246913
8 10 8 10  0.0121246913
8 11 9 10  0.0121246913
9 0 8 1  0.0317499947
9 1 9 1  0.0317499947
9 2 8 1  -0.0142337638
9 3 9 1  -0.0142337638
9 4 8 1  -0.0142337638
9 5 9 1  -0.0142337638
9 8 0 1  0.0317499947
9 8 2 1  -0.0142337638
9 8 4 1  -0.0142337638
9 9 1 1  0.0317499947
9 9 3 1  -0.0142337638
9 9 5 1  -0.0142337638
9 0 8 3  -0.0142337638
9 1 9 3  -0.0142337638
9 2 8 3  0.0077512476
9 3 9 3  0.0077512476
9 4 8 3  0.0052492683
9 5 9 3  0.0052492683
9 6 8 3  -0.0034792697
9 7 9 3  -0.0034792697
9 8 0 3  -0.0142337638
9 8 2 3  0.0077512476
9 8 4 3  0.0052492683
9 8 6 3  -0.0034792697
9 9 1 3  -0.0142337638
9 9 3 3  0.0077512476
9 9 5 3  0.0052492683
9 9 7 3  -0.0034792697
9 0 8 5  -0.0142337638
9 1 9 5  -0.0142337638
9 2 8 5  0.0052492683
9 3 9 5  0.0052492683
9 4 8 5  0.0077512476
9 5 9 5  0.0077512476
9 6 8 5  0.0034792697
9 7 9 5  0.0034792697
9 8 0 5  -0.0142337638
9 8 2 5  0.0052492683
9 8 4 5  0.0077512476
9 8 6 5  0.0034792697
9 9 1 5  -0.0142337638
9 9 3 5  0.0052492683
9 9 5 5  0.0077512476
9 9 7 5  0.0034792697
9 2 8 7  -0.0034792697
9 3 9 7  -0.0034792697
9 4 8 7  0.0034792697
9 5 9 7  0.0034792697
9 6 8 7  0.0103505224
9 7 9 7  0.0103505224
9 8 2 7  -0.0034792697
9 8 4 7  0.0034792697
9 8 6 7  0.0103505224
9 9 3 7  -0.0034792697
9 9 5 7  0.0034792697
9 9 7 7  0.0103505224
9 0 0 9  0.1795793898
9 0 2 9  -0.0313955356
9 0 4 9  -0.0313955356
9 1 1 9  0.1795793898
9 1 3 9  -0.0313955356
9 1 5 9  -0.0313955356
9 2 0 9  -0.0313955356
9 2 2 9  0.1299418464
9 2 4 9  0.0045985217
9 2 6 9  -0.0271688309
9 3 1 9  -0.0313955356
9 3 3 9  0.1299418464
9 3 5 9  0.0045985217
9 3 7 9  -0.0271688309
9 4 0 9  -0.0313955356
9 4 2 9  0.0045985217
9 4 4 9  0.1299418464
9 4 6 9  0.0271688309
9 5 1 9  -0.0313955356
9 5 3 9  0.0045985217
9 5 5 9  0.1299418464
9 5 7 9  0.0271688309
9 6 2 9  -0.0271688309
9 6 4 9  0.0271688309
9 6 6 9  0.1869476219
9 7 3 9  -0.0271688309
9 7 5 9  0.0271688309
9 7 7 9  0.1869476219
9 8 8 9  0.2249295453
9 9 9 9  0.2249295453
9 10 10 9  0.2006801624
9 11 11 9  0.2006801624
9 8 10 11  0.0121246913
9 9 11 11  0.0121246913
9 10 8 11  0.0121246913
9 11 9 11  0.0121246913
10 0 10 0  0.0317499947
10 1 11 0  0.0317499947
10 2 10 0  -0.0142337638
10 3 11 0  -0.0142337638
10 4 10 0  -0.0142337638
10 5 11 0  -0.0142337638
10 10 0 0  0.0317499947
10 10 2 0  -0.0142337638
10 10 4 0  -0.0142337638
10 11 1 0  0.0317499947
10 11 3 0  -0.0142337638
10 11 5 0  -0.0142337638
10 0 10 2  -0.0142337638
10 1 11 2  -0.0142337638
10 2 10 2  0.0077512476
10 3 11 2  0.0077512476
10 4 10 2  0.0052492683
10 5 11 2  0.0052492683
10 6 10 2  -0.0034792697
10 7 11 2  -0.0034792697
10 10 0 2  -0.0142337638
10 10 2 2  0.0077512476
10 10 4 2  0.0052492683
10 10 6 2  -0.0034792697
10 11 1 2  -0.0142337638
10 11 3 2  0.0077512476
10 11 5 2  0.0052492683
10 11 7 2  -0.0034792697
10 0 10 4  -0.0142337638
10 1 11 4  -0.0142337638
10 2 10 4  0.0052492683
10 3 11 4  0.0052492683
10 4 10 4  0.0077512476
10 5 11 4  0.0077512476
10 6 10 4  0.0034792697
10 7 11 4  0.0034792697
10 10 0 4  -0.0142337638
10 10 2 4  0.0052492683
10 10 4 4  0.0077512476
10 10 6 4  0.0034792697
10 11 1 4  -0.0142337638
10 11 3 4  0.0052492683
10 11 5 4  0.0077512476
10 11 7 4  0.0034792697
10 2 10 6  -0.0034792697
10 3 11 6  -0.0034792697
10 4 10 6  0.0034792697
10 5 11 6  0.0034792697
10 6 10 6  0.0103505224
10 7 11 6  0.0103505224
10 10 2 6  -0.0034792697
10 10 4 6  0.0034792697
10 10 6 6  0.0103505224
10 11 3 6  -0.0034792697
10 11 5 6  0.0034792697
10 11 7 6  0.0103505224
10 8 10 8  0.0121246913
10 9 11 8  0.0121246913
10 10 8 8  0.0121246913
10 11 9 8  0.0121246913
10 0 0 10  0.1795793898
10 0 2 10  -0.0313955356
10 0 4 10  -0.0313955356
10 1 1 10  0.1795793898
10 1 3 10  -0.0313955356
10 1 5 10  -0.0313955356
10 2 0 10  -0.0313955356
10 2 2 10  0.1299418464
10 2 4 10  0.0045985217
10 2 6 10  -0.0271688309
10 3 1 10  -0.0313955356
10 3 3 10  0.1299418464
10 3 5 10  0.0045985217
10 3 7 10  -0.0271688309
10 4 0 10  -0.0313955356
10 4 2 10  0.0045985217
10 4 4 10  0.1299418464
10 4 6 10  0.0271688309
10 5 1 10  -0.0313955356
10 5 3 10  0.0045985217
10 5 5 10  0.1299418464
10 5 7 10  0.0271688309
10 6 2 10  -0.0271688309
10 6 4 10  0.0271688309
10 6 6 10  0.1869476219
10 7 3 10  -0.0271688309
10 7 5 10  0.0271688309
10 7 7 10  0.1869476219
10 8 8 10  0.2006801624
10 9 9 10  0.2006801624
10 10 10 10  0.2249295453
10 11 11 10  0.2249295453
11 0 10 1  0.0317499947
11 1 11 1  0.0317499947
11 2 10 1  -0.0142337638
11 3 11 1  -0.0142337638
11 4 10 1  -0.0142337638
11 5 11 1  -0.0142337638
11 10 0 1  0.0317499947
11 10 2 1  -0.0142337638
11 10 4 1  -0.0142337638
11 11 1 1  0.0317499947
11 11 3 1  -0.0142337638
11 11 5 1  -0.0142337638
11 0 10 3  -0.0142337638
11 1 11 3  -0.0142337638
11 2 10 3  0.0077512476
11 3 11 3  0.0077512476
11 4 10 3  0.0052492683
11 5 11 3  0.0052492683
11 6 10 3  -0.0034792697
11 7 11 3  -0.0034792697
11 10 0 3  -0.0142337638
11 10 2 3  0.0077512476
11 10 4 3  0.0052492683
11 10 6 3  -0.0034792697
11 11 1 3  -0.0142337638
11 11 3 3  0.0077512476
11 11 5 3  0.0052492683
11 11 7 3  -0.0034792697
11 0 10 5  -0.0142337638
11 1 11 5  -0.0142337638
11 2 10 5  0.0052492683
11 3 11 5  0.0052492683
11 4 10 5  0.0077512476
11 5 11 5  0.0077512476
11 6 10 5  0.0034792697
11 7 11 5  0.0034792697
11 10 0 5  -0.0142337638
11 10 2 5  0.0052492683
11 10 4 5  0.0077512476
11 10 6 5  0.0034792697
11 11 1 5  -0.0142337638
11 11 3 5  0.0052492683
11 11 5 5  0.0077512476
11 11 7 5  0.0034792697
11 2 10 7  -0.0034792697
11 3 11 7  -0.0034792697
11 4 10 7  0.0034792697
11 5 11 7  0.0034792697
11 6 10 7  0.0103505224
11 7 11 7  0.0103505224
11 10 2 7  -0.0034792697
11 10 4 7  0.0034792697
11 10 6 7  0.0103505224
11 11 3 7  -0.0034792697
11 11 5 7  0.0034792697
11 11 7 7  0.0103505224
11 8 10 9  0.0121246913
11 9 11 9  0.0121246913
11 10 8 9  0.0121246913
11 11 9 9  0.0121246913
11 0 0 11  0.1795793898
11 0 2 11  -0.0313955356
11 0 4 11  -0.0313955356
11 1 1 11  0.1795793898
11 1 3 11  -0.0313955356
11 1 5 11  -0.0313955356
11 2 0 11  -0.0313955356
11 2 2 11  0.1299418464
11 2 4 11  0.0045985217
11 2 6 11  -0.0271688309
11 3 1 11  -0.0313955356
11 3 3 11  0.1299418464
11 3 5 11  0.0045985217
11 3 7 11  -0.0271688309
11 4 0 11  -0.0313955356
11 4 2 11  0.0045985217
11 4 4 11  0.1299418464
11 4 6 11  0.0271688309
11 5 1 11  -0.0313955356
11 5 3 11  0.0045985217
11 5 5 11  0.1299418464
11 5 7 11  0.0271688309
11 6 2 11  -0.0271688309
11 6 4 11  0.0271688309
11 6 6 11  0.1869476219
11 7 3 11  -0.0271688309
11 7 5 11  0.0271688309
11 7 7 11  0.1869476219
11 8 8 11  0.2006801624
11 9 9 11  0.2006801624
11 10 10 11  0.2249295453
11 11 11 11  0.2249295453
