-12.739375121287154
0 0  -0.9707316607
0 2  -0.0030143640
0 4  -0.0030143640
1 1  -0.9707316607
1 3  -0.0030143640
1 5  -0.0030143640
2 0  -0.0030143640
2 2  -0.8560068699
2 4  0.0031507037
2 6  -0.0174752096
3 1  -0.0030143640
3 3  -0.8560068699
3 5  0.0031507037
3 7  -0.0174752096
4 0  -0.0030143640
4 2  0.0031507037
4 4  -0.8560068699
4 6  0.0174752096
5 1  -0.0030143640
5 3  0.0031507037
5 5  -0.8560068699
5 7  0.0174752096
6 2  -0.0174752096
6 4  0.0174752096
6 6  -0.8320252887
7 3  -0.0174752096
7 5  0.0174752096
7 7  -0.8320252887
8 8  -0.8138360823
9 9  -0.8138360823
10 10  -0.8138360823
11 11  -0.8138360823
0 0 0 0  0.1992974316
0 0 2 0  -0.0093749562
0 0 4 0  -0.0093749562
0 1 1 0  0.1992974316
0 1 3 0  -0.0093749562
0 1 5 0  -0.0093749562
0 2 0 0  -0.0093749562
0 2 2 0  0.0801595824
0 2 4 0  0.0002701019
0 2 6 0  0.0076458031
0 3 1 0  -0.0093749562
0 3 3 0  0.0801595824
0 3 5 0  0.0002701019
0 3 7 0  0.0076458031
0 4 0 0  -0.0093749562
0 4 2 0  0.0002701019
0 4 4 0  0.0801595824
0 4 6 0  -0.0076458031
0 5 1 0  -0.0093749562
0 5 3 0  0.0002701019
0 5 5 0  0.0801595824
0 5 7 0  -0.0076458031
0 6 2 0  0.0076458031
0 6 4 0  -0.0076458031
0 6 6 0  0.2029081667
0 7 3 0  0.0076458031
0 7 5 0  -0.0076458031
0 7 7 0  0.2029081667
0 8 8 0  0.2033292476
0 9 9 0  0.2033292476
0 10 10 0  0.2033292476
0 11 11 0  0.2033292476
0 0 0 2  -0.0093749562
0 0 2 2  0.0025358734
0 0 4 2  0.0002120001
0 0 6 2  0.0037031475
0 1 1 2  -0.0093749562
0 1 3 2  0.0025358734
0 1 5 2  0.0002120001
0 1 7 2  0.0037031475
0 2 0 2  0.0025358734
0 2 2 2  0.0216614157
0 2 4 2  -0.0000223412
0 2 6 2  -0.0023972906
0 3 1 2  0.0025358734
0 3 3 2  0.0216614157
0 3 5 2  -0.0000223412
0 3 7 2  -0.0023972906
0 4 0 2  0.0002120001
0 4 2 2  -0.0000223412
0 4 4 2  -0.0038517725
0 4 6 2  0.0000730150
0 5 1 2  0.0002120001
0 5 3 2  -0.0000223412
0 5 5 2  -0.0038517725
0 5 7 2  0.0000730150
0 6 0 2  0.0037031475
0 6 2 2  -0.0023972906
0 6 4 2  0.0000730150
0 6 6 2  -0.0091373389
0 7 1 2  0.0037031475
0 7 3 2  -0.0023972906
0 7 5 2  0.0000730150
0 7 7 2  -0.0091373389
0 8 8 2  -0.0100677065
0 9 9 2  -0.0100677065
0 10 10 2  -0.0100677065
0 11 11 2  -0.0100677065
0 0 0 4  -0.0093749562
0 0 2 4  0.0002120001
0 0 4 4  0.0025358734
0 0 6 4  -0.0037031475
0 1 1 4  -0.0093749562
0 1 3 4  0.0002120001
0 1 5 4  0.0025358734
0 1 7 4  -0.0037031475
0 2 0 4  0.0002120001
0 2 2 4  -0.0038517725
0 2 4 4  -0.0000223412
0 2 6 4  -0.0000730150
0 3 1 4  0.0002120001
0 3 3 4  -0.0038517725
0 3 5 4  -0.0000223412
0 3 7 4  -0.0000730150
0 4 0 4  0.0025358734
0 4 2 4  -0.0000223412
0 4 4 4  0.0216614157
0 4 6 4  0.0023972906
0 5 1 4  0.0025358734
0 5 3 4  -0.0000223412
0 5 5 4  0.0216614157
0 5 7 4  0.0023972906
0 6 0 4  -0.0037031475
0 6 2 4  -0.0000730150
0 6 4 4  0.0023972906
0 6 6 4  -0.0091373389
0 7 1 4  -0.0037031475
0 7 3 4  -0.0000730150
0 7 5 4  0.0023972906
0 7 7 4  -0.0091373389
0 8 8 4  -0.0100677065
0 9 9 4  -0.0100677065
0 10 10 4  -0.0100677065
0 11 11 4  -0.0100677065
0 0 2 6  0.0037031475
0 0 4 6  -0.0037031475
0 0 6 6  0.0425532854
0 1 3 6  0.0037031475
0 1 5 6  -0.0037031475
0 1 7 6  0.0425532854
0 2 0 6  0.0037031475
0 2 2 6  0.0127526286
0 2 6 6  -0.0036173690
0 3 1 6  0.0037031475
0 3 3 6  0.0127526286
0 3 7 6  -0.0036173690
0 4 0 6  -0.0037031475
0 4 4 6  -0.0127526286
0 4 6 6  -0.0036173690
0 5 1 6  -0.0037031475
0 5 5 6  -0.0127526286
0 5 7 6  -0.0036173690
0 6 0 6  0.0425532854
0 6 2 6  -0.0036173690
0 6 4 6  -0.0036173690
0 7 1 6  0.0425532854
0 7 3 6  -0.0036173690
0 7 5 6  -0.0036173690
0 0 8 8  0.0429229939
0 1 9 8  0.0429229939
0 2 8 8  -0.0035652595
0 3 9 8  -0.0035652595
0 4 8 8  -0.0035652595
0 5 9 8  -0.0035652595
0 8 0 8  0.0429229939
0 8 2 8  -0.0035652595
0 8 4 8  -0.0035652595
0 9 1 8  0.0429229939
0 9 3 8  -0.0035652595
0 9 5 8  -0.0035652595
0 0 10 10  0.0429229939
0 1 11 10  0.0429229939
0 2 10 10  -0.0035652595
0 3 11 10  -0.0035652595
0 4 10 10  -0.0035652595
0 5 11 10  -0.0035652595
0 10 0 10  0.0429229939
0 10 2 10  -0.0035652595
0 10 4 10  -0.0035652595
0 11 1 10  0.0429229939
0 11 3 10  -0.0035652595
0 11 5 10  -0.0035652595
1 0 0 1  0.1992974316
1 0 2 1  -0.0093749562
1 0 4 1  -0.0093749562
1 1 1 1  0.1992974316
1 1 3 1  -0.0093749562
1 1 5 1  -0.0093749562
1 2 0 1  -0.0093749562
1 2 2 1  0.0801595824
1 2 4 1  0.0002701019
1 2 6 1  0.0076458031
1 3 1 1  -0.0093749562
1 3 3 1  0.0801595824
1 3 5 1  0.0002701019
1 3 7 1  0.0076458031
1 4 0 1  -0.0093749562
1 4 2 1  0.0002701019
1 4 4 1  0.0801595824
1 4 6 1  -0.0076458031
1 5 1 1  -0.0093749562
1 5 3 1  0.0002701019
1 5 5 1  0.0801595824
1 5 7 1  -0.0076458031
1 6 2 1  0.0076458031
1 6 4 1  -0.0076458031
1 6 6 1  0.2029081667
1 7 3 1  0.0076458031
1 7 5 1  -0.0076458031
1 7 7 1  0.2029081667
1 8 8 1  0.2033292476
1 9 9 1  0.2033292476
1 10 10 1  0.2033292476
1 11 11 1  0.2033292476
1 0 0 3  -0.0093749562
1 0 2 3  0.0025358734
1 0 4 3  0.0002120001
1 0 6 3  0.0037031475
1 1 1 3  -0.0093749562
1 1 3 3  0.0025358734
1 1 5 3  0.0002120001
1 1 7 3  0.0037031475
1 2 0 3  0.0025358734
1 2 2 3  0.0216614157
1 2 4 3  -0.0000223412
1 2 6 3  -0.0023972906
1 3 1 3  0.0025358734
1 3 3 3  0.0216614157
1 3 5 3  -0.0000223412
1 3 7 3  -0.0023972906
1 4 0 3  0.0002120001
1 4 2 3  -0.0000223412
1 4 4 3  -0.0038517725
1 4 6 3  0.0000730150
1 5 1 3  0.0002120001
1 5 3 3  -0.0000223412
1 5 5 3  -0.0038517725
1 5 7 3  0.0000730150
1 6 0 3  0.0037031475
1 6 2 3  -0.0023972906
1 6 4 3  0.0000730150
1 6 6 3  -0.0091373389
1 7 1 3  0.0037031475
1 7 3 3  -0.0023972906
1 7 5 3  0.0000730150
1 7 7 3  -0.0091373389
1 8 8 3  -0.0100677065
1 9 9 3  -0.0100677065
1 10 10 3  -0.0100677065
1 11 11 3  -0.0100677065
1 0 0 5  -0.0093749562
1 0 2 5  0.0002120001
1 0 4 5  0.0025358734
1 0 6 5  -0.0037031475
1 1 1 5  -0.0093749562
1 1 3 5  0.0002120001
1 1 5 5  0.0025358734
1 1 7 5  -0.0037031475
1 2 0 5  0.0002120001
1 2 2 5  -0.0038517725
1 2 4 5  -0.0000223412
1 2 6 5  -0.0000730150
1 3 1 5  0.0002120001
1 3 3 5  -0.0038517725
1 3 5 5  -0.0000223412
1 3 7 5  -0.0000730150
1 4 0 5  0.0025358734
1 4 2 5  -0.0000223412
1 4 4 5  0.0216614157
1 4 6 5  0.0023972906
1 5 1 5  0.0025358734
1 5 3 5  -0.0000223412
1 5 5 5  0.0216614157
1 5 7 5  0.0023972906
1 6 0 5  -0.0037031475
1 6 2 5  -0.0000730150
1 6 4 5  0.0023972906
1 6 6 5  -0.0091373389
1 7 1 5  -0.0037031475
1 7 3 5  -0.0000730150
1 7 5 5  0.0023972906
1 7 7 5  -0.0091373389
1 8 8 5  -0.0100677065
1 9 9 5  -0.0100677065
1 10 10 5  -0.0100677065
1 11 11 5  -0.0100677065
1 0 2 7  0.0037031475
1 0 4 7  -0.0037031475
1 0 6 7  0.0425532854
1 1 3 7  0.0037031475
1 1 5 7  -0.0037031475
1 1 7 7  0.0425532854
1 2 0 7  0.0037031475
1 2 2 7  0.0127526286
1 2 6 7  -0.0036173690
1 3 1 7  0.0037031475
1 3 3 7  0.0127526286
1 3 7 7  -0.0036173690
1 4 0 7  -0.0037031475
1 4 4 7  -0.0127526286
1 4 6 7  -0.0036173690
1 5 1 7  -0.0037031475
1 5 5 7  -0.0127526286
1 5 7 7  -0.0036173690
1 6 0 7  0.0425532854
1 6 2 7  -0.0036173690
1 6 4 7  -0.0036173690
1 7 1 7  0.0425532854
1 7 3 7  -0.0036173690
1 7 5 7  -0.0036173690
1 0 8 9  0.0429229939
1 1 9 9  0.0429229939
1 2 8 9  -0.0035652595
1 3 9 9  -0.0035652595
1 4 8 9  -0.0035652595
1 5 9 9  -0.0035652595
1 8 0 9  0.0429229939
1 8 2 9  -0.0035652595
1 8 4 9  -0.0035652595
1 9 1 9  0.0429229939
1 9 3 9  -0.0035652595
1 9 5 9  -0.0035652595
1 0 10 11  0.0429229939
1 1 11 11  0.0429229939
1 2 10 11  -0.0035652595
1 3 11 11  -0.0035652595
1 4 10 11  -0.0035652595
1 5 11 11  -0.0035652595
1 10 0 11  0.0429229939
1 10 2 11  -0.0035652595
1 10 4 11  -0.0035652595
1 11 1 11  0.0429229939
1 11 3 11  -0.0035652595
1 11 5 11  -0.0035652595
2 0 0 0  -0.0093749562
2 0 2 0  0.0025358734
2 0 4 0  0.0002120001
2 0 6 0  0.0037031475
2 1 1 0  -0.0093749562
2 1 3 0  0.0025358734
2 1 5 0  0.0002120001
2 1 7 0  0.0037031475
2 2 0 0  0.0025358734
2 2 2 0  0.0216614157
2 2 4 0  -0.0000223412
2 2 6 0  -0.0023972906
2 3 1 0  0.0025358734
2 3 3 0  0.0216614157
2 3 5 0  -0.0000223412
2 3 7 0  -0.0023972906
2 4 0 0  0.0002120001
2 4 2 0  -0.0000223412
2 4 4 0  -0.0038517725
2 4 6 0  0.0000730150
2 5 1 0  0.0002120001
2 5 3 0  -0.0000223412
2 5 5 0  -0.0038517725
2 5 7 0  0.0000730150
2 6 0 0  0.0037031475
2 6 2 0  -0.0023972906
2 6 4 0  0.0000730150
2 6 6 0  -0.0091373389
2 7 1 0  0.0037031475
2 7 3 0  -0.0023972906
2 7 5 0  0.0000730150
2 7 7 0  -0.0091373389
2 8 8 0  -0.0100677065
2 9 9 0  -0.0100677065
2 10 10 0  -0.0100677065
2 11 11 0  -0.0100677065
2 0 0 2  0.0801595824
2 0 2 2  0.0216614157
2 0 4 2  -0.0038517725
2 0 6 2  0.0127526286
2 1 1 2  0.0801595824
2 1 3 2  0.0216614157
2 1 5 2  -0.0038517725
2 1 7 2  0.0127526286
2 2 0 2  0.0216614157
2 2 2 2  0.3813247829
2 2 4 2  0.0001287346
2 2 6 2  -0.0239479709
2 3 1 2  0.0216614157
2 3 3 2  0.3813247829
2 3 5 2  0.0001287346
2 3 7 2  -0.0239479709
2 4 0 2  -0.0038517725
2 4 2 2  0.0001287346
2 4 4 2  0.0399344644
2 4 6 2  -0.0037504471
2 5 1 2  -0.0038517725
2 5 3 2  0.0001287346
2 5 5 2  0.0399344644
2 5 7 2  -0.0037504471
2 6 0 2  0.0127526286
2 6 2 2  -0.0239479709
2 6 4 2  -0.0037504471
2 6 6 2  0.0847377362
2 7 1 2  0.0127526286
2 7 3 2  -0.0239479709
2 7 5 2  -0.0037504471
2 7 7 2  0.0847377362
2 8 8 2  0.0769012928
2 9 9 2  0.0769012928
2 10 10 2  0.0769012928
2 11 11 2  0.0769012928
2 0 0 4  0.0002701019
2 0 2 4  -0.0000223412
2 0 4 4  -0.0000223412
2 1 1 4  0.0002701019
2 1 3 4  -0.0000223412
2 1 5 4  -0.0000223412
2 2 0 4  -0.0000223412
2 2 2 4  0.0001287346
2 2 4 4  0.0000042534
2 2 6 4  -0.0000137512
2 3 1 4  -0.0000223412
2 3 3 4  0.0001287346
2 3 5 4  0.0000042534
2 3 7 4  -0.0000137512
2 4 0 4  -0.0000223412
2 4 2 4  0.0000042534
2 4 4 4  0.0001287346
2 4 6 4  0.0000137512
2 5 1 4  -0.0000223412
2 5 3 4  0.0000042534
2 5 5 4  0.0001287346
2 5 7 4  0.0000137512
2 6 2 4  -0.0000137512
2 6 4 4  0.0000137512
2 6 6 4  0.0001741837
2 7 3 4  -0.0000137512
2 7 5 4  0.0000137512
2 7 7 4  0.0001741837
2 8 8 4  0.0003420023
2 9 9 4  0.0003420023
2 10 10 4  0.0003420023
2 11 11 4  0.0003420023
2 0 0 6  0.0076458031
2 0 2 6  -0.0023972906
2 0 4 6  -0.0000730150
2 0 6 6  -0.0036173690
2 1 1 6  0.0076458031
2 1 3 6  -0.0023972906
2 1 5 6  -0.0000730150
2 1 7 6  -0.0036173690
2 2 0 6  -0.0023972906
2 2 2 6  -0.0239479709
2 2 4 6  -0.0000137512
2 2 6 6  0.0027729387
2 3 1 6  -0.0023972906
2 3 3 6  -0.0239479709
2 3 5 6  -0.0000137512
2 3 7 6  0.0027729387
2 4 0 6  -0.0000730150
2 4 2 6  -0.0000137512
2 4 4 6  0.0037504471
2 4 6 6  -0.0000625192
2 5 1 6  -0.0000730150
2 5 3 6  -0.0000137512
2 5 5 6  0.0037504471
2 5 7 6  -0.0000625192
2 6 0 6  -0.0036173690
2 6 2 6  0.0027729387
2 6 4 6  -0.0000625192
2 6 6 6  0.0086728692
2 7 1 6  -0.0036173690
2 7 3 6  0.0027729387
2 7 5 6  -0.0000625192
2 7 7 6  0.0086728692
2 8 8 6  0.0075875799
2 9 9 6  0.0075875799
2 10 10 6  0.0075875799
2 11 11 6  0.0075875799
2 0 8 8  -0.0035652595
2 1 9 8  -0.0035652595
2 2 8 8  0.0003405180
2 3 9 8  0.0003405180
2 4 8 8  0.0002584672
2 5 9 8  0.0002584672
2 6 8 8  0.0006784846
2 7 9 8  0.0006784846
2 8 0 8  -0.0035652595
2 8 2 8  0.0003405180
2 8 4 8  0.0002584672
2 8 6 8  0.0006784846
2 9 1 8  -0.0035652595
2 9 3 8  0.0003405180
2 9 5 8  0.0002584672
2 9 7 8  0.0006784846
2 0 10 10  -0.0035652595
2 1 11 10  -0.0035652595
2 2 10 10  0.0003405180
2 3 11 10  0.0003405180
2 4 10 10  0.0002584672
2 5 11 10  0.0002584672
2 6 10 10  0.0006784846
2 7 11 10  0.0006784846
2 10 0 10  -0.0035652595
2 10 2 10  0.0003405180
2 10 4 10  0.0002584672
2 10 6 10  0.0006784846
2 11 1 10  -0.0035652595
2 11 3 10  0.0003405180
2 11 5 10  0.0002584672
2 11 7 10  0.0006784846
3 0 0 1  -0.0093749562
3 0 2 1  0.0025358734
3 0 4 1  0.0002120001
3 0 6 1  0.0037031475
3 1 1 1  -0.0093749562
3 1 3 1  0.0025358734
3 1 5 1  0.0002120001
3 1 7 1  0.0037031475
3 2 0 1  0.0025358734
3 2 2 1  0.0216614157
3 2 4 1  -0.0000223412
3 2 6 1  -0.0023972906
3 3 1 1  0.0025358734
3 3 3 1  0.0216614157
3 3 5 1  -0.0000223412
3 3 7 1  -0.0023972906
3 4 0 1  0.0002120001
3 4 2 1  -0.0000223412
3 4 4 1  -0.0038517725
3 4 6 1  0.0000730150
3 5 1 1  0.0002120001
3 5 3 1  -0.0000223412
3 5 5 1  -0.0038517725
3 5 7 1  0.0000730150
3 6 0 1  0.0037031475
3 6 2 1  -0.0023972906
3 6 4 1  0.0000730150
3 6 6 1  -0.0091373389
3 7 1 1  0.0037031475
3 7 3 1  -0.0023972906
3 7 5 1  0.0000730150
3 7 7 1  -0.0091373389
3 8 8 1  -0.0100677065
3 9 9 1  -0.0100677065
3 10 10 1  -0.0100677065
3 11 11 1  -0.0100677065
3 0 0 3  0.0801595824
3 0 2 3  0.0216614157
3 0 4 3  -0.0038517725
3 0 6 3  0.0127526286
3 1 1 3  0.0801595824
3 1 3 3  0.0216614157
3 1 5 3  -0.0038517725
3 1 7 3  0.0127526286
3 2 0 3  0.0216614157
3 2 2 3  0.3813247829
3 2 4 3  0.0001287346
3 2 6 3  -0.0239479709
3 3 1 3  0.0216614157
3 3 3 3  0.3813247829
3 3 5 3  0.0001287346
3 3 7 3  -0.0239479709
3 4 0 3  -0.0038517725
3 4 2 3  0.0001287346
3 4 4 3  0.0399344644
3 4 6 3  -0.0037504471
3 5 1 3  -0.0038517725
3 5 3 3  0.0001287346
3 5 5 3  0.0399344644
3 5 7 3  -0.0037504471
3 6 0 3  0.0127526286
3 6 2 3  -0.0239479709
3 6 4 3  -0.0037504471
3 6 6 3  0.0847377362
3 7 1 3  0.0127526286
3 7 3 3  -0.0239479709
3 7 5 3  -0.0037504471
3 7 7 3  0.0847377362
3 8 8 3  0.0769012928
3 9 9 3  0.0769012928
3 10 10 3  0.0769012928
3 11 11 3  0.0769012928
3 0 0 5  0.0002701019
3 0 2 5  -0.0000223412
3 0 4 5  -0.0000223412
3 1 1 5  0.0002701019
3 1 3 5  -0.0000223412
3 1 5 5  -0.0000223412
3 2 0 5  -0.0000223412
3 2 2 5  0.0001287346
3 2 4 5  0.0000042534
3 2 6 5  -0.0000137512
3 3 1 5  -0.0000223412
3 3 3 5  0.0001287346
3 3 5 5  0.0000042534
3 3 7 5  -0.0000137512
3 4 0 5  -0.0000223412
3 4 2 5  0.0000042534
3 4 4 5  0.0001287346
3 4 6 5  0.0000137512
3 5 1 5  -0.0000223412
3 5 3 5  0.0000042534
3 5 5 5  0.0001287346
3 5 7 5  0.0000137512
3 6 2 5  -0.0000137512
3 6 4 5  0.0000137512
3 6 6 5  0.0001741837
3 7 3 5  -0.0000137512
3 7 5 5  0.0000137512
3 7 7 5  0.0001741837
3 8 8 5  0.0003420023
3 9 9 5  0.0003420023
3 10 10 5  0.0003420023
3 11 11 5  0.0003420023
3 0 0 7  0.0076458031
3 0 2 7  -0.0023972906
3 0 4 7  -0.0000730150
3 0 6 7  -0.0036173690
3 1 1 7  0.0076458031
3 1 3 7  -0.0023972906
3 1 5 7  -0.0000730150
3 1 7 7  -0.0036173690
3 2 0 7  -0.0023972906
3 2 2 7  -0.0239479709
3 2 4 7  -0.0000137512
3 2 6 7  0.0027729387
3 3 1 7  -0.0023972906
3 3 3 7  -0.0239479709
3 3 5 7  -0.0000137512
3 3 7 7  0.0027729387
3 4 0 7  -0.0000730150
3 4 2 7  -0.0000137512
3 4 4 7  0.0037504471
3 4 6 7  -0.0000625192
3 5 1 7  -0.0000730150
3 5 3 7  -0.0000137512
3 5 5 7  0.0037504471
3 5 7 7  -0.0000625192
3 6 0 7  -0.0036173690
3 6 2 7  0.0027729387
3 6 4 7  -0.0000625192
3 6 6 7  0.0086728692
3 7 1 7  -0.0036173690
3 7 3 7  0.0027729387
3 7 5 7  -0.0000625192
3 7 7 7  0.0086728692
3 8 8 7  0.0075875799
3 9 9 7  0.0075875799
3 10 10 7  0.0075875799
3 11 11 7  0.0075875799
3 0 8 9  -0.0035652595
3 1 9 9  -0.0035652595
3 2 8 9  0.0003405180
3 3 9 9  0.0003405180
3 4 8 9  0.0002584672
3 5 9 9  0.0002584672
3 6 8 9  0.0006784846
3 7 9 9  0.0006784846
3 8 0 9  -0.0035652595
3 8 2 9  0.0003405180
3 8 4 9  0.0002584672
3 8 6 9  0.0006784846
3 9 1 9  -0.0035652595
3 9 3 9  0.0003405180
3 9 5 9  0.0002584672
3 9 7 9  0.0006784846
3 0 10 11  -0.0035652595
3 1 11 11  -0.0035652595
3 2 10 11  0.0003405180
3 3 11 11  0.0003405180
3 4 10 11  0.0002584672
3 5 11 11  0.0002584672
3 6 10 11  0.0006784846
3 7 11 11  0.0006784846
3 10 0 11  -0.0035652595
3 10 2 11  0.0003405180
3 10 4 11  0.0002584672
3 10 6 11  0.0006784846
3 11 1 11  -0.0035652595
3 11 3 11  0.0003405180
3 11 5 11  0.0002584672
3 11 7 11  0.0006784846
4 0 0 0  -0.0093749562
4 0 2 0  0.0002120001
4 0 4 0  0.0025358734
4 0 6 0  -0.0037031475
4 1 1 0  -0.0093749562
4 1 3 0  0.0002120001
4 1 5 0  0.0025358734
4 1 7 0  -0.0037031475
4 2 0 0  0.0002120001
4 2 2 0  -0.0038517725
4 2 4 0  -0.0000223412
4 2 6 0  -0.0000730150
4 3 1 0  0.0002120001
4 3 3 0  -0.0038517725
4 3 5 0  -0.0000223412
4 3 7 0  -0.0000730150
4 4 0 0  0.0025358734
4 4 2 0  -0.0000223412
4 4 4 0  0.0216614157
4 4 6 0  0.0023972906
4 5 1 0  0.0025358734
4 5 3 0  -0.0000223412
4 5 5 0  0.0216614157
4 5 7 0  0.0023972906
4 6 0 0  -0.0037031475
4 6 2 0  -0.0000730150
4 6 4 0  0.0023972906
4 6 6 0  -0.0091373389
4 7 1 0  -0.0037031475
4 7 3 0  -0.0000730150
4 7 5 0  0.0023972906
4 7 7 0  -0.0091373389
4 8 8 0  -0.0100677065
4 9 9 0  -0.0100677065
4 10 10 0  -0.0100677065
4 11 11 0  -0.0100677065
4 0 0 2  0.0002701019
4 0 2 2  -0.0000223412
4 0 4 2  -0.0000223412
4 1 1 2  0.0002701019
4 1 3 2  -0.0000223412
4 1 5 2  -0.0000223412
4 2 0 2  -0.0000223412
4 2 2 2  0.0001287346
4 2 4 2  0.0000042534
4 2 6 2  -0.0000137512
4 3 1 2  -0.0000223412
4 3 3 2  0.0001287346
4 3 5 2  0.0000042534
4 3 7 2  -0.0000137512
4 4 0 2  -0.0000223412
4 4 2 2  0.0000042534
4 4 4 2  0.0001287346
4 4 6 2  0.0000137512
4 5 1 2  -0.0000223412
4 5 3 2  0.0000042534
4 5 5 2  0.0001287346
4 5 7 2  0.0000137512
4 6 2 2  -0.0000137512
4 6 4 2  0.0000137512
4 6 6 2  0.0001741837
4 7 3 2  -0.0000137512
4 7 5 2  0.0000137512
4 7 7 2  0.0001741837
4 8 8 2  0.0003420023
4 9 9 2  0.0003420023
4 10 10 2  0.0003420023
4 11 11 2  0.0003420023
4 0 0 4  0.0801595824
4 0 2 4  -0.0038517725
4 0 4 4  0.0216614157
4 0 6 4  -0.0127526286
4 1 1 4  0.0801595824
4 1 3 4  -0.0038517725
4 1 5 4  0.0216614157
4 1 7 4  -0.0127526286
4 2 0 4  -0.0038517725
4 2 2 4  0.0399344644
4 2 4 4  0.0001287346
4 2 6 4  0.0037504471
4 3 1 4  -0.0038517725
4 3 3 4  0.0399344644
4 3 5 4  0.0001287346
4 3 7 4  0.0037504471
4 4 0 4  0.0216614157
4 4 2 4  0.0001287346
4 4 4 4  0.3813247829
4 4 6 4  0.0239479709
4 5 1 4  0.0216614157
4 5 3 4  0.0001287346
4 5 5 4  0.3813247829
4 5 7 4  0.0239479709
4 6 0 4  -0.0127526286
4 6 2 4  0.0037504471
4 6 4 4  0.0239479709
4 6 6 4  0.0847377362
4 7 1 4  -0.0127526286
4 7 3 4  0.0037504471
4 7 5 4  0.0239479709
4 7 7 4  0.0847377362
4 8 8 4  0.0769012928
4 9 9 4  0.0769012928
4 10 10 4  0.0769012928
4 11 11 4  0.0769012928
4 0 0 6  -0.0076458031
4 0 2 6  0.0000730150
4 0 4 6  0.0023972906
4 0 6 6  -0.0036173690
4 1 1 6  -0.0076458031
4 1 3 6  0.0000730150
4 1 5 6  0.0023972906
4 1 7 6  -0.0036173690
4 2 0 6  0.0000730150
4 2 2 6  -0.0037504471
4 2 4 6  0.0000137512
4 2 6 6  -0.0000625192
4 3 1 6  0.0000730150
4 3 3 6  -0.0037504471
4 3 5 6  0.0000137512
4 3 7 6  -0.0000625192
4 4 0 6  0.0023972906
4 4 2 6  0.0000137512
4 4 4 6  0.0239479709
4 4 6 6  0.0027729387
4 5 1 6  0.0023972906
4 5 3 6  0.0000137512
4 5 5 6  0.0239479709
4 5 7 6  0.0027729387
4 6 0 6  -0.0036173690
4 6 2 6  -0.0000625192
4 6 4 6  0.0027729387
4 6 6 6  -0.0086728692
4 7 1 6  -0.0036173690
4 7 3 6  -0.0000625192
4 7 5 6  0.0027729387
4 7 7 6  -0.0086728692
4 8 8 6  -0.0075875799
4 9 9 6  -0.0075875799
4 10 10 6  -0.0075875799
4 11 11 6  -0.0075875799
4 0 8 8  -0.0035652595
4 1 9 8  -0.0035652595
4 2 8 8  0.0002584672
4 3 9 8  0.0002584672
4 4 8 8  0.0003405180
4 5 9 8  0.0003405180
4 6 8 8  -0.0006784846
4 7 9 8  -0.0006784846
4 8 0 8  -0.0035652595
4 8 2 8  0.0002584672
4 8 4 8  0.0003405180
4 8 6 8  -0.0006784846
4 9 1 8  -0.0035652595
4 9 3 8  0.0002584672
4 9 5 8  0.0003405180
4 9 7 8  -0.0006784846
4 0 10 10  -0.0035652595
4 1 11 10  -0.0035652595
4 2 10 10  0.0002584672
4 3 11 10  0.0002584672
4 4 10 10  0.0003405180
4 5 11 10  0.0003405180
4 6 10 10  -0.0006784846
4 7 11 10  -0.0006784846
4 10 0 10  -0.0035652595
4 10 2 10  0.0002584672
4 10 4 10  0.0003405180
4 10 6 10  -0.0006784846
4 11 1 10  -0.0035652595
4 11 3 10  0.0002584672
4 11 5 10  0.0003405180
4 11 7 10  -0.0006784846
5 0 0 1  -0.0093749562
5 0 2 1  0.0002120001
5 0 4 1  0.0025358734
5 0 6 1  -0.0037031475
5 1 1 1  -0.0093749562
5 1 3 1  0.0002120001
5 1 5 1  0.0025358734
5 1 7 1  -0.0037031475
5 2 0 1  0.0002120001
5 2 2 1  -0.0038517725
5 2 4 1  -0.0000223412
5 2 6 1  -0.0000730150
5 3 1 1  0.0002120001
5 3 3 1  -0.0038517725
5 3 5 1  -0.0000223412
5 3 7 1  -0.0000730150
5 4 0 1  0.0025358734
5 4 2 1  -0.0000223412
5 4 4 1  0.0216614157
5 4 6 1  0.0023972906
5 5 1 1  0.0025358734
5 5 3 1  -0.0000223412
5 5 5 1  0.0216614157
5 5 7 1  0.0023972906
5 6 0 1  -0.0037031475
5 6 2 1  -0.0000730150
5 6 4 1  0.0023972906
5 6 6 1  -0.0091373389
5 7 1 1  -0.0037031475
5 7 3 1  -0.0000730150
5 7 5 1  0.0023972906
5 7 7 1  -0.0091373389
5 8 8 1  -0.0100677065
5 9 9 1  -0.0100677065
5 10 10 1  -0.0100677065
5 11 11 1  -0.0100677065
5 0 0 3  0.0002701019
5 0 2 3  -0.0000223412
5 0 4 3  -0.0000223412
5 1 1 3  0.0002701019
5 1 3 3  -0.0000223412
5 1 5 3  -0.0000223412
5 2 0 3  -0.0000223412
5 2 2 3  0.0001287346
5 2 4 3  0.0000042534
5 2 6 3  -0.0000137512
5 3 1 3  -0.0000223412
5 3 3 3  0.0001287346
5 3 5 3  0.0000042534
5 3 7 3  -0.0000137512
5 4 0 3  -0.0000223412
5 4 2 3  0.0000042534
5 4 4 3  0.0001287346
5 4 6 3  0.0000137512
5 5 1 3  -0.0000223412
5 5 3 3  0.0000042534
5 5 5 3  0.0001287346
5 5 7 3  0.0000137512
5 6 2 3  -0.0000137512
5 6 4 3  0.0000137512
5 6 6 3  0.0001741837
5 7 3 3  -0.0000137512
5 7 5 3  0.0000137512
5 7 7 3  0.0001741837
5 8 8 3  0.0003420023
5 9 9 3  0.0003420023
5 10 10 3  0.0003420023
5 11 11 3  0.0003420023
5 0 0 5  0.0801595824
5 0 2 5  -0.0038517725
5 0 4 5  0.0216614157
5 0 6 5  -0.0127526286
5 1 1 5  0.0801595824
5 1 3 5  -0.0038517725
5 1 5 5  0.0216614157
5 1 7 5  -0.0127526286
5 2 0 5  -0.0038517725
5 2 2 5  0.0399344644
5 2 4 5  0.0001287346
5 2 6 5  0.0037504471
5 3 1 5  -0.0038517725
5 3 3 5  0.0399344644
5 3 5 5  0.0001287346
5 3 7 5  0.0037504471
5 4 0 5  0.0216614157
5 4 2 5  0.0001287346
5 4 4 5  0.3813247829
5 4 6 5  0.0239479709
5 5 1 5  0.0216614157
5 5 3 5  0.0001287346
5 5 5 5  0.3813247829
5 5 7 5  0.0239479709
5 6 0 5  -0.0127526286
5 6 2 5  0.0037504471
5 6 4 5  0.0239479709
5 6 6 5  0.0847377362
5 7 1 5  -0.0127526286
5 7 3 5  0.0037504471
5 7 5 5  0.0239479709
5 7 7 5  0.0847377362
5 8 8 5  0.0769012928
5 9 9 5  0.0769012928
5 10 10 5  0.0769012928
5 11 11 5  0.0769012928
5 0 0 7  -0.0076458031
5 0 2 7  0.0000730150
5 0 4 7  0.0023972906
5 0 6 7  -0.0036173690
5 1 1 7  -0.0076458031
5 1 3 7  0.0000730150
5 1 5 7  0.0023972906
5 1 7 7  -0.0036173690
5 2 0 7  0.0000730150
5 2 2 7  -0.0037504471
5 2 4 7  0.0000137512
5 2 6 7  -0.0000625192
5 3 1 7  0.0000730150
5 3 3 7  -0.0037504471
5 3 5 7  0.0000137512
5 3 7 7  -0.0000625192
5 4 0 7  0.0023972906
5 4 2 7  0.0000137512
5 4 4 7  0.0239479709
5 4 6 7  0.0027729387
5 5 1 7  0.0023972906
5 5 3 7  0.0000137512
5 5 5 7  0.0239479709
5 5 7 7  0.0027729387
5 6 0 7  -0.0036173690
5 6 2 7  -0.0000625192
5 6 4 7  0.0027729387
5 6 6 7  -0.0086728692
5 7 1 7  -0.0036173690
5 7 3 7  -0.0000625192
5 7 5 7  0.0027729387
5 7 7 7  -0.0086728692
5 8 8 7  -0.0075875799
5 9 9 7  -0.0075875799
5 10 10 7  -0.0075875799
5 11 11 7  -0.0075875799
5 0 8 9  -0.0035652595
5 1 9 9  -0.0035652595
5 2 8 9  0.0002584672
5 3 9 9  0.0002584672
5 4 8 9  0.0003405180
5 5 9 9  0.0003405180
5 6 8 9  -0.0006784846
5 7 9 9  -0.0006784846
5 8 0 9  -0.0035652595
5 8 2 9  0.0002584672
5 8 4 9  0.0003405180
5 8 6 9  -0.0006784846
5 9 1 9  -0.0035652595
5 9 3 9  0.0002584672
5 9 5 9  0.0003405180
5 9 7 9  -0.0006784846
5 0 10 11  -0.0035652595
5 1 11 11  -0.0035652595
5 2 10 11  0.0002584672
5 3 11 11  0.0002584672
5 4 10 11  0.0003405180
5 5 11 11  0.0003405180
5 6 10 11  -0.0006784846
5 7 11 11  -0.0006784846
5 10 0 11  -0.0035652595
5 10 2 11  0.0002584672
5 10 4 11  0.0003405180
5 10 6 11  -0.0006784846
5 11 1 11  -0.0035652595
5 11 3 11  0.0002584672
5 11 5 11  0.0003405180
5 11 7 11  -0.0006784846
6 0 2 0  0.0037031475
6 0 4 0  -0.0037031475
6 0 6 0  0.0425532854
6 1 3 0  0.0037031475
6 1 5 0  -0.0037031475
6 1 7 0  0.0425532854
6 2 0 0  0.0037031475
6 2 2 0  0.0127526286
6 2 6 0  -0.0036173690
6 3 1 0  0.0037031475
6 3 3 0  0.0127526286
6 3 7 0  -0.0036173690
6 4 0 0  -0.0037031475
6 4 4 0  -0.0127526286
6 4 6 0  -0.0036173690
6 5 1 0  -0.0037031475
6 5 5 0  -0.0127526286
6 5 7 0  -0.0036173690
6 6 0 0  0.0425532854
6 6 2 0  -0.0036173690
6 6 4 0  -0.0036173690
6 7 1 0  0.0425532854
6 7 3 0  -0.0036173690
6 7 5 0  -0.0036173690
6 0 0 2  0.0076458031
6 0 2 2  -0.0023972906
6 0 4 2  -0.0000730150
6 0 6 2  -0.0036173690
6 1 1 2  0.0076458031
6 1 3 2  -0.0023972906
6 1 5 2  -0.0000730150
6 1 7 2  -0.0036173690
6 2 0 2  -0.0023972906
6 2 2 2  -0.0239479709
6 2 4 2  -0.0000137512
6 2 6 2  0.0027729387
6 3 1 2  -0.0023972906
6 3 3 2  -0.0239479709
6 3 5 2  -0.0000137512
6 3 7 2  0.0027729387
6 4 0 2  -0.0000730150
6 4 2 2  -0.0000137512
6 4 4 2  0.0037504471
6 4 6 2  -0.0000625192
6 5 1 2  -0.0000730150
6 5 3 2  -0.0000137512
6 5 5 2  0.0037504471
6 5 7 2  -0.0000625192
6 6 0 2  -0.0036173690
6 6 2 2  0.0027729387
6 6 4 2  -0.0000625192
6 6 6 2  0.0086728692
6 7 1 2  -0.0036173690
6 7 3 2  0.0027729387
6 7 5 2  -0.0000625192
6 7 7 2  0.0086728692
6 8 8 2  0.0075875799
6 9 9 2  0.0075875799
6 10 10 2  0.0075875799
6 11 11 2  0.0075875799
6 0 0 4  -0.0076458031
6 0 2 4  0.0000730150
6 0 4 4  0.0023972906
6 0 6 4  -0.0036173690
6 1 1 4  -0.0076458031
6 1 3 4  0.0000730150
6 1 5 4  0.0023972906
6 1 7 4  -0.0036173690
6 2 0 4  0.0000730150
6 2 2 4  -0.0037504471
6 2 4 4  0.0000137512
6 2 6 4  -0.0000625192
6 3 1 4  0.0000730150
6 3 3 4  -0.0037504471
6 3 5 4  0.0000137512
6 3 7 4  -0.0000625192
6 4 0 4  0.0023972906
6 4 2 4  0.0000137512
6 4 4 4  0.0239479709
6 4 6 4  0.0027729387
6 5 1 4  0.0023972906
6 5 3 4  0.0000137512
6 5 5 4  0.0239479709
6 5 7 4  0.0027729387
6 6 0 4  -0.0036173690
6 6 2 4  -0.0000625192
6 6 4 4  0.0027729387
6 6 6 4  -0.0086728692
6 7 1 4  -0.0036173690
6 7 3 4  -0.0000625192
6 7 5 4  0.0027729387
6 7 7 4  -0.0086728692
6 8 8 4  -0.0075875799
6 9 9 4  -0.0075875799
6 10 10 4  -0.0075875799
6 11 11 4  -0.0075875799
6 0 0 6  0.2029081667
6 0 2 6  -0.0091373389
6 0 4 6  -0.0091373389
6 1 1 6  0.2029081667
6 1 3 6  -0.0091373389
6 1 5 6  -0.0091373389
6 2 0 6  -0.0091373389
6 2 2 6  0.0847377362
6 2 4 6  0.0001741837
6 2 6 6  0.0086728692
6 3 1 6  -0.0091373389
6 3 3 6  0.0847377362
6 3 5 6  0.0001741837
6 3 7 6  0.0086728692
6 4 0 6  -0.0091373389
6 4 2 6  0.0001741837
6 4 4 6  0.0847377362
6 4 6 6  -0.0086728692
6 5 1 6  -0.0091373389
6 5 3 6  0.0001741837
6 5 5 6  0.0847377362
6 5 7 6  -0.0086728692
6 6 2 6  0.0086728692
6 6 4 6  -0.0086728692
6 6 6 6  0.2236047369
6 7 3 6  0.0086728692
6 7 5 6  -0.0086728692
6 7 7 6  0.2236047369
6 8 8 6  0.2001535087
6 9 9 6  0.2001535087
6 10 10 6  0.2001535087
6 11 11 6  0.2001535087
6 2 8 8  0.0006784846
6 3 9 8  0.0006784846
6 4 8 8  -0.0006784846
6 5 9 8  -0.0006784846
6 6 8 8  0.0120969745
6 7 9 8  0.0120969745
6 8 2 8  0.0006784846
6 8 4 8  -0.0006784846
6 8 6 8  0.0120969745
6 9 3 8  0.0006784846
6 9 5 8  -0.0006784846
6 9 7 8  0.0120969745
6 2 10 10  0.0006784846
6 3 11 10  0.0006784846
6 4 10 10  -0.0006784846
6 5 11 10  -0.0006784846
6 6 10 10  0.0120969745
6 7 11 10  0.0120969745
6 10 2 10  0.0006784846
6 10 4 10  -0.0006784846
6 10 6 10  0.0120969745
6 11 3 10  0.0006784846
6 11 5 10  -0.0006784846
6 11 7 10  0.0120969745
7 0 2 1  0.0037031475
7 0 4 1  -0.0037031475
7 0 6 1  0.0425532854
7 1 3 1  0.0037031475
7 1 5 1  -0.0037031475
7 1 7 1  0.0425532854
7 2 0 1  0.0037031475
7 2 2 1  0.0127526286
7 2 6 1  -0.0036173690
7 3 1 1  0.0037031475
7 3 3 1  0.0127526286
7 3 7 1  -0.0036173690
7 4 0 1  -0.0037031475
7 4 4 1  -0.0127526286
7 4 6 1  -0.0036173690
7 5 1 1  -0.0037031475
7 5 5 1  -0.0127526286
7 5 7 1  -0.0036173690
7 6 0 1  0.0425532854
7 6 2 1  -0.0036173690
7 6 4 1  -0.0036173690
7 7 1 1  0.0425532854
7 7 3 1  -0.0036173690
7 7 5 1  -0.0036173690
7 0 0 3  0.0076458031
7 0 2 3  -0.0023972906
7 0 4 3  -0.0000730150
7 0 6 3  -0.0036173690
7 1 1 3  0.0076458031
7 1 3 3  -0.0023972906
7 1 5 3  -0.0000730150
7 1 7 3  -0.0036173690
7 2 0 3  -0.0023972906
7 2 2 3  -0.0239479709
7 2 4 3  -0.0000137512
7 2 6 3  0.0027729387
7 3 1 3  -0.0023972906
7 3 3 3  -0.0239479709
7 3 5 3  -0.0000137512
7 3 7 3  0.0027729387
7 4 0 3  -0.0000730150
7 4 2 3  -0.0000137512
7 4 4 3  0.0037504471
7 4 6 3  -0.0000625192
7 5 1 3  -0.0000730150
7 5 3 3  -0.0000137512
7 5 5 3  0.0037504471
7 5 7 3  -0.0000625192
7 6 0 3  -0.0036173690
7 6 2 3  0.0027729387
7 6 4 3  -0.0000625192
7 6 6 3  0.0086728692
7 7 1 3  -0.0036173690
7 7 3 3  0.0027729387
7 7 5 3  -0.0000625192
7 7 7 3  0.0086728692
7 8 8 3  0.0075875799
7 9 9 3  0.0075875799
7 10 10 3  0.0075875799
7 11 11 3  0.0075875799
7 0 0 5  -0.0076458031
7 0 2 5  0.0000730150
7 0 4 5  0.0023972906
7 0 6 5  -0.0036173690
7 1 1 5  -0.0076458031
7 1 3 5  0.0000730150
7 1 5 5  0.0023972906
7 1 7 5  -0.0036173690
7 2 0 5  0.0000730150
7 2 2 5  -0.0037504471
7 2 4 5  0.0000137512
7 2 6 5  -0.0000625192
7 3 1 5  0.0000730150
7 3 3 5  -0.0037504471
7 3 5 5  0.0000137512
7 3 7 5  -0.0000625192
7 4 0 5  0.0023972906
7 4 2 5  0.0000137512
7 4 4 5  0.0239479709
7 4 6 5  0.0027729387
7 5 1 5  0.0023972906
7 5 3 5  0.0000137512
7 5 5 5  0.0239479709
7 5 7 5  0.0027729387
7 6 0 5  -0.0036173690
7 6 2 5  -0.0000625192
7 6 4 5  0.0027729387
7 6 6 5  -0.0086728692
7 7 1 5  -0.0036173690
7 7 3 5  -0.0000625192
7 7 5 5  0.0027729387
7 7 7 5  -0.0086728692
7 8 8 5  -0.0075875799
7 9 9 5  -0.0075875799
7 10 10 5  -0.0075875799
7 11 11 5  -0.0075875799
7 0 0 7  0.2029081667
7 0 2 7  -0.0091373389
7 0 4 7  -0.0091373389
7 1 1 7  0.2029081667
7 1 3 7  -0.0091373389
7 1 5 7  -0.0091373389
7 2 0 7  -0.0091373389
7 2 2 7  0.0847377362
7 2 4 7  0.0001741837
7 2 6 7  0.0086728692
7 3 1 7  -0.0091373389
7 3 3 7  0.0847377362
7 3 5 7  0.0001741837
7 3 7 7  0.0086728692
7 4 0 7  -0.0091373389
7 4 2 7  0.0001741837
7 4 4 7  0.0847377362
7 4 6 7  -0.0086728692
7 5 1 7  -0.0091373389
7 5 3 7  0.0001741837
7 5 5 7  0.0847377362
7 5 7 7  -0.0086728692
7 6 2 7  0.0086728692
7 6 4 7  -0.0086728692
7 6 6 7  0.2236047369
7 7 3 7  0.0086728692
7 7 5 7  -0.0086728692
7 7 7 7  0.2236047369
7 8 8 7  0.2001535087
7 9 9 7  0.2001535087
7 10 10 7  0.2001535087
7 11 11 7  0.2001535087
7 2 8 9  0.0006784846
7 3 9 9  0.0006784846
7 4 8 9  -0.0006784846
7 5 9 9  -0.0006784846
7 6 8 9  0.0120969745
7 7 9 9  0.0120969745
7 8 2 9  0.0006784846
7 8 4 9  -0.0006784846
7 8 6 9  0.0120969745
7 9 3 9  0.0006784846
7 9 5 9  -0.0006784846
7 9 7 9  0.0120969745
7 2 10 11  0.0006784846
7 3 11 11  0.0006784846
7 4 10 11  -0.0006784846
7 5 11 11  -0.0006784846
7 6 10 11  0.0120969745
7 7 11 11  0.0120969745
7 10 2 11  0.0006784846
7 10 4 11  -0.0006784846
7 10 6 11  0.0120969745
7 11 3 11  0.0006784846
7 11 5 11  -0.0006784846
7 11 7 11  0.0120969745
8 0 8 0  0.0429229939
8 1 9 0  0.0429229939
8 2 8 0  -0.0035652595
8 3 9 0  -0.0035652595
8 4 8 0  -0.0035652595
8 5 9 0  -0.0035652595
8 8 0 0  0.0429229939
8 8 2 0  -0.0035652595
8 8 4 0  -0.0035652595
8 9 1 0  0.0429229939
8 9 3 0  -0.0035652595
8 9 5 0  -0.0035652595
8 0 8 2  -0.0035652595
8 1 9 2  -0.0035652595
8 2 8 2  0.0003405180
8 3 9 2  0.0003405180
8 4 8 2  0.0002584672
8 5 9 2  0.0002584672
8 6 8 2  0.0006784846
8 7 9 2  0.0006784846
8 8 0 2  -0.0035652595
8 8 2 2  0.0003405180
8 8 4 2  0.0002584672
8 8 6 2  0.0006784846
8 9 1 2  -0.0035652595
8 9 3 2  0.0003405180
8 9 5 2  0.0002584672
8 9 7 2  0.0006784846
8 0 8 4  -0.0035652595
8 1 9 4  -0.0035652595
8 2 8 4  0.0002584672
8 3 9 4  0.0002584672
8 4 8 4  0.0003405180
8 5 9 4  0.0003405180
8 6 8 4  -0.0006784846
8 7 9 4  -0.0006784846
8 8 0 4  -0.0035652595
8 8 2 4  0.0002584672
8 8 4 4  0.0003405180
8 8 6 4  -0.0006784846
8 9 1 4  -0.0035652595
8 9 3 4  0.0002584672
8 9 5 4  0.0003405180
8 9 7 4  -0.0006784846
8 2 8 6  0.0006784846
8 3 9 6  0.0006784846
8 4 8 6  -0.0006784846
8 5 9 6  -0.0006784846
8 6 8 6  0.0120969745
8 7 9 6  0.0120969745
8 8 2 6  0.0006784846
8 8 4 6  -0.0006784846
8 8 6 6  0.0120969745
8 9 3 6  0.0006784846
8 9 5 6  -0.0006784846
8 9 7 6  0.0120969745
8 0 0 8  0.2033292476
8 0 2 8  -0.0100677065
8 0 4 8  -0.0100677065
8 1 1 8  0.2033292476
8 1 3 8  -0.0100677065
8 1 5 8  -0.0100677065
8 2 0 8  -0.0100677065
8 2 2 8  0.0769012928
8 2 4 8  0.0003420023
8 2 6 8  0.0075875799
8 3 1 8  -0.0100677065
8 3 3 8  0.0769012928
8 3 5 8  0.0003420023
8 3 7 8  0.0075875799
8 4 0 8  -0.0100677065
8 4 2 8  0.0003420023
8 4 4 8  0.0769012928
8 4 6 8  -0.0075875799
8 5 1 8  -0.0100677065
8 5 3 8  0.0003420023
8 5 5 8  0.0769012928
8 5 7 8  -0.0075875799
8 6 2 8  0.0075875799
8 6 4 8  -0.0075875799
8 6 6 8  0.2001535087
8 7 3 8  0.0075875799
8 7 5 8  -0.0075875799
8 7 7 8  0.2001535087
8 8 8 8  0.2249295453
8 9 9 8  0.2249295453
8 10 10 8  0.2006801623
8 11 11 8  0.2006801623
8 8 10 10  0.0121246913
8 9 11 10  0.0121246913
8 10 8 10  0.0121246913
8 11 9 10  0.0121246913
9 0 8 1  0.0429229939
9 1 9 1  0.0429229939
9 2 8 1  -0.0035652595
9 3 9 1  -0.0035652595
9 4 8 1  -0.0035652595
9 5 9 1  -0.0035652595
9 8 0 1  0.0429229939
9 8 2 1  -0.0035652595
9 8 4 1  -0.0035652595
9 9 1 1  0.0429229939
9 9 3 1  -0.0035652595
9 9 5 1  -0.0035652595
9 0 8 3  -0.0035652595
9 1 9 3  -0.0035652595
9 2 8 3  0.0003405180
9 3 9 3  0.0003405180
9 4 8 3  0.0002584672
9 5 9 3  0.0002584672
9 6 8 3  0.0006784846
9 7 9 3  0.0006784846
9 8 0 3  -0.0035652595
9 8 2 3  0.0003405180
9 8 4 3  0.0002584672
9 8 6 3  0.0006784846
9 9 1 3  -0.0035652595
9 9 3 3  0.0003405180
9 9 5 3  0.0002584672
9 9 7 3  0.0006784846
9 0 8 5  -0.0035652595
9 1 9 5  -0.0035652595
9 2 8 5  0.0002584672
9 3 9 5  0.0002584672
9 4 8 5  0.0003405180
9 5 9 5  0.0003405180
9 6 8 5  -0.0006784846
9 7 9 5  -0.0006784846
9 8 0 5  -0.0035652595
9 8 2 5  0.0002584672
9 8 4 5  0.0003405180
9 8 6 5  -0.0006784846
9 9 1 5  -0.0035652595
9 9 3 5  0.0002584672
9 9 5 5  0.0003405180
9 9 7 5  -0.0006784846
9 2 8 7  0.0006784846
9 3 9 7  0.0006784846
9 4 8 7  -0.0006784846
9 5 9 7  -0.0006784846
9 6 8 7  0.0120969745
9 7 9 7  0.0120969745
9 8 2 7  0.0006784846
9 8 4 7  -0.0006784846
9 8 6 7  0.0120969745
9 9 3 7  0.0006784846
9 9 5 7  -0.0006784846
9 9 7 7  0.0120969745
9 0 0 9  0.2033292476
9 0 2 9  -0.0100677065
9 0 4 9  -0.0100677065
9 1 1 9  0.2033292476
9 1 3 9  -0.0100677065
9 1 5 9  -0.0100677065
9 2 0 9  -0.0100677065
9 2 2 9  0.0769012928
9 2 4 9  0.0003420023
9 2 6 9  0.0075875799
9 3 1 9  -0.0100677065
9 3 3 9  0.0769012928
9 3 5 9  0.0003420023
9 3 7 9  0.0075875799
9 4 0 9  -0.0100677065
9 4 2 9  0.0003420023
9 4 4 9  0.0769012928
9 4 6 9  -0.0075875799
9 5 1 9  -0.0100677065
9 5 3 9  0.0003420023
9 5 5 9  0.0769012928
9 5 7 9  -0.0075875799
9 6 2 9  0.0075875799
9 6 4 9  -0.0075875799
9 6 6 9  0.2001535087
9 7 3 9  0.0075875799
9 7 5 9  -0.0075875799
9 7 7 9  0.2001535087
9 8 8 9  0.2249295453
9 9 9 9  0.2249295453
9 10 10 9  0.2006801623
9 11 11 9  0.2006801623
9 8 10 11  0.0121246913
9 9 11 11  0.0121246913
9 10 8 11  0.0121246913
9 11 9 11  0.0121246913
10 0 10 0  0.0429229939
10 1 11 0  0.0429229939
10 2 10 0  -0.0035652595
10 3 11 0  -0.0035652595
10 4 10 0  -0.0035652595
10 5 11 0  -0.0035652595
10 10 0 0  0.0429229939
10 10 2 0  -0.0035652595
10 10 4 0  -0.0035652595
10 11 1 0  0.0429229939
10 11 3 0  -0.0035652595
10 11 5 0  -0.0035652595
10 0 10 2  -0.0035652595
10 1 11 2  -0.0035652595
10 2 10 2  0.0003405180
10 3 11 2  0.0003405180
10 4 10 2  0.0002584672
10 5 11 2  0.0002584672
10 6 10 2  0.0006784846
10 7 11 2  0.0006784846
10 10 0 2  -0.0035652595
10 10 2 2  0.0003405180
10 10 4 2  0.0002584672
10 10 6 2  0.0006784846
10 11 1 2  -0.0035652595
10 11 3 2  0.0003405180
10 11 5 2  0.0002584672
10 11 7 2  0.0006784846
10 0 10 4  -0.0035652595
10 1 11 4  -0.0035652595
10 2 10 4  0.0002584672
10 3 11 4  0.0002584672
10 4 10 4  0.0003405180
10 5 11 4  0.0003405180
10 6 10 4  -0.0006784846
10 7 11 4  -0.0006784846
10 10 0 4  -0.0035652595
10 10 2 4  0.0002584672
10 10 4 4  0.0003405180
10 10 6 4  -0.0006784846
10 11 1 4  -0.0035652595
10 11 3 4  0.0002584672
10 11 5 4  0.0003405180
10 11 7 4  -0.0006784846
10 2 10 6  0.0006784846
10 3 11 6  0.0006784846
10 4 10 6  -0.0006784846
10 5 11 6  -0.0006784846
10 6 10 6  0.0120969745
10 7 11 6  0.0120969745
10 10 2 6  0.0006784846
10 10 4 6  -0.0006784846
10 10 6 6  0.0120969745
10 11 3 6  0.0006784846
10 11 5 6  -0.0006784846
10 11 7 6  0.0120969745
10 8 10 8  0.0121246913
10 9 11 8  0.0121246913
10 10 8 8  0.0121246913
10 11 9 8  0.0121246913
10 0 0 10  0.2033292476
10 0 2 10  -0.0100677065
10 0 4 10  -0.0100677065
10 1 1 10  0.2033292476
10 1 3 10  -0.0100677065
10 1 5 10  -0.0100677065
10 2 0 10  -0.0100677065
10 2 2 10  0.0769012928
10 2 4 10  0.0003420023
10 2 6 10  0.0075875799
10 3 1 10  -0.0100677065
10 3 3 10  0.0769012928
10 3 5 10  0.0003420023
10 3 7 10  0.0075875799
10 4 0 10  -0.0100677065
10 4 2 10  0.0003420023
10 4 4 10  0.0769012928
10 4 6 10  -0.0075875799
10 5 1 10  -0.0100677065
10 5 3 10  0.0003420023
10 5 5 10  0.0769012928
10 5 7 10  -0.0075875799
10 6 2 10  0.0075875799
10 6 4 10  -0.0075875799
10 6 6 10  0.2001535087
10 7 3 10  0.0075875799
10 7 5 10  -0.0075875799
10 7 7 10  0.2001535087
10 8 8 10  0.2006801623
10 9 9 10  0.2006801623
10 10 10 10  0.2249295453
10 11 11 10  0.2249295453
11 0 10 1  0.0429229939
11 1 11 1  0.0429229939
11 2 10 1  -0.0035652595
11 3 11 1  -0.0035652595
11 4 10 1  -0.0035652595
11 5 11 1  -0.0035652595
11 10 0 1  0.0429229939
11 10 2 1  -0.0035652595
11 10 4 1  -0.0035652595
11 11 1 1  0.0429229939
11 11 3 1  -0.0035652595
11 11 5 1  -0.0035652595
11 0 10 3  -0.0035652595
11 1 11 3  -0.0035652595
11 2 10 3  0.0003405180
11 3 11 3  0.0003405180
11 4 10 3  0.0002584672
11 5 11 3  0.0002584672
11 6 10 3  0.0006784846
11 7 11 3  0.0006784846
11 10 0 3  -0.0035652595
11 10 2 3  0.0003405180
11 10 4 3  0.0002584672
11 10 6 3  0.0006784846
11 11 1 3  -0.0035652595
11 11 3 3  0.0003405180
11 11 5 3  0.0002584672
11 11 7 3  0.0006784846
11 0 10 5  -0.0035652595
11 1 11 5  -0.0035652595
11 2 10 5  0.0002584672
11 3 11 5  0.0002584672
11 4 10 5  0.0003405180
11 5 11 5  0.0003405180
11 6 10 5  -0.0006784846
11 7 11 5  -0.0006784846
11 10 0 5  -0.0035652595
11 10 2 5  0.0002584672
11 10 4 5  0.0003405180
11 10 6 5  -0.0006784846
11 11 1 5  -0.0035652595
11 11 3 5  0.0002584672
11 11 5 5  0.0003405180
11 11 7 5  -0.0006784846
11 2 10 7  0.0006784846
11 3 11 7  0.0006784846
11 4 10 7  -0.0006784846
11 5 11 7  -0.0006784846
11 6 10 7  0.0120969745
11 7 11 7  0.0120969745
11 10 2 7  0.0006784846
11 10 4 7  -0.0006784846
11 10 6 7  0.0120969745
11 11 3 7  0.0006784846
11 11 5 7  -0.0006784846
11 11 7 7  0.0120969745
11 8 10 9  0.0121246913
11 9 11 9  0.0121246913
11 10 8 9  0.0121246913
11 11 9 9  0.0121246913
11 0 0 11  0.2033292476
11 0 2 11  -0.0100677065
11 0 4 11  -0.0100677065
11 1 1 11  0.2033292476
11 1 3 11  -0.0100677065
11 1 5 11  -0.0100677065
11 2 0 11  -0.0100677065
11 2 2 11  0.0769012928
11 2 4 11  0.0003420023
11 2 6 11  0.0075875799
11 3 1 11  -0.0100677065
11 3 3 11  0.0769012928
11 3 5 11  0.0003420023
11 3 7 11  0.0075875799
11 4 0 11  -0.0100677065
11 4 2 11  0.0003420023
11 4 4 11  0.0769012928
11 4 6 11  -0.0075875799
11 5 1 11  -0.0100677065
11 5 3 11  0.0003420023
11 5 5 11  0.0769012928
11 5 7 11  -0.0075875799
11 6 2 11  0.0075875799
11 6 4 11  -0.0075875799
11 6 6 11  0.2001535087
11 7 3 11  0.0075875799
11 7 5 11  -0.0075875799
11 7 7 11  0.2001535087
11 8 8 11  0.2006801623
11 9 9 11  0.2006801623
11 10 10 11  0.2249295453
11 11 11 11  0.2249295453
