-12.695605693492475
0 0  -0.9914649415
0 2  -0.0042583315
0 4  -0.0042583315
1 1  -0.9914649415
1 3  -0.0042583315
1 5  -0.0042583315
2 0  -0.0042583315
2 2  -0.8804354887
2 4  0.0058735421
2 6  0.0226492019
3 1  -0.0042583315
3 3  -0.8804354887
3 5  0.0058735421
3 7  0.0226492019
4 0  -0.0042583315
4 2  0.0058735421
4 4  -0.8804354887
4 6  -0.0226492019
5 1  -0.0042583315
5 3  0.0058735421
5 5  -0.8804354887
5 7  -0.0226492019
6 2  0.0226492019
6 4  -0.0226492019
6 6  -0.8487652066
7 3  0.0226492019
7 5  -0.0226492019
7 7  -0.8487652066
8 8  -0.8315873906
9 9  -0.8315873906
10 10  -0.8315873906
11 11  -0.8315873906
0 0 0 0  0.1970970915
0 0 2 0  -0.0121189819
0 0 4 0  -0.0121189819
0 1 1 0  0.1970970915
0 1 3 0  -0.0121189819
0 1 5 0  -0.0121189819
0 2 0 0  -0.0121189819
0 2 2 0  0.0870038205
0 2 4 0  0.0004660688
0 2 6 0  -0.0100270311
0 3 1 0  -0.0121189819
0 3 3 0  0.0870038205
0 3 5 0  0.0004660688
0 3 7 0  -0.0100270311
0 4 0 0  -0.0121189819
0 4 2 0  0.0004660688
0 4 4 0  0.0870038205
0 4 6 0  0.0100270311
0 5 1 0  -0.0121189819
0 5 3 0  0.0004660688
0 5 5 0  0.0870038205
0 5 7 0  0.0100270311
0 6 2 0  -0.0100270311
0 6 4 0  0.0100270311
0 6 6 0  0.2013167996
0 7 3 0  -0.0100270311
0 7 5 0  0.0100270311
0 7 7 0  0.2013167996
0 8 8 0  0.2021103706
0 9 9 0  0.2021103706
0 10 10 0  0.2021103706
0 11 11 0  0.2021103706
0 0 0 2  -0.0121189819
0 0 2 2  0.0047825161
0 0 4 2  0.0002718418
0 0 6 2  -0.0051243457
0 1 1 2  -0.0121189819
0 1 3 2  0.0047825161
0 1 5 2  0.0002718418
0 1 7 2  -0.0051243457
0 2 0 2  0.0047825161
0 2 2 2  0.0294143186
0 2 4 2  -0.0000575768
0 2 6 2  0.0044896553
0 3 1 2  0.0047825161
0 3 3 2  0.0294143186
0 3 5 2  -0.0000575768
0 3 7 2  0.0044896553
0 4 0 2  0.0002718418
0 4 2 2  -0.0000575768
0 4 4 2  -0.0057031288
0 4 6 2  -0.0000420855
0 5 1 2  0.0002718418
0 5 3 2  -0.0000575768
0 5 5 2  -0.0057031288
0 5 7 2  -0.0000420855
0 6 0 2  -0.0051243457
0 6 2 2  0.0044896553
0 6 4 2  -0.0000420855
0 6 6 2  -0.0117697295
0 7 1 2  -0.0051243457
0 7 3 2  0.0044896553
0 7 5 2  -0.0000420855
0 7 7 2  -0.0117697295
0 8 8 2  -0.0133422767
0 9 9 2  -0.0133422767
0 10 10 2  -0.0133422767
0 11 11 2  -0.0133422767
0 0 0 4  -0.0121189819
0 0 2 4  0.0002718418
0 0 4 4  0.0047825161
0 0 6 4  0.0051243457
0 1 1 4  -0.0121189819
0 1 3 4  0.0002718418
0 1 5 4  0.0047825161
0 1 7 4  0.0051243457
0 2 0 4  0.0002718418
0 2 2 4  -0.0057031288
0 2 4 4  -0.0000575768
0 2 6 4  0.0000420855
0 3 1 4  0.0002718418
0 3 3 4  -0.0057031288
0 3 5 4  -0.0000575768
0 3 7 4  0.0000420855
0 4 0 4  0.0047825161
0 4 2 4  -0.0000575768
0 4 4 4  0.0294143186
0 4 6 4  -0.0044896553
0 5 1 4  0.0047825161
0 5 3 4  -0.0000575768
0 5 5 4  0.0294143186
0 5 7 4  -0.0044896553
0 6 0 4  0.0051243457
0 6 2 4  0.0000420855
0 6 4 4  -0.0044896553
0 6 6 4  -0.0117697295
0 7 1 4  0.0051243457
0 7 3 4  0.0000420855
0 7 5 4  -0.0044896553
0 7 7 4  -0.0117697295
0 8 8 4  -0.0133422767
0 9 9 4  -0.0133422767
0 10 10 4  -0.0133422767
0 11 11 4  -0.0133422767
0 0 2 6  -0.0051243457
0 0 4 6  0.0051243457
0 0 6 6  0.0416689615
0 1 3 6  -0.0051243457
0 1 5 6  0.0051243457
0 1 7 6  0.0416689615
0 2 0 6  -0.0051243457
0 2 2 6  -0.0123890442
0 2 6 6  -0.0049005194
0 3 1 6  -0.0051243457
0 3 3 6  -0.0123890442
0 3 7 6  -0.0049005194
0 4 0 6  0.0051243457
0 4 4 6  0.0123890442
0 4 6 6  -0.0049005194
0 5 1 6  0.0051243457
0 5 5 6  0.0123890442
0 5 7 6  -0.0049005194
0 6 0 6  0.0416689615
0 6 2 6  -0.0049005194
0 6 4 6  -0.0049005194
0 7 1 6  0.0416689615
0 7 3 6  -0.0049005194
0 7 5 6  -0.0049005194
0 0 8 8  0.0424469385
0 1 9 8  0.0424469385
0 2 8 8  -0.0048792985
0 3 9 8  -0.0048792985
0 4 8 8  -0.0048792985
0 5 9 8  -0.0048792985
0 8 0 8  0.0424469385
0 8 2 8  -0.0048792985
0 8 4 8  -0.0048792985
0 9 1 8  0.0424469385
0 9 3 8  -0.0048792985
0 9 5 8  -0.0048792985
0 0 10 10  0.0424469385
0 1 11 10  0.0424469385
0 2 10 10  -0.0048792985
0 3 11 10  -0.0048792985
0 4 10 10  -0.0048792985
0 5 11 10  -0.0048792985
0 10 0 10  0.0424469385
0 10 2 10  -0.0048792985
0 10 4 10  -0.0048792985
0 11 1 10  0.0424469385
0 11 3 10  -0.0048792985
0 11 5 10  -0.0048792985
1 0 0 1  0.1970970915
1 0 2 1  -0.0121189819
1 0 4 1  -0.0121189819
1 1 1 1  0.1970970915
1 1 3 1  -0.0121189819
1 1 5 1  -0.0121189819
1 2 0 1  -0.0121189819
1 2 2 1  0.0870038205
1 2 4 1  0.0004660688
1 2 6 1  -0.0100270311
1 3 1 1  -0.0121189819
1 3 3 1  0.0870038205
1 3 5 1  0.0004660688
1 3 7 1  -0.0100270311
1 4 0 1  -0.0121189819
1 4 2 1  0.0004660688
1 4 4 1  0.0870038205
1 4 6 1  0.0100270311
1 5 1 1  -0.0121189819
1 5 3 1  0.0004660688
1 5 5 1  0.0870038205
1 5 7 1  0.0100270311
1 6 2 1  -0.0100270311
1 6 4 1  0.0100270311
1 6 6 1  0.2013167996
1 7 3 1  -0.0100270311
1 7 5 1  0.0100270311
1 7 7 1  0.2013167996
1 8 8 1  0.2021103706
1 9 9 1  0.2021103706
1 10 10 1  0.2021103706
1 11 11 1  0.2021103706
1 0 0 3  -0.0121189819
1 0 2 3  0.0047825161
1 0 4 3  0.0002718418
1 0 6 3  -0.0051243457
1 1 1 3  -0.0121189819
1 1 3 3  0.0047825161
1 1 5 3  0.0002718418
1 1 7 3  -0.0051243457
1 2 0 3  0.0047825161
1 2 2 3  0.0294143186
1 2 4 3  -0.0000575768
1 2 6 3  0.0044896553
1 3 1 3  0.0047825161
1 3 3 3  0.0294143186
1 3 5 3  -0.0000575768
1 3 7 3  0.0044896553
1 4 0 3  0.0002718418
1 4 2 3  -0.0000575768
1 4 4 3  -0.0057031288
1 4 6 3  -0.0000420855
1 5 1 3  0.0002718418
1 5 3 3  -0.0000575768
1 5 5 3  -0.0057031288
1 5 7 3  -0.0000420855
1 6 0 3  -0.0051243457
1 6 2 3  0.0044896553
1 6 4 3  -0.0000420855
1 6 6 3  -0.0117697295
1 7 1 3  -0.0051243457
1 7 3 3  0.0044896553
1 7 5 3  -0.0000420855
1 7 7 3  -0.0117697295
1 8 8 3  -0.0133422767
1 9 9 3  -0.0133422767
1 10 10 3  -0.0133422767
1 11 11 3  -0.0133422767
1 0 0 5  -0.0121189819
1 0 2 5  0.0002718418
1 0 4 5  0.0047825161
1 0 6 5  0.0051243457
1 1 1 5  -0.0121189819
1 1 3 5  0.0002718418
1 1 5 5  0.0047825161
1 1 7 5  0.0051243457
1 2 0 5  0.0002718418
1 2 2 5  -0.0057031288
1 2 4 5  -0.0000575768
1 2 6 5  0.0000420855
1 3 1 5  0.0002718418
1 3 3 5  -0.0057031288
1 3 5 5  -0.0000575768
1 3 7 5  0.0000420855
1 4 0 5  0.0047825161
1 4 2 5  -0.0000575768
1 4 4 5  0.0294143186
1 4 6 5  -0.0044896553
1 5 1 5  0.0047825161
1 5 3 5  -0.0000575768
1 5 5 5  0.0294143186
1 5 7 5  -0.0044896553
1 6 0 5  0.0051243457
1 6 2 5  0.0000420855
1 6 4 5  -0.0044896553
1 6 6 5  -0.0117697295
1 7 1 5  0.0051243457
1 7 3 5  0.0000420855
1 7 5 5  -0.0044896553
1 7 7 5  -0.0117697295
1 8 8 5  -0.0133422767
1 9 9 5  -0.0133422767
1 10 10 5  -0.0133422767
1 11 11 5  -0.0133422767
1 0 2 7  -0.0051243457
1 0 4 7  0.0051243457
1 0 6 7  0.0416689615
1 1 3 7  -0.0051243457
1 1 5 7  0.0051243457
1 1 7 7  0.0416689615
1 2 0 7  -0.0051243457
1 2 2 7  -0.0123890442
1 2 6 7  -0.0049005194
1 3 1 7  -0.0051243457
1 3 3 7  -0.0123890442
1 3 7 7  -0.0049005194
1 4 0 7  0.0051243457
1 4 4 7  0.0123890442
1 4 6 7  -0.0049005194
1 5 1 7  0.0051243457
1 5 5 7  0.0123890442
1 5 7 7  -0.0049005194
1 6 0 7  0.0416689615
1 6 2 7  -0.0049005194
1 6 4 7  -0.0049005194
1 7 1 7  0.0416689615
1 7 3 7  -0.0049005194
1 7 5 7  -0.0049005194
1 0 8 9  0.0424469385
1 1 9 9  0.0424469385
1 2 8 9  -0.0048792985
1 3 9 9  -0.0048792985
1 4 8 9  -0.0048792985
1 5 9 9  -0.0048792985
1 8 0 9  0.0424469385
1 8 2 9  -0.0048792985
1 8 4 9  -0.0048792985
1 9 1 9  0.0424469385
1 9 3 9  -0.0048792985
1 9 5 9  -0.0048792985
1 0 10 11  0.0424469385
1 1 11 11  0.0424469385
1 2 10 11  -0.0048792985
1 3 11 11  -0.0048792985
1 4 10 11  -0.0048792985
1 5 11 11  -0.0048792985
1 10 0 11  0.0424469385
1 10 2 11  -0.0048792985
1 10 4 11  -0.0048792985
1 11 1 11  0.0424469385
1 11 3 11  -0.0048792985
1 11 5 11  -0.0048792985
2 0 0 0  -0.0121189819
2 0 2 0  0.0047825161
2 0 4 0  0.0002718418
2 0 6 0  -0.0051243457
2 1 1 0  -0.0121189819
2 1 3 0  0.0047825161
2 1 5 0  0.0002718418
2 1 7 0  -0.0051243457
2 2 0 0  0.0047825161
2 2 2 0  0.0294143186
2 2 4 0  -0.0000575768
2 2 6 0  0.0044896553
2 3 1 0  0.0047825161
2 3 3 0  0.0294143186
2 3 5 0  -0.0000575768
2 3 7 0  0.0044896553
2 4 0 0  0.0002718418
2 4 2 0  -0.0000575768
2 4 4 0  -0.0057031288
2 4 6 0  -0.0000420855
2 5 1 0  0.0002718418
2 5 3 0  -0.0000575768
2 5 5 0  -0.0057031288
2 5 7 0  -0.0000420855
2 6 0 0  -0.0051243457
2 6 2 0  0.0044896553
2 6 4 0  -0.0000420855
2 6 6 0  -0.0117697295
2 7 1 0  -0.0051243457
2 7 3 0  0.0044896553
2 7 5 0  -0.0000420855
2 7 7 0  -0.0117697295
2 8 8 0  -0.0133422767
2 9 9 0  -0.0133422767
2 10 10 0  -0.0133422767
2 11 11 0  -0.0133422767
2 0 0 2  0.0870038205
2 0 2 2  0.0294143186
2 0 4 2  -0.0057031288
2 0 6 2  -0.0123890442
2 1 1 2  0.0870038205
2 1 3 2  0.0294143186
2 1 5 2  -0.0057031288
2 1 7 2  -0.0123890442
2 2 0 2  0.0294143186
2 2 2 2  0.3761005226
2 2 4 2  0.0001752167
2 2 6 2  0.0316312646
2 3 1 2  0.0294143186
2 3 3 2  0.3761005226
2 3 5 2  0.0001752167
2 3 7 2  0.0316312646
2 4 0 2  -0.0057031288
2 4 2 2  0.0001752167
2 4 4 2  0.0434567074
2 4 6 2  0.0056025240
2 5 1 2  -0.0057031288
2 5 3 2  0.0001752167
2 5 5 2  0.0434567074
2 5 7 2  0.0056025240
2 6 0 2  -0.0123890442
2 6 2 2  0.0316312646
2 6 4 2  0.0056025240
2 6 6 2  0.0925141070
2 7 1 2  -0.0123890442
2 7 3 2  0.0316312646
2 7 5 2  0.0056025240
2 7 7 2  0.0925141070
2 8 8 2  0.0823726297
2 9 9 2  0.0823726297
2 10 10 2  0.0823726297
2 11 11 2  0.0823726297
2 0 0 4  0.0004660688
2 0 2 4  -0.0000575768
2 0 4 4  -0.0000575768
2 1 1 4  0.0004660688
2 1 3 4  -0.0000575768
2 1 5 4  -0.0000575768
2 2 0 4  -0.0000575768
2 2 2 4  0.0001752167
2 2 4 4  0.0000136910
2 2 6 4  0.0000263406
2 3 1 4  -0.0000575768
2 3 3 4  0.0001752167
2 3 5 4  0.0000136910
2 3 7 4  0.0000263406
2 4 0 4  -0.0000575768
2 4 2 4  0.0000136910
2 4 4 4  0.0001752167
2 4 6 4  -0.0000263406
2 5 1 4  -0.0000575768
2 5 3 4  0.0000136910
2 5 5 4  0.0001752167
2 5 7 4  -0.0000263406
2 6 2 4  0.0000263406
2 6 4 4  -0.0000263406
2 6 6 4  0.0002871882
2 7 3 4  0.0000263406
2 7 5 4  -0.0000263406
2 7 7 4  0.0002871882
2 8 8 4  0.0006128039
2 9 9 4  0.0006128039
2 10 10 4  0.0006128039
2 11 11 4  0.0006128039
2 0 0 6  -0.0100270311
2 0 2 6  0.0044896553
2 0 4 6  0.0000420855
2 0 6 6  -0.0049005194
2 1 1 6  -0.0100270311
2 1 3 6  0.0044896553
2 1 5 6  0.0000420855
2 1 7 6  -0.0049005194
2 2 0 6  0.0044896553
2 2 2 6  0.0316312646
2 2 4 6  0.0000263406
2 2 6 6  0.0050477256
2 3 1 6  0.0044896553
2 3 3 6  0.0316312646
2 3 5 6  0.0000263406
2 3 7 6  0.0050477256
2 4 0 6  0.0000420855
2 4 2 6  0.0000263406
2 4 4 6  -0.0056025240
2 4 6 6  -0.0000467360
2 5 1 6  0.0000420855
2 5 3 6  0.0000263406
2 5 5 6  -0.0056025240
2 5 7 6  -0.0000467360
2 6 0 6  -0.0049005194
2 6 2 6  0.0050477256
2 6 4 6  -0.0000467360
2 6 6 6  -0.0113854739
2 7 1 6  -0.0049005194
2 7 3 6  0.0050477256
2 7 5 6  -0.0000467360
2 7 7 6  -0.0113854739
2 8 8 6  -0.0101743012
2 9 9 6  -0.0101743012
2 10 10 6  -0.0101743012
2 11 11 6  -0.0101743012
2 0 8 8  -0.0048792985
2 1 9 8  -0.0048792985
2 2 8 8  0.0006491234
2 3 9 8  0.0006491234
2 4 8 8  0.0004858669
2 5 9 8  0.0004858669
2 6 8 8  -0.0009568341
2 7 9 8  -0.0009568341
2 8 0 8  -0.0048792985
2 8 2 8  0.0006491234
2 8 4 8  0.0004858669
2 8 6 8  -0.0009568341
2 9 1 8  -0.0048792985
2 9 3 8  0.0006491234
2 9 5 8  0.0004858669
2 9 7 8  -0.0009568341
2 0 10 10  -0.0048792985
2 1 11 10  -0.0048792985
2 2 10 10  0.0006491234
2 3 11 10  0.0006491234
2 4 10 10  0.0004858669
2 5 11 10  0.0004858669
2 6 10 10  -0.0009568341
2 7 11 10  -0.0009568341
2 10 0 10  -0.0048792985
2 10 2 10  0.0006491234
2 10 4 10  0.0004858669
2 10 6 10  -0.0009568341
2 11 1 10  -0.0048792985
2 11 3 10  0.0006491234
2 11 5 10  0.0004858669
2 11 7 10  -0.0009568341
3 0 0 1  -0.0121189819
3 0 2 1  0.0047825161
3 0 4 1  0.0002718418
3 0 6 1  -0.0051243457
3 1 1 1  -0.0121189819
3 1 3 1  0.0047825161
3 1 5 1  0.0002718418
3 1 7 1  -0.0051243457
3 2 0 1  0.0047825161
3 2 2 1  0.0294143186
3 2 4 1  -0.0000575768
3 2 6 1  0.0044896553
3 3 1 1  0.0047825161
3 3 3 1  0.0294143186
3 3 5 1  -0.0000575768
3 3 7 1  0.0044896553
3 4 0 1  0.0002718418
3 4 2 1  -0.0000575768
3 4 4 1  -0.0057031288
3 4 6 1  -0.0000420855
3 5 1 1  0.0002718418
3 5 3 1  -0.0000575768
3 5 5 1  -0.0057031288
3 5 7 1  -0.0000420855
3 6 0 1  -0.0051243457
3 6 2 1  0.0044896553
3 6 4 1  -0.0000420855
3 6 6 1  -0.0117697295
3 7 1 1  -0.0051243457
3 7 3 1  0.0044896553
3 7 5 1  -0.0000420855
3 7 7 1  -0.0117697295
3 8 8 1  -0.0133422767
3 9 9 1  -0.0133422767
3 10 10 1  -0.0133422767
3 11 11 1  -0.0133422767
3 0 0 3  0.0870038205
3 0 2 3  0.0294143186
3 0 4 3  -0.0057031288
3 0 6 3  -0.0123890442
3 1 1 3  0.0870038205
3 1 3 3  0.0294143186
3 1 5 3  -0.0057031288
3 1 7 3  -0.0123890442
3 2 0 3  0.0294143186
3 2 2 3  0.3761005226
3 2 4 3  0.0001752167
3 2 6 3  0.0316312646
3 3 1 3  0.0294143186
3 3 3 3  0.3761005226
3 3 5 3  0.0001752167
3 3 7 3  0.0316312646
3 4 0 3  -0.0057031288
3 4 2 3  0.0001752167
3 4 4 3  0.0434567074
3 4 6 3  0.0056025240
3 5 1 3  -0.0057031288
3 5 3 3  0.0001752167
3 5 5 3  0.0434567074
3 5 7 3  0.0056025240
3 6 0 3  -0.0123890442
3 6 2 3  0.0316312646
3 6 4 3  0.0056025240
3 6 6 3  0.0925141070
3 7 1 3  -0.0123890442
3 7 3 3  0.0316312646
3 7 5 3  0.0056025240
3 7 7 3  0.0925141070
3 8 8 3  0.0823726297
3 9 9 3  0.0823726297
3 10 10 3  0.0823726297
3 11 11 3  0.0823726297
3 0 0 5  0.0004660688
3 0 2 5  -0.0000575768
3 0 4 5  -0.0000575768
3 1 1 5  0.0004660688
3 1 3 5  -0.0000575768
3 1 5 5  -0.0000575768
3 2 0 5  -0.0000575768
3 2 2 5  0.0001752167
3 2 4 5  0.0000136910
3 2 6 5  0.0000263406
3 3 1 5  -0.0000575768
3 3 3 5  0.0001752167
3 3 5 5  0.0000136910
3 3 7 5  0.0000263406
3 4 0 5  -0.0000575768
3 4 2 5  0.0000136910
3 4 4 5  0.0001752167
3 4 6 5  -0.0000263406
3 5 1 5  -0.0000575768
3 5 3 5  0.0000136910
3 5 5 5  0.0001752167
3 5 7 5  -0.0000263406
3 6 2 5  0.0000263406
3 6 4 5  -0.0000263406
3 6 6 5  0.0002871882
3 7 3 5  0.0000263406
3 7 5 5  -0.0000263406
3 7 7 5  0.0002871882
3 8 8 5  0.0006128039
3 9 9 5  0.0006128039
3 10 10 5  0.0006128039
3 11 11 5  0.0006128039
3 0 0 7  -0.0100270311
3 0 2 7  0.0044896553
3 0 4 7  0.0000420855
3 0 6 7  -0.0049005194
3 1 1 7  -0.0100270311
3 1 3 7  0.0044896553
3 1 5 7  0.0000420855
3 1 7 7  -0.0049005194
3 2 0 7  0.0044896553
3 2 2 7  0.0316312646
3 2 4 7  0.0000263406
3 2 6 7  0.0050477256
3 3 1 7  0.0044896553
3 3 3 7  0.0316312646
3 3 5 7  0.0000263406
3 3 7 7  0.0050477256
3 4 0 7  0.0000420855
3 4 2 7  0.0000263406
3 4 4 7  -0.0056025240
3 4 6 7  -0.0000467360
3 5 1 7  0.0000420855
3 5 3 7  0.0000263406
3 5 5 7  -0.0056025240
3 5 7 7  -0.0000467360
3 6 0 7  -0.0049005194
3 6 2 7  0.0050477256
3 6 4 7  -0.0000467360
3 6 6 7  -0.0113854739
3 7 1 7  -0.0049005194
3 7 3 7  0.0050477256
3 7 5 7  -0.0000467360
3 7 7 7  -0.0113854739
3 8 8 7  -0.0101743012
3 9 9 7  -0.0101743012
3 10 10 7  -0.0101743012
3 11 11 7  -0.0101743012
3 0 8 9  -0.0048792985
3 1 9 9  -0.0048792985
3 2 8 9  0.0006491234
3 3 9 9  0.0006491234
3 4 8 9  0.0004858669
3 5 9 9  0.0004858669
3 6 8 9  -0.0009568341
3 7 9 9  -0.0009568341
3 8 0 9  -0.0048792985
3 8 2 9  0.0006491234
3 8 4 9  0.0004858669
3 8 6 9  -0.0009568341
3 9 1 9  -0.0048792985
3 9 3 9  0.0006491234
3 9 5 9  0.0004858669
3 9 7 9  -0.0009568341
3 0 10 11  -0.0048792985
3 1 11 11  -0.0048792985
3 2 10 11  0.0006491234
3 3 11 11  0.0006491234
3 4 10 11  0.0004858669
3 5 11 11  0.0004858669
3 6 10 11  -0.0009568341
3 7 11 11  -0.0009568341
3 10 0 11  -0.0048792985
3 10 2 11  0.0006491234
3 10 4 11  0.0004858669
3 10 6 11  -0.0009568341
3 11 1 11  -0.0048792985
3 11 3 11  0.0006491234
3 11 5 11  0.0004858669
3 11 7 11  -0.0009568341
4 0 0 0  -0.0121189819
4 0 2 0  0.0002718418
4 0 4 0  0.0047825161
4 0 6 0  0.0051243457
4 1 1 0  -0.0121189819
4 1 3 0  0.0002718418
4 1 5 0  0.0047825161
4 1 7 0  0.0051243457
4 2 0 0  0.0002718418
4 2 2 0  -0.0057031288
4 2 4 0  -0.0000575768
4 2 6 0  0.0000420855
4 3 1 0  0.0002718418
4 3 3 0  -0.0057031288
4 3 5 0  -0.0000575768
4 3 7 0  0.0000420855
4 4 0 0  0.0047825161
4 4 2 0  -0.0000575768
4 4 4 0  0.0294143186
4 4 6 0  -0.0044896553
4 5 1 0  0.0047825161
4 5 3 0  -0.0000575768
4 5 5 0  0.0294143186
4 5 7 0  -0.0044896553
4 6 0 0  0.0051243457
4 6 2 0  0.0000420855
4 6 4 0  -0.0044896553
4 6 6 0  -0.0117697295
4 7 1 0  0.0051243457
4 7 3 0  0.0000420855
4 7 5 0  -0.0044896553
4 7 7 0  -0.0117697295
4 8 8 0  -0.0133422767
4 9 9 0  -0.0133422767
4 10 10 0  -0.0133422767
4 11 11 0  -0.0133422767
4 0 0 2  0.0004660688
4 0 2 2  -0.0000575768
4 0 4 2  -0.0000575768
4 1 1 2  0.0004660688
4 1 3 2  -0.0000575768
4 1 5 2  -0.0000575768
4 2 0 2  -0.0000575768
4 2 2 2  0.0001752167
4 2 4 2  0.0000136910
4 2 6 2  0.0000263406
4 3 1 2  -0.0000575768
4 3 3 2  0.0001752167
4 3 5 2  0.0000136910
4 3 7 2  0.0000263406
4 4 0 2  -0.0000575768
4 4 2 2  0.0000136910
4 4 4 2  0.0001752167
4 4 6 2  -0.0000263406
4 5 1 2  -0.0000575768
4 5 3 2  0.0000136910
4 5 5 2  0.0001752167
4 5 7 2  -0.0000263406
4 6 2 2  0.0000263406
4 6 4 2  -0.0000263406
4 6 6 2  0.0002871882
4 7 3 2  0.0000263406
4 7 5 2  -0.0000263406
4 7 7 2  0.0002871882
4 8 8 2  0.0006128039
4 9 9 2  0.0006128039
4 10 10 2  0.0006128039
4 11 11 2  0.0006128039
4 0 0 4  0.0870038205
4 0 2 4  -0.0057031288
4 0 4 4  0.0294143186
4 0 6 4  0.0123890442
4 1 1 4  0.0870038205
4 1 3 4  -0.0057031288
4 1 5 4  0.0294143186
4 1 7 4  0.0123890442
4 2 0 4  -0.0057031288
4 2 2 4  0.0434567074
4 2 4 4  0.0001752167
4 2 6 4  -0.0056025240
4 3 1 4  -0.0057031288
4 3 3 4  0.0434567074
4 3 5 4  0.0001752167
4 3 7 4  -0.0056025240
4 4 0 4  0.0294143186
4 4 2 4  0.0001752167
4 4 4 4  0.3761005226
4 4 6 4  -0.0316312646
4 5 1 4  0.0294143186
4 5 3 4  0.0001752167
4 5 5 4  0.3761005226
4 5 7 4  -0.0316312646
4 6 0 4  0.0123890442
4 6 2 4  -0.0056025240
4 6 4 4  -0.0316312646
4 6 6 4  0.0925141070
4 7 1 4  0.0123890442
4 7 3 4  -0.0056025240
4 7 5 4  -0.0316312646
4 7 7 4  0.0925141070
4 8 8 4  0.0823726297
4 9 9 4  0.0823726297
4 10 10 4  0.0823726297
4 11 11 4  0.0823726297
4 0 0 6  0.0100270311
4 0 2 6  -0.0000420855
4 0 4 6  -0.0044896553
4 0 6 6  -0.0049005194
4 1 1 6  0.0100270311
4 1 3 6  -0.0000420855
4 1 5 6  -0.0044896553
4 1 7 6  -0.0049005194
4 2 0 6  -0.0000420855
4 2 2 6  0.0056025240
4 2 4 6  -0.0000263406
4 2 6 6  -0.0000467360
4 3 1 6  -0.0000420855
4 3 3 6  0.0056025240
4 3 5 6  -0.0000263406
4 3 7 6  -0.0000467360
4 4 0 6  -0.0044896553
4 4 2 6  -0.0000263406
4 4 4 6  -0.0316312646
4 4 6 6  0.0050477256
4 5 1 6  -0.0044896553
4 5 3 6  -0.0000263406
4 5 5 6  -0.0316312646
4 5 7 6  0.0050477256
4 6 0 6  -0.0049005194
4 6 2 6  -0.0000467360
4 6 4 6  0.0050477256
4 6 6 6  0.0113854739
4 7 1 6  -0.0049005194
4 7 3 6  -0.0000467360
4 7 5 6  0.0050477256
4 7 7 6  0.0113854739
4 8 8 6  0.0101743012
4 9 9 6  0.0101743012
4 10 10 6  0.0101743012
4 11 11 6  0.0101743012
4 0 8 8  -0.0048792985
4 1 9 8  -0.0048792985
4 2 8 8  0.0004858669
4 3 9 8  0.0004858669
4 4 8 8  0.0006491234
4 5 9 8  0.0006491234
4 6 8 8  0.0009568341
4 7 9 8  0.0009568341
4 8 0 8  -0.0048792985
4 8 2 8  0.0004858669
4 8 4 8  0.0006491234
4 8 6 8  0.0009568341
4 9 1 8  -0.0048792985
4 9 3 8  0.0004858669
4 9 5 8  0.0006491234
4 9 7 8  0.0009568341
4 0 10 10  -0.0048792985
4 1 11 10  -0.0048792985
4 2 10 10  0.0004858669
4 3 11 10  0.0004858669
4 4 10 10  0.0006491234
4 5 11 10  0.0006491234
4 6 10 10  0.0009568341
4 7 11 10  0.0009568341
4 10 0 10  -0.0048792985
4 10 2 10  0.0004858669
4 10 4 10  0.0006491234
4 10 6 10  0.0009568341
4 11 1 10  -0.0048792985
4 11 3 10  0.0004858669
4 11 5 10  0.0006491234
4 11 7 10  0.0009568341
5 0 0 1  -0.0121189819
5 0 2 1  0.0002718418
5 0 4 1  0.0047825161
5 0 6 1  0.0051243457
5 1 1 1  -0.0121189819
5 1 3 1  0.0002718418
5 1 5 1  0.0047825161
5 1 7 1  0.0051243457
5 2 0 1  0.0002718418
5 2 2 1  -0.0057031288
5 2 4 1  -0.0000575768
5 2 6 1  0.0000420855
5 3 1 1  0.0002718418
5 3 3 1  -0.0057031288
5 3 5 1  -0.0000575768
5 3 7 1  0.0000420855
5 4 0 1  0.0047825161
5 4 2 1  -0.0000575768
5 4 4 1  0.0294143186
5 4 6 1  -0.0044896553
5 5 1 1  0.0047825161
5 5 3 1  -0.0000575768
5 5 5 1  0.0294143186
5 5 7 1  -0.0044896553
5 6 0 1  0.0051243457
5 6 2 1  0.0000420855
5 6 4 1  -0.0044896553
5 6 6 1  -0.0117697295
5 7 1 1  0.0051243457
5 7 3 1  0.0000420855
5 7 5 1  -0.0044896553
5 7 7 1  -0.0117697295
5 8 8 1  -0.0133422767
5 9 9 1  -0.0133422767
5 10 10 1  -0.0133422767
5 11 11 1  -0.0133422767
5 0 0 3  0.0004660688
5 0 2 3  -0.0000575768
5 0 4 3  -0.0000575768
5 1 1 3  0.0004660688
5 1 3 3  -0.0000575768
5 1 5 3  -0.0000575768
5 2 0 3  -0.0000575768
5 2 2 3  0.0001752167
5 2 4 3  0.0000136910
5 2 6 3  0.0000263406
5 3 1 3  -0.0000575768
5 3 3 3  0.0001752167
5 3 5 3  0.0000136910
5 3 7 3  0.0000263406
5 4 0 3  -0.0000575768
5 4 2 3  0.0000136910
5 4 4 3  0.0001752167
5 4 6 3  -0.0000263406
5 5 1 3  -0.0000575768
5 5 3 3  0.0000136910
5 5 5 3  0.0001752167
5 5 7 3  -0.0000263406
5 6 2 3  0.0000263406
5 6 4 3  -0.0000263406
5 6 6 3  0.0002871882
5 7 3 3  0.0000263406
5 7 5 3  -0.0000263406
5 7 7 3  0.0002871882
5 8 8 3  0.0006128039
5 9 9 3  0.0006128039
5 10 10 3  0.0006128039
5 11 11 3  0.0006128039
5 0 0 5  0.0870038205
5 0 2 5  -0.0057031288
5 0 4 5  0.0294143186
5 0 6 5  0.0123890442
5 1 1 5  0.0870038205
5 1 3 5  -0.0057031288
5 1 5 5  0.0294143186
5 1 7 5  0.0123890442
5 2 0 5  -0.0057031288
5 2 2 5  0.0434567074
5 2 4 5  0.0001752167
5 2 6 5  -0.0056025240
5 3 1 5  -0.0057031288
5 3 3 5  0.0434567074
5 3 5 5  0.0001752167
5 3 7 5  -0.0056025240
5 4 0 5  0.0294143186
5 4 2 5  0.0001752167
5 4 4 5  0.3761005226
5 4 6 5  -0.0316312646
5 5 1 5  0.0294143186
5 5 3 5  0.0001752167
5 5 5 5  0.3761005226
5 5 7 5  -0.0316312646
5 6 0 5  0.0123890442
5 6 2 5  -0.0056025240
5 6 4 5  -0.0316312646
5 6 6 5  0.0925141070
5 7 1 5  0.0123890442
5 7 3 5  -0.0056025240
5 7 5 5  -0.0316312646
5 7 7 5  0.0925141070
5 8 8 5  0.0823726297
5 9 9 5  0.0823726297
5 10 10 5  0.0823726297
5 11 11 5  0.0823726297
5 0 0 7  0.0100270311
5 0 2 7  -0.0000420855
5 0 4 7  -0.0044896553
5 0 6 7  -0.0049005194
5 1 1 7  0.0100270311
5 1 3 7  -0.0000420855
5 1 5 7  -0.0044896553
5 1 7 7  -0.0049005194
5 2 0 7  -0.0000420855
5 2 2 7  0.0056025240
5 2 4 7  -0.0000263406
5 2 6 7  -0.0000467360
5 3 1 7  -0.0000420855
5 3 3 7  0.0056025240
5 3 5 7  -0.0000263406
5 3 7 7  -0.0000467360
5 4 0 7  -0.0044896553
5 4 2 7  -0.0000263406
5 4 4 7  -0.0316312646
5 4 6 7  0.0050477256
5 5 1 7  -0.0044896553
5 5 3 7  -0.0000263406
5 5 5 7  -0.0316312646
5 5 7 7  0.0050477256
5 6 0 7  -0.0049005194
5 6 2 7  -0.0000467360
5 6 4 7  0.0050477256
5 6 6 7  0.0113854739
5 7 1 7  -0.0049005194
5 7 3 7  -0.0000467360
5 7 5 7  0.0050477256
5 7 7 7  0.0113854739
5 8 8 7  0.0101743012
5 9 9 7  0.0101743012
5 10 10 7  0.0101743012
5 11 11 7  0.0101743012
5 0 8 9  -0.0048792985
5 1 9 9  -0.0048792985
5 2 8 9  0.0004858669
5 3 9 9  0.0004858669
5 4 8 9  0.0006491234
5 5 9 9  0.0006491234
5 6 8 9  0.0009568341
5 7 9 9  0.0009568341
5 8 0 9  -0.0048792985
5 8 2 9  0.0004858669
5 8 4 9  0.0006491234
5 8 6 9  0.0009568341
5 9 1 9  -0.0048792985
5 9 3 9  0.0004858669
5 9 5 9  0.0006491234
5 9 7 9  0.0009568341
5 0 10 11  -0.0048792985
5 1 11 11  -0.0048792985
5 2 10 11  0.0004858669
5 3 11 11  0.0004858669
5 4 10 11  0.0006491234
5 5 11 11  0.0006491234
5 6 10 11  0.0009568341
5 7 11 11  0.0009568341
5 10 0 11  -0.0048792985
5 10 2 11  0.0004858669
5 10 4 11  0.0006491234
5 10 6 11  0.0009568341
5 11 1 11  -0.0048792985
5 11 3 11  0.0004858669
5 11 5 11  0.0006491234
5 11 7 11  0.0009568341
6 0 2 0  -0.0051243457
6 0 4 0  0.0051243457
6 0 6 0  0.0416689615
6 1 3 0  -0.0051243457
6 1 5 0  0.0051243457
6 1 7 0  0.0416689615
6 2 0 0  -0.0051243457
6 2 2 0  -0.0123890442
6 2 6 0  -0.0049005194
6 3 1 0  -0.0051243457
6 3 3 0  -0.0123890442
6 3 7 0  -0.0049005194
6 4 0 0  0.0051243457
6 4 4 0  0.0123890442
6 4 6 0  -0.0049005194
6 5 1 0  0.0051243457
6 5 5 0  0.0123890442
6 5 7 0  -0.0049005194
6 6 0 0  0.0416689615
6 6 2 0  -0.0049005194
6 6 4 0  -0.0049005194
6 7 1 0  0.0416689615
6 7 3 0  -0.0049005194
6 7 5 0  -0.0049005194
6 0 0 2  -0.0100270311
6 0 2 2  0.0044896553
6 0 4 2  0.0000420855
6 0 6 2  -0.0049005194
6 1 1 2  -0.0100270311
6 1 3 2  0.0044896553
6 1 5 2  0.0000420855
6 1 7 2  -0.0049005194
6 2 0 2  0.0044896553
6 2 2 2  0.0316312646
6 2 4 2  0.0000263406
6 2 6 2  0.0050477256
6 3 1 2  0.0044896553
6 3 3 2  0.0316312646
6 3 5 2  0.0000263406
6 3 7 2  0.0050477256
6 4 0 2  0.0000420855
6 4 2 2  0.0000263406
6 4 4 2  -0.0056025240
6 4 6 2  -0.0000467360
6 5 1 2  0.0000420855
6 5 3 2  0.0000263406
6 5 5 2  -0.0056025240
6 5 7 2  -0.0000467360
6 6 0 2  -0.0049005194
6 6 2 2  0.0050477256
6 6 4 2  -0.0000467360
6 6 6 2  -0.0113854739
6 7 1 2  -0.0049005194
6 7 3 2  0.0050477256
6 7 5 2  -0.0000467360
6 7 7 2  -0.0113854739
6 8 8 2  -0.0101743012
6 9 9 2  -0.0101743012
6 10 10 2  -0.0101743012
6 11 11 2  -0.0101743012
6 0 0 4  0.0100270311
6 0 2 4  -0.0000420855
6 0 4 4  -0.0044896553
6 0 6 4  -0.0049005194
6 1 1 4  0.0100270311
6 1 3 4  -0.0000420855
6 1 5 4  -0.0044896553
6 1 7 4  -0.0049005194
6 2 0 4  -0.0000420855
6 2 2 4  0.0056025240
6 2 4 4  -0.0000263406
6 2 6 4  -0.0000467360
6 3 1 4  -0.0000420855
6 3 3 4  0.0056025240
6 3 5 4  -0.0000263406
6 3 7 4  -0.0000467360
6 4 0 4  -0.0044896553
6 4 2 4  -0.0000263406
6 4 4 4  -0.0316312646
6 4 6 4  0.0050477256
6 5 1 4  -0.0044896553
6 5 3 4  -0.0000263406
6 5 5 4  -0.0316312646
6 5 7 4  0.0050477256
6 6 0 4  -0.0049005194
6 6 2 4  -0.0000467360
6 6 4 4  0.0050477256
6 6 6 4  0.0113854739
6 7 1 4  -0.0049005194
6 7 3 4  -0.0000467360
6 7 5 4  0.0050477256
6 7 7 4  0.0113854739
6 8 8 4  0.0101743012
6 9 9 4  0.0101743012
6 10 10 4  0.0101743012
6 11 11 4  0.0101743012
6 0 0 6  0.2013167996
6 0 2 6  -0.0117697295
6 0 4 6  -0.0117697295
6 1 1 6  0.2013167996
6 1 3 6  -0.0117697295
6 1 5 6  -0.0117697295
6 2 0 6  -0.0117697295
6 2 2 6  0.0925141070
6 2 4 6  0.0002871882
6 2 6 6  -0.0113854739
6 3 1 6  -0.0117697295
6 3 3 6  0.0925141070
6 3 5 6  0.0002871882
6 3 7 6  -0.0113854739
6 4 0 6  -0.0117697295
6 4 2 6  0.0002871882
6 4 4 6  0.0925141070
6 4 6 6  0.0113854739
6 5 1 6  -0.0117697295
6 5 3 6  0.0002871882
6 5 5 6  0.0925141070
6 5 7 6  0.0113854739
6 6 2 6  -0.0113854739
6 6 4 6  0.0113854739
6 6 6 6  0.2223331185
6 7 3 6  -0.0113854739
6 7 5 6  0.0113854739
6 7 7 6  0.2223331185
6 8 8 6  0.1996250066
6 9 9 6  0.1996250066
6 10 10 6  0.1996250066
6 11 11 6  0.1996250066
6 2 8 8  -0.0009568341
6 3 9 8  -0.0009568341
6 4 8 8  0.0009568341
6 5 9 8  0.0009568341
6 6 8 8  0.0120556199
6 7 9 8  0.0120556199
6 8 2 8  -0.0009568341
6 8 4 8  0.0009568341
6 8 6 8  0.0120556199
6 9 3 8  -0.0009568341
6 9 5 8  0.0009568341
6 9 7 8  0.0120556199
6 2 10 10  -0.0009568341
6 3 11 10  -0.0009568341
6 4 10 10  0.0009568341
6 5 11 10  0.0009568341
6 6 10 10  0.0120556199
6 7 11 10  0.0120556199
6 10 2 10  -0.0009568341
6 10 4 10  0.0009568341
6 10 6 10  0.0120556199
6 11 3 10  -0.0009568341
6 11 5 10  0.0009568341
6 11 7 10  0.0120556199
7 0 2 1  -0.0051243457
7 0 4 1  0.0051243457
7 0 6 1  0.0416689615
7 1 3 1  -0.0051243457
7 1 5 1  0.0051243457
7 1 7 1  0.0416689615
7 2 0 1  -0.0051243457
7 2 2 1  -0.0123890442
7 2 6 1  -0.0049005194
7 3 1 1  -0.0051243457
7 3 3 1  -0.0123890442
7 3 7 1  -0.0049005194
7 4 0 1  0.0051243457
7 4 4 1  0.0123890442
7 4 6 1  -0.0049005194
7 5 1 1  0.0051243457
7 5 5 1  0.0123890442
7 5 7 1  -0.0049005194
7 6 0 1  0.0416689615
7 6 2 1  -0.0049005194
7 6 4 1  -0.0049005194
7 7 1 1  0.0416689615
7 7 3 1  -0.0049005194
7 7 5 1  -0.0049005194
7 0 0 3  -0.0100270311
7 0 2 3  0.0044896553
7 0 4 3  0.0000420855
7 0 6 3  -0.0049005194
7 1 1 3  -0.0100270311
7 1 3 3  0.0044896553
7 1 5 3  0.0000420855
7 1 7 3  -0.0049005194
7 2 0 3  0.0044896553
7 2 2 3  0.0316312646
7 2 4 3  0.0000263406
7 2 6 3  0.0050477256
7 3 1 3  0.0044896553
7 3 3 3  0.0316312646
7 3 5 3  0.0000263406
7 3 7 3  0.0050477256
7 4 0 3  0.0000420855
7 4 2 3  0.0000263406
7 4 4 3  -0.0056025240
7 4 6 3  -0.0000467360
7 5 1 3  0.0000420855
7 5 3 3  0.0000263406
7 5 5 3  -0.0056025240
7 5 7 3  -0.0000467360
7 6 0 3  -0.0049005194
7 6 2 3  0.0050477256
7 6 4 3  -0.0000467360
7 6 6 3  -0.0113854739
7 7 1 3  -0.0049005194
7 7 3 3  0.0050477256
7 7 5 3  -0.0000467360
7 7 7 3  -0.0113854739
7 8 8 3  -0.0101743012
7 9 9 3  -0.0101743012
7 10 10 3  -0.0101743012
7 11 11 3  -0.0101743012
7 0 0 5  0.0100270311
7 0 2 5  -0.0000420855
7 0 4 5  -0.0044896553
7 0 6 5  -0.0049005194
7 1 1 5  0.0100270311
7 1 3 5  -0.0000420855
7 1 5 5  -0.0044896553
7 1 7 5  -0.0049005194
7 2 0 5  -0.0000420855
7 2 2 5  0.0056025240
7 2 4 5  -0.0000263406
7 2 6 5  -0.0000467360
7 3 1 5  -0.0000420855
7 3 3 5  0.0056025240
7 3 5 5  -0.0000263406
7 3 7 5  -0.0000467360
7 4 0 5  -0.0044896553
7 4 2 5  -0.0000263406
7 4 4 5  -0.0316312646
7 4 6 5  0.0050477256
7 5 1 5  -0.0044896553
7 5 3 5  -0.0000263406
7 5 5 5  -0.0316312646
7 5 7 5  0.0050477256
7 6 0 5  -0.0049005194
7 6 2 5  -0.0000467360
7 6 4 5  0.0050477256
7 6 6 5  0.0113854739
7 7 1 5  -0.0049005194
7 7 3 5  -0.0000467360
7 7 5 5  0.0050477256
7 7 7 5  0.0113854739
7 8 8 5  0.0101743012
7 9 9 5  0.0101743012
7 10 10 5  0.0101743012
7 11 11 5  0.0101743012
7 0 0 7  0.2013167996
7 0 2 7  -0.0117697295
7 0 4 7  -0.0117697295
7 1 1 7  0.2013167996
7 1 3 7  -0.0117697295
7 1 5 7  -0.0117697295
7 2 0 7  -0.0117697295
7 2 2 7  0.0925141070
7 2 4 7  0.0002871882
7 2 6 7  -0.0113854739
7 3 1 7  -0.0117697295
7 3 3 7  0.0925141070
7 3 5 7  0.0002871882
7 3 7 7  -0.0113854739
7 4 0 7  -0.0117697295
7 4 2 7  0.0002871882
7 4 4 7  0.0925141070
7 4 6 7  0.0113854739
7 5 1 7  -0.0117697295
7 5 3 7  0.0002871882
7 5 5 7  0.0925141070
7 5 7 7  0.0113854739
7 6 2 7  -0.0113854739
7 6 4 7  0.0113854739
7 6 6 7  0.2223331185
7 7 3 7  -0.0113854739
7 7 5 7  0.0113854739
7 7 7 7  0.2223331185
7 8 8 7  0.1996250066
7 9 9 7  0.1996250066
7 10 10 7  0.1996250066
7 11 11 7  0.1996250066
7 2 8 9  -0.0009568341
7 3 9 9  -0.0009568341
7 4 8 9  0.0009568341
7 5 9 9  0.0009568341
7 6 8 9  0.0120556199
7 7 9 9  0.0120556199
7 8 2 9  -0.0009568341
7 8 4 9  0.0009568341
7 8 6 9  0.0120556199
7 9 3 9  -0.0009568341
7 9 5 9  0.0009568341
7 9 7 9  0.0120556199
7 2 10 11  -0.0009568341
7 3 11 11  -0.0009568341
7 4 10 11  0.0009568341
7 5 11 11  0.0009568341
7 6 10 11  0.0120556199
7 7 11 11  0.0120556199
7 10 2 11  -0.0009568341
7 10 4 11  0.0009568341
7 10 6 11  0.0120556199
7 11 3 11  -0.0009568341
7 11 5 11  0.0009568341
7 11 7 11  0.0120556199
8 0 8 0  0.0424469385
8 1 9 0  0.0424469385
8 2 8 0  -0.0048792985
8 3 9 0  -0.0048792985
8 4 8 0  -0.0048792985
8 5 9 0  -0.0048792985
8 8 0 0  0.0424469385
8 8 2 0  -0.0048792985
8 8 4 0  -0.0048792985
8 9 1 0  0.0424469385
8 9 3 0  -0.0048792985
8 9 5 0  -0.0048792985
8 0 8 2  -0.0048792985
8 1 9 2  -0.0048792985
8 2 8 2  0.0006491234
8 3 9 2  0.0006491234
8 4 8 2  0.0004858669
8 5 9 2  0.0004858669
8 6 8 2  -0.0009568341
8 7 9 2  -0.0009568341
8 8 0 2  -0.0048792985
8 8 2 2  0.0006491234
8 8 4 2  0.0004858669
8 8 6 2  -0.0009568341
8 9 1 2  -0.0048792985
8 9 3 2  0.0006491234
8 9 5 2  0.0004858669
8 9 7 2  -0.0009568341
8 0 8 4  -0.0048792985
8 1 9 4  -0.0048792985
8 2 8 4  0.0004858669
8 3 9 4  0.0004858669
8 4 8 4  0.0006491234
8 5 9 4  0.0006491234
8 6 8 4  0.0009568341
8 7 9 4  0.0009568341
8 8 0 4  -0.0048792985
8 8 2 4  0.0004858669
8 8 4 4  0.0006491234
8 8 6 4  0.0009568341
8 9 1 4  -0.0048792985
8 9 3 4  0.0004858669
8 9 5 4  0.0006491234
8 9 7 4  0.0009568341
8 2 8 6  -0.0009568341
8 3 9 6  -0.0009568341
8 4 8 6  0.0009568341
8 5 9 6  0.0009568341
8 6 8 6  0.0120556199
8 7 9 6  0.0120556199
8 8 2 6  -0.0009568341
8 8 4 6  0.0009568341
8 8 6 6  0.0120556199
8 9 3 6  -0.0009568341
8 9 5 6  0.0009568341
8 9 7 6  0.0120556199
8 0 0 8  0.2021103706
8 0 2 8  -0.0133422767
8 0 4 8  -0.0133422767
8 1 1 8  0.2021103706
8 1 3 8  -0.0133422767
8 1 5 8  -0.0133422767
8 2 0 8  -0.0133422767
8 2 2 8  0.0823726297
8 2 4 8  0.0006128039
8 2 6 8  -0.0101743012
8 3 1 8  -0.0133422767
8 3 3 8  0.0823726297
8 3 5 8  0.0006128039
8 3 7 8  -0.0101743012
8 4 0 8  -0.0133422767
8 4 2 8  0.0006128039
8 4 4 8  0.0823726297
8 4 6 8  0.0101743012
8 5 1 8  -0.0133422767
8 5 3 8  0.0006128039
8 5 5 8  0.0823726297
8 5 7 8  0.0101743012
8 6 2 8  -0.0101743012
8 6 4 8  0.0101743012
8 6 6 8  0.1996250066
8 7 3 8  -0.0101743012
8 7 5 8  0.0101743012
8 7 7 8  0.1996250066
8 8 8 8  0.2249295454
8 9 9 8  0.2249295454
8 10 10 8  0.2006801625
8 11 11 8  0.2006801625
8 8 10 10  0.0121246913
8 9 11 10  0.0121246913
8 10 8 10  0.0121246913
8 11 9 10  0.0121246913
9 0 8 1  0.0424469385
9 1 9 1  0.0424469385
9 2 8 1  -0.0048792985
9 3 9 1  -0.0048792985
9 4 8 1  -0.0048792985
9 5 9 1  -0.0048792985
9 8 0 1  0.0424469385
9 8 2 1  -0.0048792985
9 8 4 1  -0.0048792985
9 9 1 1  0.0424469385
9 9 3 1  -0.0048792985
9 9 5 1  -0.0048792985
9 0 8 3  -0.0048792985
9 1 9 3  -0.0048792985
9 2 8 3  0.0006491234
9 3 9 3  0.0006491234
9 4 8 3  0.0004858669
9 5 9 3  0.0004858669
9 6 8 3  -0.0009568341
9 7 9 3  -0.0009568341
9 8 0 3  -0.0048792985
9 8 2 3  0.0006491234
9 8 4 3  0.0004858669
9 8 6 3  -0.0009568341
9 9 1 3  -0.0048792985
9 9 3 3  0.0006491234
9 9 5 3  0.0004858669
9 9 7 3  -0.0009568341
9 0 8 5  -0.0048792985
9 1 9 5  -0.0048792985
9 2 8 5  0.0004858669
9 3 9 5  0.0004858669
9 4 8 5  0.0006491234
9 5 9 5  0.0006491234
9 6 8 5  0.0009568341
9 7 9 5  0.0009568341
9 8 0 5  -0.0048792985
9 8 2 5  0.0004858669
9 8 4 5  0.0006491234
9 8 6 5  0.0009568341
9 9 1 5  -0.0048792985
9 9 3 5  0.0004858669
9 9 5 5  0.0006491234
9 9 7 5  0.0009568341
9 2 8 7  -0.0009568341
9 3 9 7  -0.0009568341
9 4 8 7  0.0009568341
9 5 9 7  0.0009568341
9 6 8 7  0.0120556199
9 7 9 7  0.0120556199
9 8 2 7  -0.0009568341
9 8 4 7  0.0009568341
9 8 6 7  0.0120556199
9 9 3 7  -0.0009568341
9 9 5 7  0.0009568341
9 9 7 7  0.0120556199
9 0 0 9  0.2021103706
9 0 2 9  -0.0133422767
9 0 4 9  -0.0133422767
9 1 1 9  0.2021103706
9 1 3 9  -0.0133422767
9 1 5 9  -0.0133422767
9 2 0 9  -0.0133422767
9 2 2 9  0.0823726297
9 2 4 9  0.0006128039
9 2 6 9  -0.0101743012
9 3 1 9  -0.0133422767
9 3 3 9  0.0823726297
9 3 5 9  0.0006128039
9 3 7 9  -0.0101743012
9 4 0 9  -0.0133422767
9 4 2 9  0.0006128039
9 4 4 9  0.0823726297
9 4 6 9  0.0101743012
9 5 1 9  -0.0133422767
9 5 3 9  0.0006128039
9 5 5 9  0.0823726297
9 5 7 9  0.0101743012
9 6 2 9  -0.0101743012
9 6 4 9  0.0101743012
9 6 6 9  0.1996250066
9 7 3 9  -0.0101743012
9 7 5 9  0.0101743012
9 7 7 9  0.1996250066
9 8 8 9  0.2249295454
9 9 9 9  0.2249295454
9 10 10 9  0.2006801625
9 11 11 9  0.2006801625
9 8 10 11  0.0121246913
9 9 11 11  0.0121246913
9 10 8 11  0.0121246913
9 11 9 11  0.0121246913
10 0 10 0  0.0424469385
10 1 11 0  0.0424469385
10 2 10 0  -0.0048792985
10 3 11 0  -0.0048792985
10 4 10 0  -0.0048792985
10 5 11 0  -0.0048792985
10 10 0 0  0.0424469385
10 10 2 0  -0.0048792985
10 10 4 0  -0.0048792985
10 11 1 0  0.0424469385
10 11 3 0  -0.0048792985
10 11 5 0  -0.0048792985
10 0 10 2  -0.0048792985
10 1 11 2  -0.0048792985
10 2 10 2  0.0006491234
10 3 11 2  0.0006491234
10 4 10 2  0.0004858669
10 5 11 2  0.0004858669
10 6 10 2  -0.0009568341
10 7 11 2  -0.0009568341
10 10 0 2  -0.0048792985
10 10 2 2  0.0006491234
10 10 4 2  0.0004858669
10 10 6 2  -0.0009568341
10 11 1 2  -0.0048792985
10 11 3 2  0.0006491234
10 11 5 2  0.0004858669
10 11 7 2  -0.0009568341
10 0 10 4  -0.0048792985
10 1 11 4  -0.0048792985
10 2 10 4  0.0004858669
10 3 11 4  0.0004858669
10 4 10 4  0.0006491234
10 5 11 4  0.0006491234
10 6 10 4  0.0009568341
10 7 11 4  0.0009568341
10 10 0 4  -0.0048792985
10 10 2 4  0.0004858669
10 10 4 4  0.0006491234
10 10 6 4  0.0009568341
10 11 1 4  -0.0048792985
10 11 3 4  0.0004858669
10 11 5 4  0.0006491234
10 11 7 4  0.0009568341
10 2 10 6  -0.0009568341
10 3 11 6  -0.0009568341
10 4 10 6  0.0009568341
10 5 11 6  0.0009568341
10 6 10 6  0.0120556199
10 7 11 6  0.0120556199
10 10 2 6  -0.0009568341
10 10 4 6  0.0009568341
10 10 6 6  0.0120556199
10 11 3 6  -0.0009568341
10 11 5 6  0.0009568341
10 11 7 6  0.0120556199
10 8 10 8  0.0121246913
10 9 11 8  0.0121246913
10 10 8 8  0.0121246913
10 11 9 8  0.0121246913
10 0 0 10  0.2021103706
10 0 2 10  -0.0133422767
10 0 4 10  -0.0133422767
10 1 1 10  0.2021103706
10 1 3 10  -0.0133422767
10 1 5 10  -0.0133422767
10 2 0 10  -0.0133422767
10 2 2 10  0.0823726297
10 2 4 10  0.0006128039
10 2 6 10  -0.0101743012
10 3 1 10  -0.0133422767
10 3 3 10  0.0823726297
10 3 5 10  0.0006128039
10 3 7 10  -0.0101743012
10 4 0 10  -0.0133422767
10 4 2 10  0.0006128039
10 4 4 10  0.0823726297
10 4 6 10  0.0101743012
10 5 1 10  -0.0133422767
10 5 3 10  0.0006128039
10 5 5 10  0.0823726297
10 5 7 10  0.0101743012
10 6 2 10  -0.0101743012
10 6 4 10  0.0101743012
10 6 6 10  0.1996250066
10 7 3 10  -0.0101743012
10 7 5 10  0.0101743012
10 7 7 10  0.1996250066
10 8 8 10  0.2006801625
10 9 9 10  0.2006801625
10 10 10 10  0.2249295454
10 11 11 10  0.2249295454
11 0 10 1  0.0424469385
11 1 11 1  0.0424469385
11 2 10 1  -0.0048792985
11 3 11 1  -0.0048792985
11 4 10 1  -0.0048792985
11 5 11 1  -0.0048792985
11 10 0 1  0.0424469385
11 10 2 1  -0.0048792985
11 10 4 1  -0.0048792985
11 11 1 1  0.0424469385
11 11 3 1  -0.0048792985
11 11 5 1  -0.0048792985
11 0 10 3  -0.0048792985
11 1 11 3  -0.0048792985
11 2 10 3  0.0006491234
11 3 11 3  0.0006491234
11 4 10 3  0.0004858669
11 5 11 3  0.0004858669
11 6 10 3  -0.0009568341
11 7 11 3  -0.0009568341
11 10 0 3  -0.0048792985
11 10 2 3  0.0006491234
11 10 4 3  0.0004858669
11 10 6 3  -0.0009568341
11 11 1 3  -0.0048792985
11 11 3 3  0.0006491234
11 11 5 3  0.0004858669
11 11 7 3  -0.0009568341
11 0 10 5  -0.0048792985
11 1 11 5  -0.0048792985
11 2 10 5  0.0004858669
11 3 11 5  0.0004858669
11 4 10 5  0.0006491234
11 5 11 5  0.0006491234
11 6 10 5  0.0009568341
11 7 11 5  0.0009568341
11 10 0 5  -0.0048792985
11 10 2 5  0.0004858669
11 10 4 5  0.0006491234
11 10 6 5  0.0009568341
11 11 1 5  -0.0048792985
11 11 3 5  0.0004858669
11 11 5 5  0.0006491234
11 11 7 5  0.0009568341
11 2 10 7  -0.0009568341
11 3 11 7  -0.0009568341
11 4 10 7  0.0009568341
11 5 11 7  0.0009568341
11 6 10 7  0.0120556199
11 7 11 7  0.0120556199
11 10 2 7  -0.0009568341
11 10 4 7  0.0009568341
11 10 6 7  0.0120556199
11 11 3 7  -0.0009568341
11 11 5 7  0.0009568341
11 11 7 7  0.0120556199
11 8 10 9  0.0121246913
11 9 11 9  0.0121246913
11 10 8 9  0.0121246913
11 11 9 9  0.0121246913
11 0 0 11  0.2021103706
11 0 2 11  -0.0133422767
11 0 4 11  -0.0133422767
11 1 1 11  0.2021103706
11 1 3 11  -0.0133422767
11 1 5 11  -0.0133422767
11 2 0 11  -0.0133422767
11 2 2 11  0.0823726297
11 2 4 11  0.0006128039
11 2 6 11  -0.0101743012
11 3 1 11  -0.0133422767
11 3 3 11  0.0823726297
11 3 5 11  0.0006128039
11 3 7 11  -0.0101743012
11 4 0 11  -0.0133422767
11 4 2 11  0.0006128039
11 4 4 11  0.0823726297
11 4 6 11  0.0101743012
11 5 1 11  -0.0133422767
11 5 3 11  0.0006128039
11 5 5 11  0.0823726297
11 5 7 11  0.0101743012
11 6 2 11  -0.0101743012
11 6 4 11  0.0101743012
11 6 6 11  0.1996250066
11 7 3 11  -0.0101743012
11 7 5 11  0.0101743012
11 7 7 11  0.1996250066
11 8 8 11  0.2006801625
11 9 9 11  0.2006801625
11 10 10 11  0.2249295454
11 11 11 11  0.2249295454
