-12.186585439419868
0 0  -1.2718365065
0 2  0.0055079349
0 4  0.0055079349
1 1  -1.2718365065
1 3  0.0055079349
1 5  0.0055079349
2 0  0.0055079349
2 2  -1.1246190202
2 4  0.1270076620
2 6  0.0211224165
3 1  0.0055079349
3 3  -1.1246190202
3 5  0.1270076620
3 7  0.0211224165
4 0  0.0055079349
4 2  0.1270076620
4 4  -1.1246190202
4 6  -0.0211224165
5 1  0.0055079349
5 3  0.1270076620
5 5  -1.1246190202
5 7  -0.0211224165
6 2  0.0211224165
6 4  -0.0211224165
6 6  -0.8564670726
7 3  0.0211224165
7 5  -0.0211224165
7 7  -0.8564670726
8 8  -1.0199381210
9 9  -1.0199381210
10 10  -1.0199381210
11 11  -1.0199381210
0 0 0 0  0.1728344828
0 0 2 0  0.0005370796
0 0 4 0  0.0005370796
0 1 1 0  0.1728344828
0 1 3 0  0.0005370796
0 1 5 0  0.0005370796
0 2 0 0  0.0005370796
0 2 2 0  0.1752870089
0 2 4 0  -0.0007749147
0 2 6 0  -0.0031194175
0 3 1 0  0.0005370796
0 3 3 0  0.1752870089
0 3 5 0  -0.0007749147
0 3 7 0  -0.0031194175
0 4 0 0  0.0005370796
0 4 2 0  -0.0007749147
0 4 4 0  0.1752870089
0 4 6 0  0.0031194175
0 5 1 0  0.0005370796
0 5 3 0  -0.0007749147
0 5 5 0  0.1752870089
0 5 7 0  0.0031194175
0 6 2 0  -0.0031194175
0 6 4 0  0.0031194175
0 6 6 0  0.1843699189
0 7 3 0  -0.0031194175
0 7 5 0  0.0031194175
0 7 7 0  0.1843699189
0 8 8 0  0.1696716543
0 9 9 0  0.1696716543
0 10 10 0  0.1696716543
0 11 11 0  0.1696716543
0 0 0 2  0.0005370796
0 0 2 2  0.0594106872
0 0 4 2  -0.0139779062
0 0 6 2  0.0107233129
0 1 1 2  0.0005370796
0 1 3 2  0.0594106872
0 1 5 2  -0.0139779062
0 1 7 2  0.0107233129
0 2 0 2  0.0594106872
0 2 2 2  0.0459273945
0 2 4 2  -0.0025507848
0 2 6 2  0.0546226500
0 3 1 2  0.0594106872
0 3 3 2  0.0459273945
0 3 5 2  -0.0025507848
0 3 7 2  0.0546226500
0 4 0 2  -0.0139779062
0 4 2 2  -0.0025507848
0 4 4 2  -0.0219966617
0 4 6 2  0.0115337128
0 5 1 2  -0.0139779062
0 5 3 2  -0.0025507848
0 5 5 2  -0.0219966617
0 5 7 2  0.0115337128
0 6 0 2  0.0107233129
0 6 2 2  0.0546226500
0 6 4 2  0.0115337128
0 6 6 2  -0.0002253966
0 7 1 2  0.0107233129
0 7 3 2  0.0546226500
0 7 5 2  0.0115337128
0 7 7 2  -0.0002253966
0 8 8 2  -0.0296272044
0 9 9 2  -0.0296272044
0 10 10 2  -0.0296272044
0 11 11 2  -0.0296272044
0 0 0 4  0.0005370796
0 0 2 4  -0.0139779062
0 0 4 4  0.0594106872
0 0 6 4  -0.0107233129
0 1 1 4  0.0005370796
0 1 3 4  -0.0139779062
0 1 5 4  0.0594106872
0 1 7 4  -0.0107233129
0 2 0 4  -0.0139779062
0 2 2 4  -0.0219966617
0 2 4 4  -0.0025507848
0 2 6 4  -0.0115337128
0 3 1 4  -0.0139779062
0 3 3 4  -0.0219966617
0 3 5 4  -0.0025507848
0 3 7 4  -0.0115337128
0 4 0 4  0.0594106872
0 4 2 4  -0.0025507848
0 4 4 4  0.0459273945
0 4 6 4  -0.0546226500
0 5 1 4  0.0594106872
0 5 3 4  -0.0025507848
0 5 5 4  0.0459273945
0 5 7 4  -0.0546226500
0 6 0 4  -0.0107233129
0 6 2 4  -0.0115337128
0 6 4 4  -0.0546226500
0 6 6 4  -0.0002253966
0 7 1 4  -0.0107233129
0 7 3 4  -0.0115337128
0 7 5 4  -0.0546226500
0 7 7 4  -0.0002253966
0 8 8 4  -0.0296272044
0 9 9 4  -0.0296272044
0 10 10 4  -0.0296272044
0 11 11 4  -0.0296272044
0 0 2 6  0.0107233129
0 0 4 6  -0.0107233129
0 0 6 6  0.0285079287
0 1 3 6  0.0107233129
0 1 5 6  -0.0107233129
0 1 7 6  0.0285079287
0 2 0 6  0.0107233129
0 2 2 6  0.0322686437
0 2 6 6  0.0122188228
0 3 1 6  0.0107233129
0 3 3 6  0.0322686437
0 3 7 6  0.0122188228
0 4 0 6  -0.0107233129
0 4 4 6  -0.0322686437
0 4 6 6  0.0122188228
0 5 1 6  -0.0107233129
0 5 5 6  -0.0322686437
0 5 7 6  0.0122188228
0 6 0 6  0.0285079287
0 6 2 6  0.0122188228
0 6 4 6  0.0122188228
0 7 1 6  0.0285079287
0 7 3 6  0.0122188228
0 7 5 6  0.0122188228
0 0 8 8  0.0240222569
0 1 9 8  0.0240222569
0 2 8 8  -0.0160482231
0 3 9 8  -0.0160482231
0 4 8 8  -0.0160482231
0 5 9 8  -0.0160482231
0 8 0 8  0.0240222569
0 8 2 8  -0.0160482231
0 8 4 8  -0.0160482231
0 9 1 8  0.0240222569
0 9 3 8  -0.0160482231
0 9 5 8  -0.0160482231
0 0 10 10  0.0240222569
0 1 11 10  0.0240222569
0 2 10 10  -0.0160482231
0 3 11 10  -0.0160482231
0 4 10 10  -0.0160482231
0 5 11 10  -0.0160482231
0 10 0 10  0.0240222569
0 10 2 10  -0.0160482231
0 10 4 10  -0.0160482231
0 11 1 10  0.0240222569
0 11 3 10  -0.0160482231
0 11 5 10  -0.0160482231
1 0 0 1  0.1728344828
1 0 2 1  0.0005370796
1 0 4 1  0.0005370796
1 1 1 1  0.1728344828
1 1 3 1  0.0005370796
1 1 5 1  0.0005370796
1 2 0 1  0.0005370796
1 2 2 1  0.1752870089
1 2 4 1  -0.0007749147
1 2 6 1  -0.0031194175
1 3 1 1  0.0005370796
1 3 3 1  0.1752870089
1 3 5 1  -0.0007749147
1 3 7 1  -0.0031194175
1 4 0 1  0.0005370796
1 4 2 1  -0.0007749147
1 4 4 1  0.1752870089
1 4 6 1  0.0031194175
1 5 1 1  0.0005370796
1 5 3 1  -0.0007749147
1 5 5 1  0.1752870089
1 5 7 1  0.0031194175
1 6 2 1  -0.0031194175
1 6 4 1  0.0031194175
1 6 6 1  0.1843699189
1 7 3 1  -0.0031194175
1 7 5 1  0.0031194175
1 7 7 1  0.1843699189
1 8 8 1  0.1696716543
1 9 9 1  0.1696716543
1 10 10 1  0.1696716543
1 11 11 1  0.1696716543
1 0 0 3  0.0005370796
1 0 2 3  0.0594106872
1 0 4 3  -0.0139779062
1 0 6 3  0.0107233129
1 1 1 3  0.0005370796
1 1 3 3  0.0594106872
1 1 5 3  -0.0139779062
1 1 7 3  0.0107233129
1 2 0 3  0.0594106872
1 2 2 3  0.0459273945
1 2 4 3  -0.0025507848
1 2 6 3  0.0546226500
1 3 1 3  0.0594106872
1 3 3 3  0.0459273945
1 3 5 3  -0.0025507848
1 3 7 3  0.0546226500
1 4 0 3  -0.0139779062
1 4 2 3  -0.0025507848
1 4 4 3  -0.0219966617
1 4 6 3  0.0115337128
1 5 1 3  -0.0139779062
1 5 3 3  -0.0025507848
1 5 5 3  -0.0219966617
1 5 7 3  0.0115337128
1 6 0 3  0.0107233129
1 6 2 3  0.0546226500
1 6 4 3  0.0115337128
1 6 6 3  -0.0002253966
1 7 1 3  0.0107233129
1 7 3 3  0.0546226500
1 7 5 3  0.0115337128
1 7 7 3  -0.0002253966
1 8 8 3  -0.0296272044
1 9 9 3  -0.0296272044
1 10 10 3  -0.0296272044
1 11 11 3  -0.0296272044
1 0 0 5  0.0005370796
1 0 2 5  -0.0139779062
1 0 4 5  0.0594106872
1 0 6 5  -0.0107233129
1 1 1 5  0.0005370796
1 1 3 5  -0.0139779062
1 1 5 5  0.0594106872
1 1 7 5  -0.0107233129
1 2 0 5  -0.0139779062
1 2 2 5  -0.0219966617
1 2 4 5  -0.0025507848
1 2 6 5  -0.0115337128
1 3 1 5  -0.0139779062
1 3 3 5  -0.0219966617
1 3 5 5  -0.0025507848
1 3 7 5  -0.0115337128
1 4 0 5  0.0594106872
1 4 2 5  -0.0025507848
1 4 4 5  0.0459273945
1 4 6 5  -0.0546226500
1 5 1 5  0.0594106872
1 5 3 5  -0.0025507848
1 5 5 5  0.0459273945
1 5 7 5  -0.0546226500
1 6 0 5  -0.0107233129
1 6 2 5  -0.0115337128
1 6 4 5  -0.0546226500
1 6 6 5  -0.0002253966
1 7 1 5  -0.0107233129
1 7 3 5  -0.0115337128
1 7 5 5  -0.0546226500
1 7 7 5  -0.0002253966
1 8 8 5  -0.0296272044
1 9 9 5  -0.0296272044
1 10 10 5  -0.0296272044
1 11 11 5  -0.0296272044
1 0 2 7  0.0107233129
1 0 4 7  -0.0107233129
1 0 6 7  0.0285079287
1 1 3 7  0.0107233129
1 1 5 7  -0.0107233129
1 1 7 7  0.0285079287
1 2 0 7  0.0107233129
1 2 2 7  0.0322686437
1 2 6 7  0.0122188228
1 3 1 7  0.0107233129
1 3 3 7  0.0322686437
1 3 7 7  0.0122188228
1 4 0 7  -0.0107233129
1 4 4 7  -0.0322686437
1 4 6 7  0.0122188228
1 5 1 7  -0.0107233129
1 5 5 7  -0.0322686437
1 5 7 7  0.0122188228
1 6 0 7  0.0285079287
1 6 2 7  0.0122188228
1 6 4 7  0.0122188228
1 7 1 7  0.0285079287
1 7 3 7  0.0122188228
1 7 5 7  0.0122188228
1 0 8 9  0.0240222569
1 1 9 9  0.0240222569
1 2 8 9  -0.0160482231
1 3 9 9  -0.0160482231
1 4 8 9  -0.0160482231
1 5 9 9  -0.0160482231
1 8 0 9  0.0240222569
1 8 2 9  -0.0160482231
1 8 4 9  -0.0160482231
1 9 1 9  0.0240222569
1 9 3 9  -0.0160482231
1 9 5 9  -0.0160482231
1 0 10 11  0.0240222569
1 1 11 11  0.0240222569
1 2 10 11  -0.0160482231
1 3 11 11  -0.0160482231
1 4 10 11  -0.0160482231
1 5 11 11  -0.0160482231
1 10 0 11  0.0240222569
1 10 2 11  -0.0160482231
1 10 4 11  -0.0160482231
1 11 1 11  0.0240222569
1 11 3 11  -0.0160482231
1 11 5 11  -0.0160482231
2 0 0 0  0.0005370796
2 0 2 0  0.0594106872
2 0 4 0  -0.0139779062
2 0 6 0  0.0107233129
2 1 1 0  0.0005370796
2 1 3 0  0.0594106872
2 1 5 0  -0.0139779062
2 1 7 0  0.0107233129
2 2 0 0  0.0594106872
2 2 2 0  0.0459273945
2 2 4 0  -0.0025507848
2 2 6 0  0.0546226500
2 3 1 0  0.0594106872
2 3 3 0  0.0459273945
2 3 5 0  -0.0025507848
2 3 7 0  0.0546226500
2 4 0 0  -0.0139779062
2 4 2 0  -0.0025507848
2 4 4 0  -0.0219966617
2 4 6 0  0.0115337128
2 5 1 0  -0.0139779062
2 5 3 0  -0.0025507848
2 5 5 0  -0.0219966617
2 5 7 0  0.0115337128
2 6 0 0  0.0107233129
2 6 2 0  0.0546226500
2 6 4 0  0.0115337128
2 6 6 0  -0.0002253966
2 7 1 0  0.0107233129
2 7 3 0  0.0546226500
2 7 5 0  0.0115337128
2 7 7 0  -0.0002253966
2 8 8 0  -0.0296272044
2 9 9 0  -0.0296272044
2 10 10 0  -0.0296272044
2 11 11 0  -0.0296272044
2 0 0 2  0.1752870089
2 0 2 2  0.0459273945
2 0 4 2  -0.0219966617
2 0 6 2  0.0322686437
2 1 1 2  0.1752870089
2 1 3 2  0.0459273945
2 1 5 2  -0.0219966617
2 1 7 2  0.0322686437
2 2 0 2  0.0459273945
2 2 2 2  0.2353453421
2 2 4 2  -0.0012040220
2 2 6 2  0.0409278186
2 3 1 2  0.0459273945
2 3 3 2  0.2353453421
2 3 5 2  -0.0012040220
2 3 7 2  0.0409278186
2 4 0 2  -0.0219966617
2 4 2 2  -0.0012040220
2 4 4 2  0.1330548541
2 4 6 2  0.0249285707
2 5 1 2  -0.0219966617
2 5 3 2  -0.0012040220
2 5 5 2  0.1330548541
2 5 7 2  0.0249285707
2 6 0 2  0.0322686437
2 6 2 2  0.0409278186
2 6 4 2  0.0249285707
2 6 6 2  0.1886820696
2 7 1 2  0.0322686437
2 7 3 2  0.0409278186
2 7 5 2  0.0249285707
2 7 7 2  0.1886820696
2 8 8 2  0.1579259651
2 9 9 2  0.1579259651
2 10 10 2  0.1579259651
2 11 11 2  0.1579259651
2 0 0 4  -0.0007749147
2 0 2 4  -0.0025507848
2 0 4 4  -0.0025507848
2 1 1 4  -0.0007749147
2 1 3 4  -0.0025507848
2 1 5 4  -0.0025507848
2 2 0 4  -0.0025507848
2 2 2 4  -0.0012040220
2 2 4 4  0.0026751084
2 2 6 4  -0.0001763696
2 3 1 4  -0.0025507848
2 3 3 4  -0.0012040220
2 3 5 4  0.0026751084
2 3 7 4  -0.0001763696
2 4 0 4  -0.0025507848
2 4 2 4  0.0026751084
2 4 4 4  -0.0012040220
2 4 6 4  0.0001763696
2 5 1 4  -0.0025507848
2 5 3 4  0.0026751084
2 5 5 4  -0.0012040220
2 5 7 4  0.0001763696
2 6 2 4  -0.0001763696
2 6 4 4  0.0001763696
2 6 6 4  -0.0004148514
2 7 3 4  -0.0001763696
2 7 5 4  0.0001763696
2 7 7 4  -0.0004148514
2 8 8 4  0.0057620482
2 9 9 4  0.0057620482
2 10 10 4  0.0057620482
2 11 11 4  0.0057620482
2 0 0 6  -0.0031194175
2 0 2 6  0.0546226500
2 0 4 6  -0.0115337128
2 0 6 6  0.0122188228
2 1 1 6  -0.0031194175
2 1 3 6  0.0546226500
2 1 5 6  -0.0115337128
2 1 7 6  0.0122188228
2 2 0 6  0.0546226500
2 2 2 6  0.0409278186
2 2 4 6  -0.0001763696
2 2 6 6  0.0554545170
2 3 1 6  0.0546226500
2 3 3 6  0.0409278186
2 3 5 6  -0.0001763696
2 3 7 6  0.0554545170
2 4 0 6  -0.0115337128
2 4 2 6  -0.0001763696
2 4 4 6  -0.0249285707
2 4 6 6  0.0090166860
2 5 1 6  -0.0115337128
2 5 3 6  -0.0001763696
2 5 5 6  -0.0249285707
2 5 7 6  0.0090166860
2 6 0 6  0.0122188228
2 6 2 6  0.0554545170
2 6 4 6  0.0090166860
2 6 6 6  -0.0063998288
2 7 1 6  0.0122188228
2 7 3 6  0.0554545170
2 7 5 6  0.0090166860
2 7 7 6  -0.0063998288
2 8 8 6  -0.0285315283
2 9 9 6  -0.0285315283
2 10 10 6  -0.0285315283
2 11 11 6  -0.0285315283
2 0 8 8  -0.0160482231
2 1 9 8  -0.0160482231
2 2 8 8  0.0135863929
2 3 9 8  0.0135863929
2 4 8 8  0.0086869152
2 5 9 8  0.0086869152
2 6 8 8  -0.0043857957
2 7 9 8  -0.0043857957
2 8 0 8  -0.0160482231
2 8 2 8  0.0135863929
2 8 4 8  0.0086869152
2 8 6 8  -0.0043857957
2 9 1 8  -0.0160482231
2 9 3 8  0.0135863929
2 9 5 8  0.0086869152
2 9 7 8  -0.0043857957
2 0 10 10  -0.0160482231
2 1 11 10  -0.0160482231
2 2 10 10  0.0135863929
2 3 11 10  0.0135863929
2 4 10 10  0.0086869152
2 5 11 10  0.0086869152
2 6 10 10  -0.0043857957
2 7 11 10  -0.0043857957
2 10 0 10  -0.0160482231
2 10 2 10  0.0135863929
2 10 4 10  0.0086869152
2 10 6 10  -0.0043857957
2 11 1 10  -0.0160482231
2 11 3 10  0.0135863929
2 11 5 10  0.0086869152
2 11 7 10  -0.0043857957
3 0 0 1  0.0005370796
3 0 2 1  0.0594106872
3 0 4 1  -0.0139779062
3 0 6 1  0.0107233129
3 1 1 1  0.0005370796
3 1 3 1  0.0594106872
3 1 5 1  -0.0139779062
3 1 7 1  0.0107233129
3 2 0 1  0.0594106872
3 2 2 1  0.0459273945
3 2 4 1  -0.0025507848
3 2 6 1  0.0546226500
3 3 1 1  0.0594106872
3 3 3 1  0.0459273945
3 3 5 1  -0.0025507848
3 3 7 1  0.0546226500
3 4 0 1  -0.0139779062
3 4 2 1  -0.0025507848
3 4 4 1  -0.0219966617
3 4 6 1  0.0115337128
3 5 1 1  -0.0139779062
3 5 3 1  -0.0025507848
3 5 5 1  -0.0219966617
3 5 7 1  0.0115337128
3 6 0 1  0.0107233129
3 6 2 1  0.0546226500
3 6 4 1  0.0115337128
3 6 6 1  -0.0002253966
3 7 1 1  0.0107233129
3 7 3 1  0.0546226500
3 7 5 1  0.0115337128
3 7 7 1  -0.0002253966
3 8 8 1  -0.0296272044
3 9 9 1  -0.0296272044
3 10 10 1  -0.0296272044
3 11 11 1  -0.0296272044
3 0 0 3  0.1752870089
3 0 2 3  0.0459273945
3 0 4 3  -0.0219966617
3 0 6 3  0.0322686437
3 1 1 3  0.1752870089
3 1 3 3  0.0459273945
3 1 5 3  -0.0219966617
3 1 7 3  0.0322686437
3 2 0 3  0.0459273945
3 2 2 3  0.2353453421
3 2 4 3  -0.0012040220
3 2 6 3  0.0409278186
3 3 1 3  0.0459273945
3 3 3 3  0.2353453421
3 3 5 3  -0.0012040220
3 3 7 3  0.0409278186
3 4 0 3  -0.0219966617
3 4 2 3  -0.0012040220
3 4 4 3  0.1330548541
3 4 6 3  0.0249285707
3 5 1 3  -0.0219966617
3 5 3 3  -0.0012040220
3 5 5 3  0.1330548541
3 5 7 3  0.0249285707
3 6 0 3  0.0322686437
3 6 2 3  0.0409278186
3 6 4 3  0.0249285707
3 6 6 3  0.1886820696
3 7 1 3  0.0322686437
3 7 3 3  0.0409278186
3 7 5 3  0.0249285707
3 7 7 3  0.1886820696
3 8 8 3  0.1579259651
3 9 9 3  0.1579259651
3 10 10 3  0.1579259651
3 11 11 3  0.1579259651
3 0 0 5  -0.0007749147
3 0 2 5  -0.0025507848
3 0 4 5  -0.0025507848
3 1 1 5  -0.0007749147
3 1 3 5  -0.0025507848
3 1 5 5  -0.0025507848
3 2 0 5  -0.0025507848
3 2 2 5  -0.0012040220
3 2 4 5  0.0026751084
3 2 6 5  -0.0001763696
3 3 1 5  -0.0025507848
3 3 3 5  -0.0012040220
3 3 5 5  0.0026751084
3 3 7 5  -0.0001763696
3 4 0 5  -0.0025507848
3 4 2 5  0.0026751084
3 4 4 5  -0.0012040220
3 4 6 5  0.0001763696
3 5 1 5  -0.0025507848
3 5 3 5  0.0026751084
3 5 5 5  -0.0012040220
3 5 7 5  0.0001763696
3 6 2 5  -0.0001763696
3 6 4 5  0.0001763696
3 6 6 5  -0.0004148514
3 7 3 5  -0.0001763696
3 7 5 5  0.0001763696
3 7 7 5  -0.0004148514
3 8 8 5  0.0057620482
3 9 9 5  0.0057620482
3 10 10 5  0.0057620482
3 11 11 5  0.0057620482
3 0 0 7  -0.0031194175
3 0 2 7  0.0546226500
3 0 4 7  -0.0115337128
3 0 6 7  0.0122188228
3 1 1 7  -0.0031194175
3 1 3 7  0.0546226500
3 1 5 7  -0.0115337128
3 1 7 7  0.0122188228
3 2 0 7  0.0546226500
3 2 2 7  0.0409278186
3 2 4 7  -0.0001763696
3 2 6 7  0.0554545170
3 3 1 7  0.0546226500
3 3 3 7  0.0409278186
3 3 5 7  -0.0001763696
3 3 7 7  0.0554545170
3 4 0 7  -0.0115337128
3 4 2 7  -0.0001763696
3 4 4 7  -0.0249285707
3 4 6 7  0.0090166860
3 5 1 7  -0.0115337128
3 5 3 7  -0.0001763696
3 5 5 7  -0.0249285707
3 5 7 7  0.0090166860
3 6 0 7  0.0122188228
3 6 2 7  0.0554545170
3 6 4 7  0.0090166860
3 6 6 7  -0.0063998288
3 7 1 7  0.0122188228
3 7 3 7  0.0554545170
3 7 5 7  0.0090166860
3 7 7 7  -0.0063998288
3 8 8 7  -0.0285315283
3 9 9 7  -0.0285315283
3 10 10 7  -0.0285315283
3 11 11 7  -0.0285315283
3 0 8 9  -0.0160482231
3 1 9 9  -0.0160482231
3 2 8 9  0.0135863929
3 3 9 9  0.0135863929
3 4 8 9  0.0086869152
3 5 9 9  0.0086869152
3 6 8 9  -0.0043857957
3 7 9 9  -0.0043857957
3 8 0 9  -0.0160482231
3 8 2 9  0.0135863929
3 8 4 9  0.0086869152
3 8 6 9  -0.0043857957
3 9 1 9  -0.0160482231
3 9 3 9  0.0135863929
3 9 5 9  0.0086869152
3 9 7 9  -0.0043857957
3 0 10 11  -0.0160482231
3 1 11 11  -0.0160482231
3 2 10 11  0.0135863929
3 3 11 11  0.0135863929
3 4 10 11  0.0086869152
3 5 11 11  0.0086869152
3 6 10 11  -0.0043857957
3 7 11 11  -0.0043857957
3 10 0 11  -0.0160482231
3 10 2 11  0.0135863929
3 10 4 11  0.0086869152
3 10 6 11  -0.0043857957
3 11 1 11  -0.0160482231
3 11 3 11  0.0135863929
3 11 5 11  0.0086869152
3 11 7 11  -0.0043857957
4 0 0 0  0.0005370796
4 0 2 0  -0.0139779062
4 0 4 0  0.0594106872
4 0 6 0  -0.0107233129
4 1 1 0  0.0005370796
4 1 3 0  -0.0139779062
4 1 5 0  0.0594106872
4 1 7 0  -0.0107233129
4 2 0 0  -0.0139779062
4 2 2 0  -0.0219966617
4 2 4 0  -0.0025507848
4 2 6 0  -0.0115337128
4 3 1 0  -0.0139779062
4 3 3 0  -0.0219966617
4 3 5 0  -0.0025507848
4 3 7 0  -0.0115337128
4 4 0 0  0.0594106872
4 4 2 0  -0.0025507848
4 4 4 0  0.0459273945
4 4 6 0  -0.0546226500
4 5 1 0  0.0594106872
4 5 3 0  -0.0025507848
4 5 5 0  0.0459273945
4 5 7 0  -0.0546226500
4 6 0 0  -0.0107233129
4 6 2 0  -0.0115337128
4 6 4 0  -0.0546226500
4 6 6 0  -0.0002253966
4 7 1 0  -0.0107233129
4 7 3 0  -0.0115337128
4 7 5 0  -0.0546226500
4 7 7 0  -0.0002253966
4 8 8 0  -0.0296272044
4 9 9 0  -0.0296272044
4 10 10 0  -0.0296272044
4 11 11 0  -0.0296272044
4 0 0 2  -0.0007749147
4 0 2 2  -0.0025507848
4 0 4 2  -0.0025507848
4 1 1 2  -0.0007749147
4 1 3 2  -0.0025507848
4 1 5 2  -0.0025507848
4 2 0 2  -0.0025507848
4 2 2 2  -0.0012040220
4 2 4 2  0.0026751084
4 2 6 2  -0.0001763696
4 3 1 2  -0.0025507848
4 3 3 2  -0.0012040220
4 3 5 2  0.0026751084
4 3 7 2  -0.0001763696
4 4 0 2  -0.0025507848
4 4 2 2  0.0026751084
4 4 4 2  -0.0012040220
4 4 6 2  0.0001763696
4 5 1 2  -0.0025507848
4 5 3 2  0.0026751084
4 5 5 2  -0.0012040220
4 5 7 2  0.0001763696
4 6 2 2  -0.0001763696
4 6 4 2  0.0001763696
4 6 6 2  -0.0004148514
4 7 3 2  -0.0001763696
4 7 5 2  0.0001763696
4 7 7 2  -0.0004148514
4 8 8 2  0.0057620482
4 9 9 2  0.0057620482
4 10 10 2  0.0057620482
4 11 11 2  0.0057620482
4 0 0 4  0.1752870089
4 0 2 4  -0.0219966617
4 0 4 4  0.0459273945
4 0 6 4  -0.0322686437
4 1 1 4  0.1752870089
4 1 3 4  -0.0219966617
4 1 5 4  0.0459273945
4 1 7 4  -0.0322686437
4 2 0 4  -0.0219966617
4 2 2 4  0.1330548541
4 2 4 4  -0.0012040220
4 2 6 4  -0.0249285707
4 3 1 4  -0.0219966617
4 3 3 4  0.1330548541
4 3 5 4  -0.0012040220
4 3 7 4  -0.0249285707
4 4 0 4  0.0459273945
4 4 2 4  -0.0012040220
4 4 4 4  0.2353453421
4 4 6 4  -0.0409278186
4 5 1 4  0.0459273945
4 5 3 4  -0.0012040220
4 5 5 4  0.2353453421
4 5 7 4  -0.0409278186
4 6 0 4  -0.0322686437
4 6 2 4  -0.0249285707
4 6 4 4  -0.0409278186
4 6 6 4  0.1886820696
4 7 1 4  -0.0322686437
4 7 3 4  -0.0249285707
4 7 5 4  -0.0409278186
4 7 7 4  0.1886820696
4 8 8 4  0.1579259651
4 9 9 4  0.1579259651
4 10 10 4  0.1579259651
4 11 11 4  0.1579259651
4 0 0 6  0.0031194175
4 0 2 6  0.0115337128
4 0 4 6  -0.0546226500
4 0 6 6  0.0122188228
4 1 1 6  0.0031194175
4 1 3 6  0.0115337128
4 1 5 6  -0.0546226500
4 1 7 6  0.0122188228
4 2 0 6  0.0115337128
4 2 2 6  0.0249285707
4 2 4 6  0.0001763696
4 2 6 6  0.0090166860
4 3 1 6  0.0115337128
4 3 3 6  0.0249285707
4 3 5 6  0.0001763696
4 3 7 6  0.0090166860
4 4 0 6  -0.0546226500
4 4 2 6  0.0001763696
4 4 4 6  -0.0409278186
4 4 6 6  0.0554545170
4 5 1 6  -0.0546226500
4 5 3 6  0.0001763696
4 5 5 6  -0.0409278186
4 5 7 6  0.0554545170
4 6 0 6  0.0122188228
4 6 2 6  0.0090166860
4 6 4 6  0.0554545170
4 6 6 6  0.0063998288
4 7 1 6  0.0122188228
4 7 3 6  0.0090166860
4 7 5 6  0.0554545170
4 7 7 6  0.0063998288
4 8 8 6  0.0285315283
4 9 9 6  0.0285315283
4 10 10 6  0.0285315283
4 11 11 6  0.0285315283
4 0 8 8  -0.0160482231
4 1 9 8  -0.0160482231
4 2 8 8  0.0086869152
4 3 9 8  0.0086869152
4 4 8 8  0.0135863929
4 5 9 8  0.0135863929
4 6 8 8  0.0043857957
4 7 9 8  0.0043857957
4 8 0 8  -0.0160482231
4 8 2 8  0.0086869152
4 8 4 8  0.0135863929
4 8 6 8  0.0043857957
4 9 1 8  -0.0160482231
4 9 3 8  0.0086869152
4 9 5 8  0.0135863929
4 9 7 8  0.0043857957
4 0 10 10  -0.0160482231
4 1 11 10  -0.0160482231
4 2 10 10  0.0086869152
4 3 11 10  0.0086869152
4 4 10 10  0.0135863929
4 5 11 10  0.0135863929
4 6 10 10  0.0043857957
4 7 11 10  0.0043857957
4 10 0 10  -0.0160482231
4 10 2 10  0.0086869152
4 10 4 10  0.0135863929
4 10 6 10  0.0043857957
4 11 1 10  -0.0160482231
4 11 3 10  0.0086869152
4 11 5 10  0.0135863929
4 11 7 10  0.0043857957
5 0 0 1  0.0005370796
5 0 2 1  -0.0139779062
5 0 4 1  0.0594106872
5 0 6 1  -0.0107233129
5 1 1 1  0.0005370796
5 1 3 1  -0.0139779062
5 1 5 1  0.0594106872
5 1 7 1  -0.0107233129
5 2 0 1  -0.0139779062
5 2 2 1  -0.0219966617
5 2 4 1  -0.0025507848
5 2 6 1  -0.0115337128
5 3 1 1  -0.0139779062
5 3 3 1  -0.0219966617
5 3 5 1  -0.0025507848
5 3 7 1  -0.0115337128
5 4 0 1  0.0594106872
5 4 2 1  -0.0025507848
5 4 4 1  0.0459273945
5 4 6 1  -0.0546226500
5 5 1 1  0.0594106872
5 5 3 1  -0.0025507848
5 5 5 1  0.0459273945
5 5 7 1  -0.0546226500
5 6 0 1  -0.0107233129
5 6 2 1  -0.0115337128
5 6 4 1  -0.0546226500
5 6 6 1  -0.0002253966
5 7 1 1  -0.0107233129
5 7 3 1  -0.0115337128
5 7 5 1  -0.0546226500
5 7 7 1  -0.0002253966
5 8 8 1  -0.0296272044
5 9 9 1  -0.0296272044
5 10 10 1  -0.0296272044
5 11 11 1  -0.0296272044
5 0 0 3  -0.0007749147
5 0 2 3  -0.0025507848
5 0 4 3  -0.0025507848
5 1 1 3  -0.0007749147
5 1 3 3  -0.0025507848
5 1 5 3  -0.0025507848
5 2 0 3  -0.0025507848
5 2 2 3  -0.0012040220
5 2 4 3  0.0026751084
5 2 6 3  -0.0001763696
5 3 1 3  -0.0025507848
5 3 3 3  -0.0012040220
5 3 5 3  0.0026751084
5 3 7 3  -0.0001763696
5 4 0 3  -0.0025507848
5 4 2 3  0.0026751084
5 4 4 3  -0.0012040220
5 4 6 3  0.0001763696
5 5 1 3  -0.0025507848
5 5 3 3  0.0026751084
5 5 5 3  -0.0012040220
5 5 7 3  0.0001763696
5 6 2 3  -0.0001763696
5 6 4 3  0.0001763696
5 6 6 3  -0.0004148514
5 7 3 3  -0.0001763696
5 7 5 3  0.0001763696
5 7 7 3  -0.0004148514
5 8 8 3  0.0057620482
5 9 9 3  0.0057620482
5 10 10 3  0.0057620482
5 11 11 3  0.0057620482
5 0 0 5  0.1752870089
5 0 2 5  -0.0219966617
5 0 4 5  0.0459273945
5 0 6 5  -0.0322686437
5 1 1 5  0.1752870089
5 1 3 5  -0.0219966617
5 1 5 5  0.0459273945
5 1 7 5  -0.0322686437
5 2 0 5  -0.0219966617
5 2 2 5  0.1330548541
5 2 4 5  -0.0012040220
5 2 6 5  -0.0249285707
5 3 1 5  -0.0219966617
5 3 3 5  0.1330548541
5 3 5 5  -0.0012040220
5 3 7 5  -0.0249285707
5 4 0 5  0.0459273945
5 4 2 5  -0.0012040220
5 4 4 5  0.2353453421
5 4 6 5  -0.0409278186
5 5 1 5  0.0459273945
5 5 3 5  -0.0012040220
5 5 5 5  0.2353453421
5 5 7 5  -0.0409278186
5 6 0 5  -0.0322686437
5 6 2 5  -0.0249285707
5 6 4 5  -0.0409278186
5 6 6 5  0.1886820696
5 7 1 5  -0.0322686437
5 7 3 5  -0.0249285707
5 7 5 5  -0.0409278186
5 7 7 5  0.1886820696
5 8 8 5  0.1579259651
5 9 9 5  0.1579259651
5 10 10 5  0.1579259651
5 11 11 5  0.1579259651
5 0 0 7  0.0031194175
5 0 2 7  0.0115337128
5 0 4 7  -0.0546226500
5 0 6 7  0.0122188228
5 1 1 7  0.0031194175
5 1 3 7  0.0115337128
5 1 5 7  -0.0546226500
5 1 7 7  0.0122188228
5 2 0 7  0.0115337128
5 2 2 7  0.0249285707
5 2 4 7  0.0001763696
5 2 6 7  0.0090166860
5 3 1 7  0.0115337128
5 3 3 7  0.0249285707
5 3 5 7  0.0001763696
5 3 7 7  0.0090166860
5 4 0 7  -0.0546226500
5 4 2 7  0.0001763696
5 4 4 7  -0.0409278186
5 4 6 7  0.0554545170
5 5 1 7  -0.0546226500
5 5 3 7  0.0001763696
5 5 5 7  -0.0409278186
5 5 7 7  0.0554545170
5 6 0 7  0.0122188228
5 6 2 7  0.0090166860
5 6 4 7  0.0554545170
5 6 6 7  0.0063998288
5 7 1 7  0.0122188228
5 7 3 7  0.0090166860
5 7 5 7  0.0554545170
5 7 7 7  0.0063998288
5 8 8 7  0.0285315283
5 9 9 7  0.0285315283
5 10 10 7  0.0285315283
5 11 11 7  0.0285315283
5 0 8 9  -0.0160482231
5 1 9 9  -0.0160482231
5 2 8 9  0.0086869152
5 3 9 9  0.0086869152
5 4 8 9  0.0135863929
5 5 9 9  0.0135863929
5 6 8 9  0.0043857957
5 7 9 9  0.0043857957
5 8 0 9  -0.0160482231
5 8 2 9  0.0086869152
5 8 4 9  0.0135863929
5 8 6 9  0.0043857957
5 9 1 9  -0.0160482231
5 9 3 9  0.0086869152
5 9 5 9  0.0135863929
5 9 7 9  0.0043857957
5 0 10 11  -0.0160482231
5 1 11 11  -0.0160482231
5 2 10 11  0.0086869152
5 3 11 11  0.0086869152
5 4 10 11  0.0135863929
5 5 11 11  0.0135863929
5 6 10 11  0.0043857957
5 7 11 11  0.0043857957
5 10 0 11  -0.0160482231
5 10 2 11  0.0086869152
5 10 4 11  0.0135863929
5 10 6 11  0.0043857957
5 11 1 11  -0.0160482231
5 11 3 11  0.0086869152
5 11 5 11  0.0135863929
5 11 7 11  0.0043857957
6 0 2 0  0.0107233129
6 0 4 0  -0.0107233129
6 0 6 0  0.0285079287
6 1 3 0  0.0107233129
6 1 5 0  -0.0107233129
6 1 7 0  0.0285079287
6 2 0 0  0.0107233129
6 2 2 0  0.0322686437
6 2 6 0  0.0122188228
6 3 1 0  0.0107233129
6 3 3 0  0.0322686437
6 3 7 0  0.0122188228
6 4 0 0  -0.0107233129
6 4 4 0  -0.0322686437
6 4 6 0  0.0122188228
6 5 1 0  -0.0107233129
6 5 5 0  -0.0322686437
6 5 7 0  0.0122188228
6 6 0 0  0.0285079287
6 6 2 0  0.0122188228
6 6 4 0  0.0122188228
6 7 1 0  0.0285079287
6 7 3 0  0.0122188228
6 7 5 0  0.0122188228
6 0 0 2  -0.0031194175
6 0 2 2  0.0546226500
6 0 4 2  -0.0115337128
6 0 6 2  0.0122188228
6 1 1 2  -0.0031194175
6 1 3 2  0.0546226500
6 1 5 2  -0.0115337128
6 1 7 2  0.0122188228
6 2 0 2  0.0546226500
6 2 2 2  0.0409278186
6 2 4 2  -0.0001763696
6 2 6 2  0.0554545170
6 3 1 2  0.0546226500
6 3 3 2  0.0409278186
6 3 5 2  -0.0001763696
6 3 7 2  0.0554545170
6 4 0 2  -0.0115337128
6 4 2 2  -0.0001763696
6 4 4 2  -0.0249285707
6 4 6 2  0.0090166860
6 5 1 2  -0.0115337128
6 5 3 2  -0.0001763696
6 5 5 2  -0.0249285707
6 5 7 2  0.0090166860
6 6 0 2  0.0122188228
6 6 2 2  0.0554545170
6 6 4 2  0.0090166860
6 6 6 2  -0.0063998288
6 7 1 2  0.0122188228
6 7 3 2  0.0554545170
6 7 5 2  0.0090166860
6 7 7 2  -0.0063998288
6 8 8 2  -0.0285315283
6 9 9 2  -0.0285315283
6 10 10 2  -0.0285315283
6 11 11 2  -0.0285315283
6 0 0 4  0.0031194175
6 0 2 4  0.0115337128
6 0 4 4  -0.0546226500
6 0 6 4  0.0122188228
6 1 1 4  0.0031194175
6 1 3 4  0.0115337128
6 1 5 4  -0.0546226500
6 1 7 4  0.0122188228
6 2 0 4  0.0115337128
6 2 2 4  0.0249285707
6 2 4 4  0.0001763696
6 2 6 4  0.0090166860
6 3 1 4  0.0115337128
6 3 3 4  0.0249285707
6 3 5 4  0.0001763696
6 3 7 4  0.0090166860
6 4 0 4  -0.0546226500
6 4 2 4  0.0001763696
6 4 4 4  -0.0409278186
6 4 6 4  0.0554545170
6 5 1 4  -0.0546226500
6 5 3 4  0.0001763696
6 5 5 4  -0.0409278186
6 5 7 4  0.0554545170
6 6 0 4  0.0122188228
6 6 2 4  0.0090166860
6 6 4 4  0.0554545170
6 6 6 4  0.0063998288
6 7 1 4  0.0122188228
6 7 3 4  0.0090166860
6 7 5 4  0.0554545170
6 7 7 4  0.0063998288
6 8 8 4  0.0285315283
6 9 9 4  0.0285315283
6 10 10 4  0.0285315283
6 11 11 4  0.0285315283
6 0 0 6  0.1843699189
6 0 2 6  -0.0002253966
6 0 4 6  -0.0002253966
6 1 1 6  0.1843699189
6 1 3 6  -0.0002253966
6 1 5 6  -0.0002253966
6 2 0 6  -0.0002253966
6 2 2 6  0.1886820696
6 2 4 6  -0.0004148514
6 2 6 6  -0.0063998288
6 3 1 6  -0.0002253966
6 3 3 6  0.1886820696
6 3 5 6  -0.0004148514
6 3 7 6  -0.0063998288
6 4 0 6  -0.0002253966
6 4 2 6  -0.0004148514
6 4 4 6  0.1886820696
6 4 6 6  0.0063998288
6 5 1 6  -0.0002253966
6 5 3 6  -0.0004148514
6 5 5 6  0.1886820696
6 5 7 6  0.0063998288
6 6 2 6  -0.0063998288
6 6 4 6  0.0063998288
6 6 6 6  0.2076535865
6 7 3 6  -0.0063998288
6 7 5 6  0.0063998288
6 7 7 6  0.2076535865
6 8 8 6  0.1815464409
6 9 9 6  0.1815464409
6 10 10 6  0.1815464409
6 11 11 6  0.1815464409
6 2 8 8  -0.0043857957
6 3 9 8  -0.0043857957
6 4 8 8  0.0043857957
6 5 9 8  0.0043857957
6 6 8 8  0.0087425417
6 7 9 8  0.0087425417
6 8 2 8  -0.0043857957
6 8 4 8  0.0043857957
6 8 6 8  0.0087425417
6 9 3 8  -0.0043857957
6 9 5 8  0.0043857957
6 9 7 8  0.0087425417
6 2 10 10  -0.0043857957
6 3 11 10  -0.0043857957
6 4 10 10  0.0043857957
6 5 11 10  0.0043857957
6 6 10 10  0.0087425417
6 7 11 10  0.0087425417
6 10 2 10  -0.0043857957
6 10 4 10  0.0043857957
6 10 6 10  0.0087425417
6 11 3 10  -0.0043857957
6 11 5 10  0.0043857957
6 11 7 10  0.0087425417
7 0 2 1  0.0107233129
7 0 4 1  -0.0107233129
7 0 6 1  0.0285079287
7 1 3 1  0.0107233129
7 1 5 1  -0.0107233129
7 1 7 1  0.0285079287
7 2 0 1  0.0107233129
7 2 2 1  0.0322686437
7 2 6 1  0.0122188228
7 3 1 1  0.0107233129
7 3 3 1  0.0322686437
7 3 7 1  0.0122188228
7 4 0 1  -0.0107233129
7 4 4 1  -0.0322686437
7 4 6 1  0.0122188228
7 5 1 1  -0.0107233129
7 5 5 1  -0.0322686437
7 5 7 1  0.0122188228
7 6 0 1  0.0285079287
7 6 2 1  0.0122188228
7 6 4 1  0.0122188228
7 7 1 1  0.0285079287
7 7 3 1  0.0122188228
7 7 5 1  0.0122188228
7 0 0 3  -0.0031194175
7 0 2 3  0.0546226500
7 0 4 3  -0.0115337128
7 0 6 3  0.0122188228
7 1 1 3  -0.0031194175
7 1 3 3  0.0546226500
7 1 5 3  -0.0115337128
7 1 7 3  0.0122188228
7 2 0 3  0.0546226500
7 2 2 3  0.0409278186
7 2 4 3  -0.0001763696
7 2 6 3  0.0554545170
7 3 1 3  0.0546226500
7 3 3 3  0.0409278186
7 3 5 3  -0.0001763696
7 3 7 3  0.0554545170
7 4 0 3  -0.0115337128
7 4 2 3  -0.0001763696
7 4 4 3  -0.0249285707
7 4 6 3  0.0090166860
7 5 1 3  -0.0115337128
7 5 3 3  -0.0001763696
7 5 5 3  -0.0249285707
7 5 7 3  0.0090166860
7 6 0 3  0.0122188228
7 6 2 3  0.0554545170
7 6 4 3  0.0090166860
7 6 6 3  -0.0063998288
7 7 1 3  0.0122188228
7 7 3 3  0.0554545170
7 7 5 3  0.0090166860
7 7 7 3  -0.0063998288
7 8 8 3  -0.0285315283
7 9 9 3  -0.0285315283
7 10 10 3  -0.0285315283
7 11 11 3  -0.0285315283
7 0 0 5  0.0031194175
7 0 2 5  0.0115337128
7 0 4 5  -0.0546226500
7 0 6 5  0.0122188228
7 1 1 5  0.0031194175
7 1 3 5  0.0115337128
7 1 5 5  -0.0546226500
7 1 7 5  0.0122188228
7 2 0 5  0.0115337128
7 2 2 5  0.0249285707
7 2 4 5  0.0001763696
7 2 6 5  0.0090166860
7 3 1 5  0.0115337128
7 3 3 5  0.0249285707
7 3 5 5  0.0001763696
7 3 7 5  0.0090166860
7 4 0 5  -0.0546226500
7 4 2 5  0.0001763696
7 4 4 5  -0.0409278186
7 4 6 5  0.0554545170
7 5 1 5  -0.0546226500
7 5 3 5  0.0001763696
7 5 5 5  -0.0409278186
7 5 7 5  0.0554545170
7 6 0 5  0.0122188228
7 6 2 5  0.0090166860
7 6 4 5  0.0554545170
7 6 6 5  0.0063998288
7 7 1 5  0.0122188228
7 7 3 5  0.0090166860
7 7 5 5  0.0554545170
7 7 7 5  0.0063998288
7 8 8 5  0.0285315283
7 9 9 5  0.0285315283
7 10 10 5  0.0285315283
7 11 11 5  0.0285315283
7 0 0 7  0.1843699189
7 0 2 7  -0.0002253966
7 0 4 7  -0.0002253966
7 1 1 7  0.1843699189
7 1 3 7  -0.0002253966
7 1 5 7  -0.0002253966
7 2 0 7  -0.0002253966
7 2 2 7  0.1886820696
7 2 4 7  -0.0004148514
7 2 6 7  -0.0063998288
7 3 1 7  -0.0002253966
7 3 3 7  0.1886820696
7 3 5 7  -0.0004148514
7 3 7 7  -0.0063998288
7 4 0 7  -0.0002253966
7 4 2 7  -0.0004148514
7 4 4 7  0.1886820696
7 4 6 7  0.0063998288
7 5 1 7  -0.0002253966
7 5 3 7  -0.0004148514
7 5 5 7  0.1886820696
7 5 7 7  0.0063998288
7 6 2 7  -0.0063998288
7 6 4 7  0.0063998288
7 6 6 7  0.2076535865
7 7 3 7  -0.0063998288
7 7 5 7  0.0063998288
7 7 7 7  0.2076535865
7 8 8 7  0.1815464409
7 9 9 7  0.1815464409
7 10 10 7  0.1815464409
7 11 11 7  0.1815464409
7 2 8 9  -0.0043857957
7 3 9 9  -0.0043857957
7 4 8 9  0.0043857957
7 5 9 9  0.0043857957
7 6 8 9  0.0087425417
7 7 9 9  0.0087425417
7 8 2 9  -0.0043857957
7 8 4 9  0.0043857957
7 8 6 9  0.0087425417
7 9 3 9  -0.0043857957
7 9 5 9  0.0043857957
7 9 7 9  0.0087425417
7 2 10 11  -0.0043857957
7 3 11 11  -0.0043857957
7 4 10 11  0.0043857957
7 5 11 11  0.0043857957
7 6 10 11  0.0087425417
7 7 11 11  0.0087425417
7 10 2 11  -0.0043857957
7 10 4 11  0.0043857957
7 10 6 11  0.0087425417
7 11 3 11  -0.0043857957
7 11 5 11  0.0043857957
7 11 7 11  0.0087425417
8 0 8 0  0.0240222569
8 1 9 0  0.0240222569
8 2 8 0  -0.0160482231
8 3 9 0  -0.0160482231
8 4 8 0  -0.0160482231
8 5 9 0  -0.0160482231
8 8 0 0  0.0240222569
8 8 2 0  -0.0160482231
8 8 4 0  -0.0160482231
8 9 1 0  0.0240222569
8 9 3 0  -0.0160482231
8 9 5 0  -0.0160482231
8 0 8 2  -0.0160482231
8 1 9 2  -0.0160482231
8 2 8 2  0.0135863929
8 3 9 2  0.0135863929
8 4 8 2  0.0086869152
8 5 9 2  0.0086869152
8 6 8 2  -0.0043857957
8 7 9 2  -0.0043857957
8 8 0 2  -0.0160482231
8 8 2 2  0.0135863929
8 8 4 2  0.0086869152
8 8 6 2  -0.0043857957
8 9 1 2  -0.0160482231
8 9 3 2  0.0135863929
8 9 5 2  0.0086869152
8 9 7 2  -0.0043857957
8 0 8 4  -0.0160482231
8 1 9 4  -0.0160482231
8 2 8 4  0.0086869152
8 3 9 4  0.0086869152
8 4 8 4  0.0135863929
8 5 9 4  0.0135863929
8 6 8 4  0.0043857957
8 7 9 4  0.0043857957
8 8 0 4  -0.0160482231
8 8 2 4  0.0086869152
8 8 4 4  0.0135863929
8 8 6 4  0.0043857957
8 9 1 4  -0.0160482231
8 9 3 4  0.0086869152
8 9 5 4  0.0135863929
8 9 7 4  0.0043857957
8 2 8 6  -0.0043857957
8 3 9 6  -0.0043857957
8 4 8 6  0.0043857957
8 5 9 6  0.0043857957
8 6 8 6  0.0087425417
8 7 9 6  0.0087425417
8 8 2 6  -0.0043857957
8 8 4 6  0.0043857957
8 8 6 6  0.0087425417
8 9 3 6  -0.0043857957
8 9 5 6  0.0043857957
8 9 7 6  0.0087425417
8 0 0 8  0.1696716543
8 0 2 8  -0.0296272044
8 0 4 8  -0.0296272044
8 1 1 8  0.1696716543
8 1 3 8  -0.0296272044
8 1 5 8  -0.0296272044
8 2 0 8  -0.0296272044
8 2 2 8  0.1579259651
8 2 4 8  0.0057620482
8 2 6 8  -0.0285315283
8 3 1 8  -0.0296272044
8 3 3 8  0.1579259651
8 3 5 8  0.0057620482
8 3 7 8  -0.0285315283
8 4 0 8  -0.0296272044
8 4 2 8  0.0057620482
8 4 4 8  0.1579259651
8 4 6 8  0.0285315283
8 5 1 8  -0.0296272044
8 5 3 8  0.0057620482
8 5 5 8  0.1579259651
8 5 7 8  0.0285315283
8 6 2 8  -0.0285315283
8 6 4 8  0.0285315283
8 6 6 8  0.1815464409
8 7 3 8  -0.0285315283
8 7 5 8  0.0285315283
8 7 7 8  0.1815464409
8 8 8 8  0.2249295454
8 9 9 8  0.2249295454
8 10 10 8  0.2006801626
8 11 11 8  0.2006801626
8 8 10 10  0.0121246913
8 9 11 10  0.0121246913
8 10 8 10  0.0121246913
8 11 9 10  0.0121246913
9 0 8 1  0.0240222569
9 1 9 1  0.0240222569
9 2 8 1  -0.0160482231
9 3 9 1  -0.0160482231
9 4 8 1  -0.0160482231
9 5 9 1  -0.0160482231
9 8 0 1  0.0240222569
9 8 2 1  -0.0160482231
9 8 4 1  -0.0160482231
9 9 1 1  0.0240222569
9 9 3 1  -0.0160482231
9 9 5 1  -0.0160482231
9 0 8 3  -0.0160482231
9 1 9 3  -0.0160482231
9 2 8 3  0.0135863929
9 3 9 3  0.0135863929
9 4 8 3  0.0086869152
9 5 9 3  0.0086869152
9 6 8 3  -0.0043857957
9 7 9 3  -0.0043857957
9 8 0 3  -0.0160482231
9 8 2 3  0.0135863929
9 8 4 3  0.0086869152
9 8 6 3  -0.0043857957
9 9 1 3  -0.0160482231
9 9 3 3  0.0135863929
9 9 5 3  0.0086869152
9 9 7 3  -0.0043857957
9 0 8 5  -0.0160482231
9 1 9 5  -0.0160482231
9 2 8 5  0.0086869152
9 3 9 5  0.0086869152
9 4 8 5  0.0135863929
9 5 9 5  0.0135863929
9 6 8 5  0.0043857957
9 7 9 5  0.0043857957
9 8 0 5  -0.0160482231
9 8 2 5  0.0086869152
9 8 4 5  0.0135863929
9 8 6 5  0.0043857957
9 9 1 5  -0.0160482231
9 9 3 5  0.0086869152
9 9 5 5  0.0135863929
9 9 7 5  0.0043857957
9 2 8 7  -0.0043857957
9 3 9 7  -0.0043857957
9 4 8 7  0.0043857957
9 5 9 7  0.0043857957
9 6 8 7  0.0087425417
9 7 9 7  0.0087425417
9 8 2 7  -0.0043857957
9 8 4 7  0.0043857957
9 8 6 7  0.0087425417
9 9 3 7  -0.0043857957
9 9 5 7  0.0043857957
9 9 7 7  0.0087425417
9 0 0 9  0.1696716543
9 0 2 9  -0.0296272044
9 0 4 9  -0.0296272044
9 1 1 9  0.1696716543
9 1 3 9  -0.0296272044
9 1 5 9  -0.0296272044
9 2 0 9  -0.0296272044
9 2 2 9  0.1579259651
9 2 4 9  0.0057620482
9 2 6 9  -0.0285315283
9 3 1 9  -0.0296272044
9 3 3 9  0.1579259651
9 3 5 9  0.0057620482
9 3 7 9  -0.0285315283
9 4 0 9  -0.0296272044
9 4 2 9  0.0057620482
9 4 4 9  0.1579259651
9 4 6 9  0.0285315283
9 5 1 9  -0.0296272044
9 5 3 9  0.0057620482
9 5 5 9  0.1579259651
9 5 7 9  0.0285315283
9 6 2 9  -0.0285315283
9 6 4 9  0.0285315283
9 6 6 9  0.1815464409
9 7 3 9  -0.0285315283
9 7 5 9  0.0285315283
9 7 7 9  0.1815464409
9 8 8 9  0.2249295454
9 9 9 9  0.2249295454
9 10 10 9  0.2006801626
9 11 11 9  0.2006801626
9 8 10 11  0.0121246913
9 9 11 11  0.0121246913
9 10 8 11  0.0121246913
9 11 9 11  0.0121246913
10 0 10 0  0.0240222569
10 1 11 0  0.0240222569
10 2 10 0  -0.0160482231
10 3 11 0  -0.0160482231
10 4 10 0  -0.0160482231
10 5 11 0  -0.0160482231
10 10 0 0  0.0240222569
10 10 2 0  -0.0160482231
10 10 4 0  -0.0160482231
10 11 1 0  0.0240222569
10 11 3 0  -0.0160482231
10 11 5 0  -0.0160482231
10 0 10 2  -0.0160482231
10 1 11 2  -0.0160482231
10 2 10 2  0.0135863929
10 3 11 2  0.0135863929
10 4 10 2  0.0086869152
10 5 11 2  0.0086869152
10 6 10 2  -0.0043857957
10 7 11 2  -0.0043857957
10 10 0 2  -0.0160482231
10 10 2 2  0.0135863929
10 10 4 2  0.0086869152
10 10 6 2  -0.0043857957
10 11 1 2  -0.0160482231
10 11 3 2  0.0135863929
10 11 5 2  0.0086869152
10 11 7 2  -0.0043857957
10 0 10 4  -0.0160482231
10 1 11 4  -0.0160482231
10 2 10 4  0.0086869152
10 3 11 4  0.0086869152
10 4 10 4  0.0135863929
10 5 11 4  0.0135863929
10 6 10 4  0.0043857957
10 7 11 4  0.0043857957
10 10 0 4  -0.0160482231
10 10 2 4  0.0086869152
10 10 4 4  0.0135863929
10 10 6 4  0.0043857957
10 11 1 4  -0.0160482231
10 11 3 4  0.0086869152
10 11 5 4  0.0135863929
10 11 7 4  0.0043857957
10 2 10 6  -0.0043857957
10 3 11 6  -0.0043857957
10 4 10 6  0.0043857957
10 5 11 6  0.0043857957
10 6 10 6  0.0087425417
10 7 11 6  0.0087425417
10 10 2 6  -0.0043857957
10 10 4 6  0.0043857957
10 10 6 6  0.0087425417
10 11 3 6  -0.0043857957
10 11 5 6  0.0043857957
10 11 7 6  0.0087425417
10 8 10 8  0.0121246913
10 9 11 8  0.0121246913
10 10 8 8  0.0121246913
10 11 9 8  0.0121246913
10 0 0 10  0.1696716543
10 0 2 10  -0.0296272044
10 0 4 10  -0.0296272044
10 1 1 10  0.1696716543
10 1 3 10  -0.0296272044
10 1 5 10  -0.0296272044
10 2 0 10  -0.0296272044
10 2 2 10  0.1579259651
10 2 4 10  0.0057620482
10 2 6 10  -0.0285315283
10 3 1 10  -0.0296272044
10 3 3 10  0.1579259651
10 3 5 10  0.0057620482
10 3 7 10  -0.0285315283
10 4 0 10  -0.0296272044
10 4 2 10  0.0057620482
10 4 4 10  0.1579259651
10 4 6 10  0.0285315283
10 5 1 10  -0.0296272044
10 5 3 10  0.0057620482
10 5 5 10  0.1579259651
10 5 7 10  0.0285315283
10 6 2 10  -0.0285315283
10 6 4 10  0.0285315283
10 6 6 10  0.1815464409
10 7 3 10  -0.0285315283
10 7 5 10  0.0285315283
10 7 7 10  0.1815464409
10 8 8 10  0.2006801626
10 9 9 10  0.2006801626
10 10 10 10  0.2249295454
10 11 11 10  0.2249295454
11 0 10 1  0.0240222569
11 1 11 1  0.0240222569
11 2 10 1  -0.0160482231
11 3 11 1  -0.0160482231
11 4 10 1  -0.0160482231
11 5 11 1  -0.0160482231
11 10 0 1  0.0240222569
11 10 2 1  -0.0160482231
11 10 4 1  -0.0160482231
11 11 1 1  0.0240222569
11 11 3 1  -0.0160482231
11 11 5 1  -0.0160482231
11 0 10 3  -0.0160482231
11 1 11 3  -0.0160482231
11 2 10 3  0.0135863929
11 3 11 3  0.0135863929
11 4 10 3  0.0086869152
11 5 11 3  0.0086869152
11 6 10 3  -0.0043857957
11 7 11 3  -0.0043857957
11 10 0 3  -0.0160482231
11 10 2 3  0.0135863929
11 10 4 3  0.0086869152
11 10 6 3  -0.0043857957
11 11 1 3  -0.0160482231
11 11 3 3  0.0135863929
11 11 5 3  0.0086869152
11 11 7 3  -0.0043857957
11 0 10 5  -0.0160482231
11 1 11 5  -0.0160482231
11 2 10 5  0.0086869152
11 3 11 5  0.0086869152
11 4 10 5  0.0135863929
11 5 11 5  0.0135863929
11 6 10 5  0.0043857957
11 7 11 5  0.0043857957
11 10 0 5  -0.0160482231
11 10 2 5  0.0086869152
11 10 4 5  0.0135863929
11 10 6 5  0.0043857957
11 11 1 5  -0.0160482231
11 11 3 5  0.0086869152
11 11 5 5  0.0135863929
11 11 7 5  0.0043857957
11 2 10 7  -0.0043857957
11 3 11 7  -0.0043857957
11 4 10 7  0.0043857957
11 5 11 7  0.0043857957
11 6 10 7  0.0087425417
11 7 11 7  0.0087425417
11 10 2 7  -0.0043857957
11 10 4 7  0.0043857957
11 10 6 7  0.0087425417
11 11 3 7  -0.0043857957
11 11 5 7  0.0043857957
11 11 7 7  0.0087425417
11 8 10 9  0.0121246913
11 9 11 9  0.0121246913
11 10 8 9  0.0121246913
11 11 9 9  0.0121246913
11 0 0 11  0.1696716543
11 0 2 11  -0.0296272044
11 0 4 11  -0.0296272044
11 1 1 11  0.1696716543
11 1 3 11  -0.0296272044
11 1 5 11  -0.0296272044
11 2 0 11  -0.0296272044
11 2 2 11  0.1579259651
11 2 4 11  0.0057620482
11 2 6 11  -0.0285315283
11 3 1 11  -0.0296272044
11 3 3 11  0.1579259651
11 3 5 11  0.0057620482
11 3 7 11  -0.0285315283
11 4 0 11  -0.0296272044
11 4 2 11  0.0057620482
11 4 4 11  0.1579259651
11 4 6 11  0.0285315283
11 5 1 11  -0.0296272044
11 5 3 11  0.0057620482
11 5 5 11  0.1579259651
11 5 7 11  0.0285315283
11 6 2 11  -0.0285315283
11 6 4 11  0.0285315283
11 6 6 11  0.1815464409
11 7 3 11  -0.0285315283
11 7 5 11  0.0285315283
11 7 7 11  0.1815464409
11 8 8 11  0.2006801626
11 9 9 11  0.2006801626
11 10 10 11  0.2249295454
11 11 11 11  0.2249295454
