-12.523916020926881
0 0  -1.0809486932
0 2  -0.0073187909
0 4  -0.0073187909
1 1  -1.0809486932
1 3  -0.0073187909
1 5  -0.0073187909
2 0  -0.0073187909
2 2  -0.9750985106
2 4  0.0325271594
2 6  -0.0391370731
3 1  -0.0073187909
3 3  -0.9750985106
3 5  0.0325271594
3 7  -0.0391370731
4 0  -0.0073187909
4 2  0.0325271594
4 4  -0.9750985106
4 6  0.0391370731
5 1  -0.0073187909
5 3  0.0325271594
5 5  -0.9750985106
5 7  0.0391370731
6 2  -0.0391370731
6 4  0.0391370731
6 6  -0.8856608687
7 3  -0.0391370731
7 5  0.0391370731
7 7  -0.8856608687
8 8  -0.8990879313
9 9  -0.8990879313
10 10  -0.8990879313
11 11  -0.8990879313
0 0 0 0  0.1794434614
0 0 2 0  -0.0183699613
0 0 4 0  -0.0183699613
0 1 1 0  0.1794434614
0 1 3 0  -0.0183699613
0 1 5 0  -0.0183699613
0 2 0 0  -0.0183699613
0 2 2 0  0.1232981959
0 2 4 0  0.0015536577
0 2 6 0  0.0165012760
0 3 1 0  -0.0183699613
0 3 3 0  0.1232981959
0 3 5 0  0.0015536577
0 3 7 0  0.0165012760
0 4 0 0  -0.0183699613
0 4 2 0  0.0015536577
0 4 4 0  0.1232981959
0 4 6 0  -0.0165012760
0 5 1 0  -0.0183699613
0 5 3 0  0.0015536577
0 5 5 0  0.1232981959
0 5 7 0  -0.0165012760
0 6 2 0  0.0165012760
0 6 4 0  -0.0165012760
0 6 6 0  0.1877570234
0 7 3 0  0.0165012760
0 7 5 0  -0.0165012760
0 7 7 0  0.1877570234
0 8 8 0  0.1906305214
0 9 9 0  0.1906305214
0 10 10 0  0.1906305214
0 11 11 0  0.1906305214
0 0 0 2  -0.0183699613
0 0 2 2  0.0260134155
0 0 4 2  -0.0012830194
0 0 6 2  0.0084953535
0 1 1 2  -0.0183699613
0 1 3 2  0.0260134155
0 1 5 2  -0.0012830194
0 1 7 2  0.0084953535
0 2 0 2  0.0260134155
0 2 2 2  0.0588567676
0 2 4 2  -0.0006971199
0 2 6 2  -0.0241820358
0 3 1 2  0.0260134155
0 3 3 2  0.0588567676
0 3 5 2  -0.0006971199
0 3 7 2  -0.0241820358
0 4 0 2  -0.0012830194
0 4 2 2  -0.0006971199
0 4 4 2  -0.0163215393
0 4 6 2  -0.0017957978
0 5 1 2  -0.0012830194
0 5 3 2  -0.0006971199
0 5 5 2  -0.0163215393
0 5 7 2  -0.0017957978
0 6 0 2  0.0084953535
0 6 2 2  -0.0241820358
0 6 4 2  -0.0017957978
0 6 6 2  -0.0180686635
0 7 1 2  0.0084953535
0 7 3 2  -0.0241820358
0 7 5 2  -0.0017957978
0 7 7 2  -0.0180686635
0 8 8 2  -0.0267940509
0 9 9 2  -0.0267940509
0 10 10 2  -0.0267940509
0 11 11 2  -0.0267940509
0 0 0 4  -0.0183699613
0 0 2 4  -0.0012830194
0 0 4 4  0.0260134155
0 0 6 4  -0.0084953535
0 1 1 4  -0.0183699613
0 1 3 4  -0.0012830194
0 1 5 4  0.0260134155
0 1 7 4  -0.0084953535
0 2 0 4  -0.0012830194
0 2 2 4  -0.0163215393
0 2 4 4  -0.0006971199
0 2 6 4  0.0017957978
0 3 1 4  -0.0012830194
0 3 3 4  -0.0163215393
0 3 5 4  -0.0006971199
0 3 7 4  0.0017957978
0 4 0 4  0.0260134155
0 4 2 4  -0.0006971199
0 4 4 4  0.0588567676
0 4 6 4  0.0241820358
0 5 1 4  0.0260134155
0 5 3 4  -0.0006971199
0 5 5 4  0.0588567676
0 5 7 4  0.0241820358
0 6 0 4  -0.0084953535
0 6 2 4  0.0017957978
0 6 4 4  0.0241820358
0 6 6 4  -0.0180686635
0 7 1 4  -0.0084953535
0 7 3 4  0.0017957978
0 7 5 4  0.0241820358
0 7 7 4  -0.0180686635
0 8 8 4  -0.0267940509
0 9 9 4  -0.0267940509
0 10 10 4  -0.0267940509
0 11 11 4  -0.0267940509
0 0 2 6  0.0084953535
0 0 4 6  -0.0084953535
0 0 6 6  0.0329121693
0 1 3 6  0.0084953535
0 1 5 6  -0.0084953535
0 1 7 6  0.0329121693
0 2 0 6  0.0084953535
0 2 2 6  -0.0023602129
0 2 6 6  -0.0074945299
0 3 1 6  0.0084953535
0 3 3 6  -0.0023602129
0 3 7 6  -0.0074945299
0 4 0 6  -0.0084953535
0 4 4 6  0.0023602129
0 4 6 6  -0.0074945299
0 5 1 6  -0.0084953535
0 5 5 6  0.0023602129
0 5 7 6  -0.0074945299
0 6 0 6  0.0329121693
0 6 2 6  -0.0074945299
0 6 4 6  -0.0074945299
0 7 1 6  0.0329121693
0 7 3 6  -0.0074945299
0 7 5 6  -0.0074945299
0 0 8 8  0.0374404324
0 1 9 8  0.0374404324
0 2 8 8  -0.0110968617
0 3 9 8  -0.0110968617
0 4 8 8  -0.0110968617
0 5 9 8  -0.0110968617
0 8 0 8  0.0374404324
0 8 2 8  -0.0110968617
0 8 4 8  -0.0110968617
0 9 1 8  0.0374404324
0 9 3 8  -0.0110968617
0 9 5 8  -0.0110968617
0 0 10 10  0.0374404324
0 1 11 10  0.0374404324
0 2 10 10  -0.0110968617
0 3 11 10  -0.0110968617
0 4 10 10  -0.0110968617
0 5 11 10  -0.0110968617
0 10 0 10  0.0374404324
0 10 2 10  -0.0110968617
0 10 4 10  -0.0110968617
0 11 1 10  0.0374404324
0 11 3 10  -0.0110968617
0 11 5 10  -0.0110968617
1 0 0 1  0.1794434614
1 0 2 1  -0.0183699613
1 0 4 1  -0.0183699613
1 1 1 1  0.1794434614
1 1 3 1  -0.0183699613
1 1 5 1  -0.0183699613
1 2 0 1  -0.0183699613
1 2 2 1  0.1232981959
1 2 4 1  0.0015536577
1 2 6 1  0.0165012760
1 3 1 1  -0.0183699613
1 3 3 1  0.1232981959
1 3 5 1  0.0015536577
1 3 7 1  0.0165012760
1 4 0 1  -0.0183699613
1 4 2 1  0.0015536577
1 4 4 1  0.1232981959
1 4 6 1  -0.0165012760
1 5 1 1  -0.0183699613
1 5 3 1  0.0015536577
1 5 5 1  0.1232981959
1 5 7 1  -0.0165012760
1 6 2 1  0.0165012760
1 6 4 1  -0.0165012760
1 6 6 1  0.1877570234
1 7 3 1  0.0165012760
1 7 5 1  -0.0165012760
1 7 7 1  0.1877570234
1 8 8 1  0.1906305214
1 9 9 1  0.1906305214
1 10 10 1  0.1906305214
1 11 11 1  0.1906305214
1 0 0 3  -0.0183699613
1 0 2 3  0.0260134155
1 0 4 3  -0.0012830194
1 0 6 3  0.0084953535
1 1 1 3  -0.0183699613
1 1 3 3  0.0260134155
1 1 5 3  -0.0012830194
1 1 7 3  0.0084953535
1 2 0 3  0.0260134155
1 2 2 3  0.0588567676
1 2 4 3  -0.0006971199
1 2 6 3  -0.0241820358
1 3 1 3  0.0260134155
1 3 3 3  0.0588567676
1 3 5 3  -0.0006971199
1 3 7 3  -0.0241820358
1 4 0 3  -0.0012830194
1 4 2 3  -0.0006971199
1 4 4 3  -0.0163215393
1 4 6 3  -0.0017957978
1 5 1 3  -0.0012830194
1 5 3 3  -0.0006971199
1 5 5 3  -0.0163215393
1 5 7 3  -0.0017957978
1 6 0 3  0.0084953535
1 6 2 3  -0.0241820358
1 6 4 3  -0.0017957978
1 6 6 3  -0.0180686635
1 7 1 3  0.0084953535
1 7 3 3  -0.0241820358
1 7 5 3  -0.0017957978
1 7 7 3  -0.0180686635
1 8 8 3  -0.0267940509
1 9 9 3  -0.0267940509
1 10 10 3  -0.0267940509
1 11 11 3  -0.0267940509
1 0 0 5  -0.0183699613
1 0 2 5  -0.0012830194
1 0 4 5  0.0260134155
1 0 6 5  -0.0084953535
1 1 1 5  -0.0183699613
1 1 3 5  -0.0012830194
1 1 5 5  0.0260134155
1 1 7 5  -0.0084953535
1 2 0 5  -0.0012830194
1 2 2 5  -0.0163215393
1 2 4 5  -0.0006971199
1 2 6 5  0.0017957978
1 3 1 5  -0.0012830194
1 3 3 5  -0.0163215393
1 3 5 5  -0.0006971199
1 3 7 5  0.0017957978
1 4 0 5  0.0260134155
1 4 2 5  -0.0006971199
1 4 4 5  0.0588567676
1 4 6 5  0.0241820358
1 5 1 5  0.0260134155
1 5 3 5  -0.0006971199
1 5 5 5  0.0588567676
1 5 7 5  0.0241820358
1 6 0 5  -0.0084953535
1 6 2 5  0.0017957978
1 6 4 5  0.0241820358
1 6 6 5  -0.0180686635
1 7 1 5  -0.0084953535
1 7 3 5  0.0017957978
1 7 5 5  0.0241820358
1 7 7 5  -0.0180686635
1 8 8 5  -0.0267940509
1 9 9 5  -0.0267940509
1 10 10 5  -0.0267940509
1 11 11 5  -0.0267940509
1 0 2 7  0.0084953535
1 0 4 7  -0.0084953535
1 0 6 7  0.0329121693
1 1 3 7  0.0084953535
1 1 5 7  -0.0084953535
1 1 7 7  0.0329121693
1 2 0 7  0.0084953535
1 2 2 7  -0.0023602129
1 2 6 7  -0.0074945299
1 3 1 7  0.0084953535
1 3 3 7  -0.0023602129
1 3 7 7  -0.0074945299
1 4 0 7  -0.0084953535
1 4 4 7  0.0023602129
1 4 6 7  -0.0074945299
1 5 1 7  -0.0084953535
1 5 5 7  0.0023602129
1 5 7 7  -0.0074945299
1 6 0 7  0.0329121693
1 6 2 7  -0.0074945299
1 6 4 7  -0.0074945299
1 7 1 7  0.0329121693
1 7 3 7  -0.0074945299
1 7 5 7  -0.0074945299
1 0 8 9  0.0374404324
1 1 9 9  0.0374404324
1 2 8 9  -0.0110968617
1 3 9 9  -0.0110968617
1 4 8 9  -0.0110968617
1 5 9 9  -0.0110968617
1 8 0 9  0.0374404324
1 8 2 9  -0.0110968617
1 8 4 9  -0.0110968617
1 9 1 9  0.0374404324
1 9 3 9  -0.0110968617
1 9 5 9  -0.0110968617
1 0 10 11  0.0374404324
1 1 11 11  0.0374404324
1 2 10 11  -0.0110968617
1 3 11 11  -0.0110968617
1 4 10 11  -0.0110968617
1 5 11 11  -0.0110968617
1 10 0 11  0.0374404324
1 10 2 11  -0.0110968617
1 10 4 11  -0.0110968617
1 11 1 11  0.0374404324
1 11 3 11  -0.0110968617
1 11 5 11  -0.0110968617
2 0 0 0  -0.0183699613
2 0 2 0  0.0260134155
2 0 4 0  -0.0012830194
2 0 6 0  0.0084953535
2 1 1 0  -0.0183699613
2 1 3 0  0.0260134155
2 1 5 0  -0.0012830194
2 1 7 0  0.0084953535
2 2 0 0  0.0260134155
2 2 2 0  0.0588567676
2 2 4 0  -0.0006971199
2 2 6 0  -0.0241820358
2 3 1 0  0.0260134155
2 3 3 0  0.0588567676
2 3 5 0  -0.0006971199
2 3 7 0  -0.0241820358
2 4 0 0  -0.0012830194
2 4 2 0  -0.0006971199
2 4 4 0  -0.0163215393
2 4 6 0  -0.0017957978
2 5 1 0  -0.0012830194
2 5 3 0  -0.0006971199
2 5 5 0  -0.0163215393
2 5 7 0  -0.0017957978
2 6 0 0  0.0084953535
2 6 2 0  -0.0241820358
2 6 4 0  -0.0017957978
2 6 6 0  -0.0180686635
2 7 1 0  0.0084953535
2 7 3 0  -0.0241820358
2 7 5 0  -0.0017957978
2 7 7 0  -0.0180686635
2 8 8 0  -0.0267940509
2 9 9 0  -0.0267940509
2 10 10 0  -0.0267940509
2 11 11 0  -0.0267940509
2 0 0 2  0.1232981959
2 0 2 2  0.0588567676
2 0 4 2  -0.0163215393
2 0 6 2  -0.0023602129
2 1 1 2  0.1232981959
2 1 3 2  0.0588567676
2 1 5 2  -0.0163215393
2 1 7 2  -0.0023602129
2 2 0 2  0.0588567676
2 2 2 2  0.3253995013
2 2 4 2  0.0000574766
2 2 6 2  -0.0585012706
2 3 1 2  0.0588567676
2 3 3 2  0.3253995013
2 3 5 2  0.0000574766
2 3 7 2  -0.0585012706
2 4 0 2  -0.0163215393
2 4 2 2  0.0000574766
2 4 4 2  0.0673319814
2 4 6 2  -0.0165309446
2 5 1 2  -0.0163215393
2 5 3 2  0.0000574766
2 5 5 2  0.0673319814
2 5 7 2  -0.0165309446
2 6 0 2  -0.0023602129
2 6 2 2  -0.0585012706
2 6 4 2  -0.0165309446
2 6 6 2  0.1324213243
2 7 1 2  -0.0023602129
2 7 3 2  -0.0585012706
2 7 5 2  -0.0165309446
2 7 7 2  0.1324213243
2 8 8 2  0.1090956031
2 9 9 2  0.1090956031
2 10 10 2  0.1090956031
2 11 11 2  0.1090956031
2 0 0 4  0.0015536577
2 0 2 4  -0.0006971199
2 0 4 4  -0.0006971199
2 1 1 4  0.0015536577
2 1 3 4  -0.0006971199
2 1 5 4  -0.0006971199
2 2 0 4  -0.0006971199
2 2 2 4  0.0000574766
2 2 4 4  0.0003204586
2 2 6 4  -0.0000487908
2 3 1 4  -0.0006971199
2 3 3 4  0.0000574766
2 3 5 4  0.0003204586
2 3 7 4  -0.0000487908
2 4 0 4  -0.0006971199
2 4 2 4  0.0003204586
2 4 4 4  0.0000574766
2 4 6 4  0.0000487908
2 5 1 4  -0.0006971199
2 5 3 4  0.0003204586
2 5 5 4  0.0000574766
2 5 7 4  0.0000487908
2 6 2 4  -0.0000487908
2 6 4 4  0.0000487908
2 6 6 4  0.0008614587
2 7 3 4  -0.0000487908
2 7 5 4  0.0000487908
2 7 7 4  0.0008614587
2 8 8 4  0.0028042154
2 9 9 4  0.0028042154
2 10 10 4  0.0028042154
2 11 11 4  0.0028042154
2 0 0 6  0.0165012760
2 0 2 6  -0.0241820358
2 0 4 6  0.0017957978
2 0 6 6  -0.0074945299
2 1 1 6  0.0165012760
2 1 3 6  -0.0241820358
2 1 5 6  0.0017957978
2 1 7 6  -0.0074945299
2 2 0 6  -0.0241820358
2 2 2 6  -0.0585012706
2 2 4 6  -0.0000487908
2 2 6 6  0.0252622003
2 3 1 6  -0.0241820358
2 3 3 6  -0.0585012706
2 3 5 6  -0.0000487908
2 3 7 6  0.0252622003
2 4 0 6  0.0017957978
2 4 2 6  -0.0000487908
2 4 4 6  0.0165309446
2 4 6 6  0.0014028559
2 5 1 6  0.0017957978
2 5 3 6  -0.0000487908
2 5 5 6  0.0165309446
2 5 7 6  0.0014028559
2 6 0 6  -0.0074945299
2 6 2 6  0.0252622003
2 6 4 6  0.0014028559
2 6 6 6  0.0192490129
2 7 1 6  -0.0074945299
2 7 3 6  0.0252622003
2 7 5 6  0.0014028559
2 7 7 6  0.0192490129
2 8 8 6  0.0218773697
2 9 9 6  0.0218773697
2 10 10 6  0.0218773697
2 11 11 6  0.0218773697
2 0 8 8  -0.0110968617
2 1 9 8  -0.0110968617
2 2 8 8  0.0039159106
2 3 9 8  0.0039159106
2 4 8 8  0.0027532081
2 5 9 8  0.0027532081
2 6 8 8  0.0024925022
2 7 9 8  0.0024925022
2 8 0 8  -0.0110968617
2 8 2 8  0.0039159106
2 8 4 8  0.0027532081
2 8 6 8  0.0024925022
2 9 1 8  -0.0110968617
2 9 3 8  0.0039159106
2 9 5 8  0.0027532081
2 9 7 8  0.0024925022
2 0 10 10  -0.0110968617
2 1 11 10  -0.0110968617
2 2 10 10  0.0039159106
2 3 11 10  0.0039159106
2 4 10 10  0.0027532081
2 5 11 10  0.0027532081
2 6 10 10  0.0024925022
2 7 11 10  0.0024925022
2 10 0 10  -0.0110968617
2 10 2 10  0.0039159106
2 10 4 10  0.0027532081
2 10 6 10  0.0024925022
2 11 1 10  -0.0110968617
2 11 3 10  0.0039159106
2 11 5 10  0.0027532081
2 11 7 10  0.0024925022
3 0 0 1  -0.0183699613
3 0 2 1  0.0260134155
3 0 4 1  -0.0012830194
3 0 6 1  0.0084953535
3 1 1 1  -0.0183699613
3 1 3 1  0.0260134155
3 1 5 1  -0.0012830194
3 1 7 1  0.0084953535
3 2 0 1  0.0260134155
3 2 2 1  0.0588567676
3 2 4 1  -0.0006971199
3 2 6 1  -0.0241820358
3 3 1 1  0.0260134155
3 3 3 1  0.0588567676
3 3 5 1  -0.0006971199
3 3 7 1  -0.0241820358
3 4 0 1  -0.0012830194
3 4 2 1  -0.0006971199
3 4 4 1  -0.0163215393
3 4 6 1  -0.0017957978
3 5 1 1  -0.0012830194
3 5 3 1  -0.0006971199
3 5 5 1  -0.0163215393
3 5 7 1  -0.0017957978
3 6 0 1  0.0084953535
3 6 2 1  -0.0241820358
3 6 4 1  -0.0017957978
3 6 6 1  -0.0180686635
3 7 1 1  0.0084953535
3 7 3 1  -0.0241820358
3 7 5 1  -0.0017957978
3 7 7 1  -0.0180686635
3 8 8 1  -0.0267940509
3 9 9 1  -0.0267940509
3 10 10 1  -0.0267940509
3 11 11 1  -0.0267940509
3 0 0 3  0.1232981959
3 0 2 3  0.0588567676
3 0 4 3  -0.0163215393
3 0 6 3  -0.0023602129
3 1 1 3  0.1232981959
3 1 3 3  0.0588567676
3 1 5 3  -0.0163215393
3 1 7 3  -0.0023602129
3 2 0 3  0.0588567676
3 2 2 3  0.3253995013
3 2 4 3  0.0000574766
3 2 6 3  -0.0585012706
3 3 1 3  0.0588567676
3 3 3 3  0.3253995013
3 3 5 3  0.0000574766
3 3 7 3  -0.0585012706
3 4 0 3  -0.0163215393
3 4 2 3  0.0000574766
3 4 4 3  0.0673319814
3 4 6 3  -0.0165309446
3 5 1 3  -0.0163215393
3 5 3 3  0.0000574766
3 5 5 3  0.0673319814
3 5 7 3  -0.0165309446
3 6 0 3  -0.0023602129
3 6 2 3  -0.0585012706
3 6 4 3  -0.0165309446
3 6 6 3  0.1324213243
3 7 1 3  -0.0023602129
3 7 3 3  -0.0585012706
3 7 5 3  -0.0165309446
3 7 7 3  0.1324213243
3 8 8 3  0.1090956031
3 9 9 3  0.1090956031
3 10 10 3  0.1090956031
3 11 11 3  0.1090956031
3 0 0 5  0.0015536577
3 0 2 5  -0.0006971199
3 0 4 5  -0.0006971199
3 1 1 5  0.0015536577
3 1 3 5  -0.0006971199
3 1 5 5  -0.0006971199
3 2 0 5  -0.0006971199
3 2 2 5  0.0000574766
3 2 4 5  0.0003204586
3 2 6 5  -0.0000487908
3 3 1 5  -0.0006971199
3 3 3 5  0.0000574766
3 3 5 5  0.0003204586
3 3 7 5  -0.0000487908
3 4 0 5  -0.0006971199
3 4 2 5  0.0003204586
3 4 4 5  0.0000574766
3 4 6 5  0.0000487908
3 5 1 5  -0.0006971199
3 5 3 5  0.0003204586
3 5 5 5  0.0000574766
3 5 7 5  0.0000487908
3 6 2 5  -0.0000487908
3 6 4 5  0.0000487908
3 6 6 5  0.0008614587
3 7 3 5  -0.0000487908
3 7 5 5  0.0000487908
3 7 7 5  0.0008614587
3 8 8 5  0.0028042154
3 9 9 5  0.0028042154
3 10 10 5  0.0028042154
3 11 11 5  0.0028042154
3 0 0 7  0.0165012760
3 0 2 7  -0.0241820358
3 0 4 7  0.0017957978
3 0 6 7  -0.0074945299
3 1 1 7  0.0165012760
3 1 3 7  -0.0241820358
3 1 5 7  0.0017957978
3 1 7 7  -0.0074945299
3 2 0 7  -0.0241820358
3 2 2 7  -0.0585012706
3 2 4 7  -0.0000487908
3 2 6 7  0.0252622003
3 3 1 7  -0.0241820358
3 3 3 7  -0.0585012706
3 3 5 7  -0.0000487908
3 3 7 7  0.0252622003
3 4 0 7  0.0017957978
3 4 2 7  -0.0000487908
3 4 4 7  0.0165309446
3 4 6 7  0.0014028559
3 5 1 7  0.0017957978
3 5 3 7  -0.0000487908
3 5 5 7  0.0165309446
3 5 7 7  0.0014028559
3 6 0 7  -0.0074945299
3 6 2 7  0.0252622003
3 6 4 7  0.0014028559
3 6 6 7  0.0192490129
3 7 1 7  -0.0074945299
3 7 3 7  0.0252622003
3 7 5 7  0.0014028559
3 7 7 7  0.0192490129
3 8 8 7  0.0218773697
3 9 9 7  0.0218773697
3 10 10 7  0.0218773697
3 11 11 7  0.0218773697
3 0 8 9  -0.0110968617
3 1 9 9  -0.0110968617
3 2 8 9  0.0039159106
3 3 9 9  0.0039159106
3 4 8 9  0.0027532081
3 5 9 9  0.0027532081
3 6 8 9  0.0024925022
3 7 9 9  0.0024925022
3 8 0 9  -0.0110968617
3 8 2 9  0.0039159106
3 8 4 9  0.0027532081
3 8 6 9  0.0024925022
3 9 1 9  -0.0110968617
3 9 3 9  0.0039159106
3 9 5 9  0.0027532081
3 9 7 9  0.0024925022
3 0 10 11  -0.0110968617
3 1 11 11  -0.0110968617
3 2 10 11  0.0039159106
3 3 11 11  0.0039159106
3 4 10 11  0.0027532081
3 5 11 11  0.0027532081
3 6 10 11  0.0024925022
3 7 11 11  0.0024925022
3 10 0 11  -0.0110968617
3 10 2 11  0.0039159106
3 10 4 11  0.0027532081
3 10 6 11  0.0024925022
3 11 1 11  -0.0110968617
3 11 3 11  0.0039159106
3 11 5 11  0.0027532081
3 11 7 11  0.0024925022
4 0 0 0  -0.0183699613
4 0 2 0  -0.0012830194
4 0 4 0  0.0260134155
4 0 6 0  -0.0084953535
4 1 1 0  -0.0183699613
4 1 3 0  -0.0012830194
4 1 5 0  0.0260134155
4 1 7 0  -0.0084953535
4 2 0 0  -0.0012830194
4 2 2 0  -0.0163215393
4 2 4 0  -0.0006971199
4 2 6 0  0.0017957978
4 3 1 0  -0.0012830194
4 3 3 0  -0.0163215393
4 3 5 0  -0.0006971199
4 3 7 0  0.0017957978
4 4 0 0  0.0260134155
4 4 2 0  -0.0006971199
4 4 4 0  0.0588567676
4 4 6 0  0.0241820358
4 5 1 0  0.0260134155
4 5 3 0  -0.0006971199
4 5 5 0  0.0588567676
4 5 7 0  0.0241820358
4 6 0 0  -0.0084953535
4 6 2 0  0.0017957978
4 6 4 0  0.0241820358
4 6 6 0  -0.0180686635
4 7 1 0  -0.0084953535
4 7 3 0  0.0017957978
4 7 5 0  0.0241820358
4 7 7 0  -0.0180686635
4 8 8 0  -0.0267940509
4 9 9 0  -0.0267940509
4 10 10 0  -0.0267940509
4 11 11 0  -0.0267940509
4 0 0 2  0.0015536577
4 0 2 2  -0.0006971199
4 0 4 2  -0.0006971199
4 1 1 2  0.0015536577
4 1 3 2  -0.0006971199
4 1 5 2  -0.0006971199
4 2 0 2  -0.0006971199
4 2 2 2  0.0000574766
4 2 4 2  0.0003204586
4 2 6 2  -0.0000487908
4 3 1 2  -0.0006971199
4 3 3 2  0.0000574766
4 3 5 2  0.0003204586
4 3 7 2  -0.0000487908
4 4 0 2  -0.0006971199
4 4 2 2  0.0003204586
4 4 4 2  0.0000574766
4 4 6 2  0.0000487908
4 5 1 2  -0.0006971199
4 5 3 2  0.0003204586
4 5 5 2  0.0000574766
4 5 7 2  0.0000487908
4 6 2 2  -0.0000487908
4 6 4 2  0.0000487908
4 6 6 2  0.0008614587
4 7 3 2  -0.0000487908
4 7 5 2  0.0000487908
4 7 7 2  0.0008614587
4 8 8 2  0.0028042154
4 9 9 2  0.0028042154
4 10 10 2  0.0028042154
4 11 11 2  0.0028042154
4 0 0 4  0.1232981959
4 0 2 4  -0.0163215393
4 0 4 4  0.0588567676
4 0 6 4  0.0023602129
4 1 1 4  0.1232981959
4 1 3 4  -0.0163215393
4 1 5 4  0.0588567676
4 1 7 4  0.0023602129
4 2 0 4  -0.0163215393
4 2 2 4  0.0673319814
4 2 4 4  0.0000574766
4 2 6 4  0.0165309446
4 3 1 4  -0.0163215393
4 3 3 4  0.0673319814
4 3 5 4  0.0000574766
4 3 7 4  0.0165309446
4 4 0 4  0.0588567676
4 4 2 4  0.0000574766
4 4 4 4  0.3253995013
4 4 6 4  0.0585012706
4 5 1 4  0.0588567676
4 5 3 4  0.0000574766
4 5 5 4  0.3253995013
4 5 7 4  0.0585012706
4 6 0 4  0.0023602129
4 6 2 4  0.0165309446
4 6 4 4  0.0585012706
4 6 6 4  0.1324213243
4 7 1 4  0.0023602129
4 7 3 4  0.0165309446
4 7 5 4  0.0585012706
4 7 7 4  0.1324213243
4 8 8 4  0.1090956031
4 9 9 4  0.1090956031
4 10 10 4  0.1090956031
4 11 11 4  0.1090956031
4 0 0 6  -0.0165012760
4 0 2 6  -0.0017957978
4 0 4 6  0.0241820358
4 0 6 6  -0.0074945299
4 1 1 6  -0.0165012760
4 1 3 6  -0.0017957978
4 1 5 6  0.0241820358
4 1 7 6  -0.0074945299
4 2 0 6  -0.0017957978
4 2 2 6  -0.0165309446
4 2 4 6  0.0000487908
4 2 6 6  0.0014028559
4 3 1 6  -0.0017957978
4 3 3 6  -0.0165309446
4 3 5 6  0.0000487908
4 3 7 6  0.0014028559
4 4 0 6  0.0241820358
4 4 2 6  0.0000487908
4 4 4 6  0.0585012706
4 4 6 6  0.0252622003
4 5 1 6  0.0241820358
4 5 3 6  0.0000487908
4 5 5 6  0.0585012706
4 5 7 6  0.0252622003
4 6 0 6  -0.0074945299
4 6 2 6  0.0014028559
4 6 4 6  0.0252622003
4 6 6 6  -0.0192490129
4 7 1 6  -0.0074945299
4 7 3 6  0.0014028559
4 7 5 6  0.0252622003
4 7 7 6  -0.0192490129
4 8 8 6  -0.0218773697
4 9 9 6  -0.0218773697
4 10 10 6  -0.0218773697
4 11 11 6  -0.0218773697
4 0 8 8  -0.0110968617
4 1 9 8  -0.0110968617
4 2 8 8  0.0027532081
4 3 9 8  0.0027532081
4 4 8 8  0.0039159106
4 5 9 8  0.0039159106
4 6 8 8  -0.0024925022
4 7 9 8  -0.0024925022
4 8 0 8  -0.0110968617
4 8 2 8  0.0027532081
4 8 4 8  0.0039159106
4 8 6 8  -0.0024925022
4 9 1 8  -0.0110968617
4 9 3 8  0.0027532081
4 9 5 8  0.0039159106
4 9 7 8  -0.0024925022
4 0 10 10  -0.0110968617
4 1 11 10  -0.0110968617
4 2 10 10  0.0027532081
4 3 11 10  0.0027532081
4 4 10 10  0.0039159106
4 5 11 10  0.0039159106
4 6 10 10  -0.0024925022
4 7 11 10  -0.0024925022
4 10 0 10  -0.0110968617
4 10 2 10  0.0027532081
4 10 4 10  0.0039159106
4 10 6 10  -0.0024925022
4 11 1 10  -0.0110968617
4 11 3 10  0.0027532081
4 11 5 10  0.0039159106
4 11 7 10  -0.0024925022
5 0 0 1  -0.0183699613
5 0 2 1  -0.0012830194
5 0 4 1  0.0260134155
5 0 6 1  -0.0084953535
5 1 1 1  -0.0183699613
5 1 3 1  -0.0012830194
5 1 5 1  0.0260134155
5 1 7 1  -0.0084953535
5 2 0 1  -0.0012830194
5 2 2 1  -0.0163215393
5 2 4 1  -0.0006971199
5 2 6 1  0.0017957978
5 3 1 1  -0.0012830194
5 3 3 1  -0.0163215393
5 3 5 1  -0.0006971199
5 3 7 1  0.0017957978
5 4 0 1  0.0260134155
5 4 2 1  -0.0006971199
5 4 4 1  0.0588567676
5 4 6 1  0.0241820358
5 5 1 1  0.0260134155
5 5 3 1  -0.0006971199
5 5 5 1  0.0588567676
5 5 7 1  0.0241820358
5 6 0 1  -0.0084953535
5 6 2 1  0.0017957978
5 6 4 1  0.0241820358
5 6 6 1  -0.0180686635
5 7 1 1  -0.0084953535
5 7 3 1  0.0017957978
5 7 5 1  0.0241820358
5 7 7 1  -0.0180686635
5 8 8 1  -0.0267940509
5 9 9 1  -0.0267940509
5 10 10 1  -0.0267940509
5 11 11 1  -0.0267940509
5 0 0 3  0.0015536577
5 0 2 3  -0.0006971199
5 0 4 3  -0.0006971199
5 1 1 3  0.0015536577
5 1 3 3  -0.0006971199
5 1 5 3  -0.0006971199
5 2 0 3  -0.0006971199
5 2 2 3  0.0000574766
5 2 4 3  0.0003204586
5 2 6 3  -0.0000487908
5 3 1 3  -0.0006971199
5 3 3 3  0.0000574766
5 3 5 3  0.0003204586
5 3 7 3  -0.0000487908
5 4 0 3  -0.0006971199
5 4 2 3  0.0003204586
5 4 4 3  0.0000574766
5 4 6 3  0.0000487908
5 5 1 3  -0.0006971199
5 5 3 3  0.0003204586
5 5 5 3  0.0000574766
5 5 7 3  0.0000487908
5 6 2 3  -0.0000487908
5 6 4 3  0.0000487908
5 6 6 3  0.0008614587
5 7 3 3  -0.0000487908
5 7 5 3  0.0000487908
5 7 7 3  0.0008614587
5 8 8 3  0.0028042154
5 9 9 3  0.0028042154
5 10 10 3  0.0028042154
5 11 11 3  0.0028042154
5 0 0 5  0.1232981959
5 0 2 5  -0.0163215393
5 0 4 5  0.0588567676
5 0 6 5  0.0023602129
5 1 1 5  0.1232981959
5 1 3 5  -0.0163215393
5 1 5 5  0.0588567676
5 1 7 5  0.0023602129
5 2 0 5  -0.0163215393
5 2 2 5  0.0673319814
5 2 4 5  0.0000574766
5 2 6 5  0.0165309446
5 3 1 5  -0.0163215393
5 3 3 5  0.0673319814
5 3 5 5  0.0000574766
5 3 7 5  0.0165309446
5 4 0 5  0.0588567676
5 4 2 5  0.0000574766
5 4 4 5  0.3253995013
5 4 6 5  0.0585012706
5 5 1 5  0.0588567676
5 5 3 5  0.0000574766
5 5 5 5  0.3253995013
5 5 7 5  0.0585012706
5 6 0 5  0.0023602129
5 6 2 5  0.0165309446
5 6 4 5  0.0585012706
5 6 6 5  0.1324213243
5 7 1 5  0.0023602129
5 7 3 5  0.0165309446
5 7 5 5  0.0585012706
5 7 7 5  0.1324213243
5 8 8 5  0.1090956031
5 9 9 5  0.1090956031
5 10 10 5  0.1090956031
5 11 11 5  0.1090956031
5 0 0 7  -0.0165012760
5 0 2 7  -0.0017957978
5 0 4 7  0.0241820358
5 0 6 7  -0.0074945299
5 1 1 7  -0.0165012760
5 1 3 7  -0.0017957978
5 1 5 7  0.0241820358
5 1 7 7  -0.0074945299
5 2 0 7  -0.0017957978
5 2 2 7  -0.0165309446
5 2 4 7  0.0000487908
5 2 6 7  0.0014028559
5 3 1 7  -0.0017957978
5 3 3 7  -0.0165309446
5 3 5 7  0.0000487908
5 3 7 7  0.0014028559
5 4 0 7  0.0241820358
5 4 2 7  0.0000487908
5 4 4 7  0.0585012706
5 4 6 7  0.0252622003
5 5 1 7  0.0241820358
5 5 3 7  0.0000487908
5 5 5 7  0.0585012706
5 5 7 7  0.0252622003
5 6 0 7  -0.0074945299
5 6 2 7  0.0014028559
5 6 4 7  0.0252622003
5 6 6 7  -0.0192490129
5 7 1 7  -0.0074945299
5 7 3 7  0.0014028559
5 7 5 7  0.0252622003
5 7 7 7  -0.0192490129
5 8 8 7  -0.0218773697
5 9 9 7  -0.0218773697
5 10 10 7  -0.0218773697
5 11 11 7  -0.0218773697
5 0 8 9  -0.0110968617
5 1 9 9  -0.0110968617
5 2 8 9  0.0027532081
5 3 9 9  0.0027532081
5 4 8 9  0.0039159106
5 5 9 9  0.0039159106
5 6 8 9  -0.0024925022
5 7 9 9  -0.0024925022
5 8 0 9  -0.0110968617
5 8 2 9  0.0027532081
5 8 4 9  0.0039159106
5 8 6 9  -0.0024925022
5 9 1 9  -0.0110968617
5 9 3 9  0.0027532081
5 9 5 9  0.0039159106
5 9 7 9  -0.0024925022
5 0 10 11  -0.0110968617
5 1 11 11  -0.0110968617
5 2 10 11  0.0027532081
5 3 11 11  0.0027532081
5 4 10 11  0.0039159106
5 5 11 11  0.0039159106
5 6 10 11  -0.0024925022
5 7 11 11  -0.0024925022
5 10 0 11  -0.0110968617
5 10 2 11  0.0027532081
5 10 4 11  0.0039159106
5 10 6 11  -0.0024925022
5 11 1 11  -0.0110968617
5 11 3 11  0.0027532081
5 11 5 11  0.0039159106
5 11 7 11  -0.0024925022
6 0 2 0  0.0084953535
6 0 4 0  -0.0084953535
6 0 6 0  0.0329121693
6 1 3 0  0.0084953535
6 1 5 0  -0.0084953535
6 1 7 0  0.0329121693
6 2 0 0  0.0084953535
6 2 2 0  -0.0023602129
6 2 6 0  -0.0074945299
6 3 1 0  0.0084953535
6 3 3 0  -0.0023602129
6 3 7 0  -0.0074945299
6 4 0 0  -0.0084953535
6 4 4 0  0.0023602129
6 4 6 0  -0.0074945299
6 5 1 0  -0.0084953535
6 5 5 0  0.0023602129
6 5 7 0  -0.0074945299
6 6 0 0  0.0329121693
6 6 2 0  -0.0074945299
6 6 4 0  -0.0074945299
6 7 1 0  0.0329121693
6 7 3 0  -0.0074945299
6 7 5 0  -0.0074945299
6 0 0 2  0.0165012760
6 0 2 2  -0.0241820358
6 0 4 2  0.0017957978
6 0 6 2  -0.0074945299
6 1 1 2  0.0165012760
6 1 3 2  -0.0241820358
6 1 5 2  0.0017957978
6 1 7 2  -0.0074945299
6 2 0 2  -0.0241820358
6 2 2 2  -0.0585012706
6 2 4 2  -0.0000487908
6 2 6 2  0.0252622003
6 3 1 2  -0.0241820358
6 3 3 2  -0.0585012706
6 3 5 2  -0.0000487908
6 3 7 2  0.0252622003
6 4 0 2  0.0017957978
6 4 2 2  -0.0000487908
6 4 4 2  0.0165309446
6 4 6 2  0.0014028559
6 5 1 2  0.0017957978
6 5 3 2  -0.0000487908
6 5 5 2  0.0165309446
6 5 7 2  0.0014028559
6 6 0 2  -0.0074945299
6 6 2 2  0.0252622003
6 6 4 2  0.0014028559
6 6 6 2  0.0192490129
6 7 1 2  -0.0074945299
6 7 3 2  0.0252622003
6 7 5 2  0.0014028559
6 7 7 2  0.0192490129
6 8 8 2  0.0218773697
6 9 9 2  0.0218773697
6 10 10 2  0.0218773697
6 11 11 2  0.0218773697
6 0 0 4  -0.0165012760
6 0 2 4  -0.0017957978
6 0 4 4  0.0241820358
6 0 6 4  -0.0074945299
6 1 1 4  -0.0165012760
6 1 3 4  -0.0017957978
6 1 5 4  0.0241820358
6 1 7 4  -0.0074945299
6 2 0 4  -0.0017957978
6 2 2 4  -0.0165309446
6 2 4 4  0.0000487908
6 2 6 4  0.0014028559
6 3 1 4  -0.0017957978
6 3 3 4  -0.0165309446
6 3 5 4  0.0000487908
6 3 7 4  0.0014028559
6 4 0 4  0.0241820358
6 4 2 4  0.0000487908
6 4 4 4  0.0585012706
6 4 6 4  0.0252622003
6 5 1 4  0.0241820358
6 5 3 4  0.0000487908
6 5 5 4  0.0585012706
6 5 7 4  0.0252622003
6 6 0 4  -0.0074945299
6 6 2 4  0.0014028559
6 6 4 4  0.0252622003
6 6 6 4  -0.0192490129
6 7 1 4  -0.0074945299
6 7 3 4  0.0014028559
6 7 5 4  0.0252622003
6 7 7 4  -0.0192490129
6 8 8 4  -0.0218773697
6 9 9 4  -0.0218773697
6 10 10 4  -0.0218773697
6 11 11 4  -0.0218773697
6 0 0 6  0.1877570234
6 0 2 6  -0.0180686635
6 0 4 6  -0.0180686635
6 1 1 6  0.1877570234
6 1 3 6  -0.0180686635
6 1 5 6  -0.0180686635
6 2 0 6  -0.0180686635
6 2 2 6  0.1324213243
6 2 4 6  0.0008614587
6 2 6 6  0.0192490129
6 3 1 6  -0.0180686635
6 3 3 6  0.1324213243
6 3 5 6  0.0008614587
6 3 7 6  0.0192490129
6 4 0 6  -0.0180686635
6 4 2 6  0.0008614587
6 4 4 6  0.1324213243
6 4 6 6  -0.0192490129
6 5 1 6  -0.0180686635
6 5 3 6  0.0008614587
6 5 5 6  0.1324213243
6 5 7 6  -0.0192490129
6 6 2 6  0.0192490129
6 6 4 6  -0.0192490129
6 6 6 6  0.2102395233
6 7 3 6  0.0192490129
6 7 5 6  -0.0192490129
6 7 7 6  0.2102395233
6 8 8 6  0.1934717542
6 9 9 6  0.1934717542
6 10 10 6  0.1934717542
6 11 11 6  0.1934717542
6 2 8 8  0.0024925022
6 3 9 8  0.0024925022
6 4 8 8  -0.0024925022
6 5 9 8  -0.0024925022
6 6 8 8  0.0113563371
6 7 9 8  0.0113563371
6 8 2 8  0.0024925022
6 8 4 8  -0.0024925022
6 8 6 8  0.0113563371
6 9 3 8  0.0024925022
6 9 5 8  -0.0024925022
6 9 7 8  0.0113563371
6 2 10 10  0.0024925022
6 3 11 10  0.0024925022
6 4 10 10  -0.0024925022
6 5 11 10  -0.0024925022
6 6 10 10  0.0113563371
6 7 11 10  0.0113563371
6 10 2 10  0.0024925022
6 10 4 10  -0.0024925022
6 10 6 10  0.0113563371
6 11 3 10  0.0024925022
6 11 5 10  -0.0024925022
6 11 7 10  0.0113563371
7 0 2 1  0.0084953535
7 0 4 1  -0.0084953535
7 0 6 1  0.0329121693
7 1 3 1  0.0084953535
7 1 5 1  -0.0084953535
7 1 7 1  0.0329121693
7 2 0 1  0.0084953535
7 2 2 1  -0.0023602129
7 2 6 1  -0.0074945299
7 3 1 1  0.0084953535
7 3 3 1  -0.0023602129
7 3 7 1  -0.0074945299
7 4 0 1  -0.0084953535
7 4 4 1  0.0023602129
7 4 6 1  -0.0074945299
7 5 1 1  -0.0084953535
7 5 5 1  0.0023602129
7 5 7 1  -0.0074945299
7 6 0 1  0.0329121693
7 6 2 1  -0.0074945299
7 6 4 1  -0.0074945299
7 7 1 1  0.0329121693
7 7 3 1  -0.0074945299
7 7 5 1  -0.0074945299
7 0 0 3  0.0165012760
7 0 2 3  -0.0241820358
7 0 4 3  0.0017957978
7 0 6 3  -0.0074945299
7 1 1 3  0.0165012760
7 1 3 3  -0.0241820358
7 1 5 3  0.0017957978
7 1 7 3  -0.0074945299
7 2 0 3  -0.0241820358
7 2 2 3  -0.0585012706
7 2 4 3  -0.0000487908
7 2 6 3  0.0252622003
7 3 1 3  -0.0241820358
7 3 3 3  -0.0585012706
7 3 5 3  -0.0000487908
7 3 7 3  0.0252622003
7 4 0 3  0.0017957978
7 4 2 3  -0.0000487908
7 4 4 3  0.0165309446
7 4 6 3  0.0014028559
7 5 1 3  0.0017957978
7 5 3 3  -0.0000487908
7 5 5 3  0.0165309446
7 5 7 3  0.0014028559
7 6 0 3  -0.0074945299
7 6 2 3  0.0252622003
7 6 4 3  0.0014028559
7 6 6 3  0.0192490129
7 7 1 3  -0.0074945299
7 7 3 3  0.0252622003
7 7 5 3  0.0014028559
7 7 7 3  0.0192490129
7 8 8 3  0.0218773697
7 9 9 3  0.0218773697
7 10 10 3  0.0218773697
7 11 11 3  0.0218773697
7 0 0 5  -0.0165012760
7 0 2 5  -0.0017957978
7 0 4 5  0.0241820358
7 0 6 5  -0.0074945299
7 1 1 5  -0.0165012760
7 1 3 5  -0.0017957978
7 1 5 5  0.0241820358
7 1 7 5  -0.0074945299
7 2 0 5  -0.0017957978
7 2 2 5  -0.0165309446
7 2 4 5  0.0000487908
7 2 6 5  0.0014028559
7 3 1 5  -0.0017957978
7 3 3 5  -0.0165309446
7 3 5 5  0.0000487908
7 3 7 5  0.0014028559
7 4 0 5  0.0241820358
7 4 2 5  0.0000487908
7 4 4 5  0.0585012706
7 4 6 5  0.0252622003
7 5 1 5  0.0241820358
7 5 3 5  0.0000487908
7 5 5 5  0.0585012706
7 5 7 5  0.0252622003
7 6 0 5  -0.0074945299
7 6 2 5  0.0014028559
7 6 4 5  0.0252622003
7 6 6 5  -0.0192490129
7 7 1 5  -0.0074945299
7 7 3 5  0.0014028559
7 7 5 5  0.0252622003
7 7 7 5  -0.0192490129
7 8 8 5  -0.0218773697
7 9 9 5  -0.0218773697
7 10 10 5  -0.0218773697
7 11 11 5  -0.0218773697
7 0 0 7  0.1877570234
7 0 2 7  -0.0180686635
7 0 4 7  -0.0180686635
7 1 1 7  0.1877570234
7 1 3 7  -0.0180686635
7 1 5 7  -0.0180686635
7 2 0 7  -0.0180686635
7 2 2 7  0.1324213243
7 2 4 7  0.0008614587
7 2 6 7  0.0192490129
7 3 1 7  -0.0180686635
7 3 3 7  0.1324213243
7 3 5 7  0.0008614587
7 3 7 7  0.0192490129
7 4 0 7  -0.0180686635
7 4 2 7  0.0008614587
7 4 4 7  0.1324213243
7 4 6 7  -0.0192490129
7 5 1 7  -0.0180686635
7 5 3 7  0.0008614587
7 5 5 7  0.1324213243
7 5 7 7  -0.0192490129
7 6 2 7  0.0192490129
7 6 4 7  -0.0192490129
7 6 6 7  0.2102395233
7 7 3 7  0.0192490129
7 7 5 7  -0.0192490129
7 7 7 7  0.2102395233
7 8 8 7  0.1934717542
7 9 9 7  0.1934717542
7 10 10 7  0.1934717542
7 11 11 7  0.1934717542
7 2 8 9  0.0024925022
7 3 9 9  0.0024925022
7 4 8 9  -0.0024925022
7 5 9 9  -0.0024925022
7 6 8 9  0.0113563371
7 7 9 9  0.0113563371
7 8 2 9  0.0024925022
7 8 4 9  -0.0024925022
7 8 6 9  0.0113563371
7 9 3 9  0.0024925022
7 9 5 9  -0.0024925022
7 9 7 9  0.0113563371
7 2 10 11  0.0024925022
7 3 11 11  0.0024925022
7 4 10 11  -0.0024925022
7 5 11 11  -0.0024925022
7 6 10 11  0.0113563371
7 7 11 11  0.0113563371
7 10 2 11  0.0024925022
7 10 4 11  -0.0024925022
7 10 6 11  0.0113563371
7 11 3 11  0.0024925022
7 11 5 11  -0.0024925022
7 11 7 11  0.0113563371
8 0 8 0  0.0374404324
8 1 9 0  0.0374404324
8 2 8 0  -0.0110968617
8 3 9 0  -0.0110968617
8 4 8 0  -0.0110968617
8 5 9 0  -0.0110968617
8 8 0 0  0.0374404324
8 8 2 0  -0.0110968617
8 8 4 0  -0.0110968617
8 9 1 0  0.0374404324
8 9 3 0  -0.0110968617
8 9 5 0  -0.0110968617
8 0 8 2  -0.0110968617
8 1 9 2  -0.0110968617
8 2 8 2  0.0039159106
8 3 9 2  0.0039159106
8 4 8 2  0.0027532081
8 5 9 2  0.0027532081
8 6 8 2  0.0024925022
8 7 9 2  0.0024925022
8 8 0 2  -0.0110968617
8 8 2 2  0.0039159106
8 8 4 2  0.0027532081
8 8 6 2  0.0024925022
8 9 1 2  -0.0110968617
8 9 3 2  0.0039159106
8 9 5 2  0.0027532081
8 9 7 2  0.0024925022
8 0 8 4  -0.0110968617
8 1 9 4  -0.0110968617
8 2 8 4  0.0027532081
8 3 9 4  0.0027532081
8 4 8 4  0.0039159106
8 5 9 4  0.0039159106
8 6 8 4  -0.0024925022
8 7 9 4  -0.0024925022
8 8 0 4  -0.0110968617
8 8 2 4  0.0027532081
8 8 4 4  0.0039159106
8 8 6 4  -0.0024925022
8 9 1 4  -0.0110968617
8 9 3 4  0.0027532081
8 9 5 4  0.0039159106
8 9 7 4  -0.0024925022
8 2 8 6  0.0024925022
8 3 9 6  0.0024925022
8 4 8 6  -0.0024925022
8 5 9 6  -0.0024925022
8 6 8 6  0.0113563371
8 7 9 6  0.0113563371
8 8 2 6  0.0024925022
8 8 4 6  -0.0024925022
8 8 6 6  0.0113563371
8 9 3 6  0.0024925022
8 9 5 6  -0.0024925022
8 9 7 6  0.0113563371
8 0 0 8  0.1906305214
8 0 2 8  -0.0267940509
8 0 4 8  -0.0267940509
8 1 1 8  0.1906305214
8 1 3 8  -0.0267940509
8 1 5 8  -0.0267940509
8 2 0 8  -0.0267940509
8 2 2 8  0.1090956031
8 2 4 8  0.0028042154
8 2 6 8  0.0218773697
8 3 1 8  -0.0267940509
8 3 3 8  0.1090956031
8 3 5 8  0.0028042154
8 3 7 8  0.0218773697
8 4 0 8  -0.0267940509
8 4 2 8  0.0028042154
8 4 4 8  0.1090956031
8 4 6 8  -0.0218773697
8 5 1 8  -0.0267940509
8 5 3 8  0.0028042154
8 5 5 8  0.1090956031
8 5 7 8  -0.0218773697
8 6 2 8  0.0218773697
8 6 4 8  -0.0218773697
8 6 6 8  0.1934717542
8 7 3 8  0.0218773697
8 7 5 8  -0.0218773697
8 7 7 8  0.1934717542
8 8 8 8  0.2249295450
8 9 9 8  0.2249295450
8 10 10 8  0.2006801625
8 11 11 8  0.2006801625
8 8 10 10  0.0121246915
8 9 11 10  0.0121246915
8 10 8 10  0.0121246915
8 11 9 10  0.0121246915
9 0 8 1  0.0374404324
9 1 9 1  0.0374404324
9 2 8 1  -0.0110968617
9 3 9 1  -0.0110968617
9 4 8 1  -0.0110968617
9 5 9 1  -0.0110968617
9 8 0 1  0.0374404324
9 8 2 1  -0.0110968617
9 8 4 1  -0.0110968617
9 9 1 1  0.0374404324
9 9 3 1  -0.0110968617
9 9 5 1  -0.0110968617
9 0 8 3  -0.0110968617
9 1 9 3  -0.0110968617
9 2 8 3  0.0039159106
9 3 9 3  0.0039159106
9 4 8 3  0.0027532081
9 5 9 3  0.0027532081
9 6 8 3  0.0024925022
9 7 9 3  0.0024925022
9 8 0 3  -0.0110968617
9 8 2 3  0.0039159106
9 8 4 3  0.0027532081
9 8 6 3  0.0024925022
9 9 1 3  -0.0110968617
9 9 3 3  0.0039159106
9 9 5 3  0.0027532081
9 9 7 3  0.0024925022
9 0 8 5  -0.0110968617
9 1 9 5  -0.0110968617
9 2 8 5  0.0027532081
9 3 9 5  0.0027532081
9 4 8 5  0.0039159106
9 5 9 5  0.0039159106
9 6 8 5  -0.0024925022
9 7 9 5  -0.0024925022
9 8 0 5  -0.0110968617
9 8 2 5  0.0027532081
9 8 4 5  0.0039159106
9 8 6 5  -0.0024925022
9 9 1 5  -0.0110968617
9 9 3 5  0.0027532081
9 9 5 5  0.0039159106
9 9 7 5  -0.0024925022
9 2 8 7  0.0024925022
9 3 9 7  0.0024925022
9 4 8 7  -0.0024925022
9 5 9 7  -0.0024925022
9 6 8 7  0.0113563371
9 7 9 7  0.0113563371
9 8 2 7  0.0024925022
9 8 4 7  -0.0024925022
9 8 6 7  0.0113563371
9 9 3 7  0.0024925022
9 9 5 7  -0.0024925022
9 9 7 7  0.0113563371
9 0 0 9  0.1906305214
9 0 2 9  -0.0267940509
9 0 4 9  -0.0267940509
9 1 1 9  0.1906305214
9 1 3 9  -0.0267940509
9 1 5 9  -0.0267940509
9 2 0 9  -0.0267940509
9 2 2 9  0.1090956031
9 2 4 9  0.0028042154
9 2 6 9  0.0218773697
9 3 1 9  -0.0267940509
9 3 3 9  0.1090956031
9 3 5 9  0.0028042154
9 3 7 9  0.0218773697
9 4 0 9  -0.0267940509
9 4 2 9  0.0028042154
9 4 4 9  0.1090956031
9 4 6 9  -0.0218773697
9 5 1 9  -0.0267940509
9 5 3 9  0.0028042154
9 5 5 9  0.1090956031
9 5 7 9  -0.0218773697
9 6 2 9  0.0218773697
9 6 4 9  -0.0218773697
9 6 6 9  0.1934717542
9 7 3 9  0.0218773697
9 7 5 9  -0.0218773697
9 7 7 9  0.1934717542
9 8 8 9  0.2249295450
9 9 9 9  0.2249295450
9 10 10 9  0.2006801625
9 11 11 9  0.2006801625
9 8 10 11  0.0121246915
9 9 11 11  0.0121246915
9 10 8 11  0.0121246915
9 11 9 11  0.0121246915
10 0 10 0  0.0374404324
10 1 11 0  0.0374404324
10 2 10 0  -0.0110968617
10 3 11 0  -0.0110968617
10 4 10 0  -0.0110968617
10 5 11 0  -0.0110968617
10 10 0 0  0.0374404324
10 10 2 0  -0.0110968617
10 10 4 0  -0.0110968617
10 11 1 0  0.0374404324
10 11 3 0  -0.0110968617
10 11 5 0  -0.0110968617
10 0 10 2  -0.0110968617
10 1 11 2  -0.0110968617
10 2 10 2  0.0039159106
10 3 11 2  0.0039159106
10 4 10 2  0.0027532081
10 5 11 2  0.0027532081
10 6 10 2  0.0024925022
10 7 11 2  0.0024925022
10 10 0 2  -0.0110968617
10 10 2 2  0.0039159106
10 10 4 2  0.0027532081
10 10 6 2  0.0024925022
10 11 1 2  -0.0110968617
10 11 3 2  0.0039159106
10 11 5 2  0.0027532081
10 11 7 2  0.0024925022
10 0 10 4  -0.0110968617
10 1 11 4  -0.0110968617
10 2 10 4  0.0027532081
10 3 11 4  0.0027532081
10 4 10 4  0.0039159106
10 5 11 4  0.0039159106
10 6 10 4  -0.0024925022
10 7 11 4  -0.0024925022
10 10 0 4  -0.0110968617
10 10 2 4  0.0027532081
10 10 4 4  0.0039159106
10 10 6 4  -0.0024925022
10 11 1 4  -0.0110968617
10 11 3 4  0.0027532081
10 11 5 4  0.0039159106
10 11 7 4  -0.0024925022
10 2 10 6  0.0024925022
10 3 11 6  0.0024925022
10 4 10 6  -0.0024925022
10 5 11 6  -0.0024925022
10 6 10 6  0.0113563371
10 7 11 6  0.0113563371
10 10 2 6  0.0024925022
10 10 4 6  -0.0024925022
10 10 6 6  0.0113563371
10 11 3 6  0.0024925022
10 11 5 6  -0.0024925022
10 11 7 6  0.0113563371
10 8 10 8  0.0121246915
10 9 11 8  0.0121246915
10 10 8 8  0.0121246915
10 11 9 8  0.0121246915
10 0 0 10  0.1906305214
10 0 2 10  -0.0267940509
10 0 4 10  -0.0267940509
10 1 1 10  0.1906305214
10 1 3 10  -0.0267940509
10 1 5 10  -0.0267940509
10 2 0 10  -0.0267940509
10 2 2 10  0.1090956031
10 2 4 10  0.0028042154
10 2 6 10  0.0218773697
10 3 1 10  -0.0267940509
10 3 3 10  0.1090956031
10 3 5 10  0.0028042154
10 3 7 10  0.0218773697
10 4 0 10  -0.0267940509
10 4 2 10  0.0028042154
10 4 4 10  0.1090956031
10 4 6 10  -0.0218773697
10 5 1 10  -0.0267940509
10 5 3 10  0.0028042154
10 5 5 10  0.1090956031
10 5 7 10  -0.0218773697
10 6 2 10  0.0218773697
10 6 4 10  -0.0218773697
10 6 6 10  0.1934717542
10 7 3 10  0.0218773697
10 7 5 10  -0.0218773697
10 7 7 10  0.1934717542
10 8 8 10  0.2006801625
10 9 9 10  0.2006801625
10 10 10 10  0.2249295450
10 11 11 10  0.2249295450
11 0 10 1  0.0374404324
11 1 11 1  0.0374404324
11 2 10 1  -0.0110968617
11 3 11 1  -0.0110968617
11 4 10 1  -0.0110968617
11 5 11 1  -0.0110968617
11 10 0 1  0.0374404324
11 10 2 1  -0.0110968617
11 10 4 1  -0.0110968617
11 11 1 1  0.0374404324
11 11 3 1  -0.0110968617
11 11 5 1  -0.0110968617
11 0 10 3  -0.0110968617
11 1 11 3  -0.0110968617
11 2 10 3  0.0039159106
11 3 11 3  0.0039159106
11 4 10 3  0.0027532081
11 5 11 3  0.0027532081
11 6 10 3  0.0024925022
11 7 11 3  0.0024925022
11 10 0 3  -0.0110968617
11 10 2 3  0.0039159106
11 10 4 3  0.0027532081
11 10 6 3  0.0024925022
11 11 1 3  -0.0110968617
11 11 3 3  0.0039159106
11 11 5 3  0.0027532081
11 11 7 3  0.0024925022
11 0 10 5  -0.0110968617
11 1 11 5  -0.0110968617
11 2 10 5  0.0027532081
11 3 11 5  0.0027532081
11 4 10 5  0.0039159106
11 5 11 5  0.0039159106
11 6 10 5  -0.0024925022
11 7 11 5  -0.0024925022
11 10 0 5  -0.0110968617
11 10 2 5  0.0027532081
11 10 4 5  0.0039159106
11 10 6 5  -0.0024925022
11 11 1 5  -0.0110968617
11 11 3 5  0.0027532081
11 11 5 5  0.0039159106
11 11 7 5  -0.0024925022
11 2 10 7  0.0024925022
11 3 11 7  0.0024925022
11 4 10 7  -0.0024925022
11 5 11 7  -0.0024925022
11 6 10 7  0.0113563371
11 7 11 7  0.0113563371
11 10 2 7  0.0024925022
11 10 4 7  -0.0024925022
11 10 6 7  0.0113563371
11 11 3 7  0.0024925022
11 11 5 7  -0.0024925022
11 11 7 7  0.0113563371
11 8 10 9  0.0121246915
11 9 11 9  0.0121246915
11 10 8 9  0.0121246915
11 11 9 9  0.0121246915
11 0 0 11  0.1906305214
11 0 2 11  -0.0267940509
11 0 4 11  -0.0267940509
11 1 1 11  0.1906305214
11 1 3 11  -0.0267940509
11 1 5 11  -0.0267940509
11 2 0 11  -0.0267940509
11 2 2 11  0.1090956031
11 2 4 11  0.0028042154
11 2 6 11  0.0218773697
11 3 1 11  -0.0267940509
11 3 3 11  0.1090956031
11 3 5 11  0.0028042154
11 3 7 11  0.0218773697
11 4 0 11  -0.0267940509
11 4 2 11  0.0028042154
11 4 4 11  0.1090956031
11 4 6 11  -0.0218773697
11 5 1 11  -0.0267940509
11 5 3 11  0.0028042154
11 5 5 11  0.1090956031
11 5 7 11  -0.0218773697
11 6 2 11  0.0218773697
11 6 4 11  -0.0218773697
11 6 6 11  0.1934717542
11 7 3 11  0.0218773697
11 7 5 11  -0.0218773697
11 7 7 11  0.1934717542
11 8 8 11  0.2006801625
11 9 9 11  0.2006801625
11 10 10 11  0.2249295450
11 11 11 11  0.2249295450
