-12.82916292653385
0 0  -0.9296913350
0 2  -0.0010487260
0 4  -0.0010487260
1 1  -0.9296913350
1 3  -0.0010487260
1 5  -0.0010487260
2 0  -0.0010487260
2 2  -0.8059132336
2 4  0.0006156414
2 6  0.0084096710
3 1  -0.0010487260
3 3  -0.8059132336
3 5  0.0006156414
3 7  0.0084096710
4 0  -0.0010487260
4 2  0.0006156414
4 4  -0.8059132336
4 6  -0.0084096710
5 1  -0.0010487260
5 3  0.0006156414
5 5  -0.8059132336
5 7  -0.0084096710
6 2  0.0084096710
6 4  -0.0084096710
6 6  -0.7923107362
7 3  0.0084096710
7 5  -0.0084096710
7 7  -0.7923107362
8 8  -0.7768153557
9 9  -0.7768153557
10 10  -0.7768153557
11 11  -0.7768153557
0 0 0 0  0.2014396670
0 0 2 0  -0.0045182034
0 0 4 0  -0.0045182034
0 1 1 0  0.2014396670
0 1 3 0  -0.0045182034
0 1 5 0  -0.0045182034
0 2 0 0  -0.0045182034
0 2 2 0  0.0683142610
0 2 4 0  0.0000596664
0 2 6 0  -0.0036064512
0 3 1 0  -0.0045182034
0 3 3 0  0.0683142610
0 3 5 0  0.0000596664
0 3 7 0  -0.0036064512
0 4 0 0  -0.0045182034
0 4 2 0  0.0000596664
0 4 4 0  0.0683142610
0 4 6 0  0.0036064512
0 5 1 0  -0.0045182034
0 5 3 0  0.0000596664
0 5 5 0  0.0683142610
0 5 7 0  0.0036064512
0 6 2 0  -0.0036064512
0 6 4 0  0.0036064512
0 6 6 0  0.2043995748
0 7 3 0  -0.0036064512
0 7 5 0  0.0036064512
0 7 7 0  0.2043995748
0 8 8 0  0.2044820420
0 9 9 0  0.2044820420
0 10 10 0  0.2044820420
0 11 11 0  0.2044820420
0 0 0 2  -0.0045182034
0 0 2 2  0.0004872846
0 0 4 2  0.0000665927
0 0 6 2  -0.0015223231
0 1 1 2  -0.0045182034
0 1 3 2  0.0004872846
0 1 5 2  0.0000665927
0 1 7 2  -0.0015223231
0 2 0 2  0.0004872846
0 2 2 2  0.0095811072
0 2 4 2  -0.0000017805
0 2 6 2  0.0004718953
0 3 1 2  0.0004872846
0 3 3 2  0.0095811072
0 3 5 2  -0.0000017805
0 3 7 2  0.0004718953
0 4 0 2  0.0000665927
0 4 2 2  -0.0000017805
0 4 4 2  -0.0014198262
0 4 6 2  -0.0000336334
0 5 1 2  0.0000665927
0 5 3 2  -0.0000017805
0 5 5 2  -0.0014198262
0 5 7 2  -0.0000336334
0 6 0 2  -0.0015223231
0 6 2 2  0.0004718953
0 6 4 2  -0.0000336334
0 6 6 2  -0.0044542162
0 7 1 2  -0.0015223231
0 7 3 2  0.0004718953
0 7 5 2  -0.0000336334
0 7 7 2  -0.0044542162
0 8 8 2  -0.0047227172
0 9 9 2  -0.0047227172
0 10 10 2  -0.0047227172
0 11 11 2  -0.0047227172
0 0 0 4  -0.0045182034
0 0 2 4  0.0000665927
0 0 4 4  0.0004872846
0 0 6 4  0.0015223231
0 1 1 4  -0.0045182034
0 1 3 4  0.0000665927
0 1 5 4  0.0004872846
0 1 7 4  0.0015223231
0 2 0 4  0.0000665927
0 2 2 4  -0.0014198262
0 2 4 4  -0.0000017805
0 2 6 4  0.0000336334
0 3 1 4  0.0000665927
0 3 3 4  -0.0014198262
0 3 5 4  -0.0000017805
0 3 7 4  0.0000336334
0 4 0 4  0.0004872846
0 4 2 4  -0.0000017805
0 4 4 4  0.0095811072
0 4 6 4  -0.0004718953
0 5 1 4  0.0004872846
0 5 3 4  -0.0000017805
0 5 5 4  0.0095811072
0 5 7 4  -0.0004718953
0 6 0 4  0.0015223231
0 6 2 4  0.0000336334
0 6 4 4  -0.0004718953
0 6 6 4  -0.0044542162
0 7 1 4  0.0015223231
0 7 3 4  0.0000336334
0 7 5 4  -0.0004718953
0 7 7 4  -0.0044542162
0 8 8 4  -0.0047227172
0 9 9 4  -0.0047227172
0 10 10 4  -0.0047227172
0 11 11 4  -0.0047227172
0 0 2 6  -0.0015223231
0 0 4 6  0.0015223231
0 0 6 6  0.0432979906
0 1 3 6  -0.0015223231
0 1 5 6  0.0015223231
0 1 7 6  0.0432979906
0 2 0 6  -0.0015223231
0 2 2 6  -0.0111622268
0 2 6 6  -0.0015747515
0 3 1 6  -0.0015223231
0 3 3 6  -0.0111622268
0 3 7 6  -0.0015747515
0 4 0 6  0.0015223231
0 4 4 6  0.0111622268
0 4 6 6  -0.0015747515
0 5 1 6  0.0015223231
0 5 5 6  0.0111622268
0 5 7 6  -0.0015747515
0 6 0 6  0.0432979906
0 6 2 6  -0.0015747515
0 6 4 6  -0.0015747515
0 7 1 6  0.0432979906
0 7 3 6  -0.0015747515
0 7 5 6  -0.0015747515
0 0 8 8  0.0433511231
0 1 9 8  0.0433511231
0 2 8 8  -0.0015614500
0 3 9 8  -0.0015614500
0 4 8 8  -0.0015614500
0 5 9 8  -0.0015614500
0 8 0 8  0.0433511231
0 8 2 8  -0.0015614500
0 8 4 8  -0.0015614500
0 9 1 8  0.0433511231
0 9 3 8  -0.0015614500
0 9 5 8  -0.0015614500
0 0 10 10  0.0433511231
0 1 11 10  0.0433511231
0 2 10 10  -0.0015614500
0 3 11 10  -0.0015614500
0 4 10 10  -0.0015614500
0 5 11 10  -0.0015614500
0 10 0 10  0.0433511231
0 10 2 10  -0.0015614500
0 10 4 10  -0.0015614500
0 11 1 10  0.0433511231
0 11 3 10  -0.0015614500
0 11 5 10  -0.0015614500
1 0 0 1  0.2014396670
1 0 2 1  -0.0045182034
1 0 4 1  -0.0045182034
1 1 1 1  0.2014396670
1 1 3 1  -0.0045182034
1 1 5 1  -0.0045182034
1 2 0 1  -0.0045182034
1 2 2 1  0.0683142610
1 2 4 1  0.0000596664
1 2 6 1  -0.0036064512
1 3 1 1  -0.0045182034
1 3 3 1  0.0683142610
1 3 5 1  0.0000596664
1 3 7 1  -0.0036064512
1 4 0 1  -0.0045182034
1 4 2 1  0.0000596664
1 4 4 1  0.0683142610
1 4 6 1  0.0036064512
1 5 1 1  -0.0045182034
1 5 3 1  0.0000596664
1 5 5 1  0.0683142610
1 5 7 1  0.0036064512
1 6 2 1  -0.0036064512
1 6 4 1  0.0036064512
1 6 6 1  0.2043995748
1 7 3 1  -0.0036064512
1 7 5 1  0.0036064512
1 7 7 1  0.2043995748
1 8 8 1  0.2044820420
1 9 9 1  0.2044820420
1 10 10 1  0.2044820420
1 11 11 1  0.2044820420
1 0 0 3  -0.0045182034
1 0 2 3  0.0004872846
1 0 4 3  0.0000665927
1 0 6 3  -0.0015223231
1 1 1 3  -0.0045182034
1 1 3 3  0.0004872846
1 1 5 3  0.0000665927
1 1 7 3  -0.0015223231
1 2 0 3  0.0004872846
1 2 2 3  0.0095811072
1 2 4 3  -0.0000017805
1 2 6 3  0.0004718953
1 3 1 3  0.0004872846
1 3 3 3  0.0095811072
1 3 5 3  -0.0000017805
1 3 7 3  0.0004718953
1 4 0 3  0.0000665927
1 4 2 3  -0.0000017805
1 4 4 3  -0.0014198262
1 4 6 3  -0.0000336334
1 5 1 3  0.0000665927
1 5 3 3  -0.0000017805
1 5 5 3  -0.0014198262
1 5 7 3  -0.0000336334
1 6 0 3  -0.0015223231
1 6 2 3  0.0004718953
1 6 4 3  -0.0000336334
1 6 6 3  -0.0044542162
1 7 1 3  -0.0015223231
1 7 3 3  0.0004718953
1 7 5 3  -0.0000336334
1 7 7 3  -0.0044542162
1 8 8 3  -0.0047227172
1 9 9 3  -0.0047227172
1 10 10 3  -0.0047227172
1 11 11 3  -0.0047227172
1 0 0 5  -0.0045182034
1 0 2 5  0.0000665927
1 0 4 5  0.0004872846
1 0 6 5  0.0015223231
1 1 1 5  -0.0045182034
1 1 3 5  0.0000665927
1 1 5 5  0.0004872846
1 1 7 5  0.0015223231
1 2 0 5  0.0000665927
1 2 2 5  -0.0014198262
1 2 4 5  -0.0000017805
1 2 6 5  0.0000336334
1 3 1 5  0.0000665927
1 3 3 5  -0.0014198262
1 3 5 5  -0.0000017805
1 3 7 5  0.0000336334
1 4 0 5  0.0004872846
1 4 2 5  -0.0000017805
1 4 4 5  0.0095811072
1 4 6 5  -0.0004718953
1 5 1 5  0.0004872846
1 5 3 5  -0.0000017805
1 5 5 5  0.0095811072
1 5 7 5  -0.0004718953
1 6 0 5  0.0015223231
1 6 2 5  0.0000336334
1 6 4 5  -0.0004718953
1 6 6 5  -0.0044542162
1 7 1 5  0.0015223231
1 7 3 5  0.0000336334
1 7 5 5  -0.0004718953
1 7 7 5  -0.0044542162
1 8 8 5  -0.0047227172
1 9 9 5  -0.0047227172
1 10 10 5  -0.0047227172
1 11 11 5  -0.0047227172
1 0 2 7  -0.0015223231
1 0 4 7  0.0015223231
1 0 6 7  0.0432979906
1 1 3 7  -0.0015223231
1 1 5 7  0.0015223231
1 1 7 7  0.0432979906
1 2 0 7  -0.0015223231
1 2 2 7  -0.0111622268
1 2 6 7  -0.0015747515
1 3 1 7  -0.0015223231
1 3 3 7  -0.0111622268
1 3 7 7  -0.0015747515
1 4 0 7  0.0015223231
1 4 4 7  0.0111622268
1 4 6 7  -0.0015747515
1 5 1 7  0.0015223231
1 5 5 7  0.0111622268
1 5 7 7  -0.0015747515
1 6 0 7  0.0432979906
1 6 2 7  -0.0015747515
1 6 4 7  -0.0015747515
1 7 1 7  0.0432979906
1 7 3 7  -0.0015747515
1 7 5 7  -0.0015747515
1 0 8 9  0.0433511231
1 1 9 9  0.0433511231
1 2 8 9  -0.0015614500
1 3 9 9  -0.0015614500
1 4 8 9  -0.0015614500
1 5 9 9  -0.0015614500
1 8 0 9  0.0433511231
1 8 2 9  -0.0015614500
1 8 4 9  -0.0015614500
1 9 1 9  0.0433511231
1 9 3 9  -0.0015614500
1 9 5 9  -0.0015614500
1 0 10 11  0.0433511231
1 1 11 11  0.0433511231
1 2 10 11  -0.0015614500
1 3 11 11  -0.0015614500
1 4 10 11  -0.0015614500
1 5 11 11  -0.0015614500
1 10 0 11  0.0433511231
1 10 2 11  -0.0015614500
1 10 4 11  -0.0015614500
1 11 1 11  0.0433511231
1 11 3 11  -0.0015614500
1 11 5 11  -0.0015614500
2 0 0 0  -0.0045182034
2 0 2 0  0.0004872846
2 0 4 0  0.0000665927
2 0 6 0  -0.0015223231
2 1 1 0  -0.0045182034
2 1 3 0  0.0004872846
2 1 5 0  0.0000665927
2 1 7 0  -0.0015223231
2 2 0 0  0.0004872846
2 2 2 0  0.0095811072
2 2 4 0  -0.0000017805
2 2 6 0  0.0004718953
2 3 1 0  0.0004872846
2 3 3 0  0.0095811072
2 3 5 0  -0.0000017805
2 3 7 0  0.0004718953
2 4 0 0  0.0000665927
2 4 2 0  -0.0000017805
2 4 4 0  -0.0014198262
2 4 6 0  -0.0000336334
2 5 1 0  0.0000665927
2 5 3 0  -0.0000017805
2 5 5 0  -0.0014198262
2 5 7 0  -0.0000336334
2 6 0 0  -0.0015223231
2 6 2 0  0.0004718953
2 6 4 0  -0.0000336334
2 6 6 0  -0.0044542162
2 7 1 0  -0.0015223231
2 7 3 0  0.0004718953
2 7 5 0  -0.0000336334
2 7 7 0  -0.0044542162
2 8 8 0  -0.0047227172
2 9 9 0  -0.0047227172
2 10 10 0  -0.0047227172
2 11 11 0  -0.0047227172
2 0 0 2  0.0683142610
2 0 2 2  0.0095811072
2 0 4 2  -0.0014198262
2 0 6 2  -0.0111622268
2 1 1 2  0.0683142610
2 1 3 2  0.0095811072
2 1 5 2  -0.0014198262
2 1 7 2  -0.0111622268
2 2 0 2  0.0095811072
2 2 2 2  0.3861174136
2 2 4 2  0.0000414296
2 2 6 2  0.0112744778
2 3 1 2  0.0095811072
2 3 3 2  0.3861174136
2 3 5 2  0.0000414296
2 3 7 2  0.0112744778
2 4 0 2  -0.0014198262
2 4 2 2  0.0000414296
2 4 4 2  0.0340846392
2 4 6 2  0.0013601133
2 5 1 2  -0.0014198262
2 5 3 2  0.0000414296
2 5 5 2  0.0340846392
2 5 7 2  0.0013601133
2 6 0 2  -0.0111622268
2 6 2 2  0.0112744778
2 6 4 2  0.0013601133
2 6 6 2  0.0712582930
2 7 1 2  -0.0111622268
2 7 3 2  0.0112744778
2 7 5 2  0.0013601133
2 7 7 2  0.0712582930
2 8 8 2  0.0666716535
2 9 9 2  0.0666716535
2 10 10 2  0.0666716535
2 11 11 2  0.0666716535
2 0 0 4  0.0000596664
2 0 2 4  -0.0000017805
2 0 4 4  -0.0000017805
2 1 1 4  0.0000596664
2 1 3 4  -0.0000017805
2 1 5 4  -0.0000017805
2 2 0 4  -0.0000017805
2 2 2 4  0.0000414296
2 2 4 4  0.0000001882
2 2 6 4  0.0000018813
2 3 1 4  -0.0000017805
2 3 3 4  0.0000414296
2 3 5 4  0.0000001882
2 3 7 4  0.0000018813
2 4 0 4  -0.0000017805
2 4 2 4  0.0000001882
2 4 4 4  0.0000414296
2 4 6 4  -0.0000018813
2 5 1 4  -0.0000017805
2 5 3 4  0.0000001882
2 5 5 4  0.0000414296
2 5 7 4  -0.0000018813
2 6 2 4  0.0000018813
2 6 4 4  -0.0000018813
2 6 6 4  0.0000424961
2 7 3 4  0.0000018813
2 7 5 4  -0.0000018813
2 7 7 4  0.0000424961
2 8 8 4  0.0000714498
2 9 9 4  0.0000714498
2 10 10 4  0.0000714498
2 11 11 4  0.0000714498
2 0 0 6  -0.0036064512
2 0 2 6  0.0004718953
2 0 4 6  0.0000336334
2 0 6 6  -0.0015747515
2 1 1 6  -0.0036064512
2 1 3 6  0.0004718953
2 1 5 6  0.0000336334
2 1 7 6  -0.0015747515
2 2 0 6  0.0004718953
2 2 2 6  0.0112744778
2 2 4 6  0.0000018813
2 2 6 6  0.0005805176
2 3 1 6  0.0004718953
2 3 3 6  0.0112744778
2 3 5 6  0.0000018813
2 3 7 6  0.0005805176
2 4 0 6  0.0000336334
2 4 2 6  0.0000018813
2 4 4 6  -0.0013601133
2 4 6 6  -0.0000251358
2 5 1 6  0.0000336334
2 5 3 6  0.0000018813
2 5 5 6  -0.0013601133
2 5 7 6  -0.0000251358
2 6 0 6  -0.0015747515
2 6 2 6  0.0005805176
2 6 4 6  -0.0000251358
2 6 6 6  -0.0040813357
2 7 1 6  -0.0015747515
2 7 3 6  0.0005805176
2 7 5 6  -0.0000251358
2 7 7 6  -0.0040813357
2 8 8 6  -0.0035118183
2 9 9 6  -0.0035118183
2 10 10 6  -0.0035118183
2 11 11 6  -0.0035118183
2 0 8 8  -0.0015614500
2 1 9 8  -0.0015614500
2 2 8 8  0.0000640144
2 3 9 8  0.0000640144
2 4 8 8  0.0000495608
2 5 9 8  0.0000495608
2 6 8 8  -0.0002853618
2 7 9 8  -0.0002853618
2 8 0 8  -0.0015614500
2 8 2 8  0.0000640144
2 8 4 8  0.0000495608
2 8 6 8  -0.0002853618
2 9 1 8  -0.0015614500
2 9 3 8  0.0000640144
2 9 5 8  0.0000495608
2 9 7 8  -0.0002853618
2 0 10 10  -0.0015614500
2 1 11 10  -0.0015614500
2 2 10 10  0.0000640144
2 3 11 10  0.0000640144
2 4 10 10  0.0000495608
2 5 11 10  0.0000495608
2 6 10 10  -0.0002853618
2 7 11 10  -0.0002853618
2 10 0 10  -0.0015614500
2 10 2 10  0.0000640144
2 10 4 10  0.0000495608
2 10 6 10  -0.0002853618
2 11 1 10  -0.0015614500
2 11 3 10  0.0000640144
2 11 5 10  0.0000495608
2 11 7 10  -0.0002853618
3 0 0 1  -0.0045182034
3 0 2 1  0.0004872846
3 0 4 1  0.0000665927
3 0 6 1  -0.0015223231
3 1 1 1  -0.0045182034
3 1 3 1  0.0004872846
3 1 5 1  0.0000665927
3 1 7 1  -0.0015223231
3 2 0 1  0.0004872846
3 2 2 1  0.0095811072
3 2 4 1  -0.0000017805
3 2 6 1  0.0004718953
3 3 1 1  0.0004872846
3 3 3 1  0.0095811072
3 3 5 1  -0.0000017805
3 3 7 1  0.0004718953
3 4 0 1  0.0000665927
3 4 2 1  -0.0000017805
3 4 4 1  -0.0014198262
3 4 6 1  -0.0000336334
3 5 1 1  0.0000665927
3 5 3 1  -0.0000017805
3 5 5 1  -0.0014198262
3 5 7 1  -0.0000336334
3 6 0 1  -0.0015223231
3 6 2 1  0.0004718953
3 6 4 1  -0.0000336334
3 6 6 1  -0.0044542162
3 7 1 1  -0.0015223231
3 7 3 1  0.0004718953
3 7 5 1  -0.0000336334
3 7 7 1  -0.0044542162
3 8 8 1  -0.0047227172
3 9 9 1  -0.0047227172
3 10 10 1  -0.0047227172
3 11 11 1  -0.0047227172
3 0 0 3  0.0683142610
3 0 2 3  0.0095811072
3 0 4 3  -0.0014198262
3 0 6 3  -0.0111622268
3 1 1 3  0.0683142610
3 1 3 3  0.0095811072
3 1 5 3  -0.0014198262
3 1 7 3  -0.0111622268
3 2 0 3  0.0095811072
3 2 2 3  0.3861174136
3 2 4 3  0.0000414296
3 2 6 3  0.0112744778
3 3 1 3  0.0095811072
3 3 3 3  0.3861174136
3 3 5 3  0.0000414296
3 3 7 3  0.0112744778
3 4 0 3  -0.0014198262
3 4 2 3  0.0000414296
3 4 4 3  0.0340846392
3 4 6 3  0.0013601133
3 5 1 3  -0.0014198262
3 5 3 3  0.0000414296
3 5 5 3  0.0340846392
3 5 7 3  0.0013601133
3 6 0 3  -0.0111622268
3 6 2 3  0.0112744778
3 6 4 3  0.0013601133
3 6 6 3  0.0712582930
3 7 1 3  -0.0111622268
3 7 3 3  0.0112744778
3 7 5 3  0.0013601133
3 7 7 3  0.0712582930
3 8 8 3  0.0666716535
3 9 9 3  0.0666716535
3 10 10 3  0.0666716535
3 11 11 3  0.0666716535
3 0 0 5  0.0000596664
3 0 2 5  -0.0000017805
3 0 4 5  -0.0000017805
3 1 1 5  0.0000596664
3 1 3 5  -0.0000017805
3 1 5 5  -0.0000017805
3 2 0 5  -0.0000017805
3 2 2 5  0.0000414296
3 2 4 5  0.0000001882
3 2 6 5  0.0000018813
3 3 1 5  -0.0000017805
3 3 3 5  0.0000414296
3 3 5 5  0.0000001882
3 3 7 5  0.0000018813
3 4 0 5  -0.0000017805
3 4 2 5  0.0000001882
3 4 4 5  0.0000414296
3 4 6 5  -0.0000018813
3 5 1 5  -0.0000017805
3 5 3 5  0.0000001882
3 5 5 5  0.0000414296
3 5 7 5  -0.0000018813
3 6 2 5  0.0000018813
3 6 4 5  -0.0000018813
3 6 6 5  0.0000424961
3 7 3 5  0.0000018813
3 7 5 5  -0.0000018813
3 7 7 5  0.0000424961
3 8 8 5  0.0000714498
3 9 9 5  0.0000714498
3 10 10 5  0.0000714498
3 11 11 5  0.0000714498
3 0 0 7  -0.0036064512
3 0 2 7  0.0004718953
3 0 4 7  0.0000336334
3 0 6 7  -0.0015747515
3 1 1 7  -0.0036064512
3 1 3 7  0.0004718953
3 1 5 7  0.0000336334
3 1 7 7  -0.0015747515
3 2 0 7  0.0004718953
3 2 2 7  0.0112744778
3 2 4 7  0.0000018813
3 2 6 7  0.0005805176
3 3 1 7  0.0004718953
3 3 3 7  0.0112744778
3 3 5 7  0.0000018813
3 3 7 7  0.0005805176
3 4 0 7  0.0000336334
3 4 2 7  0.0000018813
3 4 4 7  -0.0013601133
3 4 6 7  -0.0000251358
3 5 1 7  0.0000336334
3 5 3 7  0.0000018813
3 5 5 7  -0.0013601133
3 5 7 7  -0.0000251358
3 6 0 7  -0.0015747515
3 6 2 7  0.0005805176
3 6 4 7  -0.0000251358
3 6 6 7  -0.0040813357
3 7 1 7  -0.0015747515
3 7 3 7  0.0005805176
3 7 5 7  -0.0000251358
3 7 7 7  -0.0040813357
3 8 8 7  -0.0035118183
3 9 9 7  -0.0035118183
3 10 10 7  -0.0035118183
3 11 11 7  -0.0035118183
3 0 8 9  -0.0015614500
3 1 9 9  -0.0015614500
3 2 8 9  0.0000640144
3 3 9 9  0.0000640144
3 4 8 9  0.0000495608
3 5 9 9  0.0000495608
3 6 8 9  -0.0002853618
3 7 9 9  -0.0002853618
3 8 0 9  -0.0015614500
3 8 2 9  0.0000640144
3 8 4 9  0.0000495608
3 8 6 9  -0.0002853618
3 9 1 9  -0.0015614500
3 9 3 9  0.0000640144
3 9 5 9  0.0000495608
3 9 7 9  -0.0002853618
3 0 10 11  -0.0015614500
3 1 11 11  -0.0015614500
3 2 10 11  0.0000640144
3 3 11 11  0.0000640144
3 4 10 11  0.0000495608
3 5 11 11  0.0000495608
3 6 10 11  -0.0002853618
3 7 11 11  -0.0002853618
3 10 0 11  -0.0015614500
3 10 2 11  0.0000640144
3 10 4 11  0.0000495608
3 10 6 11  -0.0002853618
3 11 1 11  -0.0015614500
3 11 3 11  0.0000640144
3 11 5 11  0.0000495608
3 11 7 11  -0.0002853618
4 0 0 0  -0.0045182034
4 0 2 0  0.0000665927
4 0 4 0  0.0004872846
4 0 6 0  0.0015223231
4 1 1 0  -0.0045182034
4 1 3 0  0.0000665927
4 1 5 0  0.0004872846
4 1 7 0  0.0015223231
4 2 0 0  0.0000665927
4 2 2 0  -0.0014198262
4 2 4 0  -0.0000017805
4 2 6 0  0.0000336334
4 3 1 0  0.0000665927
4 3 3 0  -0.0014198262
4 3 5 0  -0.0000017805
4 3 7 0  0.0000336334
4 4 0 0  0.0004872846
4 4 2 0  -0.0000017805
4 4 4 0  0.0095811072
4 4 6 0  -0.0004718953
4 5 1 0  0.0004872846
4 5 3 0  -0.0000017805
4 5 5 0  0.0095811072
4 5 7 0  -0.0004718953
4 6 0 0  0.0015223231
4 6 2 0  0.0000336334
4 6 4 0  -0.0004718953
4 6 6 0  -0.0044542162
4 7 1 0  0.0015223231
4 7 3 0  0.0000336334
4 7 5 0  -0.0004718953
4 7 7 0  -0.0044542162
4 8 8 0  -0.0047227172
4 9 9 0  -0.0047227172
4 10 10 0  -0.0047227172
4 11 11 0  -0.0047227172
4 0 0 2  0.0000596664
4 0 2 2  -0.0000017805
4 0 4 2  -0.0000017805
4 1 1 2  0.0000596664
4 1 3 2  -0.0000017805
4 1 5 2  -0.0000017805
4 2 0 2  -0.0000017805
4 2 2 2  0.0000414296
4 2 4 2  0.0000001882
4 2 6 2  0.0000018813
4 3 1 2  -0.0000017805
4 3 3 2  0.0000414296
4 3 5 2  0.0000001882
4 3 7 2  0.0000018813
4 4 0 2  -0.0000017805
4 4 2 2  0.0000001882
4 4 4 2  0.0000414296
4 4 6 2  -0.0000018813
4 5 1 2  -0.0000017805
4 5 3 2  0.0000001882
4 5 5 2  0.0000414296
4 5 7 2  -0.0000018813
4 6 2 2  0.0000018813
4 6 4 2  -0.0000018813
4 6 6 2  0.0000424961
4 7 3 2  0.0000018813
4 7 5 2  -0.0000018813
4 7 7 2  0.0000424961
4 8 8 2  0.0000714498
4 9 9 2  0.0000714498
4 10 10 2  0.0000714498
4 11 11 2  0.0000714498
4 0 0 4  0.0683142610
4 0 2 4  -0.0014198262
4 0 4 4  0.0095811072
4 0 6 4  0.0111622268
4 1 1 4  0.0683142610
4 1 3 4  -0.0014198262
4 1 5 4  0.0095811072
4 1 7 4  0.0111622268
4 2 0 4  -0.0014198262
4 2 2 4  0.0340846392
4 2 4 4  0.0000414296
4 2 6 4  -0.0013601133
4 3 1 4  -0.0014198262
4 3 3 4  0.0340846392
4 3 5 4  0.0000414296
4 3 7 4  -0.0013601133
4 4 0 4  0.0095811072
4 4 2 4  0.0000414296
4 4 4 4  0.3861174136
4 4 6 4  -0.0112744778
4 5 1 4  0.0095811072
4 5 3 4  0.0000414296
4 5 5 4  0.3861174136
4 5 7 4  -0.0112744778
4 6 0 4  0.0111622268
4 6 2 4  -0.0013601133
4 6 4 4  -0.0112744778
4 6 6 4  0.0712582930
4 7 1 4  0.0111622268
4 7 3 4  -0.0013601133
4 7 5 4  -0.0112744778
4 7 7 4  0.0712582930
4 8 8 4  0.0666716535
4 9 9 4  0.0666716535
4 10 10 4  0.0666716535
4 11 11 4  0.0666716535
4 0 0 6  0.0036064512
4 0 2 6  -0.0000336334
4 0 4 6  -0.0004718953
4 0 6 6  -0.0015747515
4 1 1 6  0.0036064512
4 1 3 6  -0.0000336334
4 1 5 6  -0.0004718953
4 1 7 6  -0.0015747515
4 2 0 6  -0.0000336334
4 2 2 6  0.0013601133
4 2 4 6  -0.0000018813
4 2 6 6  -0.0000251358
4 3 1 6  -0.0000336334
4 3 3 6  0.0013601133
4 3 5 6  -0.0000018813
4 3 7 6  -0.0000251358
4 4 0 6  -0.0004718953
4 4 2 6  -0.0000018813
4 4 4 6  -0.0112744778
4 4 6 6  0.0005805176
4 5 1 6  -0.0004718953
4 5 3 6  -0.0000018813
4 5 5 6  -0.0112744778
4 5 7 6  0.0005805176
4 6 0 6  -0.0015747515
4 6 2 6  -0.0000251358
4 6 4 6  0.0005805176
4 6 6 6  0.0040813357
4 7 1 6  -0.0015747515
4 7 3 6  -0.0000251358
4 7 5 6  0.0005805176
4 7 7 6  0.0040813357
4 8 8 6  0.0035118183
4 9 9 6  0.0035118183
4 10 10 6  0.0035118183
4 11 11 6  0.0035118183
4 0 8 8  -0.0015614500
4 1 9 8  -0.0015614500
4 2 8 8  0.0000495608
4 3 9 8  0.0000495608
4 4 8 8  0.0000640144
4 5 9 8  0.0000640144
4 6 8 8  0.0002853618
4 7 9 8  0.0002853618
4 8 0 8  -0.0015614500
4 8 2 8  0.0000495608
4 8 4 8  0.0000640144
4 8 6 8  0.0002853618
4 9 1 8  -0.0015614500
4 9 3 8  0.0000495608
4 9 5 8  0.0000640144
4 9 7 8  0.0002853618
4 0 10 10  -0.0015614500
4 1 11 10  -0.0015614500
4 2 10 10  0.0000495608
4 3 11 10  0.0000495608
4 4 10 10  0.0000640144
4 5 11 10  0.0000640144
4 6 10 10  0.0002853618
4 7 11 10  0.0002853618
4 10 0 10  -0.0015614500
4 10 2 10  0.0000495608
4 10 4 10  0.0000640144
4 10 6 10  0.0002853618
4 11 1 10  -0.0015614500
4 11 3 10  0.0000495608
4 11 5 10  0.0000640144
4 11 7 10  0.0002853618
5 0 0 1  -0.0045182034
5 0 2 1  0.0000665927
5 0 4 1  0.0004872846
5 0 6 1  0.0015223231
5 1 1 1  -0.0045182034
5 1 3 1  0.0000665927
5 1 5 1  0.0004872846
5 1 7 1  0.0015223231
5 2 0 1  0.0000665927
5 2 2 1  -0.0014198262
5 2 4 1  -0.0000017805
5 2 6 1  0.0000336334
5 3 1 1  0.0000665927
5 3 3 1  -0.0014198262
5 3 5 1  -0.0000017805
5 3 7 1  0.0000336334
5 4 0 1  0.0004872846
5 4 2 1  -0.0000017805
5 4 4 1  0.0095811072
5 4 6 1  -0.0004718953
5 5 1 1  0.0004872846
5 5 3 1  -0.0000017805
5 5 5 1  0.0095811072
5 5 7 1  -0.0004718953
5 6 0 1  0.0015223231
5 6 2 1  0.0000336334
5 6 4 1  -0.0004718953
5 6 6 1  -0.0044542162
5 7 1 1  0.0015223231
5 7 3 1  0.0000336334
5 7 5 1  -0.0004718953
5 7 7 1  -0.0044542162
5 8 8 1  -0.0047227172
5 9 9 1  -0.0047227172
5 10 10 1  -0.0047227172
5 11 11 1  -0.0047227172
5 0 0 3  0.0000596664
5 0 2 3  -0.0000017805
5 0 4 3  -0.0000017805
5 1 1 3  0.0000596664
5 1 3 3  -0.0000017805
5 1 5 3  -0.0000017805
5 2 0 3  -0.0000017805
5 2 2 3  0.0000414296
5 2 4 3  0.0000001882
5 2 6 3  0.0000018813
5 3 1 3  -0.0000017805
5 3 3 3  0.0000414296
5 3 5 3  0.0000001882
5 3 7 3  0.0000018813
5 4 0 3  -0.0000017805
5 4 2 3  0.0000001882
5 4 4 3  0.0000414296
5 4 6 3  -0.0000018813
5 5 1 3  -0.0000017805
5 5 3 3  0.0000001882
5 5 5 3  0.0000414296
5 5 7 3  -0.0000018813
5 6 2 3  0.0000018813
5 6 4 3  -0.0000018813
5 6 6 3  0.0000424961
5 7 3 3  0.0000018813
5 7 5 3  -0.0000018813
5 7 7 3  0.0000424961
5 8 8 3  0.0000714498
5 9 9 3  0.0000714498
5 10 10 3  0.0000714498
5 11 11 3  0.0000714498
5 0 0 5  0.0683142610
5 0 2 5  -0.0014198262
5 0 4 5  0.0095811072
5 0 6 5  0.0111622268
5 1 1 5  0.0683142610
5 1 3 5  -0.0014198262
5 1 5 5  0.0095811072
5 1 7 5  0.0111622268
5 2 0 5  -0.0014198262
5 2 2 5  0.0340846392
5 2 4 5  0.0000414296
5 2 6 5  -0.0013601133
5 3 1 5  -0.0014198262
5 3 3 5  0.0340846392
5 3 5 5  0.0000414296
5 3 7 5  -0.0013601133
5 4 0 5  0.0095811072
5 4 2 5  0.0000414296
5 4 4 5  0.3861174136
5 4 6 5  -0.0112744778
5 5 1 5  0.0095811072
5 5 3 5  0.0000414296
5 5 5 5  0.3861174136
5 5 7 5  -0.0112744778
5 6 0 5  0.0111622268
5 6 2 5  -0.0013601133
5 6 4 5  -0.0112744778
5 6 6 5  0.0712582930
5 7 1 5  0.0111622268
5 7 3 5  -0.0013601133
5 7 5 5  -0.0112744778
5 7 7 5  0.0712582930
5 8 8 5  0.0666716535
5 9 9 5  0.0666716535
5 10 10 5  0.0666716535
5 11 11 5  0.0666716535
5 0 0 7  0.0036064512
5 0 2 7  -0.0000336334
5 0 4 7  -0.0004718953
5 0 6 7  -0.0015747515
5 1 1 7  0.0036064512
5 1 3 7  -0.0000336334
5 1 5 7  -0.0004718953
5 1 7 7  -0.0015747515
5 2 0 7  -0.0000336334
5 2 2 7  0.0013601133
5 2 4 7  -0.0000018813
5 2 6 7  -0.0000251358
5 3 1 7  -0.0000336334
5 3 3 7  0.0013601133
5 3 5 7  -0.0000018813
5 3 7 7  -0.0000251358
5 4 0 7  -0.0004718953
5 4 2 7  -0.0000018813
5 4 4 7  -0.0112744778
5 4 6 7  0.0005805176
5 5 1 7  -0.0004718953
5 5 3 7  -0.0000018813
5 5 5 7  -0.0112744778
5 5 7 7  0.0005805176
5 6 0 7  -0.0015747515
5 6 2 7  -0.0000251358
5 6 4 7  0.0005805176
5 6 6 7  0.0040813357
5 7 1 7  -0.0015747515
5 7 3 7  -0.0000251358
5 7 5 7  0.0005805176
5 7 7 7  0.0040813357
5 8 8 7  0.0035118183
5 9 9 7  0.0035118183
5 10 10 7  0.0035118183
5 11 11 7  0.0035118183
5 0 8 9  -0.0015614500
5 1 9 9  -0.0015614500
5 2 8 9  0.0000495608
5 3 9 9  0.0000495608
5 4 8 9  0.0000640144
5 5 9 9  0.0000640144
5 6 8 9  0.0002853618
5 7 9 9  0.0002853618
5 8 0 9  -0.0015614500
5 8 2 9  0.0000495608
5 8 4 9  0.0000640144
5 8 6 9  0.0002853618
5 9 1 9  -0.0015614500
5 9 3 9  0.0000495608
5 9 5 9  0.0000640144
5 9 7 9  0.0002853618
5 0 10 11  -0.0015614500
5 1 11 11  -0.0015614500
5 2 10 11  0.0000495608
5 3 11 11  0.0000495608
5 4 10 11  0.0000640144
5 5 11 11  0.0000640144
5 6 10 11  0.0002853618
5 7 11 11  0.0002853618
5 10 0 11  -0.0015614500
5 10 2 11  0.0000495608
5 10 4 11  0.0000640144
5 10 6 11  0.0002853618
5 11 1 11  -0.0015614500
5 11 3 11  0.0000495608
5 11 5 11  0.0000640144
5 11 7 11  0.0002853618
6 0 2 0  -0.0015223231
6 0 4 0  0.0015223231
6 0 6 0  0.0432979906
6 1 3 0  -0.0015223231
6 1 5 0  0.0015223231
6 1 7 0  0.0432979906
6 2 0 0  -0.0015223231
6 2 2 0  -0.0111622268
6 2 6 0  -0.0015747515
6 3 1 0  -0.0015223231
6 3 3 0  -0.0111622268
6 3 7 0  -0.0015747515
6 4 0 0  0.0015223231
6 4 4 0  0.0111622268
6 4 6 0  -0.0015747515
6 5 1 0  0.0015223231
6 5 5 0  0.0111622268
6 5 7 0  -0.0015747515
6 6 0 0  0.0432979906
6 6 2 0  -0.0015747515
6 6 4 0  -0.0015747515
6 7 1 0  0.0432979906
6 7 3 0  -0.0015747515
6 7 5 0  -0.0015747515
6 0 0 2  -0.0036064512
6 0 2 2  0.0004718953
6 0 4 2  0.0000336334
6 0 6 2  -0.0015747515
6 1 1 2  -0.0036064512
6 1 3 2  0.0004718953
6 1 5 2  0.0000336334
6 1 7 2  -0.0015747515
6 2 0 2  0.0004718953
6 2 2 2  0.0112744778
6 2 4 2  0.0000018813
6 2 6 2  0.0005805176
6 3 1 2  0.0004718953
6 3 3 2  0.0112744778
6 3 5 2  0.0000018813
6 3 7 2  0.0005805176
6 4 0 2  0.0000336334
6 4 2 2  0.0000018813
6 4 4 2  -0.0013601133
6 4 6 2  -0.0000251358
6 5 1 2  0.0000336334
6 5 3 2  0.0000018813
6 5 5 2  -0.0013601133
6 5 7 2  -0.0000251358
6 6 0 2  -0.0015747515
6 6 2 2  0.0005805176
6 6 4 2  -0.0000251358
6 6 6 2  -0.0040813357
6 7 1 2  -0.0015747515
6 7 3 2  0.0005805176
6 7 5 2  -0.0000251358
6 7 7 2  -0.0040813357
6 8 8 2  -0.0035118183
6 9 9 2  -0.0035118183
6 10 10 2  -0.0035118183
6 11 11 2  -0.0035118183
6 0 0 4  0.0036064512
6 0 2 4  -0.0000336334
6 0 4 4  -0.0004718953
6 0 6 4  -0.0015747515
6 1 1 4  0.0036064512
6 1 3 4  -0.0000336334
6 1 5 4  -0.0004718953
6 1 7 4  -0.0015747515
6 2 0 4  -0.0000336334
6 2 2 4  0.0013601133
6 2 4 4  -0.0000018813
6 2 6 4  -0.0000251358
6 3 1 4  -0.0000336334
6 3 3 4  0.0013601133
6 3 5 4  -0.0000018813
6 3 7 4  -0.0000251358
6 4 0 4  -0.0004718953
6 4 2 4  -0.0000018813
6 4 4 4  -0.0112744778
6 4 6 4  0.0005805176
6 5 1 4  -0.0004718953
6 5 3 4  -0.0000018813
6 5 5 4  -0.0112744778
6 5 7 4  0.0005805176
6 6 0 4  -0.0015747515
6 6 2 4  -0.0000251358
6 6 4 4  0.0005805176
6 6 6 4  0.0040813357
6 7 1 4  -0.0015747515
6 7 3 4  -0.0000251358
6 7 5 4  0.0005805176
6 7 7 4  0.0040813357
6 8 8 4  0.0035118183
6 9 9 4  0.0035118183
6 10 10 4  0.0035118183
6 11 11 4  0.0035118183
6 0 0 6  0.2043995748
6 0 2 6  -0.0044542162
6 0 4 6  -0.0044542162
6 1 1 6  0.2043995748
6 1 3 6  -0.0044542162
6 1 5 6  -0.0044542162
6 2 0 6  -0.0044542162
6 2 2 6  0.0712582930
6 2 4 6  0.0000424961
6 2 6 6  -0.0040813357
6 3 1 6  -0.0044542162
6 3 3 6  0.0712582930
6 3 5 6  0.0000424961
6 3 7 6  -0.0040813357
6 4 0 6  -0.0044542162
6 4 2 6  0.0000424961
6 4 4 6  0.0712582930
6 4 6 6  0.0040813357
6 5 1 6  -0.0044542162
6 5 3 6  0.0000424961
6 5 5 6  0.0712582930
6 5 7 6  0.0040813357
6 6 2 6  -0.0040813357
6 6 4 6  0.0040813357
6 6 6 6  0.2246913938
6 7 3 6  -0.0040813357
6 7 5 6  0.0040813357
6 7 7 6  0.2246913938
6 8 8 6  0.2005859105
6 9 9 6  0.2005859105
6 10 10 6  0.2005859105
6 11 11 6  0.2005859105
6 2 8 8  -0.0002853618
6 3 9 8  -0.0002853618
6 4 8 8  0.0002853618
6 5 9 8  0.0002853618
6 6 8 8  0.0121218420
6 7 9 8  0.0121218420
6 8 2 8  -0.0002853618
6 8 4 8  0.0002853618
6 8 6 8  0.0121218420
6 9 3 8  -0.0002853618
6 9 5 8  0.0002853618
6 9 7 8  0.0121218420
6 2 10 10  -0.0002853618
6 3 11 10  -0.0002853618
6 4 10 10  0.0002853618
6 5 11 10  0.0002853618
6 6 10 10  0.0121218420
6 7 11 10  0.0121218420
6 10 2 10  -0.0002853618
6 10 4 10  0.0002853618
6 10 6 10  0.0121218420
6 11 3 10  -0.0002853618
6 11 5 10  0.0002853618
6 11 7 10  0.0121218420
7 0 2 1  -0.0015223231
7 0 4 1  0.0015223231
7 0 6 1  0.0432979906
7 1 3 1  -0.0015223231
7 1 5 1  0.0015223231
7 1 7 1  0.0432979906
7 2 0 1  -0.0015223231
7 2 2 1  -0.0111622268
7 2 6 1  -0.0015747515
7 3 1 1  -0.0015223231
7 3 3 1  -0.0111622268
7 3 7 1  -0.0015747515
7 4 0 1  0.0015223231
7 4 4 1  0.0111622268
7 4 6 1  -0.0015747515
7 5 1 1  0.0015223231
7 5 5 1  0.0111622268
7 5 7 1  -0.0015747515
7 6 0 1  0.0432979906
7 6 2 1  -0.0015747515
7 6 4 1  -0.0015747515
7 7 1 1  0.0432979906
7 7 3 1  -0.0015747515
7 7 5 1  -0.0015747515
7 0 0 3  -0.0036064512
7 0 2 3  0.0004718953
7 0 4 3  0.0000336334
7 0 6 3  -0.0015747515
7 1 1 3  -0.0036064512
7 1 3 3  0.0004718953
7 1 5 3  0.0000336334
7 1 7 3  -0.0015747515
7 2 0 3  0.0004718953
7 2 2 3  0.0112744778
7 2 4 3  0.0000018813
7 2 6 3  0.0005805176
7 3 1 3  0.0004718953
7 3 3 3  0.0112744778
7 3 5 3  0.0000018813
7 3 7 3  0.0005805176
7 4 0 3  0.0000336334
7 4 2 3  0.0000018813
7 4 4 3  -0.0013601133
7 4 6 3  -0.0000251358
7 5 1 3  0.0000336334
7 5 3 3  0.0000018813
7 5 5 3  -0.0013601133
7 5 7 3  -0.0000251358
7 6 0 3  -0.0015747515
7 6 2 3  0.0005805176
7 6 4 3  -0.0000251358
7 6 6 3  -0.0040813357
7 7 1 3  -0.0015747515
7 7 3 3  0.0005805176
7 7 5 3  -0.0000251358
7 7 7 3  -0.0040813357
7 8 8 3  -0.0035118183
7 9 9 3  -0.0035118183
7 10 10 3  -0.0035118183
7 11 11 3  -0.0035118183
7 0 0 5  0.0036064512
7 0 2 5  -0.0000336334
7 0 4 5  -0.0004718953
7 0 6 5  -0.0015747515
7 1 1 5  0.0036064512
7 1 3 5  -0.0000336334
7 1 5 5  -0.0004718953
7 1 7 5  -0.0015747515
7 2 0 5  -0.0000336334
7 2 2 5  0.0013601133
7 2 4 5  -0.0000018813
7 2 6 5  -0.0000251358
7 3 1 5  -0.0000336334
7 3 3 5  0.0013601133
7 3 5 5  -0.0000018813
7 3 7 5  -0.0000251358
7 4 0 5  -0.0004718953
7 4 2 5  -0.0000018813
7 4 4 5  -0.0112744778
7 4 6 5  0.0005805176
7 5 1 5  -0.0004718953
7 5 3 5  -0.0000018813
7 5 5 5  -0.0112744778
7 5 7 5  0.0005805176
7 6 0 5  -0.0015747515
7 6 2 5  -0.0000251358
7 6 4 5  0.0005805176
7 6 6 5  0.0040813357
7 7 1 5  -0.0015747515
7 7 3 5  -0.0000251358
7 7 5 5  0.0005805176
7 7 7 5  0.0040813357
7 8 8 5  0.0035118183
7 9 9 5  0.0035118183
7 10 10 5  0.0035118183
7 11 11 5  0.0035118183
7 0 0 7  0.2043995748
7 0 2 7  -0.0044542162
7 0 4 7  -0.0044542162
7 1 1 7  0.2043995748
7 1 3 7  -0.0044542162
7 1 5 7  -0.0044542162
7 2 0 7  -0.0044542162
7 2 2 7  0.0712582930
7 2 4 7  0.0000424961
7 2 6 7  -0.0040813357
7 3 1 7  -0.0044542162
7 3 3 7  0.0712582930
7 3 5 7  0.0000424961
7 3 7 7  -0.0040813357
7 4 0 7  -0.0044542162
7 4 2 7  0.0000424961
7 4 4 7  0.0712582930
7 4 6 7  0.0040813357
7 5 1 7  -0.0044542162
7 5 3 7  0.0000424961
7 5 5 7  0.0712582930
7 5 7 7  0.0040813357
7 6 2 7  -0.0040813357
7 6 4 7  0.0040813357
7 6 6 7  0.2246913938
7 7 3 7  -0.0040813357
7 7 5 7  0.0040813357
7 7 7 7  0.2246913938
7 8 8 7  0.2005859105
7 9 9 7  0.2005859105
7 10 10 7  0.2005859105
7 11 11 7  0.2005859105
7 2 8 9  -0.0002853618
7 3 9 9  -0.0002853618
7 4 8 9  0.0002853618
7 5 9 9  0.0002853618
7 6 8 9  0.0121218420
7 7 9 9  0.0121218420
7 8 2 9  -0.0002853618
7 8 4 9  0.0002853618
7 8 6 9  0.0121218420
7 9 3 9  -0.0002853618
7 9 5 9  0.0002853618
7 9 7 9  0.0121218420
7 2 10 11  -0.0002853618
7 3 11 11  -0.0002853618
7 4 10 11  0.0002853618
7 5 11 11  0.0002853618
7 6 10 11  0.0121218420
7 7 11 11  0.0121218420
7 10 2 11  -0.0002853618
7 10 4 11  0.0002853618
7 10 6 11  0.0121218420
7 11 3 11  -0.0002853618
7 11 5 11  0.0002853618
7 11 7 11  0.0121218420
8 0 8 0  0.0433511231
8 1 9 0  0.0433511231
8 2 8 0  -0.0015614500
8 3 9 0  -0.0015614500
8 4 8 0  -0.0015614500
8 5 9 0  -0.0015614500
8 8 0 0  0.0433511231
8 8 2 0  -0.0015614500
8 8 4 0  -0.0015614500
8 9 1 0  0.0433511231
8 9 3 0  -0.0015614500
8 9 5 0  -0.0015614500
8 0 8 2  -0.0015614500
8 1 9 2  -0.0015614500
8 2 8 2  0.0000640144
8 3 9 2  0.0000640144
8 4 8 2  0.0000495608
8 5 9 2  0.0000495608
8 6 8 2  -0.0002853618
8 7 9 2  -0.0002853618
8 8 0 2  -0.0015614500
8 8 2 2  0.0000640144
8 8 4 2  0.0000495608
8 8 6 2  -0.0002853618
8 9 1 2  -0.0015614500
8 9 3 2  0.0000640144
8 9 5 2  0.0000495608
8 9 7 2  -0.0002853618
8 0 8 4  -0.0015614500
8 1 9 4  -0.0015614500
8 2 8 4  0.0000495608
8 3 9 4  0.0000495608
8 4 8 4  0.0000640144
8 5 9 4  0.0000640144
8 6 8 4  0.0002853618
8 7 9 4  0.0002853618
8 8 0 4  -0.0015614500
8 8 2 4  0.0000495608
8 8 4 4  0.0000640144
8 8 6 4  0.0002853618
8 9 1 4  -0.0015614500
8 9 3 4  0.0000495608
8 9 5 4  0.0000640144
8 9 7 4  0.0002853618
8 2 8 6  -0.0002853618
8 3 9 6  -0.0002853618
8 4 8 6  0.0002853618
8 5 9 6  0.0002853618
8 6 8 6  0.0121218420
8 7 9 6  0.0121218420
8 8 2 6  -0.0002853618
8 8 4 6  0.0002853618
8 8 6 6  0.0121218420
8 9 3 6  -0.0002853618
8 9 5 6  0.0002853618
8 9 7 6  0.0121218420
8 0 0 8  0.2044820420
8 0 2 8  -0.0047227172
8 0 4 8  -0.0047227172
8 1 1 8  0.2044820420
8 1 3 8  -0.0047227172
8 1 5 8  -0.0047227172
8 2 0 8  -0.0047227172
8 2 2 8  0.0666716535
8 2 4 8  0.0000714498
8 2 6 8  -0.0035118183
8 3 1 8  -0.0047227172
8 3 3 8  0.0666716535
8 3 5 8  0.0000714498
8 3 7 8  -0.0035118183
8 4 0 8  -0.0047227172
8 4 2 8  0.0000714498
8 4 4 8  0.0666716535
8 4 6 8  0.0035118183
8 5 1 8  -0.0047227172
8 5 3 8  0.0000714498
8 5 5 8  0.0666716535
8 5 7 8  0.0035118183
8 6 2 8  -0.0035118183
8 6 4 8  0.0035118183
8 6 6 8  0.2005859105
8 7 3 8  -0.0035118183
8 7 5 8  0.0035118183
8 7 7 8  0.2005859105
8 8 8 8  0.2249295457
8 9 9 8  0.2249295457
8 10 10 8  0.2006801628
8 11 11 8  0.2006801628
8 8 10 10  0.0121246913
8 9 11 10  0.0121246913
8 10 8 10  0.0121246913
8 11 9 10  0.0121246913
9 0 8 1  0.0433511231
9 1 9 1  0.0433511231
9 2 8 1  -0.0015614500
9 3 9 1  -0.0015614500
9 4 8 1  -0.0015614500
9 5 9 1  -0.0015614500
9 8 0 1  0.0433511231
9 8 2 1  -0.0015614500
9 8 4 1  -0.0015614500
9 9 1 1  0.0433511231
9 9 3 1  -0.0015614500
9 9 5 1  -0.0015614500
9 0 8 3  -0.0015614500
9 1 9 3  -0.0015614500
9 2 8 3  0.0000640144
9 3 9 3  0.0000640144
9 4 8 3  0.0000495608
9 5 9 3  0.0000495608
9 6 8 3  -0.0002853618
9 7 9 3  -0.0002853618
9 8 0 3  -0.0015614500
9 8 2 3  0.0000640144
9 8 4 3  0.0000495608
9 8 6 3  -0.0002853618
9 9 1 3  -0.0015614500
9 9 3 3  0.0000640144
9 9 5 3  0.0000495608
9 9 7 3  -0.0002853618
9 0 8 5  -0.0015614500
9 1 9 5  -0.0015614500
9 2 8 5  0.0000495608
9 3 9 5  0.0000495608
9 4 8 5  0.0000640144
9 5 9 5  0.0000640144
9 6 8 5  0.0002853618
9 7 9 5  0.0002853618
9 8 0 5  -0.0015614500
9 8 2 5  0.0000495608
9 8 4 5  0.0000640144
9 8 6 5  0.0002853618
9 9 1 5  -0.0015614500
9 9 3 5  0.0000495608
9 9 5 5  0.0000640144
9 9 7 5  0.0002853618
9 2 8 7  -0.0002853618
9 3 9 7  -0.0002853618
9 4 8 7  0.0002853618
9 5 9 7  0.0002853618
9 6 8 7  0.0121218420
9 7 9 7  0.0121218420
9 8 2 7  -0.0002853618
9 8 4 7  0.0002853618
9 8 6 7  0.0121218420
9 9 3 7  -0.0002853618
9 9 5 7  0.0002853618
9 9 7 7  0.0121218420
9 0 0 9  0.2044820420
9 0 2 9  -0.0047227172
9 0 4 9  -0.0047227172
9 1 1 9  0.2044820420
9 1 3 9  -0.0047227172
9 1 5 9  -0.0047227172
9 2 0 9  -0.0047227172
9 2 2 9  0.0666716535
9 2 4 9  0.0000714498
9 2 6 9  -0.0035118183
9 3 1 9  -0.0047227172
9 3 3 9  0.0666716535
9 3 5 9  0.0000714498
9 3 7 9  -0.0035118183
9 4 0 9  -0.0047227172
9 4 2 9  0.0000714498
9 4 4 9  0.0666716535
9 4 6 9  0.0035118183
9 5 1 9  -0.0047227172
9 5 3 9  0.0000714498
9 5 5 9  0.0666716535
9 5 7 9  0.0035118183
9 6 2 9  -0.0035118183
9 6 4 9  0.0035118183
9 6 6 9  0.2005859105
9 7 3 9  -0.0035118183
9 7 5 9  0.0035118183
9 7 7 9  0.2005859105
9 8 8 9  0.2249295457
9 9 9 9  0.2249295457
9 10 10 9  0.2006801628
9 11 11 9  0.2006801628
9 8 10 11  0.0121246913
9 9 11 11  0.0121246913
9 10 8 11  0.0121246913
9 11 9 11  0.0121246913
10 0 10 0  0.0433511231
10 1 11 0  0.0433511231
10 2 10 0  -0.0015614500
10 3 11 0  -0.0015614500
10 4 10 0  -0.0015614500
10 5 11 0  -0.0015614500
10 10 0 0  0.0433511231
10 10 2 0  -0.0015614500
10 10 4 0  -0.0015614500
10 11 1 0  0.0433511231
10 11 3 0  -0.0015614500
10 11 5 0  -0.0015614500
10 0 10 2  -0.0015614500
10 1 11 2  -0.0015614500
10 2 10 2  0.0000640144
10 3 11 2  0.0000640144
10 4 10 2  0.0000495608
10 5 11 2  0.0000495608
10 6 10 2  -0.0002853618
10 7 11 2  -0.0002853618
10 10 0 2  -0.0015614500
10 10 2 2  0.0000640144
10 10 4 2  0.0000495608
10 10 6 2  -0.0002853618
10 11 1 2  -0.0015614500
10 11 3 2  0.0000640144
10 11 5 2  0.0000495608
10 11 7 2  -0.0002853618
10 0 10 4  -0.0015614500
10 1 11 4  -0.0015614500
10 2 10 4  0.0000495608
10 3 11 4  0.0000495608
10 4 10 4  0.0000640144
10 5 11 4  0.0000640144
10 6 10 4  0.0002853618
10 7 11 4  0.0002853618
10 10 0 4  -0.0015614500
10 10 2 4  0.0000495608
10 10 4 4  0.0000640144
10 10 6 4  0.0002853618
10 11 1 4  -0.0015614500
10 11 3 4  0.0000495608
10 11 5 4  0.0000640144
10 11 7 4  0.0002853618
10 2 10 6  -0.0002853618
10 3 11 6  -0.0002853618
10 4 10 6  0.0002853618
10 5 11 6  0.0002853618
10 6 10 6  0.0121218420
10 7 11 6  0.0121218420
10 10 2 6  -0.0002853618
10 10 4 6  0.0002853618
10 10 6 6  0.0121218420
10 11 3 6  -0.0002853618
10 11 5 6  0.0002853618
10 11 7 6  0.0121218420
10 8 10 8  0.0121246913
10 9 11 8  0.0121246913
10 10 8 8  0.0121246913
10 11 9 8  0.0121246913
10 0 0 10  0.2044820420
10 0 2 10  -0.0047227172
10 0 4 10  -0.0047227172
10 1 1 10  0.2044820420
10 1 3 10  -0.0047227172
10 1 5 10  -0.0047227172
10 2 0 10  -0.0047227172
10 2 2 10  0.0666716535
10 2 4 10  0.0000714498
10 2 6 10  -0.0035118183
10 3 1 10  -0.0047227172
10 3 3 10  0.0666716535
10 3 5 10  0.0000714498
10 3 7 10  -0.0035118183
10 4 0 10  -0.0047227172
10 4 2 10  0.0000714498
10 4 4 10  0.0666716535
10 4 6 10  0.0035118183
10 5 1 10  -0.0047227172
10 5 3 10  0.0000714498
10 5 5 10  0.0666716535
10 5 7 10  0.0035118183
10 6 2 10  -0.0035118183
10 6 4 10  0.0035118183
10 6 6 10  0.2005859105
10 7 3 10  -0.0035118183
10 7 5 10  0.0035118183
10 7 7 10  0.2005859105
10 8 8 10  0.2006801628
10 9 9 10  0.2006801628
10 10 10 10  0.2249295457
10 11 11 10  0.2249295457
11 0 10 1  0.0433511231
11 1 11 1  0.0433511231
11 2 10 1  -0.0015614500
11 3 11 1  -0.0015614500
11 4 10 1  -0.0015614500
11 5 11 1  -0.0015614500
11 10 0 1  0.0433511231
11 10 2 1  -0.0015614500
11 10 4 1  -0.0015614500
11 11 1 1  0.0433511231
11 11 3 1  -0.0015614500
11 11 5 1  -0.0015614500
11 0 10 3  -0.0015614500
11 1 11 3  -0.0015614500
11 2 10 3  0.0000640144
11 3 11 3  0.0000640144
11 4 10 3  0.0000495608
11 5 11 3  0.0000495608
11 6 10 3  -0.0002853618
11 7 11 3  -0.0002853618
11 10 0 3  -0.0015614500
11 10 2 3  0.0000640144
11 10 4 3  0.0000495608
11 10 6 3  -0.0002853618
11 11 1 3  -0.0015614500
11 11 3 3  0.0000640144
11 11 5 3  0.0000495608
11 11 7 3  -0.0002853618
11 0 10 5  -0.0015614500
11 1 11 5  -0.0015614500
11 2 10 5  0.0000495608
11 3 11 5  0.0000495608
11 4 10 5  0.0000640144
11 5 11 5  0.0000640144
11 6 10 5  0.0002853618
11 7 11 5  0.0002853618
11 10 0 5  -0.0015614500
11 10 2 5  0.0000495608
11 10 4 5  0.0000640144
11 10 6 5  0.0002853618
11 11 1 5  -0.0015614500
11 11 3 5  0.0000495608
11 11 5 5  0.0000640144
11 11 7 5  0.0002853618
11 2 10 7  -0.0002853618
11 3 11 7  -0.0002853618
11 4 10 7  0.0002853618
11 5 11 7  0.0002853618
11 6 10 7  0.0121218420
11 7 11 7  0.0121218420
11 10 2 7  -0.0002853618
11 10 4 7  0.0002853618
11 10 6 7  0.0121218420
11 11 3 7  -0.0002853618
11 11 5 7  0.0002853618
11 11 7 7  0.0121218420
11 8 10 9  0.0121246913
11 9 11 9  0.0121246913
11 10 8 9  0.0121246913
11 11 9 9  0.0121246913
11 0 0 11  0.2044820420
11 0 2 11  -0.0047227172
11 0 4 11  -0.0047227172
11 1 1 11  0.2044820420
11 1 3 11  -0.0047227172
11 1 5 11  -0.0047227172
11 2 0 11  -0.0047227172
11 2 2 11  0.0666716535
11 2 4 11  0.0000714498
11 2 6 11  -0.0035118183
11 3 1 11  -0.0047227172
11 3 3 11  0.0666716535
11 3 5 11  0.0000714498
11 3 7 11  -0.0035118183
11 4 0 11  -0.0047227172
11 4 2 11  0.0000714498
11 4 4 11  0.0666716535
11 4 6 11  0.0035118183
11 5 1 11  -0.0047227172
11 5 3 11  0.0000714498
11 5 5 11  0.0666716535
11 5 7 11  0.0035118183
11 6 2 11  -0.0035118183
11 6 4 11  0.0035118183
11 6 6 11  0.2005859105
11 7 3 11  -0.0035118183
11 7 5 11  0.0035118183
11 7 7 11  0.2005859105
11 8 8 11  0.2006801628
11 9 9 11  0.2006801628
11 10 10 11  0.2249295457
11 11 11 11  0.2249295457
