-12.671604221377649
0 0  -1.0031348640
0 2  -0.0049492967
0 4  -0.0049492967
1 1  -1.0031348640
1 3  -0.0049492967
1 5  -0.0049492967
2 0  -0.0049492967
2 2  -0.8938213245
2 4  0.0079632844
2 6  -0.0255352207
3 1  -0.0049492967
3 3  -0.8938213245
3 5  0.0079632844
3 7  -0.0255352207
4 0  -0.0049492967
4 2  0.0079632844
4 4  -0.8938213245
4 6  0.0255352207
5 1  -0.0049492967
5 3  0.0079632844
5 5  -0.8938213245
5 7  0.0255352207
6 2  -0.0255352207
6 4  0.0255352207
6 6  -0.8568817266
7 3  -0.0255352207
7 5  0.0255352207
7 7  -0.8568817266
8 8  -0.8412337946
9 9  -0.8412337946
10 10  -0.8412337946
11 11  -0.8412337946
0 0 0 0  0.1954543841
0 0 2 0  -0.0136117679
0 0 4 0  -0.0136117679
0 1 1 0  0.1954543841
0 1 3 0  -0.0136117679
0 1 5 0  -0.0136117679
0 2 0 0  -0.0136117679
0 2 2 0  0.0911774725
0 2 4 0  0.0006020961
0 2 6 0  0.0113623257
0 3 1 0  -0.0136117679
0 3 3 0  0.0911774725
0 3 5 0  0.0006020961
0 3 7 0  0.0113623257
0 4 0 0  -0.0136117679
0 4 2 0  0.0006020961
0 4 4 0  0.0911774725
0 4 6 0  -0.0113623257
0 5 1 0  -0.0136117679
0 5 3 0  0.0006020961
0 5 5 0  0.0911774725
0 5 7 0  -0.0113623257
0 6 2 0  0.0113623257
0 6 4 0  -0.0113623257
0 6 6 0  0.2001035186
0 7 3 0  0.0113623257
0 7 5 0  -0.0113623257
0 7 7 0  0.2001035186
0 8 8 0  0.2011777003
0 9 9 0  0.2011777003
0 10 10 0  0.2011777003
0 11 11 0  0.2011777003
0 0 0 2  -0.0136117679
0 0 2 2  0.0065237445
0 0 4 2  0.0002743484
0 0 6 2  0.0059466701
0 1 1 2  -0.0136117679
0 1 3 2  0.0065237445
0 1 5 2  0.0002743484
0 1 7 2  0.0059466701
0 2 0 2  0.0065237445
0 2 2 2  0.0340256084
0 2 4 2  -0.0000910662
0 2 6 2  -0.0061073381
0 3 1 2  0.0065237445
0 3 3 2  0.0340256084
0 3 5 2  -0.0000910662
0 3 7 2  -0.0061073381
0 4 0 2  0.0002743484
0 4 2 2  -0.0000910662
0 4 4 2  -0.0069205917
0 4 6 2  -0.0000143919
0 5 1 2  0.0002743484
0 5 3 2  -0.0000910662
0 5 5 2  -0.0069205917
0 5 7 2  -0.0000143919
0 6 0 2  0.0059466701
0 6 2 2  -0.0061073381
0 6 4 2  -0.0000143919
0 6 6 2  -0.0132053038
0 7 1 2  0.0059466701
0 7 3 2  -0.0061073381
0 7 5 2  -0.0000143919
0 7 7 2  -0.0132053038
0 8 8 2  -0.0152731913
0 9 9 2  -0.0152731913
0 10 10 2  -0.0152731913
0 11 11 2  -0.0152731913
0 0 0 4  -0.0136117679
0 0 2 4  0.0002743484
0 0 4 4  0.0065237445
0 0 6 4  -0.0059466701
0 1 1 4  -0.0136117679
0 1 3 4  0.0002743484
0 1 5 4  0.0065237445
0 1 7 4  -0.0059466701
0 2 0 4  0.0002743484
0 2 2 4  -0.0069205917
0 2 4 4  -0.0000910662
0 2 6 4  0.0000143919
0 3 1 4  0.0002743484
0 3 3 4  -0.0069205917
0 3 5 4  -0.0000910662
0 3 7 4  0.0000143919
0 4 0 4  0.0065237445
0 4 2 4  -0.0000910662
0 4 4 4  0.0340256084
0 4 6 4  0.0061073381
0 5 1 4  0.0065237445
0 5 3 4  -0.0000910662
0 5 5 4  0.0340256084
0 5 7 4  0.0061073381
0 6 0 4  -0.0059466701
0 6 2 4  0.0000143919
0 6 4 4  0.0061073381
0 6 6 4  -0.0132053038
0 7 1 4  -0.0059466701
0 7 3 4  0.0000143919
0 7 5 4  0.0061073381
0 7 7 4  -0.0132053038
0 8 8 4  -0.0152731913
0 9 9 4  -0.0152731913
0 10 10 4  -0.0152731913
0 11 11 4  -0.0152731913
0 0 2 6  0.0059466701
0 0 4 6  -0.0059466701
0 0 6 6  0.0409600777
0 1 3 6  0.0059466701
0 1 5 6  -0.0059466701
0 1 7 6  0.0409600777
0 2 0 6  0.0059466701
0 2 2 6  0.0116849621
0 2 6 6  -0.0056292009
0 3 1 6  0.0059466701
0 3 3 6  0.0116849621
0 3 7 6  -0.0056292009
0 4 0 6  -0.0059466701
0 4 4 6  -0.0116849621
0 4 6 6  -0.0056292009
0 5 1 6  -0.0059466701
0 5 5 6  -0.0116849621
0 5 7 6  -0.0056292009
0 6 0 6  0.0409600777
0 6 2 6  -0.0056292009
0 6 4 6  -0.0056292009
0 7 1 6  0.0409600777
0 7 3 6  -0.0056292009
0 7 5 6  -0.0056292009
0 0 8 8  0.0420725361
0 1 9 8  0.0420725361
0 2 8 8  -0.0056834807
0 3 9 8  -0.0056834807
0 4 8 8  -0.0056834807
0 5 9 8  -0.0056834807
0 8 0 8  0.0420725361
0 8 2 8  -0.0056834807
0 8 4 8  -0.0056834807
0 9 1 8  0.0420725361
0 9 3 8  -0.0056834807
0 9 5 8  -0.0056834807
0 0 10 10  0.0420725361
0 1 11 10  0.0420725361
0 2 10 10  -0.0056834807
0 3 11 10  -0.0056834807
0 4 10 10  -0.0056834807
0 5 11 10  -0.0056834807
0 10 0 10  0.0420725361
0 10 2 10  -0.0056834807
0 10 4 10  -0.0056834807
0 11 1 10  0.0420725361
0 11 3 10  -0.0056834807
0 11 5 10  -0.0056834807
1 0 0 1  0.1954543841
1 0 2 1  -0.0136117679
1 0 4 1  -0.0136117679
1 1 1 1  0.1954543841
1 1 3 1  -0.0136117679
1 1 5 1  -0.0136117679
1 2 0 1  -0.0136117679
1 2 2 1  0.0911774725
1 2 4 1  0.0006020961
1 2 6 1  0.0113623257
1 3 1 1  -0.0136117679
1 3 3 1  0.0911774725
1 3 5 1  0.0006020961
1 3 7 1  0.0113623257
1 4 0 1  -0.0136117679
1 4 2 1  0.0006020961
1 4 4 1  0.0911774725
1 4 6 1  -0.0113623257
1 5 1 1  -0.0136117679
1 5 3 1  0.0006020961
1 5 5 1  0.0911774725
1 5 7 1  -0.0113623257
1 6 2 1  0.0113623257
1 6 4 1  -0.0113623257
1 6 6 1  0.2001035186
1 7 3 1  0.0113623257
1 7 5 1  -0.0113623257
1 7 7 1  0.2001035186
1 8 8 1  0.2011777003
1 9 9 1  0.2011777003
1 10 10 1  0.2011777003
1 11 11 1  0.2011777003
1 0 0 3  -0.0136117679
1 0 2 3  0.0065237445
1 0 4 3  0.0002743484
1 0 6 3  0.0059466701
1 1 1 3  -0.0136117679
1 1 3 3  0.0065237445
1 1 5 3  0.0002743484
1 1 7 3  0.0059466701
1 2 0 3  0.0065237445
1 2 2 3  0.0340256084
1 2 4 3  -0.0000910662
1 2 6 3  -0.0061073381
1 3 1 3  0.0065237445
1 3 3 3  0.0340256084
1 3 5 3  -0.0000910662
1 3 7 3  -0.0061073381
1 4 0 3  0.0002743484
1 4 2 3  -0.0000910662
1 4 4 3  -0.0069205917
1 4 6 3  -0.0000143919
1 5 1 3  0.0002743484
1 5 3 3  -0.0000910662
1 5 5 3  -0.0069205917
1 5 7 3  -0.0000143919
1 6 0 3  0.0059466701
1 6 2 3  -0.0061073381
1 6 4 3  -0.0000143919
1 6 6 3  -0.0132053038
1 7 1 3  0.0059466701
1 7 3 3  -0.0061073381
1 7 5 3  -0.0000143919
1 7 7 3  -0.0132053038
1 8 8 3  -0.0152731913
1 9 9 3  -0.0152731913
1 10 10 3  -0.0152731913
1 11 11 3  -0.0152731913
1 0 0 5  -0.0136117679
1 0 2 5  0.0002743484
1 0 4 5  0.0065237445
1 0 6 5  -0.0059466701
1 1 1 5  -0.0136117679
1 1 3 5  0.0002743484
1 1 5 5  0.0065237445
1 1 7 5  -0.0059466701
1 2 0 5  0.0002743484
1 2 2 5  -0.0069205917
1 2 4 5  -0.0000910662
1 2 6 5  0.0000143919
1 3 1 5  0.0002743484
1 3 3 5  -0.0069205917
1 3 5 5  -0.0000910662
1 3 7 5  0.0000143919
1 4 0 5  0.0065237445
1 4 2 5  -0.0000910662
1 4 4 5  0.0340256084
1 4 6 5  0.0061073381
1 5 1 5  0.0065237445
1 5 3 5  -0.0000910662
1 5 5 5  0.0340256084
1 5 7 5  0.0061073381
1 6 0 5  -0.0059466701
1 6 2 5  0.0000143919
1 6 4 5  0.0061073381
1 6 6 5  -0.0132053038
1 7 1 5  -0.0059466701
1 7 3 5  0.0000143919
1 7 5 5  0.0061073381
1 7 7 5  -0.0132053038
1 8 8 5  -0.0152731913
1 9 9 5  -0.0152731913
1 10 10 5  -0.0152731913
1 11 11 5  -0.0152731913
1 0 2 7  0.0059466701
1 0 4 7  -0.0059466701
1 0 6 7  0.0409600777
1 1 3 7  0.0059466701
1 1 5 7  -0.0059466701
1 1 7 7  0.0409600777
1 2 0 7  0.0059466701
1 2 2 7  0.0116849621
1 2 6 7  -0.0056292009
1 3 1 7  0.0059466701
1 3 3 7  0.0116849621
1 3 7 7  -0.0056292009
1 4 0 7  -0.0059466701
1 4 4 7  -0.0116849621
1 4 6 7  -0.0056292009
1 5 1 7  -0.0059466701
1 5 5 7  -0.0116849621
1 5 7 7  -0.0056292009
1 6 0 7  0.0409600777
1 6 2 7  -0.0056292009
1 6 4 7  -0.0056292009
1 7 1 7  0.0409600777
1 7 3 7  -0.0056292009
1 7 5 7  -0.0056292009
1 0 8 9  0.0420725361
1 1 9 9  0.0420725361
1 2 8 9  -0.0056834807
1 3 9 9  -0.0056834807
1 4 8 9  -0.0056834807
1 5 9 9  -0.0056834807
1 8 0 9  0.0420725361
1 8 2 9  -0.0056834807
1 8 4 9  -0.0056834807
1 9 1 9  0.0420725361
1 9 3 9  -0.0056834807
1 9 5 9  -0.0056834807
1 0 10 11  0.0420725361
1 1 11 11  0.0420725361
1 2 10 11  -0.0056834807
1 3 11 11  -0.0056834807
1 4 10 11  -0.0056834807
1 5 11 11  -0.0056834807
1 10 0 11  0.0420725361
1 10 2 11  -0.0056834807
1 10 4 11  -0.0056834807
1 11 1 11  0.0420725361
1 11 3 11  -0.0056834807
1 11 5 11  -0.0056834807
2 0 0 0  -0.0136117679
2 0 2 0  0.0065237445
2 0 4 0  0.0002743484
2 0 6 0  0.0059466701
2 1 1 0  -0.0136117679
2 1 3 0  0.0065237445
2 1 5 0  0.0002743484
2 1 7 0  0.0059466701
2 2 0 0  0.0065237445
2 2 2 0  0.0340256084
2 2 4 0  -0.0000910662
2 2 6 0  -0.0061073381
2 3 1 0  0.0065237445
2 3 3 0  0.0340256084
2 3 5 0  -0.0000910662
2 3 7 0  -0.0061073381
2 4 0 0  0.0002743484
2 4 2 0  -0.0000910662
2 4 4 0  -0.0069205917
2 4 6 0  -0.0000143919
2 5 1 0  0.0002743484
2 5 3 0  -0.0000910662
2 5 5 0  -0.0069205917
2 5 7 0  -0.0000143919
2 6 0 0  0.0059466701
2 6 2 0  -0.0061073381
2 6 4 0  -0.0000143919
2 6 6 0  -0.0132053038
2 7 1 0  0.0059466701
2 7 3 0  -0.0061073381
2 7 5 0  -0.0000143919
2 7 7 0  -0.0132053038
2 8 8 0  -0.0152731913
2 9 9 0  -0.0152731913
2 10 10 0  -0.0152731913
2 11 11 0  -0.0152731913
2 0 0 2  0.0911774725
2 0 2 2  0.0340256084
2 0 4 2  -0.0069205917
2 0 6 2  0.0116849621
2 1 1 2  0.0911774725
2 1 3 2  0.0340256084
2 1 5 2  -0.0069205917
2 1 7 2  0.0116849621
2 2 0 2  0.0340256084
2 2 2 2  0.3720414530
2 2 4 2  0.0001944811
2 2 6 2  -0.0360841509
2 3 1 2  0.0340256084
2 3 3 2  0.3720414530
2 3 5 2  0.0001944811
2 3 7 2  -0.0360841509
2 4 0 2  -0.0069205917
2 4 2 2  0.0001944811
2 4 4 2  0.0457071730
2 4 6 2  -0.0068312141
2 5 1 2  -0.0069205917
2 5 3 2  0.0001944811
2 5 5 2  0.0457071730
2 5 7 2  -0.0068312141
2 6 0 2  0.0116849621
2 6 2 2  -0.0360841509
2 6 4 2  -0.0068312141
2 6 6 2  0.0972185275
2 7 1 2  0.0116849621
2 7 3 2  -0.0360841509
2 7 5 2  -0.0068312141
2 7 7 2  0.0972185275
2 8 8 2  0.0855766204
2 9 9 2  0.0855766204
2 10 10 2  0.0855766204
2 11 11 2  0.0855766204
2 0 0 4  0.0006020961
2 0 2 4  -0.0000910662
2 0 4 4  -0.0000910662
2 1 1 4  0.0006020961
2 1 3 4  -0.0000910662
2 1 5 4  -0.0000910662
2 2 0 4  -0.0000910662
2 2 2 4  0.0001944811
2 2 4 4  0.0000241626
2 2 6 4  -0.0000348394
2 3 1 4  -0.0000910662
2 3 3 4  0.0001944811
2 3 5 4  0.0000241626
2 3 7 4  -0.0000348394
2 4 0 4  -0.0000910662
2 4 2 4  0.0000241626
2 4 4 4  0.0001944811
2 4 6 4  0.0000348394
2 5 1 4  -0.0000910662
2 5 3 4  0.0000241626
2 5 5 4  0.0001944811
2 5 7 4  0.0000348394
2 6 2 4  -0.0000348394
2 6 4 4  0.0000348394
2 6 6 4  0.0003626809
2 7 3 4  -0.0000348394
2 7 5 4  0.0000348394
2 7 7 4  0.0003626809
2 8 8 4  0.0008120249
2 9 9 4  0.0008120249
2 10 10 4  0.0008120249
2 11 11 4  0.0008120249
2 0 0 6  0.0113623257
2 0 2 6  -0.0061073381
2 0 4 6  0.0000143919
2 0 6 6  -0.0056292009
2 1 1 6  0.0113623257
2 1 3 6  -0.0061073381
2 1 5 6  0.0000143919
2 1 7 6  -0.0056292009
2 2 0 6  -0.0061073381
2 2 2 6  -0.0360841509
2 2 4 6  -0.0000348394
2 2 6 6  0.0067695360
2 3 1 6  -0.0061073381
2 3 3 6  -0.0360841509
2 3 5 6  -0.0000348394
2 3 7 6  0.0067695360
2 4 0 6  0.0000143919
2 4 2 6  -0.0000348394
2 4 4 6  0.0068312141
2 4 6 6  -0.0000077399
2 5 1 6  0.0000143919
2 5 3 6  -0.0000348394
2 5 5 6  0.0068312141
2 5 7 6  -0.0000077399
2 6 0 6  -0.0056292009
2 6 2 6  0.0067695360
2 6 4 6  -0.0000077399
2 6 6 6  0.0129137638
2 7 1 6  -0.0056292009
2 7 3 6  0.0067695360
2 7 5 6  -0.0000077399
2 7 7 6  0.0129137638
2 8 8 6  0.0117364191
2 9 9 6  0.0117364191
2 10 10 6  0.0117364191
2 11 11 6  0.0117364191
2 0 8 8  -0.0056834807
2 1 9 8  -0.0056834807
2 2 8 8  0.0008919433
2 3 9 8  0.0008919433
2 4 8 8  0.0006620088
2 5 9 8  0.0006620088
2 6 8 8  0.0011349478
2 7 9 8  0.0011349478
2 8 0 8  -0.0056834807
2 8 2 8  0.0008919433
2 8 4 8  0.0006620088
2 8 6 8  0.0011349478
2 9 1 8  -0.0056834807
2 9 3 8  0.0008919433
2 9 5 8  0.0006620088
2 9 7 8  0.0011349478
2 0 10 10  -0.0056834807
2 1 11 10  -0.0056834807
2 2 10 10  0.0008919433
2 3 11 10  0.0008919433
2 4 10 10  0.0006620088
2 5 11 10  0.0006620088
2 6 10 10  0.0011349478
2 7 11 10  0.0011349478
2 10 0 10  -0.0056834807
2 10 2 10  0.0008919433
2 10 4 10  0.0006620088
2 10 6 10  0.0011349478
2 11 1 10  -0.0056834807
2 11 3 10  0.0008919433
2 11 5 10  0.0006620088
2 11 7 10  0.0011349478
3 0 0 1  -0.0136117679
3 0 2 1  0.0065237445
3 0 4 1  0.0002743484
3 0 6 1  0.0059466701
3 1 1 1  -0.0136117679
3 1 3 1  0.0065237445
3 1 5 1  0.0002743484
3 1 7 1  0.0059466701
3 2 0 1  0.0065237445
3 2 2 1  0.0340256084
3 2 4 1  -0.0000910662
3 2 6 1  -0.0061073381
3 3 1 1  0.0065237445
3 3 3 1  0.0340256084
3 3 5 1  -0.0000910662
3 3 7 1  -0.0061073381
3 4 0 1  0.0002743484
3 4 2 1  -0.0000910662
3 4 4 1  -0.0069205917
3 4 6 1  -0.0000143919
3 5 1 1  0.0002743484
3 5 3 1  -0.0000910662
3 5 5 1  -0.0069205917
3 5 7 1  -0.0000143919
3 6 0 1  0.0059466701
3 6 2 1  -0.0061073381
3 6 4 1  -0.0000143919
3 6 6 1  -0.0132053038
3 7 1 1  0.0059466701
3 7 3 1  -0.0061073381
3 7 5 1  -0.0000143919
3 7 7 1  -0.0132053038
3 8 8 1  -0.0152731913
3 9 9 1  -0.0152731913
3 10 10 1  -0.0152731913
3 11 11 1  -0.0152731913
3 0 0 3  0.0911774725
3 0 2 3  0.0340256084
3 0 4 3  -0.0069205917
3 0 6 3  0.0116849621
3 1 1 3  0.0911774725
3 1 3 3  0.0340256084
3 1 5 3  -0.0069205917
3 1 7 3  0.0116849621
3 2 0 3  0.0340256084
3 2 2 3  0.3720414530
3 2 4 3  0.0001944811
3 2 6 3  -0.0360841509
3 3 1 3  0.0340256084
3 3 3 3  0.3720414530
3 3 5 3  0.0001944811
3 3 7 3  -0.0360841509
3 4 0 3  -0.0069205917
3 4 2 3  0.0001944811
3 4 4 3  0.0457071730
3 4 6 3  -0.0068312141
3 5 1 3  -0.0069205917
3 5 3 3  0.0001944811
3 5 5 3  0.0457071730
3 5 7 3  -0.0068312141
3 6 0 3  0.0116849621
3 6 2 3  -0.0360841509
3 6 4 3  -0.0068312141
3 6 6 3  0.0972185275
3 7 1 3  0.0116849621
3 7 3 3  -0.0360841509
3 7 5 3  -0.0068312141
3 7 7 3  0.0972185275
3 8 8 3  0.0855766204
3 9 9 3  0.0855766204
3 10 10 3  0.0855766204
3 11 11 3  0.0855766204
3 0 0 5  0.0006020961
3 0 2 5  -0.0000910662
3 0 4 5  -0.0000910662
3 1 1 5  0.0006020961
3 1 3 5  -0.0000910662
3 1 5 5  -0.0000910662
3 2 0 5  -0.0000910662
3 2 2 5  0.0001944811
3 2 4 5  0.0000241626
3 2 6 5  -0.0000348394
3 3 1 5  -0.0000910662
3 3 3 5  0.0001944811
3 3 5 5  0.0000241626
3 3 7 5  -0.0000348394
3 4 0 5  -0.0000910662
3 4 2 5  0.0000241626
3 4 4 5  0.0001944811
3 4 6 5  0.0000348394
3 5 1 5  -0.0000910662
3 5 3 5  0.0000241626
3 5 5 5  0.0001944811
3 5 7 5  0.0000348394
3 6 2 5  -0.0000348394
3 6 4 5  0.0000348394
3 6 6 5  0.0003626809
3 7 3 5  -0.0000348394
3 7 5 5  0.0000348394
3 7 7 5  0.0003626809
3 8 8 5  0.0008120249
3 9 9 5  0.0008120249
3 10 10 5  0.0008120249
3 11 11 5  0.0008120249
3 0 0 7  0.0113623257
3 0 2 7  -0.0061073381
3 0 4 7  0.0000143919
3 0 6 7  -0.0056292009
3 1 1 7  0.0113623257
3 1 3 7  -0.0061073381
3 1 5 7  0.0000143919
3 1 7 7  -0.0056292009
3 2 0 7  -0.0061073381
3 2 2 7  -0.0360841509
3 2 4 7  -0.0000348394
3 2 6 7  0.0067695360
3 3 1 7  -0.0061073381
3 3 3 7  -0.0360841509
3 3 5 7  -0.0000348394
3 3 7 7  0.0067695360
3 4 0 7  0.0000143919
3 4 2 7  -0.0000348394
3 4 4 7  0.0068312141
3 4 6 7  -0.0000077399
3 5 1 7  0.0000143919
3 5 3 7  -0.0000348394
3 5 5 7  0.0068312141
3 5 7 7  -0.0000077399
3 6 0 7  -0.0056292009
3 6 2 7  0.0067695360
3 6 4 7  -0.0000077399
3 6 6 7  0.0129137638
3 7 1 7  -0.0056292009
3 7 3 7  0.0067695360
3 7 5 7  -0.0000077399
3 7 7 7  0.0129137638
3 8 8 7  0.0117364191
3 9 9 7  0.0117364191
3 10 10 7  0.0117364191
3 11 11 7  0.0117364191
3 0 8 9  -0.0056834807
3 1 9 9  -0.0056834807
3 2 8 9  0.0008919433
3 3 9 9  0.0008919433
3 4 8 9  0.0006620088
3 5 9 9  0.0006620088
3 6 8 9  0.0011349478
3 7 9 9  0.0011349478
3 8 0 9  -0.0056834807
3 8 2 9  0.0008919433
3 8 4 9  0.0006620088
3 8 6 9  0.0011349478
3 9 1 9  -0.0056834807
3 9 3 9  0.0008919433
3 9 5 9  0.0006620088
3 9 7 9  0.0011349478
3 0 10 11  -0.0056834807
3 1 11 11  -0.0056834807
3 2 10 11  0.0008919433
3 3 11 11  0.0008919433
3 4 10 11  0.0006620088
3 5 11 11  0.0006620088
3 6 10 11  0.0011349478
3 7 11 11  0.0011349478
3 10 0 11  -0.0056834807
3 10 2 11  0.0008919433
3 10 4 11  0.0006620088
3 10 6 11  0.0011349478
3 11 1 11  -0.0056834807
3 11 3 11  0.0008919433
3 11 5 11  0.0006620088
3 11 7 11  0.0011349478
4 0 0 0  -0.0136117679
4 0 2 0  0.0002743484
4 0 4 0  0.0065237445
4 0 6 0  -0.0059466701
4 1 1 0  -0.0136117679
4 1 3 0  0.0002743484
4 1 5 0  0.0065237445
4 1 7 0  -0.0059466701
4 2 0 0  0.0002743484
4 2 2 0  -0.0069205917
4 2 4 0  -0.0000910662
4 2 6 0  0.0000143919
4 3 1 0  0.0002743484
4 3 3 0  -0.0069205917
4 3 5 0  -0.0000910662
4 3 7 0  0.0000143919
4 4 0 0  0.0065237445
4 4 2 0  -0.0000910662
4 4 4 0  0.0340256084
4 4 6 0  0.0061073381
4 5 1 0  0.0065237445
4 5 3 0  -0.0000910662
4 5 5 0  0.0340256084
4 5 7 0  0.0061073381
4 6 0 0  -0.0059466701
4 6 2 0  0.0000143919
4 6 4 0  0.0061073381
4 6 6 0  -0.0132053038
4 7 1 0  -0.0059466701
4 7 3 0  0.0000143919
4 7 5 0  0.0061073381
4 7 7 0  -0.0132053038
4 8 8 0  -0.0152731913
4 9 9 0  -0.0152731913
4 10 10 0  -0.0152731913
4 11 11 0  -0.0152731913
4 0 0 2  0.0006020961
4 0 2 2  -0.0000910662
4 0 4 2  -0.0000910662
4 1 1 2  0.0006020961
4 1 3 2  -0.0000910662
4 1 5 2  -0.0000910662
4 2 0 2  -0.0000910662
4 2 2 2  0.0001944811
4 2 4 2  0.0000241626
4 2 6 2  -0.0000348394
4 3 1 2  -0.0000910662
4 3 3 2  0.0001944811
4 3 5 2  0.0000241626
4 3 7 2  -0.0000348394
4 4 0 2  -0.0000910662
4 4 2 2  0.0000241626
4 4 4 2  0.0001944811
4 4 6 2  0.0000348394
4 5 1 2  -0.0000910662
4 5 3 2  0.0000241626
4 5 5 2  0.0001944811
4 5 7 2  0.0000348394
4 6 2 2  -0.0000348394
4 6 4 2  0.0000348394
4 6 6 2  0.0003626809
4 7 3 2  -0.0000348394
4 7 5 2  0.0000348394
4 7 7 2  0.0003626809
4 8 8 2  0.0008120249
4 9 9 2  0.0008120249
4 10 10 2  0.0008120249
4 11 11 2  0.0008120249
4 0 0 4  0.0911774725
4 0 2 4  -0.0069205917
4 0 4 4  0.0340256084
4 0 6 4  -0.0116849621
4 1 1 4  0.0911774725
4 1 3 4  -0.0069205917
4 1 5 4  0.0340256084
4 1 7 4  -0.0116849621
4 2 0 4  -0.0069205917
4 2 2 4  0.0457071730
4 2 4 4  0.0001944811
4 2 6 4  0.0068312141
4 3 1 4  -0.0069205917
4 3 3 4  0.0457071730
4 3 5 4  0.0001944811
4 3 7 4  0.0068312141
4 4 0 4  0.0340256084
4 4 2 4  0.0001944811
4 4 4 4  0.3720414530
4 4 6 4  0.0360841509
4 5 1 4  0.0340256084
4 5 3 4  0.0001944811
4 5 5 4  0.3720414530
4 5 7 4  0.0360841509
4 6 0 4  -0.0116849621
4 6 2 4  0.0068312141
4 6 4 4  0.0360841509
4 6 6 4  0.0972185275
4 7 1 4  -0.0116849621
4 7 3 4  0.0068312141
4 7 5 4  0.0360841509
4 7 7 4  0.0972185275
4 8 8 4  0.0855766204
4 9 9 4  0.0855766204
4 10 10 4  0.0855766204
4 11 11 4  0.0855766204
4 0 0 6  -0.0113623257
4 0 2 6  -0.0000143919
4 0 4 6  0.0061073381
4 0 6 6  -0.0056292009
4 1 1 6  -0.0113623257
4 1 3 6  -0.0000143919
4 1 5 6  0.0061073381
4 1 7 6  -0.0056292009
4 2 0 6  -0.0000143919
4 2 2 6  -0.0068312141
4 2 4 6  0.0000348394
4 2 6 6  -0.0000077399
4 3 1 6  -0.0000143919
4 3 3 6  -0.0068312141
4 3 5 6  0.0000348394
4 3 7 6  -0.0000077399
4 4 0 6  0.0061073381
4 4 2 6  0.0000348394
4 4 4 6  0.0360841509
4 4 6 6  0.0067695360
4 5 1 6  0.0061073381
4 5 3 6  0.0000348394
4 5 5 6  0.0360841509
4 5 7 6  0.0067695360
4 6 0 6  -0.0056292009
4 6 2 6  -0.0000077399
4 6 4 6  0.0067695360
4 6 6 6  -0.0129137638
4 7 1 6  -0.0056292009
4 7 3 6  -0.0000077399
4 7 5 6  0.0067695360
4 7 7 6  -0.0129137638
4 8 8 6  -0.0117364191
4 9 9 6  -0.0117364191
4 10 10 6  -0.0117364191
4 11 11 6  -0.0117364191
4 0 8 8  -0.0056834807
4 1 9 8  -0.0056834807
4 2 8 8  0.0006620088
4 3 9 8  0.0006620088
4 4 8 8  0.0008919433
4 5 9 8  0.0008919433
4 6 8 8  -0.0011349478
4 7 9 8  -0.0011349478
4 8 0 8  -0.0056834807
4 8 2 8  0.0006620088
4 8 4 8  0.0008919433
4 8 6 8  -0.0011349478
4 9 1 8  -0.0056834807
4 9 3 8  0.0006620088
4 9 5 8  0.0008919433
4 9 7 8  -0.0011349478
4 0 10 10  -0.0056834807
4 1 11 10  -0.0056834807
4 2 10 10  0.0006620088
4 3 11 10  0.0006620088
4 4 10 10  0.0008919433
4 5 11 10  0.0008919433
4 6 10 10  -0.0011349478
4 7 11 10  -0.0011349478
4 10 0 10  -0.0056834807
4 10 2 10  0.0006620088
4 10 4 10  0.0008919433
4 10 6 10  -0.0011349478
4 11 1 10  -0.0056834807
4 11 3 10  0.0006620088
4 11 5 10  0.0008919433
4 11 7 10  -0.0011349478
5 0 0 1  -0.0136117679
5 0 2 1  0.0002743484
5 0 4 1  0.0065237445
5 0 6 1  -0.0059466701
5 1 1 1  -0.0136117679
5 1 3 1  0.0002743484
5 1 5 1  0.0065237445
5 1 7 1  -0.0059466701
5 2 0 1  0.0002743484
5 2 2 1  -0.0069205917
5 2 4 1  -0.0000910662
5 2 6 1  0.0000143919
5 3 1 1  0.0002743484
5 3 3 1  -0.0069205917
5 3 5 1  -0.0000910662
5 3 7 1  0.0000143919
5 4 0 1  0.0065237445
5 4 2 1  -0.0000910662
5 4 4 1  0.0340256084
5 4 6 1  0.0061073381
5 5 1 1  0.0065237445
5 5 3 1  -0.0000910662
5 5 5 1  0.0340256084
5 5 7 1  0.0061073381
5 6 0 1  -0.0059466701
5 6 2 1  0.0000143919
5 6 4 1  0.0061073381
5 6 6 1  -0.0132053038
5 7 1 1  -0.0059466701
5 7 3 1  0.0000143919
5 7 5 1  0.0061073381
5 7 7 1  -0.0132053038
5 8 8 1  -0.0152731913
5 9 9 1  -0.0152731913
5 10 10 1  -0.0152731913
5 11 11 1  -0.0152731913
5 0 0 3  0.0006020961
5 0 2 3  -0.0000910662
5 0 4 3  -0.0000910662
5 1 1 3  0.0006020961
5 1 3 3  -0.0000910662
5 1 5 3  -0.0000910662
5 2 0 3  -0.0000910662
5 2 2 3  0.0001944811
5 2 4 3  0.0000241626
5 2 6 3  -0.0000348394
5 3 1 3  -0.0000910662
5 3 3 3  0.0001944811
5 3 5 3  0.0000241626
5 3 7 3  -0.0000348394
5 4 0 3  -0.0000910662
5 4 2 3  0.0000241626
5 4 4 3  0.0001944811
5 4 6 3  0.0000348394
5 5 1 3  -0.0000910662
5 5 3 3  0.0000241626
5 5 5 3  0.0001944811
5 5 7 3  0.0000348394
5 6 2 3  -0.0000348394
5 6 4 3  0.0000348394
5 6 6 3  0.0003626809
5 7 3 3  -0.0000348394
5 7 5 3  0.0000348394
5 7 7 3  0.0003626809
5 8 8 3  0.0008120249
5 9 9 3  0.0008120249
5 10 10 3  0.0008120249
5 11 11 3  0.0008120249
5 0 0 5  0.0911774725
5 0 2 5  -0.0069205917
5 0 4 5  0.0340256084
5 0 6 5  -0.0116849621
5 1 1 5  0.0911774725
5 1 3 5  -0.0069205917
5 1 5 5  0.0340256084
5 1 7 5  -0.0116849621
5 2 0 5  -0.0069205917
5 2 2 5  0.0457071730
5 2 4 5  0.0001944811
5 2 6 5  0.0068312141
5 3 1 5  -0.0069205917
5 3 3 5  0.0457071730
5 3 5 5  0.0001944811
5 3 7 5  0.0068312141
5 4 0 5  0.0340256084
5 4 2 5  0.0001944811
5 4 4 5  0.3720414530
5 4 6 5  0.0360841509
5 5 1 5  0.0340256084
5 5 3 5  0.0001944811
5 5 5 5  0.3720414530
5 5 7 5  0.0360841509
5 6 0 5  -0.0116849621
5 6 2 5  0.0068312141
5 6 4 5  0.0360841509
5 6 6 5  0.0972185275
5 7 1 5  -0.0116849621
5 7 3 5  0.0068312141
5 7 5 5  0.0360841509
5 7 7 5  0.0972185275
5 8 8 5  0.0855766204
5 9 9 5  0.0855766204
5 10 10 5  0.0855766204
5 11 11 5  0.0855766204
5 0 0 7  -0.0113623257
5 0 2 7  -0.0000143919
5 0 4 7  0.0061073381
5 0 6 7  -0.0056292009
5 1 1 7  -0.0113623257
5 1 3 7  -0.0000143919
5 1 5 7  0.0061073381
5 1 7 7  -0.0056292009
5 2 0 7  -0.0000143919
5 2 2 7  -0.0068312141
5 2 4 7  0.0000348394
5 2 6 7  -0.0000077399
5 3 1 7  -0.0000143919
5 3 3 7  -0.0068312141
5 3 5 7  0.0000348394
5 3 7 7  -0.0000077399
5 4 0 7  0.0061073381
5 4 2 7  0.0000348394
5 4 4 7  0.0360841509
5 4 6 7  0.0067695360
5 5 1 7  0.0061073381
5 5 3 7  0.0000348394
5 5 5 7  0.0360841509
5 5 7 7  0.0067695360
5 6 0 7  -0.0056292009
5 6 2 7  -0.0000077399
5 6 4 7  0.0067695360
5 6 6 7  -0.0129137638
5 7 1 7  -0.0056292009
5 7 3 7  -0.0000077399
5 7 5 7  0.0067695360
5 7 7 7  -0.0129137638
5 8 8 7  -0.0117364191
5 9 9 7  -0.0117364191
5 10 10 7  -0.0117364191
5 11 11 7  -0.0117364191
5 0 8 9  -0.0056834807
5 1 9 9  -0.0056834807
5 2 8 9  0.0006620088
5 3 9 9  0.0006620088
5 4 8 9  0.0008919433
5 5 9 9  0.0008919433
5 6 8 9  -0.0011349478
5 7 9 9  -0.0011349478
5 8 0 9  -0.0056834807
5 8 2 9  0.0006620088
5 8 4 9  0.0008919433
5 8 6 9  -0.0011349478
5 9 1 9  -0.0056834807
5 9 3 9  0.0006620088
5 9 5 9  0.0008919433
5 9 7 9  -0.0011349478
5 0 10 11  -0.0056834807
5 1 11 11  -0.0056834807
5 2 10 11  0.0006620088
5 3 11 11  0.0006620088
5 4 10 11  0.0008919433
5 5 11 11  0.0008919433
5 6 10 11  -0.0011349478
5 7 11 11  -0.0011349478
5 10 0 11  -0.0056834807
5 10 2 11  0.0006620088
5 10 4 11  0.0008919433
5 10 6 11  -0.0011349478
5 11 1 11  -0.0056834807
5 11 3 11  0.0006620088
5 11 5 11  0.0008919433
5 11 7 11  -0.0011349478
6 0 2 0  0.0059466701
6 0 4 0  -0.0059466701
6 0 6 0  0.0409600777
6 1 3 0  0.0059466701
6 1 5 0  -0.0059466701
6 1 7 0  0.0409600777
6 2 0 0  0.0059466701
6 2 2 0  0.0116849621
6 2 6 0  -0.0056292009
6 3 1 0  0.0059466701
6 3 3 0  0.0116849621
6 3 7 0  -0.0056292009
6 4 0 0  -0.0059466701
6 4 4 0  -0.0116849621
6 4 6 0  -0.0056292009
6 5 1 0  -0.0059466701
6 5 5 0  -0.0116849621
6 5 7 0  -0.0056292009
6 6 0 0  0.0409600777
6 6 2 0  -0.0056292009
6 6 4 0  -0.0056292009
6 7 1 0  0.0409600777
6 7 3 0  -0.0056292009
6 7 5 0  -0.0056292009
6 0 0 2  0.0113623257
6 0 2 2  -0.0061073381
6 0 4 2  0.0000143919
6 0 6 2  -0.0056292009
6 1 1 2  0.0113623257
6 1 3 2  -0.0061073381
6 1 5 2  0.0000143919
6 1 7 2  -0.0056292009
6 2 0 2  -0.0061073381
6 2 2 2  -0.0360841509
6 2 4 2  -0.0000348394
6 2 6 2  0.0067695360
6 3 1 2  -0.0061073381
6 3 3 2  -0.0360841509
6 3 5 2  -0.0000348394
6 3 7 2  0.0067695360
6 4 0 2  0.0000143919
6 4 2 2  -0.0000348394
6 4 4 2  0.0068312141
6 4 6 2  -0.0000077399
6 5 1 2  0.0000143919
6 5 3 2  -0.0000348394
6 5 5 2  0.0068312141
6 5 7 2  -0.0000077399
6 6 0 2  -0.0056292009
6 6 2 2  0.0067695360
6 6 4 2  -0.0000077399
6 6 6 2  0.0129137638
6 7 1 2  -0.0056292009
6 7 3 2  0.0067695360
6 7 5 2  -0.0000077399
6 7 7 2  0.0129137638
6 8 8 2  0.0117364191
6 9 9 2  0.0117364191
6 10 10 2  0.0117364191
6 11 11 2  0.0117364191
6 0 0 4  -0.0113623257
6 0 2 4  -0.0000143919
6 0 4 4  0.0061073381
6 0 6 4  -0.0056292009
6 1 1 4  -0.0113623257
6 1 3 4  -0.0000143919
6 1 5 4  0.0061073381
6 1 7 4  -0.0056292009
6 2 0 4  -0.0000143919
6 2 2 4  -0.0068312141
6 2 4 4  0.0000348394
6 2 6 4  -0.0000077399
6 3 1 4  -0.0000143919
6 3 3 4  -0.0068312141
6 3 5 4  0.0000348394
6 3 7 4  -0.0000077399
6 4 0 4  0.0061073381
6 4 2 4  0.0000348394
6 4 4 4  0.0360841509
6 4 6 4  0.0067695360
6 5 1 4  0.0061073381
6 5 3 4  0.0000348394
6 5 5 4  0.0360841509
6 5 7 4  0.0067695360
6 6 0 4  -0.0056292009
6 6 2 4  -0.0000077399
6 6 4 4  0.0067695360
6 6 6 4  -0.0129137638
6 7 1 4  -0.0056292009
6 7 3 4  -0.0000077399
6 7 5 4  0.0067695360
6 7 7 4  -0.0129137638
6 8 8 4  -0.0117364191
6 9 9 4  -0.0117364191
6 10 10 4  -0.0117364191
6 11 11 4  -0.0117364191
6 0 0 6  0.2001035186
6 0 2 6  -0.0132053038
6 0 4 6  -0.0132053038
6 1 1 6  0.2001035186
6 1 3 6  -0.0132053038
6 1 5 6  -0.0132053038
6 2 0 6  -0.0132053038
6 2 2 6  0.0972185275
6 2 4 6  0.0003626809
6 2 6 6  0.0129137638
6 3 1 6  -0.0132053038
6 3 3 6  0.0972185275
6 3 5 6  0.0003626809
6 3 7 6  0.0129137638
6 4 0 6  -0.0132053038
6 4 2 6  0.0003626809
6 4 4 6  0.0972185275
6 4 6 6  -0.0129137638
6 5 1 6  -0.0132053038
6 5 3 6  0.0003626809
6 5 5 6  0.0972185275
6 5 7 6  -0.0129137638
6 6 2 6  0.0129137638
6 6 4 6  -0.0129137638
6 6 6 6  0.2213228022
6 7 3 6  0.0129137638
6 7 5 6  -0.0129137638
6 7 7 6  0.2213228022
6 8 8 6  0.1991895941
6 9 9 6  0.1991895941
6 10 10 6  0.1991895941
6 11 11 6  0.1991895941
6 2 8 8  0.0011349478
6 3 9 8  0.0011349478
6 4 8 8  -0.0011349478
6 5 9 8  -0.0011349478
6 6 8 8  0.0120170000
6 7 9 8  0.0120170000
6 8 2 8  0.0011349478
6 8 4 8  -0.0011349478
6 8 6 8  0.0120170000
6 9 3 8  0.0011349478
6 9 5 8  -0.0011349478
6 9 7 8  0.0120170000
6 2 10 10  0.0011349478
6 3 11 10  0.0011349478
6 4 10 10  -0.0011349478
6 5 11 10  -0.0011349478
6 6 10 10  0.0120170000
6 7 11 10  0.0120170000
6 10 2 10  0.0011349478
6 10 4 10  -0.0011349478
6 10 6 10  0.0120170000
6 11 3 10  0.0011349478
6 11 5 10  -0.0011349478
6 11 7 10  0.0120170000
7 0 2 1  0.0059466701
7 0 4 1  -0.0059466701
7 0 6 1  0.0409600777
7 1 3 1  0.0059466701
7 1 5 1  -0.0059466701
7 1 7 1  0.0409600777
7 2 0 1  0.0059466701
7 2 2 1  0.0116849621
7 2 6 1  -0.0056292009
7 3 1 1  0.0059466701
7 3 3 1  0.0116849621
7 3 7 1  -0.0056292009
7 4 0 1  -0.0059466701
7 4 4 1  -0.0116849621
7 4 6 1  -0.0056292009
7 5 1 1  -0.0059466701
7 5 5 1  -0.0116849621
7 5 7 1  -0.0056292009
7 6 0 1  0.0409600777
7 6 2 1  -0.0056292009
7 6 4 1  -0.0056292009
7 7 1 1  0.0409600777
7 7 3 1  -0.0056292009
7 7 5 1  -0.0056292009
7 0 0 3  0.0113623257
7 0 2 3  -0.0061073381
7 0 4 3  0.0000143919
7 0 6 3  -0.0056292009
7 1 1 3  0.0113623257
7 1 3 3  -0.0061073381
7 1 5 3  0.0000143919
7 1 7 3  -0.0056292009
7 2 0 3  -0.0061073381
7 2 2 3  -0.0360841509
7 2 4 3  -0.0000348394
7 2 6 3  0.0067695360
7 3 1 3  -0.0061073381
7 3 3 3  -0.0360841509
7 3 5 3  -0.0000348394
7 3 7 3  0.0067695360
7 4 0 3  0.0000143919
7 4 2 3  -0.0000348394
7 4 4 3  0.0068312141
7 4 6 3  -0.0000077399
7 5 1 3  0.0000143919
7 5 3 3  -0.0000348394
7 5 5 3  0.0068312141
7 5 7 3  -0.0000077399
7 6 0 3  -0.0056292009
7 6 2 3  0.0067695360
7 6 4 3  -0.0000077399
7 6 6 3  0.0129137638
7 7 1 3  -0.0056292009
7 7 3 3  0.0067695360
7 7 5 3  -0.0000077399
7 7 7 3  0.0129137638
7 8 8 3  0.0117364191
7 9 9 3  0.0117364191
7 10 10 3  0.0117364191
7 11 11 3  0.0117364191
7 0 0 5  -0.0113623257
7 0 2 5  -0.0000143919
7 0 4 5  0.0061073381
7 0 6 5  -0.0056292009
7 1 1 5  -0.0113623257
7 1 3 5  -0.0000143919
7 1 5 5  0.0061073381
7 1 7 5  -0.0056292009
7 2 0 5  -0.0000143919
7 2 2 5  -0.0068312141
7 2 4 5  0.0000348394
7 2 6 5  -0.0000077399
7 3 1 5  -0.0000143919
7 3 3 5  -0.0068312141
7 3 5 5  0.0000348394
7 3 7 5  -0.0000077399
7 4 0 5  0.0061073381
7 4 2 5  0.0000348394
7 4 4 5  0.0360841509
7 4 6 5  0.0067695360
7 5 1 5  0.0061073381
7 5 3 5  0.0000348394
7 5 5 5  0.0360841509
7 5 7 5  0.0067695360
7 6 0 5  -0.0056292009
7 6 2 5  -0.0000077399
7 6 4 5  0.0067695360
7 6 6 5  -0.0129137638
7 7 1 5  -0.0056292009
7 7 3 5  -0.0000077399
7 7 5 5  0.0067695360
7 7 7 5  -0.0129137638
7 8 8 5  -0.0117364191
7 9 9 5  -0.0117364191
7 10 10 5  -0.0117364191
7 11 11 5  -0.0117364191
7 0 0 7  0.2001035186
7 0 2 7  -0.0132053038
7 0 4 7  -0.0132053038
7 1 1 7  0.2001035186
7 1 3 7  -0.0132053038
7 1 5 7  -0.0132053038
7 2 0 7  -0.0132053038
7 2 2 7  0.0972185275
7 2 4 7  0.0003626809
7 2 6 7  0.0129137638
7 3 1 7  -0.0132053038
7 3 3 7  0.0972185275
7 3 5 7  0.0003626809
7 3 7 7  0.0129137638
7 4 0 7  -0.0132053038
7 4 2 7  0.0003626809
7 4 4 7  0.0972185275
7 4 6 7  -0.0129137638
7 5 1 7  -0.0132053038
7 5 3 7  0.0003626809
7 5 5 7  0.0972185275
7 5 7 7  -0.0129137638
7 6 2 7  0.0129137638
7 6 4 7  -0.0129137638
7 6 6 7  0.2213228022
7 7 3 7  0.0129137638
7 7 5 7  -0.0129137638
7 7 7 7  0.2213228022
7 8 8 7  0.1991895941
7 9 9 7  0.1991895941
7 10 10 7  0.1991895941
7 11 11 7  0.1991895941
7 2 8 9  0.0011349478
7 3 9 9  0.0011349478
7 4 8 9  -0.0011349478
7 5 9 9  -0.0011349478
7 6 8 9  0.0120170000
7 7 9 9  0.0120170000
7 8 2 9  0.0011349478
7 8 4 9  -0.0011349478
7 8 6 9  0.0120170000
7 9 3 9  0.0011349478
7 9 5 9  -0.0011349478
7 9 7 9  0.0120170000
7 2 10 11  0.0011349478
7 3 11 11  0.0011349478
7 4 10 11  -0.0011349478
7 5 11 11  -0.0011349478
7 6 10 11  0.0120170000
7 7 11 11  0.0120170000
7 10 2 11  0.0011349478
7 10 4 11  -0.0011349478
7 10 6 11  0.0120170000
7 11 3 11  0.0011349478
7 11 5 11  -0.0011349478
7 11 7 11  0.0120170000
8 0 8 0  0.0420725361
8 1 9 0  0.0420725361
8 2 8 0  -0.0056834807
8 3 9 0  -0.0056834807
8 4 8 0  -0.0056834807
8 5 9 0  -0.0056834807
8 8 0 0  0.0420725361
8 8 2 0  -0.0056834807
8 8 4 0  -0.0056834807
8 9 1 0  0.0420725361
8 9 3 0  -0.0056834807
8 9 5 0  -0.0056834807
8 0 8 2  -0.0056834807
8 1 9 2  -0.0056834807
8 2 8 2  0.0008919433
8 3 9 2  0.0008919433
8 4 8 2  0.0006620088
8 5 9 2  0.0006620088
8 6 8 2  0.0011349478
8 7 9 2  0.0011349478
8 8 0 2  -0.0056834807
8 8 2 2  0.0008919433
8 8 4 2  0.0006620088
8 8 6 2  0.0011349478
8 9 1 2  -0.0056834807
8 9 3 2  0.0008919433
8 9 5 2  0.0006620088
8 9 7 2  0.0011349478
8 0 8 4  -0.0056834807
8 1 9 4  -0.0056834807
8 2 8 4  0.0006620088
8 3 9 4  0.0006620088
8 4 8 4  0.0008919433
8 5 9 4  0.0008919433
8 6 8 4  -0.0011349478
8 7 9 4  -0.0011349478
8 8 0 4  -0.0056834807
8 8 2 4  0.0006620088
8 8 4 4  0.0008919433
8 8 6 4  -0.0011349478
8 9 1 4  -0.0056834807
8 9 3 4  0.0006620088
8 9 5 4  0.0008919433
8 9 7 4  -0.0011349478
8 2 8 6  0.0011349478
8 3 9 6  0.0011349478
8 4 8 6  -0.0011349478
8 5 9 6  -0.0011349478
8 6 8 6  0.0120170000
8 7 9 6  0.0120170000
8 8 2 6  0.0011349478
8 8 4 6  -0.0011349478
8 8 6 6  0.0120170000
8 9 3 6  0.0011349478
8 9 5 6  -0.0011349478
8 9 7 6  0.0120170000
8 0 0 8  0.2011777003
8 0 2 8  -0.0152731913
8 0 4 8  -0.0152731913
8 1 1 8  0.2011777003
8 1 3 8  -0.0152731913
8 1 5 8  -0.0152731913
8 2 0 8  -0.0152731913
8 2 2 8  0.0855766204
8 2 4 8  0.0008120249
8 2 6 8  0.0117364191
8 3 1 8  -0.0152731913
8 3 3 8  0.0855766204
8 3 5 8  0.0008120249
8 3 7 8  0.0117364191
8 4 0 8  -0.0152731913
8 4 2 8  0.0008120249
8 4 4 8  0.0855766204
8 4 6 8  -0.0117364191
8 5 1 8  -0.0152731913
8 5 3 8  0.0008120249
8 5 5 8  0.0855766204
8 5 7 8  -0.0117364191
8 6 2 8  0.0117364191
8 6 4 8  -0.0117364191
8 6 6 8  0.1991895941
8 7 3 8  0.0117364191
8 7 5 8  -0.0117364191
8 7 7 8  0.1991895941
8 8 8 8  0.2249295454
8 9 9 8  0.2249295454
8 10 10 8  0.2006801625
8 11 11 8  0.2006801625
8 8 10 10  0.0121246913
8 9 11 10  0.0121246913
8 10 8 10  0.0121246913
8 11 9 10  0.0121246913
9 0 8 1  0.0420725361
9 1 9 1  0.0420725361
9 2 8 1  -0.0056834807
9 3 9 1  -0.0056834807
9 4 8 1  -0.0056834807
9 5 9 1  -0.0056834807
9 8 0 1  0.0420725361
9 8 2 1  -0.0056834807
9 8 4 1  -0.0056834807
9 9 1 1  0.0420725361
9 9 3 1  -0.0056834807
9 9 5 1  -0.0056834807
9 0 8 3  -0.0056834807
9 1 9 3  -0.0056834807
9 2 8 3  0.0008919433
9 3 9 3  0.0008919433
9 4 8 3  0.0006620088
9 5 9 3  0.0006620088
9 6 8 3  0.0011349478
9 7 9 3  0.0011349478
9 8 0 3  -0.0056834807
9 8 2 3  0.0008919433
9 8 4 3  0.0006620088
9 8 6 3  0.0011349478
9 9 1 3  -0.0056834807
9 9 3 3  0.0008919433
9 9 5 3  0.0006620088
9 9 7 3  0.0011349478
9 0 8 5  -0.0056834807
9 1 9 5  -0.0056834807
9 2 8 5  0.0006620088
9 3 9 5  0.0006620088
9 4 8 5  0.0008919433
9 5 9 5  0.0008919433
9 6 8 5  -0.0011349478
9 7 9 5  -0.0011349478
9 8 0 5  -0.0056834807
9 8 2 5  0.0006620088
9 8 4 5  0.0008919433
9 8 6 5  -0.0011349478
9 9 1 5  -0.0056834807
9 9 3 5  0.0006620088
9 9 5 5  0.0008919433
9 9 7 5  -0.0011349478
9 2 8 7  0.0011349478
9 3 9 7  0.0011349478
9 4 8 7  -0.0011349478
9 5 9 7  -0.0011349478
9 6 8 7  0.0120170000
9 7 9 7  0.0120170000
9 8 2 7  0.0011349478
9 8 4 7  -0.0011349478
9 8 6 7  0.0120170000
9 9 3 7  0.0011349478
9 9 5 7  -0.0011349478
9 9 7 7  0.0120170000
9 0 0 9  0.2011777003
9 0 2 9  -0.0152731913
9 0 4 9  -0.0152731913
9 1 1 9  0.2011777003
9 1 3 9  -0.0152731913
9 1 5 9  -0.0152731913
9 2 0 9  -0.0152731913
9 2 2 9  0.0855766204
9 2 4 9  0.0008120249
9 2 6 9  0.0117364191
9 3 1 9  -0.0152731913
9 3 3 9  0.0855766204
9 3 5 9  0.0008120249
9 3 7 9  0.0117364191
9 4 0 9  -0.0152731913
9 4 2 9  0.0008120249
9 4 4 9  0.0855766204
9 4 6 9  -0.0117364191
9 5 1 9  -0.0152731913
9 5 3 9  0.0008120249
9 5 5 9  0.0855766204
9 5 7 9  -0.0117364191
9 6 2 9  0.0117364191
9 6 4 9  -0.0117364191
9 6 6 9  0.1991895941
9 7 3 9  0.0117364191
9 7 5 9  -0.0117364191
9 7 7 9  0.1991895941
9 8 8 9  0.2249295454
9 9 9 9  0.2249295454
9 10 10 9  0.2006801625
9 11 11 9  0.2006801625
9 8 10 11  0.0121246913
9 9 11 11  0.0121246913
9 10 8 11  0.0121246913
9 11 9 11  0.0121246913
10 0 10 0  0.0420725361
10 1 11 0  0.0420725361
10 2 10 0  -0.0056834807
10 3 11 0  -0.0056834807
10 4 10 0  -0.0056834807
10 5 11 0  -0.0056834807
10 10 0 0  0.0420725361
10 10 2 0  -0.0056834807
10 10 4 0  -0.0056834807
10 11 1 0  0.0420725361
10 11 3 0  -0.0056834807
10 11 5 0  -0.0056834807
10 0 10 2  -0.0056834807
10 1 11 2  -0.0056834807
10 2 10 2  0.0008919433
10 3 11 2  0.0008919433
10 4 10 2  0.0006620088
10 5 11 2  0.0006620088
10 6 10 2  0.0011349478
10 7 11 2  0.0011349478
10 10 0 2  -0.0056834807
10 10 2 2  0.0008919433
10 10 4 2  0.0006620088
10 10 6 2  0.0011349478
10 11 1 2  -0.0056834807
10 11 3 2  0.0008919433
10 11 5 2  0.0006620088
10 11 7 2  0.0011349478
10 0 10 4  -0.0056834807
10 1 11 4  -0.0056834807
10 2 10 4  0.0006620088
10 3 11 4  0.0006620088
10 4 10 4  0.0008919433
10 5 11 4  0.0008919433
10 6 10 4  -0.0011349478
10 7 11 4  -0.0011349478
10 10 0 4  -0.0056834807
10 10 2 4  0.0006620088
10 10 4 4  0.0008919433
10 10 6 4  -0.0011349478
10 11 1 4  -0.0056834807
10 11 3 4  0.0006620088
10 11 5 4  0.0008919433
10 11 7 4  -0.0011349478
10 2 10 6  0.0011349478
10 3 11 6  0.0011349478
10 4 10 6  -0.0011349478
10 5 11 6  -0.0011349478
10 6 10 6  0.0120170000
10 7 11 6  0.0120170000
10 10 2 6  0.0011349478
10 10 4 6  -0.0011349478
10 10 6 6  0.0120170000
10 11 3 6  0.0011349478
10 11 5 6  -0.0011349478
10 11 7 6  0.0120170000
10 8 10 8  0.0121246913
10 9 11 8  0.0121246913
10 10 8 8  0.0121246913
10 11 9 8  0.0121246913
10 0 0 10  0.2011777003
10 0 2 10  -0.0152731913
10 0 4 10  -0.0152731913
10 1 1 10  0.2011777003
10 1 3 10  -0.0152731913
10 1 5 10  -0.0152731913
10 2 0 10  -0.0152731913
10 2 2 10  0.0855766204
10 2 4 10  0.0008120249
10 2 6 10  0.0117364191
10 3 1 10  -0.0152731913
10 3 3 10  0.0855766204
10 3 5 10  0.0008120249
10 3 7 10  0.0117364191
10 4 0 10  -0.0152731913
10 4 2 10  0.0008120249
10 4 4 10  0.0855766204
10 4 6 10  -0.0117364191
10 5 1 10  -0.0152731913
10 5 3 10  0.0008120249
10 5 5 10  0.0855766204
10 5 7 10  -0.0117364191
10 6 2 10  0.0117364191
10 6 4 10  -0.0117364191
10 6 6 10  0.1991895941
10 7 3 10  0.0117364191
10 7 5 10  -0.0117364191
10 7 7 10  0.1991895941
10 8 8 10  0.2006801625
10 9 9 10  0.2006801625
10 10 10 10  0.2249295454
10 11 11 10  0.2249295454
11 0 10 1  0.0420725361
11 1 11 1  0.0420725361
11 2 10 1  -0.0056834807
11 3 11 1  -0.0056834807
11 4 10 1  -0.0056834807
11 5 11 1  -0.0056834807
11 10 0 1  0.0420725361
11 10 2 1  -0.0056834807
11 10 4 1  -0.0056834807
11 11 1 1  0.0420725361
11 11 3 1  -0.0056834807
11 11 5 1  -0.0056834807
11 0 10 3  -0.0056834807
11 1 11 3  -0.0056834807
11 2 10 3  0.0008919433
11 3 11 3  0.0008919433
11 4 10 3  0.0006620088
11 5 11 3  0.0006620088
11 6 10 3  0.0011349478
11 7 11 3  0.0011349478
11 10 0 3  -0.0056834807
11 10 2 3  0.0008919433
11 10 4 3  0.0006620088
11 10 6 3  0.0011349478
11 11 1 3  -0.0056834807
11 11 3 3  0.0008919433
11 11 5 3  0.0006620088
11 11 7 3  0.0011349478
11 0 10 5  -0.0056834807
11 1 11 5  -0.0056834807
11 2 10 5  0.0006620088
11 3 11 5  0.0006620088
11 4 10 5  0.0008919433
11 5 11 5  0.0008919433
11 6 10 5  -0.0011349478
11 7 11 5  -0.0011349478
11 10 0 5  -0.0056834807
11 10 2 5  0.0006620088
11 10 4 5  0.0008919433
11 10 6 5  -0.0011349478
11 11 1 5  -0.0056834807
11 11 3 5  0.0006620088
11 11 5 5  0.0008919433
11 11 7 5  -0.0011349478
11 2 10 7  0.0011349478
11 3 11 7  0.0011349478
11 4 10 7  -0.0011349478
11 5 11 7  -0.0011349478
11 6 10 7  0.0120170000
11 7 11 7  0.0120170000
11 10 2 7  0.0011349478
11 10 4 7  -0.0011349478
11 10 6 7  0.0120170000
11 11 3 7  0.0011349478
11 11 5 7  -0.0011349478
11 11 7 7  0.0120170000
11 8 10 9  0.0121246913
11 9 11 9  0.0121246913
11 10 8 9  0.0121246913
11 11 9 9  0.0121246913
11 0 0 11  0.2011777003
11 0 2 11  -0.0152731913
11 0 4 11  -0.0152731913
11 1 1 11  0.2011777003
11 1 3 11  -0.0152731913
11 1 5 11  -0.0152731913
11 2 0 11  -0.0152731913
11 2 2 11  0.0855766204
11 2 4 11  0.0008120249
11 2 6 11  0.0117364191
11 3 1 11  -0.0152731913
11 3 3 11  0.0855766204
11 3 5 11  0.0008120249
11 3 7 11  0.0117364191
11 4 0 11  -0.0152731913
11 4 2 11  0.0008120249
11 4 4 11  0.0855766204
11 4 6 11  -0.0117364191
11 5 1 11  -0.0152731913
11 5 3 11  0.0008120249
11 5 5 11  0.0855766204
11 5 7 11  -0.0117364191
11 6 2 11  0.0117364191
11 6 4 11  -0.0117364191
11 6 6 11  0.1991895941
11 7 3 11  0.0117364191
11 7 5 11  -0.0117364191
11 7 7 11  0.1991895941
11 8 8 11  0.2006801625
11 9 9 11  0.2006801625
11 10 10 11  0.2249295454
11 11 11 11  0.2249295454
