-12.844428084886818
0 0  -0.9228311158
0 2  -0.0008282339
0 4  -0.0008282339
1 1  -0.9228311158
1 3  -0.0008282339
1 5  -0.0008282339
2 0  -0.0008282339
2 2  -0.7974069180
2 4  0.0004379670
2 6  0.0071815445
3 1  -0.0008282339
3 3  -0.7974069180
3 5  0.0004379670
3 7  0.0071815445
4 0  -0.0008282339
4 2  0.0004379670
4 4  -0.7974069180
4 6  -0.0071815445
5 1  -0.0008282339
5 3  0.0004379670
5 5  -0.7974069180
5 7  -0.0071815445
6 2  0.0071815445
6 4  -0.0071815445
6 6  -0.7851341114
7 3  0.0071815445
7 5  -0.0071815445
7 7  -0.7851341114
8 8  -0.7704458439
9 9  -0.7704458439
10 10  -0.7704458439
11 11  -0.7704458439
0 0 0 0  0.2015977860
0 0 2 0  -0.0038583882
0 0 4 0  -0.0038583882
0 1 1 0  0.2015977860
0 1 3 0  -0.0038583882
0 1 5 0  -0.0038583882
0 2 0 0  -0.0038583882
0 2 2 0  0.0664843888
0 2 4 0  0.0000430985
0 2 6 0  -0.0030727525
0 3 1 0  -0.0038583882
0 3 3 0  0.0664843888
0 3 5 0  0.0000430985
0 3 7 0  -0.0030727525
0 4 0 0  -0.0038583882
0 4 2 0  0.0000430985
0 4 4 0  0.0664843888
0 4 6 0  0.0030727525
0 5 1 0  -0.0038583882
0 5 3 0  0.0000430985
0 5 5 0  0.0664843888
0 5 7 0  0.0030727525
0 6 2 0  -0.0030727525
0 6 4 0  0.0030727525
0 6 6 0  0.2045061850
0 7 3 0  -0.0030727525
0 7 5 0  0.0030727525
0 7 7 0  0.2045061850
0 8 8 0  0.2045655357
0 9 9 0  0.2045655357
0 10 10 0  0.2045655357
0 11 11 0  0.2045655357
0 0 0 2  -0.0038583882
0 0 2 2  0.0003459499
0 0 4 2  0.0000502470
0 0 6 2  -0.0012642265
0 1 1 2  -0.0038583882
0 1 3 2  0.0003459499
0 1 5 2  0.0000502470
0 1 7 2  -0.0012642265
0 2 0 2  0.0003459499
0 2 2 2  0.0080792060
0 2 4 2  -0.0000010405
0 2 6 2  0.0003369103
0 3 1 2  0.0003459499
0 3 3 2  0.0080792060
0 3 5 2  -0.0000010405
0 3 7 2  0.0003369103
0 4 0 2  0.0000502470
0 4 2 2  -0.0000010405
0 4 4 2  -0.0011587886
0 4 6 2  -0.0000261914
0 5 1 2  0.0000502470
0 5 3 2  -0.0000010405
0 5 5 2  -0.0011587886
0 5 7 2  -0.0000261914
0 6 0 2  -0.0012642265
0 6 2 2  0.0003369103
0 6 4 2  -0.0000261914
0 6 6 2  -0.0038120280
0 7 1 2  -0.0012642265
0 7 3 2  0.0003369103
0 7 5 2  -0.0000261914
0 7 7 2  -0.0038120280
0 8 8 2  -0.0040219068
0 9 9 2  -0.0040219068
0 10 10 2  -0.0040219068
0 11 11 2  -0.0040219068
0 0 0 4  -0.0038583882
0 0 2 4  0.0000502470
0 0 4 4  0.0003459499
0 0 6 4  0.0012642265
0 1 1 4  -0.0038583882
0 1 3 4  0.0000502470
0 1 5 4  0.0003459499
0 1 7 4  0.0012642265
0 2 0 4  0.0000502470
0 2 2 4  -0.0011587886
0 2 4 4  -0.0000010405
0 2 6 4  0.0000261914
0 3 1 4  0.0000502470
0 3 3 4  -0.0011587886
0 3 5 4  -0.0000010405
0 3 7 4  0.0000261914
0 4 0 4  0.0003459499
0 4 2 4  -0.0000010405
0 4 4 4  0.0080792060
0 4 6 4  -0.0003369103
0 5 1 4  0.0003459499
0 5 3 4  -0.0000010405
0 5 5 4  0.0080792060
0 5 7 4  -0.0003369103
0 6 0 4  0.0012642265
0 6 2 4  0.0000261914
0 6 4 4  -0.0003369103
0 6 6 4  -0.0038120280
0 7 1 4  0.0012642265
0 7 3 4  0.0000261914
0 7 5 4  -0.0003369103
0 7 7 4  -0.0038120280
0 8 8 4  -0.0040219068
0 9 9 4  -0.0040219068
0 10 10 4  -0.0040219068
0 11 11 4  -0.0040219068
0 0 2 6  -0.0012642265
0 0 4 6  0.0012642265
0 0 6 6  0.0433447127
0 1 3 6  -0.0012642265
0 1 5 6  0.0012642265
0 1 7 6  0.0433447127
0 2 0 6  -0.0012642265
0 2 2 6  -0.0107283183
0 2 6 6  -0.0013226528
0 3 1 6  -0.0012642265
0 3 3 6  -0.0107283183
0 3 7 6  -0.0013226528
0 4 0 6  0.0012642265
0 4 4 6  0.0107283183
0 4 6 6  -0.0013226528
0 5 1 6  0.0012642265
0 5 5 6  0.0107283183
0 5 7 6  -0.0013226528
0 6 0 6  0.0433447127
0 6 2 6  -0.0013226528
0 6 4 6  -0.0013226528
0 7 1 6  0.0433447127
0 7 3 6  -0.0013226528
0 7 5 6  -0.0013226528
0 0 8 8  0.0433804894
0 1 9 8  0.0433804894
0 2 8 8  -0.0013137627
0 3 9 8  -0.0013137627
0 4 8 8  -0.0013137627
0 5 9 8  -0.0013137627
0 8 0 8  0.0433804894
0 8 2 8  -0.0013137627
0 8 4 8  -0.0013137627
0 9 1 8  0.0433804894
0 9 3 8  -0.0013137627
0 9 5 8  -0.0013137627
0 0 10 10  0.0433804894
0 1 11 10  0.0433804894
0 2 10 10  -0.0013137627
0 3 11 10  -0.0013137627
0 4 10 10  -0.0013137627
0 5 11 10  -0.0013137627
0 10 0 10  0.0433804894
0 10 2 10  -0.0013137627
0 10 4 10  -0.0013137627
0 11 1 10  0.0433804894
0 11 3 10  -0.0013137627
0 11 5 10  -0.0013137627
1 0 0 1  0.2015977860
1 0 2 1  -0.0038583882
1 0 4 1  -0.0038583882
1 1 1 1  0.2015977860
1 1 3 1  -0.0038583882
1 1 5 1  -0.0038583882
1 2 0 1  -0.0038583882
1 2 2 1  0.0664843888
1 2 4 1  0.0000430985
1 2 6 1  -0.0030727525
1 3 1 1  -0.0038583882
1 3 3 1  0.0664843888
1 3 5 1  0.0000430985
1 3 7 1  -0.0030727525
1 4 0 1  -0.0038583882
1 4 2 1  0.0000430985
1 4 4 1  0.0664843888
1 4 6 1  0.0030727525
1 5 1 1  -0.0038583882
1 5 3 1  0.0000430985
1 5 5 1  0.0664843888
1 5 7 1  0.0030727525
1 6 2 1  -0.0030727525
1 6 4 1  0.0030727525
1 6 6 1  0.2045061850
1 7 3 1  -0.0030727525
1 7 5 1  0.0030727525
1 7 7 1  0.2045061850
1 8 8 1  0.2045655357
1 9 9 1  0.2045655357
1 10 10 1  0.2045655357
1 11 11 1  0.2045655357
1 0 0 3  -0.0038583882
1 0 2 3  0.0003459499
1 0 4 3  0.0000502470
1 0 6 3  -0.0012642265
1 1 1 3  -0.0038583882
1 1 3 3  0.0003459499
1 1 5 3  0.0000502470
1 1 7 3  -0.0012642265
1 2 0 3  0.0003459499
1 2 2 3  0.0080792060
1 2 4 3  -0.0000010405
1 2 6 3  0.0003369103
1 3 1 3  0.0003459499
1 3 3 3  0.0080792060
1 3 5 3  -0.0000010405
1 3 7 3  0.0003369103
1 4 0 3  0.0000502470
1 4 2 3  -0.0000010405
1 4 4 3  -0.0011587886
1 4 6 3  -0.0000261914
1 5 1 3  0.0000502470
1 5 3 3  -0.0000010405
1 5 5 3  -0.0011587886
1 5 7 3  -0.0000261914
1 6 0 3  -0.0012642265
1 6 2 3  0.0003369103
1 6 4 3  -0.0000261914
1 6 6 3  -0.0038120280
1 7 1 3  -0.0012642265
1 7 3 3  0.0003369103
1 7 5 3  -0.0000261914
1 7 7 3  -0.0038120280
1 8 8 3  -0.0040219068
1 9 9 3  -0.0040219068
1 10 10 3  -0.0040219068
1 11 11 3  -0.0040219068
1 0 0 5  -0.0038583882
1 0 2 5  0.0000502470
1 0 4 5  0.0003459499
1 0 6 5  0.0012642265
1 1 1 5  -0.0038583882
1 1 3 5  0.0000502470
1 1 5 5  0.0003459499
1 1 7 5  0.0012642265
1 2 0 5  0.0000502470
1 2 2 5  -0.0011587886
1 2 4 5  -0.0000010405
1 2 6 5  0.0000261914
1 3 1 5  0.0000502470
1 3 3 5  -0.0011587886
1 3 5 5  -0.0000010405
1 3 7 5  0.0000261914
1 4 0 5  0.0003459499
1 4 2 5  -0.0000010405
1 4 4 5  0.0080792060
1 4 6 5  -0.0003369103
1 5 1 5  0.0003459499
1 5 3 5  -0.0000010405
1 5 5 5  0.0080792060
1 5 7 5  -0.0003369103
1 6 0 5  0.0012642265
1 6 2 5  0.0000261914
1 6 4 5  -0.0003369103
1 6 6 5  -0.0038120280
1 7 1 5  0.0012642265
1 7 3 5  0.0000261914
1 7 5 5  -0.0003369103
1 7 7 5  -0.0038120280
1 8 8 5  -0.0040219068
1 9 9 5  -0.0040219068
1 10 10 5  -0.0040219068
1 11 11 5  -0.0040219068
1 0 2 7  -0.0012642265
1 0 4 7  0.0012642265
1 0 6 7  0.0433447127
1 1 3 7  -0.0012642265
1 1 5 7  0.0012642265
1 1 7 7  0.0433447127
1 2 0 7  -0.0012642265
1 2 2 7  -0.0107283183
1 2 6 7  -0.0013226528
1 3 1 7  -0.0012642265
1 3 3 7  -0.0107283183
1 3 7 7  -0.0013226528
1 4 0 7  0.0012642265
1 4 4 7  0.0107283183
1 4 6 7  -0.0013226528
1 5 1 7  0.0012642265
1 5 5 7  0.0107283183
1 5 7 7  -0.0013226528
1 6 0 7  0.0433447127
1 6 2 7  -0.0013226528
1 6 4 7  -0.0013226528
1 7 1 7  0.0433447127
1 7 3 7  -0.0013226528
1 7 5 7  -0.0013226528
1 0 8 9  0.0433804894
1 1 9 9  0.0433804894
1 2 8 9  -0.0013137627
1 3 9 9  -0.0013137627
1 4 8 9  -0.0013137627
1 5 9 9  -0.0013137627
1 8 0 9  0.0433804894
1 8 2 9  -0.0013137627
1 8 4 9  -0.0013137627
1 9 1 9  0.0433804894
1 9 3 9  -0.0013137627
1 9 5 9  -0.0013137627
1 0 10 11  0.0433804894
1 1 11 11  0.0433804894
1 2 10 11  -0.0013137627
1 3 11 11  -0.0013137627
1 4 10 11  -0.0013137627
1 5 11 11  -0.0013137627
1 10 0 11  0.0433804894
1 10 2 11  -0.0013137627
1 10 4 11  -0.0013137627
1 11 1 11  0.0433804894
1 11 3 11  -0.0013137627
1 11 5 11  -0.0013137627
2 0 0 0  -0.0038583882
2 0 2 0  0.0003459499
2 0 4 0  0.0000502470
2 0 6 0  -0.0012642265
2 1 1 0  -0.0038583882
2 1 3 0  0.0003459499
2 1 5 0  0.0000502470
2 1 7 0  -0.0012642265
2 2 0 0  0.0003459499
2 2 2 0  0.0080792060
2 2 4 0  -0.0000010405
2 2 6 0  0.0003369103
2 3 1 0  0.0003459499
2 3 3 0  0.0080792060
2 3 5 0  -0.0000010405
2 3 7 0  0.0003369103
2 4 0 0  0.0000502470
2 4 2 0  -0.0000010405
2 4 4 0  -0.0011587886
2 4 6 0  -0.0000261914
2 5 1 0  0.0000502470
2 5 3 0  -0.0000010405
2 5 5 0  -0.0011587886
2 5 7 0  -0.0000261914
2 6 0 0  -0.0012642265
2 6 2 0  0.0003369103
2 6 4 0  -0.0000261914
2 6 6 0  -0.0038120280
2 7 1 0  -0.0012642265
2 7 3 0  0.0003369103
2 7 5 0  -0.0000261914
2 7 7 0  -0.0038120280
2 8 8 0  -0.0040219068
2 9 9 0  -0.0040219068
2 10 10 0  -0.0040219068
2 11 11 0  -0.0040219068
2 0 0 2  0.0664843888
2 0 2 2  0.0080792060
2 0 4 2  -0.0011587886
2 0 6 2  -0.0107283183
2 1 1 2  0.0664843888
2 1 3 2  0.0080792060
2 1 5 2  -0.0011587886
2 1 7 2  -0.0107283183
2 2 0 2  0.0080792060
2 2 2 2  0.3864546170
2 2 4 2  0.0000315937
2 2 6 2  0.0096107145
2 3 1 2  0.0080792060
2 3 3 2  0.3864546170
2 3 5 2  0.0000315937
2 3 7 2  0.0096107145
2 4 0 2  -0.0011587886
2 4 2 2  0.0000315937
2 4 4 2  0.0331855569
2 4 6 2  0.0011076221
2 5 1 2  -0.0011587886
2 5 3 2  0.0000315937
2 5 5 2  0.0331855569
2 5 7 2  0.0011076221
2 6 0 2  -0.0107283183
2 6 2 2  0.0096107145
2 6 4 2  0.0011076221
2 6 6 2  0.0691972143
2 7 1 2  -0.0107283183
2 7 3 2  0.0096107145
2 7 5 2  0.0011076221
2 7 7 2  0.0691972143
2 8 8 2  0.0650090680
2 9 9 2  0.0650090680
2 10 10 2  0.0650090680
2 11 11 2  0.0650090680
2 0 0 4  0.0000430985
2 0 2 4  -0.0000010405
2 0 4 4  -0.0000010405
2 1 1 4  0.0000430985
2 1 3 4  -0.0000010405
2 1 5 4  -0.0000010405
2 2 0 4  -0.0000010405
2 2 2 4  0.0000315937
2 2 4 4  0.0000000972
2 2 6 4  0.0000012036
2 3 1 4  -0.0000010405
2 3 3 4  0.0000315937
2 3 5 4  0.0000000972
2 3 7 4  0.0000012036
2 4 0 4  -0.0000010405
2 4 2 4  0.0000000972
2 4 4 4  0.0000315937
2 4 6 4  -0.0000012036
2 5 1 4  -0.0000010405
2 5 3 4  0.0000000972
2 5 5 4  0.0000315937
2 5 7 4  -0.0000012036
2 6 2 4  0.0000012036
2 6 4 4  -0.0000012036
2 6 6 4  0.0000311919
2 7 3 4  0.0000012036
2 7 5 4  -0.0000012036
2 7 7 4  0.0000311919
2 8 8 4  0.0000512184
2 9 9 4  0.0000512184
2 10 10 4  0.0000512184
2 11 11 4  0.0000512184
2 0 0 6  -0.0030727525
2 0 2 6  0.0003369103
2 0 4 6  0.0000261914
2 0 6 6  -0.0013226528
2 1 1 6  -0.0030727525
2 1 3 6  0.0003369103
2 1 5 6  0.0000261914
2 1 7 6  -0.0013226528
2 2 0 6  0.0003369103
2 2 2 6  0.0096107145
2 2 4 6  0.0000012036
2 2 6 6  0.0004186322
2 3 1 6  0.0003369103
2 3 3 6  0.0096107145
2 3 5 6  0.0000012036
2 3 7 6  0.0004186322
2 4 0 6  0.0000261914
2 4 2 6  0.0000012036
2 4 4 6  -0.0011076221
2 4 6 6  -0.0000192982
2 5 1 6  0.0000261914
2 5 3 6  0.0000012036
2 5 5 6  -0.0011076221
2 5 7 6  -0.0000192982
2 6 0 6  -0.0013226528
2 6 2 6  0.0004186322
2 6 4 6  -0.0000192982
2 6 6 6  -0.0034751039
2 7 1 6  -0.0013226528
2 7 3 6  0.0004186322
2 7 5 6  -0.0000192982
2 7 7 6  -0.0034751039
2 8 8 6  -0.0029889091
2 9 9 6  -0.0029889091
2 10 10 6  -0.0029889091
2 11 11 6  -0.0029889091
2 0 8 8  -0.0013137627
2 1 9 8  -0.0013137627
2 2 8 8  0.0000452346
2 3 9 8  0.0000452346
2 4 8 8  0.0000350828
2 5 9 8  0.0000350828
2 6 8 8  -0.0002393720
2 7 9 8  -0.0002393720
2 8 0 8  -0.0013137627
2 8 2 8  0.0000452346
2 8 4 8  0.0000350828
2 8 6 8  -0.0002393720
2 9 1 8  -0.0013137627
2 9 3 8  0.0000452346
2 9 5 8  0.0000350828
2 9 7 8  -0.0002393720
2 0 10 10  -0.0013137627
2 1 11 10  -0.0013137627
2 2 10 10  0.0000452346
2 3 11 10  0.0000452346
2 4 10 10  0.0000350828
2 5 11 10  0.0000350828
2 6 10 10  -0.0002393720
2 7 11 10  -0.0002393720
2 10 0 10  -0.0013137627
2 10 2 10  0.0000452346
2 10 4 10  0.0000350828
2 10 6 10  -0.0002393720
2 11 1 10  -0.0013137627
2 11 3 10  0.0000452346
2 11 5 10  0.0000350828
2 11 7 10  -0.0002393720
3 0 0 1  -0.0038583882
3 0 2 1  0.0003459499
3 0 4 1  0.0000502470
3 0 6 1  -0.0012642265
3 1 1 1  -0.0038583882
3 1 3 1  0.0003459499
3 1 5 1  0.0000502470
3 1 7 1  -0.0012642265
3 2 0 1  0.0003459499
3 2 2 1  0.0080792060
3 2 4 1  -0.0000010405
3 2 6 1  0.0003369103
3 3 1 1  0.0003459499
3 3 3 1  0.0080792060
3 3 5 1  -0.0000010405
3 3 7 1  0.0003369103
3 4 0 1  0.0000502470
3 4 2 1  -0.0000010405
3 4 4 1  -0.0011587886
3 4 6 1  -0.0000261914
3 5 1 1  0.0000502470
3 5 3 1  -0.0000010405
3 5 5 1  -0.0011587886
3 5 7 1  -0.0000261914
3 6 0 1  -0.0012642265
3 6 2 1  0.0003369103
3 6 4 1  -0.0000261914
3 6 6 1  -0.0038120280
3 7 1 1  -0.0012642265
3 7 3 1  0.0003369103
3 7 5 1  -0.0000261914
3 7 7 1  -0.0038120280
3 8 8 1  -0.0040219068
3 9 9 1  -0.0040219068
3 10 10 1  -0.0040219068
3 11 11 1  -0.0040219068
3 0 0 3  0.0664843888
3 0 2 3  0.0080792060
3 0 4 3  -0.0011587886
3 0 6 3  -0.0107283183
3 1 1 3  0.0664843888
3 1 3 3  0.0080792060
3 1 5 3  -0.0011587886
3 1 7 3  -0.0107283183
3 2 0 3  0.0080792060
3 2 2 3  0.3864546170
3 2 4 3  0.0000315937
3 2 6 3  0.0096107145
3 3 1 3  0.0080792060
3 3 3 3  0.3864546170
3 3 5 3  0.0000315937
3 3 7 3  0.0096107145
3 4 0 3  -0.0011587886
3 4 2 3  0.0000315937
3 4 4 3  0.0331855569
3 4 6 3  0.0011076221
3 5 1 3  -0.0011587886
3 5 3 3  0.0000315937
3 5 5 3  0.0331855569
3 5 7 3  0.0011076221
3 6 0 3  -0.0107283183
3 6 2 3  0.0096107145
3 6 4 3  0.0011076221
3 6 6 3  0.0691972143
3 7 1 3  -0.0107283183
3 7 3 3  0.0096107145
3 7 5 3  0.0011076221
3 7 7 3  0.0691972143
3 8 8 3  0.0650090680
3 9 9 3  0.0650090680
3 10 10 3  0.0650090680
3 11 11 3  0.0650090680
3 0 0 5  0.0000430985
3 0 2 5  -0.0000010405
3 0 4 5  -0.0000010405
3 1 1 5  0.0000430985
3 1 3 5  -0.0000010405
3 1 5 5  -0.0000010405
3 2 0 5  -0.0000010405
3 2 2 5  0.0000315937
3 2 4 5  0.0000000972
3 2 6 5  0.0000012036
3 3 1 5  -0.0000010405
3 3 3 5  0.0000315937
3 3 5 5  0.0000000972
3 3 7 5  0.0000012036
3 4 0 5  -0.0000010405
3 4 2 5  0.0000000972
3 4 4 5  0.0000315937
3 4 6 5  -0.0000012036
3 5 1 5  -0.0000010405
3 5 3 5  0.0000000972
3 5 5 5  0.0000315937
3 5 7 5  -0.0000012036
3 6 2 5  0.0000012036
3 6 4 5  -0.0000012036
3 6 6 5  0.0000311919
3 7 3 5  0.0000012036
3 7 5 5  -0.0000012036
3 7 7 5  0.0000311919
3 8 8 5  0.0000512184
3 9 9 5  0.0000512184
3 10 10 5  0.0000512184
3 11 11 5  0.0000512184
3 0 0 7  -0.0030727525
3 0 2 7  0.0003369103
3 0 4 7  0.0000261914
3 0 6 7  -0.0013226528
3 1 1 7  -0.0030727525
3 1 3 7  0.0003369103
3 1 5 7  0.0000261914
3 1 7 7  -0.0013226528
3 2 0 7  0.0003369103
3 2 2 7  0.0096107145
3 2 4 7  0.0000012036
3 2 6 7  0.0004186322
3 3 1 7  0.0003369103
3 3 3 7  0.0096107145
3 3 5 7  0.0000012036
3 3 7 7  0.0004186322
3 4 0 7  0.0000261914
3 4 2 7  0.0000012036
3 4 4 7  -0.0011076221
3 4 6 7  -0.0000192982
3 5 1 7  0.0000261914
3 5 3 7  0.0000012036
3 5 5 7  -0.0011076221
3 5 7 7  -0.0000192982
3 6 0 7  -0.0013226528
3 6 2 7  0.0004186322
3 6 4 7  -0.0000192982
3 6 6 7  -0.0034751039
3 7 1 7  -0.0013226528
3 7 3 7  0.0004186322
3 7 5 7  -0.0000192982
3 7 7 7  -0.0034751039
3 8 8 7  -0.0029889091
3 9 9 7  -0.0029889091
3 10 10 7  -0.0029889091
3 11 11 7  -0.0029889091
3 0 8 9  -0.0013137627
3 1 9 9  -0.0013137627
3 2 8 9  0.0000452346
3 3 9 9  0.0000452346
3 4 8 9  0.0000350828
3 5 9 9  0.0000350828
3 6 8 9  -0.0002393720
3 7 9 9  -0.0002393720
3 8 0 9  -0.0013137627
3 8 2 9  0.0000452346
3 8 4 9  0.0000350828
3 8 6 9  -0.0002393720
3 9 1 9  -0.0013137627
3 9 3 9  0.0000452346
3 9 5 9  0.0000350828
3 9 7 9  -0.0002393720
3 0 10 11  -0.0013137627
3 1 11 11  -0.0013137627
3 2 10 11  0.0000452346
3 3 11 11  0.0000452346
3 4 10 11  0.0000350828
3 5 11 11  0.0000350828
3 6 10 11  -0.0002393720
3 7 11 11  -0.0002393720
3 10 0 11  -0.0013137627
3 10 2 11  0.0000452346
3 10 4 11  0.0000350828
3 10 6 11  -0.0002393720
3 11 1 11  -0.0013137627
3 11 3 11  0.0000452346
3 11 5 11  0.0000350828
3 11 7 11  -0.0002393720
4 0 0 0  -0.0038583882
4 0 2 0  0.0000502470
4 0 4 0  0.0003459499
4 0 6 0  0.0012642265
4 1 1 0  -0.0038583882
4 1 3 0  0.0000502470
4 1 5 0  0.0003459499
4 1 7 0  0.0012642265
4 2 0 0  0.0000502470
4 2 2 0  -0.0011587886
4 2 4 0  -0.0000010405
4 2 6 0  0.0000261914
4 3 1 0  0.0000502470
4 3 3 0  -0.0011587886
4 3 5 0  -0.0000010405
4 3 7 0  0.0000261914
4 4 0 0  0.0003459499
4 4 2 0  -0.0000010405
4 4 4 0  0.0080792060
4 4 6 0  -0.0003369103
4 5 1 0  0.0003459499
4 5 3 0  -0.0000010405
4 5 5 0  0.0080792060
4 5 7 0  -0.0003369103
4 6 0 0  0.0012642265
4 6 2 0  0.0000261914
4 6 4 0  -0.0003369103
4 6 6 0  -0.0038120280
4 7 1 0  0.0012642265
4 7 3 0  0.0000261914
4 7 5 0  -0.0003369103
4 7 7 0  -0.0038120280
4 8 8 0  -0.0040219068
4 9 9 0  -0.0040219068
4 10 10 0  -0.0040219068
4 11 11 0  -0.0040219068
4 0 0 2  0.0000430985
4 0 2 2  -0.0000010405
4 0 4 2  -0.0000010405
4 1 1 2  0.0000430985
4 1 3 2  -0.0000010405
4 1 5 2  -0.0000010405
4 2 0 2  -0.0000010405
4 2 2 2  0.0000315937
4 2 4 2  0.0000000972
4 2 6 2  0.0000012036
4 3 1 2  -0.0000010405
4 3 3 2  0.0000315937
4 3 5 2  0.0000000972
4 3 7 2  0.0000012036
4 4 0 2  -0.0000010405
4 4 2 2  0.0000000972
4 4 4 2  0.0000315937
4 4 6 2  -0.0000012036
4 5 1 2  -0.0000010405
4 5 3 2  0.0000000972
4 5 5 2  0.0000315937
4 5 7 2  -0.0000012036
4 6 2 2  0.0000012036
4 6 4 2  -0.0000012036
4 6 6 2  0.0000311919
4 7 3 2  0.0000012036
4 7 5 2  -0.0000012036
4 7 7 2  0.0000311919
4 8 8 2  0.0000512184
4 9 9 2  0.0000512184
4 10 10 2  0.0000512184
4 11 11 2  0.0000512184
4 0 0 4  0.0664843888
4 0 2 4  -0.0011587886
4 0 4 4  0.0080792060
4 0 6 4  0.0107283183
4 1 1 4  0.0664843888
4 1 3 4  -0.0011587886
4 1 5 4  0.0080792060
4 1 7 4  0.0107283183
4 2 0 4  -0.0011587886
4 2 2 4  0.0331855569
4 2 4 4  0.0000315937
4 2 6 4  -0.0011076221
4 3 1 4  -0.0011587886
4 3 3 4  0.0331855569
4 3 5 4  0.0000315937
4 3 7 4  -0.0011076221
4 4 0 4  0.0080792060
4 4 2 4  0.0000315937
4 4 4 4  0.3864546170
4 4 6 4  -0.0096107145
4 5 1 4  0.0080792060
4 5 3 4  0.0000315937
4 5 5 4  0.3864546170
4 5 7 4  -0.0096107145
4 6 0 4  0.0107283183
4 6 2 4  -0.0011076221
4 6 4 4  -0.0096107145
4 6 6 4  0.0691972143
4 7 1 4  0.0107283183
4 7 3 4  -0.0011076221
4 7 5 4  -0.0096107145
4 7 7 4  0.0691972143
4 8 8 4  0.0650090680
4 9 9 4  0.0650090680
4 10 10 4  0.0650090680
4 11 11 4  0.0650090680
4 0 0 6  0.0030727525
4 0 2 6  -0.0000261914
4 0 4 6  -0.0003369103
4 0 6 6  -0.0013226528
4 1 1 6  0.0030727525
4 1 3 6  -0.0000261914
4 1 5 6  -0.0003369103
4 1 7 6  -0.0013226528
4 2 0 6  -0.0000261914
4 2 2 6  0.0011076221
4 2 4 6  -0.0000012036
4 2 6 6  -0.0000192982
4 3 1 6  -0.0000261914
4 3 3 6  0.0011076221
4 3 5 6  -0.0000012036
4 3 7 6  -0.0000192982
4 4 0 6  -0.0003369103
4 4 2 6  -0.0000012036
4 4 4 6  -0.0096107145
4 4 6 6  0.0004186322
4 5 1 6  -0.0003369103
4 5 3 6  -0.0000012036
4 5 5 6  -0.0096107145
4 5 7 6  0.0004186322
4 6 0 6  -0.0013226528
4 6 2 6  -0.0000192982
4 6 4 6  0.0004186322
4 6 6 6  0.0034751039
4 7 1 6  -0.0013226528
4 7 3 6  -0.0000192982
4 7 5 6  0.0004186322
4 7 7 6  0.0034751039
4 8 8 6  0.0029889091
4 9 9 6  0.0029889091
4 10 10 6  0.0029889091
4 11 11 6  0.0029889091
4 0 8 8  -0.0013137627
4 1 9 8  -0.0013137627
4 2 8 8  0.0000350828
4 3 9 8  0.0000350828
4 4 8 8  0.0000452346
4 5 9 8  0.0000452346
4 6 8 8  0.0002393720
4 7 9 8  0.0002393720
4 8 0 8  -0.0013137627
4 8 2 8  0.0000350828
4 8 4 8  0.0000452346
4 8 6 8  0.0002393720
4 9 1 8  -0.0013137627
4 9 3 8  0.0000350828
4 9 5 8  0.0000452346
4 9 7 8  0.0002393720
4 0 10 10  -0.0013137627
4 1 11 10  -0.0013137627
4 2 10 10  0.0000350828
4 3 11 10  0.0000350828
4 4 10 10  0.0000452346
4 5 11 10  0.0000452346
4 6 10 10  0.0002393720
4 7 11 10  0.0002393720
4 10 0 10  -0.0013137627
4 10 2 10  0.0000350828
4 10 4 10  0.0000452346
4 10 6 10  0.0002393720
4 11 1 10  -0.0013137627
4 11 3 10  0.0000350828
4 11 5 10  0.0000452346
4 11 7 10  0.0002393720
5 0 0 1  -0.0038583882
5 0 2 1  0.0000502470
5 0 4 1  0.0003459499
5 0 6 1  0.0012642265
5 1 1 1  -0.0038583882
5 1 3 1  0.0000502470
5 1 5 1  0.0003459499
5 1 7 1  0.0012642265
5 2 0 1  0.0000502470
5 2 2 1  -0.0011587886
5 2 4 1  -0.0000010405
5 2 6 1  0.0000261914
5 3 1 1  0.0000502470
5 3 3 1  -0.0011587886
5 3 5 1  -0.0000010405
5 3 7 1  0.0000261914
5 4 0 1  0.0003459499
5 4 2 1  -0.0000010405
5 4 4 1  0.0080792060
5 4 6 1  -0.0003369103
5 5 1 1  0.0003459499
5 5 3 1  -0.0000010405
5 5 5 1  0.0080792060
5 5 7 1  -0.0003369103
5 6 0 1  0.0012642265
5 6 2 1  0.0000261914
5 6 4 1  -0.0003369103
5 6 6 1  -0.0038120280
5 7 1 1  0.0012642265
5 7 3 1  0.0000261914
5 7 5 1  -0.0003369103
5 7 7 1  -0.0038120280
5 8 8 1  -0.0040219068
5 9 9 1  -0.0040219068
5 10 10 1  -0.0040219068
5 11 11 1  -0.0040219068
5 0 0 3  0.0000430985
5 0 2 3  -0.0000010405
5 0 4 3  -0.0000010405
5 1 1 3  0.0000430985
5 1 3 3  -0.0000010405
5 1 5 3  -0.0000010405
5 2 0 3  -0.0000010405
5 2 2 3  0.0000315937
5 2 4 3  0.0000000972
5 2 6 3  0.0000012036
5 3 1 3  -0.0000010405
5 3 3 3  0.0000315937
5 3 5 3  0.0000000972
5 3 7 3  0.0000012036
5 4 0 3  -0.0000010405
5 4 2 3  0.0000000972
5 4 4 3  0.0000315937
5 4 6 3  -0.0000012036
5 5 1 3  -0.0000010405
5 5 3 3  0.0000000972
5 5 5 3  0.0000315937
5 5 7 3  -0.0000012036
5 6 2 3  0.0000012036
5 6 4 3  -0.0000012036
5 6 6 3  0.0000311919
5 7 3 3  0.0000012036
5 7 5 3  -0.0000012036
5 7 7 3  0.0000311919
5 8 8 3  0.0000512184
5 9 9 3  0.0000512184
5 10 10 3  0.0000512184
5 11 11 3  0.0000512184
5 0 0 5  0.0664843888
5 0 2 5  -0.0011587886
5 0 4 5  0.0080792060
5 0 6 5  0.0107283183
5 1 1 5  0.0664843888
5 1 3 5  -0.0011587886
5 1 5 5  0.0080792060
5 1 7 5  0.0107283183
5 2 0 5  -0.0011587886
5 2 2 5  0.0331855569
5 2 4 5  0.0000315937
5 2 6 5  -0.0011076221
5 3 1 5  -0.0011587886
5 3 3 5  0.0331855569
5 3 5 5  0.0000315937
5 3 7 5  -0.0011076221
5 4 0 5  0.0080792060
5 4 2 5  0.0000315937
5 4 4 5  0.3864546170
5 4 6 5  -0.0096107145
5 5 1 5  0.0080792060
5 5 3 5  0.0000315937
5 5 5 5  0.3864546170
5 5 7 5  -0.0096107145
5 6 0 5  0.0107283183
5 6 2 5  -0.0011076221
5 6 4 5  -0.0096107145
5 6 6 5  0.0691972143
5 7 1 5  0.0107283183
5 7 3 5  -0.0011076221
5 7 5 5  -0.0096107145
5 7 7 5  0.0691972143
5 8 8 5  0.0650090680
5 9 9 5  0.0650090680
5 10 10 5  0.0650090680
5 11 11 5  0.0650090680
5 0 0 7  0.0030727525
5 0 2 7  -0.0000261914
5 0 4 7  -0.0003369103
5 0 6 7  -0.0013226528
5 1 1 7  0.0030727525
5 1 3 7  -0.0000261914
5 1 5 7  -0.0003369103
5 1 7 7  -0.0013226528
5 2 0 7  -0.0000261914
5 2 2 7  0.0011076221
5 2 4 7  -0.0000012036
5 2 6 7  -0.0000192982
5 3 1 7  -0.0000261914
5 3 3 7  0.0011076221
5 3 5 7  -0.0000012036
5 3 7 7  -0.0000192982
5 4 0 7  -0.0003369103
5 4 2 7  -0.0000012036
5 4 4 7  -0.0096107145
5 4 6 7  0.0004186322
5 5 1 7  -0.0003369103
5 5 3 7  -0.0000012036
5 5 5 7  -0.0096107145
5 5 7 7  0.0004186322
5 6 0 7  -0.0013226528
5 6 2 7  -0.0000192982
5 6 4 7  0.0004186322
5 6 6 7  0.0034751039
5 7 1 7  -0.0013226528
5 7 3 7  -0.0000192982
5 7 5 7  0.0004186322
5 7 7 7  0.0034751039
5 8 8 7  0.0029889091
5 9 9 7  0.0029889091
5 10 10 7  0.0029889091
5 11 11 7  0.0029889091
5 0 8 9  -0.0013137627
5 1 9 9  -0.0013137627
5 2 8 9  0.0000350828
5 3 9 9  0.0000350828
5 4 8 9  0.0000452346
5 5 9 9  0.0000452346
5 6 8 9  0.0002393720
5 7 9 9  0.0002393720
5 8 0 9  -0.0013137627
5 8 2 9  0.0000350828
5 8 4 9  0.0000452346
5 8 6 9  0.0002393720
5 9 1 9  -0.0013137627
5 9 3 9  0.0000350828
5 9 5 9  0.0000452346
5 9 7 9  0.0002393720
5 0 10 11  -0.0013137627
5 1 11 11  -0.0013137627
5 2 10 11  0.0000350828
5 3 11 11  0.0000350828
5 4 10 11  0.0000452346
5 5 11 11  0.0000452346
5 6 10 11  0.0002393720
5 7 11 11  0.0002393720
5 10 0 11  -0.0013137627
5 10 2 11  0.0000350828
5 10 4 11  0.0000452346
5 10 6 11  0.0002393720
5 11 1 11  -0.0013137627
5 11 3 11  0.0000350828
5 11 5 11  0.0000452346
5 11 7 11  0.0002393720
6 0 2 0  -0.0012642265
6 0 4 0  0.0012642265
6 0 6 0  0.0433447127
6 1 3 0  -0.0012642265
6 1 5 0  0.0012642265
6 1 7 0  0.0433447127
6 2 0 0  -0.0012642265
6 2 2 0  -0.0107283183
6 2 6 0  -0.0013226528
6 3 1 0  -0.0012642265
6 3 3 0  -0.0107283183
6 3 7 0  -0.0013226528
6 4 0 0  0.0012642265
6 4 4 0  0.0107283183
6 4 6 0  -0.0013226528
6 5 1 0  0.0012642265
6 5 5 0  0.0107283183
6 5 7 0  -0.0013226528
6 6 0 0  0.0433447127
6 6 2 0  -0.0013226528
6 6 4 0  -0.0013226528
6 7 1 0  0.0433447127
6 7 3 0  -0.0013226528
6 7 5 0  -0.0013226528
6 0 0 2  -0.0030727525
6 0 2 2  0.0003369103
6 0 4 2  0.0000261914
6 0 6 2  -0.0013226528
6 1 1 2  -0.0030727525
6 1 3 2  0.0003369103
6 1 5 2  0.0000261914
6 1 7 2  -0.0013226528
6 2 0 2  0.0003369103
6 2 2 2  0.0096107145
6 2 4 2  0.0000012036
6 2 6 2  0.0004186322
6 3 1 2  0.0003369103
6 3 3 2  0.0096107145
6 3 5 2  0.0000012036
6 3 7 2  0.0004186322
6 4 0 2  0.0000261914
6 4 2 2  0.0000012036
6 4 4 2  -0.0011076221
6 4 6 2  -0.0000192982
6 5 1 2  0.0000261914
6 5 3 2  0.0000012036
6 5 5 2  -0.0011076221
6 5 7 2  -0.0000192982
6 6 0 2  -0.0013226528
6 6 2 2  0.0004186322
6 6 4 2  -0.0000192982
6 6 6 2  -0.0034751039
6 7 1 2  -0.0013226528
6 7 3 2  0.0004186322
6 7 5 2  -0.0000192982
6 7 7 2  -0.0034751039
6 8 8 2  -0.0029889091
6 9 9 2  -0.0029889091
6 10 10 2  -0.0029889091
6 11 11 2  -0.0029889091
6 0 0 4  0.0030727525
6 0 2 4  -0.0000261914
6 0 4 4  -0.0003369103
6 0 6 4  -0.0013226528
6 1 1 4  0.0030727525
6 1 3 4  -0.0000261914
6 1 5 4  -0.0003369103
6 1 7 4  -0.0013226528
6 2 0 4  -0.0000261914
6 2 2 4  0.0011076221
6 2 4 4  -0.0000012036
6 2 6 4  -0.0000192982
6 3 1 4  -0.0000261914
6 3 3 4  0.0011076221
6 3 5 4  -0.0000012036
6 3 7 4  -0.0000192982
6 4 0 4  -0.0003369103
6 4 2 4  -0.0000012036
6 4 4 4  -0.0096107145
6 4 6 4  0.0004186322
6 5 1 4  -0.0003369103
6 5 3 4  -0.0000012036
6 5 5 4  -0.0096107145
6 5 7 4  0.0004186322
6 6 0 4  -0.0013226528
6 6 2 4  -0.0000192982
6 6 4 4  0.0004186322
6 6 6 4  0.0034751039
6 7 1 4  -0.0013226528
6 7 3 4  -0.0000192982
6 7 5 4  0.0004186322
6 7 7 4  0.0034751039
6 8 8 4  0.0029889091
6 9 9 4  0.0029889091
6 10 10 4  0.0029889091
6 11 11 4  0.0029889091
6 0 0 6  0.2045061850
6 0 2 6  -0.0038120280
6 0 4 6  -0.0038120280
6 1 1 6  0.2045061850
6 1 3 6  -0.0038120280
6 1 5 6  -0.0038120280
6 2 0 6  -0.0038120280
6 2 2 6  0.0691972143
6 2 4 6  0.0000311919
6 2 6 6  -0.0034751039
6 3 1 6  -0.0038120280
6 3 3 6  0.0691972143
6 3 5 6  0.0000311919
6 3 7 6  -0.0034751039
6 4 0 6  -0.0038120280
6 4 2 6  0.0000311919
6 4 4 6  0.0691972143
6 4 6 6  0.0034751039
6 5 1 6  -0.0038120280
6 5 3 6  0.0000311919
6 5 5 6  0.0691972143
6 5 7 6  0.0034751039
6 6 2 6  -0.0034751039
6 6 4 6  0.0034751039
6 6 6 6  0.2247612001
6 7 3 6  -0.0034751039
6 7 5 6  0.0034751039
6 7 7 6  0.2247612001
6 8 8 6  0.2006132069
6 9 9 6  0.2006132069
6 10 10 6  0.2006132069
6 11 11 6  0.2006132069
6 2 8 8  -0.0002393720
6 3 9 8  -0.0002393720
6 4 8 8  0.0002393720
6 5 9 8  0.0002393720
6 6 8 8  0.0121228233
6 7 9 8  0.0121228233
6 8 2 8  -0.0002393720
6 8 4 8  0.0002393720
6 8 6 8  0.0121228233
6 9 3 8  -0.0002393720
6 9 5 8  0.0002393720
6 9 7 8  0.0121228233
6 2 10 10  -0.0002393720
6 3 11 10  -0.0002393720
6 4 10 10  0.0002393720
6 5 11 10  0.0002393720
6 6 10 10  0.0121228233
6 7 11 10  0.0121228233
6 10 2 10  -0.0002393720
6 10 4 10  0.0002393720
6 10 6 10  0.0121228233
6 11 3 10  -0.0002393720
6 11 5 10  0.0002393720
6 11 7 10  0.0121228233
7 0 2 1  -0.0012642265
7 0 4 1  0.0012642265
7 0 6 1  0.0433447127
7 1 3 1  -0.0012642265
7 1 5 1  0.0012642265
7 1 7 1  0.0433447127
7 2 0 1  -0.0012642265
7 2 2 1  -0.0107283183
7 2 6 1  -0.0013226528
7 3 1 1  -0.0012642265
7 3 3 1  -0.0107283183
7 3 7 1  -0.0013226528
7 4 0 1  0.0012642265
7 4 4 1  0.0107283183
7 4 6 1  -0.0013226528
7 5 1 1  0.0012642265
7 5 5 1  0.0107283183
7 5 7 1  -0.0013226528
7 6 0 1  0.0433447127
7 6 2 1  -0.0013226528
7 6 4 1  -0.0013226528
7 7 1 1  0.0433447127
7 7 3 1  -0.0013226528
7 7 5 1  -0.0013226528
7 0 0 3  -0.0030727525
7 0 2 3  0.0003369103
7 0 4 3  0.0000261914
7 0 6 3  -0.0013226528
7 1 1 3  -0.0030727525
7 1 3 3  0.0003369103
7 1 5 3  0.0000261914
7 1 7 3  -0.0013226528
7 2 0 3  0.0003369103
7 2 2 3  0.0096107145
7 2 4 3  0.0000012036
7 2 6 3  0.0004186322
7 3 1 3  0.0003369103
7 3 3 3  0.0096107145
7 3 5 3  0.0000012036
7 3 7 3  0.0004186322
7 4 0 3  0.0000261914
7 4 2 3  0.0000012036
7 4 4 3  -0.0011076221
7 4 6 3  -0.0000192982
7 5 1 3  0.0000261914
7 5 3 3  0.0000012036
7 5 5 3  -0.0011076221
7 5 7 3  -0.0000192982
7 6 0 3  -0.0013226528
7 6 2 3  0.0004186322
7 6 4 3  -0.0000192982
7 6 6 3  -0.0034751039
7 7 1 3  -0.0013226528
7 7 3 3  0.0004186322
7 7 5 3  -0.0000192982
7 7 7 3  -0.0034751039
7 8 8 3  -0.0029889091
7 9 9 3  -0.0029889091
7 10 10 3  -0.0029889091
7 11 11 3  -0.0029889091
7 0 0 5  0.0030727525
7 0 2 5  -0.0000261914
7 0 4 5  -0.0003369103
7 0 6 5  -0.0013226528
7 1 1 5  0.0030727525
7 1 3 5  -0.0000261914
7 1 5 5  -0.0003369103
7 1 7 5  -0.0013226528
7 2 0 5  -0.0000261914
7 2 2 5  0.0011076221
7 2 4 5  -0.0000012036
7 2 6 5  -0.0000192982
7 3 1 5  -0.0000261914
7 3 3 5  0.0011076221
7 3 5 5  -0.0000012036
7 3 7 5  -0.0000192982
7 4 0 5  -0.0003369103
7 4 2 5  -0.0000012036
7 4 4 5  -0.0096107145
7 4 6 5  0.0004186322
7 5 1 5  -0.0003369103
7 5 3 5  -0.0000012036
7 5 5 5  -0.0096107145
7 5 7 5  0.0004186322
7 6 0 5  -0.0013226528
7 6 2 5  -0.0000192982
7 6 4 5  0.0004186322
7 6 6 5  0.0034751039
7 7 1 5  -0.0013226528
7 7 3 5  -0.0000192982
7 7 5 5  0.0004186322
7 7 7 5  0.0034751039
7 8 8 5  0.0029889091
7 9 9 5  0.0029889091
7 10 10 5  0.0029889091
7 11 11 5  0.0029889091
7 0 0 7  0.2045061850
7 0 2 7  -0.0038120280
7 0 4 7  -0.0038120280
7 1 1 7  0.2045061850
7 1 3 7  -0.0038120280
7 1 5 7  -0.0038120280
7 2 0 7  -0.0038120280
7 2 2 7  0.0691972143
7 2 4 7  0.0000311919
7 2 6 7  -0.0034751039
7 3 1 7  -0.0038120280
7 3 3 7  0.0691972143
7 3 5 7  0.0000311919
7 3 7 7  -0.0034751039
7 4 0 7  -0.0038120280
7 4 2 7  0.0000311919
7 4 4 7  0.0691972143
7 4 6 7  0.0034751039
7 5 1 7  -0.0038120280
7 5 3 7  0.0000311919
7 5 5 7  0.0691972143
7 5 7 7  0.0034751039
7 6 2 7  -0.0034751039
7 6 4 7  0.0034751039
7 6 6 7  0.2247612001
7 7 3 7  -0.0034751039
7 7 5 7  0.0034751039
7 7 7 7  0.2247612001
7 8 8 7  0.2006132069
7 9 9 7  0.2006132069
7 10 10 7  0.2006132069
7 11 11 7  0.2006132069
7 2 8 9  -0.0002393720
7 3 9 9  -0.0002393720
7 4 8 9  0.0002393720
7 5 9 9  0.0002393720
7 6 8 9  0.0121228233
7 7 9 9  0.0121228233
7 8 2 9  -0.0002393720
7 8 4 9  0.0002393720
7 8 6 9  0.0121228233
7 9 3 9  -0.0002393720
7 9 5 9  0.0002393720
7 9 7 9  0.0121228233
7 2 10 11  -0.0002393720
7 3 11 11  -0.0002393720
7 4 10 11  0.0002393720
7 5 11 11  0.0002393720
7 6 10 11  0.0121228233
7 7 11 11  0.0121228233
7 10 2 11  -0.0002393720
7 10 4 11  0.0002393720
7 10 6 11  0.0121228233
7 11 3 11  -0.0002393720
7 11 5 11  0.0002393720
7 11 7 11  0.0121228233
8 0 8 0  0.0433804894
8 1 9 0  0.0433804894
8 2 8 0  -0.0013137627
8 3 9 0  -0.0013137627
8 4 8 0  -0.0013137627
8 5 9 0  -0.0013137627
8 8 0 0  0.0433804894
8 8 2 0  -0.0013137627
8 8 4 0  -0.0013137627
8 9 1 0  0.0433804894
8 9 3 0  -0.0013137627
8 9 5 0  -0.0013137627
8 0 8 2  -0.0013137627
8 1 9 2  -0.0013137627
8 2 8 2  0.0000452346
8 3 9 2  0.0000452346
8 4 8 2  0.0000350828
8 5 9 2  0.0000350828
8 6 8 2  -0.0002393720
8 7 9 2  -0.0002393720
8 8 0 2  -0.0013137627
8 8 2 2  0.0000452346
8 8 4 2  0.0000350828
8 8 6 2  -0.0002393720
8 9 1 2  -0.0013137627
8 9 3 2  0.0000452346
8 9 5 2  0.0000350828
8 9 7 2  -0.0002393720
8 0 8 4  -0.0013137627
8 1 9 4  -0.0013137627
8 2 8 4  0.0000350828
8 3 9 4  0.0000350828
8 4 8 4  0.0000452346
8 5 9 4  0.0000452346
8 6 8 4  0.0002393720
8 7 9 4  0.0002393720
8 8 0 4  -0.0013137627
8 8 2 4  0.0000350828
8 8 4 4  0.0000452346
8 8 6 4  0.0002393720
8 9 1 4  -0.0013137627
8 9 3 4  0.0000350828
8 9 5 4  0.0000452346
8 9 7 4  0.0002393720
8 2 8 6  -0.0002393720
8 3 9 6  -0.0002393720
8 4 8 6  0.0002393720
8 5 9 6  0.0002393720
8 6 8 6  0.0121228233
8 7 9 6  0.0121228233
8 8 2 6  -0.0002393720
8 8 4 6  0.0002393720
8 8 6 6  0.0121228233
8 9 3 6  -0.0002393720
8 9 5 6  0.0002393720
8 9 7 6  0.0121228233
8 0 0 8  0.2045655357
8 0 2 8  -0.0040219068
8 0 4 8  -0.0040219068
8 1 1 8  0.2045655357
8 1 3 8  -0.0040219068
8 1 5 8  -0.0040219068
8 2 0 8  -0.0040219068
8 2 2 8  0.0650090680
8 2 4 8  0.0000512184
8 2 6 8  -0.0029889091
8 3 1 8  -0.0040219068
8 3 3 8  0.0650090680
8 3 5 8  0.0000512184
8 3 7 8  -0.0029889091
8 4 0 8  -0.0040219068
8 4 2 8  0.0000512184
8 4 4 8  0.0650090680
8 4 6 8  0.0029889091
8 5 1 8  -0.0040219068
8 5 3 8  0.0000512184
8 5 5 8  0.0650090680
8 5 7 8  0.0029889091
8 6 2 8  -0.0029889091
8 6 4 8  0.0029889091
8 6 6 8  0.2006132069
8 7 3 8  -0.0029889091
8 7 5 8  0.0029889091
8 7 7 8  0.2006132069
8 8 8 8  0.2249295448
8 9 9 8  0.2249295448
8 10 10 8  0.2006801619
8 11 11 8  0.2006801619
8 8 10 10  0.0121246912
8 9 11 10  0.0121246912
8 10 8 10  0.0121246912
8 11 9 10  0.0121246912
9 0 8 1  0.0433804894
9 1 9 1  0.0433804894
9 2 8 1  -0.0013137627
9 3 9 1  -0.0013137627
9 4 8 1  -0.0013137627
9 5 9 1  -0.0013137627
9 8 0 1  0.0433804894
9 8 2 1  -0.0013137627
9 8 4 1  -0.0013137627
9 9 1 1  0.0433804894
9 9 3 1  -0.0013137627
9 9 5 1  -0.0013137627
9 0 8 3  -0.0013137627
9 1 9 3  -0.0013137627
9 2 8 3  0.0000452346
9 3 9 3  0.0000452346
9 4 8 3  0.0000350828
9 5 9 3  0.0000350828
9 6 8 3  -0.0002393720
9 7 9 3  -0.0002393720
9 8 0 3  -0.0013137627
9 8 2 3  0.0000452346
9 8 4 3  0.0000350828
9 8 6 3  -0.0002393720
9 9 1 3  -0.0013137627
9 9 3 3  0.0000452346
9 9 5 3  0.0000350828
9 9 7 3  -0.0002393720
9 0 8 5  -0.0013137627
9 1 9 5  -0.0013137627
9 2 8 5  0.0000350828
9 3 9 5  0.0000350828
9 4 8 5  0.0000452346
9 5 9 5  0.0000452346
9 6 8 5  0.0002393720
9 7 9 5  0.0002393720
9 8 0 5  -0.0013137627
9 8 2 5  0.0000350828
9 8 4 5  0.0000452346
9 8 6 5  0.0002393720
9 9 1 5  -0.0013137627
9 9 3 5  0.0000350828
9 9 5 5  0.0000452346
9 9 7 5  0.0002393720
9 2 8 7  -0.0002393720
9 3 9 7  -0.0002393720
9 4 8 7  0.0002393720
9 5 9 7  0.0002393720
9 6 8 7  0.0121228233
9 7 9 7  0.0121228233
9 8 2 7  -0.0002393720
9 8 4 7  0.0002393720
9 8 6 7  0.0121228233
9 9 3 7  -0.0002393720
9 9 5 7  0.0002393720
9 9 7 7  0.0121228233
9 0 0 9  0.2045655357
9 0 2 9  -0.0040219068
9 0 4 9  -0.0040219068
9 1 1 9  0.2045655357
9 1 3 9  -0.0040219068
9 1 5 9  -0.0040219068
9 2 0 9  -0.0040219068
9 2 2 9  0.0650090680
9 2 4 9  0.0000512184
9 2 6 9  -0.0029889091
9 3 1 9  -0.0040219068
9 3 3 9  0.0650090680
9 3 5 9  0.0000512184
9 3 7 9  -0.0029889091
9 4 0 9  -0.0040219068
9 4 2 9  0.0000512184
9 4 4 9  0.0650090680
9 4 6 9  0.0029889091
9 5 1 9  -0.0040219068
9 5 3 9  0.0000512184
9 5 5 9  0.0650090680
9 5 7 9  0.0029889091
9 6 2 9  -0.0029889091
9 6 4 9  0.0029889091
9 6 6 9  0.2006132069
9 7 3 9  -0.0029889091
9 7 5 9  0.0029889091
9 7 7 9  0.2006132069
9 8 8 9  0.2249295448
9 9 9 9  0.2249295448
9 10 10 9  0.2006801619
9 11 11 9  0.2006801619
9 8 10 11  0.0121246912
9 9 11 11  0.0121246912
9 10 8 11  0.0121246912
9 11 9 11  0.0121246912
10 0 10 0  0.0433804894
10 1 11 0  0.0433804894
10 2 10 0  -0.0013137627
10 3 11 0  -0.0013137627
10 4 10 0  -0.0013137627
10 5 11 0  -0.0013137627
10 10 0 0  0.0433804894
10 10 2 0  -0.0013137627
10 10 4 0  -0.0013137627
10 11 1 0  0.0433804894
10 11 3 0  -0.0013137627
10 11 5 0  -0.0013137627
10 0 10 2  -0.0013137627
10 1 11 2  -0.0013137627
10 2 10 2  0.0000452346
10 3 11 2  0.0000452346
10 4 10 2  0.0000350828
10 5 11 2  0.0000350828
10 6 10 2  -0.0002393720
10 7 11 2  -0.0002393720
10 10 0 2  -0.0013137627
10 10 2 2  0.0000452346
10 10 4 2  0.0000350828
10 10 6 2  -0.0002393720
10 11 1 2  -0.0013137627
10 11 3 2  0.0000452346
10 11 5 2  0.0000350828
10 11 7 2  -0.0002393720
10 0 10 4  -0.0013137627
10 1 11 4  -0.0013137627
10 2 10 4  0.0000350828
10 3 11 4  0.0000350828
10 4 10 4  0.0000452346
10 5 11 4  0.0000452346
10 6 10 4  0.0002393720
10 7 11 4  0.0002393720
10 10 0 4  -0.0013137627
10 10 2 4  0.0000350828
10 10 4 4  0.0000452346
10 10 6 4  0.0002393720
10 11 1 4  -0.0013137627
10 11 3 4  0.0000350828
10 11 5 4  0.0000452346
10 11 7 4  0.0002393720
10 2 10 6  -0.0002393720
10 3 11 6  -0.0002393720
10 4 10 6  0.0002393720
10 5 11 6  0.0002393720
10 6 10 6  0.0121228233
10 7 11 6  0.0121228233
10 10 2 6  -0.0002393720
10 10 4 6  0.0002393720
10 10 6 6  0.0121228233
10 11 3 6  -0.0002393720
10 11 5 6  0.0002393720
10 11 7 6  0.0121228233
10 8 10 8  0.0121246912
10 9 11 8  0.0121246912
10 10 8 8  0.0121246912
10 11 9 8  0.0121246912
10 0 0 10  0.2045655357
10 0 2 10  -0.0040219068
10 0 4 10  -0.0040219068
10 1 1 10  0.2045655357
10 1 3 10  -0.0040219068
10 1 5 10  -0.0040219068
10 2 0 10  -0.0040219068
10 2 2 10  0.0650090680
10 2 4 10  0.0000512184
10 2 6 10  -0.0029889091
10 3 1 10  -0.0040219068
10 3 3 10  0.0650090680
10 3 5 10  0.0000512184
10 3 7 10  -0.0029889091
10 4 0 10  -0.0040219068
10 4 2 10  0.0000512184
10 4 4 10  0.0650090680
10 4 6 10  0.0029889091
10 5 1 10  -0.0040219068
10 5 3 10  0.0000512184
10 5 5 10  0.0650090680
10 5 7 10  0.0029889091
10 6 2 10  -0.0029889091
10 6 4 10  0.0029889091
10 6 6 10  0.2006132069
10 7 3 10  -0.0029889091
10 7 5 10  0.0029889091
10 7 7 10  0.2006132069
10 8 8 10  0.2006801619
10 9 9 10  0.2006801619
10 10 10 10  0.2249295448
10 11 11 10  0.2249295448
11 0 10 1  0.0433804894
11 1 11 1  0.0433804894
11 2 10 1  -0.0013137627
11 3 11 1  -0.0013137627
11 4 10 1  -0.0013137627
11 5 11 1  -0.0013137627
11 10 0 1  0.0433804894
11 10 2 1  -0.0013137627
11 10 4 1  -0.0013137627
11 11 1 1  0.0433804894
11 11 3 1  -0.0013137627
11 11 5 1  -0.0013137627
11 0 10 3  -0.0013137627
11 1 11 3  -0.0013137627
11 2 10 3  0.0000452346
11 3 11 3  0.0000452346
11 4 10 3  0.0000350828
11 5 11 3  0.0000350828
11 6 10 3  -0.0002393720
11 7 11 3  -0.0002393720
11 10 0 3  -0.0013137627
11 10 2 3  0.0000452346
11 10 4 3  0.0000350828
11 10 6 3  -0.0002393720
11 11 1 3  -0.0013137627
11 11 3 3  0.0000452346
11 11 5 3  0.0000350828
11 11 7 3  -0.0002393720
11 0 10 5  -0.0013137627
11 1 11 5  -0.0013137627
11 2 10 5  0.0000350828
11 3 11 5  0.0000350828
11 4 10 5  0.0000452346
11 5 11 5  0.0000452346
11 6 10 5  0.0002393720
11 7 11 5  0.0002393720
11 10 0 5  -0.0013137627
11 10 2 5  0.0000350828
11 10 4 5  0.0000452346
11 10 6 5  0.0002393720
11 11 1 5  -0.0013137627
11 11 3 5  0.0000350828
11 11 5 5  0.0000452346
11 11 7 5  0.0002393720
11 2 10 7  -0.0002393720
11 3 11 7  -0.0002393720
11 4 10 7  0.0002393720
11 5 11 7  0.0002393720
11 6 10 7  0.0121228233
11 7 11 7  0.0121228233
11 10 2 7  -0.0002393720
11 10 4 7  0.0002393720
11 10 6 7  0.0121228233
11 11 3 7  -0.0002393720
11 11 5 7  0.0002393720
11 11 7 7  0.0121228233
11 8 10 9  0.0121246912
11 9 11 9  0.0121246912
11 10 8 9  0.0121246912
11 11 9 9  0.0121246912
11 0 0 11  0.2045655357
11 0 2 11  -0.0040219068
11 0 4 11  -0.0040219068
11 1 1 11  0.2045655357
11 1 3 11  -0.0040219068
11 1 5 11  -0.0040219068
11 2 0 11  -0.0040219068
11 2 2 11  0.0650090680
11 2 4 11  0.0000512184
11 2 6 11  -0.0029889091
11 3 1 11  -0.0040219068
11 3 3 11  0.0650090680
11 3 5 11  0.0000512184
11 3 7 11  -0.0029889091
11 4 0 11  -0.0040219068
11 4 2 11  0.0000512184
11 4 4 11  0.0650090680
11 4 6 11  0.0029889091
11 5 1 11  -0.0040219068
11 5 3 11  0.0000512184
11 5 5 11  0.0650090680
11 5 7 11  0.0029889091
11 6 2 11  -0.0029889091
11 6 4 11  0.0029889091
11 6 6 11  0.2006132069
11 7 3 11  -0.0029889091
11 7 5 11  0.0029889091
11 7 7 11  0.2006132069
11 8 8 11  0.2006801619
11 9 9 11  0.2006801619
11 10 10 11  0.2249295448
11 11 11 11  0.2249295448
