-12.35744695330522
0 0  -1.1767505175
0 2  -0.0029752634
0 4  -0.0029752634
1 1  -1.1767505175
1 3  -0.0029752634
1 5  -0.0029752634
2 0  -0.0029752634
2 2  -1.0575181796
2 4  0.0778157052
2 6  0.0365552229
3 1  -0.0029752634
3 3  -1.0575181796
3 5  0.0778157052
3 7  0.0365552229
4 0  -0.0029752634
4 2  0.0778157052
4 4  -1.0575181796
4 6  -0.0365552229
5 1  -0.0029752634
5 3  0.0778157052
5 5  -1.0575181796
5 7  -0.0365552229
6 2  0.0365552229
6 4  -0.0365552229
6 6  -0.8812669628
7 3  0.0365552229
7 5  -0.0365552229
7 7  -0.8812669628
8 8  -0.9608349319
9 9  -0.9608349319
10 10  -0.9608349319
11 11  -0.9608349319
0 0 0 0  0.1676803324
0 0 2 0  -0.0099226890
0 0 4 0  -0.0099226890
0 1 1 0  0.1676803324
0 1 3 0  -0.0099226890
0 1 5 0  -0.0099226890
0 2 0 0  -0.0099226890
0 2 2 0  0.1566579651
0 2 4 0  0.0011343658
0 2 6 0  -0.0109686812
0 3 1 0  -0.0099226890
0 3 3 0  0.1566579651
0 3 5 0  0.0011343658
0 3 7 0  -0.0109686812
0 4 0 0  -0.0099226890
0 4 2 0  0.0011343658
0 4 4 0  0.1566579651
0 4 6 0  0.0109686812
0 5 1 0  -0.0099226890
0 5 3 0  0.0011343658
0 5 5 0  0.1566579651
0 5 7 0  0.0109686812
0 6 2 0  -0.0109686812
0 6 4 0  0.0109686812
0 6 6 0  0.1787565290
0 7 3 0  -0.0109686812
0 7 5 0  0.0109686812
0 7 7 0  0.1787565290
0 8 8 0  0.1760916366
0 9 9 0  0.1760916366
0 10 10 0  0.1760916366
0 11 11 0  0.1760916366
0 0 0 2  -0.0099226890
0 0 2 2  0.0497334235
0 0 4 2  -0.0073993386
0 0 6 2  -0.0002949341
0 1 1 2  -0.0099226890
0 1 3 2  0.0497334235
0 1 5 2  -0.0073993386
0 1 7 2  -0.0002949341
0 2 0 2  0.0497334235
0 2 2 2  0.0588000526
0 2 4 2  -0.0019127883
0 2 6 2  0.0460804213
0 3 1 2  0.0497334235
0 3 3 2  0.0588000526
0 3 5 2  -0.0019127883
0 3 7 2  0.0460804213
0 4 0 2  -0.0073993386
0 4 2 2  -0.0019127883
0 4 4 2  -0.0227181277
0 4 6 2  0.0068309293
0 5 1 2  -0.0073993386
0 5 3 2  -0.0019127883
0 5 5 2  -0.0227181277
0 5 7 2  0.0068309293
0 6 0 2  -0.0002949341
0 6 2 2  0.0460804213
0 6 4 2  0.0068309293
0 6 6 2  -0.0106054033
0 7 1 2  -0.0002949341
0 7 3 2  0.0460804213
0 7 5 2  0.0068309293
0 7 7 2  -0.0106054033
0 8 8 2  -0.0317818328
0 9 9 2  -0.0317818328
0 10 10 2  -0.0317818328
0 11 11 2  -0.0317818328
0 0 0 4  -0.0099226890
0 0 2 4  -0.0073993386
0 0 4 4  0.0497334235
0 0 6 4  0.0002949341
0 1 1 4  -0.0099226890
0 1 3 4  -0.0073993386
0 1 5 4  0.0497334235
0 1 7 4  0.0002949341
0 2 0 4  -0.0073993386
0 2 2 4  -0.0227181277
0 2 4 4  -0.0019127883
0 2 6 4  -0.0068309293
0 3 1 4  -0.0073993386
0 3 3 4  -0.0227181277
0 3 5 4  -0.0019127883
0 3 7 4  -0.0068309293
0 4 0 4  0.0497334235
0 4 2 4  -0.0019127883
0 4 4 4  0.0588000526
0 4 6 4  -0.0460804213
0 5 1 4  0.0497334235
0 5 3 4  -0.0019127883
0 5 5 4  0.0588000526
0 5 7 4  -0.0460804213
0 6 0 4  0.0002949341
0 6 2 4  -0.0068309293
0 6 4 4  -0.0460804213
0 6 6 4  -0.0106054033
0 7 1 4  0.0002949341
0 7 3 4  -0.0068309293
0 7 5 4  -0.0460804213
0 7 7 4  -0.0106054033
0 8 8 4  -0.0317818328
0 9 9 4  -0.0317818328
0 10 10 4  -0.0317818328
0 11 11 4  -0.0317818328
0 0 2 6  -0.0002949341
0 0 4 6  0.0002949341
0 0 6 6  0.0261598632
0 1 3 6  -0.0002949341
0 1 5 6  0.0002949341
0 1 7 6  0.0261598632
0 2 0 6  -0.0002949341
0 2 2 6  0.0235866260
0 2 6 6  0.0011029750
0 3 1 6  -0.0002949341
0 3 3 6  0.0235866260
0 3 7 6  0.0011029750
0 4 0 6  0.0002949341
0 4 4 6  -0.0235866260
0 4 6 6  0.0011029750
0 5 1 6  0.0002949341
0 5 5 6  -0.0235866260
0 5 7 6  0.0011029750
0 6 0 6  0.0261598632
0 6 2 6  0.0011029750
0 6 4 6  0.0011029750
0 7 1 6  0.0261598632
0 7 3 6  0.0011029750
0 7 5 6  0.0011029750
0 0 8 8  0.0296343303
0 1 9 8  0.0296343303
0 2 8 8  -0.0149525670
0 3 9 8  -0.0149525670
0 4 8 8  -0.0149525670
0 5 9 8  -0.0149525670
0 8 0 8  0.0296343303
0 8 2 8  -0.0149525670
0 8 4 8  -0.0149525670
0 9 1 8  0.0296343303
0 9 3 8  -0.0149525670
0 9 5 8  -0.0149525670
0 0 10 10  0.0296343303
0 1 11 10  0.0296343303
0 2 10 10  -0.0149525670
0 3 11 10  -0.0149525670
0 4 10 10  -0.0149525670
0 5 11 10  -0.0149525670
0 10 0 10  0.0296343303
0 10 2 10  -0.0149525670
0 10 4 10  -0.0149525670
0 11 1 10  0.0296343303
0 11 3 10  -0.0149525670
0 11 5 10  -0.0149525670
1 0 0 1  0.1676803324
1 0 2 1  -0.0099226890
1 0 4 1  -0.0099226890
1 1 1 1  0.1676803324
1 1 3 1  -0.0099226890
1 1 5 1  -0.0099226890
1 2 0 1  -0.0099226890
1 2 2 1  0.1566579651
1 2 4 1  0.0011343658
1 2 6 1  -0.0109686812
1 3 1 1  -0.0099226890
1 3 3 1  0.1566579651
1 3 5 1  0.0011343658
1 3 7 1  -0.0109686812
1 4 0 1  -0.0099226890
1 4 2 1  0.0011343658
1 4 4 1  0.1566579651
1 4 6 1  0.0109686812
1 5 1 1  -0.0099226890
1 5 3 1  0.0011343658
1 5 5 1  0.1566579651
1 5 7 1  0.0109686812
1 6 2 1  -0.0109686812
1 6 4 1  0.0109686812
1 6 6 1  0.1787565290
1 7 3 1  -0.0109686812
1 7 5 1  0.0109686812
1 7 7 1  0.1787565290
1 8 8 1  0.1760916366
1 9 9 1  0.1760916366
1 10 10 1  0.1760916366
1 11 11 1  0.1760916366
1 0 0 3  -0.0099226890
1 0 2 3  0.0497334235
1 0 4 3  -0.0073993386
1 0 6 3  -0.0002949341
1 1 1 3  -0.0099226890
1 1 3 3  0.0497334235
1 1 5 3  -0.0073993386
1 1 7 3  -0.0002949341
1 2 0 3  0.0497334235
1 2 2 3  0.0588000526
1 2 4 3  -0.0019127883
1 2 6 3  0.0460804213
1 3 1 3  0.0497334235
1 3 3 3  0.0588000526
1 3 5 3  -0.0019127883
1 3 7 3  0.0460804213
1 4 0 3  -0.0073993386
1 4 2 3  -0.0019127883
1 4 4 3  -0.0227181277
1 4 6 3  0.0068309293
1 5 1 3  -0.0073993386
1 5 3 3  -0.0019127883
1 5 5 3  -0.0227181277
1 5 7 3  0.0068309293
1 6 0 3  -0.0002949341
1 6 2 3  0.0460804213
1 6 4 3  0.0068309293
1 6 6 3  -0.0106054033
1 7 1 3  -0.0002949341
1 7 3 3  0.0460804213
1 7 5 3  0.0068309293
1 7 7 3  -0.0106054033
1 8 8 3  -0.0317818328
1 9 9 3  -0.0317818328
1 10 10 3  -0.0317818328
1 11 11 3  -0.0317818328
1 0 0 5  -0.0099226890
1 0 2 5  -0.0073993386
1 0 4 5  0.0497334235
1 0 6 5  0.0002949341
1 1 1 5  -0.0099226890
1 1 3 5  -0.0073993386
1 1 5 5  0.0497334235
1 1 7 5  0.0002949341
1 2 0 5  -0.0073993386
1 2 2 5  -0.0227181277
1 2 4 5  -0.0019127883
1 2 6 5  -0.0068309293
1 3 1 5  -0.0073993386
1 3 3 5  -0.0227181277
1 3 5 5  -0.0019127883
1 3 7 5  -0.0068309293
1 4 0 5  0.0497334235
1 4 2 5  -0.0019127883
1 4 4 5  0.0588000526
1 4 6 5  -0.0460804213
1 5 1 5  0.0497334235
1 5 3 5  -0.0019127883
1 5 5 5  0.0588000526
1 5 7 5  -0.0460804213
1 6 0 5  0.0002949341
1 6 2 5  -0.0068309293
1 6 4 5  -0.0460804213
1 6 6 5  -0.0106054033
1 7 1 5  0.0002949341
1 7 3 5  -0.0068309293
1 7 5 5  -0.0460804213
1 7 7 5  -0.0106054033
1 8 8 5  -0.0317818328
1 9 9 5  -0.0317818328
1 10 10 5  -0.0317818328
1 11 11 5  -0.0317818328
1 0 2 7  -0.0002949341
1 0 4 7  0.0002949341
1 0 6 7  0.0261598632
1 1 3 7  -0.0002949341
1 1 5 7  0.0002949341
1 1 7 7  0.0261598632
1 2 0 7  -0.0002949341
1 2 2 7  0.0235866260
1 2 6 7  0.0011029750
1 3 1 7  -0.0002949341
1 3 3 7  0.0235866260
1 3 7 7  0.0011029750
1 4 0 7  0.0002949341
1 4 4 7  -0.0235866260
1 4 6 7  0.0011029750
1 5 1 7  0.0002949341
1 5 5 7  -0.0235866260
1 5 7 7  0.0011029750
1 6 0 7  0.0261598632
1 6 2 7  0.0011029750
1 6 4 7  0.0011029750
1 7 1 7  0.0261598632
1 7 3 7  0.0011029750
1 7 5 7  0.0011029750
1 0 8 9  0.0296343303
1 1 9 9  0.0296343303
1 2 8 9  -0.0149525670
1 3 9 9  -0.0149525670
1 4 8 9  -0.0149525670
1 5 9 9  -0.0149525670
1 8 0 9  0.0296343303
1 8 2 9  -0.0149525670
1 8 4 9  -0.0149525670
1 9 1 9  0.0296343303
1 9 3 9  -0.0149525670
1 9 5 9  -0.0149525670
1 0 10 11  0.0296343303
1 1 11 11  0.0296343303
1 2 10 11  -0.0149525670
1 3 11 11  -0.0149525670
1 4 10 11  -0.0149525670
1 5 11 11  -0.0149525670
1 10 0 11  0.0296343303
1 10 2 11  -0.0149525670
1 10 4 11  -0.0149525670
1 11 1 11  0.0296343303
1 11 3 11  -0.0149525670
1 11 5 11  -0.0149525670
2 0 0 0  -0.0099226890
2 0 2 0  0.0497334235
2 0 4 0  -0.0073993386
2 0 6 0  -0.0002949341
2 1 1 0  -0.0099226890
2 1 3 0  0.0497334235
2 1 5 0  -0.0073993386
2 1 7 0  -0.0002949341
2 2 0 0  0.0497334235
2 2 2 0  0.0588000526
2 2 4 0  -0.0019127883
2 2 6 0  0.0460804213
2 3 1 0  0.0497334235
2 3 3 0  0.0588000526
2 3 5 0  -0.0019127883
2 3 7 0  0.0460804213
2 4 0 0  -0.0073993386
2 4 2 0  -0.0019127883
2 4 4 0  -0.0227181277
2 4 6 0  0.0068309293
2 5 1 0  -0.0073993386
2 5 3 0  -0.0019127883
2 5 5 0  -0.0227181277
2 5 7 0  0.0068309293
2 6 0 0  -0.0002949341
2 6 2 0  0.0460804213
2 6 4 0  0.0068309293
2 6 6 0  -0.0106054033
2 7 1 0  -0.0002949341
2 7 3 0  0.0460804213
2 7 5 0  0.0068309293
2 7 7 0  -0.0106054033
2 8 8 0  -0.0317818328
2 9 9 0  -0.0317818328
2 10 10 0  -0.0317818328
2 11 11 0  -0.0317818328
2 0 0 2  0.1566579651
2 0 2 2  0.0588000526
2 0 4 2  -0.0227181277
2 0 6 2  0.0235866260
2 1 1 2  0.1566579651
2 1 3 2  0.0588000526
2 1 5 2  -0.0227181277
2 1 7 2  0.0235866260
2 2 0 2  0.0588000526
2 2 2 2  0.2639867809
2 2 4 2  -0.0005195076
2 2 6 2  0.0554725396
2 3 1 2  0.0588000526
2 3 3 2  0.2639867809
2 3 5 2  -0.0005195076
2 3 7 2  0.0554725396
2 4 0 2  -0.0227181277
2 4 2 2  -0.0005195076
2 4 4 2  0.1030222224
2 4 6 2  0.0238973887
2 5 1 2  -0.0227181277
2 5 3 2  -0.0005195076
2 5 5 2  0.1030222224
2 5 7 2  0.0238973887
2 6 0 2  0.0235866260
2 6 2 2  0.0554725396
2 6 4 2  0.0238973887
2 6 6 2  0.1683004422
2 7 1 2  0.0235866260
2 7 3 2  0.0554725396
2 7 5 2  0.0238973887
2 7 7 2  0.1683004422
2 8 8 2  0.1373075018
2 9 9 2  0.1373075018
2 10 10 2  0.1373075018
2 11 11 2  0.1373075018
2 0 0 4  0.0011343658
2 0 2 4  -0.0019127883
2 0 4 4  -0.0019127883
2 1 1 4  0.0011343658
2 1 3 4  -0.0019127883
2 1 5 4  -0.0019127883
2 2 0 4  -0.0019127883
2 2 2 4  -0.0005195076
2 2 4 4  0.0013937026
2 2 6 4  -0.0001259250
2 3 1 4  -0.0019127883
2 3 3 4  -0.0005195076
2 3 5 4  0.0013937026
2 3 7 4  -0.0001259250
2 4 0 4  -0.0019127883
2 4 2 4  0.0013937026
2 4 4 4  -0.0005195076
2 4 6 4  0.0001259250
2 5 1 4  -0.0019127883
2 5 3 4  0.0013937026
2 5 5 4  -0.0005195076
2 5 7 4  0.0001259250
2 6 2 4  -0.0001259250
2 6 4 4  0.0001259250
2 6 6 4  0.0006552213
2 7 3 4  -0.0001259250
2 7 5 4  0.0001259250
2 7 7 4  0.0006552213
2 8 8 4  0.0051043072
2 9 9 4  0.0051043072
2 10 10 4  0.0051043072
2 11 11 4  0.0051043072
2 0 0 6  -0.0109686812
2 0 2 6  0.0460804213
2 0 4 6  -0.0068309293
2 0 6 6  0.0011029750
2 1 1 6  -0.0109686812
2 1 3 6  0.0460804213
2 1 5 6  -0.0068309293
2 1 7 6  0.0011029750
2 2 0 6  0.0460804213
2 2 2 6  0.0554725396
2 2 4 6  -0.0001259250
2 2 6 6  0.0470476328
2 3 1 6  0.0460804213
2 3 3 6  0.0554725396
2 3 5 6  -0.0001259250
2 3 7 6  0.0470476328
2 4 0 6  -0.0068309293
2 4 2 6  -0.0001259250
2 4 4 6  -0.0238973887
2 4 6 6  0.0054000797
2 5 1 6  -0.0068309293
2 5 3 6  -0.0001259250
2 5 5 6  -0.0238973887
2 5 7 6  0.0054000797
2 6 0 6  0.0011029750
2 6 2 6  0.0470476328
2 6 4 6  0.0054000797
2 6 6 6  -0.0145021496
2 7 1 6  0.0011029750
2 7 3 6  0.0470476328
2 7 5 6  0.0054000797
2 7 7 6  -0.0145021496
2 8 8 6  -0.0281583803
2 9 9 6  -0.0281583803
2 10 10 6  -0.0281583803
2 11 11 6  -0.0281583803
2 0 8 8  -0.0149525670
2 1 9 8  -0.0149525670
2 2 8 8  0.0092408292
2 3 9 8  0.0092408292
2 4 8 8  0.0061767422
2 5 9 8  0.0061767422
2 6 8 8  -0.0037622128
2 7 9 8  -0.0037622128
2 8 0 8  -0.0149525670
2 8 2 8  0.0092408292
2 8 4 8  0.0061767422
2 8 6 8  -0.0037622128
2 9 1 8  -0.0149525670
2 9 3 8  0.0092408292
2 9 5 8  0.0061767422
2 9 7 8  -0.0037622128
2 0 10 10  -0.0149525670
2 1 11 10  -0.0149525670
2 2 10 10  0.0092408292
2 3 11 10  0.0092408292
2 4 10 10  0.0061767422
2 5 11 10  0.0061767422
2 6 10 10  -0.0037622128
2 7 11 10  -0.0037622128
2 10 0 10  -0.0149525670
2 10 2 10  0.0092408292
2 10 4 10  0.0061767422
2 10 6 10  -0.0037622128
2 11 1 10  -0.0149525670
2 11 3 10  0.0092408292
2 11 5 10  0.0061767422
2 11 7 10  -0.0037622128
3 0 0 1  -0.0099226890
3 0 2 1  0.0497334235
3 0 4 1  -0.0073993386
3 0 6 1  -0.0002949341
3 1 1 1  -0.0099226890
3 1 3 1  0.0497334235
3 1 5 1  -0.0073993386
3 1 7 1  -0.0002949341
3 2 0 1  0.0497334235
3 2 2 1  0.0588000526
3 2 4 1  -0.0019127883
3 2 6 1  0.0460804213
3 3 1 1  0.0497334235
3 3 3 1  0.0588000526
3 3 5 1  -0.0019127883
3 3 7 1  0.0460804213
3 4 0 1  -0.0073993386
3 4 2 1  -0.0019127883
3 4 4 1  -0.0227181277
3 4 6 1  0.0068309293
3 5 1 1  -0.0073993386
3 5 3 1  -0.0019127883
3 5 5 1  -0.0227181277
3 5 7 1  0.0068309293
3 6 0 1  -0.0002949341
3 6 2 1  0.0460804213
3 6 4 1  0.0068309293
3 6 6 1  -0.0106054033
3 7 1 1  -0.0002949341
3 7 3 1  0.0460804213
3 7 5 1  0.0068309293
3 7 7 1  -0.0106054033
3 8 8 1  -0.0317818328
3 9 9 1  -0.0317818328
3 10 10 1  -0.0317818328
3 11 11 1  -0.0317818328
3 0 0 3  0.1566579651
3 0 2 3  0.0588000526
3 0 4 3  -0.0227181277
3 0 6 3  0.0235866260
3 1 1 3  0.1566579651
3 1 3 3  0.0588000526
3 1 5 3  -0.0227181277
3 1 7 3  0.0235866260
3 2 0 3  0.0588000526
3 2 2 3  0.2639867809
3 2 4 3  -0.0005195076
3 2 6 3  0.0554725396
3 3 1 3  0.0588000526
3 3 3 3  0.2639867809
3 3 5 3  -0.0005195076
3 3 7 3  0.0554725396
3 4 0 3  -0.0227181277
3 4 2 3  -0.0005195076
3 4 4 3  0.1030222224
3 4 6 3  0.0238973887
3 5 1 3  -0.0227181277
3 5 3 3  -0.0005195076
3 5 5 3  0.1030222224
3 5 7 3  0.0238973887
3 6 0 3  0.0235866260
3 6 2 3  0.0554725396
3 6 4 3  0.0238973887
3 6 6 3  0.1683004422
3 7 1 3  0.0235866260
3 7 3 3  0.0554725396
3 7 5 3  0.0238973887
3 7 7 3  0.1683004422
3 8 8 3  0.1373075018
3 9 9 3  0.1373075018
3 10 10 3  0.1373075018
3 11 11 3  0.1373075018
3 0 0 5  0.0011343658
3 0 2 5  -0.0019127883
3 0 4 5  -0.0019127883
3 1 1 5  0.0011343658
3 1 3 5  -0.0019127883
3 1 5 5  -0.0019127883
3 2 0 5  -0.0019127883
3 2 2 5  -0.0005195076
3 2 4 5  0.0013937026
3 2 6 5  -0.0001259250
3 3 1 5  -0.0019127883
3 3 3 5  -0.0005195076
3 3 5 5  0.0013937026
3 3 7 5  -0.0001259250
3 4 0 5  -0.0019127883
3 4 2 5  0.0013937026
3 4 4 5  -0.0005195076
3 4 6 5  0.0001259250
3 5 1 5  -0.0019127883
3 5 3 5  0.0013937026
3 5 5 5  -0.0005195076
3 5 7 5  0.0001259250
3 6 2 5  -0.0001259250
3 6 4 5  0.0001259250
3 6 6 5  0.0006552213
3 7 3 5  -0.0001259250
3 7 5 5  0.0001259250
3 7 7 5  0.0006552213
3 8 8 5  0.0051043072
3 9 9 5  0.0051043072
3 10 10 5  0.0051043072
3 11 11 5  0.0051043072
3 0 0 7  -0.0109686812
3 0 2 7  0.0460804213
3 0 4 7  -0.0068309293
3 0 6 7  0.0011029750
3 1 1 7  -0.0109686812
3 1 3 7  0.0460804213
3 1 5 7  -0.0068309293
3 1 7 7  0.0011029750
3 2 0 7  0.0460804213
3 2 2 7  0.0554725396
3 2 4 7  -0.0001259250
3 2 6 7  0.0470476328
3 3 1 7  0.0460804213
3 3 3 7  0.0554725396
3 3 5 7  -0.0001259250
3 3 7 7  0.0470476328
3 4 0 7  -0.0068309293
3 4 2 7  -0.0001259250
3 4 4 7  -0.0238973887
3 4 6 7  0.0054000797
3 5 1 7  -0.0068309293
3 5 3 7  -0.0001259250
3 5 5 7  -0.0238973887
3 5 7 7  0.0054000797
3 6 0 7  0.0011029750
3 6 2 7  0.0470476328
3 6 4 7  0.0054000797
3 6 6 7  -0.0145021496
3 7 1 7  0.0011029750
3 7 3 7  0.0470476328
3 7 5 7  0.0054000797
3 7 7 7  -0.0145021496
3 8 8 7  -0.0281583803
3 9 9 7  -0.0281583803
3 10 10 7  -0.0281583803
3 11 11 7  -0.0281583803
3 0 8 9  -0.0149525670
3 1 9 9  -0.0149525670
3 2 8 9  0.0092408292
3 3 9 9  0.0092408292
3 4 8 9  0.0061767422
3 5 9 9  0.0061767422
3 6 8 9  -0.0037622128
3 7 9 9  -0.0037622128
3 8 0 9  -0.0149525670
3 8 2 9  0.0092408292
3 8 4 9  0.0061767422
3 8 6 9  -0.0037622128
3 9 1 9  -0.0149525670
3 9 3 9  0.0092408292
3 9 5 9  0.0061767422
3 9 7 9  -0.0037622128
3 0 10 11  -0.0149525670
3 1 11 11  -0.0149525670
3 2 10 11  0.0092408292
3 3 11 11  0.0092408292
3 4 10 11  0.0061767422
3 5 11 11  0.0061767422
3 6 10 11  -0.0037622128
3 7 11 11  -0.0037622128
3 10 0 11  -0.0149525670
3 10 2 11  0.0092408292
3 10 4 11  0.0061767422
3 10 6 11  -0.0037622128
3 11 1 11  -0.0149525670
3 11 3 11  0.0092408292
3 11 5 11  0.0061767422
3 11 7 11  -0.0037622128
4 0 0 0  -0.0099226890
4 0 2 0  -0.0073993386
4 0 4 0  0.0497334235
4 0 6 0  0.0002949341
4 1 1 0  -0.0099226890
4 1 3 0  -0.0073993386
4 1 5 0  0.0497334235
4 1 7 0  0.0002949341
4 2 0 0  -0.0073993386
4 2 2 0  -0.0227181277
4 2 4 0  -0.0019127883
4 2 6 0  -0.0068309293
4 3 1 0  -0.0073993386
4 3 3 0  -0.0227181277
4 3 5 0  -0.0019127883
4 3 7 0  -0.0068309293
4 4 0 0  0.0497334235
4 4 2 0  -0.0019127883
4 4 4 0  0.0588000526
4 4 6 0  -0.0460804213
4 5 1 0  0.0497334235
4 5 3 0  -0.0019127883
4 5 5 0  0.0588000526
4 5 7 0  -0.0460804213
4 6 0 0  0.0002949341
4 6 2 0  -0.0068309293
4 6 4 0  -0.0460804213
4 6 6 0  -0.0106054033
4 7 1 0  0.0002949341
4 7 3 0  -0.0068309293
4 7 5 0  -0.0460804213
4 7 7 0  -0.0106054033
4 8 8 0  -0.0317818328
4 9 9 0  -0.0317818328
4 10 10 0  -0.0317818328
4 11 11 0  -0.0317818328
4 0 0 2  0.0011343658
4 0 2 2  -0.0019127883
4 0 4 2  -0.0019127883
4 1 1 2  0.0011343658
4 1 3 2  -0.0019127883
4 1 5 2  -0.0019127883
4 2 0 2  -0.0019127883
4 2 2 2  -0.0005195076
4 2 4 2  0.0013937026
4 2 6 2  -0.0001259250
4 3 1 2  -0.0019127883
4 3 3 2  -0.0005195076
4 3 5 2  0.0013937026
4 3 7 2  -0.0001259250
4 4 0 2  -0.0019127883
4 4 2 2  0.0013937026
4 4 4 2  -0.0005195076
4 4 6 2  0.0001259250
4 5 1 2  -0.0019127883
4 5 3 2  0.0013937026
4 5 5 2  -0.0005195076
4 5 7 2  0.0001259250
4 6 2 2  -0.0001259250
4 6 4 2  0.0001259250
4 6 6 2  0.0006552213
4 7 3 2  -0.0001259250
4 7 5 2  0.0001259250
4 7 7 2  0.0006552213
4 8 8 2  0.0051043072
4 9 9 2  0.0051043072
4 10 10 2  0.0051043072
4 11 11 2  0.0051043072
4 0 0 4  0.1566579651
4 0 2 4  -0.0227181277
4 0 4 4  0.0588000526
4 0 6 4  -0.0235866260
4 1 1 4  0.1566579651
4 1 3 4  -0.0227181277
4 1 5 4  0.0588000526
4 1 7 4  -0.0235866260
4 2 0 4  -0.0227181277
4 2 2 4  0.1030222224
4 2 4 4  -0.0005195076
4 2 6 4  -0.0238973887
4 3 1 4  -0.0227181277
4 3 3 4  0.1030222224
4 3 5 4  -0.0005195076
4 3 7 4  -0.0238973887
4 4 0 4  0.0588000526
4 4 2 4  -0.0005195076
4 4 4 4  0.2639867809
4 4 6 4  -0.0554725396
4 5 1 4  0.0588000526
4 5 3 4  -0.0005195076
4 5 5 4  0.2639867809
4 5 7 4  -0.0554725396
4 6 0 4  -0.0235866260
4 6 2 4  -0.0238973887
4 6 4 4  -0.0554725396
4 6 6 4  0.1683004422
4 7 1 4  -0.0235866260
4 7 3 4  -0.0238973887
4 7 5 4  -0.0554725396
4 7 7 4  0.1683004422
4 8 8 4  0.1373075018
4 9 9 4  0.1373075018
4 10 10 4  0.1373075018
4 11 11 4  0.1373075018
4 0 0 6  0.0109686812
4 0 2 6  0.0068309293
4 0 4 6  -0.0460804213
4 0 6 6  0.0011029750
4 1 1 6  0.0109686812
4 1 3 6  0.0068309293
4 1 5 6  -0.0460804213
4 1 7 6  0.0011029750
4 2 0 6  0.0068309293
4 2 2 6  0.0238973887
4 2 4 6  0.0001259250
4 2 6 6  0.0054000797
4 3 1 6  0.0068309293
4 3 3 6  0.0238973887
4 3 5 6  0.0001259250
4 3 7 6  0.0054000797
4 4 0 6  -0.0460804213
4 4 2 6  0.0001259250
4 4 4 6  -0.0554725396
4 4 6 6  0.0470476328
4 5 1 6  -0.0460804213
4 5 3 6  0.0001259250
4 5 5 6  -0.0554725396
4 5 7 6  0.0470476328
4 6 0 6  0.0011029750
4 6 2 6  0.0054000797
4 6 4 6  0.0470476328
4 6 6 6  0.0145021496
4 7 1 6  0.0011029750
4 7 3 6  0.0054000797
4 7 5 6  0.0470476328
4 7 7 6  0.0145021496
4 8 8 6  0.0281583803
4 9 9 6  0.0281583803
4 10 10 6  0.0281583803
4 11 11 6  0.0281583803
4 0 8 8  -0.0149525670
4 1 9 8  -0.0149525670
4 2 8 8  0.0061767422
4 3 9 8  0.0061767422
4 4 8 8  0.0092408292
4 5 9 8  0.0092408292
4 6 8 8  0.0037622128
4 7 9 8  0.0037622128
4 8 0 8  -0.0149525670
4 8 2 8  0.0061767422
4 8 4 8  0.0092408292
4 8 6 8  0.0037622128
4 9 1 8  -0.0149525670
4 9 3 8  0.0061767422
4 9 5 8  0.0092408292
4 9 7 8  0.0037622128
4 0 10 10  -0.0149525670
4 1 11 10  -0.0149525670
4 2 10 10  0.0061767422
4 3 11 10  0.0061767422
4 4 10 10  0.0092408292
4 5 11 10  0.0092408292
4 6 10 10  0.0037622128
4 7 11 10  0.0037622128
4 10 0 10  -0.0149525670
4 10 2 10  0.0061767422
4 10 4 10  0.0092408292
4 10 6 10  0.0037622128
4 11 1 10  -0.0149525670
4 11 3 10  0.0061767422
4 11 5 10  0.0092408292
4 11 7 10  0.0037622128
5 0 0 1  -0.0099226890
5 0 2 1  -0.0073993386
5 0 4 1  0.0497334235
5 0 6 1  0.0002949341
5 1 1 1  -0.0099226890
5 1 3 1  -0.0073993386
5 1 5 1  0.0497334235
5 1 7 1  0.0002949341
5 2 0 1  -0.0073993386
5 2 2 1  -0.0227181277
5 2 4 1  -0.0019127883
5 2 6 1  -0.0068309293
5 3 1 1  -0.0073993386
5 3 3 1  -0.0227181277
5 3 5 1  -0.0019127883
5 3 7 1  -0.0068309293
5 4 0 1  0.0497334235
5 4 2 1  -0.0019127883
5 4 4 1  0.0588000526
5 4 6 1  -0.0460804213
5 5 1 1  0.0497334235
5 5 3 1  -0.0019127883
5 5 5 1  0.0588000526
5 5 7 1  -0.0460804213
5 6 0 1  0.0002949341
5 6 2 1  -0.0068309293
5 6 4 1  -0.0460804213
5 6 6 1  -0.0106054033
5 7 1 1  0.0002949341
5 7 3 1  -0.0068309293
5 7 5 1  -0.0460804213
5 7 7 1  -0.0106054033
5 8 8 1  -0.0317818328
5 9 9 1  -0.0317818328
5 10 10 1  -0.0317818328
5 11 11 1  -0.0317818328
5 0 0 3  0.0011343658
5 0 2 3  -0.0019127883
5 0 4 3  -0.0019127883
5 1 1 3  0.0011343658
5 1 3 3  -0.0019127883
5 1 5 3  -0.0019127883
5 2 0 3  -0.0019127883
5 2 2 3  -0.0005195076
5 2 4 3  0.0013937026
5 2 6 3  -0.0001259250
5 3 1 3  -0.0019127883
5 3 3 3  -0.0005195076
5 3 5 3  0.0013937026
5 3 7 3  -0.0001259250
5 4 0 3  -0.0019127883
5 4 2 3  0.0013937026
5 4 4 3  -0.0005195076
5 4 6 3  0.0001259250
5 5 1 3  -0.0019127883
5 5 3 3  0.0013937026
5 5 5 3  -0.0005195076
5 5 7 3  0.0001259250
5 6 2 3  -0.0001259250
5 6 4 3  0.0001259250
5 6 6 3  0.0006552213
5 7 3 3  -0.0001259250
5 7 5 3  0.0001259250
5 7 7 3  0.0006552213
5 8 8 3  0.0051043072
5 9 9 3  0.0051043072
5 10 10 3  0.0051043072
5 11 11 3  0.0051043072
5 0 0 5  0.1566579651
5 0 2 5  -0.0227181277
5 0 4 5  0.0588000526
5 0 6 5  -0.0235866260
5 1 1 5  0.1566579651
5 1 3 5  -0.0227181277
5 1 5 5  0.0588000526
5 1 7 5  -0.0235866260
5 2 0 5  -0.0227181277
5 2 2 5  0.1030222224
5 2 4 5  -0.0005195076
5 2 6 5  -0.0238973887
5 3 1 5  -0.0227181277
5 3 3 5  0.1030222224
5 3 5 5  -0.0005195076
5 3 7 5  -0.0238973887
5 4 0 5  0.0588000526
5 4 2 5  -0.0005195076
5 4 4 5  0.2639867809
5 4 6 5  -0.0554725396
5 5 1 5  0.0588000526
5 5 3 5  -0.0005195076
5 5 5 5  0.2639867809
5 5 7 5  -0.0554725396
5 6 0 5  -0.0235866260
5 6 2 5  -0.0238973887
5 6 4 5  -0.0554725396
5 6 6 5  0.1683004422
5 7 1 5  -0.0235866260
5 7 3 5  -0.0238973887
5 7 5 5  -0.0554725396
5 7 7 5  0.1683004422
5 8 8 5  0.1373075018
5 9 9 5  0.1373075018
5 10 10 5  0.1373075018
5 11 11 5  0.1373075018
5 0 0 7  0.0109686812
5 0 2 7  0.0068309293
5 0 4 7  -0.0460804213
5 0 6 7  0.0011029750
5 1 1 7  0.0109686812
5 1 3 7  0.0068309293
5 1 5 7  -0.0460804213
5 1 7 7  0.0011029750
5 2 0 7  0.0068309293
5 2 2 7  0.0238973887
5 2 4 7  0.0001259250
5 2 6 7  0.0054000797
5 3 1 7  0.0068309293
5 3 3 7  0.0238973887
5 3 5 7  0.0001259250
5 3 7 7  0.0054000797
5 4 0 7  -0.0460804213
5 4 2 7  0.0001259250
5 4 4 7  -0.0554725396
5 4 6 7  0.0470476328
5 5 1 7  -0.0460804213
5 5 3 7  0.0001259250
5 5 5 7  -0.0554725396
5 5 7 7  0.0470476328
5 6 0 7  0.0011029750
5 6 2 7  0.0054000797
5 6 4 7  0.0470476328
5 6 6 7  0.0145021496
5 7 1 7  0.0011029750
5 7 3 7  0.0054000797
5 7 5 7  0.0470476328
5 7 7 7  0.0145021496
5 8 8 7  0.0281583803
5 9 9 7  0.0281583803
5 10 10 7  0.0281583803
5 11 11 7  0.0281583803
5 0 8 9  -0.0149525670
5 1 9 9  -0.0149525670
5 2 8 9  0.0061767422
5 3 9 9  0.0061767422
5 4 8 9  0.0092408292
5 5 9 9  0.0092408292
5 6 8 9  0.0037622128
5 7 9 9  0.0037622128
5 8 0 9  -0.0149525670
5 8 2 9  0.0061767422
5 8 4 9  0.0092408292
5 8 6 9  0.0037622128
5 9 1 9  -0.0149525670
5 9 3 9  0.0061767422
5 9 5 9  0.0092408292
5 9 7 9  0.0037622128
5 0 10 11  -0.0149525670
5 1 11 11  -0.0149525670
5 2 10 11  0.0061767422
5 3 11 11  0.0061767422
5 4 10 11  0.0092408292
5 5 11 11  0.0092408292
5 6 10 11  0.0037622128
5 7 11 11  0.0037622128
5 10 0 11  -0.0149525670
5 10 2 11  0.0061767422
5 10 4 11  0.0092408292
5 10 6 11  0.0037622128
5 11 1 11  -0.0149525670
5 11 3 11  0.0061767422
5 11 5 11  0.0092408292
5 11 7 11  0.0037622128
6 0 2 0  -0.0002949341
6 0 4 0  0.0002949341
6 0 6 0  0.0261598632
6 1 3 0  -0.0002949341
6 1 5 0  0.0002949341
6 1 7 0  0.0261598632
6 2 0 0  -0.0002949341
6 2 2 0  0.0235866260
6 2 6 0  0.0011029750
6 3 1 0  -0.0002949341
6 3 3 0  0.0235866260
6 3 7 0  0.0011029750
6 4 0 0  0.0002949341
6 4 4 0  -0.0235866260
6 4 6 0  0.0011029750
6 5 1 0  0.0002949341
6 5 5 0  -0.0235866260
6 5 7 0  0.0011029750
6 6 0 0  0.0261598632
6 6 2 0  0.0011029750
6 6 4 0  0.0011029750
6 7 1 0  0.0261598632
6 7 3 0  0.0011029750
6 7 5 0  0.0011029750
6 0 0 2  -0.0109686812
6 0 2 2  0.0460804213
6 0 4 2  -0.0068309293
6 0 6 2  0.0011029750
6 1 1 2  -0.0109686812
6 1 3 2  0.0460804213
6 1 5 2  -0.0068309293
6 1 7 2  0.0011029750
6 2 0 2  0.0460804213
6 2 2 2  0.0554725396
6 2 4 2  -0.0001259250
6 2 6 2  0.0470476328
6 3 1 2  0.0460804213
6 3 3 2  0.0554725396
6 3 5 2  -0.0001259250
6 3 7 2  0.0470476328
6 4 0 2  -0.0068309293
6 4 2 2  -0.0001259250
6 4 4 2  -0.0238973887
6 4 6 2  0.0054000797
6 5 1 2  -0.0068309293
6 5 3 2  -0.0001259250
6 5 5 2  -0.0238973887
6 5 7 2  0.0054000797
6 6 0 2  0.0011029750
6 6 2 2  0.0470476328
6 6 4 2  0.0054000797
6 6 6 2  -0.0145021496
6 7 1 2  0.0011029750
6 7 3 2  0.0470476328
6 7 5 2  0.0054000797
6 7 7 2  -0.0145021496
6 8 8 2  -0.0281583803
6 9 9 2  -0.0281583803
6 10 10 2  -0.0281583803
6 11 11 2  -0.0281583803
6 0 0 4  0.0109686812
6 0 2 4  0.0068309293
6 0 4 4  -0.0460804213
6 0 6 4  0.0011029750
6 1 1 4  0.0109686812
6 1 3 4  0.0068309293
6 1 5 4  -0.0460804213
6 1 7 4  0.0011029750
6 2 0 4  0.0068309293
6 2 2 4  0.0238973887
6 2 4 4  0.0001259250
6 2 6 4  0.0054000797
6 3 1 4  0.0068309293
6 3 3 4  0.0238973887
6 3 5 4  0.0001259250
6 3 7 4  0.0054000797
6 4 0 4  -0.0460804213
6 4 2 4  0.0001259250
6 4 4 4  -0.0554725396
6 4 6 4  0.0470476328
6 5 1 4  -0.0460804213
6 5 3 4  0.0001259250
6 5 5 4  -0.0554725396
6 5 7 4  0.0470476328
6 6 0 4  0.0011029750
6 6 2 4  0.0054000797
6 6 4 4  0.0470476328
6 6 6 4  0.0145021496
6 7 1 4  0.0011029750
6 7 3 4  0.0054000797
6 7 5 4  0.0470476328
6 7 7 4  0.0145021496
6 8 8 4  0.0281583803
6 9 9 4  0.0281583803
6 10 10 4  0.0281583803
6 11 11 4  0.0281583803
6 0 0 6  0.1787565290
6 0 2 6  -0.0106054033
6 0 4 6  -0.0106054033
6 1 1 6  0.1787565290
6 1 3 6  -0.0106054033
6 1 5 6  -0.0106054033
6 2 0 6  -0.0106054033
6 2 2 6  0.1683004422
6 2 4 6  0.0006552213
6 2 6 6  -0.0145021496
6 3 1 6  -0.0106054033
6 3 3 6  0.1683004422
6 3 5 6  0.0006552213
6 3 7 6  -0.0145021496
6 4 0 6  -0.0106054033
6 4 2 6  0.0006552213
6 4 4 6  0.1683004422
6 4 6 6  0.0145021496
6 5 1 6  -0.0106054033
6 5 3 6  0.0006552213
6 5 5 6  0.1683004422
6 5 7 6  0.0145021496
6 6 2 6  -0.0145021496
6 6 4 6  0.0145021496
6 6 6 6  0.2017243059
6 7 3 6  -0.0145021496
6 7 5 6  0.0145021496
6 7 7 6  0.2017243059
6 8 8 6  0.1848966631
6 9 9 6  0.1848966631
6 10 10 6  0.1848966631
6 11 11 6  0.1848966631
6 2 8 8  -0.0037622128
6 3 9 8  -0.0037622128
6 4 8 8  0.0037622128
6 5 9 8  0.0037622128
6 6 8 8  0.0099426065
6 7 9 8  0.0099426065
6 8 2 8  -0.0037622128
6 8 4 8  0.0037622128
6 8 6 8  0.0099426065
6 9 3 8  -0.0037622128
6 9 5 8  0.0037622128
6 9 7 8  0.0099426065
6 2 10 10  -0.0037622128
6 3 11 10  -0.0037622128
6 4 10 10  0.0037622128
6 5 11 10  0.0037622128
6 6 10 10  0.0099426065
6 7 11 10  0.0099426065
6 10 2 10  -0.0037622128
6 10 4 10  0.0037622128
6 10 6 10  0.0099426065
6 11 3 10  -0.0037622128
6 11 5 10  0.0037622128
6 11 7 10  0.0099426065
7 0 2 1  -0.0002949341
7 0 4 1  0.0002949341
7 0 6 1  0.0261598632
7 1 3 1  -0.0002949341
7 1 5 1  0.0002949341
7 1 7 1  0.0261598632
7 2 0 1  -0.0002949341
7 2 2 1  0.0235866260
7 2 6 1  0.0011029750
7 3 1 1  -0.0002949341
7 3 3 1  0.0235866260
7 3 7 1  0.0011029750
7 4 0 1  0.0002949341
7 4 4 1  -0.0235866260
7 4 6 1  0.0011029750
7 5 1 1  0.0002949341
7 5 5 1  -0.0235866260
7 5 7 1  0.0011029750
7 6 0 1  0.0261598632
7 6 2 1  0.0011029750
7 6 4 1  0.0011029750
7 7 1 1  0.0261598632
7 7 3 1  0.0011029750
7 7 5 1  0.0011029750
7 0 0 3  -0.0109686812
7 0 2 3  0.0460804213
7 0 4 3  -0.0068309293
7 0 6 3  0.0011029750
7 1 1 3  -0.0109686812
7 1 3 3  0.0460804213
7 1 5 3  -0.0068309293
7 1 7 3  0.0011029750
7 2 0 3  0.0460804213
7 2 2 3  0.0554725396
7 2 4 3  -0.0001259250
7 2 6 3  0.0470476328
7 3 1 3  0.0460804213
7 3 3 3  0.0554725396
7 3 5 3  -0.0001259250
7 3 7 3  0.0470476328
7 4 0 3  -0.0068309293
7 4 2 3  -0.0001259250
7 4 4 3  -0.0238973887
7 4 6 3  0.0054000797
7 5 1 3  -0.0068309293
7 5 3 3  -0.0001259250
7 5 5 3  -0.0238973887
7 5 7 3  0.0054000797
7 6 0 3  0.0011029750
7 6 2 3  0.0470476328
7 6 4 3  0.0054000797
7 6 6 3  -0.0145021496
7 7 1 3  0.0011029750
7 7 3 3  0.0470476328
7 7 5 3  0.0054000797
7 7 7 3  -0.0145021496
7 8 8 3  -0.0281583803
7 9 9 3  -0.0281583803
7 10 10 3  -0.0281583803
7 11 11 3  -0.0281583803
7 0 0 5  0.0109686812
7 0 2 5  0.0068309293
7 0 4 5  -0.0460804213
7 0 6 5  0.0011029750
7 1 1 5  0.0109686812
7 1 3 5  0.0068309293
7 1 5 5  -0.0460804213
7 1 7 5  0.0011029750
7 2 0 5  0.0068309293
7 2 2 5  0.0238973887
7 2 4 5  0.0001259250
7 2 6 5  0.0054000797
7 3 1 5  0.0068309293
7 3 3 5  0.0238973887
7 3 5 5  0.0001259250
7 3 7 5  0.0054000797
7 4 0 5  -0.0460804213
7 4 2 5  0.0001259250
7 4 4 5  -0.0554725396
7 4 6 5  0.0470476328
7 5 1 5  -0.0460804213
7 5 3 5  0.0001259250
7 5 5 5  -0.0554725396
7 5 7 5  0.0470476328
7 6 0 5  0.0011029750
7 6 2 5  0.0054000797
7 6 4 5  0.0470476328
7 6 6 5  0.0145021496
7 7 1 5  0.0011029750
7 7 3 5  0.0054000797
7 7 5 5  0.0470476328
7 7 7 5  0.0145021496
7 8 8 5  0.0281583803
7 9 9 5  0.0281583803
7 10 10 5  0.0281583803
7 11 11 5  0.0281583803
7 0 0 7  0.1787565290
7 0 2 7  -0.0106054033
7 0 4 7  -0.0106054033
7 1 1 7  0.1787565290
7 1 3 7  -0.0106054033
7 1 5 7  -0.0106054033
7 2 0 7  -0.0106054033
7 2 2 7  0.1683004422
7 2 4 7  0.0006552213
7 2 6 7  -0.0145021496
7 3 1 7  -0.0106054033
7 3 3 7  0.1683004422
7 3 5 7  0.0006552213
7 3 7 7  -0.0145021496
7 4 0 7  -0.0106054033
7 4 2 7  0.0006552213
7 4 4 7  0.1683004422
7 4 6 7  0.0145021496
7 5 1 7  -0.0106054033
7 5 3 7  0.0006552213
7 5 5 7  0.1683004422
7 5 7 7  0.0145021496
7 6 2 7  -0.0145021496
7 6 4 7  0.0145021496
7 6 6 7  0.2017243059
7 7 3 7  -0.0145021496
7 7 5 7  0.0145021496
7 7 7 7  0.2017243059
7 8 8 7  0.1848966631
7 9 9 7  0.1848966631
7 10 10 7  0.1848966631
7 11 11 7  0.1848966631
7 2 8 9  -0.0037622128
7 3 9 9  -0.0037622128
7 4 8 9  0.0037622128
7 5 9 9  0.0037622128
7 6 8 9  0.0099426065
7 7 9 9  0.0099426065
7 8 2 9  -0.0037622128
7 8 4 9  0.0037622128
7 8 6 9  0.0099426065
7 9 3 9  -0.0037622128
7 9 5 9  0.0037622128
7 9 7 9  0.0099426065
7 2 10 11  -0.0037622128
7 3 11 11  -0.0037622128
7 4 10 11  0.0037622128
7 5 11 11  0.0037622128
7 6 10 11  0.0099426065
7 7 11 11  0.0099426065
7 10 2 11  -0.0037622128
7 10 4 11  0.0037622128
7 10 6 11  0.0099426065
7 11 3 11  -0.0037622128
7 11 5 11  0.0037622128
7 11 7 11  0.0099426065
8 0 8 0  0.0296343303
8 1 9 0  0.0296343303
8 2 8 0  -0.0149525670
8 3 9 0  -0.0149525670
8 4 8 0  -0.0149525670
8 5 9 0  -0.0149525670
8 8 0 0  0.0296343303
8 8 2 0  -0.0149525670
8 8 4 0  -0.0149525670
8 9 1 0  0.0296343303
8 9 3 0  -0.0149525670
8 9 5 0  -0.0149525670
8 0 8 2  -0.0149525670
8 1 9 2  -0.0149525670
8 2 8 2  0.0092408292
8 3 9 2  0.0092408292
8 4 8 2  0.0061767422
8 5 9 2  0.0061767422
8 6 8 2  -0.0037622128
8 7 9 2  -0.0037622128
8 8 0 2  -0.0149525670
8 8 2 2  0.0092408292
8 8 4 2  0.0061767422
8 8 6 2  -0.0037622128
8 9 1 2  -0.0149525670
8 9 3 2  0.0092408292
8 9 5 2  0.0061767422
8 9 7 2  -0.0037622128
8 0 8 4  -0.0149525670
8 1 9 4  -0.0149525670
8 2 8 4  0.0061767422
8 3 9 4  0.0061767422
8 4 8 4  0.0092408292
8 5 9 4  0.0092408292
8 6 8 4  0.0037622128
8 7 9 4  0.0037622128
8 8 0 4  -0.0149525670
8 8 2 4  0.0061767422
8 8 4 4  0.0092408292
8 8 6 4  0.0037622128
8 9 1 4  -0.0149525670
8 9 3 4  0.0061767422
8 9 5 4  0.0092408292
8 9 7 4  0.0037622128
8 2 8 6  -0.0037622128
8 3 9 6  -0.0037622128
8 4 8 6  0.0037622128
8 5 9 6  0.0037622128
8 6 8 6  0.0099426065
8 7 9 6  0.0099426065
8 8 2 6  -0.0037622128
8 8 4 6  0.0037622128
8 8 6 6  0.0099426065
8 9 3 6  -0.0037622128
8 9 5 6  0.0037622128
8 9 7 6  0.0099426065
8 0 0 8  0.1760916366
8 0 2 8  -0.0317818328
8 0 4 8  -0.0317818328
8 1 1 8  0.1760916366
8 1 3 8  -0.0317818328
8 1 5 8  -0.0317818328
8 2 0 8  -0.0317818328
8 2 2 8  0.1373075018
8 2 4 8  0.0051043072
8 2 6 8  -0.0281583803
8 3 1 8  -0.0317818328
8 3 3 8  0.1373075018
8 3 5 8  0.0051043072
8 3 7 8  -0.0281583803
8 4 0 8  -0.0317818328
8 4 2 8  0.0051043072
8 4 4 8  0.1373075018
8 4 6 8  0.0281583803
8 5 1 8  -0.0317818328
8 5 3 8  0.0051043072
8 5 5 8  0.1373075018
8 5 7 8  0.0281583803
8 6 2 8  -0.0281583803
8 6 4 8  0.0281583803
8 6 6 8  0.1848966631
8 7 3 8  -0.0281583803
8 7 5 8  0.0281583803
8 7 7 8  0.1848966631
8 8 8 8  0.2249295453
8 9 9 8  0.2249295453
8 10 10 8  0.2006801626
8 11 11 8  0.2006801626
8 8 10 10  0.0121246914
8 9 11 10  0.0121246914
8 10 8 10  0.0121246914
8 11 9 10  0.0121246914
9 0 8 1  0.0296343303
9 1 9 1  0.0296343303
9 2 8 1  -0.0149525670
9 3 9 1  -0.0149525670
9 4 8 1  -0.0149525670
9 5 9 1  -0.0149525670
9 8 0 1  0.0296343303
9 8 2 1  -0.0149525670
9 8 4 1  -0.0149525670
9 9 1 1  0.0296343303
9 9 3 1  -0.0149525670
9 9 5 1  -0.0149525670
9 0 8 3  -0.0149525670
9 1 9 3  -0.0149525670
9 2 8 3  0.0092408292
9 3 9 3  0.0092408292
9 4 8 3  0.0061767422
9 5 9 3  0.0061767422
9 6 8 3  -0.0037622128
9 7 9 3  -0.0037622128
9 8 0 3  -0.0149525670
9 8 2 3  0.0092408292
9 8 4 3  0.0061767422
9 8 6 3  -0.0037622128
9 9 1 3  -0.0149525670
9 9 3 3  0.0092408292
9 9 5 3  0.0061767422
9 9 7 3  -0.0037622128
9 0 8 5  -0.0149525670
9 1 9 5  -0.0149525670
9 2 8 5  0.0061767422
9 3 9 5  0.0061767422
9 4 8 5  0.0092408292
9 5 9 5  0.0092408292
9 6 8 5  0.0037622128
9 7 9 5  0.0037622128
9 8 0 5  -0.0149525670
9 8 2 5  0.0061767422
9 8 4 5  0.0092408292
9 8 6 5  0.0037622128
9 9 1 5  -0.0149525670
9 9 3 5  0.0061767422
9 9 5 5  0.0092408292
9 9 7 5  0.0037622128
9 2 8 7  -0.0037622128
9 3 9 7  -0.0037622128
9 4 8 7  0.0037622128
9 5 9 7  0.0037622128
9 6 8 7  0.0099426065
9 7 9 7  0.0099426065
9 8 2 7  -0.0037622128
9 8 4 7  0.0037622128
9 8 6 7  0.0099426065
9 9 3 7  -0.0037622128
9 9 5 7  0.0037622128
9 9 7 7  0.0099426065
9 0 0 9  0.1760916366
9 0 2 9  -0.0317818328
9 0 4 9  -0.0317818328
9 1 1 9  0.1760916366
9 1 3 9  -0.0317818328
9 1 5 9  -0.0317818328
9 2 0 9  -0.0317818328
9 2 2 9  0.1373075018
9 2 4 9  0.0051043072
9 2 6 9  -0.0281583803
9 3 1 9  -0.0317818328
9 3 3 9  0.1373075018
9 3 5 9  0.0051043072
9 3 7 9  -0.0281583803
9 4 0 9  -0.0317818328
9 4 2 9  0.0051043072
9 4 4 9  0.1373075018
9 4 6 9  0.0281583803
9 5 1 9  -0.0317818328
9 5 3 9  0.0051043072
9 5 5 9  0.1373075018
9 5 7 9  0.0281583803
9 6 2 9  -0.0281583803
9 6 4 9  0.0281583803
9 6 6 9  0.1848966631
9 7 3 9  -0.0281583803
9 7 5 9  0.0281583803
9 7 7 9  0.1848966631
9 8 8 9  0.2249295453
9 9 9 9  0.2249295453
9 10 10 9  0.2006801626
9 11 11 9  0.2006801626
9 8 10 11  0.0121246914
9 9 11 11  0.0121246914
9 10 8 11  0.0121246914
9 11 9 11  0.0121246914
10 0 10 0  0.0296343303
10 1 11 0  0.0296343303
10 2 10 0  -0.0149525670
10 3 11 0  -0.0149525670
10 4 10 0  -0.0149525670
10 5 11 0  -0.0149525670
10 10 0 0  0.0296343303
10 10 2 0  -0.0149525670
10 10 4 0  -0.0149525670
10 11 1 0  0.0296343303
10 11 3 0  -0.0149525670
10 11 5 0  -0.0149525670
10 0 10 2  -0.0149525670
10 1 11 2  -0.0149525670
10 2 10 2  0.0092408292
10 3 11 2  0.0092408292
10 4 10 2  0.0061767422
10 5 11 2  0.0061767422
10 6 10 2  -0.0037622128
10 7 11 2  -0.0037622128
10 10 0 2  -0.0149525670
10 10 2 2  0.0092408292
10 10 4 2  0.0061767422
10 10 6 2  -0.0037622128
10 11 1 2  -0.0149525670
10 11 3 2  0.0092408292
10 11 5 2  0.0061767422
10 11 7 2  -0.0037622128
10 0 10 4  -0.0149525670
10 1 11 4  -0.0149525670
10 2 10 4  0.0061767422
10 3 11 4  0.0061767422
10 4 10 4  0.0092408292
10 5 11 4  0.0092408292
10 6 10 4  0.0037622128
10 7 11 4  0.0037622128
10 10 0 4  -0.0149525670
10 10 2 4  0.0061767422
10 10 4 4  0.0092408292
10 10 6 4  0.0037622128
10 11 1 4  -0.0149525670
10 11 3 4  0.0061767422
10 11 5 4  0.0092408292
10 11 7 4  0.0037622128
10 2 10 6  -0.0037622128
10 3 11 6  -0.0037622128
10 4 10 6  0.0037622128
10 5 11 6  0.0037622128
10 6 10 6  0.0099426065
10 7 11 6  0.0099426065
10 10 2 6  -0.0037622128
10 10 4 6  0.0037622128
10 10 6 6  0.0099426065
10 11 3 6  -0.0037622128
10 11 5 6  0.0037622128
10 11 7 6  0.0099426065
10 8 10 8  0.0121246914
10 9 11 8  0.0121246914
10 10 8 8  0.0121246914
10 11 9 8  0.0121246914
10 0 0 10  0.1760916366
10 0 2 10  -0.0317818328
10 0 4 10  -0.0317818328
10 1 1 10  0.1760916366
10 1 3 10  -0.0317818328
10 1 5 10  -0.0317818328
10 2 0 10  -0.0317818328
10 2 2 10  0.1373075018
10 2 4 10  0.0051043072
10 2 6 10  -0.0281583803
10 3 1 10  -0.0317818328
10 3 3 10  0.1373075018
10 3 5 10  0.0051043072
10 3 7 10  -0.0281583803
10 4 0 10  -0.0317818328
10 4 2 10  0.0051043072
10 4 4 10  0.1373075018
10 4 6 10  0.0281583803
10 5 1 10  -0.0317818328
10 5 3 10  0.0051043072
10 5 5 10  0.1373075018
10 5 7 10  0.0281583803
10 6 2 10  -0.0281583803
10 6 4 10  0.0281583803
10 6 6 10  0.1848966631
10 7 3 10  -0.0281583803
10 7 5 10  0.0281583803
10 7 7 10  0.1848966631
10 8 8 10  0.2006801626
10 9 9 10  0.2006801626
10 10 10 10  0.2249295453
10 11 11 10  0.2249295453
11 0 10 1  0.0296343303
11 1 11 1  0.0296343303
11 2 10 1  -0.0149525670
11 3 11 1  -0.0149525670
11 4 10 1  -0.0149525670
11 5 11 1  -0.0149525670
11 10 0 1  0.0296343303
11 10 2 1  -0.0149525670
11 10 4 1  -0.0149525670
11 11 1 1  0.0296343303
11 11 3 1  -0.0149525670
11 11 5 1  -0.0149525670
11 0 10 3  -0.0149525670
11 1 11 3  -0.0149525670
11 2 10 3  0.0092408292
11 3 11 3  0.0092408292
11 4 10 3  0.0061767422
11 5 11 3  0.0061767422
11 6 10 3  -0.0037622128
11 7 11 3  -0.0037622128
11 10 0 3  -0.0149525670
11 10 2 3  0.0092408292
11 10 4 3  0.0061767422
11 10 6 3  -0.0037622128
11 11 1 3  -0.0149525670
11 11 3 3  0.0092408292
11 11 5 3  0.0061767422
11 11 7 3  -0.0037622128
11 0 10 5  -0.0149525670
11 1 11 5  -0.0149525670
11 2 10 5  0.0061767422
11 3 11 5  0.0061767422
11 4 10 5  0.0092408292
11 5 11 5  0.0092408292
11 6 10 5  0.0037622128
11 7 11 5  0.0037622128
11 10 0 5  -0.0149525670
11 10 2 5  0.0061767422
11 10 4 5  0.0092408292
11 10 6 5  0.0037622128
11 11 1 5  -0.0149525670
11 11 3 5  0.0061767422
11 11 5 5  0.0092408292
11 11 7 5  0.0037622128
11 2 10 7  -0.0037622128
11 3 11 7  -0.0037622128
11 4 10 7  0.0037622128
11 5 11 7  0.0037622128
11 6 10 7  0.0099426065
11 7 11 7  0.0099426065
11 10 2 7  -0.0037622128
11 10 4 7  0.0037622128
11 10 6 7  0.0099426065
11 11 3 7  -0.0037622128
11 11 5 7  0.0037622128
11 11 7 7  0.0099426065
11 8 10 9  0.0121246914
11 9 11 9  0.0121246914
11 10 8 9  0.0121246914
11 11 9 9  0.0121246914
11 0 0 11  0.1760916366
11 0 2 11  -0.0317818328
11 0 4 11  -0.0317818328
11 1 1 11  0.1760916366
11 1 3 11  -0.0317818328
11 1 5 11  -0.0317818328
11 2 0 11  -0.0317818328
11 2 2 11  0.1373075018
11 2 4 11  0.0051043072
11 2 6 11  -0.0281583803
11 3 1 11  -0.0317818328
11 3 3 11  0.1373075018
11 3 5 11  0.0051043072
11 3 7 11  -0.0281583803
11 4 0 11  -0.0317818328
11 4 2 11  0.0051043072
11 4 4 11  0.1373075018
11 4 6 11  0.0281583803
11 5 1 11  -0.0317818328
11 5 3 11  0.0051043072
11 5 5 11  0.1373075018
11 5 7 11  0.0281583803
11 6 2 11  -0.0281583803
11 6 4 11  0.0281583803
11 6 6 11  0.1848966631
11 7 3 11  -0.0281583803
11 7 5 11  0.0281583803
11 7 7 11  0.1848966631
11 8 8 11  0.2006801626
11 9 9 11  0.2006801626
11 10 10 11  0.2249295453
11 11 11 11  0.2249295453
