-12.81309646271665
0 0  -0.9369371517
0 2  -0.0013179004
0 4  -0.0013179004
1 1  -0.9369371517
1 3  -0.0013179004
1 5  -0.0013179004
2 0  -0.0013179004
2 2  -0.8148708328
2 4  0.0008611356
2 6  -0.0098124140
3 1  -0.0013179004
3 3  -0.8148708328
3 5  0.0008611356
3 7  -0.0098124140
4 0  -0.0013179004
4 2  0.0008611356
4 4  -0.8148708328
4 6  0.0098124140
5 1  -0.0013179004
5 3  0.0008611356
5 5  -0.8148708328
5 7  0.0098124140
6 2  -0.0098124140
6 4  0.0098124140
6 6  -0.7997725471
7 3  -0.0098124140
7 5  0.0098124140
7 7  -0.7997725471
8 8  -0.7834960495
9 9  -0.7834960495
10 10  -0.7834960495
11 11  -0.7834960495
0 0 0 0  0.2012243331
0 0 2 0  -0.0052708768
0 0 4 0  -0.0052708768
0 1 1 0  0.2012243331
0 1 3 0  -0.0052708768
0 1 5 0  -0.0052708768
0 2 0 0  -0.0052708768
0 2 2 0  0.0702831866
0 2 4 0  0.0000819575
0 2 6 0  0.0042195196
0 3 1 0  -0.0052708768
0 3 3 0  0.0702831866
0 3 5 0  0.0000819575
0 3 7 0  0.0042195196
0 4 0 0  -0.0052708768
0 4 2 0  0.0000819575
0 4 4 0  0.0702831866
0 4 6 0  -0.0042195196
0 5 1 0  -0.0052708768
0 5 3 0  0.0000819575
0 5 5 0  0.0702831866
0 5 7 0  -0.0042195196
0 6 2 0  0.0042195196
0 6 4 0  -0.0042195196
0 6 6 0  0.2042534348
0 7 3 0  0.0042195196
0 7 5 0  -0.0042195196
0 7 7 0  0.2042534348
0 8 8 0  0.2043678952
0 9 9 0  0.2043678952
0 10 10 0  0.2043678952
0 11 11 0  0.2043678952
0 0 0 2  -0.0052708768
0 0 2 2  0.0006831307
0 0 4 2  0.0000870646
0 0 6 2  0.0018288595
0 1 1 2  -0.0052708768
0 1 3 2  0.0006831307
0 1 5 2  0.0000870646
0 1 7 2  0.0018288595
0 2 0 2  0.0006831307
0 2 2 2  0.0113339579
0 2 4 2  -0.0000030126
0 2 6 2  -0.0006579949
0 3 1 2  0.0006831307
0 3 3 2  0.0113339579
0 3 5 2  -0.0000030126
0 3 7 2  -0.0006579949
0 4 0 2  0.0000870646
0 4 2 2  -0.0000030126
0 4 4 2  -0.0017371339
0 4 6 2  0.0000423070
0 5 1 2  0.0000870646
0 5 3 2  -0.0000030126
0 5 5 2  -0.0017371339
0 5 7 2  0.0000423070
0 6 0 2  0.0018288595
0 6 2 2  -0.0006579949
0 6 4 2  0.0000423070
0 6 6 2  -0.0051844823
0 7 1 2  0.0018288595
0 7 3 2  -0.0006579949
0 7 5 2  0.0000423070
0 7 7 2  -0.0051844823
0 8 8 2  -0.0055278045
0 9 9 2  -0.0055278045
0 10 10 2  -0.0055278045
0 11 11 2  -0.0055278045
0 0 0 4  -0.0052708768
0 0 2 4  0.0000870646
0 0 4 4  0.0006831307
0 0 6 4  -0.0018288595
0 1 1 4  -0.0052708768
0 1 3 4  0.0000870646
0 1 5 4  0.0006831307
0 1 7 4  -0.0018288595
0 2 0 4  0.0000870646
0 2 2 4  -0.0017371339
0 2 4 4  -0.0000030126
0 2 6 4  -0.0000423070
0 3 1 4  0.0000870646
0 3 3 4  -0.0017371339
0 3 5 4  -0.0000030126
0 3 7 4  -0.0000423070
0 4 0 4  0.0006831307
0 4 2 4  -0.0000030126
0 4 4 4  0.0113339579
0 4 6 4  0.0006579949
0 5 1 4  0.0006831307
0 5 3 4  -0.0000030126
0 5 5 4  0.0113339579
0 5 7 4  0.0006579949
0 6 0 4  -0.0018288595
0 6 2 4  -0.0000423070
0 6 4 4  0.0006579949
0 6 6 4  -0.0051844823
0 7 1 4  -0.0018288595
0 7 3 4  -0.0000423070
0 7 5 4  0.0006579949
0 7 7 4  -0.0051844823
0 8 8 4  -0.0055278045
0 9 9 4  -0.0055278045
0 10 10 4  -0.0055278045
0 11 11 4  -0.0055278045
0 0 2 6  0.0018288595
0 0 4 6  -0.0018288595
0 0 6 6  0.0432316466
0 1 3 6  0.0018288595
0 1 5 6  -0.0018288595
0 1 7 6  0.0432316466
0 2 0 6  0.0018288595
0 2 2 6  0.0115867685
0 2 6 6  -0.0018701314
0 3 1 6  0.0018288595
0 3 3 6  0.0115867685
0 3 7 6  -0.0018701314
0 4 0 6  -0.0018288595
0 4 4 6  -0.0115867685
0 4 6 6  -0.0018701314
0 5 1 6  -0.0018288595
0 5 5 6  -0.0115867685
0 5 7 6  -0.0018701314
0 6 0 6  0.0432316466
0 6 2 6  -0.0018701314
0 6 4 6  -0.0018701314
0 7 1 6  0.0432316466
0 7 3 6  -0.0018701314
0 7 5 6  -0.0018701314
0 0 8 8  0.0433103975
0 1 9 8  0.0433103975
0 2 8 8  -0.0018507996
0 3 9 8  -0.0018507996
0 4 8 8  -0.0018507996
0 5 9 8  -0.0018507996
0 8 0 8  0.0433103975
0 8 2 8  -0.0018507996
0 8 4 8  -0.0018507996
0 9 1 8  0.0433103975
0 9 3 8  -0.0018507996
0 9 5 8  -0.0018507996
0 0 10 10  0.0433103975
0 1 11 10  0.0433103975
0 2 10 10  -0.0018507996
0 3 11 10  -0.0018507996
0 4 10 10  -0.0018507996
0 5 11 10  -0.0018507996
0 10 0 10  0.0433103975
0 10 2 10  -0.0018507996
0 10 4 10  -0.0018507996
0 11 1 10  0.0433103975
0 11 3 10  -0.0018507996
0 11 5 10  -0.0018507996
1 0 0 1  0.2012243331
1 0 2 1  -0.0052708768
1 0 4 1  -0.0052708768
1 1 1 1  0.2012243331
1 1 3 1  -0.0052708768
1 1 5 1  -0.0052708768
1 2 0 1  -0.0052708768
1 2 2 1  0.0702831866
1 2 4 1  0.0000819575
1 2 6 1  0.0042195196
1 3 1 1  -0.0052708768
1 3 3 1  0.0702831866
1 3 5 1  0.0000819575
1 3 7 1  0.0042195196
1 4 0 1  -0.0052708768
1 4 2 1  0.0000819575
1 4 4 1  0.0702831866
1 4 6 1  -0.0042195196
1 5 1 1  -0.0052708768
1 5 3 1  0.0000819575
1 5 5 1  0.0702831866
1 5 7 1  -0.0042195196
1 6 2 1  0.0042195196
1 6 4 1  -0.0042195196
1 6 6 1  0.2042534348
1 7 3 1  0.0042195196
1 7 5 1  -0.0042195196
1 7 7 1  0.2042534348
1 8 8 1  0.2043678952
1 9 9 1  0.2043678952
1 10 10 1  0.2043678952
1 11 11 1  0.2043678952
1 0 0 3  -0.0052708768
1 0 2 3  0.0006831307
1 0 4 3  0.0000870646
1 0 6 3  0.0018288595
1 1 1 3  -0.0052708768
1 1 3 3  0.0006831307
1 1 5 3  0.0000870646
1 1 7 3  0.0018288595
1 2 0 3  0.0006831307
1 2 2 3  0.0113339579
1 2 4 3  -0.0000030126
1 2 6 3  -0.0006579949
1 3 1 3  0.0006831307
1 3 3 3  0.0113339579
1 3 5 3  -0.0000030126
1 3 7 3  -0.0006579949
1 4 0 3  0.0000870646
1 4 2 3  -0.0000030126
1 4 4 3  -0.0017371339
1 4 6 3  0.0000423070
1 5 1 3  0.0000870646
1 5 3 3  -0.0000030126
1 5 5 3  -0.0017371339
1 5 7 3  0.0000423070
1 6 0 3  0.0018288595
1 6 2 3  -0.0006579949
1 6 4 3  0.0000423070
1 6 6 3  -0.0051844823
1 7 1 3  0.0018288595
1 7 3 3  -0.0006579949
1 7 5 3  0.0000423070
1 7 7 3  -0.0051844823
1 8 8 3  -0.0055278045
1 9 9 3  -0.0055278045
1 10 10 3  -0.0055278045
1 11 11 3  -0.0055278045
1 0 0 5  -0.0052708768
1 0 2 5  0.0000870646
1 0 4 5  0.0006831307
1 0 6 5  -0.0018288595
1 1 1 5  -0.0052708768
1 1 3 5  0.0000870646
1 1 5 5  0.0006831307
1 1 7 5  -0.0018288595
1 2 0 5  0.0000870646
1 2 2 5  -0.0017371339
1 2 4 5  -0.0000030126
1 2 6 5  -0.0000423070
1 3 1 5  0.0000870646
1 3 3 5  -0.0017371339
1 3 5 5  -0.0000030126
1 3 7 5  -0.0000423070
1 4 0 5  0.0006831307
1 4 2 5  -0.0000030126
1 4 4 5  0.0113339579
1 4 6 5  0.0006579949
1 5 1 5  0.0006831307
1 5 3 5  -0.0000030126
1 5 5 5  0.0113339579
1 5 7 5  0.0006579949
1 6 0 5  -0.0018288595
1 6 2 5  -0.0000423070
1 6 4 5  0.0006579949
1 6 6 5  -0.0051844823
1 7 1 5  -0.0018288595
1 7 3 5  -0.0000423070
1 7 5 5  0.0006579949
1 7 7 5  -0.0051844823
1 8 8 5  -0.0055278045
1 9 9 5  -0.0055278045
1 10 10 5  -0.0055278045
1 11 11 5  -0.0055278045
1 0 2 7  0.0018288595
1 0 4 7  -0.0018288595
1 0 6 7  0.0432316466
1 1 3 7  0.0018288595
1 1 5 7  -0.0018288595
1 1 7 7  0.0432316466
1 2 0 7  0.0018288595
1 2 2 7  0.0115867685
1 2 6 7  -0.0018701314
1 3 1 7  0.0018288595
1 3 3 7  0.0115867685
1 3 7 7  -0.0018701314
1 4 0 7  -0.0018288595
1 4 4 7  -0.0115867685
1 4 6 7  -0.0018701314
1 5 1 7  -0.0018288595
1 5 5 7  -0.0115867685
1 5 7 7  -0.0018701314
1 6 0 7  0.0432316466
1 6 2 7  -0.0018701314
1 6 4 7  -0.0018701314
1 7 1 7  0.0432316466
1 7 3 7  -0.0018701314
1 7 5 7  -0.0018701314
1 0 8 9  0.0433103975
1 1 9 9  0.0433103975
1 2 8 9  -0.0018507996
1 3 9 9  -0.0018507996
1 4 8 9  -0.0018507996
1 5 9 9  -0.0018507996
1 8 0 9  0.0433103975
1 8 2 9  -0.0018507996
1 8 4 9  -0.0018507996
1 9 1 9  0.0433103975
1 9 3 9  -0.0018507996
1 9 5 9  -0.0018507996
1 0 10 11  0.0433103975
1 1 11 11  0.0433103975
1 2 10 11  -0.0018507996
1 3 11 11  -0.0018507996
1 4 10 11  -0.0018507996
1 5 11 11  -0.0018507996
1 10 0 11  0.0433103975
1 10 2 11  -0.0018507996
1 10 4 11  -0.0018507996
1 11 1 11  0.0433103975
1 11 3 11  -0.0018507996
1 11 5 11  -0.0018507996
2 0 0 0  -0.0052708768
2 0 2 0  0.0006831307
2 0 4 0  0.0000870646
2 0 6 0  0.0018288595
2 1 1 0  -0.0052708768
2 1 3 0  0.0006831307
2 1 5 0  0.0000870646
2 1 7 0  0.0018288595
2 2 0 0  0.0006831307
2 2 2 0  0.0113339579
2 2 4 0  -0.0000030126
2 2 6 0  -0.0006579949
2 3 1 0  0.0006831307
2 3 3 0  0.0113339579
2 3 5 0  -0.0000030126
2 3 7 0  -0.0006579949
2 4 0 0  0.0000870646
2 4 2 0  -0.0000030126
2 4 4 0  -0.0017371339
2 4 6 0  0.0000423070
2 5 1 0  0.0000870646
2 5 3 0  -0.0000030126
2 5 5 0  -0.0017371339
2 5 7 0  0.0000423070
2 6 0 0  0.0018288595
2 6 2 0  -0.0006579949
2 6 4 0  0.0000423070
2 6 6 0  -0.0051844823
2 7 1 0  0.0018288595
2 7 3 0  -0.0006579949
2 7 5 0  0.0000423070
2 7 7 0  -0.0051844823
2 8 8 0  -0.0055278045
2 9 9 0  -0.0055278045
2 10 10 0  -0.0055278045
2 11 11 0  -0.0055278045
2 0 0 2  0.0702831866
2 0 2 2  0.0113339579
2 0 4 2  -0.0017371339
2 0 6 2  0.0115867685
2 1 1 2  0.0702831866
2 1 3 2  0.0113339579
2 1 5 2  -0.0017371339
2 1 7 2  0.0115867685
2 2 0 2  0.0113339579
2 2 2 2  0.3856533512
2 2 4 2  0.0000536311
2 2 6 2  -0.0131858646
2 3 1 2  0.0113339579
2 3 3 2  0.3856533512
2 3 5 2  0.0000536311
2 3 7 2  -0.0131858646
2 4 0 2  -0.0017371339
2 4 2 2  0.0000536311
2 4 4 2  0.0350508228
2 4 6 2  -0.0016683255
2 5 1 2  -0.0017371339
2 5 3 2  0.0000536311
2 5 5 2  0.0350508228
2 5 7 2  -0.0016683255
2 6 0 2  0.0115867685
2 6 2 2  -0.0131858646
2 6 4 2  -0.0016683255
2 6 6 2  0.0734858488
2 7 1 2  0.0115867685
2 7 3 2  -0.0131858646
2 7 5 2  -0.0016683255
2 7 7 2  0.0734858488
2 8 8 2  0.0684382564
2 9 9 2  0.0684382564
2 10 10 2  0.0684382564
2 11 11 2  0.0684382564
2 0 0 4  0.0000819575
2 0 2 4  -0.0000030126
2 0 4 4  -0.0000030126
2 1 1 4  0.0000819575
2 1 3 4  -0.0000030126
2 1 5 4  -0.0000030126
2 2 0 4  -0.0000030126
2 2 2 4  0.0000536311
2 2 4 4  0.0000003597
2 2 6 4  -0.0000028972
2 3 1 4  -0.0000030126
2 3 3 4  0.0000536311
2 3 5 4  0.0000003597
2 3 7 4  -0.0000028972
2 4 0 4  -0.0000030126
2 4 2 4  0.0000003597
2 4 4 4  0.0000536311
2 4 6 4  0.0000028972
2 5 1 4  -0.0000030126
2 5 3 4  0.0000003597
2 5 5 4  0.0000536311
2 5 7 4  0.0000028972
2 6 2 4  -0.0000028972
2 6 4 4  0.0000028972
2 6 6 4  0.0000573628
2 7 3 4  -0.0000028972
2 7 5 4  0.0000028972
2 7 7 4  0.0000573628
2 8 8 4  0.0000989824
2 9 9 4  0.0000989824
2 10 10 4  0.0000989824
2 11 11 4  0.0000989824
2 0 0 6  0.0042195196
2 0 2 6  -0.0006579949
2 0 4 6  -0.0000423070
2 0 6 6  -0.0018701314
2 1 1 6  0.0042195196
2 1 3 6  -0.0006579949
2 1 5 6  -0.0000423070
2 1 7 6  -0.0018701314
2 2 0 6  -0.0006579949
2 2 2 6  -0.0131858646
2 2 4 6  -0.0000028972
2 2 6 6  0.0008007494
2 3 1 6  -0.0006579949
2 3 3 6  -0.0131858646
2 3 5 6  -0.0000028972
2 3 7 6  0.0008007494
2 4 0 6  -0.0000423070
2 4 2 6  -0.0000028972
2 4 4 6  0.0016683255
2 4 6 6  -0.0000321644
2 5 1 6  -0.0000423070
2 5 3 6  -0.0000028972
2 5 5 6  0.0016683255
2 5 7 6  -0.0000321644
2 6 0 6  -0.0018701314
2 6 2 6  0.0008007494
2 6 4 6  -0.0000321644
2 6 6 6  0.0047779475
2 7 1 6  -0.0018701314
2 7 3 6  0.0008007494
2 7 5 6  -0.0000321644
2 7 7 6  0.0047779475
2 8 8 6  0.0041155010
2 9 9 6  0.0041155010
2 10 10 6  0.0041155010
2 11 11 6  0.0041155010
2 0 8 8  -0.0018507996
2 1 9 8  -0.0018507996
2 2 8 8  0.0000901493
2 3 9 8  0.0000901493
2 4 8 8  0.0000696252
2 5 9 8  0.0000696252
2 6 8 8  0.0003397857
2 7 9 8  0.0003397857
2 8 0 8  -0.0018507996
2 8 2 8  0.0000901493
2 8 4 8  0.0000696252
2 8 6 8  0.0003397857
2 9 1 8  -0.0018507996
2 9 3 8  0.0000901493
2 9 5 8  0.0000696252
2 9 7 8  0.0003397857
2 0 10 10  -0.0018507996
2 1 11 10  -0.0018507996
2 2 10 10  0.0000901493
2 3 11 10  0.0000901493
2 4 10 10  0.0000696252
2 5 11 10  0.0000696252
2 6 10 10  0.0003397857
2 7 11 10  0.0003397857
2 10 0 10  -0.0018507996
2 10 2 10  0.0000901493
2 10 4 10  0.0000696252
2 10 6 10  0.0003397857
2 11 1 10  -0.0018507996
2 11 3 10  0.0000901493
2 11 5 10  0.0000696252
2 11 7 10  0.0003397857
3 0 0 1  -0.0052708768
3 0 2 1  0.0006831307
3 0 4 1  0.0000870646
3 0 6 1  0.0018288595
3 1 1 1  -0.0052708768
3 1 3 1  0.0006831307
3 1 5 1  0.0000870646
3 1 7 1  0.0018288595
3 2 0 1  0.0006831307
3 2 2 1  0.0113339579
3 2 4 1  -0.0000030126
3 2 6 1  -0.0006579949
3 3 1 1  0.0006831307
3 3 3 1  0.0113339579
3 3 5 1  -0.0000030126
3 3 7 1  -0.0006579949
3 4 0 1  0.0000870646
3 4 2 1  -0.0000030126
3 4 4 1  -0.0017371339
3 4 6 1  0.0000423070
3 5 1 1  0.0000870646
3 5 3 1  -0.0000030126
3 5 5 1  -0.0017371339
3 5 7 1  0.0000423070
3 6 0 1  0.0018288595
3 6 2 1  -0.0006579949
3 6 4 1  0.0000423070
3 6 6 1  -0.0051844823
3 7 1 1  0.0018288595
3 7 3 1  -0.0006579949
3 7 5 1  0.0000423070
3 7 7 1  -0.0051844823
3 8 8 1  -0.0055278045
3 9 9 1  -0.0055278045
3 10 10 1  -0.0055278045
3 11 11 1  -0.0055278045
3 0 0 3  0.0702831866
3 0 2 3  0.0113339579
3 0 4 3  -0.0017371339
3 0 6 3  0.0115867685
3 1 1 3  0.0702831866
3 1 3 3  0.0113339579
3 1 5 3  -0.0017371339
3 1 7 3  0.0115867685
3 2 0 3  0.0113339579
3 2 2 3  0.3856533512
3 2 4 3  0.0000536311
3 2 6 3  -0.0131858646
3 3 1 3  0.0113339579
3 3 3 3  0.3856533512
3 3 5 3  0.0000536311
3 3 7 3  -0.0131858646
3 4 0 3  -0.0017371339
3 4 2 3  0.0000536311
3 4 4 3  0.0350508228
3 4 6 3  -0.0016683255
3 5 1 3  -0.0017371339
3 5 3 3  0.0000536311
3 5 5 3  0.0350508228
3 5 7 3  -0.0016683255
3 6 0 3  0.0115867685
3 6 2 3  -0.0131858646
3 6 4 3  -0.0016683255
3 6 6 3  0.0734858488
3 7 1 3  0.0115867685
3 7 3 3  -0.0131858646
3 7 5 3  -0.0016683255
3 7 7 3  0.0734858488
3 8 8 3  0.0684382564
3 9 9 3  0.0684382564
3 10 10 3  0.0684382564
3 11 11 3  0.0684382564
3 0 0 5  0.0000819575
3 0 2 5  -0.0000030126
3 0 4 5  -0.0000030126
3 1 1 5  0.0000819575
3 1 3 5  -0.0000030126
3 1 5 5  -0.0000030126
3 2 0 5  -0.0000030126
3 2 2 5  0.0000536311
3 2 4 5  0.0000003597
3 2 6 5  -0.0000028972
3 3 1 5  -0.0000030126
3 3 3 5  0.0000536311
3 3 5 5  0.0000003597
3 3 7 5  -0.0000028972
3 4 0 5  -0.0000030126
3 4 2 5  0.0000003597
3 4 4 5  0.0000536311
3 4 6 5  0.0000028972
3 5 1 5  -0.0000030126
3 5 3 5  0.0000003597
3 5 5 5  0.0000536311
3 5 7 5  0.0000028972
3 6 2 5  -0.0000028972
3 6 4 5  0.0000028972
3 6 6 5  0.0000573628
3 7 3 5  -0.0000028972
3 7 5 5  0.0000028972
3 7 7 5  0.0000573628
3 8 8 5  0.0000989824
3 9 9 5  0.0000989824
3 10 10 5  0.0000989824
3 11 11 5  0.0000989824
3 0 0 7  0.0042195196
3 0 2 7  -0.0006579949
3 0 4 7  -0.0000423070
3 0 6 7  -0.0018701314
3 1 1 7  0.0042195196
3 1 3 7  -0.0006579949
3 1 5 7  -0.0000423070
3 1 7 7  -0.0018701314
3 2 0 7  -0.0006579949
3 2 2 7  -0.0131858646
3 2 4 7  -0.0000028972
3 2 6 7  0.0008007494
3 3 1 7  -0.0006579949
3 3 3 7  -0.0131858646
3 3 5 7  -0.0000028972
3 3 7 7  0.0008007494
3 4 0 7  -0.0000423070
3 4 2 7  -0.0000028972
3 4 4 7  0.0016683255
3 4 6 7  -0.0000321644
3 5 1 7  -0.0000423070
3 5 3 7  -0.0000028972
3 5 5 7  0.0016683255
3 5 7 7  -0.0000321644
3 6 0 7  -0.0018701314
3 6 2 7  0.0008007494
3 6 4 7  -0.0000321644
3 6 6 7  0.0047779475
3 7 1 7  -0.0018701314
3 7 3 7  0.0008007494
3 7 5 7  -0.0000321644
3 7 7 7  0.0047779475
3 8 8 7  0.0041155010
3 9 9 7  0.0041155010
3 10 10 7  0.0041155010
3 11 11 7  0.0041155010
3 0 8 9  -0.0018507996
3 1 9 9  -0.0018507996
3 2 8 9  0.0000901493
3 3 9 9  0.0000901493
3 4 8 9  0.0000696252
3 5 9 9  0.0000696252
3 6 8 9  0.0003397857
3 7 9 9  0.0003397857
3 8 0 9  -0.0018507996
3 8 2 9  0.0000901493
3 8 4 9  0.0000696252
3 8 6 9  0.0003397857
3 9 1 9  -0.0018507996
3 9 3 9  0.0000901493
3 9 5 9  0.0000696252
3 9 7 9  0.0003397857
3 0 10 11  -0.0018507996
3 1 11 11  -0.0018507996
3 2 10 11  0.0000901493
3 3 11 11  0.0000901493
3 4 10 11  0.0000696252
3 5 11 11  0.0000696252
3 6 10 11  0.0003397857
3 7 11 11  0.0003397857
3 10 0 11  -0.0018507996
3 10 2 11  0.0000901493
3 10 4 11  0.0000696252
3 10 6 11  0.0003397857
3 11 1 11  -0.0018507996
3 11 3 11  0.0000901493
3 11 5 11  0.0000696252
3 11 7 11  0.0003397857
4 0 0 0  -0.0052708768
4 0 2 0  0.0000870646
4 0 4 0  0.0006831307
4 0 6 0  -0.0018288595
4 1 1 0  -0.0052708768
4 1 3 0  0.0000870646
4 1 5 0  0.0006831307
4 1 7 0  -0.0018288595
4 2 0 0  0.0000870646
4 2 2 0  -0.0017371339
4 2 4 0  -0.0000030126
4 2 6 0  -0.0000423070
4 3 1 0  0.0000870646
4 3 3 0  -0.0017371339
4 3 5 0  -0.0000030126
4 3 7 0  -0.0000423070
4 4 0 0  0.0006831307
4 4 2 0  -0.0000030126
4 4 4 0  0.0113339579
4 4 6 0  0.0006579949
4 5 1 0  0.0006831307
4 5 3 0  -0.0000030126
4 5 5 0  0.0113339579
4 5 7 0  0.0006579949
4 6 0 0  -0.0018288595
4 6 2 0  -0.0000423070
4 6 4 0  0.0006579949
4 6 6 0  -0.0051844823
4 7 1 0  -0.0018288595
4 7 3 0  -0.0000423070
4 7 5 0  0.0006579949
4 7 7 0  -0.0051844823
4 8 8 0  -0.0055278045
4 9 9 0  -0.0055278045
4 10 10 0  -0.0055278045
4 11 11 0  -0.0055278045
4 0 0 2  0.0000819575
4 0 2 2  -0.0000030126
4 0 4 2  -0.0000030126
4 1 1 2  0.0000819575
4 1 3 2  -0.0000030126
4 1 5 2  -0.0000030126
4 2 0 2  -0.0000030126
4 2 2 2  0.0000536311
4 2 4 2  0.0000003597
4 2 6 2  -0.0000028972
4 3 1 2  -0.0000030126
4 3 3 2  0.0000536311
4 3 5 2  0.0000003597
4 3 7 2  -0.0000028972
4 4 0 2  -0.0000030126
4 4 2 2  0.0000003597
4 4 4 2  0.0000536311
4 4 6 2  0.0000028972
4 5 1 2  -0.0000030126
4 5 3 2  0.0000003597
4 5 5 2  0.0000536311
4 5 7 2  0.0000028972
4 6 2 2  -0.0000028972
4 6 4 2  0.0000028972
4 6 6 2  0.0000573628
4 7 3 2  -0.0000028972
4 7 5 2  0.0000028972
4 7 7 2  0.0000573628
4 8 8 2  0.0000989824
4 9 9 2  0.0000989824
4 10 10 2  0.0000989824
4 11 11 2  0.0000989824
4 0 0 4  0.0702831866
4 0 2 4  -0.0017371339
4 0 4 4  0.0113339579
4 0 6 4  -0.0115867685
4 1 1 4  0.0702831866
4 1 3 4  -0.0017371339
4 1 5 4  0.0113339579
4 1 7 4  -0.0115867685
4 2 0 4  -0.0017371339
4 2 2 4  0.0350508228
4 2 4 4  0.0000536311
4 2 6 4  0.0016683255
4 3 1 4  -0.0017371339
4 3 3 4  0.0350508228
4 3 5 4  0.0000536311
4 3 7 4  0.0016683255
4 4 0 4  0.0113339579
4 4 2 4  0.0000536311
4 4 4 4  0.3856533512
4 4 6 4  0.0131858646
4 5 1 4  0.0113339579
4 5 3 4  0.0000536311
4 5 5 4  0.3856533512
4 5 7 4  0.0131858646
4 6 0 4  -0.0115867685
4 6 2 4  0.0016683255
4 6 4 4  0.0131858646
4 6 6 4  0.0734858488
4 7 1 4  -0.0115867685
4 7 3 4  0.0016683255
4 7 5 4  0.0131858646
4 7 7 4  0.0734858488
4 8 8 4  0.0684382564
4 9 9 4  0.0684382564
4 10 10 4  0.0684382564
4 11 11 4  0.0684382564
4 0 0 6  -0.0042195196
4 0 2 6  0.0000423070
4 0 4 6  0.0006579949
4 0 6 6  -0.0018701314
4 1 1 6  -0.0042195196
4 1 3 6  0.0000423070
4 1 5 6  0.0006579949
4 1 7 6  -0.0018701314
4 2 0 6  0.0000423070
4 2 2 6  -0.0016683255
4 2 4 6  0.0000028972
4 2 6 6  -0.0000321644
4 3 1 6  0.0000423070
4 3 3 6  -0.0016683255
4 3 5 6  0.0000028972
4 3 7 6  -0.0000321644
4 4 0 6  0.0006579949
4 4 2 6  0.0000028972
4 4 4 6  0.0131858646
4 4 6 6  0.0008007494
4 5 1 6  0.0006579949
4 5 3 6  0.0000028972
4 5 5 6  0.0131858646
4 5 7 6  0.0008007494
4 6 0 6  -0.0018701314
4 6 2 6  -0.0000321644
4 6 4 6  0.0008007494
4 6 6 6  -0.0047779475
4 7 1 6  -0.0018701314
4 7 3 6  -0.0000321644
4 7 5 6  0.0008007494
4 7 7 6  -0.0047779475
4 8 8 6  -0.0041155010
4 9 9 6  -0.0041155010
4 10 10 6  -0.0041155010
4 11 11 6  -0.0041155010
4 0 8 8  -0.0018507996
4 1 9 8  -0.0018507996
4 2 8 8  0.0000696252
4 3 9 8  0.0000696252
4 4 8 8  0.0000901493
4 5 9 8  0.0000901493
4 6 8 8  -0.0003397857
4 7 9 8  -0.0003397857
4 8 0 8  -0.0018507996
4 8 2 8  0.0000696252
4 8 4 8  0.0000901493
4 8 6 8  -0.0003397857
4 9 1 8  -0.0018507996
4 9 3 8  0.0000696252
4 9 5 8  0.0000901493
4 9 7 8  -0.0003397857
4 0 10 10  -0.0018507996
4 1 11 10  -0.0018507996
4 2 10 10  0.0000696252
4 3 11 10  0.0000696252
4 4 10 10  0.0000901493
4 5 11 10  0.0000901493
4 6 10 10  -0.0003397857
4 7 11 10  -0.0003397857
4 10 0 10  -0.0018507996
4 10 2 10  0.0000696252
4 10 4 10  0.0000901493
4 10 6 10  -0.0003397857
4 11 1 10  -0.0018507996
4 11 3 10  0.0000696252
4 11 5 10  0.0000901493
4 11 7 10  -0.0003397857
5 0 0 1  -0.0052708768
5 0 2 1  0.0000870646
5 0 4 1  0.0006831307
5 0 6 1  -0.0018288595
5 1 1 1  -0.0052708768
5 1 3 1  0.0000870646
5 1 5 1  0.0006831307
5 1 7 1  -0.0018288595
5 2 0 1  0.0000870646
5 2 2 1  -0.0017371339
5 2 4 1  -0.0000030126
5 2 6 1  -0.0000423070
5 3 1 1  0.0000870646
5 3 3 1  -0.0017371339
5 3 5 1  -0.0000030126
5 3 7 1  -0.0000423070
5 4 0 1  0.0006831307
5 4 2 1  -0.0000030126
5 4 4 1  0.0113339579
5 4 6 1  0.0006579949
5 5 1 1  0.0006831307
5 5 3 1  -0.0000030126
5 5 5 1  0.0113339579
5 5 7 1  0.0006579949
5 6 0 1  -0.0018288595
5 6 2 1  -0.0000423070
5 6 4 1  0.0006579949
5 6 6 1  -0.0051844823
5 7 1 1  -0.0018288595
5 7 3 1  -0.0000423070
5 7 5 1  0.0006579949
5 7 7 1  -0.0051844823
5 8 8 1  -0.0055278045
5 9 9 1  -0.0055278045
5 10 10 1  -0.0055278045
5 11 11 1  -0.0055278045
5 0 0 3  0.0000819575
5 0 2 3  -0.0000030126
5 0 4 3  -0.0000030126
5 1 1 3  0.0000819575
5 1 3 3  -0.0000030126
5 1 5 3  -0.0000030126
5 2 0 3  -0.0000030126
5 2 2 3  0.0000536311
5 2 4 3  0.0000003597
5 2 6 3  -0.0000028972
5 3 1 3  -0.0000030126
5 3 3 3  0.0000536311
5 3 5 3  0.0000003597
5 3 7 3  -0.0000028972
5 4 0 3  -0.0000030126
5 4 2 3  0.0000003597
5 4 4 3  0.0000536311
5 4 6 3  0.0000028972
5 5 1 3  -0.0000030126
5 5 3 3  0.0000003597
5 5 5 3  0.0000536311
5 5 7 3  0.0000028972
5 6 2 3  -0.0000028972
5 6 4 3  0.0000028972
5 6 6 3  0.0000573628
5 7 3 3  -0.0000028972
5 7 5 3  0.0000028972
5 7 7 3  0.0000573628
5 8 8 3  0.0000989824
5 9 9 3  0.0000989824
5 10 10 3  0.0000989824
5 11 11 3  0.0000989824
5 0 0 5  0.0702831866
5 0 2 5  -0.0017371339
5 0 4 5  0.0113339579
5 0 6 5  -0.0115867685
5 1 1 5  0.0702831866
5 1 3 5  -0.0017371339
5 1 5 5  0.0113339579
5 1 7 5  -0.0115867685
5 2 0 5  -0.0017371339
5 2 2 5  0.0350508228
5 2 4 5  0.0000536311
5 2 6 5  0.0016683255
5 3 1 5  -0.0017371339
5 3 3 5  0.0350508228
5 3 5 5  0.0000536311
5 3 7 5  0.0016683255
5 4 0 5  0.0113339579
5 4 2 5  0.0000536311
5 4 4 5  0.3856533512
5 4 6 5  0.0131858646
5 5 1 5  0.0113339579
5 5 3 5  0.0000536311
5 5 5 5  0.3856533512
5 5 7 5  0.0131858646
5 6 0 5  -0.0115867685
5 6 2 5  0.0016683255
5 6 4 5  0.0131858646
5 6 6 5  0.0734858488
5 7 1 5  -0.0115867685
5 7 3 5  0.0016683255
5 7 5 5  0.0131858646
5 7 7 5  0.0734858488
5 8 8 5  0.0684382564
5 9 9 5  0.0684382564
5 10 10 5  0.0684382564
5 11 11 5  0.0684382564
5 0 0 7  -0.0042195196
5 0 2 7  0.0000423070
5 0 4 7  0.0006579949
5 0 6 7  -0.0018701314
5 1 1 7  -0.0042195196
5 1 3 7  0.0000423070
5 1 5 7  0.0006579949
5 1 7 7  -0.0018701314
5 2 0 7  0.0000423070
5 2 2 7  -0.0016683255
5 2 4 7  0.0000028972
5 2 6 7  -0.0000321644
5 3 1 7  0.0000423070
5 3 3 7  -0.0016683255
5 3 5 7  0.0000028972
5 3 7 7  -0.0000321644
5 4 0 7  0.0006579949
5 4 2 7  0.0000028972
5 4 4 7  0.0131858646
5 4 6 7  0.0008007494
5 5 1 7  0.0006579949
5 5 3 7  0.0000028972
5 5 5 7  0.0131858646
5 5 7 7  0.0008007494
5 6 0 7  -0.0018701314
5 6 2 7  -0.0000321644
5 6 4 7  0.0008007494
5 6 6 7  -0.0047779475
5 7 1 7  -0.0018701314
5 7 3 7  -0.0000321644
5 7 5 7  0.0008007494
5 7 7 7  -0.0047779475
5 8 8 7  -0.0041155010
5 9 9 7  -0.0041155010
5 10 10 7  -0.0041155010
5 11 11 7  -0.0041155010
5 0 8 9  -0.0018507996
5 1 9 9  -0.0018507996
5 2 8 9  0.0000696252
5 3 9 9  0.0000696252
5 4 8 9  0.0000901493
5 5 9 9  0.0000901493
5 6 8 9  -0.0003397857
5 7 9 9  -0.0003397857
5 8 0 9  -0.0018507996
5 8 2 9  0.0000696252
5 8 4 9  0.0000901493
5 8 6 9  -0.0003397857
5 9 1 9  -0.0018507996
5 9 3 9  0.0000696252
5 9 5 9  0.0000901493
5 9 7 9  -0.0003397857
5 0 10 11  -0.0018507996
5 1 11 11  -0.0018507996
5 2 10 11  0.0000696252
5 3 11 11  0.0000696252
5 4 10 11  0.0000901493
5 5 11 11  0.0000901493
5 6 10 11  -0.0003397857
5 7 11 11  -0.0003397857
5 10 0 11  -0.0018507996
5 10 2 11  0.0000696252
5 10 4 11  0.0000901493
5 10 6 11  -0.0003397857
5 11 1 11  -0.0018507996
5 11 3 11  0.0000696252
5 11 5 11  0.0000901493
5 11 7 11  -0.0003397857
6 0 2 0  0.0018288595
6 0 4 0  -0.0018288595
6 0 6 0  0.0432316466
6 1 3 0  0.0018288595
6 1 5 0  -0.0018288595
6 1 7 0  0.0432316466
6 2 0 0  0.0018288595
6 2 2 0  0.0115867685
6 2 6 0  -0.0018701314
6 3 1 0  0.0018288595
6 3 3 0  0.0115867685
6 3 7 0  -0.0018701314
6 4 0 0  -0.0018288595
6 4 4 0  -0.0115867685
6 4 6 0  -0.0018701314
6 5 1 0  -0.0018288595
6 5 5 0  -0.0115867685
6 5 7 0  -0.0018701314
6 6 0 0  0.0432316466
6 6 2 0  -0.0018701314
6 6 4 0  -0.0018701314
6 7 1 0  0.0432316466
6 7 3 0  -0.0018701314
6 7 5 0  -0.0018701314
6 0 0 2  0.0042195196
6 0 2 2  -0.0006579949
6 0 4 2  -0.0000423070
6 0 6 2  -0.0018701314
6 1 1 2  0.0042195196
6 1 3 2  -0.0006579949
6 1 5 2  -0.0000423070
6 1 7 2  -0.0018701314
6 2 0 2  -0.0006579949
6 2 2 2  -0.0131858646
6 2 4 2  -0.0000028972
6 2 6 2  0.0008007494
6 3 1 2  -0.0006579949
6 3 3 2  -0.0131858646
6 3 5 2  -0.0000028972
6 3 7 2  0.0008007494
6 4 0 2  -0.0000423070
6 4 2 2  -0.0000028972
6 4 4 2  0.0016683255
6 4 6 2  -0.0000321644
6 5 1 2  -0.0000423070
6 5 3 2  -0.0000028972
6 5 5 2  0.0016683255
6 5 7 2  -0.0000321644
6 6 0 2  -0.0018701314
6 6 2 2  0.0008007494
6 6 4 2  -0.0000321644
6 6 6 2  0.0047779475
6 7 1 2  -0.0018701314
6 7 3 2  0.0008007494
6 7 5 2  -0.0000321644
6 7 7 2  0.0047779475
6 8 8 2  0.0041155010
6 9 9 2  0.0041155010
6 10 10 2  0.0041155010
6 11 11 2  0.0041155010
6 0 0 4  -0.0042195196
6 0 2 4  0.0000423070
6 0 4 4  0.0006579949
6 0 6 4  -0.0018701314
6 1 1 4  -0.0042195196
6 1 3 4  0.0000423070
6 1 5 4  0.0006579949
6 1 7 4  -0.0018701314
6 2 0 4  0.0000423070
6 2 2 4  -0.0016683255
6 2 4 4  0.0000028972
6 2 6 4  -0.0000321644
6 3 1 4  0.0000423070
6 3 3 4  -0.0016683255
6 3 5 4  0.0000028972
6 3 7 4  -0.0000321644
6 4 0 4  0.0006579949
6 4 2 4  0.0000028972
6 4 4 4  0.0131858646
6 4 6 4  0.0008007494
6 5 1 4  0.0006579949
6 5 3 4  0.0000028972
6 5 5 4  0.0131858646
6 5 7 4  0.0008007494
6 6 0 4  -0.0018701314
6 6 2 4  -0.0000321644
6 6 4 4  0.0008007494
6 6 6 4  -0.0047779475
6 7 1 4  -0.0018701314
6 7 3 4  -0.0000321644
6 7 5 4  0.0008007494
6 7 7 4  -0.0047779475
6 8 8 4  -0.0041155010
6 9 9 4  -0.0041155010
6 10 10 4  -0.0041155010
6 11 11 4  -0.0041155010
6 0 0 6  0.2042534348
6 0 2 6  -0.0051844823
6 0 4 6  -0.0051844823
6 1 1 6  0.2042534348
6 1 3 6  -0.0051844823
6 1 5 6  -0.0051844823
6 2 0 6  -0.0051844823
6 2 2 6  0.0734858488
6 2 4 6  0.0000573628
6 2 6 6  0.0047779475
6 3 1 6  -0.0051844823
6 3 3 6  0.0734858488
6 3 5 6  0.0000573628
6 3 7 6  0.0047779475
6 4 0 6  -0.0051844823
6 4 2 6  0.0000573628
6 4 4 6  0.0734858488
6 4 6 6  -0.0047779475
6 5 1 6  -0.0051844823
6 5 3 6  0.0000573628
6 5 5 6  0.0734858488
6 5 7 6  -0.0047779475
6 6 2 6  0.0047779475
6 6 4 6  -0.0047779475
6 6 6 6  0.2245930985
6 7 3 6  0.0047779475
6 7 5 6  -0.0047779475
6 7 7 6  0.2245930985
6 8 8 6  0.2005474734
6 9 9 6  0.2005474734
6 10 10 6  0.2005474734
6 11 11 6  0.2005474734
6 2 8 8  0.0003397857
6 3 9 8  0.0003397857
6 4 8 8  -0.0003397857
6 5 9 8  -0.0003397857
6 6 8 8  0.0121202733
6 7 9 8  0.0121202733
6 8 2 8  0.0003397857
6 8 4 8  -0.0003397857
6 8 6 8  0.0121202733
6 9 3 8  0.0003397857
6 9 5 8  -0.0003397857
6 9 7 8  0.0121202733
6 2 10 10  0.0003397857
6 3 11 10  0.0003397857
6 4 10 10  -0.0003397857
6 5 11 10  -0.0003397857
6 6 10 10  0.0121202733
6 7 11 10  0.0121202733
6 10 2 10  0.0003397857
6 10 4 10  -0.0003397857
6 10 6 10  0.0121202733
6 11 3 10  0.0003397857
6 11 5 10  -0.0003397857
6 11 7 10  0.0121202733
7 0 2 1  0.0018288595
7 0 4 1  -0.0018288595
7 0 6 1  0.0432316466
7 1 3 1  0.0018288595
7 1 5 1  -0.0018288595
7 1 7 1  0.0432316466
7 2 0 1  0.0018288595
7 2 2 1  0.0115867685
7 2 6 1  -0.0018701314
7 3 1 1  0.0018288595
7 3 3 1  0.0115867685
7 3 7 1  -0.0018701314
7 4 0 1  -0.0018288595
7 4 4 1  -0.0115867685
7 4 6 1  -0.0018701314
7 5 1 1  -0.0018288595
7 5 5 1  -0.0115867685
7 5 7 1  -0.0018701314
7 6 0 1  0.0432316466
7 6 2 1  -0.0018701314
7 6 4 1  -0.0018701314
7 7 1 1  0.0432316466
7 7 3 1  -0.0018701314
7 7 5 1  -0.0018701314
7 0 0 3  0.0042195196
7 0 2 3  -0.0006579949
7 0 4 3  -0.0000423070
7 0 6 3  -0.0018701314
7 1 1 3  0.0042195196
7 1 3 3  -0.0006579949
7 1 5 3  -0.0000423070
7 1 7 3  -0.0018701314
7 2 0 3  -0.0006579949
7 2 2 3  -0.0131858646
7 2 4 3  -0.0000028972
7 2 6 3  0.0008007494
7 3 1 3  -0.0006579949
7 3 3 3  -0.0131858646
7 3 5 3  -0.0000028972
7 3 7 3  0.0008007494
7 4 0 3  -0.0000423070
7 4 2 3  -0.0000028972
7 4 4 3  0.0016683255
7 4 6 3  -0.0000321644
7 5 1 3  -0.0000423070
7 5 3 3  -0.0000028972
7 5 5 3  0.0016683255
7 5 7 3  -0.0000321644
7 6 0 3  -0.0018701314
7 6 2 3  0.0008007494
7 6 4 3  -0.0000321644
7 6 6 3  0.0047779475
7 7 1 3  -0.0018701314
7 7 3 3  0.0008007494
7 7 5 3  -0.0000321644
7 7 7 3  0.0047779475
7 8 8 3  0.0041155010
7 9 9 3  0.0041155010
7 10 10 3  0.0041155010
7 11 11 3  0.0041155010
7 0 0 5  -0.0042195196
7 0 2 5  0.0000423070
7 0 4 5  0.0006579949
7 0 6 5  -0.0018701314
7 1 1 5  -0.0042195196
7 1 3 5  0.0000423070
7 1 5 5  0.0006579949
7 1 7 5  -0.0018701314
7 2 0 5  0.0000423070
7 2 2 5  -0.0016683255
7 2 4 5  0.0000028972
7 2 6 5  -0.0000321644
7 3 1 5  0.0000423070
7 3 3 5  -0.0016683255
7 3 5 5  0.0000028972
7 3 7 5  -0.0000321644
7 4 0 5  0.0006579949
7 4 2 5  0.0000028972
7 4 4 5  0.0131858646
7 4 6 5  0.0008007494
7 5 1 5  0.0006579949
7 5 3 5  0.0000028972
7 5 5 5  0.0131858646
7 5 7 5  0.0008007494
7 6 0 5  -0.0018701314
7 6 2 5  -0.0000321644
7 6 4 5  0.0008007494
7 6 6 5  -0.0047779475
7 7 1 5  -0.0018701314
7 7 3 5  -0.0000321644
7 7 5 5  0.0008007494
7 7 7 5  -0.0047779475
7 8 8 5  -0.0041155010
7 9 9 5  -0.0041155010
7 10 10 5  -0.0041155010
7 11 11 5  -0.0041155010
7 0 0 7  0.2042534348
7 0 2 7  -0.0051844823
7 0 4 7  -0.0051844823
7 1 1 7  0.2042534348
7 1 3 7  -0.0051844823
7 1 5 7  -0.0051844823
7 2 0 7  -0.0051844823
7 2 2 7  0.0734858488
7 2 4 7  0.0000573628
7 2 6 7  0.0047779475
7 3 1 7  -0.0051844823
7 3 3 7  0.0734858488
7 3 5 7  0.0000573628
7 3 7 7  0.0047779475
7 4 0 7  -0.0051844823
7 4 2 7  0.0000573628
7 4 4 7  0.0734858488
7 4 6 7  -0.0047779475
7 5 1 7  -0.0051844823
7 5 3 7  0.0000573628
7 5 5 7  0.0734858488
7 5 7 7  -0.0047779475
7 6 2 7  0.0047779475
7 6 4 7  -0.0047779475
7 6 6 7  0.2245930985
7 7 3 7  0.0047779475
7 7 5 7  -0.0047779475
7 7 7 7  0.2245930985
7 8 8 7  0.2005474734
7 9 9 7  0.2005474734
7 10 10 7  0.2005474734
7 11 11 7  0.2005474734
7 2 8 9  0.0003397857
7 3 9 9  0.0003397857
7 4 8 9  -0.0003397857
7 5 9 9  -0.0003397857
7 6 8 9  0.0121202733
7 7 9 9  0.0121202733
7 8 2 9  0.0003397857
7 8 4 9  -0.0003397857
7 8 6 9  0.0121202733
7 9 3 9  0.0003397857
7 9 5 9  -0.0003397857
7 9 7 9  0.0121202733
7 2 10 11  0.0003397857
7 3 11 11  0.0003397857
7 4 10 11  -0.0003397857
7 5 11 11  -0.0003397857
7 6 10 11  0.0121202733
7 7 11 11  0.0121202733
7 10 2 11  0.0003397857
7 10 4 11  -0.0003397857
7 10 6 11  0.0121202733
7 11 3 11  0.0003397857
7 11 5 11  -0.0003397857
7 11 7 11  0.0121202733
8 0 8 0  0.0433103975
8 1 9 0  0.0433103975
8 2 8 0  -0.0018507996
8 3 9 0  -0.0018507996
8 4 8 0  -0.0018507996
8 5 9 0  -0.0018507996
8 8 0 0  0.0433103975
8 8 2 0  -0.0018507996
8 8 4 0  -0.0018507996
8 9 1 0  0.0433103975
8 9 3 0  -0.0018507996
8 9 5 0  -0.0018507996
8 0 8 2  -0.0018507996
8 1 9 2  -0.0018507996
8 2 8 2  0.0000901493
8 3 9 2  0.0000901493
8 4 8 2  0.0000696252
8 5 9 2  0.0000696252
8 6 8 2  0.0003397857
8 7 9 2  0.0003397857
8 8 0 2  -0.0018507996
8 8 2 2  0.0000901493
8 8 4 2  0.0000696252
8 8 6 2  0.0003397857
8 9 1 2  -0.0018507996
8 9 3 2  0.0000901493
8 9 5 2  0.0000696252
8 9 7 2  0.0003397857
8 0 8 4  -0.0018507996
8 1 9 4  -0.0018507996
8 2 8 4  0.0000696252
8 3 9 4  0.0000696252
8 4 8 4  0.0000901493
8 5 9 4  0.0000901493
8 6 8 4  -0.0003397857
8 7 9 4  -0.0003397857
8 8 0 4  -0.0018507996
8 8 2 4  0.0000696252
8 8 4 4  0.0000901493
8 8 6 4  -0.0003397857
8 9 1 4  -0.0018507996
8 9 3 4  0.0000696252
8 9 5 4  0.0000901493
8 9 7 4  -0.0003397857
8 2 8 6  0.0003397857
8 3 9 6  0.0003397857
8 4 8 6  -0.0003397857
8 5 9 6  -0.0003397857
8 6 8 6  0.0121202733
8 7 9 6  0.0121202733
8 8 2 6  0.0003397857
8 8 4 6  -0.0003397857
8 8 6 6  0.0121202733
8 9 3 6  0.0003397857
8 9 5 6  -0.0003397857
8 9 7 6  0.0121202733
8 0 0 8  0.2043678952
8 0 2 8  -0.0055278045
8 0 4 8  -0.0055278045
8 1 1 8  0.2043678952
8 1 3 8  -0.0055278045
8 1 5 8  -0.0055278045
8 2 0 8  -0.0055278045
8 2 2 8  0.0684382564
8 2 4 8  0.0000989824
8 2 6 8  0.0041155010
8 3 1 8  -0.0055278045
8 3 3 8  0.0684382564
8 3 5 8  0.0000989824
8 3 7 8  0.0041155010
8 4 0 8  -0.0055278045
8 4 2 8  0.0000989824
8 4 4 8  0.0684382564
8 4 6 8  -0.0041155010
8 5 1 8  -0.0055278045
8 5 3 8  0.0000989824
8 5 5 8  0.0684382564
8 5 7 8  -0.0041155010
8 6 2 8  0.0041155010
8 6 4 8  -0.0041155010
8 6 6 8  0.2005474734
8 7 3 8  0.0041155010
8 7 5 8  -0.0041155010
8 7 7 8  0.2005474734
8 8 8 8  0.2249295454
8 9 9 8  0.2249295454
8 10 10 8  0.2006801628
8 11 11 8  0.2006801628
8 8 10 10  0.0121246915
8 9 11 10  0.0121246915
8 10 8 10  0.0121246915
8 11 9 10  0.0121246915
9 0 8 1  0.0433103975
9 1 9 1  0.0433103975
9 2 8 1  -0.0018507996
9 3 9 1  -0.0018507996
9 4 8 1  -0.0018507996
9 5 9 1  -0.0018507996
9 8 0 1  0.0433103975
9 8 2 1  -0.0018507996
9 8 4 1  -0.0018507996
9 9 1 1  0.0433103975
9 9 3 1  -0.0018507996
9 9 5 1  -0.0018507996
9 0 8 3  -0.0018507996
9 1 9 3  -0.0018507996
9 2 8 3  0.0000901493
9 3 9 3  0.0000901493
9 4 8 3  0.0000696252
9 5 9 3  0.0000696252
9 6 8 3  0.0003397857
9 7 9 3  0.0003397857
9 8 0 3  -0.0018507996
9 8 2 3  0.0000901493
9 8 4 3  0.0000696252
9 8 6 3  0.0003397857
9 9 1 3  -0.0018507996
9 9 3 3  0.0000901493
9 9 5 3  0.0000696252
9 9 7 3  0.0003397857
9 0 8 5  -0.0018507996
9 1 9 5  -0.0018507996
9 2 8 5  0.0000696252
9 3 9 5  0.0000696252
9 4 8 5  0.0000901493
9 5 9 5  0.0000901493
9 6 8 5  -0.0003397857
9 7 9 5  -0.0003397857
9 8 0 5  -0.0018507996
9 8 2 5  0.0000696252
9 8 4 5  0.0000901493
9 8 6 5  -0.0003397857
9 9 1 5  -0.0018507996
9 9 3 5  0.0000696252
9 9 5 5  0.0000901493
9 9 7 5  -0.0003397857
9 2 8 7  0.0003397857
9 3 9 7  0.0003397857
9 4 8 7  -0.0003397857
9 5 9 7  -0.0003397857
9 6 8 7  0.0121202733
9 7 9 7  0.0121202733
9 8 2 7  0.0003397857
9 8 4 7  -0.0003397857
9 8 6 7  0.0121202733
9 9 3 7  0.0003397857
9 9 5 7  -0.0003397857
9 9 7 7  0.0121202733
9 0 0 9  0.2043678952
9 0 2 9  -0.0055278045
9 0 4 9  -0.0055278045
9 1 1 9  0.2043678952
9 1 3 9  -0.0055278045
9 1 5 9  -0.0055278045
9 2 0 9  -0.0055278045
9 2 2 9  0.0684382564
9 2 4 9  0.0000989824
9 2 6 9  0.0041155010
9 3 1 9  -0.0055278045
9 3 3 9  0.0684382564
9 3 5 9  0.0000989824
9 3 7 9  0.0041155010
9 4 0 9  -0.0055278045
9 4 2 9  0.0000989824
9 4 4 9  0.0684382564
9 4 6 9  -0.0041155010
9 5 1 9  -0.0055278045
9 5 3 9  0.0000989824
9 5 5 9  0.0684382564
9 5 7 9  -0.0041155010
9 6 2 9  0.0041155010
9 6 4 9  -0.0041155010
9 6 6 9  0.2005474734
9 7 3 9  0.0041155010
9 7 5 9  -0.0041155010
9 7 7 9  0.2005474734
9 8 8 9  0.2249295454
9 9 9 9  0.2249295454
9 10 10 9  0.2006801628
9 11 11 9  0.2006801628
9 8 10 11  0.0121246915
9 9 11 11  0.0121246915
9 10 8 11  0.0121246915
9 11 9 11  0.0121246915
10 0 10 0  0.0433103975
10 1 11 0  0.0433103975
10 2 10 0  -0.0018507996
10 3 11 0  -0.0018507996
10 4 10 0  -0.0018507996
10 5 11 0  -0.0018507996
10 10 0 0  0.0433103975
10 10 2 0  -0.0018507996
10 10 4 0  -0.0018507996
10 11 1 0  0.0433103975
10 11 3 0  -0.0018507996
10 11 5 0  -0.0018507996
10 0 10 2  -0.0018507996
10 1 11 2  -0.0018507996
10 2 10 2  0.0000901493
10 3 11 2  0.0000901493
10 4 10 2  0.0000696252
10 5 11 2  0.0000696252
10 6 10 2  0.0003397857
10 7 11 2  0.0003397857
10 10 0 2  -0.0018507996
10 10 2 2  0.0000901493
10 10 4 2  0.0000696252
10 10 6 2  0.0003397857
10 11 1 2  -0.0018507996
10 11 3 2  0.0000901493
10 11 5 2  0.0000696252
10 11 7 2  0.0003397857
10 0 10 4  -0.0018507996
10 1 11 4  -0.0018507996
10 2 10 4  0.0000696252
10 3 11 4  0.0000696252
10 4 10 4  0.0000901493
10 5 11 4  0.0000901493
10 6 10 4  -0.0003397857
10 7 11 4  -0.0003397857
10 10 0 4  -0.0018507996
10 10 2 4  0.0000696252
10 10 4 4  0.0000901493
10 10 6 4  -0.0003397857
10 11 1 4  -0.0018507996
10 11 3 4  0.0000696252
10 11 5 4  0.0000901493
10 11 7 4  -0.0003397857
10 2 10 6  0.0003397857
10 3 11 6  0.0003397857
10 4 10 6  -0.0003397857
10 5 11 6  -0.0003397857
10 6 10 6  0.0121202733
10 7 11 6  0.0121202733
10 10 2 6  0.0003397857
10 10 4 6  -0.0003397857
10 10 6 6  0.0121202733
10 11 3 6  0.0003397857
10 11 5 6  -0.0003397857
10 11 7 6  0.0121202733
10 8 10 8  0.0121246915
10 9 11 8  0.0121246915
10 10 8 8  0.0121246915
10 11 9 8  0.0121246915
10 0 0 10  0.2043678952
10 0 2 10  -0.0055278045
10 0 4 10  -0.0055278045
10 1 1 10  0.2043678952
10 1 3 10  -0.0055278045
10 1 5 10  -0.0055278045
10 2 0 10  -0.0055278045
10 2 2 10  0.0684382564
10 2 4 10  0.0000989824
10 2 6 10  0.0041155010
10 3 1 10  -0.0055278045
10 3 3 10  0.0684382564
10 3 5 10  0.0000989824
10 3 7 10  0.0041155010
10 4 0 10  -0.0055278045
10 4 2 10  0.0000989824
10 4 4 10  0.0684382564
10 4 6 10  -0.0041155010
10 5 1 10  -0.0055278045
10 5 3 10  0.0000989824
10 5 5 10  0.0684382564
10 5 7 10  -0.0041155010
10 6 2 10  0.0041155010
10 6 4 10  -0.0041155010
10 6 6 10  0.2005474734
10 7 3 10  0.0041155010
10 7 5 10  -0.0041155010
10 7 7 10  0.2005474734
10 8 8 10  0.2006801628
10 9 9 10  0.2006801628
10 10 10 10  0.2249295454
10 11 11 10  0.2249295454
11 0 10 1  0.0433103975
11 1 11 1  0.0433103975
11 2 10 1  -0.0018507996
11 3 11 1  -0.0018507996
11 4 10 1  -0.0018507996
11 5 11 1  -0.0018507996
11 10 0 1  0.0433103975
11 10 2 1  -0.0018507996
11 10 4 1  -0.0018507996
11 11 1 1  0.0433103975
11 11 3 1  -0.0018507996
11 11 5 1  -0.0018507996
11 0 10 3  -0.0018507996
11 1 11 3  -0.0018507996
11 2 10 3  0.0000901493
11 3 11 3  0.0000901493
11 4 10 3  0.0000696252
11 5 11 3  0.0000696252
11 6 10 3  0.0003397857
11 7 11 3  0.0003397857
11 10 0 3  -0.0018507996
11 10 2 3  0.0000901493
11 10 4 3  0.0000696252
11 10 6 3  0.0003397857
11 11 1 3  -0.0018507996
11 11 3 3  0.0000901493
11 11 5 3  0.0000696252
11 11 7 3  0.0003397857
11 0 10 5  -0.0018507996
11 1 11 5  -0.0018507996
11 2 10 5  0.0000696252
11 3 11 5  0.0000696252
11 4 10 5  0.0000901493
11 5 11 5  0.0000901493
11 6 10 5  -0.0003397857
11 7 11 5  -0.0003397857
11 10 0 5  -0.0018507996
11 10 2 5  0.0000696252
11 10 4 5  0.0000901493
11 10 6 5  -0.0003397857
11 11 1 5  -0.0018507996
11 11 3 5  0.0000696252
11 11 5 5  0.0000901493
11 11 7 5  -0.0003397857
11 2 10 7  0.0003397857
11 3 11 7  0.0003397857
11 4 10 7  -0.0003397857
11 5 11 7  -0.0003397857
11 6 10 7  0.0121202733
11 7 11 7  0.0121202733
11 10 2 7  0.0003397857
11 10 4 7  -0.0003397857
11 10 6 7  0.0121202733
11 11 3 7  0.0003397857
11 11 5 7  -0.0003397857
11 11 7 7  0.0121202733
11 8 10 9  0.0121246915
11 9 11 9  0.0121246915
11 10 8 9  0.0121246915
11 11 9 9  0.0121246915
11 0 0 11  0.2043678952
11 0 2 11  -0.0055278045
11 0 4 11  -0.0055278045
11 1 1 11  0.2043678952
11 1 3 11  -0.0055278045
11 1 5 11  -0.0055278045
11 2 0 11  -0.0055278045
11 2 2 11  0.0684382564
11 2 4 11  0.0000989824
11 2 6 11  0.0041155010
11 3 1 11  -0.0055278045
11 3 3 11  0.0684382564
11 3 5 11  0.0000989824
11 3 7 11  0.0041155010
11 4 0 11  -0.0055278045
11 4 2 11  0.0000989824
11 4 4 11  0.0684382564
11 4 6 11  -0.0041155010
11 5 1 11  -0.0055278045
11 5 3 11  0.0000989824
11 5 5 11  0.0684382564
11 5 7 11  -0.0041155010
11 6 2 11  0.0041155010
11 6 4 11  -0.0041155010
11 6 6 11  0.2005474734
11 7 3 11  0.0041155010
11 7 5 11  -0.0041155010
11 7 7 11  0.2005474734
11 8 8 11  0.2006801628
11 9 9 11  0.2006801628
11 10 10 11  0.2249295454
11 11 11 11  0.2249295454
