-12.487291671738351
0 0  -1.1017039041
0 2  -0.0069995565
0 4  -0.0069995565
1 1  -1.1017039041
1 3  -0.0069995565
1 5  -0.0069995565
2 0  -0.0069995565
2 2  -0.9944611511
2 4  0.0415258240
2 6  0.0402894701
3 1  -0.0069995565
3 3  -0.9944611511
3 5  0.0415258240
3 7  0.0402894701
4 0  -0.0069995565
4 2  0.0415258240
4 4  -0.9944611511
4 6  -0.0402894701
5 1  -0.0069995565
5 3  0.0415258240
5 5  -0.9944611511
5 7  -0.0402894701
6 2  0.0402894701
6 4  -0.0402894701
6 6  -0.8872434726
7 3  0.0402894701
7 5  -0.0402894701
7 7  -0.8872434726
8 8  -0.9130045238
9 9  -0.9130045238
10 10  -0.9130045238
11 11  -0.9130045238
0 0 0 0  0.1752964607
0 0 2 0  -0.0175347267
0 0 4 0  -0.0175347267
0 1 1 0  0.1752964607
0 1 3 0  -0.0175347267
0 1 5 0  -0.0175347267
0 2 0 0  -0.0175347267
0 2 2 0  0.1318439756
0 2 4 0  0.0016592659
0 2 6 0  -0.0161810345
0 3 1 0  -0.0175347267
0 3 3 0  0.1318439756
0 3 5 0  0.0016592659
0 3 7 0  -0.0161810345
0 4 0 0  -0.0175347267
0 4 2 0  0.0016592659
0 4 4 0  0.1318439756
0 4 6 0  0.0161810345
0 5 1 0  -0.0175347267
0 5 3 0  0.0016592659
0 5 5 0  0.1318439756
0 5 7 0  0.0161810345
0 6 2 0  -0.0161810345
0 6 4 0  0.0161810345
0 6 6 0  0.1844928175
0 7 3 0  -0.0161810345
0 7 5 0  0.0161810345
0 7 7 0  0.1844928175
0 8 8 0  0.1871234555
0 9 9 0  0.1871234555
0 10 10 0  0.1871234555
0 11 11 0  0.1871234555
0 0 0 2  -0.0175347267
0 0 2 2  0.0321461147
0 0 4 2  -0.0023090385
0 0 6 2  -0.0076378608
0 1 1 2  -0.0175347267
0 1 3 2  0.0321461147
0 1 5 2  -0.0023090385
0 1 7 2  -0.0076378608
0 2 0 2  0.0321461147
0 2 2 2  0.0615573062
0 2 4 2  -0.0009600260
0 2 6 2  0.0298655108
0 3 1 2  0.0321461147
0 3 3 2  0.0615573062
0 3 5 2  -0.0009600260
0 3 7 2  0.0298655108
0 4 0 2  -0.0023090385
0 4 2 2  -0.0009600260
0 4 4 2  -0.0184682464
0 4 6 2  0.0027306225
0 5 1 2  -0.0023090385
0 5 3 2  -0.0009600260
0 5 5 2  -0.0184682464
0 5 7 2  0.0027306225
0 6 0 2  -0.0076378608
0 6 2 2  0.0298655108
0 6 4 2  0.0027306225
0 6 6 2  -0.0174300101
0 7 1 2  -0.0076378608
0 7 3 2  0.0298655108
0 7 5 2  0.0027306225
0 7 7 2  -0.0174300101
0 8 8 2  -0.0288109220
0 9 9 2  -0.0288109220
0 10 10 2  -0.0288109220
0 11 11 2  -0.0288109220
0 0 0 4  -0.0175347267
0 0 2 4  -0.0023090385
0 0 4 4  0.0321461147
0 0 6 4  0.0076378608
0 1 1 4  -0.0175347267
0 1 3 4  -0.0023090385
0 1 5 4  0.0321461147
0 1 7 4  0.0076378608
0 2 0 4  -0.0023090385
0 2 2 4  -0.0184682464
0 2 4 4  -0.0009600260
0 2 6 4  -0.0027306225
0 3 1 4  -0.0023090385
0 3 3 4  -0.0184682464
0 3 5 4  -0.0009600260
0 3 7 4  -0.0027306225
0 4 0 4  0.0321461147
0 4 2 4  -0.0009600260
0 4 4 4  0.0615573062
0 4 6 4  -0.0298655108
0 5 1 4  0.0321461147
0 5 3 4  -0.0009600260
0 5 5 4  0.0615573062
0 5 7 4  -0.0298655108
0 6 0 4  0.0076378608
0 6 2 4  -0.0027306225
0 6 4 4  -0.0298655108
0 6 6 4  -0.0174300101
0 7 1 4  0.0076378608
0 7 3 4  -0.0027306225
0 7 5 4  -0.0298655108
0 7 7 4  -0.0174300101
0 8 8 4  -0.0288109220
0 9 9 4  -0.0288109220
0 10 10 4  -0.0288109220
0 11 11 4  -0.0288109220
0 0 2 6  -0.0076378608
0 0 4 6  0.0076378608
0 0 6 6  0.0306147001
0 1 3 6  -0.0076378608
0 1 5 6  0.0076378608
0 1 7 6  0.0306147001
0 2 0 6  -0.0076378608
0 2 2 6  0.0076273831
0 2 6 6  -0.0064980143
0 3 1 6  -0.0076378608
0 3 3 6  0.0076273831
0 3 7 6  -0.0064980143
0 4 0 6  0.0076378608
0 4 4 6  -0.0076273831
0 4 6 6  -0.0064980143
0 5 1 6  0.0076378608
0 5 5 6  -0.0076273831
0 5 7 6  -0.0064980143
0 6 0 6  0.0306147001
0 6 2 6  -0.0064980143
0 6 4 6  -0.0064980143
0 7 1 6  0.0306147001
0 7 3 6  -0.0064980143
0 7 5 6  -0.0064980143
0 0 8 8  0.0357479054
0 1 9 8  0.0357479054
0 2 8 8  -0.0122614847
0 3 9 8  -0.0122614847
0 4 8 8  -0.0122614847
0 5 9 8  -0.0122614847
0 8 0 8  0.0357479054
0 8 2 8  -0.0122614847
0 8 4 8  -0.0122614847
0 9 1 8  0.0357479054
0 9 3 8  -0.0122614847
0 9 5 8  -0.0122614847
0 0 10 10  0.0357479054
0 1 11 10  0.0357479054
0 2 10 10  -0.0122614847
0 3 11 10  -0.0122614847
0 4 10 10  -0.0122614847
0 5 11 10  -0.0122614847
0 10 0 10  0.0357479054
0 10 2 10  -0.0122614847
0 10 4 10  -0.0122614847
0 11 1 10  0.0357479054
0 11 3 10  -0.0122614847
0 11 5 10  -0.0122614847
1 0 0 1  0.1752964607
1 0 2 1  -0.0175347267
1 0 4 1  -0.0175347267
1 1 1 1  0.1752964607
1 1 3 1  -0.0175347267
1 1 5 1  -0.0175347267
1 2 0 1  -0.0175347267
1 2 2 1  0.1318439756
1 2 4 1  0.0016592659
1 2 6 1  -0.0161810345
1 3 1 1  -0.0175347267
1 3 3 1  0.1318439756
1 3 5 1  0.0016592659
1 3 7 1  -0.0161810345
1 4 0 1  -0.0175347267
1 4 2 1  0.0016592659
1 4 4 1  0.1318439756
1 4 6 1  0.0161810345
1 5 1 1  -0.0175347267
1 5 3 1  0.0016592659
1 5 5 1  0.1318439756
1 5 7 1  0.0161810345
1 6 2 1  -0.0161810345
1 6 4 1  0.0161810345
1 6 6 1  0.1844928175
1 7 3 1  -0.0161810345
1 7 5 1  0.0161810345
1 7 7 1  0.1844928175
1 8 8 1  0.1871234555
1 9 9 1  0.1871234555
1 10 10 1  0.1871234555
1 11 11 1  0.1871234555
1 0 0 3  -0.0175347267
1 0 2 3  0.0321461147
1 0 4 3  -0.0023090385
1 0 6 3  -0.0076378608
1 1 1 3  -0.0175347267
1 1 3 3  0.0321461147
1 1 5 3  -0.0023090385
1 1 7 3  -0.0076378608
1 2 0 3  0.0321461147
1 2 2 3  0.0615573062
1 2 4 3  -0.0009600260
1 2 6 3  0.0298655108
1 3 1 3  0.0321461147
1 3 3 3  0.0615573062
1 3 5 3  -0.0009600260
1 3 7 3  0.0298655108
1 4 0 3  -0.0023090385
1 4 2 3  -0.0009600260
1 4 4 3  -0.0184682464
1 4 6 3  0.0027306225
1 5 1 3  -0.0023090385
1 5 3 3  -0.0009600260
1 5 5 3  -0.0184682464
1 5 7 3  0.0027306225
1 6 0 3  -0.0076378608
1 6 2 3  0.0298655108
1 6 4 3  0.0027306225
1 6 6 3  -0.0174300101
1 7 1 3  -0.0076378608
1 7 3 3  0.0298655108
1 7 5 3  0.0027306225
1 7 7 3  -0.0174300101
1 8 8 3  -0.0288109220
1 9 9 3  -0.0288109220
1 10 10 3  -0.0288109220
1 11 11 3  -0.0288109220
1 0 0 5  -0.0175347267
1 0 2 5  -0.0023090385
1 0 4 5  0.0321461147
1 0 6 5  0.0076378608
1 1 1 5  -0.0175347267
1 1 3 5  -0.0023090385
1 1 5 5  0.0321461147
1 1 7 5  0.0076378608
1 2 0 5  -0.0023090385
1 2 2 5  -0.0184682464
1 2 4 5  -0.0009600260
1 2 6 5  -0.0027306225
1 3 1 5  -0.0023090385
1 3 3 5  -0.0184682464
1 3 5 5  -0.0009600260
1 3 7 5  -0.0027306225
1 4 0 5  0.0321461147
1 4 2 5  -0.0009600260
1 4 4 5  0.0615573062
1 4 6 5  -0.0298655108
1 5 1 5  0.0321461147
1 5 3 5  -0.0009600260
1 5 5 5  0.0615573062
1 5 7 5  -0.0298655108
1 6 0 5  0.0076378608
1 6 2 5  -0.0027306225
1 6 4 5  -0.0298655108
1 6 6 5  -0.0174300101
1 7 1 5  0.0076378608
1 7 3 5  -0.0027306225
1 7 5 5  -0.0298655108
1 7 7 5  -0.0174300101
1 8 8 5  -0.0288109220
1 9 9 5  -0.0288109220
1 10 10 5  -0.0288109220
1 11 11 5  -0.0288109220
1 0 2 7  -0.0076378608
1 0 4 7  0.0076378608
1 0 6 7  0.0306147001
1 1 3 7  -0.0076378608
1 1 5 7  0.0076378608
1 1 7 7  0.0306147001
1 2 0 7  -0.0076378608
1 2 2 7  0.0076273831
1 2 6 7  -0.0064980143
1 3 1 7  -0.0076378608
1 3 3 7  0.0076273831
1 3 7 7  -0.0064980143
1 4 0 7  0.0076378608
1 4 4 7  -0.0076273831
1 4 6 7  -0.0064980143
1 5 1 7  0.0076378608
1 5 5 7  -0.0076273831
1 5 7 7  -0.0064980143
1 6 0 7  0.0306147001
1 6 2 7  -0.0064980143
1 6 4 7  -0.0064980143
1 7 1 7  0.0306147001
1 7 3 7  -0.0064980143
1 7 5 7  -0.0064980143
1 0 8 9  0.0357479054
1 1 9 9  0.0357479054
1 2 8 9  -0.0122614847
1 3 9 9  -0.0122614847
1 4 8 9  -0.0122614847
1 5 9 9  -0.0122614847
1 8 0 9  0.0357479054
1 8 2 9  -0.0122614847
1 8 4 9  -0.0122614847
1 9 1 9  0.0357479054
1 9 3 9  -0.0122614847
1 9 5 9  -0.0122614847
1 0 10 11  0.0357479054
1 1 11 11  0.0357479054
1 2 10 11  -0.0122614847
1 3 11 11  -0.0122614847
1 4 10 11  -0.0122614847
1 5 11 11  -0.0122614847
1 10 0 11  0.0357479054
1 10 2 11  -0.0122614847
1 10 4 11  -0.0122614847
1 11 1 11  0.0357479054
1 11 3 11  -0.0122614847
1 11 5 11  -0.0122614847
2 0 0 0  -0.0175347267
2 0 2 0  0.0321461147
2 0 4 0  -0.0023090385
2 0 6 0  -0.0076378608
2 1 1 0  -0.0175347267
2 1 3 0  0.0321461147
2 1 5 0  -0.0023090385
2 1 7 0  -0.0076378608
2 2 0 0  0.0321461147
2 2 2 0  0.0615573062
2 2 4 0  -0.0009600260
2 2 6 0  0.0298655108
2 3 1 0  0.0321461147
2 3 3 0  0.0615573062
2 3 5 0  -0.0009600260
2 3 7 0  0.0298655108
2 4 0 0  -0.0023090385
2 4 2 0  -0.0009600260
2 4 4 0  -0.0184682464
2 4 6 0  0.0027306225
2 5 1 0  -0.0023090385
2 5 3 0  -0.0009600260
2 5 5 0  -0.0184682464
2 5 7 0  0.0027306225
2 6 0 0  -0.0076378608
2 6 2 0  0.0298655108
2 6 4 0  0.0027306225
2 6 6 0  -0.0174300101
2 7 1 0  -0.0076378608
2 7 3 0  0.0298655108
2 7 5 0  0.0027306225
2 7 7 0  -0.0174300101
2 8 8 0  -0.0288109220
2 9 9 0  -0.0288109220
2 10 10 0  -0.0288109220
2 11 11 0  -0.0288109220
2 0 0 2  0.1318439756
2 0 2 2  0.0615573062
2 0 4 2  -0.0184682464
2 0 6 2  0.0076273831
2 1 1 2  0.1318439756
2 1 3 2  0.0615573062
2 1 5 2  -0.0184682464
2 1 7 2  0.0076273831
2 2 0 2  0.0615573062
2 2 2 2  0.3101563821
2 2 4 2  -0.0000506778
2 2 6 2  0.0604516543
2 3 1 2  0.0615573062
2 3 3 2  0.3101563821
2 3 5 2  -0.0000506778
2 3 7 2  0.0604516543
2 4 0 2  -0.0184682464
2 4 2 2  -0.0000506778
2 4 4 2  0.0748182885
2 4 6 2  0.0188222317
2 5 1 2  -0.0184682464
2 5 3 2  -0.0000506778
2 5 5 2  0.0748182885
2 5 7 2  0.0188222317
2 6 0 2  0.0076273831
2 6 2 2  0.0604516543
2 6 4 2  0.0188222317
2 6 6 2  0.1416047074
2 7 1 2  0.0076273831
2 7 3 2  0.0604516543
2 7 5 2  0.0188222317
2 7 7 2  0.1416047074
2 8 8 2  0.1156224017
2 9 9 2  0.1156224017
2 10 10 2  0.1156224017
2 11 11 2  0.1156224017
2 0 0 4  0.0016592659
2 0 2 4  -0.0009600260
2 0 4 4  -0.0009600260
2 1 1 4  0.0016592659
2 1 3 4  -0.0009600260
2 1 5 4  -0.0009600260
2 2 0 4  -0.0009600260
2 2 2 4  -0.0000506778
2 2 4 4  0.0004939946
2 2 6 4  0.0000233761
2 3 1 4  -0.0009600260
2 3 3 4  -0.0000506778
2 3 5 4  0.0004939946
2 3 7 4  0.0000233761
2 4 0 4  -0.0009600260
2 4 2 4  0.0004939946
2 4 4 4  -0.0000506778
2 4 6 4  -0.0000233761
2 5 1 4  -0.0009600260
2 5 3 4  0.0004939946
2 5 5 4  -0.0000506778
2 5 7 4  -0.0000233761
2 6 2 4  0.0000233761
2 6 4 4  -0.0000233761
2 6 6 4  0.0009172873
2 7 3 4  0.0000233761
2 7 5 4  -0.0000233761
2 7 7 4  0.0009172873
2 8 8 4  0.0034006425
2 9 9 4  0.0034006425
2 10 10 4  0.0034006425
2 11 11 4  0.0034006425
2 0 0 6  -0.0161810345
2 0 2 6  0.0298655108
2 0 4 6  -0.0027306225
2 0 6 6  -0.0064980143
2 1 1 6  -0.0161810345
2 1 3 6  0.0298655108
2 1 5 6  -0.0027306225
2 1 7 6  -0.0064980143
2 2 0 6  0.0298655108
2 2 2 6  0.0604516543
2 2 4 6  0.0000233761
2 2 6 6  0.0309544948
2 3 1 6  0.0298655108
2 3 3 6  0.0604516543
2 3 5 6  0.0000233761
2 3 7 6  0.0309544948
2 4 0 6  -0.0027306225
2 4 2 6  0.0000233761
2 4 4 6  -0.0188222317
2 4 6 6  0.0021552042
2 5 1 6  -0.0027306225
2 5 3 6  0.0000233761
2 5 5 6  -0.0188222317
2 5 7 6  0.0021552042
2 6 0 6  -0.0064980143
2 6 2 6  0.0309544948
2 6 4 6  0.0021552042
2 6 6 6  -0.0191807828
2 7 1 6  -0.0064980143
2 7 3 6  0.0309544948
2 7 5 6  0.0021552042
2 7 7 6  -0.0191807828
2 8 8 6  -0.0239360002
2 9 9 6  -0.0239360002
2 10 10 6  -0.0239360002
2 11 11 6  -0.0239360002
2 0 8 8  -0.0122614847
2 1 9 8  -0.0122614847
2 2 8 8  0.0050379412
2 3 9 8  0.0050379412
2 4 8 8  0.0034988232
2 5 9 8  0.0034988232
2 6 8 8  -0.0028309051
2 7 9 8  -0.0028309051
2 8 0 8  -0.0122614847
2 8 2 8  0.0050379412
2 8 4 8  0.0034988232
2 8 6 8  -0.0028309051
2 9 1 8  -0.0122614847
2 9 3 8  0.0050379412
2 9 5 8  0.0034988232
2 9 7 8  -0.0028309051
2 0 10 10  -0.0122614847
2 1 11 10  -0.0122614847
2 2 10 10  0.0050379412
2 3 11 10  0.0050379412
2 4 10 10  0.0034988232
2 5 11 10  0.0034988232
2 6 10 10  -0.0028309051
2 7 11 10  -0.0028309051
2 10 0 10  -0.0122614847
2 10 2 10  0.0050379412
2 10 4 10  0.0034988232
2 10 6 10  -0.0028309051
2 11 1 10  -0.0122614847
2 11 3 10  0.0050379412
2 11 5 10  0.0034988232
2 11 7 10  -0.0028309051
3 0 0 1  -0.0175347267
3 0 2 1  0.0321461147
3 0 4 1  -0.0023090385
3 0 6 1  -0.0076378608
3 1 1 1  -0.0175347267
3 1 3 1  0.0321461147
3 1 5 1  -0.0023090385
3 1 7 1  -0.0076378608
3 2 0 1  0.0321461147
3 2 2 1  0.0615573062
3 2 4 1  -0.0009600260
3 2 6 1  0.0298655108
3 3 1 1  0.0321461147
3 3 3 1  0.0615573062
3 3 5 1  -0.0009600260
3 3 7 1  0.0298655108
3 4 0 1  -0.0023090385
3 4 2 1  -0.0009600260
3 4 4 1  -0.0184682464
3 4 6 1  0.0027306225
3 5 1 1  -0.0023090385
3 5 3 1  -0.0009600260
3 5 5 1  -0.0184682464
3 5 7 1  0.0027306225
3 6 0 1  -0.0076378608
3 6 2 1  0.0298655108
3 6 4 1  0.0027306225
3 6 6 1  -0.0174300101
3 7 1 1  -0.0076378608
3 7 3 1  0.0298655108
3 7 5 1  0.0027306225
3 7 7 1  -0.0174300101
3 8 8 1  -0.0288109220
3 9 9 1  -0.0288109220
3 10 10 1  -0.0288109220
3 11 11 1  -0.0288109220
3 0 0 3  0.1318439756
3 0 2 3  0.0615573062
3 0 4 3  -0.0184682464
3 0 6 3  0.0076273831
3 1 1 3  0.1318439756
3 1 3 3  0.0615573062
3 1 5 3  -0.0184682464
3 1 7 3  0.0076273831
3 2 0 3  0.0615573062
3 2 2 3  0.3101563821
3 2 4 3  -0.0000506778
3 2 6 3  0.0604516543
3 3 1 3  0.0615573062
3 3 3 3  0.3101563821
3 3 5 3  -0.0000506778
3 3 7 3  0.0604516543
3 4 0 3  -0.0184682464
3 4 2 3  -0.0000506778
3 4 4 3  0.0748182885
3 4 6 3  0.0188222317
3 5 1 3  -0.0184682464
3 5 3 3  -0.0000506778
3 5 5 3  0.0748182885
3 5 7 3  0.0188222317
3 6 0 3  0.0076273831
3 6 2 3  0.0604516543
3 6 4 3  0.0188222317
3 6 6 3  0.1416047074
3 7 1 3  0.0076273831
3 7 3 3  0.0604516543
3 7 5 3  0.0188222317
3 7 7 3  0.1416047074
3 8 8 3  0.1156224017
3 9 9 3  0.1156224017
3 10 10 3  0.1156224017
3 11 11 3  0.1156224017
3 0 0 5  0.0016592659
3 0 2 5  -0.0009600260
3 0 4 5  -0.0009600260
3 1 1 5  0.0016592659
3 1 3 5  -0.0009600260
3 1 5 5  -0.0009600260
3 2 0 5  -0.0009600260
3 2 2 5  -0.0000506778
3 2 4 5  0.0004939946
3 2 6 5  0.0000233761
3 3 1 5  -0.0009600260
3 3 3 5  -0.0000506778
3 3 5 5  0.0004939946
3 3 7 5  0.0000233761
3 4 0 5  -0.0009600260
3 4 2 5  0.0004939946
3 4 4 5  -0.0000506778
3 4 6 5  -0.0000233761
3 5 1 5  -0.0009600260
3 5 3 5  0.0004939946
3 5 5 5  -0.0000506778
3 5 7 5  -0.0000233761
3 6 2 5  0.0000233761
3 6 4 5  -0.0000233761
3 6 6 5  0.0009172873
3 7 3 5  0.0000233761
3 7 5 5  -0.0000233761
3 7 7 5  0.0009172873
3 8 8 5  0.0034006425
3 9 9 5  0.0034006425
3 10 10 5  0.0034006425
3 11 11 5  0.0034006425
3 0 0 7  -0.0161810345
3 0 2 7  0.0298655108
3 0 4 7  -0.0027306225
3 0 6 7  -0.0064980143
3 1 1 7  -0.0161810345
3 1 3 7  0.0298655108
3 1 5 7  -0.0027306225
3 1 7 7  -0.0064980143
3 2 0 7  0.0298655108
3 2 2 7  0.0604516543
3 2 4 7  0.0000233761
3 2 6 7  0.0309544948
3 3 1 7  0.0298655108
3 3 3 7  0.0604516543
3 3 5 7  0.0000233761
3 3 7 7  0.0309544948
3 4 0 7  -0.0027306225
3 4 2 7  0.0000233761
3 4 4 7  -0.0188222317
3 4 6 7  0.0021552042
3 5 1 7  -0.0027306225
3 5 3 7  0.0000233761
3 5 5 7  -0.0188222317
3 5 7 7  0.0021552042
3 6 0 7  -0.0064980143
3 6 2 7  0.0309544948
3 6 4 7  0.0021552042
3 6 6 7  -0.0191807828
3 7 1 7  -0.0064980143
3 7 3 7  0.0309544948
3 7 5 7  0.0021552042
3 7 7 7  -0.0191807828
3 8 8 7  -0.0239360002
3 9 9 7  -0.0239360002
3 10 10 7  -0.0239360002
3 11 11 7  -0.0239360002
3 0 8 9  -0.0122614847
3 1 9 9  -0.0122614847
3 2 8 9  0.0050379412
3 3 9 9  0.0050379412
3 4 8 9  0.0034988232
3 5 9 9  0.0034988232
3 6 8 9  -0.0028309051
3 7 9 9  -0.0028309051
3 8 0 9  -0.0122614847
3 8 2 9  0.0050379412
3 8 4 9  0.0034988232
3 8 6 9  -0.0028309051
3 9 1 9  -0.0122614847
3 9 3 9  0.0050379412
3 9 5 9  0.0034988232
3 9 7 9  -0.0028309051
3 0 10 11  -0.0122614847
3 1 11 11  -0.0122614847
3 2 10 11  0.0050379412
3 3 11 11  0.0050379412
3 4 10 11  0.0034988232
3 5 11 11  0.0034988232
3 6 10 11  -0.0028309051
3 7 11 11  -0.0028309051
3 10 0 11  -0.0122614847
3 10 2 11  0.0050379412
3 10 4 11  0.0034988232
3 10 6 11  -0.0028309051
3 11 1 11  -0.0122614847
3 11 3 11  0.0050379412
3 11 5 11  0.0034988232
3 11 7 11  -0.0028309051
4 0 0 0  -0.0175347267
4 0 2 0  -0.0023090385
4 0 4 0  0.0321461147
4 0 6 0  0.0076378608
4 1 1 0  -0.0175347267
4 1 3 0  -0.0023090385
4 1 5 0  0.0321461147
4 1 7 0  0.0076378608
4 2 0 0  -0.0023090385
4 2 2 0  -0.0184682464
4 2 4 0  -0.0009600260
4 2 6 0  -0.0027306225
4 3 1 0  -0.0023090385
4 3 3 0  -0.0184682464
4 3 5 0  -0.0009600260
4 3 7 0  -0.0027306225
4 4 0 0  0.0321461147
4 4 2 0  -0.0009600260
4 4 4 0  0.0615573062
4 4 6 0  -0.0298655108
4 5 1 0  0.0321461147
4 5 3 0  -0.0009600260
4 5 5 0  0.0615573062
4 5 7 0  -0.0298655108
4 6 0 0  0.0076378608
4 6 2 0  -0.0027306225
4 6 4 0  -0.0298655108
4 6 6 0  -0.0174300101
4 7 1 0  0.0076378608
4 7 3 0  -0.0027306225
4 7 5 0  -0.0298655108
4 7 7 0  -0.0174300101
4 8 8 0  -0.0288109220
4 9 9 0  -0.0288109220
4 10 10 0  -0.0288109220
4 11 11 0  -0.0288109220
4 0 0 2  0.0016592659
4 0 2 2  -0.0009600260
4 0 4 2  -0.0009600260
4 1 1 2  0.0016592659
4 1 3 2  -0.0009600260
4 1 5 2  -0.0009600260
4 2 0 2  -0.0009600260
4 2 2 2  -0.0000506778
4 2 4 2  0.0004939946
4 2 6 2  0.0000233761
4 3 1 2  -0.0009600260
4 3 3 2  -0.0000506778
4 3 5 2  0.0004939946
4 3 7 2  0.0000233761
4 4 0 2  -0.0009600260
4 4 2 2  0.0004939946
4 4 4 2  -0.0000506778
4 4 6 2  -0.0000233761
4 5 1 2  -0.0009600260
4 5 3 2  0.0004939946
4 5 5 2  -0.0000506778
4 5 7 2  -0.0000233761
4 6 2 2  0.0000233761
4 6 4 2  -0.0000233761
4 6 6 2  0.0009172873
4 7 3 2  0.0000233761
4 7 5 2  -0.0000233761
4 7 7 2  0.0009172873
4 8 8 2  0.0034006425
4 9 9 2  0.0034006425
4 10 10 2  0.0034006425
4 11 11 2  0.0034006425
4 0 0 4  0.1318439756
4 0 2 4  -0.0184682464
4 0 4 4  0.0615573062
4 0 6 4  -0.0076273831
4 1 1 4  0.1318439756
4 1 3 4  -0.0184682464
4 1 5 4  0.0615573062
4 1 7 4  -0.0076273831
4 2 0 4  -0.0184682464
4 2 2 4  0.0748182885
4 2 4 4  -0.0000506778
4 2 6 4  -0.0188222317
4 3 1 4  -0.0184682464
4 3 3 4  0.0748182885
4 3 5 4  -0.0000506778
4 3 7 4  -0.0188222317
4 4 0 4  0.0615573062
4 4 2 4  -0.0000506778
4 4 4 4  0.3101563821
4 4 6 4  -0.0604516543
4 5 1 4  0.0615573062
4 5 3 4  -0.0000506778
4 5 5 4  0.3101563821
4 5 7 4  -0.0604516543
4 6 0 4  -0.0076273831
4 6 2 4  -0.0188222317
4 6 4 4  -0.0604516543
4 6 6 4  0.1416047074
4 7 1 4  -0.0076273831
4 7 3 4  -0.0188222317
4 7 5 4  -0.0604516543
4 7 7 4  0.1416047074
4 8 8 4  0.1156224017
4 9 9 4  0.1156224017
4 10 10 4  0.1156224017
4 11 11 4  0.1156224017
4 0 0 6  0.0161810345
4 0 2 6  0.0027306225
4 0 4 6  -0.0298655108
4 0 6 6  -0.0064980143
4 1 1 6  0.0161810345
4 1 3 6  0.0027306225
4 1 5 6  -0.0298655108
4 1 7 6  -0.0064980143
4 2 0 6  0.0027306225
4 2 2 6  0.0188222317
4 2 4 6  -0.0000233761
4 2 6 6  0.0021552042
4 3 1 6  0.0027306225
4 3 3 6  0.0188222317
4 3 5 6  -0.0000233761
4 3 7 6  0.0021552042
4 4 0 6  -0.0298655108
4 4 2 6  -0.0000233761
4 4 4 6  -0.0604516543
4 4 6 6  0.0309544948
4 5 1 6  -0.0298655108
4 5 3 6  -0.0000233761
4 5 5 6  -0.0604516543
4 5 7 6  0.0309544948
4 6 0 6  -0.0064980143
4 6 2 6  0.0021552042
4 6 4 6  0.0309544948
4 6 6 6  0.0191807828
4 7 1 6  -0.0064980143
4 7 3 6  0.0021552042
4 7 5 6  0.0309544948
4 7 7 6  0.0191807828
4 8 8 6  0.0239360002
4 9 9 6  0.0239360002
4 10 10 6  0.0239360002
4 11 11 6  0.0239360002
4 0 8 8  -0.0122614847
4 1 9 8  -0.0122614847
4 2 8 8  0.0034988232
4 3 9 8  0.0034988232
4 4 8 8  0.0050379412
4 5 9 8  0.0050379412
4 6 8 8  0.0028309051
4 7 9 8  0.0028309051
4 8 0 8  -0.0122614847
4 8 2 8  0.0034988232
4 8 4 8  0.0050379412
4 8 6 8  0.0028309051
4 9 1 8  -0.0122614847
4 9 3 8  0.0034988232
4 9 5 8  0.0050379412
4 9 7 8  0.0028309051
4 0 10 10  -0.0122614847
4 1 11 10  -0.0122614847
4 2 10 10  0.0034988232
4 3 11 10  0.0034988232
4 4 10 10  0.0050379412
4 5 11 10  0.0050379412
4 6 10 10  0.0028309051
4 7 11 10  0.0028309051
4 10 0 10  -0.0122614847
4 10 2 10  0.0034988232
4 10 4 10  0.0050379412
4 10 6 10  0.0028309051
4 11 1 10  -0.0122614847
4 11 3 10  0.0034988232
4 11 5 10  0.0050379412
4 11 7 10  0.0028309051
5 0 0 1  -0.0175347267
5 0 2 1  -0.0023090385
5 0 4 1  0.0321461147
5 0 6 1  0.0076378608
5 1 1 1  -0.0175347267
5 1 3 1  -0.0023090385
5 1 5 1  0.0321461147
5 1 7 1  0.0076378608
5 2 0 1  -0.0023090385
5 2 2 1  -0.0184682464
5 2 4 1  -0.0009600260
5 2 6 1  -0.0027306225
5 3 1 1  -0.0023090385
5 3 3 1  -0.0184682464
5 3 5 1  -0.0009600260
5 3 7 1  -0.0027306225
5 4 0 1  0.0321461147
5 4 2 1  -0.0009600260
5 4 4 1  0.0615573062
5 4 6 1  -0.0298655108
5 5 1 1  0.0321461147
5 5 3 1  -0.0009600260
5 5 5 1  0.0615573062
5 5 7 1  -0.0298655108
5 6 0 1  0.0076378608
5 6 2 1  -0.0027306225
5 6 4 1  -0.0298655108
5 6 6 1  -0.0174300101
5 7 1 1  0.0076378608
5 7 3 1  -0.0027306225
5 7 5 1  -0.0298655108
5 7 7 1  -0.0174300101
5 8 8 1  -0.0288109220
5 9 9 1  -0.0288109220
5 10 10 1  -0.0288109220
5 11 11 1  -0.0288109220
5 0 0 3  0.0016592659
5 0 2 3  -0.0009600260
5 0 4 3  -0.0009600260
5 1 1 3  0.0016592659
5 1 3 3  -0.0009600260
5 1 5 3  -0.0009600260
5 2 0 3  -0.0009600260
5 2 2 3  -0.0000506778
5 2 4 3  0.0004939946
5 2 6 3  0.0000233761
5 3 1 3  -0.0009600260
5 3 3 3  -0.0000506778
5 3 5 3  0.0004939946
5 3 7 3  0.0000233761
5 4 0 3  -0.0009600260
5 4 2 3  0.0004939946
5 4 4 3  -0.0000506778
5 4 6 3  -0.0000233761
5 5 1 3  -0.0009600260
5 5 3 3  0.0004939946
5 5 5 3  -0.0000506778
5 5 7 3  -0.0000233761
5 6 2 3  0.0000233761
5 6 4 3  -0.0000233761
5 6 6 3  0.0009172873
5 7 3 3  0.0000233761
5 7 5 3  -0.0000233761
5 7 7 3  0.0009172873
5 8 8 3  0.0034006425
5 9 9 3  0.0034006425
5 10 10 3  0.0034006425
5 11 11 3  0.0034006425
5 0 0 5  0.1318439756
5 0 2 5  -0.0184682464
5 0 4 5  0.0615573062
5 0 6 5  -0.0076273831
5 1 1 5  0.1318439756
5 1 3 5  -0.0184682464
5 1 5 5  0.0615573062
5 1 7 5  -0.0076273831
5 2 0 5  -0.0184682464
5 2 2 5  0.0748182885
5 2 4 5  -0.0000506778
5 2 6 5  -0.0188222317
5 3 1 5  -0.0184682464
5 3 3 5  0.0748182885
5 3 5 5  -0.0000506778
5 3 7 5  -0.0188222317
5 4 0 5  0.0615573062
5 4 2 5  -0.0000506778
5 4 4 5  0.3101563821
5 4 6 5  -0.0604516543
5 5 1 5  0.0615573062
5 5 3 5  -0.0000506778
5 5 5 5  0.3101563821
5 5 7 5  -0.0604516543
5 6 0 5  -0.0076273831
5 6 2 5  -0.0188222317
5 6 4 5  -0.0604516543
5 6 6 5  0.1416047074
5 7 1 5  -0.0076273831
5 7 3 5  -0.0188222317
5 7 5 5  -0.0604516543
5 7 7 5  0.1416047074
5 8 8 5  0.1156224017
5 9 9 5  0.1156224017
5 10 10 5  0.1156224017
5 11 11 5  0.1156224017
5 0 0 7  0.0161810345
5 0 2 7  0.0027306225
5 0 4 7  -0.0298655108
5 0 6 7  -0.0064980143
5 1 1 7  0.0161810345
5 1 3 7  0.0027306225
5 1 5 7  -0.0298655108
5 1 7 7  -0.0064980143
5 2 0 7  0.0027306225
5 2 2 7  0.0188222317
5 2 4 7  -0.0000233761
5 2 6 7  0.0021552042
5 3 1 7  0.0027306225
5 3 3 7  0.0188222317
5 3 5 7  -0.0000233761
5 3 7 7  0.0021552042
5 4 0 7  -0.0298655108
5 4 2 7  -0.0000233761
5 4 4 7  -0.0604516543
5 4 6 7  0.0309544948
5 5 1 7  -0.0298655108
5 5 3 7  -0.0000233761
5 5 5 7  -0.0604516543
5 5 7 7  0.0309544948
5 6 0 7  -0.0064980143
5 6 2 7  0.0021552042
5 6 4 7  0.0309544948
5 6 6 7  0.0191807828
5 7 1 7  -0.0064980143
5 7 3 7  0.0021552042
5 7 5 7  0.0309544948
5 7 7 7  0.0191807828
5 8 8 7  0.0239360002
5 9 9 7  0.0239360002
5 10 10 7  0.0239360002
5 11 11 7  0.0239360002
5 0 8 9  -0.0122614847
5 1 9 9  -0.0122614847
5 2 8 9  0.0034988232
5 3 9 9  0.0034988232
5 4 8 9  0.0050379412
5 5 9 9  0.0050379412
5 6 8 9  0.0028309051
5 7 9 9  0.0028309051
5 8 0 9  -0.0122614847
5 8 2 9  0.0034988232
5 8 4 9  0.0050379412
5 8 6 9  0.0028309051
5 9 1 9  -0.0122614847
5 9 3 9  0.0034988232
5 9 5 9  0.0050379412
5 9 7 9  0.0028309051
5 0 10 11  -0.0122614847
5 1 11 11  -0.0122614847
5 2 10 11  0.0034988232
5 3 11 11  0.0034988232
5 4 10 11  0.0050379412
5 5 11 11  0.0050379412
5 6 10 11  0.0028309051
5 7 11 11  0.0028309051
5 10 0 11  -0.0122614847
5 10 2 11  0.0034988232
5 10 4 11  0.0050379412
5 10 6 11  0.0028309051
5 11 1 11  -0.0122614847
5 11 3 11  0.0034988232
5 11 5 11  0.0050379412
5 11 7 11  0.0028309051
6 0 2 0  -0.0076378608
6 0 4 0  0.0076378608
6 0 6 0  0.0306147001
6 1 3 0  -0.0076378608
6 1 5 0  0.0076378608
6 1 7 0  0.0306147001
6 2 0 0  -0.0076378608
6 2 2 0  0.0076273831
6 2 6 0  -0.0064980143
6 3 1 0  -0.0076378608
6 3 3 0  0.0076273831
6 3 7 0  -0.0064980143
6 4 0 0  0.0076378608
6 4 4 0  -0.0076273831
6 4 6 0  -0.0064980143
6 5 1 0  0.0076378608
6 5 5 0  -0.0076273831
6 5 7 0  -0.0064980143
6 6 0 0  0.0306147001
6 6 2 0  -0.0064980143
6 6 4 0  -0.0064980143
6 7 1 0  0.0306147001
6 7 3 0  -0.0064980143
6 7 5 0  -0.0064980143
6 0 0 2  -0.0161810345
6 0 2 2  0.0298655108
6 0 4 2  -0.0027306225
6 0 6 2  -0.0064980143
6 1 1 2  -0.0161810345
6 1 3 2  0.0298655108
6 1 5 2  -0.0027306225
6 1 7 2  -0.0064980143
6 2 0 2  0.0298655108
6 2 2 2  0.0604516543
6 2 4 2  0.0000233761
6 2 6 2  0.0309544948
6 3 1 2  0.0298655108
6 3 3 2  0.0604516543
6 3 5 2  0.0000233761
6 3 7 2  0.0309544948
6 4 0 2  -0.0027306225
6 4 2 2  0.0000233761
6 4 4 2  -0.0188222317
6 4 6 2  0.0021552042
6 5 1 2  -0.0027306225
6 5 3 2  0.0000233761
6 5 5 2  -0.0188222317
6 5 7 2  0.0021552042
6 6 0 2  -0.0064980143
6 6 2 2  0.0309544948
6 6 4 2  0.0021552042
6 6 6 2  -0.0191807828
6 7 1 2  -0.0064980143
6 7 3 2  0.0309544948
6 7 5 2  0.0021552042
6 7 7 2  -0.0191807828
6 8 8 2  -0.0239360002
6 9 9 2  -0.0239360002
6 10 10 2  -0.0239360002
6 11 11 2  -0.0239360002
6 0 0 4  0.0161810345
6 0 2 4  0.0027306225
6 0 4 4  -0.0298655108
6 0 6 4  -0.0064980143
6 1 1 4  0.0161810345
6 1 3 4  0.0027306225
6 1 5 4  -0.0298655108
6 1 7 4  -0.0064980143
6 2 0 4  0.0027306225
6 2 2 4  0.0188222317
6 2 4 4  -0.0000233761
6 2 6 4  0.0021552042
6 3 1 4  0.0027306225
6 3 3 4  0.0188222317
6 3 5 4  -0.0000233761
6 3 7 4  0.0021552042
6 4 0 4  -0.0298655108
6 4 2 4  -0.0000233761
6 4 4 4  -0.0604516543
6 4 6 4  0.0309544948
6 5 1 4  -0.0298655108
6 5 3 4  -0.0000233761
6 5 5 4  -0.0604516543
6 5 7 4  0.0309544948
6 6 0 4  -0.0064980143
6 6 2 4  0.0021552042
6 6 4 4  0.0309544948
6 6 6 4  0.0191807828
6 7 1 4  -0.0064980143
6 7 3 4  0.0021552042
6 7 5 4  0.0309544948
6 7 7 4  0.0191807828
6 8 8 4  0.0239360002
6 9 9 4  0.0239360002
6 10 10 4  0.0239360002
6 11 11 4  0.0239360002
6 0 0 6  0.1844928175
6 0 2 6  -0.0174300101
6 0 4 6  -0.0174300101
6 1 1 6  0.1844928175
6 1 3 6  -0.0174300101
6 1 5 6  -0.0174300101
6 2 0 6  -0.0174300101
6 2 2 6  0.1416047074
6 2 4 6  0.0009172873
6 2 6 6  -0.0191807828
6 3 1 6  -0.0174300101
6 3 3 6  0.1416047074
6 3 5 6  0.0009172873
6 3 7 6  -0.0191807828
6 4 0 6  -0.0174300101
6 4 2 6  0.0009172873
6 4 4 6  0.1416047074
6 4 6 6  0.0191807828
6 5 1 6  -0.0174300101
6 5 3 6  0.0009172873
6 5 5 6  0.1416047074
6 5 7 6  0.0191807828
6 6 2 6  -0.0191807828
6 6 4 6  0.0191807828
6 6 6 6  0.2071784058
6 7 3 6  -0.0191807828
6 7 5 6  0.0191807828
6 7 7 6  0.2071784058
6 8 8 6  0.1914228138
6 9 9 6  0.1914228138
6 10 10 6  0.1914228138
6 11 11 6  0.1914228138
6 2 8 8  -0.0028309051
6 3 9 8  -0.0028309051
6 4 8 8  0.0028309051
6 5 9 8  0.0028309051
6 6 8 8  0.0110724354
6 7 9 8  0.0110724354
6 8 2 8  -0.0028309051
6 8 4 8  0.0028309051
6 8 6 8  0.0110724354
6 9 3 8  -0.0028309051
6 9 5 8  0.0028309051
6 9 7 8  0.0110724354
6 2 10 10  -0.0028309051
6 3 11 10  -0.0028309051
6 4 10 10  0.0028309051
6 5 11 10  0.0028309051
6 6 10 10  0.0110724354
6 7 11 10  0.0110724354
6 10 2 10  -0.0028309051
6 10 4 10  0.0028309051
6 10 6 10  0.0110724354
6 11 3 10  -0.0028309051
6 11 5 10  0.0028309051
6 11 7 10  0.0110724354
7 0 2 1  -0.0076378608
7 0 4 1  0.0076378608
7 0 6 1  0.0306147001
7 1 3 1  -0.0076378608
7 1 5 1  0.0076378608
7 1 7 1  0.0306147001
7 2 0 1  -0.0076378608
7 2 2 1  0.0076273831
7 2 6 1  -0.0064980143
7 3 1 1  -0.0076378608
7 3 3 1  0.0076273831
7 3 7 1  -0.0064980143
7 4 0 1  0.0076378608
7 4 4 1  -0.0076273831
7 4 6 1  -0.0064980143
7 5 1 1  0.0076378608
7 5 5 1  -0.0076273831
7 5 7 1  -0.0064980143
7 6 0 1  0.0306147001
7 6 2 1  -0.0064980143
7 6 4 1  -0.0064980143
7 7 1 1  0.0306147001
7 7 3 1  -0.0064980143
7 7 5 1  -0.0064980143
7 0 0 3  -0.0161810345
7 0 2 3  0.0298655108
7 0 4 3  -0.0027306225
7 0 6 3  -0.0064980143
7 1 1 3  -0.0161810345
7 1 3 3  0.0298655108
7 1 5 3  -0.0027306225
7 1 7 3  -0.0064980143
7 2 0 3  0.0298655108
7 2 2 3  0.0604516543
7 2 4 3  0.0000233761
7 2 6 3  0.0309544948
7 3 1 3  0.0298655108
7 3 3 3  0.0604516543
7 3 5 3  0.0000233761
7 3 7 3  0.0309544948
7 4 0 3  -0.0027306225
7 4 2 3  0.0000233761
7 4 4 3  -0.0188222317
7 4 6 3  0.0021552042
7 5 1 3  -0.0027306225
7 5 3 3  0.0000233761
7 5 5 3  -0.0188222317
7 5 7 3  0.0021552042
7 6 0 3  -0.0064980143
7 6 2 3  0.0309544948
7 6 4 3  0.0021552042
7 6 6 3  -0.0191807828
7 7 1 3  -0.0064980143
7 7 3 3  0.0309544948
7 7 5 3  0.0021552042
7 7 7 3  -0.0191807828
7 8 8 3  -0.0239360002
7 9 9 3  -0.0239360002
7 10 10 3  -0.0239360002
7 11 11 3  -0.0239360002
7 0 0 5  0.0161810345
7 0 2 5  0.0027306225
7 0 4 5  -0.0298655108
7 0 6 5  -0.0064980143
7 1 1 5  0.0161810345
7 1 3 5  0.0027306225
7 1 5 5  -0.0298655108
7 1 7 5  -0.0064980143
7 2 0 5  0.0027306225
7 2 2 5  0.0188222317
7 2 4 5  -0.0000233761
7 2 6 5  0.0021552042
7 3 1 5  0.0027306225
7 3 3 5  0.0188222317
7 3 5 5  -0.0000233761
7 3 7 5  0.0021552042
7 4 0 5  -0.0298655108
7 4 2 5  -0.0000233761
7 4 4 5  -0.0604516543
7 4 6 5  0.0309544948
7 5 1 5  -0.0298655108
7 5 3 5  -0.0000233761
7 5 5 5  -0.0604516543
7 5 7 5  0.0309544948
7 6 0 5  -0.0064980143
7 6 2 5  0.0021552042
7 6 4 5  0.0309544948
7 6 6 5  0.0191807828
7 7 1 5  -0.0064980143
7 7 3 5  0.0021552042
7 7 5 5  0.0309544948
7 7 7 5  0.0191807828
7 8 8 5  0.0239360002
7 9 9 5  0.0239360002
7 10 10 5  0.0239360002
7 11 11 5  0.0239360002
7 0 0 7  0.1844928175
7 0 2 7  -0.0174300101
7 0 4 7  -0.0174300101
7 1 1 7  0.1844928175
7 1 3 7  -0.0174300101
7 1 5 7  -0.0174300101
7 2 0 7  -0.0174300101
7 2 2 7  0.1416047074
7 2 4 7  0.0009172873
7 2 6 7  -0.0191807828
7 3 1 7  -0.0174300101
7 3 3 7  0.1416047074
7 3 5 7  0.0009172873
7 3 7 7  -0.0191807828
7 4 0 7  -0.0174300101
7 4 2 7  0.0009172873
7 4 4 7  0.1416047074
7 4 6 7  0.0191807828
7 5 1 7  -0.0174300101
7 5 3 7  0.0009172873
7 5 5 7  0.1416047074
7 5 7 7  0.0191807828
7 6 2 7  -0.0191807828
7 6 4 7  0.0191807828
7 6 6 7  0.2071784058
7 7 3 7  -0.0191807828
7 7 5 7  0.0191807828
7 7 7 7  0.2071784058
7 8 8 7  0.1914228138
7 9 9 7  0.1914228138
7 10 10 7  0.1914228138
7 11 11 7  0.1914228138
7 2 8 9  -0.0028309051
7 3 9 9  -0.0028309051
7 4 8 9  0.0028309051
7 5 9 9  0.0028309051
7 6 8 9  0.0110724354
7 7 9 9  0.0110724354
7 8 2 9  -0.0028309051
7 8 4 9  0.0028309051
7 8 6 9  0.0110724354
7 9 3 9  -0.0028309051
7 9 5 9  0.0028309051
7 9 7 9  0.0110724354
7 2 10 11  -0.0028309051
7 3 11 11  -0.0028309051
7 4 10 11  0.0028309051
7 5 11 11  0.0028309051
7 6 10 11  0.0110724354
7 7 11 11  0.0110724354
7 10 2 11  -0.0028309051
7 10 4 11  0.0028309051
7 10 6 11  0.0110724354
7 11 3 11  -0.0028309051
7 11 5 11  0.0028309051
7 11 7 11  0.0110724354
8 0 8 0  0.0357479054
8 1 9 0  0.0357479054
8 2 8 0  -0.0122614847
8 3 9 0  -0.0122614847
8 4 8 0  -0.0122614847
8 5 9 0  -0.0122614847
8 8 0 0  0.0357479054
8 8 2 0  -0.0122614847
8 8 4 0  -0.0122614847
8 9 1 0  0.0357479054
8 9 3 0  -0.0122614847
8 9 5 0  -0.0122614847
8 0 8 2  -0.0122614847
8 1 9 2  -0.0122614847
8 2 8 2  0.0050379412
8 3 9 2  0.0050379412
8 4 8 2  0.0034988232
8 5 9 2  0.0034988232
8 6 8 2  -0.0028309051
8 7 9 2  -0.0028309051
8 8 0 2  -0.0122614847
8 8 2 2  0.0050379412
8 8 4 2  0.0034988232
8 8 6 2  -0.0028309051
8 9 1 2  -0.0122614847
8 9 3 2  0.0050379412
8 9 5 2  0.0034988232
8 9 7 2  -0.0028309051
8 0 8 4  -0.0122614847
8 1 9 4  -0.0122614847
8 2 8 4  0.0034988232
8 3 9 4  0.0034988232
8 4 8 4  0.0050379412
8 5 9 4  0.0050379412
8 6 8 4  0.0028309051
8 7 9 4  0.0028309051
8 8 0 4  -0.0122614847
8 8 2 4  0.0034988232
8 8 4 4  0.0050379412
8 8 6 4  0.0028309051
8 9 1 4  -0.0122614847
8 9 3 4  0.0034988232
8 9 5 4  0.0050379412
8 9 7 4  0.0028309051
8 2 8 6  -0.0028309051
8 3 9 6  -0.0028309051
8 4 8 6  0.0028309051
8 5 9 6  0.0028309051
8 6 8 6  0.0110724354
8 7 9 6  0.0110724354
8 8 2 6  -0.0028309051
8 8 4 6  0.0028309051
8 8 6 6  0.0110724354
8 9 3 6  -0.0028309051
8 9 5 6  0.0028309051
8 9 7 6  0.0110724354
8 0 0 8  0.1871234555
8 0 2 8  -0.0288109220
8 0 4 8  -0.0288109220
8 1 1 8  0.1871234555
8 1 3 8  -0.0288109220
8 1 5 8  -0.0288109220
8 2 0 8  -0.0288109220
8 2 2 8  0.1156224017
8 2 4 8  0.0034006425
8 2 6 8  -0.0239360002
8 3 1 8  -0.0288109220
8 3 3 8  0.1156224017
8 3 5 8  0.0034006425
8 3 7 8  -0.0239360002
8 4 0 8  -0.0288109220
8 4 2 8  0.0034006425
8 4 4 8  0.1156224017
8 4 6 8  0.0239360002
8 5 1 8  -0.0288109220
8 5 3 8  0.0034006425
8 5 5 8  0.1156224017
8 5 7 8  0.0239360002
8 6 2 8  -0.0239360002
8 6 4 8  0.0239360002
8 6 6 8  0.1914228138
8 7 3 8  -0.0239360002
8 7 5 8  0.0239360002
8 7 7 8  0.1914228138
8 8 8 8  0.2249295450
8 9 9 8  0.2249295450
8 10 10 8  0.2006801625
8 11 11 8  0.2006801625
8 8 10 10  0.0121246915
8 9 11 10  0.0121246915
8 10 8 10  0.0121246915
8 11 9 10  0.0121246915
9 0 8 1  0.0357479054
9 1 9 1  0.0357479054
9 2 8 1  -0.0122614847
9 3 9 1  -0.0122614847
9 4 8 1  -0.0122614847
9 5 9 1  -0.0122614847
9 8 0 1  0.0357479054
9 8 2 1  -0.0122614847
9 8 4 1  -0.0122614847
9 9 1 1  0.0357479054
9 9 3 1  -0.0122614847
9 9 5 1  -0.0122614847
9 0 8 3  -0.0122614847
9 1 9 3  -0.0122614847
9 2 8 3  0.0050379412
9 3 9 3  0.0050379412
9 4 8 3  0.0034988232
9 5 9 3  0.0034988232
9 6 8 3  -0.0028309051
9 7 9 3  -0.0028309051
9 8 0 3  -0.0122614847
9 8 2 3  0.0050379412
9 8 4 3  0.0034988232
9 8 6 3  -0.0028309051
9 9 1 3  -0.0122614847
9 9 3 3  0.0050379412
9 9 5 3  0.0034988232
9 9 7 3  -0.0028309051
9 0 8 5  -0.0122614847
9 1 9 5  -0.0122614847
9 2 8 5  0.0034988232
9 3 9 5  0.0034988232
9 4 8 5  0.0050379412
9 5 9 5  0.0050379412
9 6 8 5  0.0028309051
9 7 9 5  0.0028309051
9 8 0 5  -0.0122614847
9 8 2 5  0.0034988232
9 8 4 5  0.0050379412
9 8 6 5  0.0028309051
9 9 1 5  -0.0122614847
9 9 3 5  0.0034988232
9 9 5 5  0.0050379412
9 9 7 5  0.0028309051
9 2 8 7  -0.0028309051
9 3 9 7  -0.0028309051
9 4 8 7  0.0028309051
9 5 9 7  0.0028309051
9 6 8 7  0.0110724354
9 7 9 7  0.0110724354
9 8 2 7  -0.0028309051
9 8 4 7  0.0028309051
9 8 6 7  0.0110724354
9 9 3 7  -0.0028309051
9 9 5 7  0.0028309051
9 9 7 7  0.0110724354
9 0 0 9  0.1871234555
9 0 2 9  -0.0288109220
9 0 4 9  -0.0288109220
9 1 1 9  0.1871234555
9 1 3 9  -0.0288109220
9 1 5 9  -0.0288109220
9 2 0 9  -0.0288109220
9 2 2 9  0.1156224017
9 2 4 9  0.0034006425
9 2 6 9  -0.0239360002
9 3 1 9  -0.0288109220
9 3 3 9  0.1156224017
9 3 5 9  0.0034006425
9 3 7 9  -0.0239360002
9 4 0 9  -0.0288109220
9 4 2 9  0.0034006425
9 4 4 9  0.1156224017
9 4 6 9  0.0239360002
9 5 1 9  -0.0288109220
9 5 3 9  0.0034006425
9 5 5 9  0.1156224017
9 5 7 9  0.0239360002
9 6 2 9  -0.0239360002
9 6 4 9  0.0239360002
9 6 6 9  0.1914228138
9 7 3 9  -0.0239360002
9 7 5 9  0.0239360002
9 7 7 9  0.1914228138
9 8 8 9  0.2249295450
9 9 9 9  0.2249295450
9 10 10 9  0.2006801625
9 11 11 9  0.2006801625
9 8 10 11  0.0121246915
9 9 11 11  0.0121246915
9 10 8 11  0.0121246915
9 11 9 11  0.0121246915
10 0 10 0  0.0357479054
10 1 11 0  0.0357479054
10 2 10 0  -0.0122614847
10 3 11 0  -0.0122614847
10 4 10 0  -0.0122614847
10 5 11 0  -0.0122614847
10 10 0 0  0.0357479054
10 10 2 0  -0.0122614847
10 10 4 0  -0.0122614847
10 11 1 0  0.0357479054
10 11 3 0  -0.0122614847
10 11 5 0  -0.0122614847
10 0 10 2  -0.0122614847
10 1 11 2  -0.0122614847
10 2 10 2  0.0050379412
10 3 11 2  0.0050379412
10 4 10 2  0.0034988232
10 5 11 2  0.0034988232
10 6 10 2  -0.0028309051
10 7 11 2  -0.0028309051
10 10 0 2  -0.0122614847
10 10 2 2  0.0050379412
10 10 4 2  0.0034988232
10 10 6 2  -0.0028309051
10 11 1 2  -0.0122614847
10 11 3 2  0.0050379412
10 11 5 2  0.0034988232
10 11 7 2  -0.0028309051
10 0 10 4  -0.0122614847
10 1 11 4  -0.0122614847
10 2 10 4  0.0034988232
10 3 11 4  0.0034988232
10 4 10 4  0.0050379412
10 5 11 4  0.0050379412
10 6 10 4  0.0028309051
10 7 11 4  0.0028309051
10 10 0 4  -0.0122614847
10 10 2 4  0.0034988232
10 10 4 4  0.0050379412
10 10 6 4  0.0028309051
10 11 1 4  -0.0122614847
10 11 3 4  0.0034988232
10 11 5 4  0.0050379412
10 11 7 4  0.0028309051
10 2 10 6  -0.0028309051
10 3 11 6  -0.0028309051
10 4 10 6  0.0028309051
10 5 11 6  0.0028309051
10 6 10 6  0.0110724354
10 7 11 6  0.0110724354
10 10 2 6  -0.0028309051
10 10 4 6  0.0028309051
10 10 6 6  0.0110724354
10 11 3 6  -0.0028309051
10 11 5 6  0.0028309051
10 11 7 6  0.0110724354
10 8 10 8  0.0121246915
10 9 11 8  0.0121246915
10 10 8 8  0.0121246915
10 11 9 8  0.0121246915
10 0 0 10  0.1871234555
10 0 2 10  -0.0288109220
10 0 4 10  -0.0288109220
10 1 1 10  0.1871234555
10 1 3 10  -0.0288109220
10 1 5 10  -0.0288109220
10 2 0 10  -0.0288109220
10 2 2 10  0.1156224017
10 2 4 10  0.0034006425
10 2 6 10  -0.0239360002
10 3 1 10  -0.0288109220
10 3 3 10  0.1156224017
10 3 5 10  0.0034006425
10 3 7 10  -0.0239360002
10 4 0 10  -0.0288109220
10 4 2 10  0.0034006425
10 4 4 10  0.1156224017
10 4 6 10  0.0239360002
10 5 1 10  -0.0288109220
10 5 3 10  0.0034006425
10 5 5 10  0.1156224017
10 5 7 10  0.0239360002
10 6 2 10  -0.0239360002
10 6 4 10  0.0239360002
10 6 6 10  0.1914228138
10 7 3 10  -0.0239360002
10 7 5 10  0.0239360002
10 7 7 10  0.1914228138
10 8 8 10  0.2006801625
10 9 9 10  0.2006801625
10 10 10 10  0.2249295450
10 11 11 10  0.2249295450
11 0 10 1  0.0357479054
11 1 11 1  0.0357479054
11 2 10 1  -0.0122614847
11 3 11 1  -0.0122614847
11 4 10 1  -0.0122614847
11 5 11 1  -0.0122614847
11 10 0 1  0.0357479054
11 10 2 1  -0.0122614847
11 10 4 1  -0.0122614847
11 11 1 1  0.0357479054
11 11 3 1  -0.0122614847
11 11 5 1  -0.0122614847
11 0 10 3  -0.0122614847
11 1 11 3  -0.0122614847
11 2 10 3  0.0050379412
11 3 11 3  0.0050379412
11 4 10 3  0.0034988232
11 5 11 3  0.0034988232
11 6 10 3  -0.0028309051
11 7 11 3  -0.0028309051
11 10 0 3  -0.0122614847
11 10 2 3  0.0050379412
11 10 4 3  0.0034988232
11 10 6 3  -0.0028309051
11 11 1 3  -0.0122614847
11 11 3 3  0.0050379412
11 11 5 3  0.0034988232
11 11 7 3  -0.0028309051
11 0 10 5  -0.0122614847
11 1 11 5  -0.0122614847
11 2 10 5  0.0034988232
11 3 11 5  0.0034988232
11 4 10 5  0.0050379412
11 5 11 5  0.0050379412
11 6 10 5  0.0028309051
11 7 11 5  0.0028309051
11 10 0 5  -0.0122614847
11 10 2 5  0.0034988232
11 10 4 5  0.0050379412
11 10 6 5  0.0028309051
11 11 1 5  -0.0122614847
11 11 3 5  0.0034988232
11 11 5 5  0.0050379412
11 11 7 5  0.0028309051
11 2 10 7  -0.0028309051
11 3 11 7  -0.0028309051
11 4 10 7  0.0028309051
11 5 11 7  0.0028309051
11 6 10 7  0.0110724354
11 7 11 7  0.0110724354
11 10 2 7  -0.0028309051
11 10 4 7  0.0028309051
11 10 6 7  0.0110724354
11 11 3 7  -0.0028309051
11 11 5 7  0.0028309051
11 11 7 7  0.0110724354
11 8 10 9  0.0121246915
11 9 11 9  0.0121246915
11 10 8 9  0.0121246915
11 11 9 9  0.0121246915
11 0 0 11  0.1871234555
11 0 2 11  -0.0288109220
11 0 4 11  -0.0288109220
11 1 1 11  0.1871234555
11 1 3 11  -0.0288109220
11 1 5 11  -0.0288109220
11 2 0 11  -0.0288109220
11 2 2 11  0.1156224017
11 2 4 11  0.0034006425
11 2 6 11  -0.0239360002
11 3 1 11  -0.0288109220
11 3 3 11  0.1156224017
11 3 5 11  0.0034006425
11 3 7 11  -0.0239360002
11 4 0 11  -0.0288109220
11 4 2 11  0.0034006425
11 4 4 11  0.1156224017
11 4 6 11  0.0239360002
11 5 1 11  -0.0288109220
11 5 3 11  0.0034006425
11 5 5 11  0.1156224017
11 5 7 11  0.0239360002
11 6 2 11  -0.0239360002
11 6 4 11  0.0239360002
11 6 6 11  0.1914228138
11 7 3 11  -0.0239360002
11 7 5 11  0.0239360002
11 7 7 11  0.1914228138
11 8 8 11  0.2006801625
11 9 9 11  0.2006801625
11 10 10 11  0.2249295450
11 11 11 11  0.2249295450
