-12.64600279619085
0 0  -1.0158605911
0 2  -0.0056498417
0 4  -0.0056498417
1 1  -1.0158605911
1 3  -0.0056498417
1 5  -0.0056498417
2 0  -0.0056498417
2 2  -0.9080800188
2 4  0.0107381024
2 6  0.0285504889
3 1  -0.0056498417
3 3  -0.9080800188
3 5  0.0107381024
3 7  0.0285504889
4 0  -0.0056498417
4 2  0.0107381024
4 4  -0.9080800188
4 6  -0.0285504889
5 1  -0.0056498417
5 3  0.0107381024
5 5  -0.9080800188
5 7  -0.0285504889
6 2  0.0285504889
6 4  -0.0285504889
6 6  -0.8645674049
7 3  0.0285504889
7 5  -0.0285504889
7 7  -0.8645674049
8 8  -0.8514512101
9 9  -0.8514512101
10 10  -0.8514512101
11 11  -0.8514512101
0 0 0 0  0.1933348730
0 0 2 0  -0.0151098177
0 0 4 0  -0.0151098177
0 1 1 0  0.1933348730
0 1 3 0  -0.0151098177
0 1 5 0  -0.0151098177
0 2 0 0  -0.0151098177
0 2 2 0  0.0959959571
0 2 4 0  0.0007664352
0 2 6 0  -0.0127421232
0 3 1 0  -0.0151098177
0 3 3 0  0.0959959571
0 3 5 0  0.0007664352
0 3 7 0  -0.0127421232
0 4 0 0  -0.0151098177
0 4 2 0  0.0007664352
0 4 4 0  0.0959959571
0 4 6 0  0.0127421232
0 5 1 0  -0.0151098177
0 5 3 0  0.0007664352
0 5 5 0  0.0959959571
0 5 7 0  0.0127421232
0 6 2 0  -0.0127421232
0 6 4 0  0.0127421232
0 6 6 0  0.1985150870
0 7 3 0  -0.0127421232
0 7 5 0  0.0127421232
0 7 7 0  0.1985150870
0 8 8 0  0.1999437123
0 9 9 0  0.1999437123
0 10 10 0  0.1999437123
0 11 11 0  0.1999437123
0 0 0 2  -0.0151098177
0 0 2 2  0.0088397275
0 0 4 2  0.0002318963
0 0 6 2  -0.0068023059
0 1 1 2  -0.0151098177
0 1 3 2  0.0088397275
0 1 5 2  0.0002318963
0 1 7 2  -0.0068023059
0 2 0 2  0.0088397275
0 2 2 2  0.0390682711
0 2 4 2  -0.0001422960
0 2 6 2  0.0082567919
0 3 1 2  0.0088397275
0 3 3 2  0.0390682711
0 3 5 2  -0.0001422960
0 3 7 2  0.0082567919
0 4 0 2  0.0002318963
0 4 2 2  -0.0001422960
0 4 4 2  -0.0083680991
0 4 6 2  0.0001232769
0 5 1 2  0.0002318963
0 5 3 2  -0.0001422960
0 5 5 2  -0.0083680991
0 5 7 2  0.0001232769
0 6 0 2  -0.0068023059
0 6 2 2  0.0082567919
0 6 4 2  0.0001232769
0 6 6 2  -0.0146540423
0 7 1 2  -0.0068023059
0 7 3 2  0.0082567919
0 7 5 2  0.0001232769
0 7 7 2  -0.0146540423
0 8 8 2  -0.0173957380
0 9 9 2  -0.0173957380
0 10 10 2  -0.0173957380
0 11 11 2  -0.0173957380
0 0 0 4  -0.0151098177
0 0 2 4  0.0002318963
0 0 4 4  0.0088397275
0 0 6 4  0.0068023059
0 1 1 4  -0.0151098177
0 1 3 4  0.0002318963
0 1 5 4  0.0088397275
0 1 7 4  0.0068023059
0 2 0 4  0.0002318963
0 2 2 4  -0.0083680991
0 2 4 4  -0.0001422960
0 2 6 4  -0.0001232769
0 3 1 4  0.0002318963
0 3 3 4  -0.0083680991
0 3 5 4  -0.0001422960
0 3 7 4  -0.0001232769
0 4 0 4  0.0088397275
0 4 2 4  -0.0001422960
0 4 4 4  0.0390682711
0 4 6 4  -0.0082567919
0 5 1 4  0.0088397275
0 5 3 4  -0.0001422960
0 5 5 4  0.0390682711
0 5 7 4  -0.0082567919
0 6 0 4  0.0068023059
0 6 2 4  -0.0001232769
0 6 4 4  -0.0082567919
0 6 6 4  -0.0146540423
0 7 1 4  0.0068023059
0 7 3 4  -0.0001232769
0 7 5 4  -0.0082567919
0 7 7 4  -0.0146540423
0 8 8 4  -0.0173957380
0 9 9 4  -0.0173957380
0 10 10 4  -0.0173957380
0 11 11 4  -0.0173957380
0 0 2 6  -0.0068023059
0 0 4 6  0.0068023059
0 0 6 6  0.0399995960
0 1 3 6  -0.0068023059
0 1 5 6  0.0068023059
0 1 7 6  0.0399995960
0 2 0 6  -0.0068023059
0 2 2 6  -0.0104596553
0 2 6 6  -0.0063735971
0 3 1 6  -0.0068023059
0 3 3 6  -0.0104596553
0 3 7 6  -0.0063735971
0 4 0 6  0.0068023059
0 4 4 6  0.0104596553
0 4 6 6  -0.0063735971
0 5 1 6  0.0068023059
0 5 5 6  0.0104596553
0 5 7 6  -0.0063735971
0 6 0 6  0.0399995960
0 6 2 6  -0.0063735971
0 6 4 6  -0.0063735971
0 7 1 6  0.0399995960
0 7 3 6  -0.0063735971
0 7 5 6  -0.0063735971
0 0 8 8  0.0415664706
0 1 9 8  0.0415664706
0 2 8 8  -0.0065939422
0 3 9 8  -0.0065939422
0 4 8 8  -0.0065939422
0 5 9 8  -0.0065939422
0 8 0 8  0.0415664706
0 8 2 8  -0.0065939422
0 8 4 8  -0.0065939422
0 9 1 8  0.0415664706
0 9 3 8  -0.0065939422
0 9 5 8  -0.0065939422
0 0 10 10  0.0415664706
0 1 11 10  0.0415664706
0 2 10 10  -0.0065939422
0 3 11 10  -0.0065939422
0 4 10 10  -0.0065939422
0 5 11 10  -0.0065939422
0 10 0 10  0.0415664706
0 10 2 10  -0.0065939422
0 10 4 10  -0.0065939422
0 11 1 10  0.0415664706
0 11 3 10  -0.0065939422
0 11 5 10  -0.0065939422
1 0 0 1  0.1933348730
1 0 2 1  -0.0151098177
1 0 4 1  -0.0151098177
1 1 1 1  0.1933348730
1 1 3 1  -0.0151098177
1 1 5 1  -0.0151098177
1 2 0 1  -0.0151098177
1 2 2 1  0.0959959571
1 2 4 1  0.0007664352
1 2 6 1  -0.0127421232
1 3 1 1  -0.0151098177
1 3 3 1  0.0959959571
1 3 5 1  0.0007664352
1 3 7 1  -0.0127421232
1 4 0 1  -0.0151098177
1 4 2 1  0.0007664352
1 4 4 1  0.0959959571
1 4 6 1  0.0127421232
1 5 1 1  -0.0151098177
1 5 3 1  0.0007664352
1 5 5 1  0.0959959571
1 5 7 1  0.0127421232
1 6 2 1  -0.0127421232
1 6 4 1  0.0127421232
1 6 6 1  0.1985150870
1 7 3 1  -0.0127421232
1 7 5 1  0.0127421232
1 7 7 1  0.1985150870
1 8 8 1  0.1999437123
1 9 9 1  0.1999437123
1 10 10 1  0.1999437123
1 11 11 1  0.1999437123
1 0 0 3  -0.0151098177
1 0 2 3  0.0088397275
1 0 4 3  0.0002318963
1 0 6 3  -0.0068023059
1 1 1 3  -0.0151098177
1 1 3 3  0.0088397275
1 1 5 3  0.0002318963
1 1 7 3  -0.0068023059
1 2 0 3  0.0088397275
1 2 2 3  0.0390682711
1 2 4 3  -0.0001422960
1 2 6 3  0.0082567919
1 3 1 3  0.0088397275
1 3 3 3  0.0390682711
1 3 5 3  -0.0001422960
1 3 7 3  0.0082567919
1 4 0 3  0.0002318963
1 4 2 3  -0.0001422960
1 4 4 3  -0.0083680991
1 4 6 3  0.0001232769
1 5 1 3  0.0002318963
1 5 3 3  -0.0001422960
1 5 5 3  -0.0083680991
1 5 7 3  0.0001232769
1 6 0 3  -0.0068023059
1 6 2 3  0.0082567919
1 6 4 3  0.0001232769
1 6 6 3  -0.0146540423
1 7 1 3  -0.0068023059
1 7 3 3  0.0082567919
1 7 5 3  0.0001232769
1 7 7 3  -0.0146540423
1 8 8 3  -0.0173957380
1 9 9 3  -0.0173957380
1 10 10 3  -0.0173957380
1 11 11 3  -0.0173957380
1 0 0 5  -0.0151098177
1 0 2 5  0.0002318963
1 0 4 5  0.0088397275
1 0 6 5  0.0068023059
1 1 1 5  -0.0151098177
1 1 3 5  0.0002318963
1 1 5 5  0.0088397275
1 1 7 5  0.0068023059
1 2 0 5  0.0002318963
1 2 2 5  -0.0083680991
1 2 4 5  -0.0001422960
1 2 6 5  -0.0001232769
1 3 1 5  0.0002318963
1 3 3 5  -0.0083680991
1 3 5 5  -0.0001422960
1 3 7 5  -0.0001232769
1 4 0 5  0.0088397275
1 4 2 5  -0.0001422960
1 4 4 5  0.0390682711
1 4 6 5  -0.0082567919
1 5 1 5  0.0088397275
1 5 3 5  -0.0001422960
1 5 5 5  0.0390682711
1 5 7 5  -0.0082567919
1 6 0 5  0.0068023059
1 6 2 5  -0.0001232769
1 6 4 5  -0.0082567919
1 6 6 5  -0.0146540423
1 7 1 5  0.0068023059
1 7 3 5  -0.0001232769
1 7 5 5  -0.0082567919
1 7 7 5  -0.0146540423
1 8 8 5  -0.0173957380
1 9 9 5  -0.0173957380
1 10 10 5  -0.0173957380
1 11 11 5  -0.0173957380
1 0 2 7  -0.0068023059
1 0 4 7  0.0068023059
1 0 6 7  0.0399995960
1 1 3 7  -0.0068023059
1 1 5 7  0.0068023059
1 1 7 7  0.0399995960
1 2 0 7  -0.0068023059
1 2 2 7  -0.0104596553
1 2 6 7  -0.0063735971
1 3 1 7  -0.0068023059
1 3 3 7  -0.0104596553
1 3 7 7  -0.0063735971
1 4 0 7  0.0068023059
1 4 4 7  0.0104596553
1 4 6 7  -0.0063735971
1 5 1 7  0.0068023059
1 5 5 7  0.0104596553
1 5 7 7  -0.0063735971
1 6 0 7  0.0399995960
1 6 2 7  -0.0063735971
1 6 4 7  -0.0063735971
1 7 1 7  0.0399995960
1 7 3 7  -0.0063735971
1 7 5 7  -0.0063735971
1 0 8 9  0.0415664706
1 1 9 9  0.0415664706
1 2 8 9  -0.0065939422
1 3 9 9  -0.0065939422
1 4 8 9  -0.0065939422
1 5 9 9  -0.0065939422
1 8 0 9  0.0415664706
1 8 2 9  -0.0065939422
1 8 4 9  -0.0065939422
1 9 1 9  0.0415664706
1 9 3 9  -0.0065939422
1 9 5 9  -0.0065939422
1 0 10 11  0.0415664706
1 1 11 11  0.0415664706
1 2 10 11  -0.0065939422
1 3 11 11  -0.0065939422
1 4 10 11  -0.0065939422
1 5 11 11  -0.0065939422
1 10 0 11  0.0415664706
1 10 2 11  -0.0065939422
1 10 4 11  -0.0065939422
1 11 1 11  0.0415664706
1 11 3 11  -0.0065939422
1 11 5 11  -0.0065939422
2 0 0 0  -0.0151098177
2 0 2 0  0.0088397275
2 0 4 0  0.0002318963
2 0 6 0  -0.0068023059
2 1 1 0  -0.0151098177
2 1 3 0  0.0088397275
2 1 5 0  0.0002318963
2 1 7 0  -0.0068023059
2 2 0 0  0.0088397275
2 2 2 0  0.0390682711
2 2 4 0  -0.0001422960
2 2 6 0  0.0082567919
2 3 1 0  0.0088397275
2 3 3 0  0.0390682711
2 3 5 0  -0.0001422960
2 3 7 0  0.0082567919
2 4 0 0  0.0002318963
2 4 2 0  -0.0001422960
2 4 4 0  -0.0083680991
2 4 6 0  0.0001232769
2 5 1 0  0.0002318963
2 5 3 0  -0.0001422960
2 5 5 0  -0.0083680991
2 5 7 0  0.0001232769
2 6 0 0  -0.0068023059
2 6 2 0  0.0082567919
2 6 4 0  0.0001232769
2 6 6 0  -0.0146540423
2 7 1 0  -0.0068023059
2 7 3 0  0.0082567919
2 7 5 0  0.0001232769
2 7 7 0  -0.0146540423
2 8 8 0  -0.0173957380
2 9 9 0  -0.0173957380
2 10 10 0  -0.0173957380
2 11 11 0  -0.0173957380
2 0 0 2  0.0959959571
2 0 2 2  0.0390682711
2 0 4 2  -0.0083680991
2 0 6 2  -0.0104596553
2 1 1 2  0.0959959571
2 1 3 2  0.0390682711
2 1 5 2  -0.0083680991
2 1 7 2  -0.0104596553
2 2 0 2  0.0390682711
2 2 2 2  0.3666199842
2 2 4 2  0.0002059223
2 2 6 2  0.0408665557
2 3 1 2  0.0390682711
2 3 3 2  0.3666199842
2 3 5 2  0.0002059223
2 3 7 2  0.0408665557
2 4 0 2  -0.0083680991
2 4 2 2  0.0002059223
2 4 4 2  0.0484303029
2 4 6 2  0.0083010414
2 5 1 2  -0.0083680991
2 5 3 2  0.0002059223
2 5 5 2  0.0484303029
2 5 7 2  0.0083010414
2 6 0 2  -0.0104596553
2 6 2 2  0.0408665557
2 6 4 2  0.0083010414
2 6 6 2  0.1026072503
2 7 1 2  -0.0104596553
2 7 3 2  0.0408665557
2 7 5 2  0.0083010414
2 7 7 2  0.1026072503
2 8 8 2  0.0891815825
2 9 9 2  0.0891815825
2 10 10 2  0.0891815825
2 11 11 2  0.0891815825
2 0 0 4  0.0007664352
2 0 2 4  -0.0001422960
2 0 4 4  -0.0001422960
2 1 1 4  0.0007664352
2 1 3 4  -0.0001422960
2 1 5 4  -0.0001422960
2 2 0 4  -0.0001422960
2 2 2 4  0.0002059223
2 2 4 4  0.0000421098
2 2 6 4  0.0000442590
2 3 1 4  -0.0001422960
2 3 3 4  0.0002059223
2 3 5 4  0.0000421098
2 3 7 4  0.0000442590
2 4 0 4  -0.0001422960
2 4 2 4  0.0000421098
2 4 4 4  0.0002059223
2 4 6 4  -0.0000442590
2 5 1 4  -0.0001422960
2 5 3 4  0.0000421098
2 5 5 4  0.0002059223
2 5 7 4  -0.0000442590
2 6 2 4  0.0000442590
2 6 4 4  -0.0000442590
2 6 6 4  0.0004516784
2 7 3 4  0.0000442590
2 7 5 4  -0.0000442590
2 7 7 4  0.0004516784
2 8 8 4  0.0010672348
2 9 9 4  0.0010672348
2 10 10 4  0.0010672348
2 11 11 4  0.0010672348
2 0 0 6  -0.0127421232
2 0 2 6  0.0082567919
2 0 4 6  -0.0001232769
2 0 6 6  -0.0063735971
2 1 1 6  -0.0127421232
2 1 3 6  0.0082567919
2 1 5 6  -0.0001232769
2 1 7 6  -0.0063735971
2 2 0 6  0.0082567919
2 2 2 6  0.0408665557
2 2 4 6  0.0000442590
2 2 6 6  0.0090264669
2 3 1 6  0.0082567919
2 3 3 6  0.0408665557
2 3 5 6  0.0000442590
2 3 7 6  0.0090264669
2 4 0 6  -0.0001232769
2 4 2 6  0.0000442590
2 4 4 6  -0.0083010414
2 4 6 6  0.0000726656
2 5 1 6  -0.0001232769
2 5 3 6  0.0000442590
2 5 5 6  -0.0083010414
2 5 7 6  0.0000726656
2 6 0 6  -0.0063735971
2 6 2 6  0.0090264669
2 6 4 6  0.0000726656
2 6 6 6  -0.0145047667
2 7 1 6  -0.0063735971
2 7 3 6  0.0090264669
2 7 5 6  0.0000726656
2 7 7 6  -0.0145047667
2 8 8 6  -0.0134885072
2 9 9 6  -0.0134885072
2 10 10 6  -0.0134885072
2 11 11 6  -0.0134885072
2 0 8 8  -0.0065939422
2 1 9 8  -0.0065939422
2 2 8 8  0.0012202979
2 3 9 8  0.0012202979
2 4 8 8  0.0008972734
2 5 9 8  0.0008972734
2 6 8 8  -0.0013435673
2 7 9 8  -0.0013435673
2 8 0 8  -0.0065939422
2 8 2 8  0.0012202979
2 8 4 8  0.0008972734
2 8 6 8  -0.0013435673
2 9 1 8  -0.0065939422
2 9 3 8  0.0012202979
2 9 5 8  0.0008972734
2 9 7 8  -0.0013435673
2 0 10 10  -0.0065939422
2 1 11 10  -0.0065939422
2 2 10 10  0.0012202979
2 3 11 10  0.0012202979
2 4 10 10  0.0008972734
2 5 11 10  0.0008972734
2 6 10 10  -0.0013435673
2 7 11 10  -0.0013435673
2 10 0 10  -0.0065939422
2 10 2 10  0.0012202979
2 10 4 10  0.0008972734
2 10 6 10  -0.0013435673
2 11 1 10  -0.0065939422
2 11 3 10  0.0012202979
2 11 5 10  0.0008972734
2 11 7 10  -0.0013435673
3 0 0 1  -0.0151098177
3 0 2 1  0.0088397275
3 0 4 1  0.0002318963
3 0 6 1  -0.0068023059
3 1 1 1  -0.0151098177
3 1 3 1  0.0088397275
3 1 5 1  0.0002318963
3 1 7 1  -0.0068023059
3 2 0 1  0.0088397275
3 2 2 1  0.0390682711
3 2 4 1  -0.0001422960
3 2 6 1  0.0082567919
3 3 1 1  0.0088397275
3 3 3 1  0.0390682711
3 3 5 1  -0.0001422960
3 3 7 1  0.0082567919
3 4 0 1  0.0002318963
3 4 2 1  -0.0001422960
3 4 4 1  -0.0083680991
3 4 6 1  0.0001232769
3 5 1 1  0.0002318963
3 5 3 1  -0.0001422960
3 5 5 1  -0.0083680991
3 5 7 1  0.0001232769
3 6 0 1  -0.0068023059
3 6 2 1  0.0082567919
3 6 4 1  0.0001232769
3 6 6 1  -0.0146540423
3 7 1 1  -0.0068023059
3 7 3 1  0.0082567919
3 7 5 1  0.0001232769
3 7 7 1  -0.0146540423
3 8 8 1  -0.0173957380
3 9 9 1  -0.0173957380
3 10 10 1  -0.0173957380
3 11 11 1  -0.0173957380
3 0 0 3  0.0959959571
3 0 2 3  0.0390682711
3 0 4 3  -0.0083680991
3 0 6 3  -0.0104596553
3 1 1 3  0.0959959571
3 1 3 3  0.0390682711
3 1 5 3  -0.0083680991
3 1 7 3  -0.0104596553
3 2 0 3  0.0390682711
3 2 2 3  0.3666199842
3 2 4 3  0.0002059223
3 2 6 3  0.0408665557
3 3 1 3  0.0390682711
3 3 3 3  0.3666199842
3 3 5 3  0.0002059223
3 3 7 3  0.0408665557
3 4 0 3  -0.0083680991
3 4 2 3  0.0002059223
3 4 4 3  0.0484303029
3 4 6 3  0.0083010414
3 5 1 3  -0.0083680991
3 5 3 3  0.0002059223
3 5 5 3  0.0484303029
3 5 7 3  0.0083010414
3 6 0 3  -0.0104596553
3 6 2 3  0.0408665557
3 6 4 3  0.0083010414
3 6 6 3  0.1026072503
3 7 1 3  -0.0104596553
3 7 3 3  0.0408665557
3 7 5 3  0.0083010414
3 7 7 3  0.1026072503
3 8 8 3  0.0891815825
3 9 9 3  0.0891815825
3 10 10 3  0.0891815825
3 11 11 3  0.0891815825
3 0 0 5  0.0007664352
3 0 2 5  -0.0001422960
3 0 4 5  -0.0001422960
3 1 1 5  0.0007664352
3 1 3 5  -0.0001422960
3 1 5 5  -0.0001422960
3 2 0 5  -0.0001422960
3 2 2 5  0.0002059223
3 2 4 5  0.0000421098
3 2 6 5  0.0000442590
3 3 1 5  -0.0001422960
3 3 3 5  0.0002059223
3 3 5 5  0.0000421098
3 3 7 5  0.0000442590
3 4 0 5  -0.0001422960
3 4 2 5  0.0000421098
3 4 4 5  0.0002059223
3 4 6 5  -0.0000442590
3 5 1 5  -0.0001422960
3 5 3 5  0.0000421098
3 5 5 5  0.0002059223
3 5 7 5  -0.0000442590
3 6 2 5  0.0000442590
3 6 4 5  -0.0000442590
3 6 6 5  0.0004516784
3 7 3 5  0.0000442590
3 7 5 5  -0.0000442590
3 7 7 5  0.0004516784
3 8 8 5  0.0010672348
3 9 9 5  0.0010672348
3 10 10 5  0.0010672348
3 11 11 5  0.0010672348
3 0 0 7  -0.0127421232
3 0 2 7  0.0082567919
3 0 4 7  -0.0001232769
3 0 6 7  -0.0063735971
3 1 1 7  -0.0127421232
3 1 3 7  0.0082567919
3 1 5 7  -0.0001232769
3 1 7 7  -0.0063735971
3 2 0 7  0.0082567919
3 2 2 7  0.0408665557
3 2 4 7  0.0000442590
3 2 6 7  0.0090264669
3 3 1 7  0.0082567919
3 3 3 7  0.0408665557
3 3 5 7  0.0000442590
3 3 7 7  0.0090264669
3 4 0 7  -0.0001232769
3 4 2 7  0.0000442590
3 4 4 7  -0.0083010414
3 4 6 7  0.0000726656
3 5 1 7  -0.0001232769
3 5 3 7  0.0000442590
3 5 5 7  -0.0083010414
3 5 7 7  0.0000726656
3 6 0 7  -0.0063735971
3 6 2 7  0.0090264669
3 6 4 7  0.0000726656
3 6 6 7  -0.0145047667
3 7 1 7  -0.0063735971
3 7 3 7  0.0090264669
3 7 5 7  0.0000726656
3 7 7 7  -0.0145047667
3 8 8 7  -0.0134885072
3 9 9 7  -0.0134885072
3 10 10 7  -0.0134885072
3 11 11 7  -0.0134885072
3 0 8 9  -0.0065939422
3 1 9 9  -0.0065939422
3 2 8 9  0.0012202979
3 3 9 9  0.0012202979
3 4 8 9  0.0008972734
3 5 9 9  0.0008972734
3 6 8 9  -0.0013435673
3 7 9 9  -0.0013435673
3 8 0 9  -0.0065939422
3 8 2 9  0.0012202979
3 8 4 9  0.0008972734
3 8 6 9  -0.0013435673
3 9 1 9  -0.0065939422
3 9 3 9  0.0012202979
3 9 5 9  0.0008972734
3 9 7 9  -0.0013435673
3 0 10 11  -0.0065939422
3 1 11 11  -0.0065939422
3 2 10 11  0.0012202979
3 3 11 11  0.0012202979
3 4 10 11  0.0008972734
3 5 11 11  0.0008972734
3 6 10 11  -0.0013435673
3 7 11 11  -0.0013435673
3 10 0 11  -0.0065939422
3 10 2 11  0.0012202979
3 10 4 11  0.0008972734
3 10 6 11  -0.0013435673
3 11 1 11  -0.0065939422
3 11 3 11  0.0012202979
3 11 5 11  0.0008972734
3 11 7 11  -0.0013435673
4 0 0 0  -0.0151098177
4 0 2 0  0.0002318963
4 0 4 0  0.0088397275
4 0 6 0  0.0068023059
4 1 1 0  -0.0151098177
4 1 3 0  0.0002318963
4 1 5 0  0.0088397275
4 1 7 0  0.0068023059
4 2 0 0  0.0002318963
4 2 2 0  -0.0083680991
4 2 4 0  -0.0001422960
4 2 6 0  -0.0001232769
4 3 1 0  0.0002318963
4 3 3 0  -0.0083680991
4 3 5 0  -0.0001422960
4 3 7 0  -0.0001232769
4 4 0 0  0.0088397275
4 4 2 0  -0.0001422960
4 4 4 0  0.0390682711
4 4 6 0  -0.0082567919
4 5 1 0  0.0088397275
4 5 3 0  -0.0001422960
4 5 5 0  0.0390682711
4 5 7 0  -0.0082567919
4 6 0 0  0.0068023059
4 6 2 0  -0.0001232769
4 6 4 0  -0.0082567919
4 6 6 0  -0.0146540423
4 7 1 0  0.0068023059
4 7 3 0  -0.0001232769
4 7 5 0  -0.0082567919
4 7 7 0  -0.0146540423
4 8 8 0  -0.0173957380
4 9 9 0  -0.0173957380
4 10 10 0  -0.0173957380
4 11 11 0  -0.0173957380
4 0 0 2  0.0007664352
4 0 2 2  -0.0001422960
4 0 4 2  -0.0001422960
4 1 1 2  0.0007664352
4 1 3 2  -0.0001422960
4 1 5 2  -0.0001422960
4 2 0 2  -0.0001422960
4 2 2 2  0.0002059223
4 2 4 2  0.0000421098
4 2 6 2  0.0000442590
4 3 1 2  -0.0001422960
4 3 3 2  0.0002059223
4 3 5 2  0.0000421098
4 3 7 2  0.0000442590
4 4 0 2  -0.0001422960
4 4 2 2  0.0000421098
4 4 4 2  0.0002059223
4 4 6 2  -0.0000442590
4 5 1 2  -0.0001422960
4 5 3 2  0.0000421098
4 5 5 2  0.0002059223
4 5 7 2  -0.0000442590
4 6 2 2  0.0000442590
4 6 4 2  -0.0000442590
4 6 6 2  0.0004516784
4 7 3 2  0.0000442590
4 7 5 2  -0.0000442590
4 7 7 2  0.0004516784
4 8 8 2  0.0010672348
4 9 9 2  0.0010672348
4 10 10 2  0.0010672348
4 11 11 2  0.0010672348
4 0 0 4  0.0959959571
4 0 2 4  -0.0083680991
4 0 4 4  0.0390682711
4 0 6 4  0.0104596553
4 1 1 4  0.0959959571
4 1 3 4  -0.0083680991
4 1 5 4  0.0390682711
4 1 7 4  0.0104596553
4 2 0 4  -0.0083680991
4 2 2 4  0.0484303029
4 2 4 4  0.0002059223
4 2 6 4  -0.0083010414
4 3 1 4  -0.0083680991
4 3 3 4  0.0484303029
4 3 5 4  0.0002059223
4 3 7 4  -0.0083010414
4 4 0 4  0.0390682711
4 4 2 4  0.0002059223
4 4 4 4  0.3666199842
4 4 6 4  -0.0408665557
4 5 1 4  0.0390682711
4 5 3 4  0.0002059223
4 5 5 4  0.3666199842
4 5 7 4  -0.0408665557
4 6 0 4  0.0104596553
4 6 2 4  -0.0083010414
4 6 4 4  -0.0408665557
4 6 6 4  0.1026072503
4 7 1 4  0.0104596553
4 7 3 4  -0.0083010414
4 7 5 4  -0.0408665557
4 7 7 4  0.1026072503
4 8 8 4  0.0891815825
4 9 9 4  0.0891815825
4 10 10 4  0.0891815825
4 11 11 4  0.0891815825
4 0 0 6  0.0127421232
4 0 2 6  0.0001232769
4 0 4 6  -0.0082567919
4 0 6 6  -0.0063735971
4 1 1 6  0.0127421232
4 1 3 6  0.0001232769
4 1 5 6  -0.0082567919
4 1 7 6  -0.0063735971
4 2 0 6  0.0001232769
4 2 2 6  0.0083010414
4 2 4 6  -0.0000442590
4 2 6 6  0.0000726656
4 3 1 6  0.0001232769
4 3 3 6  0.0083010414
4 3 5 6  -0.0000442590
4 3 7 6  0.0000726656
4 4 0 6  -0.0082567919
4 4 2 6  -0.0000442590
4 4 4 6  -0.0408665557
4 4 6 6  0.0090264669
4 5 1 6  -0.0082567919
4 5 3 6  -0.0000442590
4 5 5 6  -0.0408665557
4 5 7 6  0.0090264669
4 6 0 6  -0.0063735971
4 6 2 6  0.0000726656
4 6 4 6  0.0090264669
4 6 6 6  0.0145047667
4 7 1 6  -0.0063735971
4 7 3 6  0.0000726656
4 7 5 6  0.0090264669
4 7 7 6  0.0145047667
4 8 8 6  0.0134885072
4 9 9 6  0.0134885072
4 10 10 6  0.0134885072
4 11 11 6  0.0134885072
4 0 8 8  -0.0065939422
4 1 9 8  -0.0065939422
4 2 8 8  0.0008972734
4 3 9 8  0.0008972734
4 4 8 8  0.0012202979
4 5 9 8  0.0012202979
4 6 8 8  0.0013435673
4 7 9 8  0.0013435673
4 8 0 8  -0.0065939422
4 8 2 8  0.0008972734
4 8 4 8  0.0012202979
4 8 6 8  0.0013435673
4 9 1 8  -0.0065939422
4 9 3 8  0.0008972734
4 9 5 8  0.0012202979
4 9 7 8  0.0013435673
4 0 10 10  -0.0065939422
4 1 11 10  -0.0065939422
4 2 10 10  0.0008972734
4 3 11 10  0.0008972734
4 4 10 10  0.0012202979
4 5 11 10  0.0012202979
4 6 10 10  0.0013435673
4 7 11 10  0.0013435673
4 10 0 10  -0.0065939422
4 10 2 10  0.0008972734
4 10 4 10  0.0012202979
4 10 6 10  0.0013435673
4 11 1 10  -0.0065939422
4 11 3 10  0.0008972734
4 11 5 10  0.0012202979
4 11 7 10  0.0013435673
5 0 0 1  -0.0151098177
5 0 2 1  0.0002318963
5 0 4 1  0.0088397275
5 0 6 1  0.0068023059
5 1 1 1  -0.0151098177
5 1 3 1  0.0002318963
5 1 5 1  0.0088397275
5 1 7 1  0.0068023059
5 2 0 1  0.0002318963
5 2 2 1  -0.0083680991
5 2 4 1  -0.0001422960
5 2 6 1  -0.0001232769
5 3 1 1  0.0002318963
5 3 3 1  -0.0083680991
5 3 5 1  -0.0001422960
5 3 7 1  -0.0001232769
5 4 0 1  0.0088397275
5 4 2 1  -0.0001422960
5 4 4 1  0.0390682711
5 4 6 1  -0.0082567919
5 5 1 1  0.0088397275
5 5 3 1  -0.0001422960
5 5 5 1  0.0390682711
5 5 7 1  -0.0082567919
5 6 0 1  0.0068023059
5 6 2 1  -0.0001232769
5 6 4 1  -0.0082567919
5 6 6 1  -0.0146540423
5 7 1 1  0.0068023059
5 7 3 1  -0.0001232769
5 7 5 1  -0.0082567919
5 7 7 1  -0.0146540423
5 8 8 1  -0.0173957380
5 9 9 1  -0.0173957380
5 10 10 1  -0.0173957380
5 11 11 1  -0.0173957380
5 0 0 3  0.0007664352
5 0 2 3  -0.0001422960
5 0 4 3  -0.0001422960
5 1 1 3  0.0007664352
5 1 3 3  -0.0001422960
5 1 5 3  -0.0001422960
5 2 0 3  -0.0001422960
5 2 2 3  0.0002059223
5 2 4 3  0.0000421098
5 2 6 3  0.0000442590
5 3 1 3  -0.0001422960
5 3 3 3  0.0002059223
5 3 5 3  0.0000421098
5 3 7 3  0.0000442590
5 4 0 3  -0.0001422960
5 4 2 3  0.0000421098
5 4 4 3  0.0002059223
5 4 6 3  -0.0000442590
5 5 1 3  -0.0001422960
5 5 3 3  0.0000421098
5 5 5 3  0.0002059223
5 5 7 3  -0.0000442590
5 6 2 3  0.0000442590
5 6 4 3  -0.0000442590
5 6 6 3  0.0004516784
5 7 3 3  0.0000442590
5 7 5 3  -0.0000442590
5 7 7 3  0.0004516784
5 8 8 3  0.0010672348
5 9 9 3  0.0010672348
5 10 10 3  0.0010672348
5 11 11 3  0.0010672348
5 0 0 5  0.0959959571
5 0 2 5  -0.0083680991
5 0 4 5  0.0390682711
5 0 6 5  0.0104596553
5 1 1 5  0.0959959571
5 1 3 5  -0.0083680991
5 1 5 5  0.0390682711
5 1 7 5  0.0104596553
5 2 0 5  -0.0083680991
5 2 2 5  0.0484303029
5 2 4 5  0.0002059223
5 2 6 5  -0.0083010414
5 3 1 5  -0.0083680991
5 3 3 5  0.0484303029
5 3 5 5  0.0002059223
5 3 7 5  -0.0083010414
5 4 0 5  0.0390682711
5 4 2 5  0.0002059223
5 4 4 5  0.3666199842
5 4 6 5  -0.0408665557
5 5 1 5  0.0390682711
5 5 3 5  0.0002059223
5 5 5 5  0.3666199842
5 5 7 5  -0.0408665557
5 6 0 5  0.0104596553
5 6 2 5  -0.0083010414
5 6 4 5  -0.0408665557
5 6 6 5  0.1026072503
5 7 1 5  0.0104596553
5 7 3 5  -0.0083010414
5 7 5 5  -0.0408665557
5 7 7 5  0.1026072503
5 8 8 5  0.0891815825
5 9 9 5  0.0891815825
5 10 10 5  0.0891815825
5 11 11 5  0.0891815825
5 0 0 7  0.0127421232
5 0 2 7  0.0001232769
5 0 4 7  -0.0082567919
5 0 6 7  -0.0063735971
5 1 1 7  0.0127421232
5 1 3 7  0.0001232769
5 1 5 7  -0.0082567919
5 1 7 7  -0.0063735971
5 2 0 7  0.0001232769
5 2 2 7  0.0083010414
5 2 4 7  -0.0000442590
5 2 6 7  0.0000726656
5 3 1 7  0.0001232769
5 3 3 7  0.0083010414
5 3 5 7  -0.0000442590
5 3 7 7  0.0000726656
5 4 0 7  -0.0082567919
5 4 2 7  -0.0000442590
5 4 4 7  -0.0408665557
5 4 6 7  0.0090264669
5 5 1 7  -0.0082567919
5 5 3 7  -0.0000442590
5 5 5 7  -0.0408665557
5 5 7 7  0.0090264669
5 6 0 7  -0.0063735971
5 6 2 7  0.0000726656
5 6 4 7  0.0090264669
5 6 6 7  0.0145047667
5 7 1 7  -0.0063735971
5 7 3 7  0.0000726656
5 7 5 7  0.0090264669
5 7 7 7  0.0145047667
5 8 8 7  0.0134885072
5 9 9 7  0.0134885072
5 10 10 7  0.0134885072
5 11 11 7  0.0134885072
5 0 8 9  -0.0065939422
5 1 9 9  -0.0065939422
5 2 8 9  0.0008972734
5 3 9 9  0.0008972734
5 4 8 9  0.0012202979
5 5 9 9  0.0012202979
5 6 8 9  0.0013435673
5 7 9 9  0.0013435673
5 8 0 9  -0.0065939422
5 8 2 9  0.0008972734
5 8 4 9  0.0012202979
5 8 6 9  0.0013435673
5 9 1 9  -0.0065939422
5 9 3 9  0.0008972734
5 9 5 9  0.0012202979
5 9 7 9  0.0013435673
5 0 10 11  -0.0065939422
5 1 11 11  -0.0065939422
5 2 10 11  0.0008972734
5 3 11 11  0.0008972734
5 4 10 11  0.0012202979
5 5 11 11  0.0012202979
5 6 10 11  0.0013435673
5 7 11 11  0.0013435673
5 10 0 11  -0.0065939422
5 10 2 11  0.0008972734
5 10 4 11  0.0012202979
5 10 6 11  0.0013435673
5 11 1 11  -0.0065939422
5 11 3 11  0.0008972734
5 11 5 11  0.0012202979
5 11 7 11  0.0013435673
6 0 2 0  -0.0068023059
6 0 4 0  0.0068023059
6 0 6 0  0.0399995960
6 1 3 0  -0.0068023059
6 1 5 0  0.0068023059
6 1 7 0  0.0399995960
6 2 0 0  -0.0068023059
6 2 2 0  -0.0104596553
6 2 6 0  -0.0063735971
6 3 1 0  -0.0068023059
6 3 3 0  -0.0104596553
6 3 7 0  -0.0063735971
6 4 0 0  0.0068023059
6 4 4 0  0.0104596553
6 4 6 0  -0.0063735971
6 5 1 0  0.0068023059
6 5 5 0  0.0104596553
6 5 7 0  -0.0063735971
6 6 0 0  0.0399995960
6 6 2 0  -0.0063735971
6 6 4 0  -0.0063735971
6 7 1 0  0.0399995960
6 7 3 0  -0.0063735971
6 7 5 0  -0.0063735971
6 0 0 2  -0.0127421232
6 0 2 2  0.0082567919
6 0 4 2  -0.0001232769
6 0 6 2  -0.0063735971
6 1 1 2  -0.0127421232
6 1 3 2  0.0082567919
6 1 5 2  -0.0001232769
6 1 7 2  -0.0063735971
6 2 0 2  0.0082567919
6 2 2 2  0.0408665557
6 2 4 2  0.0000442590
6 2 6 2  0.0090264669
6 3 1 2  0.0082567919
6 3 3 2  0.0408665557
6 3 5 2  0.0000442590
6 3 7 2  0.0090264669
6 4 0 2  -0.0001232769
6 4 2 2  0.0000442590
6 4 4 2  -0.0083010414
6 4 6 2  0.0000726656
6 5 1 2  -0.0001232769
6 5 3 2  0.0000442590
6 5 5 2  -0.0083010414
6 5 7 2  0.0000726656
6 6 0 2  -0.0063735971
6 6 2 2  0.0090264669
6 6 4 2  0.0000726656
6 6 6 2  -0.0145047667
6 7 1 2  -0.0063735971
6 7 3 2  0.0090264669
6 7 5 2  0.0000726656
6 7 7 2  -0.0145047667
6 8 8 2  -0.0134885072
6 9 9 2  -0.0134885072
6 10 10 2  -0.0134885072
6 11 11 2  -0.0134885072
6 0 0 4  0.0127421232
6 0 2 4  0.0001232769
6 0 4 4  -0.0082567919
6 0 6 4  -0.0063735971
6 1 1 4  0.0127421232
6 1 3 4  0.0001232769
6 1 5 4  -0.0082567919
6 1 7 4  -0.0063735971
6 2 0 4  0.0001232769
6 2 2 4  0.0083010414
6 2 4 4  -0.0000442590
6 2 6 4  0.0000726656
6 3 1 4  0.0001232769
6 3 3 4  0.0083010414
6 3 5 4  -0.0000442590
6 3 7 4  0.0000726656
6 4 0 4  -0.0082567919
6 4 2 4  -0.0000442590
6 4 4 4  -0.0408665557
6 4 6 4  0.0090264669
6 5 1 4  -0.0082567919
6 5 3 4  -0.0000442590
6 5 5 4  -0.0408665557
6 5 7 4  0.0090264669
6 6 0 4  -0.0063735971
6 6 2 4  0.0000726656
6 6 4 4  0.0090264669
6 6 6 4  0.0145047667
6 7 1 4  -0.0063735971
6 7 3 4  0.0000726656
6 7 5 4  0.0090264669
6 7 7 4  0.0145047667
6 8 8 4  0.0134885072
6 9 9 4  0.0134885072
6 10 10 4  0.0134885072
6 11 11 4  0.0134885072
6 0 0 6  0.1985150870
6 0 2 6  -0.0146540423
6 0 4 6  -0.0146540423
6 1 1 6  0.1985150870
6 1 3 6  -0.0146540423
6 1 5 6  -0.0146540423
6 2 0 6  -0.0146540423
6 2 2 6  0.1026072503
6 2 4 6  0.0004516784
6 2 6 6  -0.0145047667
6 3 1 6  -0.0146540423
6 3 3 6  0.1026072503
6 3 5 6  0.0004516784
6 3 7 6  -0.0145047667
6 4 0 6  -0.0146540423
6 4 2 6  0.0004516784
6 4 4 6  0.1026072503
6 4 6 6  0.0145047667
6 5 1 6  -0.0146540423
6 5 3 6  0.0004516784
6 5 5 6  0.1026072503
6 5 7 6  0.0145047667
6 6 2 6  -0.0145047667
6 6 4 6  0.0145047667
6 6 6 6  0.2199651466
6 7 3 6  -0.0145047667
6 7 5 6  0.0145047667
6 7 7 6  0.2199651466
6 8 8 6  0.1985842675
6 9 9 6  0.1985842675
6 10 10 6  0.1985842675
6 11 11 6  0.1985842675
6 2 8 8  -0.0013435673
6 3 9 8  -0.0013435673
6 4 8 8  0.0013435673
6 5 9 8  0.0013435673
6 6 8 8  0.0119588585
6 7 9 8  0.0119588585
6 8 2 8  -0.0013435673
6 8 4 8  0.0013435673
6 8 6 8  0.0119588585
6 9 3 8  -0.0013435673
6 9 5 8  0.0013435673
6 9 7 8  0.0119588585
6 2 10 10  -0.0013435673
6 3 11 10  -0.0013435673
6 4 10 10  0.0013435673
6 5 11 10  0.0013435673
6 6 10 10  0.0119588585
6 7 11 10  0.0119588585
6 10 2 10  -0.0013435673
6 10 4 10  0.0013435673
6 10 6 10  0.0119588585
6 11 3 10  -0.0013435673
6 11 5 10  0.0013435673
6 11 7 10  0.0119588585
7 0 2 1  -0.0068023059
7 0 4 1  0.0068023059
7 0 6 1  0.0399995960
7 1 3 1  -0.0068023059
7 1 5 1  0.0068023059
7 1 7 1  0.0399995960
7 2 0 1  -0.0068023059
7 2 2 1  -0.0104596553
7 2 6 1  -0.0063735971
7 3 1 1  -0.0068023059
7 3 3 1  -0.0104596553
7 3 7 1  -0.0063735971
7 4 0 1  0.0068023059
7 4 4 1  0.0104596553
7 4 6 1  -0.0063735971
7 5 1 1  0.0068023059
7 5 5 1  0.0104596553
7 5 7 1  -0.0063735971
7 6 0 1  0.0399995960
7 6 2 1  -0.0063735971
7 6 4 1  -0.0063735971
7 7 1 1  0.0399995960
7 7 3 1  -0.0063735971
7 7 5 1  -0.0063735971
7 0 0 3  -0.0127421232
7 0 2 3  0.0082567919
7 0 4 3  -0.0001232769
7 0 6 3  -0.0063735971
7 1 1 3  -0.0127421232
7 1 3 3  0.0082567919
7 1 5 3  -0.0001232769
7 1 7 3  -0.0063735971
7 2 0 3  0.0082567919
7 2 2 3  0.0408665557
7 2 4 3  0.0000442590
7 2 6 3  0.0090264669
7 3 1 3  0.0082567919
7 3 3 3  0.0408665557
7 3 5 3  0.0000442590
7 3 7 3  0.0090264669
7 4 0 3  -0.0001232769
7 4 2 3  0.0000442590
7 4 4 3  -0.0083010414
7 4 6 3  0.0000726656
7 5 1 3  -0.0001232769
7 5 3 3  0.0000442590
7 5 5 3  -0.0083010414
7 5 7 3  0.0000726656
7 6 0 3  -0.0063735971
7 6 2 3  0.0090264669
7 6 4 3  0.0000726656
7 6 6 3  -0.0145047667
7 7 1 3  -0.0063735971
7 7 3 3  0.0090264669
7 7 5 3  0.0000726656
7 7 7 3  -0.0145047667
7 8 8 3  -0.0134885072
7 9 9 3  -0.0134885072
7 10 10 3  -0.0134885072
7 11 11 3  -0.0134885072
7 0 0 5  0.0127421232
7 0 2 5  0.0001232769
7 0 4 5  -0.0082567919
7 0 6 5  -0.0063735971
7 1 1 5  0.0127421232
7 1 3 5  0.0001232769
7 1 5 5  -0.0082567919
7 1 7 5  -0.0063735971
7 2 0 5  0.0001232769
7 2 2 5  0.0083010414
7 2 4 5  -0.0000442590
7 2 6 5  0.0000726656
7 3 1 5  0.0001232769
7 3 3 5  0.0083010414
7 3 5 5  -0.0000442590
7 3 7 5  0.0000726656
7 4 0 5  -0.0082567919
7 4 2 5  -0.0000442590
7 4 4 5  -0.0408665557
7 4 6 5  0.0090264669
7 5 1 5  -0.0082567919
7 5 3 5  -0.0000442590
7 5 5 5  -0.0408665557
7 5 7 5  0.0090264669
7 6 0 5  -0.0063735971
7 6 2 5  0.0000726656
7 6 4 5  0.0090264669
7 6 6 5  0.0145047667
7 7 1 5  -0.0063735971
7 7 3 5  0.0000726656
7 7 5 5  0.0090264669
7 7 7 5  0.0145047667
7 8 8 5  0.0134885072
7 9 9 5  0.0134885072
7 10 10 5  0.0134885072
7 11 11 5  0.0134885072
7 0 0 7  0.1985150870
7 0 2 7  -0.0146540423
7 0 4 7  -0.0146540423
7 1 1 7  0.1985150870
7 1 3 7  -0.0146540423
7 1 5 7  -0.0146540423
7 2 0 7  -0.0146540423
7 2 2 7  0.1026072503
7 2 4 7  0.0004516784
7 2 6 7  -0.0145047667
7 3 1 7  -0.0146540423
7 3 3 7  0.1026072503
7 3 5 7  0.0004516784
7 3 7 7  -0.0145047667
7 4 0 7  -0.0146540423
7 4 2 7  0.0004516784
7 4 4 7  0.1026072503
7 4 6 7  0.0145047667
7 5 1 7  -0.0146540423
7 5 3 7  0.0004516784
7 5 5 7  0.1026072503
7 5 7 7  0.0145047667
7 6 2 7  -0.0145047667
7 6 4 7  0.0145047667
7 6 6 7  0.2199651466
7 7 3 7  -0.0145047667
7 7 5 7  0.0145047667
7 7 7 7  0.2199651466
7 8 8 7  0.1985842675
7 9 9 7  0.1985842675
7 10 10 7  0.1985842675
7 11 11 7  0.1985842675
7 2 8 9  -0.0013435673
7 3 9 9  -0.0013435673
7 4 8 9  0.0013435673
7 5 9 9  0.0013435673
7 6 8 9  0.0119588585
7 7 9 9  0.0119588585
7 8 2 9  -0.0013435673
7 8 4 9  0.0013435673
7 8 6 9  0.0119588585
7 9 3 9  -0.0013435673
7 9 5 9  0.0013435673
7 9 7 9  0.0119588585
7 2 10 11  -0.0013435673
7 3 11 11  -0.0013435673
7 4 10 11  0.0013435673
7 5 11 11  0.0013435673
7 6 10 11  0.0119588585
7 7 11 11  0.0119588585
7 10 2 11  -0.0013435673
7 10 4 11  0.0013435673
7 10 6 11  0.0119588585
7 11 3 11  -0.0013435673
7 11 5 11  0.0013435673
7 11 7 11  0.0119588585
8 0 8 0  0.0415664706
8 1 9 0  0.0415664706
8 2 8 0  -0.0065939422
8 3 9 0  -0.0065939422
8 4 8 0  -0.0065939422
8 5 9 0  -0.0065939422
8 8 0 0  0.0415664706
8 8 2 0  -0.0065939422
8 8 4 0  -0.0065939422
8 9 1 0  0.0415664706
8 9 3 0  -0.0065939422
8 9 5 0  -0.0065939422
8 0 8 2  -0.0065939422
8 1 9 2  -0.0065939422
8 2 8 2  0.0012202979
8 3 9 2  0.0012202979
8 4 8 2  0.0008972734
8 5 9 2  0.0008972734
8 6 8 2  -0.0013435673
8 7 9 2  -0.0013435673
8 8 0 2  -0.0065939422
8 8 2 2  0.0012202979
8 8 4 2  0.0008972734
8 8 6 2  -0.0013435673
8 9 1 2  -0.0065939422
8 9 3 2  0.0012202979
8 9 5 2  0.0008972734
8 9 7 2  -0.0013435673
8 0 8 4  -0.0065939422
8 1 9 4  -0.0065939422
8 2 8 4  0.0008972734
8 3 9 4  0.0008972734
8 4 8 4  0.0012202979
8 5 9 4  0.0012202979
8 6 8 4  0.0013435673
8 7 9 4  0.0013435673
8 8 0 4  -0.0065939422
8 8 2 4  0.0008972734
8 8 4 4  0.0012202979
8 8 6 4  0.0013435673
8 9 1 4  -0.0065939422
8 9 3 4  0.0008972734
8 9 5 4  0.0012202979
8 9 7 4  0.0013435673
8 2 8 6  -0.0013435673
8 3 9 6  -0.0013435673
8 4 8 6  0.0013435673
8 5 9 6  0.0013435673
8 6 8 6  0.0119588585
8 7 9 6  0.0119588585
8 8 2 6  -0.0013435673
8 8 4 6  0.0013435673
8 8 6 6  0.0119588585
8 9 3 6  -0.0013435673
8 9 5 6  0.0013435673
8 9 7 6  0.0119588585
8 0 0 8  0.1999437123
8 0 2 8  -0.0173957380
8 0 4 8  -0.0173957380
8 1 1 8  0.1999437123
8 1 3 8  -0.0173957380
8 1 5 8  -0.0173957380
8 2 0 8  -0.0173957380
8 2 2 8  0.0891815825
8 2 4 8  0.0010672348
8 2 6 8  -0.0134885072
8 3 1 8  -0.0173957380
8 3 3 8  0.0891815825
8 3 5 8  0.0010672348
8 3 7 8  -0.0134885072
8 4 0 8  -0.0173957380
8 4 2 8  0.0010672348
8 4 4 8  0.0891815825
8 4 6 8  0.0134885072
8 5 1 8  -0.0173957380
8 5 3 8  0.0010672348
8 5 5 8  0.0891815825
8 5 7 8  0.0134885072
8 6 2 8  -0.0134885072
8 6 4 8  0.0134885072
8 6 6 8  0.1985842675
8 7 3 8  -0.0134885072
8 7 5 8  0.0134885072
8 7 7 8  0.1985842675
8 8 8 8  0.2249295447
8 9 9 8  0.2249295447
8 10 10 8  0.2006801617
8 11 11 8  0.2006801617
8 8 10 10  0.0121246912
8 9 11 10  0.0121246912
8 10 8 10  0.0121246912
8 11 9 10  0.0121246912
9 0 8 1  0.0415664706
9 1 9 1  0.0415664706
9 2 8 1  -0.0065939422
9 3 9 1  -0.0065939422
9 4 8 1  -0.0065939422
9 5 9 1  -0.0065939422
9 8 0 1  0.0415664706
9 8 2 1  -0.0065939422
9 8 4 1  -0.0065939422
9 9 1 1  0.0415664706
9 9 3 1  -0.0065939422
9 9 5 1  -0.0065939422
9 0 8 3  -0.0065939422
9 1 9 3  -0.0065939422
9 2 8 3  0.0012202979
9 3 9 3  0.0012202979
9 4 8 3  0.0008972734
9 5 9 3  0.0008972734
9 6 8 3  -0.0013435673
9 7 9 3  -0.0013435673
9 8 0 3  -0.0065939422
9 8 2 3  0.0012202979
9 8 4 3  0.0008972734
9 8 6 3  -0.0013435673
9 9 1 3  -0.0065939422
9 9 3 3  0.0012202979
9 9 5 3  0.0008972734
9 9 7 3  -0.0013435673
9 0 8 5  -0.0065939422
9 1 9 5  -0.0065939422
9 2 8 5  0.0008972734
9 3 9 5  0.0008972734
9 4 8 5  0.0012202979
9 5 9 5  0.0012202979
9 6 8 5  0.0013435673
9 7 9 5  0.0013435673
9 8 0 5  -0.0065939422
9 8 2 5  0.0008972734
9 8 4 5  0.0012202979
9 8 6 5  0.0013435673
9 9 1 5  -0.0065939422
9 9 3 5  0.0008972734
9 9 5 5  0.0012202979
9 9 7 5  0.0013435673
9 2 8 7  -0.0013435673
9 3 9 7  -0.0013435673
9 4 8 7  0.0013435673
9 5 9 7  0.0013435673
9 6 8 7  0.0119588585
9 7 9 7  0.0119588585
9 8 2 7  -0.0013435673
9 8 4 7  0.0013435673
9 8 6 7  0.0119588585
9 9 3 7  -0.0013435673
9 9 5 7  0.0013435673
9 9 7 7  0.0119588585
9 0 0 9  0.1999437123
9 0 2 9  -0.0173957380
9 0 4 9  -0.0173957380
9 1 1 9  0.1999437123
9 1 3 9  -0.0173957380
9 1 5 9  -0.0173957380
9 2 0 9  -0.0173957380
9 2 2 9  0.0891815825
9 2 4 9  0.0010672348
9 2 6 9  -0.0134885072
9 3 1 9  -0.0173957380
9 3 3 9  0.0891815825
9 3 5 9  0.0010672348
9 3 7 9  -0.0134885072
9 4 0 9  -0.0173957380
9 4 2 9  0.0010672348
9 4 4 9  0.0891815825
9 4 6 9  0.0134885072
9 5 1 9  -0.0173957380
9 5 3 9  0.0010672348
9 5 5 9  0.0891815825
9 5 7 9  0.0134885072
9 6 2 9  -0.0134885072
9 6 4 9  0.0134885072
9 6 6 9  0.1985842675
9 7 3 9  -0.0134885072
9 7 5 9  0.0134885072
9 7 7 9  0.1985842675
9 8 8 9  0.2249295447
9 9 9 9  0.2249295447
9 10 10 9  0.2006801617
9 11 11 9  0.2006801617
9 8 10 11  0.0121246912
9 9 11 11  0.0121246912
9 10 8 11  0.0121246912
9 11 9 11  0.0121246912
10 0 10 0  0.0415664706
10 1 11 0  0.0415664706
10 2 10 0  -0.0065939422
10 3 11 0  -0.0065939422
10 4 10 0  -0.0065939422
10 5 11 0  -0.0065939422
10 10 0 0  0.0415664706
10 10 2 0  -0.0065939422
10 10 4 0  -0.0065939422
10 11 1 0  0.0415664706
10 11 3 0  -0.0065939422
10 11 5 0  -0.0065939422
10 0 10 2  -0.0065939422
10 1 11 2  -0.0065939422
10 2 10 2  0.0012202979
10 3 11 2  0.0012202979
10 4 10 2  0.0008972734
10 5 11 2  0.0008972734
10 6 10 2  -0.0013435673
10 7 11 2  -0.0013435673
10 10 0 2  -0.0065939422
10 10 2 2  0.0012202979
10 10 4 2  0.0008972734
10 10 6 2  -0.0013435673
10 11 1 2  -0.0065939422
10 11 3 2  0.0012202979
10 11 5 2  0.0008972734
10 11 7 2  -0.0013435673
10 0 10 4  -0.0065939422
10 1 11 4  -0.0065939422
10 2 10 4  0.0008972734
10 3 11 4  0.0008972734
10 4 10 4  0.0012202979
10 5 11 4  0.0012202979
10 6 10 4  0.0013435673
10 7 11 4  0.0013435673
10 10 0 4  -0.0065939422
10 10 2 4  0.0008972734
10 10 4 4  0.0012202979
10 10 6 4  0.0013435673
10 11 1 4  -0.0065939422
10 11 3 4  0.0008972734
10 11 5 4  0.0012202979
10 11 7 4  0.0013435673
10 2 10 6  -0.0013435673
10 3 11 6  -0.0013435673
10 4 10 6  0.0013435673
10 5 11 6  0.0013435673
10 6 10 6  0.0119588585
10 7 11 6  0.0119588585
10 10 2 6  -0.0013435673
10 10 4 6  0.0013435673
10 10 6 6  0.0119588585
10 11 3 6  -0.0013435673
10 11 5 6  0.0013435673
10 11 7 6  0.0119588585
10 8 10 8  0.0121246912
10 9 11 8  0.0121246912
10 10 8 8  0.0121246912
10 11 9 8  0.0121246912
10 0 0 10  0.1999437123
10 0 2 10  -0.0173957380
10 0 4 10  -0.0173957380
10 1 1 10  0.1999437123
10 1 3 10  -0.0173957380
10 1 5 10  -0.0173957380
10 2 0 10  -0.0173957380
10 2 2 10  0.0891815825
10 2 4 10  0.0010672348
10 2 6 10  -0.0134885072
10 3 1 10  -0.0173957380
10 3 3 10  0.0891815825
10 3 5 10  0.0010672348
10 3 7 10  -0.0134885072
10 4 0 10  -0.0173957380
10 4 2 10  0.0010672348
10 4 4 10  0.0891815825
10 4 6 10  0.0134885072
10 5 1 10  -0.0173957380
10 5 3 10  0.0010672348
10 5 5 10  0.0891815825
10 5 7 10  0.0134885072
10 6 2 10  -0.0134885072
10 6 4 10  0.0134885072
10 6 6 10  0.1985842675
10 7 3 10  -0.0134885072
10 7 5 10  0.0134885072
10 7 7 10  0.1985842675
10 8 8 10  0.2006801617
10 9 9 10  0.2006801617
10 10 10 10  0.2249295447
10 11 11 10  0.2249295447
11 0 10 1  0.0415664706
11 1 11 1  0.0415664706
11 2 10 1  -0.0065939422
11 3 11 1  -0.0065939422
11 4 10 1  -0.0065939422
11 5 11 1  -0.0065939422
11 10 0 1  0.0415664706
11 10 2 1  -0.0065939422
11 10 4 1  -0.0065939422
11 11 1 1  0.0415664706
11 11 3 1  -0.0065939422
11 11 5 1  -0.0065939422
11 0 10 3  -0.0065939422
11 1 11 3  -0.0065939422
11 2 10 3  0.0012202979
11 3 11 3  0.0012202979
11 4 10 3  0.0008972734
11 5 11 3  0.0008972734
11 6 10 3  -0.0013435673
11 7 11 3  -0.0013435673
11 10 0 3  -0.0065939422
11 10 2 3  0.0012202979
11 10 4 3  0.0008972734
11 10 6 3  -0.0013435673
11 11 1 3  -0.0065939422
11 11 3 3  0.0012202979
11 11 5 3  0.0008972734
11 11 7 3  -0.0013435673
11 0 10 5  -0.0065939422
11 1 11 5  -0.0065939422
11 2 10 5  0.0008972734
11 3 11 5  0.0008972734
11 4 10 5  0.0012202979
11 5 11 5  0.0012202979
11 6 10 5  0.0013435673
11 7 11 5  0.0013435673
11 10 0 5  -0.0065939422
11 10 2 5  0.0008972734
11 10 4 5  0.0012202979
11 10 6 5  0.0013435673
11 11 1 5  -0.0065939422
11 11 3 5  0.0008972734
11 11 5 5  0.0012202979
11 11 7 5  0.0013435673
11 2 10 7  -0.0013435673
11 3 11 7  -0.0013435673
11 4 10 7  0.0013435673
11 5 11 7  0.0013435673
11 6 10 7  0.0119588585
11 7 11 7  0.0119588585
11 10 2 7  -0.0013435673
11 10 4 7  0.0013435673
11 10 6 7  0.0119588585
11 11 3 7  -0.0013435673
11 11 5 7  0.0013435673
11 11 7 7  0.0119588585
11 8 10 9  0.0121246912
11 9 11 9  0.0121246912
11 10 8 9  0.0121246912
11 11 9 9  0.0121246912
11 0 0 11  0.1999437123
11 0 2 11  -0.0173957380
11 0 4 11  -0.0173957380
11 1 1 11  0.1999437123
11 1 3 11  -0.0173957380
11 1 5 11  -0.0173957380
11 2 0 11  -0.0173957380
11 2 2 11  0.0891815825
11 2 4 11  0.0010672348
11 2 6 11  -0.0134885072
11 3 1 11  -0.0173957380
11 3 3 11  0.0891815825
11 3 5 11  0.0010672348
11 3 7 11  -0.0134885072
11 4 0 11  -0.0173957380
11 4 2 11  0.0010672348
11 4 4 11  0.0891815825
11 4 6 11  0.0134885072
11 5 1 11  -0.0173957380
11 5 3 11  0.0010672348
11 5 5 11  0.0891815825
11 5 7 11  0.0134885072
11 6 2 11  -0.0134885072
11 6 4 11  0.0134885072
11 6 6 11  0.1985842675
11 7 3 11  -0.0134885072
11 7 5 11  0.0134885072
11 7 7 11  0.1985842675
11 8 8 11  0.2006801617
11 9 9 11  0.2006801617
11 10 10 11  0.2249295447
11 11 11 11  0.2249295447
