-12.249238359241614
0 0  -1.2378519060
0 2  0.0022643768
0 4  0.0022643768
1 1  -1.2378519060
1 3  0.0022643768
1 5  0.0022643768
2 0  0.0022643768
2 2  -1.1020577410
2 4  0.1091775681
2 6  -0.0275397894
3 1  0.0022643768
3 3  -1.1020577410
3 5  0.1091775681
3 7  -0.0275397894
4 0  0.0022643768
4 2  0.1091775681
4 4  -1.1020577410
4 6  0.0275397894
5 1  0.0022643768
5 3  0.1091775681
5 5  -1.1020577410
5 7  0.0275397894
6 2  -0.0275397894
6 4  0.0275397894
6 6  -0.8674264876
7 3  -0.0275397894
7 5  0.0275397894
7 7  -0.8674264876
8 8  -0.9987906838
9 9  -0.9987906838
10 10  -0.9987906838
11 11  -0.9987906838
0 0 0 0  0.1697239883
0 0 2 0  -0.0028314534
0 0 4 0  -0.0028314534
0 1 1 0  0.1697239883
0 1 3 0  -0.0028314534
0 1 5 0  -0.0028314534
0 2 0 0  -0.0028314534
0 2 2 0  0.1697634119
0 2 4 0  -0.0000234568
0 2 6 0  0.0056667253
0 3 1 0  -0.0028314534
0 3 3 0  0.1697634119
0 3 5 0  -0.0000234568
0 3 7 0  0.0056667253
0 4 0 0  -0.0028314534
0 4 2 0  -0.0000234568
0 4 4 0  0.1697634119
0 4 6 0  -0.0056667253
0 5 1 0  -0.0028314534
0 5 3 0  -0.0000234568
0 5 5 0  0.1697634119
0 5 7 0  -0.0056667253
0 6 2 0  0.0056667253
0 6 4 0  -0.0056667253
0 6 6 0  0.1811971334
0 7 3 0  0.0056667253
0 7 5 0  -0.0056667253
0 7 7 0  0.1811971334
0 8 8 0  0.1709855451
0 9 9 0  0.1709855451
0 10 10 0  0.1709855451
0 11 11 0  0.1709855451
0 0 0 2  -0.0028314534
0 0 2 2  0.0571909654
0 0 4 2  -0.0117831917
0 0 6 2  -0.0070278203
0 1 1 2  -0.0028314534
0 1 3 2  0.0571909654
0 1 5 2  -0.0117831917
0 1 7 2  -0.0070278203
0 2 0 2  0.0571909654
0 2 2 2  0.0504933475
0 2 4 2  -0.0024077794
0 2 6 2  -0.0527608447
0 3 1 2  0.0571909654
0 3 3 2  0.0504933475
0 3 5 2  -0.0024077794
0 3 7 2  -0.0527608447
0 4 0 2  -0.0117831917
0 4 2 2  -0.0024077794
0 4 4 2  -0.0227436677
0 4 6 2  -0.0100098687
0 5 1 2  -0.0117831917
0 5 3 2  -0.0024077794
0 5 5 2  -0.0227436677
0 5 7 2  -0.0100098687
0 6 0 2  -0.0070278203
0 6 2 2  -0.0527608447
0 6 4 2  -0.0100098687
0 6 6 2  -0.0037153776
0 7 1 2  -0.0070278203
0 7 3 2  -0.0527608447
0 7 5 2  -0.0100098687
0 7 7 2  -0.0037153776
0 8 8 2  -0.0308114863
0 9 9 2  -0.0308114863
0 10 10 2  -0.0308114863
0 11 11 2  -0.0308114863
0 0 0 4  -0.0028314534
0 0 2 4  -0.0117831917
0 0 4 4  0.0571909654
0 0 6 4  0.0070278203
0 1 1 4  -0.0028314534
0 1 3 4  -0.0117831917
0 1 5 4  0.0571909654
0 1 7 4  0.0070278203
0 2 0 4  -0.0117831917
0 2 2 4  -0.0227436677
0 2 4 4  -0.0024077794
0 2 6 4  0.0100098687
0 3 1 4  -0.0117831917
0 3 3 4  -0.0227436677
0 3 5 4  -0.0024077794
0 3 7 4  0.0100098687
0 4 0 4  0.0571909654
0 4 2 4  -0.0024077794
0 4 4 4  0.0504933475
0 4 6 4  0.0527608447
0 5 1 4  0.0571909654
0 5 3 4  -0.0024077794
0 5 5 4  0.0504933475
0 5 7 4  0.0527608447
0 6 0 4  0.0070278203
0 6 2 4  0.0100098687
0 6 4 4  0.0527608447
0 6 6 4  -0.0037153776
0 7 1 4  0.0070278203
0 7 3 4  0.0100098687
0 7 5 4  0.0527608447
0 7 7 4  -0.0037153776
0 8 8 4  -0.0308114863
0 9 9 4  -0.0308114863
0 10 10 4  -0.0308114863
0 11 11 4  -0.0308114863
0 0 2 6  -0.0070278203
0 0 4 6  0.0070278203
0 0 6 6  0.0270288003
0 1 3 6  -0.0070278203
0 1 5 6  0.0070278203
0 1 7 6  0.0270288003
0 2 0 6  -0.0070278203
0 2 2 6  -0.0303985661
0 2 6 6  0.0084882370
0 3 1 6  -0.0070278203
0 3 3 6  -0.0303985661
0 3 7 6  0.0084882370
0 4 0 6  0.0070278203
0 4 4 6  0.0303985661
0 4 6 6  0.0084882370
0 5 1 6  0.0070278203
0 5 5 6  0.0303985661
0 5 7 6  0.0084882370
0 6 0 6  0.0270288003
0 6 2 6  0.0084882370
0 6 4 6  0.0084882370
0 7 1 6  0.0270288003
0 7 3 6  0.0084882370
0 7 5 6  0.0084882370
0 0 8 8  0.0256964911
0 1 9 8  0.0256964911
0 2 8 8  -0.0158316132
0 3 9 8  -0.0158316132
0 4 8 8  -0.0158316132
0 5 9 8  -0.0158316132
0 8 0 8  0.0256964911
0 8 2 8  -0.0158316132
0 8 4 8  -0.0158316132
0 9 1 8  0.0256964911
0 9 3 8  -0.0158316132
0 9 5 8  -0.0158316132
0 0 10 10  0.0256964911
0 1 11 10  0.0256964911
0 2 10 10  -0.0158316132
0 3 11 10  -0.0158316132
0 4 10 10  -0.0158316132
0 5 11 10  -0.0158316132
0 10 0 10  0.0256964911
0 10 2 10  -0.0158316132
0 10 4 10  -0.0158316132
0 11 1 10  0.0256964911
0 11 3 10  -0.0158316132
0 11 5 10  -0.0158316132
1 0 0 1  0.1697239883
1 0 2 1  -0.0028314534
1 0 4 1  -0.0028314534
1 1 1 1  0.1697239883
1 1 3 1  -0.0028314534
1 1 5 1  -0.0028314534
1 2 0 1  -0.0028314534
1 2 2 1  0.1697634119
1 2 4 1  -0.0000234568
1 2 6 1  0.0056667253
1 3 1 1  -0.0028314534
1 3 3 1  0.1697634119
1 3 5 1  -0.0000234568
1 3 7 1  0.0056667253
1 4 0 1  -0.0028314534
1 4 2 1  -0.0000234568
1 4 4 1  0.1697634119
1 4 6 1  -0.0056667253
1 5 1 1  -0.0028314534
1 5 3 1  -0.0000234568
1 5 5 1  0.1697634119
1 5 7 1  -0.0056667253
1 6 2 1  0.0056667253
1 6 4 1  -0.0056667253
1 6 6 1  0.1811971334
1 7 3 1  0.0056667253
1 7 5 1  -0.0056667253
1 7 7 1  0.1811971334
1 8 8 1  0.1709855451
1 9 9 1  0.1709855451
1 10 10 1  0.1709855451
1 11 11 1  0.1709855451
1 0 0 3  -0.0028314534
1 0 2 3  0.0571909654
1 0 4 3  -0.0117831917
1 0 6 3  -0.0070278203
1 1 1 3  -0.0028314534
1 1 3 3  0.0571909654
1 1 5 3  -0.0117831917
1 1 7 3  -0.0070278203
1 2 0 3  0.0571909654
1 2 2 3  0.0504933475
1 2 4 3  -0.0024077794
1 2 6 3  -0.0527608447
1 3 1 3  0.0571909654
1 3 3 3  0.0504933475
1 3 5 3  -0.0024077794
1 3 7 3  -0.0527608447
1 4 0 3  -0.0117831917
1 4 2 3  -0.0024077794
1 4 4 3  -0.0227436677
1 4 6 3  -0.0100098687
1 5 1 3  -0.0117831917
1 5 3 3  -0.0024077794
1 5 5 3  -0.0227436677
1 5 7 3  -0.0100098687
1 6 0 3  -0.0070278203
1 6 2 3  -0.0527608447
1 6 4 3  -0.0100098687
1 6 6 3  -0.0037153776
1 7 1 3  -0.0070278203
1 7 3 3  -0.0527608447
1 7 5 3  -0.0100098687
1 7 7 3  -0.0037153776
1 8 8 3  -0.0308114863
1 9 9 3  -0.0308114863
1 10 10 3  -0.0308114863
1 11 11 3  -0.0308114863
1 0 0 5  -0.0028314534
1 0 2 5  -0.0117831917
1 0 4 5  0.0571909654
1 0 6 5  0.0070278203
1 1 1 5  -0.0028314534
1 1 3 5  -0.0117831917
1 1 5 5  0.0571909654
1 1 7 5  0.0070278203
1 2 0 5  -0.0117831917
1 2 2 5  -0.0227436677
1 2 4 5  -0.0024077794
1 2 6 5  0.0100098687
1 3 1 5  -0.0117831917
1 3 3 5  -0.0227436677
1 3 5 5  -0.0024077794
1 3 7 5  0.0100098687
1 4 0 5  0.0571909654
1 4 2 5  -0.0024077794
1 4 4 5  0.0504933475
1 4 6 5  0.0527608447
1 5 1 5  0.0571909654
1 5 3 5  -0.0024077794
1 5 5 5  0.0504933475
1 5 7 5  0.0527608447
1 6 0 5  0.0070278203
1 6 2 5  0.0100098687
1 6 4 5  0.0527608447
1 6 6 5  -0.0037153776
1 7 1 5  0.0070278203
1 7 3 5  0.0100098687
1 7 5 5  0.0527608447
1 7 7 5  -0.0037153776
1 8 8 5  -0.0308114863
1 9 9 5  -0.0308114863
1 10 10 5  -0.0308114863
1 11 11 5  -0.0308114863
1 0 2 7  -0.0070278203
1 0 4 7  0.0070278203
1 0 6 7  0.0270288003
1 1 3 7  -0.0070278203
1 1 5 7  0.0070278203
1 1 7 7  0.0270288003
1 2 0 7  -0.0070278203
1 2 2 7  -0.0303985661
1 2 6 7  0.0084882370
1 3 1 7  -0.0070278203
1 3 3 7  -0.0303985661
1 3 7 7  0.0084882370
1 4 0 7  0.0070278203
1 4 4 7  0.0303985661
1 4 6 7  0.0084882370
1 5 1 7  0.0070278203
1 5 5 7  0.0303985661
1 5 7 7  0.0084882370
1 6 0 7  0.0270288003
1 6 2 7  0.0084882370
1 6 4 7  0.0084882370
1 7 1 7  0.0270288003
1 7 3 7  0.0084882370
1 7 5 7  0.0084882370
1 0 8 9  0.0256964911
1 1 9 9  0.0256964911
1 2 8 9  -0.0158316132
1 3 9 9  -0.0158316132
1 4 8 9  -0.0158316132
1 5 9 9  -0.0158316132
1 8 0 9  0.0256964911
1 8 2 9  -0.0158316132
1 8 4 9  -0.0158316132
1 9 1 9  0.0256964911
1 9 3 9  -0.0158316132
1 9 5 9  -0.0158316132
1 0 10 11  0.0256964911
1 1 11 11  0.0256964911
1 2 10 11  -0.0158316132
1 3 11 11  -0.0158316132
1 4 10 11  -0.0158316132
1 5 11 11  -0.0158316132
1 10 0 11  0.0256964911
1 10 2 11  -0.0158316132
1 10 4 11  -0.0158316132
1 11 1 11  0.0256964911
1 11 3 11  -0.0158316132
1 11 5 11  -0.0158316132
2 0 0 0  -0.0028314534
2 0 2 0  0.0571909654
2 0 4 0  -0.0117831917
2 0 6 0  -0.0070278203
2 1 1 0  -0.0028314534
2 1 3 0  0.0571909654
2 1 5 0  -0.0117831917
2 1 7 0  -0.0070278203
2 2 0 0  0.0571909654
2 2 2 0  0.0504933475
2 2 4 0  -0.0024077794
2 2 6 0  -0.0527608447
2 3 1 0  0.0571909654
2 3 3 0  0.0504933475
2 3 5 0  -0.0024077794
2 3 7 0  -0.0527608447
2 4 0 0  -0.0117831917
2 4 2 0  -0.0024077794
2 4 4 0  -0.0227436677
2 4 6 0  -0.0100098687
2 5 1 0  -0.0117831917
2 5 3 0  -0.0024077794
2 5 5 0  -0.0227436677
2 5 7 0  -0.0100098687
2 6 0 0  -0.0070278203
2 6 2 0  -0.0527608447
2 6 4 0  -0.0100098687
2 6 6 0  -0.0037153776
2 7 1 0  -0.0070278203
2 7 3 0  -0.0527608447
2 7 5 0  -0.0100098687
2 7 7 0  -0.0037153776
2 8 8 0  -0.0308114863
2 9 9 0  -0.0308114863
2 10 10 0  -0.0308114863
2 11 11 0  -0.0308114863
2 0 0 2  0.1697634119
2 0 2 2  0.0504933475
2 0 4 2  -0.0227436677
2 0 6 2  -0.0303985661
2 1 1 2  0.1697634119
2 1 3 2  0.0504933475
2 1 5 2  -0.0227436677
2 1 7 2  -0.0303985661
2 2 0 2  0.0504933475
2 2 2 2  0.2423343092
2 2 4 2  -0.0009400832
2 2 6 2  -0.0459773435
2 3 1 2  0.0504933475
2 3 3 2  0.2423343092
2 3 5 2  -0.0009400832
2 3 7 2  -0.0459773435
2 4 0 2  -0.0227436677
2 4 2 2  -0.0009400832
2 4 4 2  0.1233354226
2 4 6 2  -0.0249791819
2 5 1 2  -0.0227436677
2 5 3 2  -0.0009400832
2 5 5 2  0.1233354226
2 5 7 2  -0.0249791819
2 6 0 2  -0.0303985661
2 6 2 2  -0.0459773435
2 6 4 2  -0.0249791819
2 6 6 2  0.1826082820
2 7 1 2  -0.0303985661
2 7 3 2  -0.0459773435
2 7 5 2  -0.0249791819
2 7 7 2  0.1826082820
2 8 8 2  0.1514200650
2 9 9 2  0.1514200650
2 10 10 2  0.1514200650
2 11 11 2  0.1514200650
2 0 0 4  -0.0000234568
2 0 2 4  -0.0024077794
2 0 4 4  -0.0024077794
2 1 1 4  -0.0000234568
2 1 3 4  -0.0024077794
2 1 5 4  -0.0024077794
2 2 0 4  -0.0024077794
2 2 2 4  -0.0009400832
2 2 4 4  0.0022327388
2 2 6 4  0.0001899058
2 3 1 4  -0.0024077794
2 3 3 4  -0.0009400832
2 3 5 4  0.0022327388
2 3 7 4  0.0001899058
2 4 0 4  -0.0024077794
2 4 2 4  0.0022327388
2 4 4 4  -0.0009400832
2 4 6 4  -0.0001899058
2 5 1 4  -0.0024077794
2 5 3 4  0.0022327388
2 5 5 4  -0.0009400832
2 5 7 4  -0.0001899058
2 6 2 4  0.0001899058
2 6 4 4  -0.0001899058
2 6 6 4  0.0000240071
2 7 3 4  0.0001899058
2 7 5 4  -0.0001899058
2 7 7 4  0.0000240071
2 8 8 4  0.0057118329
2 9 9 4  0.0057118329
2 10 10 4  0.0057118329
2 11 11 4  0.0057118329
2 0 0 6  0.0056667253
2 0 2 6  -0.0527608447
2 0 4 6  0.0100098687
2 0 6 6  0.0084882370
2 1 1 6  0.0056667253
2 1 3 6  -0.0527608447
2 1 5 6  0.0100098687
2 1 7 6  0.0084882370
2 2 0 6  -0.0527608447
2 2 2 6  -0.0459773435
2 2 4 6  0.0001899058
2 2 6 6  0.0536296659
2 3 1 6  -0.0527608447
2 3 3 6  -0.0459773435
2 3 5 6  0.0001899058
2 3 7 6  0.0536296659
2 4 0 6  0.0100098687
2 4 2 6  0.0001899058
2 4 4 6  0.0249791819
2 4 6 6  0.0078500558
2 5 1 6  0.0100098687
2 5 3 6  0.0001899058
2 5 5 6  0.0249791819
2 5 7 6  0.0078500558
2 6 0 6  0.0084882370
2 6 2 6  0.0536296659
2 6 4 6  0.0078500558
2 6 6 6  0.0091450619
2 7 1 6  0.0084882370
2 7 3 6  0.0536296659
2 7 5 6  0.0078500558
2 7 7 6  0.0091450619
2 8 8 6  0.0287975142
2 9 9 6  0.0287975142
2 10 10 6  0.0287975142
2 11 11 6  0.0287975142
2 0 8 8  -0.0158316132
2 1 9 8  -0.0158316132
2 2 8 8  0.0121977982
2 3 9 8  0.0121977982
2 4 8 8  0.0079249220
2 5 9 8  0.0079249220
2 6 8 8  0.0042143695
2 7 9 8  0.0042143695
2 8 0 8  -0.0158316132
2 8 2 8  0.0121977982
2 8 4 8  0.0079249220
2 8 6 8  0.0042143695
2 9 1 8  -0.0158316132
2 9 3 8  0.0121977982
2 9 5 8  0.0079249220
2 9 7 8  0.0042143695
2 0 10 10  -0.0158316132
2 1 11 10  -0.0158316132
2 2 10 10  0.0121977982
2 3 11 10  0.0121977982
2 4 10 10  0.0079249220
2 5 11 10  0.0079249220
2 6 10 10  0.0042143695
2 7 11 10  0.0042143695
2 10 0 10  -0.0158316132
2 10 2 10  0.0121977982
2 10 4 10  0.0079249220
2 10 6 10  0.0042143695
2 11 1 10  -0.0158316132
2 11 3 10  0.0121977982
2 11 5 10  0.0079249220
2 11 7 10  0.0042143695
3 0 0 1  -0.0028314534
3 0 2 1  0.0571909654
3 0 4 1  -0.0117831917
3 0 6 1  -0.0070278203
3 1 1 1  -0.0028314534
3 1 3 1  0.0571909654
3 1 5 1  -0.0117831917
3 1 7 1  -0.0070278203
3 2 0 1  0.0571909654
3 2 2 1  0.0504933475
3 2 4 1  -0.0024077794
3 2 6 1  -0.0527608447
3 3 1 1  0.0571909654
3 3 3 1  0.0504933475
3 3 5 1  -0.0024077794
3 3 7 1  -0.0527608447
3 4 0 1  -0.0117831917
3 4 2 1  -0.0024077794
3 4 4 1  -0.0227436677
3 4 6 1  -0.0100098687
3 5 1 1  -0.0117831917
3 5 3 1  -0.0024077794
3 5 5 1  -0.0227436677
3 5 7 1  -0.0100098687
3 6 0 1  -0.0070278203
3 6 2 1  -0.0527608447
3 6 4 1  -0.0100098687
3 6 6 1  -0.0037153776
3 7 1 1  -0.0070278203
3 7 3 1  -0.0527608447
3 7 5 1  -0.0100098687
3 7 7 1  -0.0037153776
3 8 8 1  -0.0308114863
3 9 9 1  -0.0308114863
3 10 10 1  -0.0308114863
3 11 11 1  -0.0308114863
3 0 0 3  0.1697634119
3 0 2 3  0.0504933475
3 0 4 3  -0.0227436677
3 0 6 3  -0.0303985661
3 1 1 3  0.1697634119
3 1 3 3  0.0504933475
3 1 5 3  -0.0227436677
3 1 7 3  -0.0303985661
3 2 0 3  0.0504933475
3 2 2 3  0.2423343092
3 2 4 3  -0.0009400832
3 2 6 3  -0.0459773435
3 3 1 3  0.0504933475
3 3 3 3  0.2423343092
3 3 5 3  -0.0009400832
3 3 7 3  -0.0459773435
3 4 0 3  -0.0227436677
3 4 2 3  -0.0009400832
3 4 4 3  0.1233354226
3 4 6 3  -0.0249791819
3 5 1 3  -0.0227436677
3 5 3 3  -0.0009400832
3 5 5 3  0.1233354226
3 5 7 3  -0.0249791819
3 6 0 3  -0.0303985661
3 6 2 3  -0.0459773435
3 6 4 3  -0.0249791819
3 6 6 3  0.1826082820
3 7 1 3  -0.0303985661
3 7 3 3  -0.0459773435
3 7 5 3  -0.0249791819
3 7 7 3  0.1826082820
3 8 8 3  0.1514200650
3 9 9 3  0.1514200650
3 10 10 3  0.1514200650
3 11 11 3  0.1514200650
3 0 0 5  -0.0000234568
3 0 2 5  -0.0024077794
3 0 4 5  -0.0024077794
3 1 1 5  -0.0000234568
3 1 3 5  -0.0024077794
3 1 5 5  -0.0024077794
3 2 0 5  -0.0024077794
3 2 2 5  -0.0009400832
3 2 4 5  0.0022327388
3 2 6 5  0.0001899058
3 3 1 5  -0.0024077794
3 3 3 5  -0.0009400832
3 3 5 5  0.0022327388
3 3 7 5  0.0001899058
3 4 0 5  -0.0024077794
3 4 2 5  0.0022327388
3 4 4 5  -0.0009400832
3 4 6 5  -0.0001899058
3 5 1 5  -0.0024077794
3 5 3 5  0.0022327388
3 5 5 5  -0.0009400832
3 5 7 5  -0.0001899058
3 6 2 5  0.0001899058
3 6 4 5  -0.0001899058
3 6 6 5  0.0000240071
3 7 3 5  0.0001899058
3 7 5 5  -0.0001899058
3 7 7 5  0.0000240071
3 8 8 5  0.0057118329
3 9 9 5  0.0057118329
3 10 10 5  0.0057118329
3 11 11 5  0.0057118329
3 0 0 7  0.0056667253
3 0 2 7  -0.0527608447
3 0 4 7  0.0100098687
3 0 6 7  0.0084882370
3 1 1 7  0.0056667253
3 1 3 7  -0.0527608447
3 1 5 7  0.0100098687
3 1 7 7  0.0084882370
3 2 0 7  -0.0527608447
3 2 2 7  -0.0459773435
3 2 4 7  0.0001899058
3 2 6 7  0.0536296659
3 3 1 7  -0.0527608447
3 3 3 7  -0.0459773435
3 3 5 7  0.0001899058
3 3 7 7  0.0536296659
3 4 0 7  0.0100098687
3 4 2 7  0.0001899058
3 4 4 7  0.0249791819
3 4 6 7  0.0078500558
3 5 1 7  0.0100098687
3 5 3 7  0.0001899058
3 5 5 7  0.0249791819
3 5 7 7  0.0078500558
3 6 0 7  0.0084882370
3 6 2 7  0.0536296659
3 6 4 7  0.0078500558
3 6 6 7  0.0091450619
3 7 1 7  0.0084882370
3 7 3 7  0.0536296659
3 7 5 7  0.0078500558
3 7 7 7  0.0091450619
3 8 8 7  0.0287975142
3 9 9 7  0.0287975142
3 10 10 7  0.0287975142
3 11 11 7  0.0287975142
3 0 8 9  -0.0158316132
3 1 9 9  -0.0158316132
3 2 8 9  0.0121977982
3 3 9 9  0.0121977982
3 4 8 9  0.0079249220
3 5 9 9  0.0079249220
3 6 8 9  0.0042143695
3 7 9 9  0.0042143695
3 8 0 9  -0.0158316132
3 8 2 9  0.0121977982
3 8 4 9  0.0079249220
3 8 6 9  0.0042143695
3 9 1 9  -0.0158316132
3 9 3 9  0.0121977982
3 9 5 9  0.0079249220
3 9 7 9  0.0042143695
3 0 10 11  -0.0158316132
3 1 11 11  -0.0158316132
3 2 10 11  0.0121977982
3 3 11 11  0.0121977982
3 4 10 11  0.0079249220
3 5 11 11  0.0079249220
3 6 10 11  0.0042143695
3 7 11 11  0.0042143695
3 10 0 11  -0.0158316132
3 10 2 11  0.0121977982
3 10 4 11  0.0079249220
3 10 6 11  0.0042143695
3 11 1 11  -0.0158316132
3 11 3 11  0.0121977982
3 11 5 11  0.0079249220
3 11 7 11  0.0042143695
4 0 0 0  -0.0028314534
4 0 2 0  -0.0117831917
4 0 4 0  0.0571909654
4 0 6 0  0.0070278203
4 1 1 0  -0.0028314534
4 1 3 0  -0.0117831917
4 1 5 0  0.0571909654
4 1 7 0  0.0070278203
4 2 0 0  -0.0117831917
4 2 2 0  -0.0227436677
4 2 4 0  -0.0024077794
4 2 6 0  0.0100098687
4 3 1 0  -0.0117831917
4 3 3 0  -0.0227436677
4 3 5 0  -0.0024077794
4 3 7 0  0.0100098687
4 4 0 0  0.0571909654
4 4 2 0  -0.0024077794
4 4 4 0  0.0504933475
4 4 6 0  0.0527608447
4 5 1 0  0.0571909654
4 5 3 0  -0.0024077794
4 5 5 0  0.0504933475
4 5 7 0  0.0527608447
4 6 0 0  0.0070278203
4 6 2 0  0.0100098687
4 6 4 0  0.0527608447
4 6 6 0  -0.0037153776
4 7 1 0  0.0070278203
4 7 3 0  0.0100098687
4 7 5 0  0.0527608447
4 7 7 0  -0.0037153776
4 8 8 0  -0.0308114863
4 9 9 0  -0.0308114863
4 10 10 0  -0.0308114863
4 11 11 0  -0.0308114863
4 0 0 2  -0.0000234568
4 0 2 2  -0.0024077794
4 0 4 2  -0.0024077794
4 1 1 2  -0.0000234568
4 1 3 2  -0.0024077794
4 1 5 2  -0.0024077794
4 2 0 2  -0.0024077794
4 2 2 2  -0.0009400832
4 2 4 2  0.0022327388
4 2 6 2  0.0001899058
4 3 1 2  -0.0024077794
4 3 3 2  -0.0009400832
4 3 5 2  0.0022327388
4 3 7 2  0.0001899058
4 4 0 2  -0.0024077794
4 4 2 2  0.0022327388
4 4 4 2  -0.0009400832
4 4 6 2  -0.0001899058
4 5 1 2  -0.0024077794
4 5 3 2  0.0022327388
4 5 5 2  -0.0009400832
4 5 7 2  -0.0001899058
4 6 2 2  0.0001899058
4 6 4 2  -0.0001899058
4 6 6 2  0.0000240071
4 7 3 2  0.0001899058
4 7 5 2  -0.0001899058
4 7 7 2  0.0000240071
4 8 8 2  0.0057118329
4 9 9 2  0.0057118329
4 10 10 2  0.0057118329
4 11 11 2  0.0057118329
4 0 0 4  0.1697634119
4 0 2 4  -0.0227436677
4 0 4 4  0.0504933475
4 0 6 4  0.0303985661
4 1 1 4  0.1697634119
4 1 3 4  -0.0227436677
4 1 5 4  0.0504933475
4 1 7 4  0.0303985661
4 2 0 4  -0.0227436677
4 2 2 4  0.1233354226
4 2 4 4  -0.0009400832
4 2 6 4  0.0249791819
4 3 1 4  -0.0227436677
4 3 3 4  0.1233354226
4 3 5 4  -0.0009400832
4 3 7 4  0.0249791819
4 4 0 4  0.0504933475
4 4 2 4  -0.0009400832
4 4 4 4  0.2423343092
4 4 6 4  0.0459773435
4 5 1 4  0.0504933475
4 5 3 4  -0.0009400832
4 5 5 4  0.2423343092
4 5 7 4  0.0459773435
4 6 0 4  0.0303985661
4 6 2 4  0.0249791819
4 6 4 4  0.0459773435
4 6 6 4  0.1826082820
4 7 1 4  0.0303985661
4 7 3 4  0.0249791819
4 7 5 4  0.0459773435
4 7 7 4  0.1826082820
4 8 8 4  0.1514200650
4 9 9 4  0.1514200650
4 10 10 4  0.1514200650
4 11 11 4  0.1514200650
4 0 0 6  -0.0056667253
4 0 2 6  -0.0100098687
4 0 4 6  0.0527608447
4 0 6 6  0.0084882370
4 1 1 6  -0.0056667253
4 1 3 6  -0.0100098687
4 1 5 6  0.0527608447
4 1 7 6  0.0084882370
4 2 0 6  -0.0100098687
4 2 2 6  -0.0249791819
4 2 4 6  -0.0001899058
4 2 6 6  0.0078500558
4 3 1 6  -0.0100098687
4 3 3 6  -0.0249791819
4 3 5 6  -0.0001899058
4 3 7 6  0.0078500558
4 4 0 6  0.0527608447
4 4 2 6  -0.0001899058
4 4 4 6  0.0459773435
4 4 6 6  0.0536296659
4 5 1 6  0.0527608447
4 5 3 6  -0.0001899058
4 5 5 6  0.0459773435
4 5 7 6  0.0536296659
4 6 0 6  0.0084882370
4 6 2 6  0.0078500558
4 6 4 6  0.0536296659
4 6 6 6  -0.0091450619
4 7 1 6  0.0084882370
4 7 3 6  0.0078500558
4 7 5 6  0.0536296659
4 7 7 6  -0.0091450619
4 8 8 6  -0.0287975142
4 9 9 6  -0.0287975142
4 10 10 6  -0.0287975142
4 11 11 6  -0.0287975142
4 0 8 8  -0.0158316132
4 1 9 8  -0.0158316132
4 2 8 8  0.0079249220
4 3 9 8  0.0079249220
4 4 8 8  0.0121977982
4 5 9 8  0.0121977982
4 6 8 8  -0.0042143695
4 7 9 8  -0.0042143695
4 8 0 8  -0.0158316132
4 8 2 8  0.0079249220
4 8 4 8  0.0121977982
4 8 6 8  -0.0042143695
4 9 1 8  -0.0158316132
4 9 3 8  0.0079249220
4 9 5 8  0.0121977982
4 9 7 8  -0.0042143695
4 0 10 10  -0.0158316132
4 1 11 10  -0.0158316132
4 2 10 10  0.0079249220
4 3 11 10  0.0079249220
4 4 10 10  0.0121977982
4 5 11 10  0.0121977982
4 6 10 10  -0.0042143695
4 7 11 10  -0.0042143695
4 10 0 10  -0.0158316132
4 10 2 10  0.0079249220
4 10 4 10  0.0121977982
4 10 6 10  -0.0042143695
4 11 1 10  -0.0158316132
4 11 3 10  0.0079249220
4 11 5 10  0.0121977982
4 11 7 10  -0.0042143695
5 0 0 1  -0.0028314534
5 0 2 1  -0.0117831917
5 0 4 1  0.0571909654
5 0 6 1  0.0070278203
5 1 1 1  -0.0028314534
5 1 3 1  -0.0117831917
5 1 5 1  0.0571909654
5 1 7 1  0.0070278203
5 2 0 1  -0.0117831917
5 2 2 1  -0.0227436677
5 2 4 1  -0.0024077794
5 2 6 1  0.0100098687
5 3 1 1  -0.0117831917
5 3 3 1  -0.0227436677
5 3 5 1  -0.0024077794
5 3 7 1  0.0100098687
5 4 0 1  0.0571909654
5 4 2 1  -0.0024077794
5 4 4 1  0.0504933475
5 4 6 1  0.0527608447
5 5 1 1  0.0571909654
5 5 3 1  -0.0024077794
5 5 5 1  0.0504933475
5 5 7 1  0.0527608447
5 6 0 1  0.0070278203
5 6 2 1  0.0100098687
5 6 4 1  0.0527608447
5 6 6 1  -0.0037153776
5 7 1 1  0.0070278203
5 7 3 1  0.0100098687
5 7 5 1  0.0527608447
5 7 7 1  -0.0037153776
5 8 8 1  -0.0308114863
5 9 9 1  -0.0308114863
5 10 10 1  -0.0308114863
5 11 11 1  -0.0308114863
5 0 0 3  -0.0000234568
5 0 2 3  -0.0024077794
5 0 4 3  -0.0024077794
5 1 1 3  -0.0000234568
5 1 3 3  -0.0024077794
5 1 5 3  -0.0024077794
5 2 0 3  -0.0024077794
5 2 2 3  -0.0009400832
5 2 4 3  0.0022327388
5 2 6 3  0.0001899058
5 3 1 3  -0.0024077794
5 3 3 3  -0.0009400832
5 3 5 3  0.0022327388
5 3 7 3  0.0001899058
5 4 0 3  -0.0024077794
5 4 2 3  0.0022327388
5 4 4 3  -0.0009400832
5 4 6 3  -0.0001899058
5 5 1 3  -0.0024077794
5 5 3 3  0.0022327388
5 5 5 3  -0.0009400832
5 5 7 3  -0.0001899058
5 6 2 3  0.0001899058
5 6 4 3  -0.0001899058
5 6 6 3  0.0000240071
5 7 3 3  0.0001899058
5 7 5 3  -0.0001899058
5 7 7 3  0.0000240071
5 8 8 3  0.0057118329
5 9 9 3  0.0057118329
5 10 10 3  0.0057118329
5 11 11 3  0.0057118329
5 0 0 5  0.1697634119
5 0 2 5  -0.0227436677
5 0 4 5  0.0504933475
5 0 6 5  0.0303985661
5 1 1 5  0.1697634119
5 1 3 5  -0.0227436677
5 1 5 5  0.0504933475
5 1 7 5  0.0303985661
5 2 0 5  -0.0227436677
5 2 2 5  0.1233354226
5 2 4 5  -0.0009400832
5 2 6 5  0.0249791819
5 3 1 5  -0.0227436677
5 3 3 5  0.1233354226
5 3 5 5  -0.0009400832
5 3 7 5  0.0249791819
5 4 0 5  0.0504933475
5 4 2 5  -0.0009400832
5 4 4 5  0.2423343092
5 4 6 5  0.0459773435
5 5 1 5  0.0504933475
5 5 3 5  -0.0009400832
5 5 5 5  0.2423343092
5 5 7 5  0.0459773435
5 6 0 5  0.0303985661
5 6 2 5  0.0249791819
5 6 4 5  0.0459773435
5 6 6 5  0.1826082820
5 7 1 5  0.0303985661
5 7 3 5  0.0249791819
5 7 5 5  0.0459773435
5 7 7 5  0.1826082820
5 8 8 5  0.1514200650
5 9 9 5  0.1514200650
5 10 10 5  0.1514200650
5 11 11 5  0.1514200650
5 0 0 7  -0.0056667253
5 0 2 7  -0.0100098687
5 0 4 7  0.0527608447
5 0 6 7  0.0084882370
5 1 1 7  -0.0056667253
5 1 3 7  -0.0100098687
5 1 5 7  0.0527608447
5 1 7 7  0.0084882370
5 2 0 7  -0.0100098687
5 2 2 7  -0.0249791819
5 2 4 7  -0.0001899058
5 2 6 7  0.0078500558
5 3 1 7  -0.0100098687
5 3 3 7  -0.0249791819
5 3 5 7  -0.0001899058
5 3 7 7  0.0078500558
5 4 0 7  0.0527608447
5 4 2 7  -0.0001899058
5 4 4 7  0.0459773435
5 4 6 7  0.0536296659
5 5 1 7  0.0527608447
5 5 3 7  -0.0001899058
5 5 5 7  0.0459773435
5 5 7 7  0.0536296659
5 6 0 7  0.0084882370
5 6 2 7  0.0078500558
5 6 4 7  0.0536296659
5 6 6 7  -0.0091450619
5 7 1 7  0.0084882370
5 7 3 7  0.0078500558
5 7 5 7  0.0536296659
5 7 7 7  -0.0091450619
5 8 8 7  -0.0287975142
5 9 9 7  -0.0287975142
5 10 10 7  -0.0287975142
5 11 11 7  -0.0287975142
5 0 8 9  -0.0158316132
5 1 9 9  -0.0158316132
5 2 8 9  0.0079249220
5 3 9 9  0.0079249220
5 4 8 9  0.0121977982
5 5 9 9  0.0121977982
5 6 8 9  -0.0042143695
5 7 9 9  -0.0042143695
5 8 0 9  -0.0158316132
5 8 2 9  0.0079249220
5 8 4 9  0.0121977982
5 8 6 9  -0.0042143695
5 9 1 9  -0.0158316132
5 9 3 9  0.0079249220
5 9 5 9  0.0121977982
5 9 7 9  -0.0042143695
5 0 10 11  -0.0158316132
5 1 11 11  -0.0158316132
5 2 10 11  0.0079249220
5 3 11 11  0.0079249220
5 4 10 11  0.0121977982
5 5 11 11  0.0121977982
5 6 10 11  -0.0042143695
5 7 11 11  -0.0042143695
5 10 0 11  -0.0158316132
5 10 2 11  0.0079249220
5 10 4 11  0.0121977982
5 10 6 11  -0.0042143695
5 11 1 11  -0.0158316132
5 11 3 11  0.0079249220
5 11 5 11  0.0121977982
5 11 7 11  -0.0042143695
6 0 2 0  -0.0070278203
6 0 4 0  0.0070278203
6 0 6 0  0.0270288003
6 1 3 0  -0.0070278203
6 1 5 0  0.0070278203
6 1 7 0  0.0270288003
6 2 0 0  -0.0070278203
6 2 2 0  -0.0303985661
6 2 6 0  0.0084882370
6 3 1 0  -0.0070278203
6 3 3 0  -0.0303985661
6 3 7 0  0.0084882370
6 4 0 0  0.0070278203
6 4 4 0  0.0303985661
6 4 6 0  0.0084882370
6 5 1 0  0.0070278203
6 5 5 0  0.0303985661
6 5 7 0  0.0084882370
6 6 0 0  0.0270288003
6 6 2 0  0.0084882370
6 6 4 0  0.0084882370
6 7 1 0  0.0270288003
6 7 3 0  0.0084882370
6 7 5 0  0.0084882370
6 0 0 2  0.0056667253
6 0 2 2  -0.0527608447
6 0 4 2  0.0100098687
6 0 6 2  0.0084882370
6 1 1 2  0.0056667253
6 1 3 2  -0.0527608447
6 1 5 2  0.0100098687
6 1 7 2  0.0084882370
6 2 0 2  -0.0527608447
6 2 2 2  -0.0459773435
6 2 4 2  0.0001899058
6 2 6 2  0.0536296659
6 3 1 2  -0.0527608447
6 3 3 2  -0.0459773435
6 3 5 2  0.0001899058
6 3 7 2  0.0536296659
6 4 0 2  0.0100098687
6 4 2 2  0.0001899058
6 4 4 2  0.0249791819
6 4 6 2  0.0078500558
6 5 1 2  0.0100098687
6 5 3 2  0.0001899058
6 5 5 2  0.0249791819
6 5 7 2  0.0078500558
6 6 0 2  0.0084882370
6 6 2 2  0.0536296659
6 6 4 2  0.0078500558
6 6 6 2  0.0091450619
6 7 1 2  0.0084882370
6 7 3 2  0.0536296659
6 7 5 2  0.0078500558
6 7 7 2  0.0091450619
6 8 8 2  0.0287975142
6 9 9 2  0.0287975142
6 10 10 2  0.0287975142
6 11 11 2  0.0287975142
6 0 0 4  -0.0056667253
6 0 2 4  -0.0100098687
6 0 4 4  0.0527608447
6 0 6 4  0.0084882370
6 1 1 4  -0.0056667253
6 1 3 4  -0.0100098687
6 1 5 4  0.0527608447
6 1 7 4  0.0084882370
6 2 0 4  -0.0100098687
6 2 2 4  -0.0249791819
6 2 4 4  -0.0001899058
6 2 6 4  0.0078500558
6 3 1 4  -0.0100098687
6 3 3 4  -0.0249791819
6 3 5 4  -0.0001899058
6 3 7 4  0.0078500558
6 4 0 4  0.0527608447
6 4 2 4  -0.0001899058
6 4 4 4  0.0459773435
6 4 6 4  0.0536296659
6 5 1 4  0.0527608447
6 5 3 4  -0.0001899058
6 5 5 4  0.0459773435
6 5 7 4  0.0536296659
6 6 0 4  0.0084882370
6 6 2 4  0.0078500558
6 6 4 4  0.0536296659
6 6 6 4  -0.0091450619
6 7 1 4  0.0084882370
6 7 3 4  0.0078500558
6 7 5 4  0.0536296659
6 7 7 4  -0.0091450619
6 8 8 4  -0.0287975142
6 9 9 4  -0.0287975142
6 10 10 4  -0.0287975142
6 11 11 4  -0.0287975142
6 0 0 6  0.1811971334
6 0 2 6  -0.0037153776
6 0 4 6  -0.0037153776
6 1 1 6  0.1811971334
6 1 3 6  -0.0037153776
6 1 5 6  -0.0037153776
6 2 0 6  -0.0037153776
6 2 2 6  0.1826082820
6 2 4 6  0.0000240071
6 2 6 6  0.0091450619
6 3 1 6  -0.0037153776
6 3 3 6  0.1826082820
6 3 5 6  0.0000240071
6 3 7 6  0.0091450619
6 4 0 6  -0.0037153776
6 4 2 6  0.0000240071
6 4 4 6  0.1826082820
6 4 6 6  -0.0091450619
6 5 1 6  -0.0037153776
6 5 3 6  0.0000240071
6 5 5 6  0.1826082820
6 5 7 6  -0.0091450619
6 6 2 6  0.0091450619
6 6 4 6  -0.0091450619
6 6 6 6  0.2042999455
6 7 3 6  0.0091450619
6 7 5 6  -0.0091450619
6 7 7 6  0.2042999455
6 8 8 6  0.1820851021
6 9 9 6  0.1820851021
6 10 10 6  0.1820851021
6 11 11 6  0.1820851021
6 2 8 8  0.0042143695
6 3 9 8  0.0042143695
6 4 8 8  -0.0042143695
6 5 9 8  -0.0042143695
6 6 8 8  0.0091255280
6 7 9 8  0.0091255280
6 8 2 8  0.0042143695
6 8 4 8  -0.0042143695
6 8 6 8  0.0091255280
6 9 3 8  0.0042143695
6 9 5 8  -0.0042143695
6 9 7 8  0.0091255280
6 2 10 10  0.0042143695
6 3 11 10  0.0042143695
6 4 10 10  -0.0042143695
6 5 11 10  -0.0042143695
6 6 10 10  0.0091255280
6 7 11 10  0.0091255280
6 10 2 10  0.0042143695
6 10 4 10  -0.0042143695
6 10 6 10  0.0091255280
6 11 3 10  0.0042143695
6 11 5 10  -0.0042143695
6 11 7 10  0.0091255280
7 0 2 1  -0.0070278203
7 0 4 1  0.0070278203
7 0 6 1  0.0270288003
7 1 3 1  -0.0070278203
7 1 5 1  0.0070278203
7 1 7 1  0.0270288003
7 2 0 1  -0.0070278203
7 2 2 1  -0.0303985661
7 2 6 1  0.0084882370
7 3 1 1  -0.0070278203
7 3 3 1  -0.0303985661
7 3 7 1  0.0084882370
7 4 0 1  0.0070278203
7 4 4 1  0.0303985661
7 4 6 1  0.0084882370
7 5 1 1  0.0070278203
7 5 5 1  0.0303985661
7 5 7 1  0.0084882370
7 6 0 1  0.0270288003
7 6 2 1  0.0084882370
7 6 4 1  0.0084882370
7 7 1 1  0.0270288003
7 7 3 1  0.0084882370
7 7 5 1  0.0084882370
7 0 0 3  0.0056667253
7 0 2 3  -0.0527608447
7 0 4 3  0.0100098687
7 0 6 3  0.0084882370
7 1 1 3  0.0056667253
7 1 3 3  -0.0527608447
7 1 5 3  0.0100098687
7 1 7 3  0.0084882370
7 2 0 3  -0.0527608447
7 2 2 3  -0.0459773435
7 2 4 3  0.0001899058
7 2 6 3  0.0536296659
7 3 1 3  -0.0527608447
7 3 3 3  -0.0459773435
7 3 5 3  0.0001899058
7 3 7 3  0.0536296659
7 4 0 3  0.0100098687
7 4 2 3  0.0001899058
7 4 4 3  0.0249791819
7 4 6 3  0.0078500558
7 5 1 3  0.0100098687
7 5 3 3  0.0001899058
7 5 5 3  0.0249791819
7 5 7 3  0.0078500558
7 6 0 3  0.0084882370
7 6 2 3  0.0536296659
7 6 4 3  0.0078500558
7 6 6 3  0.0091450619
7 7 1 3  0.0084882370
7 7 3 3  0.0536296659
7 7 5 3  0.0078500558
7 7 7 3  0.0091450619
7 8 8 3  0.0287975142
7 9 9 3  0.0287975142
7 10 10 3  0.0287975142
7 11 11 3  0.0287975142
7 0 0 5  -0.0056667253
7 0 2 5  -0.0100098687
7 0 4 5  0.0527608447
7 0 6 5  0.0084882370
7 1 1 5  -0.0056667253
7 1 3 5  -0.0100098687
7 1 5 5  0.0527608447
7 1 7 5  0.0084882370
7 2 0 5  -0.0100098687
7 2 2 5  -0.0249791819
7 2 4 5  -0.0001899058
7 2 6 5  0.0078500558
7 3 1 5  -0.0100098687
7 3 3 5  -0.0249791819
7 3 5 5  -0.0001899058
7 3 7 5  0.0078500558
7 4 0 5  0.0527608447
7 4 2 5  -0.0001899058
7 4 4 5  0.0459773435
7 4 6 5  0.0536296659
7 5 1 5  0.0527608447
7 5 3 5  -0.0001899058
7 5 5 5  0.0459773435
7 5 7 5  0.0536296659
7 6 0 5  0.0084882370
7 6 2 5  0.0078500558
7 6 4 5  0.0536296659
7 6 6 5  -0.0091450619
7 7 1 5  0.0084882370
7 7 3 5  0.0078500558
7 7 5 5  0.0536296659
7 7 7 5  -0.0091450619
7 8 8 5  -0.0287975142
7 9 9 5  -0.0287975142
7 10 10 5  -0.0287975142
7 11 11 5  -0.0287975142
7 0 0 7  0.1811971334
7 0 2 7  -0.0037153776
7 0 4 7  -0.0037153776
7 1 1 7  0.1811971334
7 1 3 7  -0.0037153776
7 1 5 7  -0.0037153776
7 2 0 7  -0.0037153776
7 2 2 7  0.1826082820
7 2 4 7  0.0000240071
7 2 6 7  0.0091450619
7 3 1 7  -0.0037153776
7 3 3 7  0.1826082820
7 3 5 7  0.0000240071
7 3 7 7  0.0091450619
7 4 0 7  -0.0037153776
7 4 2 7  0.0000240071
7 4 4 7  0.1826082820
7 4 6 7  -0.0091450619
7 5 1 7  -0.0037153776
7 5 3 7  0.0000240071
7 5 5 7  0.1826082820
7 5 7 7  -0.0091450619
7 6 2 7  0.0091450619
7 6 4 7  -0.0091450619
7 6 6 7  0.2042999455
7 7 3 7  0.0091450619
7 7 5 7  -0.0091450619
7 7 7 7  0.2042999455
7 8 8 7  0.1820851021
7 9 9 7  0.1820851021
7 10 10 7  0.1820851021
7 11 11 7  0.1820851021
7 2 8 9  0.0042143695
7 3 9 9  0.0042143695
7 4 8 9  -0.0042143695
7 5 9 9  -0.0042143695
7 6 8 9  0.0091255280
7 7 9 9  0.0091255280
7 8 2 9  0.0042143695
7 8 4 9  -0.0042143695
7 8 6 9  0.0091255280
7 9 3 9  0.0042143695
7 9 5 9  -0.0042143695
7 9 7 9  0.0091255280
7 2 10 11  0.0042143695
7 3 11 11  0.0042143695
7 4 10 11  -0.0042143695
7 5 11 11  -0.0042143695
7 6 10 11  0.0091255280
7 7 11 11  0.0091255280
7 10 2 11  0.0042143695
7 10 4 11  -0.0042143695
7 10 6 11  0.0091255280
7 11 3 11  0.0042143695
7 11 5 11  -0.0042143695
7 11 7 11  0.0091255280
8 0 8 0  0.0256964911
8 1 9 0  0.0256964911
8 2 8 0  -0.0158316132
8 3 9 0  -0.0158316132
8 4 8 0  -0.0158316132
8 5 9 0  -0.0158316132
8 8 0 0  0.0256964911
8 8 2 0  -0.0158316132
8 8 4 0  -0.0158316132
8 9 1 0  0.0256964911
8 9 3 0  -0.0158316132
8 9 5 0  -0.0158316132
8 0 8 2  -0.0158316132
8 1 9 2  -0.0158316132
8 2 8 2  0.0121977982
8 3 9 2  0.0121977982
8 4 8 2  0.0079249220
8 5 9 2  0.0079249220
8 6 8 2  0.0042143695
8 7 9 2  0.0042143695
8 8 0 2  -0.0158316132
8 8 2 2  0.0121977982
8 8 4 2  0.0079249220
8 8 6 2  0.0042143695
8 9 1 2  -0.0158316132
8 9 3 2  0.0121977982
8 9 5 2  0.0079249220
8 9 7 2  0.0042143695
8 0 8 4  -0.0158316132
8 1 9 4  -0.0158316132
8 2 8 4  0.0079249220
8 3 9 4  0.0079249220
8 4 8 4  0.0121977982
8 5 9 4  0.0121977982
8 6 8 4  -0.0042143695
8 7 9 4  -0.0042143695
8 8 0 4  -0.0158316132
8 8 2 4  0.0079249220
8 8 4 4  0.0121977982
8 8 6 4  -0.0042143695
8 9 1 4  -0.0158316132
8 9 3 4  0.0079249220
8 9 5 4  0.0121977982
8 9 7 4  -0.0042143695
8 2 8 6  0.0042143695
8 3 9 6  0.0042143695
8 4 8 6  -0.0042143695
8 5 9 6  -0.0042143695
8 6 8 6  0.0091255280
8 7 9 6  0.0091255280
8 8 2 6  0.0042143695
8 8 4 6  -0.0042143695
8 8 6 6  0.0091255280
8 9 3 6  0.0042143695
8 9 5 6  -0.0042143695
8 9 7 6  0.0091255280
8 0 0 8  0.1709855451
8 0 2 8  -0.0308114863
8 0 4 8  -0.0308114863
8 1 1 8  0.1709855451
8 1 3 8  -0.0308114863
8 1 5 8  -0.0308114863
8 2 0 8  -0.0308114863
8 2 2 8  0.1514200650
8 2 4 8  0.0057118329
8 2 6 8  0.0287975142
8 3 1 8  -0.0308114863
8 3 3 8  0.1514200650
8 3 5 8  0.0057118329
8 3 7 8  0.0287975142
8 4 0 8  -0.0308114863
8 4 2 8  0.0057118329
8 4 4 8  0.1514200650
8 4 6 8  -0.0287975142
8 5 1 8  -0.0308114863
8 5 3 8  0.0057118329
8 5 5 8  0.1514200650
8 5 7 8  -0.0287975142
8 6 2 8  0.0287975142
8 6 4 8  -0.0287975142
8 6 6 8  0.1820851021
8 7 3 8  0.0287975142
8 7 5 8  -0.0287975142
8 7 7 8  0.1820851021
8 8 8 8  0.2249295450
8 9 9 8  0.2249295450
8 10 10 8  0.2006801625
8 11 11 8  0.2006801625
8 8 10 10  0.0121246915
8 9 11 10  0.0121246915
8 10 8 10  0.0121246915
8 11 9 10  0.0121246915
9 0 8 1  0.0256964911
9 1 9 1  0.0256964911
9 2 8 1  -0.0158316132
9 3 9 1  -0.0158316132
9 4 8 1  -0.0158316132
9 5 9 1  -0.0158316132
9 8 0 1  0.0256964911
9 8 2 1  -0.0158316132
9 8 4 1  -0.0158316132
9 9 1 1  0.0256964911
9 9 3 1  -0.0158316132
9 9 5 1  -0.0158316132
9 0 8 3  -0.0158316132
9 1 9 3  -0.0158316132
9 2 8 3  0.0121977982
9 3 9 3  0.0121977982
9 4 8 3  0.0079249220
9 5 9 3  0.0079249220
9 6 8 3  0.0042143695
9 7 9 3  0.0042143695
9 8 0 3  -0.0158316132
9 8 2 3  0.0121977982
9 8 4 3  0.0079249220
9 8 6 3  0.0042143695
9 9 1 3  -0.0158316132
9 9 3 3  0.0121977982
9 9 5 3  0.0079249220
9 9 7 3  0.0042143695
9 0 8 5  -0.0158316132
9 1 9 5  -0.0158316132
9 2 8 5  0.0079249220
9 3 9 5  0.0079249220
9 4 8 5  0.0121977982
9 5 9 5  0.0121977982
9 6 8 5  -0.0042143695
9 7 9 5  -0.0042143695
9 8 0 5  -0.0158316132
9 8 2 5  0.0079249220
9 8 4 5  0.0121977982
9 8 6 5  -0.0042143695
9 9 1 5  -0.0158316132
9 9 3 5  0.0079249220
9 9 5 5  0.0121977982
9 9 7 5  -0.0042143695
9 2 8 7  0.0042143695
9 3 9 7  0.0042143695
9 4 8 7  -0.0042143695
9 5 9 7  -0.0042143695
9 6 8 7  0.0091255280
9 7 9 7  0.0091255280
9 8 2 7  0.0042143695
9 8 4 7  -0.0042143695
9 8 6 7  0.0091255280
9 9 3 7  0.0042143695
9 9 5 7  -0.0042143695
9 9 7 7  0.0091255280
9 0 0 9  0.1709855451
9 0 2 9  -0.0308114863
9 0 4 9  -0.0308114863
9 1 1 9  0.1709855451
9 1 3 9  -0.0308114863
9 1 5 9  -0.0308114863
9 2 0 9  -0.0308114863
9 2 2 9  0.1514200650
9 2 4 9  0.0057118329
9 2 6 9  0.0287975142
9 3 1 9  -0.0308114863
9 3 3 9  0.1514200650
9 3 5 9  0.0057118329
9 3 7 9  0.0287975142
9 4 0 9  -0.0308114863
9 4 2 9  0.0057118329
9 4 4 9  0.1514200650
9 4 6 9  -0.0287975142
9 5 1 9  -0.0308114863
9 5 3 9  0.0057118329
9 5 5 9  0.1514200650
9 5 7 9  -0.0287975142
9 6 2 9  0.0287975142
9 6 4 9  -0.0287975142
9 6 6 9  0.1820851021
9 7 3 9  0.0287975142
9 7 5 9  -0.0287975142
9 7 7 9  0.1820851021
9 8 8 9  0.2249295450
9 9 9 9  0.2249295450
9 10 10 9  0.2006801625
9 11 11 9  0.2006801625
9 8 10 11  0.0121246915
9 9 11 11  0.0121246915
9 10 8 11  0.0121246915
9 11 9 11  0.0121246915
10 0 10 0  0.0256964911
10 1 11 0  0.0256964911
10 2 10 0  -0.0158316132
10 3 11 0  -0.0158316132
10 4 10 0  -0.0158316132
10 5 11 0  -0.0158316132
10 10 0 0  0.0256964911
10 10 2 0  -0.0158316132
10 10 4 0  -0.0158316132
10 11 1 0  0.0256964911
10 11 3 0  -0.0158316132
10 11 5 0  -0.0158316132
10 0 10 2  -0.0158316132
10 1 11 2  -0.0158316132
10 2 10 2  0.0121977982
10 3 11 2  0.0121977982
10 4 10 2  0.0079249220
10 5 11 2  0.0079249220
10 6 10 2  0.0042143695
10 7 11 2  0.0042143695
10 10 0 2  -0.0158316132
10 10 2 2  0.0121977982
10 10 4 2  0.0079249220
10 10 6 2  0.0042143695
10 11 1 2  -0.0158316132
10 11 3 2  0.0121977982
10 11 5 2  0.0079249220
10 11 7 2  0.0042143695
10 0 10 4  -0.0158316132
10 1 11 4  -0.0158316132
10 2 10 4  0.0079249220
10 3 11 4  0.0079249220
10 4 10 4  0.0121977982
10 5 11 4  0.0121977982
10 6 10 4  -0.0042143695
10 7 11 4  -0.0042143695
10 10 0 4  -0.0158316132
10 10 2 4  0.0079249220
10 10 4 4  0.0121977982
10 10 6 4  -0.0042143695
10 11 1 4  -0.0158316132
10 11 3 4  0.0079249220
10 11 5 4  0.0121977982
10 11 7 4  -0.0042143695
10 2 10 6  0.0042143695
10 3 11 6  0.0042143695
10 4 10 6  -0.0042143695
10 5 11 6  -0.0042143695
10 6 10 6  0.0091255280
10 7 11 6  0.0091255280
10 10 2 6  0.0042143695
10 10 4 6  -0.0042143695
10 10 6 6  0.0091255280
10 11 3 6  0.0042143695
10 11 5 6  -0.0042143695
10 11 7 6  0.0091255280
10 8 10 8  0.0121246915
10 9 11 8  0.0121246915
10 10 8 8  0.0121246915
10 11 9 8  0.0121246915
10 0 0 10  0.1709855451
10 0 2 10  -0.0308114863
10 0 4 10  -0.0308114863
10 1 1 10  0.1709855451
10 1 3 10  -0.0308114863
10 1 5 10  -0.0308114863
10 2 0 10  -0.0308114863
10 2 2 10  0.1514200650
10 2 4 10  0.0057118329
10 2 6 10  0.0287975142
10 3 1 10  -0.0308114863
10 3 3 10  0.1514200650
10 3 5 10  0.0057118329
10 3 7 10  0.0287975142
10 4 0 10  -0.0308114863
10 4 2 10  0.0057118329
10 4 4 10  0.1514200650
10 4 6 10  -0.0287975142
10 5 1 10  -0.0308114863
10 5 3 10  0.0057118329
10 5 5 10  0.1514200650
10 5 7 10  -0.0287975142
10 6 2 10  0.0287975142
10 6 4 10  -0.0287975142
10 6 6 10  0.1820851021
10 7 3 10  0.0287975142
10 7 5 10  -0.0287975142
10 7 7 10  0.1820851021
10 8 8 10  0.2006801625
10 9 9 10  0.2006801625
10 10 10 10  0.2249295450
10 11 11 10  0.2249295450
11 0 10 1  0.0256964911
11 1 11 1  0.0256964911
11 2 10 1  -0.0158316132
11 3 11 1  -0.0158316132
11 4 10 1  -0.0158316132
11 5 11 1  -0.0158316132
11 10 0 1  0.0256964911
11 10 2 1  -0.0158316132
11 10 4 1  -0.0158316132
11 11 1 1  0.0256964911
11 11 3 1  -0.0158316132
11 11 5 1  -0.0158316132
11 0 10 3  -0.0158316132
11 1 11 3  -0.0158316132
11 2 10 3  0.0121977982
11 3 11 3  0.0121977982
11 4 10 3  0.0079249220
11 5 11 3  0.0079249220
11 6 10 3  0.0042143695
11 7 11 3  0.0042143695
11 10 0 3  -0.0158316132
11 10 2 3  0.0121977982
11 10 4 3  0.0079249220
11 10 6 3  0.0042143695
11 11 1 3  -0.0158316132
11 11 3 3  0.0121977982
11 11 5 3  0.0079249220
11 11 7 3  0.0042143695
11 0 10 5  -0.0158316132
11 1 11 5  -0.0158316132
11 2 10 5  0.0079249220
11 3 11 5  0.0079249220
11 4 10 5  0.0121977982
11 5 11 5  0.0121977982
11 6 10 5  -0.0042143695
11 7 11 5  -0.0042143695
11 10 0 5  -0.0158316132
11 10 2 5  0.0079249220
11 10 4 5  0.0121977982
11 10 6 5  -0.0042143695
11 11 1 5  -0.0158316132
11 11 3 5  0.0079249220
11 11 5 5  0.0121977982
11 11 7 5  -0.0042143695
11 2 10 7  0.0042143695
11 3 11 7  0.0042143695
11 4 10 7  -0.0042143695
11 5 11 7  -0.0042143695
11 6 10 7  0.0091255280
11 7 11 7  0.0091255280
11 10 2 7  0.0042143695
11 10 4 7  -0.0042143695
11 10 6 7  0.0091255280
11 11 3 7  0.0042143695
11 11 5 7  -0.0042143695
11 11 7 7  0.0091255280
11 8 10 9  0.0121246915
11 9 11 9  0.0121246915
11 10 8 9  0.0121246915
11 11 9 9  0.0121246915
11 0 0 11  0.1709855451
11 0 2 11  -0.0308114863
11 0 4 11  -0.0308114863
11 1 1 11  0.1709855451
11 1 3 11  -0.0308114863
11 1 5 11  -0.0308114863
11 2 0 11  -0.0308114863
11 2 2 11  0.1514200650
11 2 4 11  0.0057118329
11 2 6 11  0.0287975142
11 3 1 11  -0.0308114863
11 3 3 11  0.1514200650
11 3 5 11  0.0057118329
11 3 7 11  0.0287975142
11 4 0 11  -0.0308114863
11 4 2 11  0.0057118329
11 4 4 11  0.1514200650
11 4 6 11  -0.0287975142
11 5 1 11  -0.0308114863
11 5 3 11  0.0057118329
11 5 5 11  0.1514200650
11 5 7 11  -0.0287975142
11 6 2 11  0.0287975142
11 6 4 11  -0.0287975142
11 6 6 11  0.1820851021
11 7 3 11  0.0287975142
11 7 5 11  -0.0287975142
11 7 7 11  0.1820851021
11 8 8 11  0.2006801625
11 9 9 11  0.2006801625
11 10 10 11  0.2249295450
11 11 11 11  0.2249295450
