-12.447616465022499
0 0  -1.1245475830
0 2  -0.0061961181
0 4  -0.0061961181
1 1  -1.1245475830
1 3  -0.0061961181
1 5  -0.0061961181
2 0  -0.0061961181
2 2  -1.0147535746
2 4  0.0521097806
2 6  -0.0403363157
3 1  -0.0061961181
3 3  -1.0147535746
3 5  0.0521097806
3 7  -0.0403363157
4 0  -0.0061961181
4 2  0.0521097806
4 4  -1.0147535746
4 6  0.0403363157
5 1  -0.0061961181
5 3  0.0521097806
5 5  -1.0147535746
5 7  0.0403363157
6 2  -0.0403363157
6 4  0.0403363157
6 6  -0.8870510945
7 3  -0.0403363157
7 5  0.0403363157
7 7  -0.8870510945
8 8  -0.9278738739
9 9  -0.9278738739
10 10  -0.9278738739
11 11  -0.9278738739
0 0 0 0  0.1716360264
0 0 2 0  -0.0157677449
0 0 4 0  -0.0157677449
0 1 1 0  0.1716360264
0 1 3 0  -0.0157677449
0 1 5 0  -0.0157677449
0 2 0 0  -0.0157677449
0 2 2 0  0.1405217143
0 2 4 0  0.0016463809
0 2 6 0  0.0150995817
0 3 1 0  -0.0157677449
0 3 3 0  0.1405217143
0 3 5 0  0.0016463809
0 3 7 0  0.0150995817
0 4 0 0  -0.0157677449
0 4 2 0  0.0016463809
0 4 4 0  0.1405217143
0 4 6 0  -0.0150995817
0 5 1 0  -0.0157677449
0 5 3 0  0.0016463809
0 5 5 0  0.1405217143
0 5 7 0  -0.0150995817
0 6 2 0  0.0150995817
0 6 4 0  -0.0150995817
0 6 6 0  0.1816264108
0 7 3 0  0.0150995817
0 7 5 0  -0.0150995817
0 7 7 0  0.1816264108
0 8 8 0  0.1833542736
0 9 9 0  0.1833542736
0 10 10 0  0.1833542736
0 11 11 0  0.1833542736
0 0 0 2  -0.0157677449
0 0 2 2  0.0384582262
0 0 4 2  -0.0036900799
0 0 6 2  0.0059555540
0 1 1 2  -0.0157677449
0 1 3 2  0.0384582262
0 1 5 2  -0.0036900799
0 1 7 2  0.0059555540
0 2 0 2  0.0384582262
0 2 2 2  0.0624611702
0 2 4 2  -0.0012664228
0 2 6 2  -0.0357075113
0 3 1 2  0.0384582262
0 3 3 2  0.0624611702
0 3 5 2  -0.0012664228
0 3 7 2  -0.0357075113
0 4 0 2  -0.0036900799
0 4 2 2  -0.0012664228
0 4 4 2  -0.0203618255
0 4 6 2  -0.0039106042
0 5 1 2  -0.0036900799
0 5 3 2  -0.0012664228
0 5 5 2  -0.0203618255
0 5 7 2  -0.0039106042
0 6 0 2  0.0059555540
0 6 2 2  -0.0357075113
0 6 4 2  -0.0039106042
0 6 6 2  -0.0159191767
0 7 1 2  0.0059555540
0 7 3 2  -0.0357075113
0 7 5 2  -0.0039106042
0 7 7 2  -0.0159191767
0 8 8 2  -0.0303863819
0 9 9 2  -0.0303863819
0 10 10 2  -0.0303863819
0 11 11 2  -0.0303863819
0 0 0 4  -0.0157677449
0 0 2 4  -0.0036900799
0 0 4 4  0.0384582262
0 0 6 4  -0.0059555540
0 1 1 4  -0.0157677449
0 1 3 4  -0.0036900799
0 1 5 4  0.0384582262
0 1 7 4  -0.0059555540
0 2 0 4  -0.0036900799
0 2 2 4  -0.0203618255
0 2 4 4  -0.0012664228
0 2 6 4  0.0039106042
0 3 1 4  -0.0036900799
0 3 3 4  -0.0203618255
0 3 5 4  -0.0012664228
0 3 7 4  0.0039106042
0 4 0 4  0.0384582262
0 4 2 4  -0.0012664228
0 4 4 4  0.0624611702
0 4 6 4  0.0357075113
0 5 1 4  0.0384582262
0 5 3 4  -0.0012664228
0 5 5 4  0.0624611702
0 5 7 4  0.0357075113
0 6 0 4  -0.0059555540
0 6 2 4  0.0039106042
0 6 4 4  0.0357075113
0 6 6 4  -0.0159191767
0 7 1 4  -0.0059555540
0 7 3 4  0.0039106042
0 7 5 4  0.0357075113
0 7 7 4  -0.0159191767
0 8 8 4  -0.0303863819
0 9 9 4  -0.0303863819
0 10 10 4  -0.0303863819
0 11 11 4  -0.0303863819
0 0 2 6  0.0059555540
0 0 4 6  -0.0059555540
0 0 6 6  0.0285308899
0 1 3 6  0.0059555540
0 1 5 6  -0.0059555540
0 1 7 6  0.0285308899
0 2 0 6  0.0059555540
0 2 2 6  -0.0132426045
0 2 6 6  -0.0046995930
0 3 1 6  0.0059555540
0 3 3 6  -0.0132426045
0 3 7 6  -0.0046995930
0 4 0 6  -0.0059555540
0 4 4 6  0.0132426045
0 4 6 6  -0.0046995930
0 5 1 6  -0.0059555540
0 5 5 6  0.0132426045
0 5 7 6  -0.0046995930
0 6 0 6  0.0285308899
0 6 2 6  -0.0046995930
0 6 4 6  -0.0046995930
0 7 1 6  0.0285308899
0 7 3 6  -0.0046995930
0 7 5 6  -0.0046995930
0 0 8 8  0.0338236264
0 1 9 8  0.0338236264
0 2 8 8  -0.0133257914
0 3 9 8  -0.0133257914
0 4 8 8  -0.0133257914
0 5 9 8  -0.0133257914
0 8 0 8  0.0338236264
0 8 2 8  -0.0133257914
0 8 4 8  -0.0133257914
0 9 1 8  0.0338236264
0 9 3 8  -0.0133257914
0 9 5 8  -0.0133257914
0 0 10 10  0.0338236264
0 1 11 10  0.0338236264
0 2 10 10  -0.0133257914
0 3 11 10  -0.0133257914
0 4 10 10  -0.0133257914
0 5 11 10  -0.0133257914
0 10 0 10  0.0338236264
0 10 2 10  -0.0133257914
0 10 4 10  -0.0133257914
0 11 1 10  0.0338236264
0 11 3 10  -0.0133257914
0 11 5 10  -0.0133257914
1 0 0 1  0.1716360264
1 0 2 1  -0.0157677449
1 0 4 1  -0.0157677449
1 1 1 1  0.1716360264
1 1 3 1  -0.0157677449
1 1 5 1  -0.0157677449
1 2 0 1  -0.0157677449
1 2 2 1  0.1405217143
1 2 4 1  0.0016463809
1 2 6 1  0.0150995817
1 3 1 1  -0.0157677449
1 3 3 1  0.1405217143
1 3 5 1  0.0016463809
1 3 7 1  0.0150995817
1 4 0 1  -0.0157677449
1 4 2 1  0.0016463809
1 4 4 1  0.1405217143
1 4 6 1  -0.0150995817
1 5 1 1  -0.0157677449
1 5 3 1  0.0016463809
1 5 5 1  0.1405217143
1 5 7 1  -0.0150995817
1 6 2 1  0.0150995817
1 6 4 1  -0.0150995817
1 6 6 1  0.1816264108
1 7 3 1  0.0150995817
1 7 5 1  -0.0150995817
1 7 7 1  0.1816264108
1 8 8 1  0.1833542736
1 9 9 1  0.1833542736
1 10 10 1  0.1833542736
1 11 11 1  0.1833542736
1 0 0 3  -0.0157677449
1 0 2 3  0.0384582262
1 0 4 3  -0.0036900799
1 0 6 3  0.0059555540
1 1 1 3  -0.0157677449
1 1 3 3  0.0384582262
1 1 5 3  -0.0036900799
1 1 7 3  0.0059555540
1 2 0 3  0.0384582262
1 2 2 3  0.0624611702
1 2 4 3  -0.0012664228
1 2 6 3  -0.0357075113
1 3 1 3  0.0384582262
1 3 3 3  0.0624611702
1 3 5 3  -0.0012664228
1 3 7 3  -0.0357075113
1 4 0 3  -0.0036900799
1 4 2 3  -0.0012664228
1 4 4 3  -0.0203618255
1 4 6 3  -0.0039106042
1 5 1 3  -0.0036900799
1 5 3 3  -0.0012664228
1 5 5 3  -0.0203618255
1 5 7 3  -0.0039106042
1 6 0 3  0.0059555540
1 6 2 3  -0.0357075113
1 6 4 3  -0.0039106042
1 6 6 3  -0.0159191767
1 7 1 3  0.0059555540
1 7 3 3  -0.0357075113
1 7 5 3  -0.0039106042
1 7 7 3  -0.0159191767
1 8 8 3  -0.0303863819
1 9 9 3  -0.0303863819
1 10 10 3  -0.0303863819
1 11 11 3  -0.0303863819
1 0 0 5  -0.0157677449
1 0 2 5  -0.0036900799
1 0 4 5  0.0384582262
1 0 6 5  -0.0059555540
1 1 1 5  -0.0157677449
1 1 3 5  -0.0036900799
1 1 5 5  0.0384582262
1 1 7 5  -0.0059555540
1 2 0 5  -0.0036900799
1 2 2 5  -0.0203618255
1 2 4 5  -0.0012664228
1 2 6 5  0.0039106042
1 3 1 5  -0.0036900799
1 3 3 5  -0.0203618255
1 3 5 5  -0.0012664228
1 3 7 5  0.0039106042
1 4 0 5  0.0384582262
1 4 2 5  -0.0012664228
1 4 4 5  0.0624611702
1 4 6 5  0.0357075113
1 5 1 5  0.0384582262
1 5 3 5  -0.0012664228
1 5 5 5  0.0624611702
1 5 7 5  0.0357075113
1 6 0 5  -0.0059555540
1 6 2 5  0.0039106042
1 6 4 5  0.0357075113
1 6 6 5  -0.0159191767
1 7 1 5  -0.0059555540
1 7 3 5  0.0039106042
1 7 5 5  0.0357075113
1 7 7 5  -0.0159191767
1 8 8 5  -0.0303863819
1 9 9 5  -0.0303863819
1 10 10 5  -0.0303863819
1 11 11 5  -0.0303863819
1 0 2 7  0.0059555540
1 0 4 7  -0.0059555540
1 0 6 7  0.0285308899
1 1 3 7  0.0059555540
1 1 5 7  -0.0059555540
1 1 7 7  0.0285308899
1 2 0 7  0.0059555540
1 2 2 7  -0.0132426045
1 2 6 7  -0.0046995930
1 3 1 7  0.0059555540
1 3 3 7  -0.0132426045
1 3 7 7  -0.0046995930
1 4 0 7  -0.0059555540
1 4 4 7  0.0132426045
1 4 6 7  -0.0046995930
1 5 1 7  -0.0059555540
1 5 5 7  0.0132426045
1 5 7 7  -0.0046995930
1 6 0 7  0.0285308899
1 6 2 7  -0.0046995930
1 6 4 7  -0.0046995930
1 7 1 7  0.0285308899
1 7 3 7  -0.0046995930
1 7 5 7  -0.0046995930
1 0 8 9  0.0338236264
1 1 9 9  0.0338236264
1 2 8 9  -0.0133257914
1 3 9 9  -0.0133257914
1 4 8 9  -0.0133257914
1 5 9 9  -0.0133257914
1 8 0 9  0.0338236264
1 8 2 9  -0.0133257914
1 8 4 9  -0.0133257914
1 9 1 9  0.0338236264
1 9 3 9  -0.0133257914
1 9 5 9  -0.0133257914
1 0 10 11  0.0338236264
1 1 11 11  0.0338236264
1 2 10 11  -0.0133257914
1 3 11 11  -0.0133257914
1 4 10 11  -0.0133257914
1 5 11 11  -0.0133257914
1 10 0 11  0.0338236264
1 10 2 11  -0.0133257914
1 10 4 11  -0.0133257914
1 11 1 11  0.0338236264
1 11 3 11  -0.0133257914
1 11 5 11  -0.0133257914
2 0 0 0  -0.0157677449
2 0 2 0  0.0384582262
2 0 4 0  -0.0036900799
2 0 6 0  0.0059555540
2 1 1 0  -0.0157677449
2 1 3 0  0.0384582262
2 1 5 0  -0.0036900799
2 1 7 0  0.0059555540
2 2 0 0  0.0384582262
2 2 2 0  0.0624611702
2 2 4 0  -0.0012664228
2 2 6 0  -0.0357075113
2 3 1 0  0.0384582262
2 3 3 0  0.0624611702
2 3 5 0  -0.0012664228
2 3 7 0  -0.0357075113
2 4 0 0  -0.0036900799
2 4 2 0  -0.0012664228
2 4 4 0  -0.0203618255
2 4 6 0  -0.0039106042
2 5 1 0  -0.0036900799
2 5 3 0  -0.0012664228
2 5 5 0  -0.0203618255
2 5 7 0  -0.0039106042
2 6 0 0  0.0059555540
2 6 2 0  -0.0357075113
2 6 4 0  -0.0039106042
2 6 6 0  -0.0159191767
2 7 1 0  0.0059555540
2 7 3 0  -0.0357075113
2 7 5 0  -0.0039106042
2 7 7 0  -0.0159191767
2 8 8 0  -0.0303863819
2 9 9 0  -0.0303863819
2 10 10 0  -0.0303863819
2 11 11 0  -0.0303863819
2 0 0 2  0.1405217143
2 0 2 2  0.0624611702
2 0 4 2  -0.0203618255
2 0 6 2  -0.0132426045
2 1 1 2  0.1405217143
2 1 3 2  0.0624611702
2 1 5 2  -0.0203618255
2 1 7 2  -0.0132426045
2 2 0 2  0.0624611702
2 2 2 2  0.2940853071
2 2 4 2  -0.0001861388
2 2 6 2  -0.0605853675
2 3 1 2  0.0624611702
2 3 3 2  0.2940853071
2 3 5 2  -0.0001861388
2 3 7 2  -0.0605853675
2 4 0 2  -0.0203618255
2 4 2 2  -0.0001861388
2 4 4 2  0.0834391935
2 4 6 2  -0.0209125363
2 5 1 2  -0.0203618255
2 5 3 2  -0.0001861388
2 5 5 2  0.0834391935
2 5 7 2  -0.0209125363
2 6 0 2  -0.0132426045
2 6 2 2  -0.0605853675
2 6 4 2  -0.0209125363
2 6 6 2  0.1509140398
2 7 1 2  -0.0132426045
2 7 3 2  -0.0605853675
2 7 5 2  -0.0209125363
2 7 7 2  0.1509140398
2 8 8 2  0.1226366543
2 9 9 2  0.1226366543
2 10 10 2  0.1226366543
2 11 11 2  0.1226366543
2 0 0 4  0.0016463809
2 0 2 4  -0.0012664228
2 0 4 4  -0.0012664228
2 1 1 4  0.0016463809
2 1 3 4  -0.0012664228
2 1 5 4  -0.0012664228
2 2 0 4  -0.0012664228
2 2 2 4  -0.0001861388
2 2 4 4  0.0007305382
2 2 6 4  0.0000177739
2 3 1 4  -0.0012664228
2 3 3 4  -0.0001861388
2 3 5 4  0.0007305382
2 3 7 4  0.0000177739
2 4 0 4  -0.0012664228
2 4 2 4  0.0007305382
2 4 4 4  -0.0001861388
2 4 6 4  -0.0000177739
2 5 1 4  -0.0012664228
2 5 3 4  0.0007305382
2 5 5 4  -0.0001861388
2 5 7 4  -0.0000177739
2 6 2 4  0.0000177739
2 6 4 4  -0.0000177739
2 6 6 4  0.0009140663
2 7 3 4  0.0000177739
2 7 5 4  -0.0000177739
2 7 7 4  0.0009140663
2 8 8 4  0.0040140624
2 9 9 4  0.0040140624
2 10 10 4  0.0040140624
2 11 11 4  0.0040140624
2 0 0 6  0.0150995817
2 0 2 6  -0.0357075113
2 0 4 6  0.0039106042
2 0 6 6  -0.0046995930
2 1 1 6  0.0150995817
2 1 3 6  -0.0357075113
2 1 5 6  0.0039106042
2 1 7 6  -0.0046995930
2 2 0 6  -0.0357075113
2 2 2 6  -0.0605853675
2 2 4 6  0.0000177739
2 2 6 6  0.0367741250
2 3 1 6  -0.0357075113
2 3 3 6  -0.0605853675
2 3 5 6  0.0000177739
2 3 7 6  0.0367741250
2 4 0 6  0.0039106042
2 4 2 6  0.0000177739
2 4 4 6  0.0209125363
2 4 6 6  0.0030998277
2 5 1 6  0.0039106042
2 5 3 6  0.0000177739
2 5 5 6  0.0209125363
2 5 7 6  0.0030998277
2 6 0 6  -0.0046995930
2 6 2 6  0.0367741250
2 6 4 6  0.0030998277
2 6 6 6  0.0183289630
2 7 1 6  -0.0046995930
2 7 3 6  0.0367741250
2 7 5 6  0.0030998277
2 7 7 6  0.0183289630
2 8 8 6  0.0257381542
2 9 9 6  0.0257381542
2 10 10 6  0.0257381542
2 11 11 6  0.0257381542
2 0 8 8  -0.0133257914
2 1 9 8  -0.0133257914
2 2 8 8  0.0063308085
2 3 9 8  0.0063308085
2 4 8 8  0.0043421479
2 5 9 8  0.0043421479
2 6 8 8  0.0031649147
2 7 9 8  0.0031649147
2 8 0 8  -0.0133257914
2 8 2 8  0.0063308085
2 8 4 8  0.0043421479
2 8 6 8  0.0031649147
2 9 1 8  -0.0133257914
2 9 3 8  0.0063308085
2 9 5 8  0.0043421479
2 9 7 8  0.0031649147
2 0 10 10  -0.0133257914
2 1 11 10  -0.0133257914
2 2 10 10  0.0063308085
2 3 11 10  0.0063308085
2 4 10 10  0.0043421479
2 5 11 10  0.0043421479
2 6 10 10  0.0031649147
2 7 11 10  0.0031649147
2 10 0 10  -0.0133257914
2 10 2 10  0.0063308085
2 10 4 10  0.0043421479
2 10 6 10  0.0031649147
2 11 1 10  -0.0133257914
2 11 3 10  0.0063308085
2 11 5 10  0.0043421479
2 11 7 10  0.0031649147
3 0 0 1  -0.0157677449
3 0 2 1  0.0384582262
3 0 4 1  -0.0036900799
3 0 6 1  0.0059555540
3 1 1 1  -0.0157677449
3 1 3 1  0.0384582262
3 1 5 1  -0.0036900799
3 1 7 1  0.0059555540
3 2 0 1  0.0384582262
3 2 2 1  0.0624611702
3 2 4 1  -0.0012664228
3 2 6 1  -0.0357075113
3 3 1 1  0.0384582262
3 3 3 1  0.0624611702
3 3 5 1  -0.0012664228
3 3 7 1  -0.0357075113
3 4 0 1  -0.0036900799
3 4 2 1  -0.0012664228
3 4 4 1  -0.0203618255
3 4 6 1  -0.0039106042
3 5 1 1  -0.0036900799
3 5 3 1  -0.0012664228
3 5 5 1  -0.0203618255
3 5 7 1  -0.0039106042
3 6 0 1  0.0059555540
3 6 2 1  -0.0357075113
3 6 4 1  -0.0039106042
3 6 6 1  -0.0159191767
3 7 1 1  0.0059555540
3 7 3 1  -0.0357075113
3 7 5 1  -0.0039106042
3 7 7 1  -0.0159191767
3 8 8 1  -0.0303863819
3 9 9 1  -0.0303863819
3 10 10 1  -0.0303863819
3 11 11 1  -0.0303863819
3 0 0 3  0.1405217143
3 0 2 3  0.0624611702
3 0 4 3  -0.0203618255
3 0 6 3  -0.0132426045
3 1 1 3  0.1405217143
3 1 3 3  0.0624611702
3 1 5 3  -0.0203618255
3 1 7 3  -0.0132426045
3 2 0 3  0.0624611702
3 2 2 3  0.2940853071
3 2 4 3  -0.0001861388
3 2 6 3  -0.0605853675
3 3 1 3  0.0624611702
3 3 3 3  0.2940853071
3 3 5 3  -0.0001861388
3 3 7 3  -0.0605853675
3 4 0 3  -0.0203618255
3 4 2 3  -0.0001861388
3 4 4 3  0.0834391935
3 4 6 3  -0.0209125363
3 5 1 3  -0.0203618255
3 5 3 3  -0.0001861388
3 5 5 3  0.0834391935
3 5 7 3  -0.0209125363
3 6 0 3  -0.0132426045
3 6 2 3  -0.0605853675
3 6 4 3  -0.0209125363
3 6 6 3  0.1509140398
3 7 1 3  -0.0132426045
3 7 3 3  -0.0605853675
3 7 5 3  -0.0209125363
3 7 7 3  0.1509140398
3 8 8 3  0.1226366543
3 9 9 3  0.1226366543
3 10 10 3  0.1226366543
3 11 11 3  0.1226366543
3 0 0 5  0.0016463809
3 0 2 5  -0.0012664228
3 0 4 5  -0.0012664228
3 1 1 5  0.0016463809
3 1 3 5  -0.0012664228
3 1 5 5  -0.0012664228
3 2 0 5  -0.0012664228
3 2 2 5  -0.0001861388
3 2 4 5  0.0007305382
3 2 6 5  0.0000177739
3 3 1 5  -0.0012664228
3 3 3 5  -0.0001861388
3 3 5 5  0.0007305382
3 3 7 5  0.0000177739
3 4 0 5  -0.0012664228
3 4 2 5  0.0007305382
3 4 4 5  -0.0001861388
3 4 6 5  -0.0000177739
3 5 1 5  -0.0012664228
3 5 3 5  0.0007305382
3 5 5 5  -0.0001861388
3 5 7 5  -0.0000177739
3 6 2 5  0.0000177739
3 6 4 5  -0.0000177739
3 6 6 5  0.0009140663
3 7 3 5  0.0000177739
3 7 5 5  -0.0000177739
3 7 7 5  0.0009140663
3 8 8 5  0.0040140624
3 9 9 5  0.0040140624
3 10 10 5  0.0040140624
3 11 11 5  0.0040140624
3 0 0 7  0.0150995817
3 0 2 7  -0.0357075113
3 0 4 7  0.0039106042
3 0 6 7  -0.0046995930
3 1 1 7  0.0150995817
3 1 3 7  -0.0357075113
3 1 5 7  0.0039106042
3 1 7 7  -0.0046995930
3 2 0 7  -0.0357075113
3 2 2 7  -0.0605853675
3 2 4 7  0.0000177739
3 2 6 7  0.0367741250
3 3 1 7  -0.0357075113
3 3 3 7  -0.0605853675
3 3 5 7  0.0000177739
3 3 7 7  0.0367741250
3 4 0 7  0.0039106042
3 4 2 7  0.0000177739
3 4 4 7  0.0209125363
3 4 6 7  0.0030998277
3 5 1 7  0.0039106042
3 5 3 7  0.0000177739
3 5 5 7  0.0209125363
3 5 7 7  0.0030998277
3 6 0 7  -0.0046995930
3 6 2 7  0.0367741250
3 6 4 7  0.0030998277
3 6 6 7  0.0183289630
3 7 1 7  -0.0046995930
3 7 3 7  0.0367741250
3 7 5 7  0.0030998277
3 7 7 7  0.0183289630
3 8 8 7  0.0257381542
3 9 9 7  0.0257381542
3 10 10 7  0.0257381542
3 11 11 7  0.0257381542
3 0 8 9  -0.0133257914
3 1 9 9  -0.0133257914
3 2 8 9  0.0063308085
3 3 9 9  0.0063308085
3 4 8 9  0.0043421479
3 5 9 9  0.0043421479
3 6 8 9  0.0031649147
3 7 9 9  0.0031649147
3 8 0 9  -0.0133257914
3 8 2 9  0.0063308085
3 8 4 9  0.0043421479
3 8 6 9  0.0031649147
3 9 1 9  -0.0133257914
3 9 3 9  0.0063308085
3 9 5 9  0.0043421479
3 9 7 9  0.0031649147
3 0 10 11  -0.0133257914
3 1 11 11  -0.0133257914
3 2 10 11  0.0063308085
3 3 11 11  0.0063308085
3 4 10 11  0.0043421479
3 5 11 11  0.0043421479
3 6 10 11  0.0031649147
3 7 11 11  0.0031649147
3 10 0 11  -0.0133257914
3 10 2 11  0.0063308085
3 10 4 11  0.0043421479
3 10 6 11  0.0031649147
3 11 1 11  -0.0133257914
3 11 3 11  0.0063308085
3 11 5 11  0.0043421479
3 11 7 11  0.0031649147
4 0 0 0  -0.0157677449
4 0 2 0  -0.0036900799
4 0 4 0  0.0384582262
4 0 6 0  -0.0059555540
4 1 1 0  -0.0157677449
4 1 3 0  -0.0036900799
4 1 5 0  0.0384582262
4 1 7 0  -0.0059555540
4 2 0 0  -0.0036900799
4 2 2 0  -0.0203618255
4 2 4 0  -0.0012664228
4 2 6 0  0.0039106042
4 3 1 0  -0.0036900799
4 3 3 0  -0.0203618255
4 3 5 0  -0.0012664228
4 3 7 0  0.0039106042
4 4 0 0  0.0384582262
4 4 2 0  -0.0012664228
4 4 4 0  0.0624611702
4 4 6 0  0.0357075113
4 5 1 0  0.0384582262
4 5 3 0  -0.0012664228
4 5 5 0  0.0624611702
4 5 7 0  0.0357075113
4 6 0 0  -0.0059555540
4 6 2 0  0.0039106042
4 6 4 0  0.0357075113
4 6 6 0  -0.0159191767
4 7 1 0  -0.0059555540
4 7 3 0  0.0039106042
4 7 5 0  0.0357075113
4 7 7 0  -0.0159191767
4 8 8 0  -0.0303863819
4 9 9 0  -0.0303863819
4 10 10 0  -0.0303863819
4 11 11 0  -0.0303863819
4 0 0 2  0.0016463809
4 0 2 2  -0.0012664228
4 0 4 2  -0.0012664228
4 1 1 2  0.0016463809
4 1 3 2  -0.0012664228
4 1 5 2  -0.0012664228
4 2 0 2  -0.0012664228
4 2 2 2  -0.0001861388
4 2 4 2  0.0007305382
4 2 6 2  0.0000177739
4 3 1 2  -0.0012664228
4 3 3 2  -0.0001861388
4 3 5 2  0.0007305382
4 3 7 2  0.0000177739
4 4 0 2  -0.0012664228
4 4 2 2  0.0007305382
4 4 4 2  -0.0001861388
4 4 6 2  -0.0000177739
4 5 1 2  -0.0012664228
4 5 3 2  0.0007305382
4 5 5 2  -0.0001861388
4 5 7 2  -0.0000177739
4 6 2 2  0.0000177739
4 6 4 2  -0.0000177739
4 6 6 2  0.0009140663
4 7 3 2  0.0000177739
4 7 5 2  -0.0000177739
4 7 7 2  0.0009140663
4 8 8 2  0.0040140624
4 9 9 2  0.0040140624
4 10 10 2  0.0040140624
4 11 11 2  0.0040140624
4 0 0 4  0.1405217143
4 0 2 4  -0.0203618255
4 0 4 4  0.0624611702
4 0 6 4  0.0132426045
4 1 1 4  0.1405217143
4 1 3 4  -0.0203618255
4 1 5 4  0.0624611702
4 1 7 4  0.0132426045
4 2 0 4  -0.0203618255
4 2 2 4  0.0834391935
4 2 4 4  -0.0001861388
4 2 6 4  0.0209125363
4 3 1 4  -0.0203618255
4 3 3 4  0.0834391935
4 3 5 4  -0.0001861388
4 3 7 4  0.0209125363
4 4 0 4  0.0624611702
4 4 2 4  -0.0001861388
4 4 4 4  0.2940853071
4 4 6 4  0.0605853675
4 5 1 4  0.0624611702
4 5 3 4  -0.0001861388
4 5 5 4  0.2940853071
4 5 7 4  0.0605853675
4 6 0 4  0.0132426045
4 6 2 4  0.0209125363
4 6 4 4  0.0605853675
4 6 6 4  0.1509140398
4 7 1 4  0.0132426045
4 7 3 4  0.0209125363
4 7 5 4  0.0605853675
4 7 7 4  0.1509140398
4 8 8 4  0.1226366543
4 9 9 4  0.1226366543
4 10 10 4  0.1226366543
4 11 11 4  0.1226366543
4 0 0 6  -0.0150995817
4 0 2 6  -0.0039106042
4 0 4 6  0.0357075113
4 0 6 6  -0.0046995930
4 1 1 6  -0.0150995817
4 1 3 6  -0.0039106042
4 1 5 6  0.0357075113
4 1 7 6  -0.0046995930
4 2 0 6  -0.0039106042
4 2 2 6  -0.0209125363
4 2 4 6  -0.0000177739
4 2 6 6  0.0030998277
4 3 1 6  -0.0039106042
4 3 3 6  -0.0209125363
4 3 5 6  -0.0000177739
4 3 7 6  0.0030998277
4 4 0 6  0.0357075113
4 4 2 6  -0.0000177739
4 4 4 6  0.0605853675
4 4 6 6  0.0367741250
4 5 1 6  0.0357075113
4 5 3 6  -0.0000177739
4 5 5 6  0.0605853675
4 5 7 6  0.0367741250
4 6 0 6  -0.0046995930
4 6 2 6  0.0030998277
4 6 4 6  0.0367741250
4 6 6 6  -0.0183289630
4 7 1 6  -0.0046995930
4 7 3 6  0.0030998277
4 7 5 6  0.0367741250
4 7 7 6  -0.0183289630
4 8 8 6  -0.0257381542
4 9 9 6  -0.0257381542
4 10 10 6  -0.0257381542
4 11 11 6  -0.0257381542
4 0 8 8  -0.0133257914
4 1 9 8  -0.0133257914
4 2 8 8  0.0043421479
4 3 9 8  0.0043421479
4 4 8 8  0.0063308085
4 5 9 8  0.0063308085
4 6 8 8  -0.0031649147
4 7 9 8  -0.0031649147
4 8 0 8  -0.0133257914
4 8 2 8  0.0043421479
4 8 4 8  0.0063308085
4 8 6 8  -0.0031649147
4 9 1 8  -0.0133257914
4 9 3 8  0.0043421479
4 9 5 8  0.0063308085
4 9 7 8  -0.0031649147
4 0 10 10  -0.0133257914
4 1 11 10  -0.0133257914
4 2 10 10  0.0043421479
4 3 11 10  0.0043421479
4 4 10 10  0.0063308085
4 5 11 10  0.0063308085
4 6 10 10  -0.0031649147
4 7 11 10  -0.0031649147
4 10 0 10  -0.0133257914
4 10 2 10  0.0043421479
4 10 4 10  0.0063308085
4 10 6 10  -0.0031649147
4 11 1 10  -0.0133257914
4 11 3 10  0.0043421479
4 11 5 10  0.0063308085
4 11 7 10  -0.0031649147
5 0 0 1  -0.0157677449
5 0 2 1  -0.0036900799
5 0 4 1  0.0384582262
5 0 6 1  -0.0059555540
5 1 1 1  -0.0157677449
5 1 3 1  -0.0036900799
5 1 5 1  0.0384582262
5 1 7 1  -0.0059555540
5 2 0 1  -0.0036900799
5 2 2 1  -0.0203618255
5 2 4 1  -0.0012664228
5 2 6 1  0.0039106042
5 3 1 1  -0.0036900799
5 3 3 1  -0.0203618255
5 3 5 1  -0.0012664228
5 3 7 1  0.0039106042
5 4 0 1  0.0384582262
5 4 2 1  -0.0012664228
5 4 4 1  0.0624611702
5 4 6 1  0.0357075113
5 5 1 1  0.0384582262
5 5 3 1  -0.0012664228
5 5 5 1  0.0624611702
5 5 7 1  0.0357075113
5 6 0 1  -0.0059555540
5 6 2 1  0.0039106042
5 6 4 1  0.0357075113
5 6 6 1  -0.0159191767
5 7 1 1  -0.0059555540
5 7 3 1  0.0039106042
5 7 5 1  0.0357075113
5 7 7 1  -0.0159191767
5 8 8 1  -0.0303863819
5 9 9 1  -0.0303863819
5 10 10 1  -0.0303863819
5 11 11 1  -0.0303863819
5 0 0 3  0.0016463809
5 0 2 3  -0.0012664228
5 0 4 3  -0.0012664228
5 1 1 3  0.0016463809
5 1 3 3  -0.0012664228
5 1 5 3  -0.0012664228
5 2 0 3  -0.0012664228
5 2 2 3  -0.0001861388
5 2 4 3  0.0007305382
5 2 6 3  0.0000177739
5 3 1 3  -0.0012664228
5 3 3 3  -0.0001861388
5 3 5 3  0.0007305382
5 3 7 3  0.0000177739
5 4 0 3  -0.0012664228
5 4 2 3  0.0007305382
5 4 4 3  -0.0001861388
5 4 6 3  -0.0000177739
5 5 1 3  -0.0012664228
5 5 3 3  0.0007305382
5 5 5 3  -0.0001861388
5 5 7 3  -0.0000177739
5 6 2 3  0.0000177739
5 6 4 3  -0.0000177739
5 6 6 3  0.0009140663
5 7 3 3  0.0000177739
5 7 5 3  -0.0000177739
5 7 7 3  0.0009140663
5 8 8 3  0.0040140624
5 9 9 3  0.0040140624
5 10 10 3  0.0040140624
5 11 11 3  0.0040140624
5 0 0 5  0.1405217143
5 0 2 5  -0.0203618255
5 0 4 5  0.0624611702
5 0 6 5  0.0132426045
5 1 1 5  0.1405217143
5 1 3 5  -0.0203618255
5 1 5 5  0.0624611702
5 1 7 5  0.0132426045
5 2 0 5  -0.0203618255
5 2 2 5  0.0834391935
5 2 4 5  -0.0001861388
5 2 6 5  0.0209125363
5 3 1 5  -0.0203618255
5 3 3 5  0.0834391935
5 3 5 5  -0.0001861388
5 3 7 5  0.0209125363
5 4 0 5  0.0624611702
5 4 2 5  -0.0001861388
5 4 4 5  0.2940853071
5 4 6 5  0.0605853675
5 5 1 5  0.0624611702
5 5 3 5  -0.0001861388
5 5 5 5  0.2940853071
5 5 7 5  0.0605853675
5 6 0 5  0.0132426045
5 6 2 5  0.0209125363
5 6 4 5  0.0605853675
5 6 6 5  0.1509140398
5 7 1 5  0.0132426045
5 7 3 5  0.0209125363
5 7 5 5  0.0605853675
5 7 7 5  0.1509140398
5 8 8 5  0.1226366543
5 9 9 5  0.1226366543
5 10 10 5  0.1226366543
5 11 11 5  0.1226366543
5 0 0 7  -0.0150995817
5 0 2 7  -0.0039106042
5 0 4 7  0.0357075113
5 0 6 7  -0.0046995930
5 1 1 7  -0.0150995817
5 1 3 7  -0.0039106042
5 1 5 7  0.0357075113
5 1 7 7  -0.0046995930
5 2 0 7  -0.0039106042
5 2 2 7  -0.0209125363
5 2 4 7  -0.0000177739
5 2 6 7  0.0030998277
5 3 1 7  -0.0039106042
5 3 3 7  -0.0209125363
5 3 5 7  -0.0000177739
5 3 7 7  0.0030998277
5 4 0 7  0.0357075113
5 4 2 7  -0.0000177739
5 4 4 7  0.0605853675
5 4 6 7  0.0367741250
5 5 1 7  0.0357075113
5 5 3 7  -0.0000177739
5 5 5 7  0.0605853675
5 5 7 7  0.0367741250
5 6 0 7  -0.0046995930
5 6 2 7  0.0030998277
5 6 4 7  0.0367741250
5 6 6 7  -0.0183289630
5 7 1 7  -0.0046995930
5 7 3 7  0.0030998277
5 7 5 7  0.0367741250
5 7 7 7  -0.0183289630
5 8 8 7  -0.0257381542
5 9 9 7  -0.0257381542
5 10 10 7  -0.0257381542
5 11 11 7  -0.0257381542
5 0 8 9  -0.0133257914
5 1 9 9  -0.0133257914
5 2 8 9  0.0043421479
5 3 9 9  0.0043421479
5 4 8 9  0.0063308085
5 5 9 9  0.0063308085
5 6 8 9  -0.0031649147
5 7 9 9  -0.0031649147
5 8 0 9  -0.0133257914
5 8 2 9  0.0043421479
5 8 4 9  0.0063308085
5 8 6 9  -0.0031649147
5 9 1 9  -0.0133257914
5 9 3 9  0.0043421479
5 9 5 9  0.0063308085
5 9 7 9  -0.0031649147
5 0 10 11  -0.0133257914
5 1 11 11  -0.0133257914
5 2 10 11  0.0043421479
5 3 11 11  0.0043421479
5 4 10 11  0.0063308085
5 5 11 11  0.0063308085
5 6 10 11  -0.0031649147
5 7 11 11  -0.0031649147
5 10 0 11  -0.0133257914
5 10 2 11  0.0043421479
5 10 4 11  0.0063308085
5 10 6 11  -0.0031649147
5 11 1 11  -0.0133257914
5 11 3 11  0.0043421479
5 11 5 11  0.0063308085
5 11 7 11  -0.0031649147
6 0 2 0  0.0059555540
6 0 4 0  -0.0059555540
6 0 6 0  0.0285308899
6 1 3 0  0.0059555540
6 1 5 0  -0.0059555540
6 1 7 0  0.0285308899
6 2 0 0  0.0059555540
6 2 2 0  -0.0132426045
6 2 6 0  -0.0046995930
6 3 1 0  0.0059555540
6 3 3 0  -0.0132426045
6 3 7 0  -0.0046995930
6 4 0 0  -0.0059555540
6 4 4 0  0.0132426045
6 4 6 0  -0.0046995930
6 5 1 0  -0.0059555540
6 5 5 0  0.0132426045
6 5 7 0  -0.0046995930
6 6 0 0  0.0285308899
6 6 2 0  -0.0046995930
6 6 4 0  -0.0046995930
6 7 1 0  0.0285308899
6 7 3 0  -0.0046995930
6 7 5 0  -0.0046995930
6 0 0 2  0.0150995817
6 0 2 2  -0.0357075113
6 0 4 2  0.0039106042
6 0 6 2  -0.0046995930
6 1 1 2  0.0150995817
6 1 3 2  -0.0357075113
6 1 5 2  0.0039106042
6 1 7 2  -0.0046995930
6 2 0 2  -0.0357075113
6 2 2 2  -0.0605853675
6 2 4 2  0.0000177739
6 2 6 2  0.0367741250
6 3 1 2  -0.0357075113
6 3 3 2  -0.0605853675
6 3 5 2  0.0000177739
6 3 7 2  0.0367741250
6 4 0 2  0.0039106042
6 4 2 2  0.0000177739
6 4 4 2  0.0209125363
6 4 6 2  0.0030998277
6 5 1 2  0.0039106042
6 5 3 2  0.0000177739
6 5 5 2  0.0209125363
6 5 7 2  0.0030998277
6 6 0 2  -0.0046995930
6 6 2 2  0.0367741250
6 6 4 2  0.0030998277
6 6 6 2  0.0183289630
6 7 1 2  -0.0046995930
6 7 3 2  0.0367741250
6 7 5 2  0.0030998277
6 7 7 2  0.0183289630
6 8 8 2  0.0257381542
6 9 9 2  0.0257381542
6 10 10 2  0.0257381542
6 11 11 2  0.0257381542
6 0 0 4  -0.0150995817
6 0 2 4  -0.0039106042
6 0 4 4  0.0357075113
6 0 6 4  -0.0046995930
6 1 1 4  -0.0150995817
6 1 3 4  -0.0039106042
6 1 5 4  0.0357075113
6 1 7 4  -0.0046995930
6 2 0 4  -0.0039106042
6 2 2 4  -0.0209125363
6 2 4 4  -0.0000177739
6 2 6 4  0.0030998277
6 3 1 4  -0.0039106042
6 3 3 4  -0.0209125363
6 3 5 4  -0.0000177739
6 3 7 4  0.0030998277
6 4 0 4  0.0357075113
6 4 2 4  -0.0000177739
6 4 4 4  0.0605853675
6 4 6 4  0.0367741250
6 5 1 4  0.0357075113
6 5 3 4  -0.0000177739
6 5 5 4  0.0605853675
6 5 7 4  0.0367741250
6 6 0 4  -0.0046995930
6 6 2 4  0.0030998277
6 6 4 4  0.0367741250
6 6 6 4  -0.0183289630
6 7 1 4  -0.0046995930
6 7 3 4  0.0030998277
6 7 5 4  0.0367741250
6 7 7 4  -0.0183289630
6 8 8 4  -0.0257381542
6 9 9 4  -0.0257381542
6 10 10 4  -0.0257381542
6 11 11 4  -0.0257381542
6 0 0 6  0.1816264108
6 0 2 6  -0.0159191767
6 0 4 6  -0.0159191767
6 1 1 6  0.1816264108
6 1 3 6  -0.0159191767
6 1 5 6  -0.0159191767
6 2 0 6  -0.0159191767
6 2 2 6  0.1509140398
6 2 4 6  0.0009140663
6 2 6 6  0.0183289630
6 3 1 6  -0.0159191767
6 3 3 6  0.1509140398
6 3 5 6  0.0009140663
6 3 7 6  0.0183289630
6 4 0 6  -0.0159191767
6 4 2 6  0.0009140663
6 4 4 6  0.1509140398
6 4 6 6  -0.0183289630
6 5 1 6  -0.0159191767
6 5 3 6  0.0009140663
6 5 5 6  0.1509140398
6 5 7 6  -0.0183289630
6 6 2 6  0.0183289630
6 6 4 6  -0.0183289630
6 6 6 6  0.2044580499
6 7 3 6  0.0183289630
6 7 5 6  -0.0183289630
6 7 7 6  0.2044580499
6 8 8 6  0.1891906044
6 9 9 6  0.1891906044
6 10 10 6  0.1891906044
6 11 11 6  0.1891906044
6 2 8 8  0.0031649147
6 3 9 8  0.0031649147
6 4 8 8  -0.0031649147
6 5 9 8  -0.0031649147
6 6 8 8  0.0107331347
6 7 9 8  0.0107331347
6 8 2 8  0.0031649147
6 8 4 8  -0.0031649147
6 8 6 8  0.0107331347
6 9 3 8  0.0031649147
6 9 5 8  -0.0031649147
6 9 7 8  0.0107331347
6 2 10 10  0.0031649147
6 3 11 10  0.0031649147
6 4 10 10  -0.0031649147
6 5 11 10  -0.0031649147
6 6 10 10  0.0107331347
6 7 11 10  0.0107331347
6 10 2 10  0.0031649147
6 10 4 10  -0.0031649147
6 10 6 10  0.0107331347
6 11 3 10  0.0031649147
6 11 5 10  -0.0031649147
6 11 7 10  0.0107331347
7 0 2 1  0.0059555540
7 0 4 1  -0.0059555540
7 0 6 1  0.0285308899
7 1 3 1  0.0059555540
7 1 5 1  -0.0059555540
7 1 7 1  0.0285308899
7 2 0 1  0.0059555540
7 2 2 1  -0.0132426045
7 2 6 1  -0.0046995930
7 3 1 1  0.0059555540
7 3 3 1  -0.0132426045
7 3 7 1  -0.0046995930
7 4 0 1  -0.0059555540
7 4 4 1  0.0132426045
7 4 6 1  -0.0046995930
7 5 1 1  -0.0059555540
7 5 5 1  0.0132426045
7 5 7 1  -0.0046995930
7 6 0 1  0.0285308899
7 6 2 1  -0.0046995930
7 6 4 1  -0.0046995930
7 7 1 1  0.0285308899
7 7 3 1  -0.0046995930
7 7 5 1  -0.0046995930
7 0 0 3  0.0150995817
7 0 2 3  -0.0357075113
7 0 4 3  0.0039106042
7 0 6 3  -0.0046995930
7 1 1 3  0.0150995817
7 1 3 3  -0.0357075113
7 1 5 3  0.0039106042
7 1 7 3  -0.0046995930
7 2 0 3  -0.0357075113
7 2 2 3  -0.0605853675
7 2 4 3  0.0000177739
7 2 6 3  0.0367741250
7 3 1 3  -0.0357075113
7 3 3 3  -0.0605853675
7 3 5 3  0.0000177739
7 3 7 3  0.0367741250
7 4 0 3  0.0039106042
7 4 2 3  0.0000177739
7 4 4 3  0.0209125363
7 4 6 3  0.0030998277
7 5 1 3  0.0039106042
7 5 3 3  0.0000177739
7 5 5 3  0.0209125363
7 5 7 3  0.0030998277
7 6 0 3  -0.0046995930
7 6 2 3  0.0367741250
7 6 4 3  0.0030998277
7 6 6 3  0.0183289630
7 7 1 3  -0.0046995930
7 7 3 3  0.0367741250
7 7 5 3  0.0030998277
7 7 7 3  0.0183289630
7 8 8 3  0.0257381542
7 9 9 3  0.0257381542
7 10 10 3  0.0257381542
7 11 11 3  0.0257381542
7 0 0 5  -0.0150995817
7 0 2 5  -0.0039106042
7 0 4 5  0.0357075113
7 0 6 5  -0.0046995930
7 1 1 5  -0.0150995817
7 1 3 5  -0.0039106042
7 1 5 5  0.0357075113
7 1 7 5  -0.0046995930
7 2 0 5  -0.0039106042
7 2 2 5  -0.0209125363
7 2 4 5  -0.0000177739
7 2 6 5  0.0030998277
7 3 1 5  -0.0039106042
7 3 3 5  -0.0209125363
7 3 5 5  -0.0000177739
7 3 7 5  0.0030998277
7 4 0 5  0.0357075113
7 4 2 5  -0.0000177739
7 4 4 5  0.0605853675
7 4 6 5  0.0367741250
7 5 1 5  0.0357075113
7 5 3 5  -0.0000177739
7 5 5 5  0.0605853675
7 5 7 5  0.0367741250
7 6 0 5  -0.0046995930
7 6 2 5  0.0030998277
7 6 4 5  0.0367741250
7 6 6 5  -0.0183289630
7 7 1 5  -0.0046995930
7 7 3 5  0.0030998277
7 7 5 5  0.0367741250
7 7 7 5  -0.0183289630
7 8 8 5  -0.0257381542
7 9 9 5  -0.0257381542
7 10 10 5  -0.0257381542
7 11 11 5  -0.0257381542
7 0 0 7  0.1816264108
7 0 2 7  -0.0159191767
7 0 4 7  -0.0159191767
7 1 1 7  0.1816264108
7 1 3 7  -0.0159191767
7 1 5 7  -0.0159191767
7 2 0 7  -0.0159191767
7 2 2 7  0.1509140398
7 2 4 7  0.0009140663
7 2 6 7  0.0183289630
7 3 1 7  -0.0159191767
7 3 3 7  0.1509140398
7 3 5 7  0.0009140663
7 3 7 7  0.0183289630
7 4 0 7  -0.0159191767
7 4 2 7  0.0009140663
7 4 4 7  0.1509140398
7 4 6 7  -0.0183289630
7 5 1 7  -0.0159191767
7 5 3 7  0.0009140663
7 5 5 7  0.1509140398
7 5 7 7  -0.0183289630
7 6 2 7  0.0183289630
7 6 4 7  -0.0183289630
7 6 6 7  0.2044580499
7 7 3 7  0.0183289630
7 7 5 7  -0.0183289630
7 7 7 7  0.2044580499
7 8 8 7  0.1891906044
7 9 9 7  0.1891906044
7 10 10 7  0.1891906044
7 11 11 7  0.1891906044
7 2 8 9  0.0031649147
7 3 9 9  0.0031649147
7 4 8 9  -0.0031649147
7 5 9 9  -0.0031649147
7 6 8 9  0.0107331347
7 7 9 9  0.0107331347
7 8 2 9  0.0031649147
7 8 4 9  -0.0031649147
7 8 6 9  0.0107331347
7 9 3 9  0.0031649147
7 9 5 9  -0.0031649147
7 9 7 9  0.0107331347
7 2 10 11  0.0031649147
7 3 11 11  0.0031649147
7 4 10 11  -0.0031649147
7 5 11 11  -0.0031649147
7 6 10 11  0.0107331347
7 7 11 11  0.0107331347
7 10 2 11  0.0031649147
7 10 4 11  -0.0031649147
7 10 6 11  0.0107331347
7 11 3 11  0.0031649147
7 11 5 11  -0.0031649147
7 11 7 11  0.0107331347
8 0 8 0  0.0338236264
8 1 9 0  0.0338236264
8 2 8 0  -0.0133257914
8 3 9 0  -0.0133257914
8 4 8 0  -0.0133257914
8 5 9 0  -0.0133257914
8 8 0 0  0.0338236264
8 8 2 0  -0.0133257914
8 8 4 0  -0.0133257914
8 9 1 0  0.0338236264
8 9 3 0  -0.0133257914
8 9 5 0  -0.0133257914
8 0 8 2  -0.0133257914
8 1 9 2  -0.0133257914
8 2 8 2  0.0063308085
8 3 9 2  0.0063308085
8 4 8 2  0.0043421479
8 5 9 2  0.0043421479
8 6 8 2  0.0031649147
8 7 9 2  0.0031649147
8 8 0 2  -0.0133257914
8 8 2 2  0.0063308085
8 8 4 2  0.0043421479
8 8 6 2  0.0031649147
8 9 1 2  -0.0133257914
8 9 3 2  0.0063308085
8 9 5 2  0.0043421479
8 9 7 2  0.0031649147
8 0 8 4  -0.0133257914
8 1 9 4  -0.0133257914
8 2 8 4  0.0043421479
8 3 9 4  0.0043421479
8 4 8 4  0.0063308085
8 5 9 4  0.0063308085
8 6 8 4  -0.0031649147
8 7 9 4  -0.0031649147
8 8 0 4  -0.0133257914
8 8 2 4  0.0043421479
8 8 4 4  0.0063308085
8 8 6 4  -0.0031649147
8 9 1 4  -0.0133257914
8 9 3 4  0.0043421479
8 9 5 4  0.0063308085
8 9 7 4  -0.0031649147
8 2 8 6  0.0031649147
8 3 9 6  0.0031649147
8 4 8 6  -0.0031649147
8 5 9 6  -0.0031649147
8 6 8 6  0.0107331347
8 7 9 6  0.0107331347
8 8 2 6  0.0031649147
8 8 4 6  -0.0031649147
8 8 6 6  0.0107331347
8 9 3 6  0.0031649147
8 9 5 6  -0.0031649147
8 9 7 6  0.0107331347
8 0 0 8  0.1833542736
8 0 2 8  -0.0303863819
8 0 4 8  -0.0303863819
8 1 1 8  0.1833542736
8 1 3 8  -0.0303863819
8 1 5 8  -0.0303863819
8 2 0 8  -0.0303863819
8 2 2 8  0.1226366543
8 2 4 8  0.0040140624
8 2 6 8  0.0257381542
8 3 1 8  -0.0303863819
8 3 3 8  0.1226366543
8 3 5 8  0.0040140624
8 3 7 8  0.0257381542
8 4 0 8  -0.0303863819
8 4 2 8  0.0040140624
8 4 4 8  0.1226366543
8 4 6 8  -0.0257381542
8 5 1 8  -0.0303863819
8 5 3 8  0.0040140624
8 5 5 8  0.1226366543
8 5 7 8  -0.0257381542
8 6 2 8  0.0257381542
8 6 4 8  -0.0257381542
8 6 6 8  0.1891906044
8 7 3 8  0.0257381542
8 7 5 8  -0.0257381542
8 7 7 8  0.1891906044
8 8 8 8  0.2249295447
8 9 9 8  0.2249295447
8 10 10 8  0.2006801621
8 11 11 8  0.2006801621
8 8 10 10  0.0121246914
8 9 11 10  0.0121246914
8 10 8 10  0.0121246914
8 11 9 10  0.0121246914
9 0 8 1  0.0338236264
9 1 9 1  0.0338236264
9 2 8 1  -0.0133257914
9 3 9 1  -0.0133257914
9 4 8 1  -0.0133257914
9 5 9 1  -0.0133257914
9 8 0 1  0.0338236264
9 8 2 1  -0.0133257914
9 8 4 1  -0.0133257914
9 9 1 1  0.0338236264
9 9 3 1  -0.0133257914
9 9 5 1  -0.0133257914
9 0 8 3  -0.0133257914
9 1 9 3  -0.0133257914
9 2 8 3  0.0063308085
9 3 9 3  0.0063308085
9 4 8 3  0.0043421479
9 5 9 3  0.0043421479
9 6 8 3  0.0031649147
9 7 9 3  0.0031649147
9 8 0 3  -0.0133257914
9 8 2 3  0.0063308085
9 8 4 3  0.0043421479
9 8 6 3  0.0031649147
9 9 1 3  -0.0133257914
9 9 3 3  0.0063308085
9 9 5 3  0.0043421479
9 9 7 3  0.0031649147
9 0 8 5  -0.0133257914
9 1 9 5  -0.0133257914
9 2 8 5  0.0043421479
9 3 9 5  0.0043421479
9 4 8 5  0.0063308085
9 5 9 5  0.0063308085
9 6 8 5  -0.0031649147
9 7 9 5  -0.0031649147
9 8 0 5  -0.0133257914
9 8 2 5  0.0043421479
9 8 4 5  0.0063308085
9 8 6 5  -0.0031649147
9 9 1 5  -0.0133257914
9 9 3 5  0.0043421479
9 9 5 5  0.0063308085
9 9 7 5  -0.0031649147
9 2 8 7  0.0031649147
9 3 9 7  0.0031649147
9 4 8 7  -0.0031649147
9 5 9 7  -0.0031649147
9 6 8 7  0.0107331347
9 7 9 7  0.0107331347
9 8 2 7  0.0031649147
9 8 4 7  -0.0031649147
9 8 6 7  0.0107331347
9 9 3 7  0.0031649147
9 9 5 7  -0.0031649147
9 9 7 7  0.0107331347
9 0 0 9  0.1833542736
9 0 2 9  -0.0303863819
9 0 4 9  -0.0303863819
9 1 1 9  0.1833542736
9 1 3 9  -0.0303863819
9 1 5 9  -0.0303863819
9 2 0 9  -0.0303863819
9 2 2 9  0.1226366543
9 2 4 9  0.0040140624
9 2 6 9  0.0257381542
9 3 1 9  -0.0303863819
9 3 3 9  0.1226366543
9 3 5 9  0.0040140624
9 3 7 9  0.0257381542
9 4 0 9  -0.0303863819
9 4 2 9  0.0040140624
9 4 4 9  0.1226366543
9 4 6 9  -0.0257381542
9 5 1 9  -0.0303863819
9 5 3 9  0.0040140624
9 5 5 9  0.1226366543
9 5 7 9  -0.0257381542
9 6 2 9  0.0257381542
9 6 4 9  -0.0257381542
9 6 6 9  0.1891906044
9 7 3 9  0.0257381542
9 7 5 9  -0.0257381542
9 7 7 9  0.1891906044
9 8 8 9  0.2249295447
9 9 9 9  0.2249295447
9 10 10 9  0.2006801621
9 11 11 9  0.2006801621
9 8 10 11  0.0121246914
9 9 11 11  0.0121246914
9 10 8 11  0.0121246914
9 11 9 11  0.0121246914
10 0 10 0  0.0338236264
10 1 11 0  0.0338236264
10 2 10 0  -0.0133257914
10 3 11 0  -0.0133257914
10 4 10 0  -0.0133257914
10 5 11 0  -0.0133257914
10 10 0 0  0.0338236264
10 10 2 0  -0.0133257914
10 10 4 0  -0.0133257914
10 11 1 0  0.0338236264
10 11 3 0  -0.0133257914
10 11 5 0  -0.0133257914
10 0 10 2  -0.0133257914
10 1 11 2  -0.0133257914
10 2 10 2  0.0063308085
10 3 11 2  0.0063308085
10 4 10 2  0.0043421479
10 5 11 2  0.0043421479
10 6 10 2  0.0031649147
10 7 11 2  0.0031649147
10 10 0 2  -0.0133257914
10 10 2 2  0.0063308085
10 10 4 2  0.0043421479
10 10 6 2  0.0031649147
10 11 1 2  -0.0133257914
10 11 3 2  0.0063308085
10 11 5 2  0.0043421479
10 11 7 2  0.0031649147
10 0 10 4  -0.0133257914
10 1 11 4  -0.0133257914
10 2 10 4  0.0043421479
10 3 11 4  0.0043421479
10 4 10 4  0.0063308085
10 5 11 4  0.0063308085
10 6 10 4  -0.0031649147
10 7 11 4  -0.0031649147
10 10 0 4  -0.0133257914
10 10 2 4  0.0043421479
10 10 4 4  0.0063308085
10 10 6 4  -0.0031649147
10 11 1 4  -0.0133257914
10 11 3 4  0.0043421479
10 11 5 4  0.0063308085
10 11 7 4  -0.0031649147
10 2 10 6  0.0031649147
10 3 11 6  0.0031649147
10 4 10 6  -0.0031649147
10 5 11 6  -0.0031649147
10 6 10 6  0.0107331347
10 7 11 6  0.0107331347
10 10 2 6  0.0031649147
10 10 4 6  -0.0031649147
10 10 6 6  0.0107331347
10 11 3 6  0.0031649147
10 11 5 6  -0.0031649147
10 11 7 6  0.0107331347
10 8 10 8  0.0121246914
10 9 11 8  0.0121246914
10 10 8 8  0.0121246914
10 11 9 8  0.0121246914
10 0 0 10  0.1833542736
10 0 2 10  -0.0303863819
10 0 4 10  -0.0303863819
10 1 1 10  0.1833542736
10 1 3 10  -0.0303863819
10 1 5 10  -0.0303863819
10 2 0 10  -0.0303863819
10 2 2 10  0.1226366543
10 2 4 10  0.0040140624
10 2 6 10  0.0257381542
10 3 1 10  -0.0303863819
10 3 3 10  0.1226366543
10 3 5 10  0.0040140624
10 3 7 10  0.0257381542
10 4 0 10  -0.0303863819
10 4 2 10  0.0040140624
10 4 4 10  0.1226366543
10 4 6 10  -0.0257381542
10 5 1 10  -0.0303863819
10 5 3 10  0.0040140624
10 5 5 10  0.1226366543
10 5 7 10  -0.0257381542
10 6 2 10  0.0257381542
10 6 4 10  -0.0257381542
10 6 6 10  0.1891906044
10 7 3 10  0.0257381542
10 7 5 10  -0.0257381542
10 7 7 10  0.1891906044
10 8 8 10  0.2006801621
10 9 9 10  0.2006801621
10 10 10 10  0.2249295447
10 11 11 10  0.2249295447
11 0 10 1  0.0338236264
11 1 11 1  0.0338236264
11 2 10 1  -0.0133257914
11 3 11 1  -0.0133257914
11 4 10 1  -0.0133257914
11 5 11 1  -0.0133257914
11 10 0 1  0.0338236264
11 10 2 1  -0.0133257914
11 10 4 1  -0.0133257914
11 11 1 1  0.0338236264
11 11 3 1  -0.0133257914
11 11 5 1  -0.0133257914
11 0 10 3  -0.0133257914
11 1 11 3  -0.0133257914
11 2 10 3  0.0063308085
11 3 11 3  0.0063308085
11 4 10 3  0.0043421479
11 5 11 3  0.0043421479
11 6 10 3  0.0031649147
11 7 11 3  0.0031649147
11 10 0 3  -0.0133257914
11 10 2 3  0.0063308085
11 10 4 3  0.0043421479
11 10 6 3  0.0031649147
11 11 1 3  -0.0133257914
11 11 3 3  0.0063308085
11 11 5 3  0.0043421479
11 11 7 3  0.0031649147
11 0 10 5  -0.0133257914
11 1 11 5  -0.0133257914
11 2 10 5  0.0043421479
11 3 11 5  0.0043421479
11 4 10 5  0.0063308085
11 5 11 5  0.0063308085
11 6 10 5  -0.0031649147
11 7 11 5  -0.0031649147
11 10 0 5  -0.0133257914
11 10 2 5  0.0043421479
11 10 4 5  0.0063308085
11 10 6 5  -0.0031649147
11 11 1 5  -0.0133257914
11 11 3 5  0.0043421479
11 11 5 5  0.0063308085
11 11 7 5  -0.0031649147
11 2 10 7  0.0031649147
11 3 11 7  0.0031649147
11 4 10 7  -0.0031649147
11 5 11 7  -0.0031649147
11 6 10 7  0.0107331347
11 7 11 7  0.0107331347
11 10 2 7  0.0031649147
11 10 4 7  -0.0031649147
11 10 6 7  0.0107331347
11 11 3 7  0.0031649147
11 11 5 7  -0.0031649147
11 11 7 7  0.0107331347
11 8 10 9  0.0121246914
11 9 11 9  0.0121246914
11 10 8 9  0.0121246914
11 11 9 9  0.0121246914
11 0 0 11  0.1833542736
11 0 2 11  -0.0303863819
11 0 4 11  -0.0303863819
11 1 1 11  0.1833542736
11 1 3 11  -0.0303863819
11 1 5 11  -0.0303863819
11 2 0 11  -0.0303863819
11 2 2 11  0.1226366543
11 2 4 11  0.0040140624
11 2 6 11  0.0257381542
11 3 1 11  -0.0303863819
11 3 3 11  0.1226366543
11 3 5 11  0.0040140624
11 3 7 11  0.0257381542
11 4 0 11  -0.0303863819
11 4 2 11  0.0040140624
11 4 4 11  0.1226366543
11 4 6 11  -0.0257381542
11 5 1 11  -0.0303863819
11 5 3 11  0.0040140624
11 5 5 11  0.1226366543
11 5 7 11  -0.0257381542
11 6 2 11  0.0257381542
11 6 4 11  -0.0257381542
11 6 6 11  0.1891906044
11 7 3 11  0.0257381542
11 7 5 11  -0.0257381542
11 7 7 11  0.1891906044
11 8 8 11  0.2006801621
11 9 9 11  0.2006801621
11 10 10 11  0.2249295447
11 11 11 11  0.2249295447
