-12.79615946171761
0 0  -0.9446108668
0 2  -0.0016441188
0 4  -0.0016441188
1 1  -0.9446108668
1 3  -0.0016441188
1 5  -0.0016441188
2 0  -0.0016441188
2 2  -0.8243170009
2 4  0.0011990190
2 6  0.0114066952
3 1  -0.0016441188
3 3  -0.8243170009
3 5  0.0011990190
3 7  0.0114066952
4 0  -0.0016441188
4 2  0.0011990190
4 4  -0.8243170009
4 6  -0.0114066952
5 1  -0.0016441188
5 3  0.0011990190
5 5  -0.8243170009
5 7  -0.0114066952
6 2  0.0114066952
6 4  -0.0114066952
6 6  -0.8075087882
7 3  0.0114066952
7 5  -0.0114066952
7 7  -0.8075087882
8 8  -0.7905129922
9 9  -0.7905129922
10 10  -0.7905129922
11 11  -0.7905129922
0 0 0 0  0.2009323691
0 0 2 0  -0.0061253939
0 0 4 0  -0.0061253939
0 1 1 0  0.2009323691
0 1 3 0  -0.0061253939
0 1 5 0  -0.0061253939
0 2 0 0  -0.0061253939
0 2 2 0  0.0724159637
0 2 4 0  0.0001117129
0 2 6 0  -0.0049210947
0 3 1 0  -0.0061253939
0 3 3 0  0.0724159637
0 3 5 0  0.0001117129
0 3 7 0  -0.0049210947
0 4 0 0  -0.0061253939
0 4 2 0  0.0001117129
0 4 4 0  0.0724159637
0 4 6 0  0.0049210947
0 5 1 0  -0.0061253939
0 5 3 0  0.0001117129
0 5 5 0  0.0724159637
0 5 7 0  0.0049210947
0 6 2 0  -0.0049210947
0 6 4 0  0.0049210947
0 6 6 0  0.2040536674
0 7 3 0  -0.0049210947
0 7 5 0  0.0049210947
0 7 7 0  0.2040536674
0 8 8 0  0.2042124184
0 9 9 0  0.2042124184
0 10 10 0  0.2042124184
0 11 11 0  0.2042124184
0 0 0 2  -0.0061253939
0 0 2 2  0.0009535601
0 0 4 2  0.0001121167
0 0 6 2  -0.0021917232
0 1 1 2  -0.0061253939
0 1 3 2  0.0009535601
0 1 5 2  0.0001121167
0 1 7 2  -0.0021917232
0 2 0 2  0.0009535601
0 2 2 2  0.0133753029
0 2 4 2  -0.0000050436
0 2 6 2  0.0009137550
0 3 1 2  0.0009535601
0 3 3 2  0.0133753029
0 3 5 2  -0.0000050436
0 3 7 2  0.0009137550
0 4 0 2  0.0001121167
0 4 2 2  -0.0000050436
0 4 4 2  -0.0021227416
0 4 6 2  -0.0000518734
0 5 1 2  0.0001121167
0 5 3 2  -0.0000050436
0 5 5 2  -0.0021227416
0 5 7 2  -0.0000518734
0 6 0 2  -0.0021917232
0 6 2 2  0.0009137550
0 6 4 2  -0.0000518734
0 6 6 2  -0.0060110158
0 7 1 2  -0.0021917232
0 7 3 2  0.0009137550
0 7 5 2  -0.0000518734
0 7 7 2  -0.0060110158
0 8 8 2  -0.0064501316
0 9 9 2  -0.0064501316
0 10 10 2  -0.0064501316
0 11 11 2  -0.0064501316
0 0 0 4  -0.0061253939
0 0 2 4  0.0001121167
0 0 4 4  0.0009535601
0 0 6 4  0.0021917232
0 1 1 4  -0.0061253939
0 1 3 4  0.0001121167
0 1 5 4  0.0009535601
0 1 7 4  0.0021917232
0 2 0 4  0.0001121167
0 2 2 4  -0.0021227416
0 2 4 4  -0.0000050436
0 2 6 4  0.0000518734
0 3 1 4  0.0001121167
0 3 3 4  -0.0021227416
0 3 5 4  -0.0000050436
0 3 7 4  0.0000518734
0 4 0 4  0.0009535601
0 4 2 4  -0.0000050436
0 4 4 4  0.0133753029
0 4 6 4  -0.0009137550
0 5 1 4  0.0009535601
0 5 3 4  -0.0000050436
0 5 5 4  0.0133753029
0 5 7 4  -0.0009137550
0 6 0 4  0.0021917232
0 6 2 4  0.0000518734
0 6 4 4  -0.0009137550
0 6 6 4  -0.0060110158
0 7 1 4  0.0021917232
0 7 3 4  0.0000518734
0 7 5 4  -0.0009137550
0 7 7 4  -0.0060110158
0 8 8 4  -0.0064501316
0 9 9 4  -0.0064501316
0 10 10 4  -0.0064501316
0 11 11 4  -0.0064501316
0 0 2 6  -0.0021917232
0 0 4 6  0.0021917232
0 0 6 6  0.0431376392
0 1 3 6  -0.0021917232
0 1 5 6  0.0021917232
0 1 7 6  0.0431376392
0 2 0 6  -0.0021917232
0 2 2 6  -0.0119860962
0 2 6 6  -0.0022152677
0 3 1 6  -0.0021917232
0 3 3 6  -0.0119860962
0 3 7 6  -0.0022152677
0 4 0 6  0.0021917232
0 4 4 6  0.0119860962
0 4 6 6  -0.0022152677
0 5 1 6  0.0021917232
0 5 5 6  0.0119860962
0 5 7 6  -0.0022152677
0 6 0 6  0.0431376392
0 6 2 6  -0.0022152677
0 6 4 6  -0.0022152677
0 7 1 6  0.0431376392
0 7 3 6  -0.0022152677
0 7 5 6  -0.0022152677
0 0 8 8  0.0432540989
0 1 9 8  0.0432540989
0 2 8 8  -0.0021881507
0 3 9 8  -0.0021881507
0 4 8 8  -0.0021881507
0 5 9 8  -0.0021881507
0 8 0 8  0.0432540989
0 8 2 8  -0.0021881507
0 8 4 8  -0.0021881507
0 9 1 8  0.0432540989
0 9 3 8  -0.0021881507
0 9 5 8  -0.0021881507
0 0 10 10  0.0432540989
0 1 11 10  0.0432540989
0 2 10 10  -0.0021881507
0 3 11 10  -0.0021881507
0 4 10 10  -0.0021881507
0 5 11 10  -0.0021881507
0 10 0 10  0.0432540989
0 10 2 10  -0.0021881507
0 10 4 10  -0.0021881507
0 11 1 10  0.0432540989
0 11 3 10  -0.0021881507
0 11 5 10  -0.0021881507
1 0 0 1  0.2009323691
1 0 2 1  -0.0061253939
1 0 4 1  -0.0061253939
1 1 1 1  0.2009323691
1 1 3 1  -0.0061253939
1 1 5 1  -0.0061253939
1 2 0 1  -0.0061253939
1 2 2 1  0.0724159637
1 2 4 1  0.0001117129
1 2 6 1  -0.0049210947
1 3 1 1  -0.0061253939
1 3 3 1  0.0724159637
1 3 5 1  0.0001117129
1 3 7 1  -0.0049210947
1 4 0 1  -0.0061253939
1 4 2 1  0.0001117129
1 4 4 1  0.0724159637
1 4 6 1  0.0049210947
1 5 1 1  -0.0061253939
1 5 3 1  0.0001117129
1 5 5 1  0.0724159637
1 5 7 1  0.0049210947
1 6 2 1  -0.0049210947
1 6 4 1  0.0049210947
1 6 6 1  0.2040536674
1 7 3 1  -0.0049210947
1 7 5 1  0.0049210947
1 7 7 1  0.2040536674
1 8 8 1  0.2042124184
1 9 9 1  0.2042124184
1 10 10 1  0.2042124184
1 11 11 1  0.2042124184
1 0 0 3  -0.0061253939
1 0 2 3  0.0009535601
1 0 4 3  0.0001121167
1 0 6 3  -0.0021917232
1 1 1 3  -0.0061253939
1 1 3 3  0.0009535601
1 1 5 3  0.0001121167
1 1 7 3  -0.0021917232
1 2 0 3  0.0009535601
1 2 2 3  0.0133753029
1 2 4 3  -0.0000050436
1 2 6 3  0.0009137550
1 3 1 3  0.0009535601
1 3 3 3  0.0133753029
1 3 5 3  -0.0000050436
1 3 7 3  0.0009137550
1 4 0 3  0.0001121167
1 4 2 3  -0.0000050436
1 4 4 3  -0.0021227416
1 4 6 3  -0.0000518734
1 5 1 3  0.0001121167
1 5 3 3  -0.0000050436
1 5 5 3  -0.0021227416
1 5 7 3  -0.0000518734
1 6 0 3  -0.0021917232
1 6 2 3  0.0009137550
1 6 4 3  -0.0000518734
1 6 6 3  -0.0060110158
1 7 1 3  -0.0021917232
1 7 3 3  0.0009137550
1 7 5 3  -0.0000518734
1 7 7 3  -0.0060110158
1 8 8 3  -0.0064501316
1 9 9 3  -0.0064501316
1 10 10 3  -0.0064501316
1 11 11 3  -0.0064501316
1 0 0 5  -0.0061253939
1 0 2 5  0.0001121167
1 0 4 5  0.0009535601
1 0 6 5  0.0021917232
1 1 1 5  -0.0061253939
1 1 3 5  0.0001121167
1 1 5 5  0.0009535601
1 1 7 5  0.0021917232
1 2 0 5  0.0001121167
1 2 2 5  -0.0021227416
1 2 4 5  -0.0000050436
1 2 6 5  0.0000518734
1 3 1 5  0.0001121167
1 3 3 5  -0.0021227416
1 3 5 5  -0.0000050436
1 3 7 5  0.0000518734
1 4 0 5  0.0009535601
1 4 2 5  -0.0000050436
1 4 4 5  0.0133753029
1 4 6 5  -0.0009137550
1 5 1 5  0.0009535601
1 5 3 5  -0.0000050436
1 5 5 5  0.0133753029
1 5 7 5  -0.0009137550
1 6 0 5  0.0021917232
1 6 2 5  0.0000518734
1 6 4 5  -0.0009137550
1 6 6 5  -0.0060110158
1 7 1 5  0.0021917232
1 7 3 5  0.0000518734
1 7 5 5  -0.0009137550
1 7 7 5  -0.0060110158
1 8 8 5  -0.0064501316
1 9 9 5  -0.0064501316
1 10 10 5  -0.0064501316
1 11 11 5  -0.0064501316
1 0 2 7  -0.0021917232
1 0 4 7  0.0021917232
1 0 6 7  0.0431376392
1 1 3 7  -0.0021917232
1 1 5 7  0.0021917232
1 1 7 7  0.0431376392
1 2 0 7  -0.0021917232
1 2 2 7  -0.0119860962
1 2 6 7  -0.0022152677
1 3 1 7  -0.0021917232
1 3 3 7  -0.0119860962
1 3 7 7  -0.0022152677
1 4 0 7  0.0021917232
1 4 4 7  0.0119860962
1 4 6 7  -0.0022152677
1 5 1 7  0.0021917232
1 5 5 7  0.0119860962
1 5 7 7  -0.0022152677
1 6 0 7  0.0431376392
1 6 2 7  -0.0022152677
1 6 4 7  -0.0022152677
1 7 1 7  0.0431376392
1 7 3 7  -0.0022152677
1 7 5 7  -0.0022152677
1 0 8 9  0.0432540989
1 1 9 9  0.0432540989
1 2 8 9  -0.0021881507
1 3 9 9  -0.0021881507
1 4 8 9  -0.0021881507
1 5 9 9  -0.0021881507
1 8 0 9  0.0432540989
1 8 2 9  -0.0021881507
1 8 4 9  -0.0021881507
1 9 1 9  0.0432540989
1 9 3 9  -0.0021881507
1 9 5 9  -0.0021881507
1 0 10 11  0.0432540989
1 1 11 11  0.0432540989
1 2 10 11  -0.0021881507
1 3 11 11  -0.0021881507
1 4 10 11  -0.0021881507
1 5 11 11  -0.0021881507
1 10 0 11  0.0432540989
1 10 2 11  -0.0021881507
1 10 4 11  -0.0021881507
1 11 1 11  0.0432540989
1 11 3 11  -0.0021881507
1 11 5 11  -0.0021881507
2 0 0 0  -0.0061253939
2 0 2 0  0.0009535601
2 0 4 0  0.0001121167
2 0 6 0  -0.0021917232
2 1 1 0  -0.0061253939
2 1 3 0  0.0009535601
2 1 5 0  0.0001121167
2 1 7 0  -0.0021917232
2 2 0 0  0.0009535601
2 2 2 0  0.0133753029
2 2 4 0  -0.0000050436
2 2 6 0  0.0009137550
2 3 1 0  0.0009535601
2 3 3 0  0.0133753029
2 3 5 0  -0.0000050436
2 3 7 0  0.0009137550
2 4 0 0  0.0001121167
2 4 2 0  -0.0000050436
2 4 4 0  -0.0021227416
2 4 6 0  -0.0000518734
2 5 1 0  0.0001121167
2 5 3 0  -0.0000050436
2 5 5 0  -0.0021227416
2 5 7 0  -0.0000518734
2 6 0 0  -0.0021917232
2 6 2 0  0.0009137550
2 6 4 0  -0.0000518734
2 6 6 0  -0.0060110158
2 7 1 0  -0.0021917232
2 7 3 0  0.0009137550
2 7 5 0  -0.0000518734
2 7 7 0  -0.0060110158
2 8 8 0  -0.0064501316
2 9 9 0  -0.0064501316
2 10 10 0  -0.0064501316
2 11 11 0  -0.0064501316
2 0 0 2  0.0724159637
2 0 2 2  0.0133753029
2 0 4 2  -0.0021227416
2 0 6 2  -0.0119860962
2 1 1 2  0.0724159637
2 1 3 2  0.0133753029
2 1 5 2  -0.0021227416
2 1 7 2  -0.0119860962
2 2 0 2  0.0133753029
2 2 2 2  0.3850164589
2 2 4 2  0.0000684593
2 2 6 2  0.0153754647
2 3 1 2  0.0133753029
2 3 3 2  0.3850164589
2 3 5 2  0.0000684593
2 3 7 2  0.0153754647
2 4 0 2  -0.0021227416
2 4 2 2  0.0000684593
2 4 4 2  0.0360974344
2 4 6 2  0.0020445957
2 5 1 2  -0.0021227416
2 5 3 2  0.0000684593
2 5 5 2  0.0360974344
2 5 7 2  0.0020445957
2 6 0 2  -0.0119860962
2 6 2 2  0.0153754647
2 6 4 2  0.0020445957
2 6 6 2  0.0759080113
2 7 1 2  -0.0119860962
2 7 3 2  0.0153754647
2 7 5 2  0.0020445957
2 7 7 2  0.0759080113
2 8 8 2  0.0703236363
2 9 9 2  0.0703236363
2 10 10 2  0.0703236363
2 11 11 2  0.0703236363
2 0 0 4  0.0001117129
2 0 2 4  -0.0000050436
2 0 4 4  -0.0000050436
2 1 1 4  0.0001117129
2 1 3 4  -0.0000050436
2 1 5 4  -0.0000050436
2 2 0 4  -0.0000050436
2 2 2 4  0.0000684593
2 2 4 4  0.0000006789
2 2 6 4  0.0000043923
2 3 1 4  -0.0000050436
2 3 3 4  0.0000684593
2 3 5 4  0.0000006789
2 3 7 4  0.0000043923
2 4 0 4  -0.0000050436
2 4 2 4  0.0000006789
2 4 4 4  0.0000684593
2 4 6 4  -0.0000043923
2 5 1 4  -0.0000050436
2 5 3 4  0.0000006789
2 5 5 4  0.0000684593
2 5 7 4  -0.0000043923
2 6 2 4  0.0000043923
2 6 4 4  -0.0000043923
2 6 6 4  0.0000767341
2 7 3 4  0.0000043923
2 7 5 4  -0.0000043923
2 7 7 4  0.0000767341
2 8 8 4  0.0001362169
2 9 9 4  0.0001362169
2 10 10 4  0.0001362169
2 11 11 4  0.0001362169
2 0 0 6  -0.0049210947
2 0 2 6  0.0009137550
2 0 4 6  0.0000518734
2 0 6 6  -0.0022152677
2 1 1 6  -0.0049210947
2 1 3 6  0.0009137550
2 1 5 6  0.0000518734
2 1 7 6  -0.0022152677
2 2 0 6  0.0009137550
2 2 2 6  0.0153754647
2 2 4 6  0.0000043923
2 2 6 6  0.0010991575
2 3 1 6  0.0009137550
2 3 3 6  0.0153754647
2 3 5 6  0.0000043923
2 3 7 6  0.0010991575
2 4 0 6  0.0000518734
2 4 2 6  0.0000043923
2 4 4 6  -0.0020445957
2 4 6 6  -0.0000402529
2 5 1 6  0.0000518734
2 5 3 6  0.0000043923
2 5 5 6  -0.0020445957
2 5 7 6  -0.0000402529
2 6 0 6  -0.0022152677
2 6 2 6  0.0010991575
2 6 4 6  -0.0000402529
2 6 6 6  -0.0055752815
2 7 1 6  -0.0022152677
2 7 3 6  0.0010991575
2 7 5 6  -0.0000402529
2 7 7 6  -0.0055752815
2 8 8 6  -0.0048112386
2 9 9 6  -0.0048112386
2 10 10 6  -0.0048112386
2 11 11 6  -0.0048112386
2 0 8 8  -0.0021881507
2 1 9 8  -0.0021881507
2 2 8 8  0.0001263879
2 3 9 8  0.0001263879
2 4 8 8  0.0000973074
2 5 9 8  0.0000973074
2 6 8 8  -0.0004042202
2 7 9 8  -0.0004042202
2 8 0 8  -0.0021881507
2 8 2 8  0.0001263879
2 8 4 8  0.0000973074
2 8 6 8  -0.0004042202
2 9 1 8  -0.0021881507
2 9 3 8  0.0001263879
2 9 5 8  0.0000973074
2 9 7 8  -0.0004042202
2 0 10 10  -0.0021881507
2 1 11 10  -0.0021881507
2 2 10 10  0.0001263879
2 3 11 10  0.0001263879
2 4 10 10  0.0000973074
2 5 11 10  0.0000973074
2 6 10 10  -0.0004042202
2 7 11 10  -0.0004042202
2 10 0 10  -0.0021881507
2 10 2 10  0.0001263879
2 10 4 10  0.0000973074
2 10 6 10  -0.0004042202
2 11 1 10  -0.0021881507
2 11 3 10  0.0001263879
2 11 5 10  0.0000973074
2 11 7 10  -0.0004042202
3 0 0 1  -0.0061253939
3 0 2 1  0.0009535601
3 0 4 1  0.0001121167
3 0 6 1  -0.0021917232
3 1 1 1  -0.0061253939
3 1 3 1  0.0009535601
3 1 5 1  0.0001121167
3 1 7 1  -0.0021917232
3 2 0 1  0.0009535601
3 2 2 1  0.0133753029
3 2 4 1  -0.0000050436
3 2 6 1  0.0009137550
3 3 1 1  0.0009535601
3 3 3 1  0.0133753029
3 3 5 1  -0.0000050436
3 3 7 1  0.0009137550
3 4 0 1  0.0001121167
3 4 2 1  -0.0000050436
3 4 4 1  -0.0021227416
3 4 6 1  -0.0000518734
3 5 1 1  0.0001121167
3 5 3 1  -0.0000050436
3 5 5 1  -0.0021227416
3 5 7 1  -0.0000518734
3 6 0 1  -0.0021917232
3 6 2 1  0.0009137550
3 6 4 1  -0.0000518734
3 6 6 1  -0.0060110158
3 7 1 1  -0.0021917232
3 7 3 1  0.0009137550
3 7 5 1  -0.0000518734
3 7 7 1  -0.0060110158
3 8 8 1  -0.0064501316
3 9 9 1  -0.0064501316
3 10 10 1  -0.0064501316
3 11 11 1  -0.0064501316
3 0 0 3  0.0724159637
3 0 2 3  0.0133753029
3 0 4 3  -0.0021227416
3 0 6 3  -0.0119860962
3 1 1 3  0.0724159637
3 1 3 3  0.0133753029
3 1 5 3  -0.0021227416
3 1 7 3  -0.0119860962
3 2 0 3  0.0133753029
3 2 2 3  0.3850164589
3 2 4 3  0.0000684593
3 2 6 3  0.0153754647
3 3 1 3  0.0133753029
3 3 3 3  0.3850164589
3 3 5 3  0.0000684593
3 3 7 3  0.0153754647
3 4 0 3  -0.0021227416
3 4 2 3  0.0000684593
3 4 4 3  0.0360974344
3 4 6 3  0.0020445957
3 5 1 3  -0.0021227416
3 5 3 3  0.0000684593
3 5 5 3  0.0360974344
3 5 7 3  0.0020445957
3 6 0 3  -0.0119860962
3 6 2 3  0.0153754647
3 6 4 3  0.0020445957
3 6 6 3  0.0759080113
3 7 1 3  -0.0119860962
3 7 3 3  0.0153754647
3 7 5 3  0.0020445957
3 7 7 3  0.0759080113
3 8 8 3  0.0703236363
3 9 9 3  0.0703236363
3 10 10 3  0.0703236363
3 11 11 3  0.0703236363
3 0 0 5  0.0001117129
3 0 2 5  -0.0000050436
3 0 4 5  -0.0000050436
3 1 1 5  0.0001117129
3 1 3 5  -0.0000050436
3 1 5 5  -0.0000050436
3 2 0 5  -0.0000050436
3 2 2 5  0.0000684593
3 2 4 5  0.0000006789
3 2 6 5  0.0000043923
3 3 1 5  -0.0000050436
3 3 3 5  0.0000684593
3 3 5 5  0.0000006789
3 3 7 5  0.0000043923
3 4 0 5  -0.0000050436
3 4 2 5  0.0000006789
3 4 4 5  0.0000684593
3 4 6 5  -0.0000043923
3 5 1 5  -0.0000050436
3 5 3 5  0.0000006789
3 5 5 5  0.0000684593
3 5 7 5  -0.0000043923
3 6 2 5  0.0000043923
3 6 4 5  -0.0000043923
3 6 6 5  0.0000767341
3 7 3 5  0.0000043923
3 7 5 5  -0.0000043923
3 7 7 5  0.0000767341
3 8 8 5  0.0001362169
3 9 9 5  0.0001362169
3 10 10 5  0.0001362169
3 11 11 5  0.0001362169
3 0 0 7  -0.0049210947
3 0 2 7  0.0009137550
3 0 4 7  0.0000518734
3 0 6 7  -0.0022152677
3 1 1 7  -0.0049210947
3 1 3 7  0.0009137550
3 1 5 7  0.0000518734
3 1 7 7  -0.0022152677
3 2 0 7  0.0009137550
3 2 2 7  0.0153754647
3 2 4 7  0.0000043923
3 2 6 7  0.0010991575
3 3 1 7  0.0009137550
3 3 3 7  0.0153754647
3 3 5 7  0.0000043923
3 3 7 7  0.0010991575
3 4 0 7  0.0000518734
3 4 2 7  0.0000043923
3 4 4 7  -0.0020445957
3 4 6 7  -0.0000402529
3 5 1 7  0.0000518734
3 5 3 7  0.0000043923
3 5 5 7  -0.0020445957
3 5 7 7  -0.0000402529
3 6 0 7  -0.0022152677
3 6 2 7  0.0010991575
3 6 4 7  -0.0000402529
3 6 6 7  -0.0055752815
3 7 1 7  -0.0022152677
3 7 3 7  0.0010991575
3 7 5 7  -0.0000402529
3 7 7 7  -0.0055752815
3 8 8 7  -0.0048112386
3 9 9 7  -0.0048112386
3 10 10 7  -0.0048112386
3 11 11 7  -0.0048112386
3 0 8 9  -0.0021881507
3 1 9 9  -0.0021881507
3 2 8 9  0.0001263879
3 3 9 9  0.0001263879
3 4 8 9  0.0000973074
3 5 9 9  0.0000973074
3 6 8 9  -0.0004042202
3 7 9 9  -0.0004042202
3 8 0 9  -0.0021881507
3 8 2 9  0.0001263879
3 8 4 9  0.0000973074
3 8 6 9  -0.0004042202
3 9 1 9  -0.0021881507
3 9 3 9  0.0001263879
3 9 5 9  0.0000973074
3 9 7 9  -0.0004042202
3 0 10 11  -0.0021881507
3 1 11 11  -0.0021881507
3 2 10 11  0.0001263879
3 3 11 11  0.0001263879
3 4 10 11  0.0000973074
3 5 11 11  0.0000973074
3 6 10 11  -0.0004042202
3 7 11 11  -0.0004042202
3 10 0 11  -0.0021881507
3 10 2 11  0.0001263879
3 10 4 11  0.0000973074
3 10 6 11  -0.0004042202
3 11 1 11  -0.0021881507
3 11 3 11  0.0001263879
3 11 5 11  0.0000973074
3 11 7 11  -0.0004042202
4 0 0 0  -0.0061253939
4 0 2 0  0.0001121167
4 0 4 0  0.0009535601
4 0 6 0  0.0021917232
4 1 1 0  -0.0061253939
4 1 3 0  0.0001121167
4 1 5 0  0.0009535601
4 1 7 0  0.0021917232
4 2 0 0  0.0001121167
4 2 2 0  -0.0021227416
4 2 4 0  -0.0000050436
4 2 6 0  0.0000518734
4 3 1 0  0.0001121167
4 3 3 0  -0.0021227416
4 3 5 0  -0.0000050436
4 3 7 0  0.0000518734
4 4 0 0  0.0009535601
4 4 2 0  -0.0000050436
4 4 4 0  0.0133753029
4 4 6 0  -0.0009137550
4 5 1 0  0.0009535601
4 5 3 0  -0.0000050436
4 5 5 0  0.0133753029
4 5 7 0  -0.0009137550
4 6 0 0  0.0021917232
4 6 2 0  0.0000518734
4 6 4 0  -0.0009137550
4 6 6 0  -0.0060110158
4 7 1 0  0.0021917232
4 7 3 0  0.0000518734
4 7 5 0  -0.0009137550
4 7 7 0  -0.0060110158
4 8 8 0  -0.0064501316
4 9 9 0  -0.0064501316
4 10 10 0  -0.0064501316
4 11 11 0  -0.0064501316
4 0 0 2  0.0001117129
4 0 2 2  -0.0000050436
4 0 4 2  -0.0000050436
4 1 1 2  0.0001117129
4 1 3 2  -0.0000050436
4 1 5 2  -0.0000050436
4 2 0 2  -0.0000050436
4 2 2 2  0.0000684593
4 2 4 2  0.0000006789
4 2 6 2  0.0000043923
4 3 1 2  -0.0000050436
4 3 3 2  0.0000684593
4 3 5 2  0.0000006789
4 3 7 2  0.0000043923
4 4 0 2  -0.0000050436
4 4 2 2  0.0000006789
4 4 4 2  0.0000684593
4 4 6 2  -0.0000043923
4 5 1 2  -0.0000050436
4 5 3 2  0.0000006789
4 5 5 2  0.0000684593
4 5 7 2  -0.0000043923
4 6 2 2  0.0000043923
4 6 4 2  -0.0000043923
4 6 6 2  0.0000767341
4 7 3 2  0.0000043923
4 7 5 2  -0.0000043923
4 7 7 2  0.0000767341
4 8 8 2  0.0001362169
4 9 9 2  0.0001362169
4 10 10 2  0.0001362169
4 11 11 2  0.0001362169
4 0 0 4  0.0724159637
4 0 2 4  -0.0021227416
4 0 4 4  0.0133753029
4 0 6 4  0.0119860962
4 1 1 4  0.0724159637
4 1 3 4  -0.0021227416
4 1 5 4  0.0133753029
4 1 7 4  0.0119860962
4 2 0 4  -0.0021227416
4 2 2 4  0.0360974344
4 2 4 4  0.0000684593
4 2 6 4  -0.0020445957
4 3 1 4  -0.0021227416
4 3 3 4  0.0360974344
4 3 5 4  0.0000684593
4 3 7 4  -0.0020445957
4 4 0 4  0.0133753029
4 4 2 4  0.0000684593
4 4 4 4  0.3850164589
4 4 6 4  -0.0153754647
4 5 1 4  0.0133753029
4 5 3 4  0.0000684593
4 5 5 4  0.3850164589
4 5 7 4  -0.0153754647
4 6 0 4  0.0119860962
4 6 2 4  -0.0020445957
4 6 4 4  -0.0153754647
4 6 6 4  0.0759080113
4 7 1 4  0.0119860962
4 7 3 4  -0.0020445957
4 7 5 4  -0.0153754647
4 7 7 4  0.0759080113
4 8 8 4  0.0703236363
4 9 9 4  0.0703236363
4 10 10 4  0.0703236363
4 11 11 4  0.0703236363
4 0 0 6  0.0049210947
4 0 2 6  -0.0000518734
4 0 4 6  -0.0009137550
4 0 6 6  -0.0022152677
4 1 1 6  0.0049210947
4 1 3 6  -0.0000518734
4 1 5 6  -0.0009137550
4 1 7 6  -0.0022152677
4 2 0 6  -0.0000518734
4 2 2 6  0.0020445957
4 2 4 6  -0.0000043923
4 2 6 6  -0.0000402529
4 3 1 6  -0.0000518734
4 3 3 6  0.0020445957
4 3 5 6  -0.0000043923
4 3 7 6  -0.0000402529
4 4 0 6  -0.0009137550
4 4 2 6  -0.0000043923
4 4 4 6  -0.0153754647
4 4 6 6  0.0010991575
4 5 1 6  -0.0009137550
4 5 3 6  -0.0000043923
4 5 5 6  -0.0153754647
4 5 7 6  0.0010991575
4 6 0 6  -0.0022152677
4 6 2 6  -0.0000402529
4 6 4 6  0.0010991575
4 6 6 6  0.0055752815
4 7 1 6  -0.0022152677
4 7 3 6  -0.0000402529
4 7 5 6  0.0010991575
4 7 7 6  0.0055752815
4 8 8 6  0.0048112386
4 9 9 6  0.0048112386
4 10 10 6  0.0048112386
4 11 11 6  0.0048112386
4 0 8 8  -0.0021881507
4 1 9 8  -0.0021881507
4 2 8 8  0.0000973074
4 3 9 8  0.0000973074
4 4 8 8  0.0001263879
4 5 9 8  0.0001263879
4 6 8 8  0.0004042202
4 7 9 8  0.0004042202
4 8 0 8  -0.0021881507
4 8 2 8  0.0000973074
4 8 4 8  0.0001263879
4 8 6 8  0.0004042202
4 9 1 8  -0.0021881507
4 9 3 8  0.0000973074
4 9 5 8  0.0001263879
4 9 7 8  0.0004042202
4 0 10 10  -0.0021881507
4 1 11 10  -0.0021881507
4 2 10 10  0.0000973074
4 3 11 10  0.0000973074
4 4 10 10  0.0001263879
4 5 11 10  0.0001263879
4 6 10 10  0.0004042202
4 7 11 10  0.0004042202
4 10 0 10  -0.0021881507
4 10 2 10  0.0000973074
4 10 4 10  0.0001263879
4 10 6 10  0.0004042202
4 11 1 10  -0.0021881507
4 11 3 10  0.0000973074
4 11 5 10  0.0001263879
4 11 7 10  0.0004042202
5 0 0 1  -0.0061253939
5 0 2 1  0.0001121167
5 0 4 1  0.0009535601
5 0 6 1  0.0021917232
5 1 1 1  -0.0061253939
5 1 3 1  0.0001121167
5 1 5 1  0.0009535601
5 1 7 1  0.0021917232
5 2 0 1  0.0001121167
5 2 2 1  -0.0021227416
5 2 4 1  -0.0000050436
5 2 6 1  0.0000518734
5 3 1 1  0.0001121167
5 3 3 1  -0.0021227416
5 3 5 1  -0.0000050436
5 3 7 1  0.0000518734
5 4 0 1  0.0009535601
5 4 2 1  -0.0000050436
5 4 4 1  0.0133753029
5 4 6 1  -0.0009137550
5 5 1 1  0.0009535601
5 5 3 1  -0.0000050436
5 5 5 1  0.0133753029
5 5 7 1  -0.0009137550
5 6 0 1  0.0021917232
5 6 2 1  0.0000518734
5 6 4 1  -0.0009137550
5 6 6 1  -0.0060110158
5 7 1 1  0.0021917232
5 7 3 1  0.0000518734
5 7 5 1  -0.0009137550
5 7 7 1  -0.0060110158
5 8 8 1  -0.0064501316
5 9 9 1  -0.0064501316
5 10 10 1  -0.0064501316
5 11 11 1  -0.0064501316
5 0 0 3  0.0001117129
5 0 2 3  -0.0000050436
5 0 4 3  -0.0000050436
5 1 1 3  0.0001117129
5 1 3 3  -0.0000050436
5 1 5 3  -0.0000050436
5 2 0 3  -0.0000050436
5 2 2 3  0.0000684593
5 2 4 3  0.0000006789
5 2 6 3  0.0000043923
5 3 1 3  -0.0000050436
5 3 3 3  0.0000684593
5 3 5 3  0.0000006789
5 3 7 3  0.0000043923
5 4 0 3  -0.0000050436
5 4 2 3  0.0000006789
5 4 4 3  0.0000684593
5 4 6 3  -0.0000043923
5 5 1 3  -0.0000050436
5 5 3 3  0.0000006789
5 5 5 3  0.0000684593
5 5 7 3  -0.0000043923
5 6 2 3  0.0000043923
5 6 4 3  -0.0000043923
5 6 6 3  0.0000767341
5 7 3 3  0.0000043923
5 7 5 3  -0.0000043923
5 7 7 3  0.0000767341
5 8 8 3  0.0001362169
5 9 9 3  0.0001362169
5 10 10 3  0.0001362169
5 11 11 3  0.0001362169
5 0 0 5  0.0724159637
5 0 2 5  -0.0021227416
5 0 4 5  0.0133753029
5 0 6 5  0.0119860962
5 1 1 5  0.0724159637
5 1 3 5  -0.0021227416
5 1 5 5  0.0133753029
5 1 7 5  0.0119860962
5 2 0 5  -0.0021227416
5 2 2 5  0.0360974344
5 2 4 5  0.0000684593
5 2 6 5  -0.0020445957
5 3 1 5  -0.0021227416
5 3 3 5  0.0360974344
5 3 5 5  0.0000684593
5 3 7 5  -0.0020445957
5 4 0 5  0.0133753029
5 4 2 5  0.0000684593
5 4 4 5  0.3850164589
5 4 6 5  -0.0153754647
5 5 1 5  0.0133753029
5 5 3 5  0.0000684593
5 5 5 5  0.3850164589
5 5 7 5  -0.0153754647
5 6 0 5  0.0119860962
5 6 2 5  -0.0020445957
5 6 4 5  -0.0153754647
5 6 6 5  0.0759080113
5 7 1 5  0.0119860962
5 7 3 5  -0.0020445957
5 7 5 5  -0.0153754647
5 7 7 5  0.0759080113
5 8 8 5  0.0703236363
5 9 9 5  0.0703236363
5 10 10 5  0.0703236363
5 11 11 5  0.0703236363
5 0 0 7  0.0049210947
5 0 2 7  -0.0000518734
5 0 4 7  -0.0009137550
5 0 6 7  -0.0022152677
5 1 1 7  0.0049210947
5 1 3 7  -0.0000518734
5 1 5 7  -0.0009137550
5 1 7 7  -0.0022152677
5 2 0 7  -0.0000518734
5 2 2 7  0.0020445957
5 2 4 7  -0.0000043923
5 2 6 7  -0.0000402529
5 3 1 7  -0.0000518734
5 3 3 7  0.0020445957
5 3 5 7  -0.0000043923
5 3 7 7  -0.0000402529
5 4 0 7  -0.0009137550
5 4 2 7  -0.0000043923
5 4 4 7  -0.0153754647
5 4 6 7  0.0010991575
5 5 1 7  -0.0009137550
5 5 3 7  -0.0000043923
5 5 5 7  -0.0153754647
5 5 7 7  0.0010991575
5 6 0 7  -0.0022152677
5 6 2 7  -0.0000402529
5 6 4 7  0.0010991575
5 6 6 7  0.0055752815
5 7 1 7  -0.0022152677
5 7 3 7  -0.0000402529
5 7 5 7  0.0010991575
5 7 7 7  0.0055752815
5 8 8 7  0.0048112386
5 9 9 7  0.0048112386
5 10 10 7  0.0048112386
5 11 11 7  0.0048112386
5 0 8 9  -0.0021881507
5 1 9 9  -0.0021881507
5 2 8 9  0.0000973074
5 3 9 9  0.0000973074
5 4 8 9  0.0001263879
5 5 9 9  0.0001263879
5 6 8 9  0.0004042202
5 7 9 9  0.0004042202
5 8 0 9  -0.0021881507
5 8 2 9  0.0000973074
5 8 4 9  0.0001263879
5 8 6 9  0.0004042202
5 9 1 9  -0.0021881507
5 9 3 9  0.0000973074
5 9 5 9  0.0001263879
5 9 7 9  0.0004042202
5 0 10 11  -0.0021881507
5 1 11 11  -0.0021881507
5 2 10 11  0.0000973074
5 3 11 11  0.0000973074
5 4 10 11  0.0001263879
5 5 11 11  0.0001263879
5 6 10 11  0.0004042202
5 7 11 11  0.0004042202
5 10 0 11  -0.0021881507
5 10 2 11  0.0000973074
5 10 4 11  0.0001263879
5 10 6 11  0.0004042202
5 11 1 11  -0.0021881507
5 11 3 11  0.0000973074
5 11 5 11  0.0001263879
5 11 7 11  0.0004042202
6 0 2 0  -0.0021917232
6 0 4 0  0.0021917232
6 0 6 0  0.0431376392
6 1 3 0  -0.0021917232
6 1 5 0  0.0021917232
6 1 7 0  0.0431376392
6 2 0 0  -0.0021917232
6 2 2 0  -0.0119860962
6 2 6 0  -0.0022152677
6 3 1 0  -0.0021917232
6 3 3 0  -0.0119860962
6 3 7 0  -0.0022152677
6 4 0 0  0.0021917232
6 4 4 0  0.0119860962
6 4 6 0  -0.0022152677
6 5 1 0  0.0021917232
6 5 5 0  0.0119860962
6 5 7 0  -0.0022152677
6 6 0 0  0.0431376392
6 6 2 0  -0.0022152677
6 6 4 0  -0.0022152677
6 7 1 0  0.0431376392
6 7 3 0  -0.0022152677
6 7 5 0  -0.0022152677
6 0 0 2  -0.0049210947
6 0 2 2  0.0009137550
6 0 4 2  0.0000518734
6 0 6 2  -0.0022152677
6 1 1 2  -0.0049210947
6 1 3 2  0.0009137550
6 1 5 2  0.0000518734
6 1 7 2  -0.0022152677
6 2 0 2  0.0009137550
6 2 2 2  0.0153754647
6 2 4 2  0.0000043923
6 2 6 2  0.0010991575
6 3 1 2  0.0009137550
6 3 3 2  0.0153754647
6 3 5 2  0.0000043923
6 3 7 2  0.0010991575
6 4 0 2  0.0000518734
6 4 2 2  0.0000043923
6 4 4 2  -0.0020445957
6 4 6 2  -0.0000402529
6 5 1 2  0.0000518734
6 5 3 2  0.0000043923
6 5 5 2  -0.0020445957
6 5 7 2  -0.0000402529
6 6 0 2  -0.0022152677
6 6 2 2  0.0010991575
6 6 4 2  -0.0000402529
6 6 6 2  -0.0055752815
6 7 1 2  -0.0022152677
6 7 3 2  0.0010991575
6 7 5 2  -0.0000402529
6 7 7 2  -0.0055752815
6 8 8 2  -0.0048112386
6 9 9 2  -0.0048112386
6 10 10 2  -0.0048112386
6 11 11 2  -0.0048112386
6 0 0 4  0.0049210947
6 0 2 4  -0.0000518734
6 0 4 4  -0.0009137550
6 0 6 4  -0.0022152677
6 1 1 4  0.0049210947
6 1 3 4  -0.0000518734
6 1 5 4  -0.0009137550
6 1 7 4  -0.0022152677
6 2 0 4  -0.0000518734
6 2 2 4  0.0020445957
6 2 4 4  -0.0000043923
6 2 6 4  -0.0000402529
6 3 1 4  -0.0000518734
6 3 3 4  0.0020445957
6 3 5 4  -0.0000043923
6 3 7 4  -0.0000402529
6 4 0 4  -0.0009137550
6 4 2 4  -0.0000043923
6 4 4 4  -0.0153754647
6 4 6 4  0.0010991575
6 5 1 4  -0.0009137550
6 5 3 4  -0.0000043923
6 5 5 4  -0.0153754647
6 5 7 4  0.0010991575
6 6 0 4  -0.0022152677
6 6 2 4  -0.0000402529
6 6 4 4  0.0010991575
6 6 6 4  0.0055752815
6 7 1 4  -0.0022152677
6 7 3 4  -0.0000402529
6 7 5 4  0.0010991575
6 7 7 4  0.0055752815
6 8 8 4  0.0048112386
6 9 9 4  0.0048112386
6 10 10 4  0.0048112386
6 11 11 4  0.0048112386
6 0 0 6  0.2040536674
6 0 2 6  -0.0060110158
6 0 4 6  -0.0060110158
6 1 1 6  0.2040536674
6 1 3 6  -0.0060110158
6 1 5 6  -0.0060110158
6 2 0 6  -0.0060110158
6 2 2 6  0.0759080113
6 2 4 6  0.0000767341
6 2 6 6  -0.0055752815
6 3 1 6  -0.0060110158
6 3 3 6  0.0759080113
6 3 5 6  0.0000767341
6 3 7 6  -0.0055752815
6 4 0 6  -0.0060110158
6 4 2 6  0.0000767341
6 4 4 6  0.0759080113
6 4 6 6  0.0055752815
6 5 1 6  -0.0060110158
6 5 3 6  0.0000767341
6 5 5 6  0.0759080113
6 5 7 6  0.0055752815
6 6 2 6  -0.0055752815
6 6 4 6  0.0055752815
6 6 6 6  0.2244547623
6 7 3 6  -0.0055752815
6 7 5 6  0.0055752815
6 7 7 6  0.2244547623
6 8 8 6  0.2004932277
6 9 9 6  0.2004932277
6 10 10 6  0.2004932277
6 11 11 6  0.2004932277
6 2 8 8  -0.0004042202
6 3 9 8  -0.0004042202
6 4 8 8  0.0004042202
6 5 9 8  0.0004042202
6 6 8 8  0.0121177547
6 7 9 8  0.0121177547
6 8 2 8  -0.0004042202
6 8 4 8  0.0004042202
6 8 6 8  0.0121177547
6 9 3 8  -0.0004042202
6 9 5 8  0.0004042202
6 9 7 8  0.0121177547
6 2 10 10  -0.0004042202
6 3 11 10  -0.0004042202
6 4 10 10  0.0004042202
6 5 11 10  0.0004042202
6 6 10 10  0.0121177547
6 7 11 10  0.0121177547
6 10 2 10  -0.0004042202
6 10 4 10  0.0004042202
6 10 6 10  0.0121177547
6 11 3 10  -0.0004042202
6 11 5 10  0.0004042202
6 11 7 10  0.0121177547
7 0 2 1  -0.0021917232
7 0 4 1  0.0021917232
7 0 6 1  0.0431376392
7 1 3 1  -0.0021917232
7 1 5 1  0.0021917232
7 1 7 1  0.0431376392
7 2 0 1  -0.0021917232
7 2 2 1  -0.0119860962
7 2 6 1  -0.0022152677
7 3 1 1  -0.0021917232
7 3 3 1  -0.0119860962
7 3 7 1  -0.0022152677
7 4 0 1  0.0021917232
7 4 4 1  0.0119860962
7 4 6 1  -0.0022152677
7 5 1 1  0.0021917232
7 5 5 1  0.0119860962
7 5 7 1  -0.0022152677
7 6 0 1  0.0431376392
7 6 2 1  -0.0022152677
7 6 4 1  -0.0022152677
7 7 1 1  0.0431376392
7 7 3 1  -0.0022152677
7 7 5 1  -0.0022152677
7 0 0 3  -0.0049210947
7 0 2 3  0.0009137550
7 0 4 3  0.0000518734
7 0 6 3  -0.0022152677
7 1 1 3  -0.0049210947
7 1 3 3  0.0009137550
7 1 5 3  0.0000518734
7 1 7 3  -0.0022152677
7 2 0 3  0.0009137550
7 2 2 3  0.0153754647
7 2 4 3  0.0000043923
7 2 6 3  0.0010991575
7 3 1 3  0.0009137550
7 3 3 3  0.0153754647
7 3 5 3  0.0000043923
7 3 7 3  0.0010991575
7 4 0 3  0.0000518734
7 4 2 3  0.0000043923
7 4 4 3  -0.0020445957
7 4 6 3  -0.0000402529
7 5 1 3  0.0000518734
7 5 3 3  0.0000043923
7 5 5 3  -0.0020445957
7 5 7 3  -0.0000402529
7 6 0 3  -0.0022152677
7 6 2 3  0.0010991575
7 6 4 3  -0.0000402529
7 6 6 3  -0.0055752815
7 7 1 3  -0.0022152677
7 7 3 3  0.0010991575
7 7 5 3  -0.0000402529
7 7 7 3  -0.0055752815
7 8 8 3  -0.0048112386
7 9 9 3  -0.0048112386
7 10 10 3  -0.0048112386
7 11 11 3  -0.0048112386
7 0 0 5  0.0049210947
7 0 2 5  -0.0000518734
7 0 4 5  -0.0009137550
7 0 6 5  -0.0022152677
7 1 1 5  0.0049210947
7 1 3 5  -0.0000518734
7 1 5 5  -0.0009137550
7 1 7 5  -0.0022152677
7 2 0 5  -0.0000518734
7 2 2 5  0.0020445957
7 2 4 5  -0.0000043923
7 2 6 5  -0.0000402529
7 3 1 5  -0.0000518734
7 3 3 5  0.0020445957
7 3 5 5  -0.0000043923
7 3 7 5  -0.0000402529
7 4 0 5  -0.0009137550
7 4 2 5  -0.0000043923
7 4 4 5  -0.0153754647
7 4 6 5  0.0010991575
7 5 1 5  -0.0009137550
7 5 3 5  -0.0000043923
7 5 5 5  -0.0153754647
7 5 7 5  0.0010991575
7 6 0 5  -0.0022152677
7 6 2 5  -0.0000402529
7 6 4 5  0.0010991575
7 6 6 5  0.0055752815
7 7 1 5  -0.0022152677
7 7 3 5  -0.0000402529
7 7 5 5  0.0010991575
7 7 7 5  0.0055752815
7 8 8 5  0.0048112386
7 9 9 5  0.0048112386
7 10 10 5  0.0048112386
7 11 11 5  0.0048112386
7 0 0 7  0.2040536674
7 0 2 7  -0.0060110158
7 0 4 7  -0.0060110158
7 1 1 7  0.2040536674
7 1 3 7  -0.0060110158
7 1 5 7  -0.0060110158
7 2 0 7  -0.0060110158
7 2 2 7  0.0759080113
7 2 4 7  0.0000767341
7 2 6 7  -0.0055752815
7 3 1 7  -0.0060110158
7 3 3 7  0.0759080113
7 3 5 7  0.0000767341
7 3 7 7  -0.0055752815
7 4 0 7  -0.0060110158
7 4 2 7  0.0000767341
7 4 4 7  0.0759080113
7 4 6 7  0.0055752815
7 5 1 7  -0.0060110158
7 5 3 7  0.0000767341
7 5 5 7  0.0759080113
7 5 7 7  0.0055752815
7 6 2 7  -0.0055752815
7 6 4 7  0.0055752815
7 6 6 7  0.2244547623
7 7 3 7  -0.0055752815
7 7 5 7  0.0055752815
7 7 7 7  0.2244547623
7 8 8 7  0.2004932277
7 9 9 7  0.2004932277
7 10 10 7  0.2004932277
7 11 11 7  0.2004932277
7 2 8 9  -0.0004042202
7 3 9 9  -0.0004042202
7 4 8 9  0.0004042202
7 5 9 9  0.0004042202
7 6 8 9  0.0121177547
7 7 9 9  0.0121177547
7 8 2 9  -0.0004042202
7 8 4 9  0.0004042202
7 8 6 9  0.0121177547
7 9 3 9  -0.0004042202
7 9 5 9  0.0004042202
7 9 7 9  0.0121177547
7 2 10 11  -0.0004042202
7 3 11 11  -0.0004042202
7 4 10 11  0.0004042202
7 5 11 11  0.0004042202
7 6 10 11  0.0121177547
7 7 11 11  0.0121177547
7 10 2 11  -0.0004042202
7 10 4 11  0.0004042202
7 10 6 11  0.0121177547
7 11 3 11  -0.0004042202
7 11 5 11  0.0004042202
7 11 7 11  0.0121177547
8 0 8 0  0.0432540989
8 1 9 0  0.0432540989
8 2 8 0  -0.0021881507
8 3 9 0  -0.0021881507
8 4 8 0  -0.0021881507
8 5 9 0  -0.0021881507
8 8 0 0  0.0432540989
8 8 2 0  -0.0021881507
8 8 4 0  -0.0021881507
8 9 1 0  0.0432540989
8 9 3 0  -0.0021881507
8 9 5 0  -0.0021881507
8 0 8 2  -0.0021881507
8 1 9 2  -0.0021881507
8 2 8 2  0.0001263879
8 3 9 2  0.0001263879
8 4 8 2  0.0000973074
8 5 9 2  0.0000973074
8 6 8 2  -0.0004042202
8 7 9 2  -0.0004042202
8 8 0 2  -0.0021881507
8 8 2 2  0.0001263879
8 8 4 2  0.0000973074
8 8 6 2  -0.0004042202
8 9 1 2  -0.0021881507
8 9 3 2  0.0001263879
8 9 5 2  0.0000973074
8 9 7 2  -0.0004042202
8 0 8 4  -0.0021881507
8 1 9 4  -0.0021881507
8 2 8 4  0.0000973074
8 3 9 4  0.0000973074
8 4 8 4  0.0001263879
8 5 9 4  0.0001263879
8 6 8 4  0.0004042202
8 7 9 4  0.0004042202
8 8 0 4  -0.0021881507
8 8 2 4  0.0000973074
8 8 4 4  0.0001263879
8 8 6 4  0.0004042202
8 9 1 4  -0.0021881507
8 9 3 4  0.0000973074
8 9 5 4  0.0001263879
8 9 7 4  0.0004042202
8 2 8 6  -0.0004042202
8 3 9 6  -0.0004042202
8 4 8 6  0.0004042202
8 5 9 6  0.0004042202
8 6 8 6  0.0121177547
8 7 9 6  0.0121177547
8 8 2 6  -0.0004042202
8 8 4 6  0.0004042202
8 8 6 6  0.0121177547
8 9 3 6  -0.0004042202
8 9 5 6  0.0004042202
8 9 7 6  0.0121177547
8 0 0 8  0.2042124184
8 0 2 8  -0.0064501316
8 0 4 8  -0.0064501316
8 1 1 8  0.2042124184
8 1 3 8  -0.0064501316
8 1 5 8  -0.0064501316
8 2 0 8  -0.0064501316
8 2 2 8  0.0703236363
8 2 4 8  0.0001362169
8 2 6 8  -0.0048112386
8 3 1 8  -0.0064501316
8 3 3 8  0.0703236363
8 3 5 8  0.0001362169
8 3 7 8  -0.0048112386
8 4 0 8  -0.0064501316
8 4 2 8  0.0001362169
8 4 4 8  0.0703236363
8 4 6 8  0.0048112386
8 5 1 8  -0.0064501316
8 5 3 8  0.0001362169
8 5 5 8  0.0703236363
8 5 7 8  0.0048112386
8 6 2 8  -0.0048112386
8 6 4 8  0.0048112386
8 6 6 8  0.2004932277
8 7 3 8  -0.0048112386
8 7 5 8  0.0048112386
8 7 7 8  0.2004932277
8 8 8 8  0.2249295452
8 9 9 8  0.2249295452
8 10 10 8  0.2006801623
8 11 11 8  0.2006801623
8 8 10 10  0.0121246913
8 9 11 10  0.0121246913
8 10 8 10  0.0121246913
8 11 9 10  0.0121246913
9 0 8 1  0.0432540989
9 1 9 1  0.0432540989
9 2 8 1  -0.0021881507
9 3 9 1  -0.0021881507
9 4 8 1  -0.0021881507
9 5 9 1  -0.0021881507
9 8 0 1  0.0432540989
9 8 2 1  -0.0021881507
9 8 4 1  -0.0021881507
9 9 1 1  0.0432540989
9 9 3 1  -0.0021881507
9 9 5 1  -0.0021881507
9 0 8 3  -0.0021881507
9 1 9 3  -0.0021881507
9 2 8 3  0.0001263879
9 3 9 3  0.0001263879
9 4 8 3  0.0000973074
9 5 9 3  0.0000973074
9 6 8 3  -0.0004042202
9 7 9 3  -0.0004042202
9 8 0 3  -0.0021881507
9 8 2 3  0.0001263879
9 8 4 3  0.0000973074
9 8 6 3  -0.0004042202
9 9 1 3  -0.0021881507
9 9 3 3  0.0001263879
9 9 5 3  0.0000973074
9 9 7 3  -0.0004042202
9 0 8 5  -0.0021881507
9 1 9 5  -0.0021881507
9 2 8 5  0.0000973074
9 3 9 5  0.0000973074
9 4 8 5  0.0001263879
9 5 9 5  0.0001263879
9 6 8 5  0.0004042202
9 7 9 5  0.0004042202
9 8 0 5  -0.0021881507
9 8 2 5  0.0000973074
9 8 4 5  0.0001263879
9 8 6 5  0.0004042202
9 9 1 5  -0.0021881507
9 9 3 5  0.0000973074
9 9 5 5  0.0001263879
9 9 7 5  0.0004042202
9 2 8 7  -0.0004042202
9 3 9 7  -0.0004042202
9 4 8 7  0.0004042202
9 5 9 7  0.0004042202
9 6 8 7  0.0121177547
9 7 9 7  0.0121177547
9 8 2 7  -0.0004042202
9 8 4 7  0.0004042202
9 8 6 7  0.0121177547
9 9 3 7  -0.0004042202
9 9 5 7  0.0004042202
9 9 7 7  0.0121177547
9 0 0 9  0.2042124184
9 0 2 9  -0.0064501316
9 0 4 9  -0.0064501316
9 1 1 9  0.2042124184
9 1 3 9  -0.0064501316
9 1 5 9  -0.0064501316
9 2 0 9  -0.0064501316
9 2 2 9  0.0703236363
9 2 4 9  0.0001362169
9 2 6 9  -0.0048112386
9 3 1 9  -0.0064501316
9 3 3 9  0.0703236363
9 3 5 9  0.0001362169
9 3 7 9  -0.0048112386
9 4 0 9  -0.0064501316
9 4 2 9  0.0001362169
9 4 4 9  0.0703236363
9 4 6 9  0.0048112386
9 5 1 9  -0.0064501316
9 5 3 9  0.0001362169
9 5 5 9  0.0703236363
9 5 7 9  0.0048112386
9 6 2 9  -0.0048112386
9 6 4 9  0.0048112386
9 6 6 9  0.2004932277
9 7 3 9  -0.0048112386
9 7 5 9  0.0048112386
9 7 7 9  0.2004932277
9 8 8 9  0.2249295452
9 9 9 9  0.2249295452
9 10 10 9  0.2006801623
9 11 11 9  0.2006801623
9 8 10 11  0.0121246913
9 9 11 11  0.0121246913
9 10 8 11  0.0121246913
9 11 9 11  0.0121246913
10 0 10 0  0.0432540989
10 1 11 0  0.0432540989
10 2 10 0  -0.0021881507
10 3 11 0  -0.0021881507
10 4 10 0  -0.0021881507
10 5 11 0  -0.0021881507
10 10 0 0  0.0432540989
10 10 2 0  -0.0021881507
10 10 4 0  -0.0021881507
10 11 1 0  0.0432540989
10 11 3 0  -0.0021881507
10 11 5 0  -0.0021881507
10 0 10 2  -0.0021881507
10 1 11 2  -0.0021881507
10 2 10 2  0.0001263879
10 3 11 2  0.0001263879
10 4 10 2  0.0000973074
10 5 11 2  0.0000973074
10 6 10 2  -0.0004042202
10 7 11 2  -0.0004042202
10 10 0 2  -0.0021881507
10 10 2 2  0.0001263879
10 10 4 2  0.0000973074
10 10 6 2  -0.0004042202
10 11 1 2  -0.0021881507
10 11 3 2  0.0001263879
10 11 5 2  0.0000973074
10 11 7 2  -0.0004042202
10 0 10 4  -0.0021881507
10 1 11 4  -0.0021881507
10 2 10 4  0.0000973074
10 3 11 4  0.0000973074
10 4 10 4  0.0001263879
10 5 11 4  0.0001263879
10 6 10 4  0.0004042202
10 7 11 4  0.0004042202
10 10 0 4  -0.0021881507
10 10 2 4  0.0000973074
10 10 4 4  0.0001263879
10 10 6 4  0.0004042202
10 11 1 4  -0.0021881507
10 11 3 4  0.0000973074
10 11 5 4  0.0001263879
10 11 7 4  0.0004042202
10 2 10 6  -0.0004042202
10 3 11 6  -0.0004042202
10 4 10 6  0.0004042202
10 5 11 6  0.0004042202
10 6 10 6  0.0121177547
10 7 11 6  0.0121177547
10 10 2 6  -0.0004042202
10 10 4 6  0.0004042202
10 10 6 6  0.0121177547
10 11 3 6  -0.0004042202
10 11 5 6  0.0004042202
10 11 7 6  0.0121177547
10 8 10 8  0.0121246913
10 9 11 8  0.0121246913
10 10 8 8  0.0121246913
10 11 9 8  0.0121246913
10 0 0 10  0.2042124184
10 0 2 10  -0.0064501316
10 0 4 10  -0.0064501316
10 1 1 10  0.2042124184
10 1 3 10  -0.0064501316
10 1 5 10  -0.0064501316
10 2 0 10  -0.0064501316
10 2 2 10  0.0703236363
10 2 4 10  0.0001362169
10 2 6 10  -0.0048112386
10 3 1 10  -0.0064501316
10 3 3 10  0.0703236363
10 3 5 10  0.0001362169
10 3 7 10  -0.0048112386
10 4 0 10  -0.0064501316
10 4 2 10  0.0001362169
10 4 4 10  0.0703236363
10 4 6 10  0.0048112386
10 5 1 10  -0.0064501316
10 5 3 10  0.0001362169
10 5 5 10  0.0703236363
10 5 7 10  0.0048112386
10 6 2 10  -0.0048112386
10 6 4 10  0.0048112386
10 6 6 10  0.2004932277
10 7 3 10  -0.0048112386
10 7 5 10  0.0048112386
10 7 7 10  0.2004932277
10 8 8 10  0.2006801623
10 9 9 10  0.2006801623
10 10 10 10  0.2249295452
10 11 11 10  0.2249295452
11 0 10 1  0.0432540989
11 1 11 1  0.0432540989
11 2 10 1  -0.0021881507
11 3 11 1  -0.0021881507
11 4 10 1  -0.0021881507
11 5 11 1  -0.0021881507
11 10 0 1  0.0432540989
11 10 2 1  -0.0021881507
11 10 4 1  -0.0021881507
11 11 1 1  0.0432540989
11 11 3 1  -0.0021881507
11 11 5 1  -0.0021881507
11 0 10 3  -0.0021881507
11 1 11 3  -0.0021881507
11 2 10 3  0.0001263879
11 3 11 3  0.0001263879
11 4 10 3  0.0000973074
11 5 11 3  0.0000973074
11 6 10 3  -0.0004042202
11 7 11 3  -0.0004042202
11 10 0 3  -0.0021881507
11 10 2 3  0.0001263879
11 10 4 3  0.0000973074
11 10 6 3  -0.0004042202
11 11 1 3  -0.0021881507
11 11 3 3  0.0001263879
11 11 5 3  0.0000973074
11 11 7 3  -0.0004042202
11 0 10 5  -0.0021881507
11 1 11 5  -0.0021881507
11 2 10 5  0.0000973074
11 3 11 5  0.0000973074
11 4 10 5  0.0001263879
11 5 11 5  0.0001263879
11 6 10 5  0.0004042202
11 7 11 5  0.0004042202
11 10 0 5  -0.0021881507
11 10 2 5  0.0000973074
11 10 4 5  0.0001263879
11 10 6 5  0.0004042202
11 11 1 5  -0.0021881507
11 11 3 5  0.0000973074
11 11 5 5  0.0001263879
11 11 7 5  0.0004042202
11 2 10 7  -0.0004042202
11 3 11 7  -0.0004042202
11 4 10 7  0.0004042202
11 5 11 7  0.0004042202
11 6 10 7  0.0121177547
11 7 11 7  0.0121177547
11 10 2 7  -0.0004042202
11 10 4 7  0.0004042202
11 10 6 7  0.0121177547
11 11 3 7  -0.0004042202
11 11 5 7  0.0004042202
11 11 7 7  0.0121177547
11 8 10 9  0.0121246913
11 9 11 9  0.0121246913
11 10 8 9  0.0121246913
11 11 9 9  0.0121246913
11 0 0 11  0.2042124184
11 0 2 11  -0.0064501316
11 0 4 11  -0.0064501316
11 1 1 11  0.2042124184
11 1 3 11  -0.0064501316
11 1 5 11  -0.0064501316
11 2 0 11  -0.0064501316
11 2 2 11  0.0703236363
11 2 4 11  0.0001362169
11 2 6 11  -0.0048112386
11 3 1 11  -0.0064501316
11 3 3 11  0.0703236363
11 3 5 11  0.0001362169
11 3 7 11  -0.0048112386
11 4 0 11  -0.0064501316
11 4 2 11  0.0001362169
11 4 4 11  0.0703236363
11 4 6 11  0.0048112386
11 5 1 11  -0.0064501316
11 5 3 11  0.0001362169
11 5 5 11  0.0703236363
11 5 7 11  0.0048112386
11 6 2 11  -0.0048112386
11 6 4 11  0.0048112386
11 6 6 11  0.2004932277
11 7 3 11  -0.0048112386
11 7 5 11  0.0048112386
11 7 7 11  0.2004932277
11 8 8 11  0.2006801623
11 9 9 11  0.2006801623
11 10 10 11  0.2249295452
11 11 11 11  0.2249295452
