-12.557826349426868
0 0  -1.0621608910
0 2  -0.0072425012
0 4  -0.0072425012
1 1  -1.0621608910
1 3  -0.0072425012
1 5  -0.0072425012
2 0  -0.0072425012
2 2  -0.9567636783
2 4  0.0250875813
2 6  0.0371231660
3 1  -0.0072425012
3 3  -0.9567636783
3 5  0.0250875813
3 7  0.0371231660
4 0  -0.0072425012
4 2  0.0250875813
4 4  -0.9567636783
4 6  -0.0371231660
5 1  -0.0072425012
5 3  0.0250875813
5 5  -0.9567636783
5 7  -0.0371231660
6 2  0.0371231660
6 4  -0.0371231660
6 6  -0.8823892568
7 3  0.0371231660
7 5  -0.0371231660
7 7  -0.8823892568
8 8  -0.8860440203
9 9  -0.8860440203
10 10  -0.8860440203
11 11  -0.8860440203
0 0 0 0  0.1835944272
0 0 2 0  -0.0183490307
0 0 4 0  -0.0183490307
0 1 1 0  0.1835944272
0 1 3 0  -0.0183490307
0 1 5 0  -0.0183490307
0 2 0 0  -0.0183490307
0 2 2 0  0.1152633315
0 2 4 0  0.0013754458
0 2 6 0  -0.0161442326
0 3 1 0  -0.0183490307
0 3 3 0  0.1152633315
0 3 5 0  0.0013754458
0 3 7 0  -0.0161442326
0 4 0 0  -0.0183490307
0 4 2 0  0.0013754458
0 4 4 0  0.1152633315
0 4 6 0  0.0161442326
0 5 1 0  -0.0183490307
0 5 3 0  0.0013754458
0 5 5 0  0.1152633315
0 5 7 0  0.0161442326
0 6 2 0  -0.0161442326
0 6 4 0  0.0161442326
0 6 6 0  0.1910126076
0 7 3 0  -0.0161442326
0 7 5 0  0.0161442326
0 7 7 0  0.1910126076
0 8 8 0  0.1937043966
0 9 9 0  0.1937043966
0 10 10 0  0.1937043966
0 11 11 0  0.1937043966
0 0 0 2  -0.0183490307
0 0 2 2  0.0204601989
0 0 4 2  -0.0005804529
0 0 6 2  -0.0086493706
0 1 1 2  -0.0183490307
0 1 3 2  0.0204601989
0 1 5 2  -0.0005804529
0 1 7 2  -0.0086493706
0 2 0 2  0.0204601989
0 2 2 2  0.0547491869
0 2 4 2  -0.0004876938
0 2 6 2  0.0190332293
0 3 1 2  0.0204601989
0 3 3 2  0.0547491869
0 3 5 2  -0.0004876938
0 3 7 2  0.0190332293
0 4 0 2  -0.0005804529
0 4 2 2  -0.0004876938
0 4 4 2  -0.0141109927
0 4 6 2  0.0011045273
0 5 1 2  -0.0005804529
0 5 3 2  -0.0004876938
0 5 5 2  -0.0141109927
0 5 7 2  0.0011045273
0 6 0 2  -0.0086493706
0 6 2 2  0.0190332293
0 6 4 2  0.0011045273
0 6 6 2  -0.0179238882
0 7 1 2  -0.0086493706
0 7 3 2  0.0190332293
0 7 5 2  0.0011045273
0 7 7 2  -0.0179238882
0 8 8 2  -0.0244975315
0 9 9 2  -0.0244975315
0 10 10 2  -0.0244975315
0 11 11 2  -0.0244975315
0 0 0 4  -0.0183490307
0 0 2 4  -0.0005804529
0 0 4 4  0.0204601989
0 0 6 4  0.0086493706
0 1 1 4  -0.0183490307
0 1 3 4  -0.0005804529
0 1 5 4  0.0204601989
0 1 7 4  0.0086493706
0 2 0 4  -0.0005804529
0 2 2 4  -0.0141109927
0 2 4 4  -0.0004876938
0 2 6 4  -0.0011045273
0 3 1 4  -0.0005804529
0 3 3 4  -0.0141109927
0 3 5 4  -0.0004876938
0 3 7 4  -0.0011045273
0 4 0 4  0.0204601989
0 4 2 4  -0.0004876938
0 4 4 4  0.0547491869
0 4 6 4  -0.0190332293
0 5 1 4  0.0204601989
0 5 3 4  -0.0004876938
0 5 5 4  0.0547491869
0 5 7 4  -0.0190332293
0 6 0 4  0.0086493706
0 6 2 4  -0.0011045273
0 6 4 4  -0.0190332293
0 6 6 4  -0.0179238882
0 7 1 4  0.0086493706
0 7 3 4  -0.0011045273
0 7 5 4  -0.0190332293
0 7 7 4  -0.0179238882
0 8 8 4  -0.0244975315
0 9 9 4  -0.0244975315
0 10 10 4  -0.0244975315
0 11 11 4  -0.0244975315
0 0 2 6  -0.0086493706
0 0 4 6  0.0086493706
0 0 6 6  0.0351403980
0 1 3 6  -0.0086493706
0 1 5 6  0.0086493706
0 1 7 6  0.0351403980
0 2 0 6  -0.0086493706
0 2 2 6  -0.0021891752
0 2 6 6  -0.0077991904
0 3 1 6  -0.0086493706
0 3 3 6  -0.0021891752
0 3 7 6  -0.0077991904
0 4 0 6  0.0086493706
0 4 4 6  0.0021891752
0 4 6 6  -0.0077991904
0 5 1 6  0.0086493706
0 5 5 6  0.0021891752
0 5 7 6  -0.0077991904
0 6 0 6  0.0351403980
0 6 2 6  -0.0077991904
0 6 4 6  -0.0077991904
0 7 1 6  0.0351403980
0 7 3 6  -0.0077991904
0 7 5 6  -0.0077991904
0 0 8 8  0.0388589844
0 1 9 8  0.0388589844
0 2 8 8  -0.0098966091
0 3 9 8  -0.0098966091
0 4 8 8  -0.0098966091
0 5 9 8  -0.0098966091
0 8 0 8  0.0388589844
0 8 2 8  -0.0098966091
0 8 4 8  -0.0098966091
0 9 1 8  0.0388589844
0 9 3 8  -0.0098966091
0 9 5 8  -0.0098966091
0 0 10 10  0.0388589844
0 1 11 10  0.0388589844
0 2 10 10  -0.0098966091
0 3 11 10  -0.0098966091
0 4 10 10  -0.0098966091
0 5 11 10  -0.0098966091
0 10 0 10  0.0388589844
0 10 2 10  -0.0098966091
0 10 4 10  -0.0098966091
0 11 1 10  0.0388589844
0 11 3 10  -0.0098966091
0 11 5 10  -0.0098966091
1 0 0 1  0.1835944272
1 0 2 1  -0.0183490307
1 0 4 1  -0.0183490307
1 1 1 1  0.1835944272
1 1 3 1  -0.0183490307
1 1 5 1  -0.0183490307
1 2 0 1  -0.0183490307
1 2 2 1  0.1152633315
1 2 4 1  0.0013754458
1 2 6 1  -0.0161442326
1 3 1 1  -0.0183490307
1 3 3 1  0.1152633315
1 3 5 1  0.0013754458
1 3 7 1  -0.0161442326
1 4 0 1  -0.0183490307
1 4 2 1  0.0013754458
1 4 4 1  0.1152633315
1 4 6 1  0.0161442326
1 5 1 1  -0.0183490307
1 5 3 1  0.0013754458
1 5 5 1  0.1152633315
1 5 7 1  0.0161442326
1 6 2 1  -0.0161442326
1 6 4 1  0.0161442326
1 6 6 1  0.1910126076
1 7 3 1  -0.0161442326
1 7 5 1  0.0161442326
1 7 7 1  0.1910126076
1 8 8 1  0.1937043966
1 9 9 1  0.1937043966
1 10 10 1  0.1937043966
1 11 11 1  0.1937043966
1 0 0 3  -0.0183490307
1 0 2 3  0.0204601989
1 0 4 3  -0.0005804529
1 0 6 3  -0.0086493706
1 1 1 3  -0.0183490307
1 1 3 3  0.0204601989
1 1 5 3  -0.0005804529
1 1 7 3  -0.0086493706
1 2 0 3  0.0204601989
1 2 2 3  0.0547491869
1 2 4 3  -0.0004876938
1 2 6 3  0.0190332293
1 3 1 3  0.0204601989
1 3 3 3  0.0547491869
1 3 5 3  -0.0004876938
1 3 7 3  0.0190332293
1 4 0 3  -0.0005804529
1 4 2 3  -0.0004876938
1 4 4 3  -0.0141109927
1 4 6 3  0.0011045273
1 5 1 3  -0.0005804529
1 5 3 3  -0.0004876938
1 5 5 3  -0.0141109927
1 5 7 3  0.0011045273
1 6 0 3  -0.0086493706
1 6 2 3  0.0190332293
1 6 4 3  0.0011045273
1 6 6 3  -0.0179238882
1 7 1 3  -0.0086493706
1 7 3 3  0.0190332293
1 7 5 3  0.0011045273
1 7 7 3  -0.0179238882
1 8 8 3  -0.0244975315
1 9 9 3  -0.0244975315
1 10 10 3  -0.0244975315
1 11 11 3  -0.0244975315
1 0 0 5  -0.0183490307
1 0 2 5  -0.0005804529
1 0 4 5  0.0204601989
1 0 6 5  0.0086493706
1 1 1 5  -0.0183490307
1 1 3 5  -0.0005804529
1 1 5 5  0.0204601989
1 1 7 5  0.0086493706
1 2 0 5  -0.0005804529
1 2 2 5  -0.0141109927
1 2 4 5  -0.0004876938
1 2 6 5  -0.0011045273
1 3 1 5  -0.0005804529
1 3 3 5  -0.0141109927
1 3 5 5  -0.0004876938
1 3 7 5  -0.0011045273
1 4 0 5  0.0204601989
1 4 2 5  -0.0004876938
1 4 4 5  0.0547491869
1 4 6 5  -0.0190332293
1 5 1 5  0.0204601989
1 5 3 5  -0.0004876938
1 5 5 5  0.0547491869
1 5 7 5  -0.0190332293
1 6 0 5  0.0086493706
1 6 2 5  -0.0011045273
1 6 4 5  -0.0190332293
1 6 6 5  -0.0179238882
1 7 1 5  0.0086493706
1 7 3 5  -0.0011045273
1 7 5 5  -0.0190332293
1 7 7 5  -0.0179238882
1 8 8 5  -0.0244975315
1 9 9 5  -0.0244975315
1 10 10 5  -0.0244975315
1 11 11 5  -0.0244975315
1 0 2 7  -0.0086493706
1 0 4 7  0.0086493706
1 0 6 7  0.0351403980
1 1 3 7  -0.0086493706
1 1 5 7  0.0086493706
1 1 7 7  0.0351403980
1 2 0 7  -0.0086493706
1 2 2 7  -0.0021891752
1 2 6 7  -0.0077991904
1 3 1 7  -0.0086493706
1 3 3 7  -0.0021891752
1 3 7 7  -0.0077991904
1 4 0 7  0.0086493706
1 4 4 7  0.0021891752
1 4 6 7  -0.0077991904
1 5 1 7  0.0086493706
1 5 5 7  0.0021891752
1 5 7 7  -0.0077991904
1 6 0 7  0.0351403980
1 6 2 7  -0.0077991904
1 6 4 7  -0.0077991904
1 7 1 7  0.0351403980
1 7 3 7  -0.0077991904
1 7 5 7  -0.0077991904
1 0 8 9  0.0388589844
1 1 9 9  0.0388589844
1 2 8 9  -0.0098966091
1 3 9 9  -0.0098966091
1 4 8 9  -0.0098966091
1 5 9 9  -0.0098966091
1 8 0 9  0.0388589844
1 8 2 9  -0.0098966091
1 8 4 9  -0.0098966091
1 9 1 9  0.0388589844
1 9 3 9  -0.0098966091
1 9 5 9  -0.0098966091
1 0 10 11  0.0388589844
1 1 11 11  0.0388589844
1 2 10 11  -0.0098966091
1 3 11 11  -0.0098966091
1 4 10 11  -0.0098966091
1 5 11 11  -0.0098966091
1 10 0 11  0.0388589844
1 10 2 11  -0.0098966091
1 10 4 11  -0.0098966091
1 11 1 11  0.0388589844
1 11 3 11  -0.0098966091
1 11 5 11  -0.0098966091
2 0 0 0  -0.0183490307
2 0 2 0  0.0204601989
2 0 4 0  -0.0005804529
2 0 6 0  -0.0086493706
2 1 1 0  -0.0183490307
2 1 3 0  0.0204601989
2 1 5 0  -0.0005804529
2 1 7 0  -0.0086493706
2 2 0 0  0.0204601989
2 2 2 0  0.0547491869
2 2 4 0  -0.0004876938
2 2 6 0  0.0190332293
2 3 1 0  0.0204601989
2 3 3 0  0.0547491869
2 3 5 0  -0.0004876938
2 3 7 0  0.0190332293
2 4 0 0  -0.0005804529
2 4 2 0  -0.0004876938
2 4 4 0  -0.0141109927
2 4 6 0  0.0011045273
2 5 1 0  -0.0005804529
2 5 3 0  -0.0004876938
2 5 5 0  -0.0141109927
2 5 7 0  0.0011045273
2 6 0 0  -0.0086493706
2 6 2 0  0.0190332293
2 6 4 0  0.0011045273
2 6 6 0  -0.0179238882
2 7 1 0  -0.0086493706
2 7 3 0  0.0190332293
2 7 5 0  0.0011045273
2 7 7 0  -0.0179238882
2 8 8 0  -0.0244975315
2 9 9 0  -0.0244975315
2 10 10 0  -0.0244975315
2 11 11 0  -0.0244975315
2 0 0 2  0.1152633315
2 0 2 2  0.0547491869
2 0 4 2  -0.0141109927
2 0 6 2  -0.0021891752
2 1 1 2  0.1152633315
2 1 3 2  0.0547491869
2 1 5 2  -0.0141109927
2 1 7 2  -0.0021891752
2 2 0 2  0.0547491869
2 2 2 2  0.3389431529
2 2 4 2  0.0001349755
2 2 6 2  0.0550845646
2 3 1 2  0.0547491869
2 3 3 2  0.3389431529
2 3 5 2  0.0001349755
2 3 7 2  0.0550845646
2 4 0 2  -0.0141109927
2 4 2 2  0.0001349755
2 4 4 2  0.0610558229
2 4 6 2  0.0142137809
2 5 1 2  -0.0141109927
2 5 3 2  0.0001349755
2 5 5 2  0.0610558229
2 5 7 2  0.0142137809
2 6 0 2  -0.0021891752
2 6 2 2  0.0550845646
2 6 4 2  0.0142137809
2 6 6 2  0.1237444924
2 7 1 2  -0.0021891752
2 7 3 2  0.0550845646
2 7 5 2  0.0142137809
2 7 7 2  0.1237444924
2 8 8 2  0.1031782909
2 9 9 2  0.1031782909
2 10 10 2  0.1031782909
2 11 11 2  0.1031782909
2 0 0 4  0.0013754458
2 0 2 4  -0.0004876938
2 0 4 4  -0.0004876938
2 1 1 4  0.0013754458
2 1 3 4  -0.0004876938
2 1 5 4  -0.0004876938
2 2 0 4  -0.0004876938
2 2 2 4  0.0001349755
2 2 4 4  0.0002005471
2 2 6 4  0.0000595788
2 3 1 4  -0.0004876938
2 3 3 4  0.0001349755
2 3 5 4  0.0002005471
2 3 7 4  0.0000595788
2 4 0 4  -0.0004876938
2 4 2 4  0.0002005471
2 4 4 4  0.0001349755
2 4 6 4  -0.0000595788
2 5 1 4  -0.0004876938
2 5 3 4  0.0002005471
2 5 5 4  0.0001349755
2 5 7 4  -0.0000595788
2 6 2 4  0.0000595788
2 6 4 4  -0.0000595788
2 6 6 4  0.0007695780
2 7 3 4  0.0000595788
2 7 5 4  -0.0000595788
2 7 7 4  0.0007695780
2 8 8 4  0.0022591278
2 9 9 4  0.0022591278
2 10 10 4  0.0022591278
2 11 11 4  0.0022591278
2 0 0 6  -0.0161442326
2 0 2 6  0.0190332293
2 0 4 6  -0.0011045273
2 0 6 6  -0.0077991904
2 1 1 6  -0.0161442326
2 1 3 6  0.0190332293
2 1 5 6  -0.0011045273
2 1 7 6  -0.0077991904
2 2 0 6  0.0190332293
2 2 2 6  0.0550845646
2 2 4 6  0.0000595788
2 2 6 6  0.0200711677
2 3 1 6  0.0190332293
2 3 3 6  0.0550845646
2 3 5 6  0.0000595788
2 3 7 6  0.0200711677
2 4 0 6  -0.0011045273
2 4 2 6  0.0000595788
2 4 4 6  -0.0142137809
2 4 6 6  0.0008467913
2 5 1 6  -0.0011045273
2 5 3 6  0.0000595788
2 5 5 6  -0.0142137809
2 5 7 6  0.0008467913
2 6 0 6  -0.0077991904
2 6 2 6  0.0200711677
2 6 4 6  0.0008467913
2 6 6 6  -0.0186333782
2 7 1 6  -0.0077991904
2 7 3 6  0.0200711677
2 7 5 6  0.0008467913
2 7 7 6  -0.0186333782
2 8 8 6  -0.0196952463
2 9 9 6  -0.0196952463
2 10 10 6  -0.0196952463
2 11 11 6  -0.0196952463
2 0 8 8  -0.0098966091
2 1 9 8  -0.0098966091
2 2 8 8  0.0029839904
2 3 9 8  0.0029839904
2 4 8 8  0.0021233334
2 5 9 8  0.0021233334
2 6 8 8  -0.0021648260
2 7 9 8  -0.0021648260
2 8 0 8  -0.0098966091
2 8 2 8  0.0029839904
2 8 4 8  0.0021233334
2 8 6 8  -0.0021648260
2 9 1 8  -0.0098966091
2 9 3 8  0.0029839904
2 9 5 8  0.0021233334
2 9 7 8  -0.0021648260
2 0 10 10  -0.0098966091
2 1 11 10  -0.0098966091
2 2 10 10  0.0029839904
2 3 11 10  0.0029839904
2 4 10 10  0.0021233334
2 5 11 10  0.0021233334
2 6 10 10  -0.0021648260
2 7 11 10  -0.0021648260
2 10 0 10  -0.0098966091
2 10 2 10  0.0029839904
2 10 4 10  0.0021233334
2 10 6 10  -0.0021648260
2 11 1 10  -0.0098966091
2 11 3 10  0.0029839904
2 11 5 10  0.0021233334
2 11 7 10  -0.0021648260
3 0 0 1  -0.0183490307
3 0 2 1  0.0204601989
3 0 4 1  -0.0005804529
3 0 6 1  -0.0086493706
3 1 1 1  -0.0183490307
3 1 3 1  0.0204601989
3 1 5 1  -0.0005804529
3 1 7 1  -0.0086493706
3 2 0 1  0.0204601989
3 2 2 1  0.0547491869
3 2 4 1  -0.0004876938
3 2 6 1  0.0190332293
3 3 1 1  0.0204601989
3 3 3 1  0.0547491869
3 3 5 1  -0.0004876938
3 3 7 1  0.0190332293
3 4 0 1  -0.0005804529
3 4 2 1  -0.0004876938
3 4 4 1  -0.0141109927
3 4 6 1  0.0011045273
3 5 1 1  -0.0005804529
3 5 3 1  -0.0004876938
3 5 5 1  -0.0141109927
3 5 7 1  0.0011045273
3 6 0 1  -0.0086493706
3 6 2 1  0.0190332293
3 6 4 1  0.0011045273
3 6 6 1  -0.0179238882
3 7 1 1  -0.0086493706
3 7 3 1  0.0190332293
3 7 5 1  0.0011045273
3 7 7 1  -0.0179238882
3 8 8 1  -0.0244975315
3 9 9 1  -0.0244975315
3 10 10 1  -0.0244975315
3 11 11 1  -0.0244975315
3 0 0 3  0.1152633315
3 0 2 3  0.0547491869
3 0 4 3  -0.0141109927
3 0 6 3  -0.0021891752
3 1 1 3  0.1152633315
3 1 3 3  0.0547491869
3 1 5 3  -0.0141109927
3 1 7 3  -0.0021891752
3 2 0 3  0.0547491869
3 2 2 3  0.3389431529
3 2 4 3  0.0001349755
3 2 6 3  0.0550845646
3 3 1 3  0.0547491869
3 3 3 3  0.3389431529
3 3 5 3  0.0001349755
3 3 7 3  0.0550845646
3 4 0 3  -0.0141109927
3 4 2 3  0.0001349755
3 4 4 3  0.0610558229
3 4 6 3  0.0142137809
3 5 1 3  -0.0141109927
3 5 3 3  0.0001349755
3 5 5 3  0.0610558229
3 5 7 3  0.0142137809
3 6 0 3  -0.0021891752
3 6 2 3  0.0550845646
3 6 4 3  0.0142137809
3 6 6 3  0.1237444924
3 7 1 3  -0.0021891752
3 7 3 3  0.0550845646
3 7 5 3  0.0142137809
3 7 7 3  0.1237444924
3 8 8 3  0.1031782909
3 9 9 3  0.1031782909
3 10 10 3  0.1031782909
3 11 11 3  0.1031782909
3 0 0 5  0.0013754458
3 0 2 5  -0.0004876938
3 0 4 5  -0.0004876938
3 1 1 5  0.0013754458
3 1 3 5  -0.0004876938
3 1 5 5  -0.0004876938
3 2 0 5  -0.0004876938
3 2 2 5  0.0001349755
3 2 4 5  0.0002005471
3 2 6 5  0.0000595788
3 3 1 5  -0.0004876938
3 3 3 5  0.0001349755
3 3 5 5  0.0002005471
3 3 7 5  0.0000595788
3 4 0 5  -0.0004876938
3 4 2 5  0.0002005471
3 4 4 5  0.0001349755
3 4 6 5  -0.0000595788
3 5 1 5  -0.0004876938
3 5 3 5  0.0002005471
3 5 5 5  0.0001349755
3 5 7 5  -0.0000595788
3 6 2 5  0.0000595788
3 6 4 5  -0.0000595788
3 6 6 5  0.0007695780
3 7 3 5  0.0000595788
3 7 5 5  -0.0000595788
3 7 7 5  0.0007695780
3 8 8 5  0.0022591278
3 9 9 5  0.0022591278
3 10 10 5  0.0022591278
3 11 11 5  0.0022591278
3 0 0 7  -0.0161442326
3 0 2 7  0.0190332293
3 0 4 7  -0.0011045273
3 0 6 7  -0.0077991904
3 1 1 7  -0.0161442326
3 1 3 7  0.0190332293
3 1 5 7  -0.0011045273
3 1 7 7  -0.0077991904
3 2 0 7  0.0190332293
3 2 2 7  0.0550845646
3 2 4 7  0.0000595788
3 2 6 7  0.0200711677
3 3 1 7  0.0190332293
3 3 3 7  0.0550845646
3 3 5 7  0.0000595788
3 3 7 7  0.0200711677
3 4 0 7  -0.0011045273
3 4 2 7  0.0000595788
3 4 4 7  -0.0142137809
3 4 6 7  0.0008467913
3 5 1 7  -0.0011045273
3 5 3 7  0.0000595788
3 5 5 7  -0.0142137809
3 5 7 7  0.0008467913
3 6 0 7  -0.0077991904
3 6 2 7  0.0200711677
3 6 4 7  0.0008467913
3 6 6 7  -0.0186333782
3 7 1 7  -0.0077991904
3 7 3 7  0.0200711677
3 7 5 7  0.0008467913
3 7 7 7  -0.0186333782
3 8 8 7  -0.0196952463
3 9 9 7  -0.0196952463
3 10 10 7  -0.0196952463
3 11 11 7  -0.0196952463
3 0 8 9  -0.0098966091
3 1 9 9  -0.0098966091
3 2 8 9  0.0029839904
3 3 9 9  0.0029839904
3 4 8 9  0.0021233334
3 5 9 9  0.0021233334
3 6 8 9  -0.0021648260
3 7 9 9  -0.0021648260
3 8 0 9  -0.0098966091
3 8 2 9  0.0029839904
3 8 4 9  0.0021233334
3 8 6 9  -0.0021648260
3 9 1 9  -0.0098966091
3 9 3 9  0.0029839904
3 9 5 9  0.0021233334
3 9 7 9  -0.0021648260
3 0 10 11  -0.0098966091
3 1 11 11  -0.0098966091
3 2 10 11  0.0029839904
3 3 11 11  0.0029839904
3 4 10 11  0.0021233334
3 5 11 11  0.0021233334
3 6 10 11  -0.0021648260
3 7 11 11  -0.0021648260
3 10 0 11  -0.0098966091
3 10 2 11  0.0029839904
3 10 4 11  0.0021233334
3 10 6 11  -0.0021648260
3 11 1 11  -0.0098966091
3 11 3 11  0.0029839904
3 11 5 11  0.0021233334
3 11 7 11  -0.0021648260
4 0 0 0  -0.0183490307
4 0 2 0  -0.0005804529
4 0 4 0  0.0204601989
4 0 6 0  0.0086493706
4 1 1 0  -0.0183490307
4 1 3 0  -0.0005804529
4 1 5 0  0.0204601989
4 1 7 0  0.0086493706
4 2 0 0  -0.0005804529
4 2 2 0  -0.0141109927
4 2 4 0  -0.0004876938
4 2 6 0  -0.0011045273
4 3 1 0  -0.0005804529
4 3 3 0  -0.0141109927
4 3 5 0  -0.0004876938
4 3 7 0  -0.0011045273
4 4 0 0  0.0204601989
4 4 2 0  -0.0004876938
4 4 4 0  0.0547491869
4 4 6 0  -0.0190332293
4 5 1 0  0.0204601989
4 5 3 0  -0.0004876938
4 5 5 0  0.0547491869
4 5 7 0  -0.0190332293
4 6 0 0  0.0086493706
4 6 2 0  -0.0011045273
4 6 4 0  -0.0190332293
4 6 6 0  -0.0179238882
4 7 1 0  0.0086493706
4 7 3 0  -0.0011045273
4 7 5 0  -0.0190332293
4 7 7 0  -0.0179238882
4 8 8 0  -0.0244975315
4 9 9 0  -0.0244975315
4 10 10 0  -0.0244975315
4 11 11 0  -0.0244975315
4 0 0 2  0.0013754458
4 0 2 2  -0.0004876938
4 0 4 2  -0.0004876938
4 1 1 2  0.0013754458
4 1 3 2  -0.0004876938
4 1 5 2  -0.0004876938
4 2 0 2  -0.0004876938
4 2 2 2  0.0001349755
4 2 4 2  0.0002005471
4 2 6 2  0.0000595788
4 3 1 2  -0.0004876938
4 3 3 2  0.0001349755
4 3 5 2  0.0002005471
4 3 7 2  0.0000595788
4 4 0 2  -0.0004876938
4 4 2 2  0.0002005471
4 4 4 2  0.0001349755
4 4 6 2  -0.0000595788
4 5 1 2  -0.0004876938
4 5 3 2  0.0002005471
4 5 5 2  0.0001349755
4 5 7 2  -0.0000595788
4 6 2 2  0.0000595788
4 6 4 2  -0.0000595788
4 6 6 2  0.0007695780
4 7 3 2  0.0000595788
4 7 5 2  -0.0000595788
4 7 7 2  0.0007695780
4 8 8 2  0.0022591278
4 9 9 2  0.0022591278
4 10 10 2  0.0022591278
4 11 11 2  0.0022591278
4 0 0 4  0.1152633315
4 0 2 4  -0.0141109927
4 0 4 4  0.0547491869
4 0 6 4  0.0021891752
4 1 1 4  0.1152633315
4 1 3 4  -0.0141109927
4 1 5 4  0.0547491869
4 1 7 4  0.0021891752
4 2 0 4  -0.0141109927
4 2 2 4  0.0610558229
4 2 4 4  0.0001349755
4 2 6 4  -0.0142137809
4 3 1 4  -0.0141109927
4 3 3 4  0.0610558229
4 3 5 4  0.0001349755
4 3 7 4  -0.0142137809
4 4 0 4  0.0547491869
4 4 2 4  0.0001349755
4 4 4 4  0.3389431529
4 4 6 4  -0.0550845646
4 5 1 4  0.0547491869
4 5 3 4  0.0001349755
4 5 5 4  0.3389431529
4 5 7 4  -0.0550845646
4 6 0 4  0.0021891752
4 6 2 4  -0.0142137809
4 6 4 4  -0.0550845646
4 6 6 4  0.1237444924
4 7 1 4  0.0021891752
4 7 3 4  -0.0142137809
4 7 5 4  -0.0550845646
4 7 7 4  0.1237444924
4 8 8 4  0.1031782909
4 9 9 4  0.1031782909
4 10 10 4  0.1031782909
4 11 11 4  0.1031782909
4 0 0 6  0.0161442326
4 0 2 6  0.0011045273
4 0 4 6  -0.0190332293
4 0 6 6  -0.0077991904
4 1 1 6  0.0161442326
4 1 3 6  0.0011045273
4 1 5 6  -0.0190332293
4 1 7 6  -0.0077991904
4 2 0 6  0.0011045273
4 2 2 6  0.0142137809
4 2 4 6  -0.0000595788
4 2 6 6  0.0008467913
4 3 1 6  0.0011045273
4 3 3 6  0.0142137809
4 3 5 6  -0.0000595788
4 3 7 6  0.0008467913
4 4 0 6  -0.0190332293
4 4 2 6  -0.0000595788
4 4 4 6  -0.0550845646
4 4 6 6  0.0200711677
4 5 1 6  -0.0190332293
4 5 3 6  -0.0000595788
4 5 5 6  -0.0550845646
4 5 7 6  0.0200711677
4 6 0 6  -0.0077991904
4 6 2 6  0.0008467913
4 6 4 6  0.0200711677
4 6 6 6  0.0186333782
4 7 1 6  -0.0077991904
4 7 3 6  0.0008467913
4 7 5 6  0.0200711677
4 7 7 6  0.0186333782
4 8 8 6  0.0196952463
4 9 9 6  0.0196952463
4 10 10 6  0.0196952463
4 11 11 6  0.0196952463
4 0 8 8  -0.0098966091
4 1 9 8  -0.0098966091
4 2 8 8  0.0021233334
4 3 9 8  0.0021233334
4 4 8 8  0.0029839904
4 5 9 8  0.0029839904
4 6 8 8  0.0021648260
4 7 9 8  0.0021648260
4 8 0 8  -0.0098966091
4 8 2 8  0.0021233334
4 8 4 8  0.0029839904
4 8 6 8  0.0021648260
4 9 1 8  -0.0098966091
4 9 3 8  0.0021233334
4 9 5 8  0.0029839904
4 9 7 8  0.0021648260
4 0 10 10  -0.0098966091
4 1 11 10  -0.0098966091
4 2 10 10  0.0021233334
4 3 11 10  0.0021233334
4 4 10 10  0.0029839904
4 5 11 10  0.0029839904
4 6 10 10  0.0021648260
4 7 11 10  0.0021648260
4 10 0 10  -0.0098966091
4 10 2 10  0.0021233334
4 10 4 10  0.0029839904
4 10 6 10  0.0021648260
4 11 1 10  -0.0098966091
4 11 3 10  0.0021233334
4 11 5 10  0.0029839904
4 11 7 10  0.0021648260
5 0 0 1  -0.0183490307
5 0 2 1  -0.0005804529
5 0 4 1  0.0204601989
5 0 6 1  0.0086493706
5 1 1 1  -0.0183490307
5 1 3 1  -0.0005804529
5 1 5 1  0.0204601989
5 1 7 1  0.0086493706
5 2 0 1  -0.0005804529
5 2 2 1  -0.0141109927
5 2 4 1  -0.0004876938
5 2 6 1  -0.0011045273
5 3 1 1  -0.0005804529
5 3 3 1  -0.0141109927
5 3 5 1  -0.0004876938
5 3 7 1  -0.0011045273
5 4 0 1  0.0204601989
5 4 2 1  -0.0004876938
5 4 4 1  0.0547491869
5 4 6 1  -0.0190332293
5 5 1 1  0.0204601989
5 5 3 1  -0.0004876938
5 5 5 1  0.0547491869
5 5 7 1  -0.0190332293
5 6 0 1  0.0086493706
5 6 2 1  -0.0011045273
5 6 4 1  -0.0190332293
5 6 6 1  -0.0179238882
5 7 1 1  0.0086493706
5 7 3 1  -0.0011045273
5 7 5 1  -0.0190332293
5 7 7 1  -0.0179238882
5 8 8 1  -0.0244975315
5 9 9 1  -0.0244975315
5 10 10 1  -0.0244975315
5 11 11 1  -0.0244975315
5 0 0 3  0.0013754458
5 0 2 3  -0.0004876938
5 0 4 3  -0.0004876938
5 1 1 3  0.0013754458
5 1 3 3  -0.0004876938
5 1 5 3  -0.0004876938
5 2 0 3  -0.0004876938
5 2 2 3  0.0001349755
5 2 4 3  0.0002005471
5 2 6 3  0.0000595788
5 3 1 3  -0.0004876938
5 3 3 3  0.0001349755
5 3 5 3  0.0002005471
5 3 7 3  0.0000595788
5 4 0 3  -0.0004876938
5 4 2 3  0.0002005471
5 4 4 3  0.0001349755
5 4 6 3  -0.0000595788
5 5 1 3  -0.0004876938
5 5 3 3  0.0002005471
5 5 5 3  0.0001349755
5 5 7 3  -0.0000595788
5 6 2 3  0.0000595788
5 6 4 3  -0.0000595788
5 6 6 3  0.0007695780
5 7 3 3  0.0000595788
5 7 5 3  -0.0000595788
5 7 7 3  0.0007695780
5 8 8 3  0.0022591278
5 9 9 3  0.0022591278
5 10 10 3  0.0022591278
5 11 11 3  0.0022591278
5 0 0 5  0.1152633315
5 0 2 5  -0.0141109927
5 0 4 5  0.0547491869
5 0 6 5  0.0021891752
5 1 1 5  0.1152633315
5 1 3 5  -0.0141109927
5 1 5 5  0.0547491869
5 1 7 5  0.0021891752
5 2 0 5  -0.0141109927
5 2 2 5  0.0610558229
5 2 4 5  0.0001349755
5 2 6 5  -0.0142137809
5 3 1 5  -0.0141109927
5 3 3 5  0.0610558229
5 3 5 5  0.0001349755
5 3 7 5  -0.0142137809
5 4 0 5  0.0547491869
5 4 2 5  0.0001349755
5 4 4 5  0.3389431529
5 4 6 5  -0.0550845646
5 5 1 5  0.0547491869
5 5 3 5  0.0001349755
5 5 5 5  0.3389431529
5 5 7 5  -0.0550845646
5 6 0 5  0.0021891752
5 6 2 5  -0.0142137809
5 6 4 5  -0.0550845646
5 6 6 5  0.1237444924
5 7 1 5  0.0021891752
5 7 3 5  -0.0142137809
5 7 5 5  -0.0550845646
5 7 7 5  0.1237444924
5 8 8 5  0.1031782909
5 9 9 5  0.1031782909
5 10 10 5  0.1031782909
5 11 11 5  0.1031782909
5 0 0 7  0.0161442326
5 0 2 7  0.0011045273
5 0 4 7  -0.0190332293
5 0 6 7  -0.0077991904
5 1 1 7  0.0161442326
5 1 3 7  0.0011045273
5 1 5 7  -0.0190332293
5 1 7 7  -0.0077991904
5 2 0 7  0.0011045273
5 2 2 7  0.0142137809
5 2 4 7  -0.0000595788
5 2 6 7  0.0008467913
5 3 1 7  0.0011045273
5 3 3 7  0.0142137809
5 3 5 7  -0.0000595788
5 3 7 7  0.0008467913
5 4 0 7  -0.0190332293
5 4 2 7  -0.0000595788
5 4 4 7  -0.0550845646
5 4 6 7  0.0200711677
5 5 1 7  -0.0190332293
5 5 3 7  -0.0000595788
5 5 5 7  -0.0550845646
5 5 7 7  0.0200711677
5 6 0 7  -0.0077991904
5 6 2 7  0.0008467913
5 6 4 7  0.0200711677
5 6 6 7  0.0186333782
5 7 1 7  -0.0077991904
5 7 3 7  0.0008467913
5 7 5 7  0.0200711677
5 7 7 7  0.0186333782
5 8 8 7  0.0196952463
5 9 9 7  0.0196952463
5 10 10 7  0.0196952463
5 11 11 7  0.0196952463
5 0 8 9  -0.0098966091
5 1 9 9  -0.0098966091
5 2 8 9  0.0021233334
5 3 9 9  0.0021233334
5 4 8 9  0.0029839904
5 5 9 9  0.0029839904
5 6 8 9  0.0021648260
5 7 9 9  0.0021648260
5 8 0 9  -0.0098966091
5 8 2 9  0.0021233334
5 8 4 9  0.0029839904
5 8 6 9  0.0021648260
5 9 1 9  -0.0098966091
5 9 3 9  0.0021233334
5 9 5 9  0.0029839904
5 9 7 9  0.0021648260
5 0 10 11  -0.0098966091
5 1 11 11  -0.0098966091
5 2 10 11  0.0021233334
5 3 11 11  0.0021233334
5 4 10 11  0.0029839904
5 5 11 11  0.0029839904
5 6 10 11  0.0021648260
5 7 11 11  0.0021648260
5 10 0 11  -0.0098966091
5 10 2 11  0.0021233334
5 10 4 11  0.0029839904
5 10 6 11  0.0021648260
5 11 1 11  -0.0098966091
5 11 3 11  0.0021233334
5 11 5 11  0.0029839904
5 11 7 11  0.0021648260
6 0 2 0  -0.0086493706
6 0 4 0  0.0086493706
6 0 6 0  0.0351403980
6 1 3 0  -0.0086493706
6 1 5 0  0.0086493706
6 1 7 0  0.0351403980
6 2 0 0  -0.0086493706
6 2 2 0  -0.0021891752
6 2 6 0  -0.0077991904
6 3 1 0  -0.0086493706
6 3 3 0  -0.0021891752
6 3 7 0  -0.0077991904
6 4 0 0  0.0086493706
6 4 4 0  0.0021891752
6 4 6 0  -0.0077991904
6 5 1 0  0.0086493706
6 5 5 0  0.0021891752
6 5 7 0  -0.0077991904
6 6 0 0  0.0351403980
6 6 2 0  -0.0077991904
6 6 4 0  -0.0077991904
6 7 1 0  0.0351403980
6 7 3 0  -0.0077991904
6 7 5 0  -0.0077991904
6 0 0 2  -0.0161442326
6 0 2 2  0.0190332293
6 0 4 2  -0.0011045273
6 0 6 2  -0.0077991904
6 1 1 2  -0.0161442326
6 1 3 2  0.0190332293
6 1 5 2  -0.0011045273
6 1 7 2  -0.0077991904
6 2 0 2  0.0190332293
6 2 2 2  0.0550845646
6 2 4 2  0.0000595788
6 2 6 2  0.0200711677
6 3 1 2  0.0190332293
6 3 3 2  0.0550845646
6 3 5 2  0.0000595788
6 3 7 2  0.0200711677
6 4 0 2  -0.0011045273
6 4 2 2  0.0000595788
6 4 4 2  -0.0142137809
6 4 6 2  0.0008467913
6 5 1 2  -0.0011045273
6 5 3 2  0.0000595788
6 5 5 2  -0.0142137809
6 5 7 2  0.0008467913
6 6 0 2  -0.0077991904
6 6 2 2  0.0200711677
6 6 4 2  0.0008467913
6 6 6 2  -0.0186333782
6 7 1 2  -0.0077991904
6 7 3 2  0.0200711677
6 7 5 2  0.0008467913
6 7 7 2  -0.0186333782
6 8 8 2  -0.0196952463
6 9 9 2  -0.0196952463
6 10 10 2  -0.0196952463
6 11 11 2  -0.0196952463
6 0 0 4  0.0161442326
6 0 2 4  0.0011045273
6 0 4 4  -0.0190332293
6 0 6 4  -0.0077991904
6 1 1 4  0.0161442326
6 1 3 4  0.0011045273
6 1 5 4  -0.0190332293
6 1 7 4  -0.0077991904
6 2 0 4  0.0011045273
6 2 2 4  0.0142137809
6 2 4 4  -0.0000595788
6 2 6 4  0.0008467913
6 3 1 4  0.0011045273
6 3 3 4  0.0142137809
6 3 5 4  -0.0000595788
6 3 7 4  0.0008467913
6 4 0 4  -0.0190332293
6 4 2 4  -0.0000595788
6 4 4 4  -0.0550845646
6 4 6 4  0.0200711677
6 5 1 4  -0.0190332293
6 5 3 4  -0.0000595788
6 5 5 4  -0.0550845646
6 5 7 4  0.0200711677
6 6 0 4  -0.0077991904
6 6 2 4  0.0008467913
6 6 4 4  0.0200711677
6 6 6 4  0.0186333782
6 7 1 4  -0.0077991904
6 7 3 4  0.0008467913
6 7 5 4  0.0200711677
6 7 7 4  0.0186333782
6 8 8 4  0.0196952463
6 9 9 4  0.0196952463
6 10 10 4  0.0196952463
6 11 11 4  0.0196952463
6 0 0 6  0.1910126076
6 0 2 6  -0.0179238882
6 0 4 6  -0.0179238882
6 1 1 6  0.1910126076
6 1 3 6  -0.0179238882
6 1 5 6  -0.0179238882
6 2 0 6  -0.0179238882
6 2 2 6  0.1237444924
6 2 4 6  0.0007695780
6 2 6 6  -0.0186333782
6 3 1 6  -0.0179238882
6 3 3 6  0.1237444924
6 3 5 6  0.0007695780
6 3 7 6  -0.0186333782
6 4 0 6  -0.0179238882
6 4 2 6  0.0007695780
6 4 4 6  0.1237444924
6 4 6 6  0.0186333782
6 5 1 6  -0.0179238882
6 5 3 6  0.0007695780
6 5 5 6  0.1237444924
6 5 7 6  0.0186333782
6 6 2 6  -0.0186333782
6 6 4 6  0.0186333782
6 6 6 6  0.2132501094
6 7 3 6  -0.0186333782
6 7 5 6  0.0186333782
6 7 7 6  0.2132501094
6 8 8 6  0.1952284679
6 9 9 6  0.1952284679
6 10 10 6  0.1952284679
6 11 11 6  0.1952284679
6 2 8 8  -0.0021648260
6 3 9 8  -0.0021648260
6 4 8 8  0.0021648260
6 5 9 8  0.0021648260
6 6 8 8  0.0115811684
6 7 9 8  0.0115811684
6 8 2 8  -0.0021648260
6 8 4 8  0.0021648260
6 8 6 8  0.0115811684
6 9 3 8  -0.0021648260
6 9 5 8  0.0021648260
6 9 7 8  0.0115811684
6 2 10 10  -0.0021648260
6 3 11 10  -0.0021648260
6 4 10 10  0.0021648260
6 5 11 10  0.0021648260
6 6 10 10  0.0115811684
6 7 11 10  0.0115811684
6 10 2 10  -0.0021648260
6 10 4 10  0.0021648260
6 10 6 10  0.0115811684
6 11 3 10  -0.0021648260
6 11 5 10  0.0021648260
6 11 7 10  0.0115811684
7 0 2 1  -0.0086493706
7 0 4 1  0.0086493706
7 0 6 1  0.0351403980
7 1 3 1  -0.0086493706
7 1 5 1  0.0086493706
7 1 7 1  0.0351403980
7 2 0 1  -0.0086493706
7 2 2 1  -0.0021891752
7 2 6 1  -0.0077991904
7 3 1 1  -0.0086493706
7 3 3 1  -0.0021891752
7 3 7 1  -0.0077991904
7 4 0 1  0.0086493706
7 4 4 1  0.0021891752
7 4 6 1  -0.0077991904
7 5 1 1  0.0086493706
7 5 5 1  0.0021891752
7 5 7 1  -0.0077991904
7 6 0 1  0.0351403980
7 6 2 1  -0.0077991904
7 6 4 1  -0.0077991904
7 7 1 1  0.0351403980
7 7 3 1  -0.0077991904
7 7 5 1  -0.0077991904
7 0 0 3  -0.0161442326
7 0 2 3  0.0190332293
7 0 4 3  -0.0011045273
7 0 6 3  -0.0077991904
7 1 1 3  -0.0161442326
7 1 3 3  0.0190332293
7 1 5 3  -0.0011045273
7 1 7 3  -0.0077991904
7 2 0 3  0.0190332293
7 2 2 3  0.0550845646
7 2 4 3  0.0000595788
7 2 6 3  0.0200711677
7 3 1 3  0.0190332293
7 3 3 3  0.0550845646
7 3 5 3  0.0000595788
7 3 7 3  0.0200711677
7 4 0 3  -0.0011045273
7 4 2 3  0.0000595788
7 4 4 3  -0.0142137809
7 4 6 3  0.0008467913
7 5 1 3  -0.0011045273
7 5 3 3  0.0000595788
7 5 5 3  -0.0142137809
7 5 7 3  0.0008467913
7 6 0 3  -0.0077991904
7 6 2 3  0.0200711677
7 6 4 3  0.0008467913
7 6 6 3  -0.0186333782
7 7 1 3  -0.0077991904
7 7 3 3  0.0200711677
7 7 5 3  0.0008467913
7 7 7 3  -0.0186333782
7 8 8 3  -0.0196952463
7 9 9 3  -0.0196952463
7 10 10 3  -0.0196952463
7 11 11 3  -0.0196952463
7 0 0 5  0.0161442326
7 0 2 5  0.0011045273
7 0 4 5  -0.0190332293
7 0 6 5  -0.0077991904
7 1 1 5  0.0161442326
7 1 3 5  0.0011045273
7 1 5 5  -0.0190332293
7 1 7 5  -0.0077991904
7 2 0 5  0.0011045273
7 2 2 5  0.0142137809
7 2 4 5  -0.0000595788
7 2 6 5  0.0008467913
7 3 1 5  0.0011045273
7 3 3 5  0.0142137809
7 3 5 5  -0.0000595788
7 3 7 5  0.0008467913
7 4 0 5  -0.0190332293
7 4 2 5  -0.0000595788
7 4 4 5  -0.0550845646
7 4 6 5  0.0200711677
7 5 1 5  -0.0190332293
7 5 3 5  -0.0000595788
7 5 5 5  -0.0550845646
7 5 7 5  0.0200711677
7 6 0 5  -0.0077991904
7 6 2 5  0.0008467913
7 6 4 5  0.0200711677
7 6 6 5  0.0186333782
7 7 1 5  -0.0077991904
7 7 3 5  0.0008467913
7 7 5 5  0.0200711677
7 7 7 5  0.0186333782
7 8 8 5  0.0196952463
7 9 9 5  0.0196952463
7 10 10 5  0.0196952463
7 11 11 5  0.0196952463
7 0 0 7  0.1910126076
7 0 2 7  -0.0179238882
7 0 4 7  -0.0179238882
7 1 1 7  0.1910126076
7 1 3 7  -0.0179238882
7 1 5 7  -0.0179238882
7 2 0 7  -0.0179238882
7 2 2 7  0.1237444924
7 2 4 7  0.0007695780
7 2 6 7  -0.0186333782
7 3 1 7  -0.0179238882
7 3 3 7  0.1237444924
7 3 5 7  0.0007695780
7 3 7 7  -0.0186333782
7 4 0 7  -0.0179238882
7 4 2 7  0.0007695780
7 4 4 7  0.1237444924
7 4 6 7  0.0186333782
7 5 1 7  -0.0179238882
7 5 3 7  0.0007695780
7 5 5 7  0.1237444924
7 5 7 7  0.0186333782
7 6 2 7  -0.0186333782
7 6 4 7  0.0186333782
7 6 6 7  0.2132501094
7 7 3 7  -0.0186333782
7 7 5 7  0.0186333782
7 7 7 7  0.2132501094
7 8 8 7  0.1952284679
7 9 9 7  0.1952284679
7 10 10 7  0.1952284679
7 11 11 7  0.1952284679
7 2 8 9  -0.0021648260
7 3 9 9  -0.0021648260
7 4 8 9  0.0021648260
7 5 9 9  0.0021648260
7 6 8 9  0.0115811684
7 7 9 9  0.0115811684
7 8 2 9  -0.0021648260
7 8 4 9  0.0021648260
7 8 6 9  0.0115811684
7 9 3 9  -0.0021648260
7 9 5 9  0.0021648260
7 9 7 9  0.0115811684
7 2 10 11  -0.0021648260
7 3 11 11  -0.0021648260
7 4 10 11  0.0021648260
7 5 11 11  0.0021648260
7 6 10 11  0.0115811684
7 7 11 11  0.0115811684
7 10 2 11  -0.0021648260
7 10 4 11  0.0021648260
7 10 6 11  0.0115811684
7 11 3 11  -0.0021648260
7 11 5 11  0.0021648260
7 11 7 11  0.0115811684
8 0 8 0  0.0388589844
8 1 9 0  0.0388589844
8 2 8 0  -0.0098966091
8 3 9 0  -0.0098966091
8 4 8 0  -0.0098966091
8 5 9 0  -0.0098966091
8 8 0 0  0.0388589844
8 8 2 0  -0.0098966091
8 8 4 0  -0.0098966091
8 9 1 0  0.0388589844
8 9 3 0  -0.0098966091
8 9 5 0  -0.0098966091
8 0 8 2  -0.0098966091
8 1 9 2  -0.0098966091
8 2 8 2  0.0029839904
8 3 9 2  0.0029839904
8 4 8 2  0.0021233334
8 5 9 2  0.0021233334
8 6 8 2  -0.0021648260
8 7 9 2  -0.0021648260
8 8 0 2  -0.0098966091
8 8 2 2  0.0029839904
8 8 4 2  0.0021233334
8 8 6 2  -0.0021648260
8 9 1 2  -0.0098966091
8 9 3 2  0.0029839904
8 9 5 2  0.0021233334
8 9 7 2  -0.0021648260
8 0 8 4  -0.0098966091
8 1 9 4  -0.0098966091
8 2 8 4  0.0021233334
8 3 9 4  0.0021233334
8 4 8 4  0.0029839904
8 5 9 4  0.0029839904
8 6 8 4  0.0021648260
8 7 9 4  0.0021648260
8 8 0 4  -0.0098966091
8 8 2 4  0.0021233334
8 8 4 4  0.0029839904
8 8 6 4  0.0021648260
8 9 1 4  -0.0098966091
8 9 3 4  0.0021233334
8 9 5 4  0.0029839904
8 9 7 4  0.0021648260
8 2 8 6  -0.0021648260
8 3 9 6  -0.0021648260
8 4 8 6  0.0021648260
8 5 9 6  0.0021648260
8 6 8 6  0.0115811684
8 7 9 6  0.0115811684
8 8 2 6  -0.0021648260
8 8 4 6  0.0021648260
8 8 6 6  0.0115811684
8 9 3 6  -0.0021648260
8 9 5 6  0.0021648260
8 9 7 6  0.0115811684
8 0 0 8  0.1937043966
8 0 2 8  -0.0244975315
8 0 4 8  -0.0244975315
8 1 1 8  0.1937043966
8 1 3 8  -0.0244975315
8 1 5 8  -0.0244975315
8 2 0 8  -0.0244975315
8 2 2 8  0.1031782909
8 2 4 8  0.0022591278
8 2 6 8  -0.0196952463
8 3 1 8  -0.0244975315
8 3 3 8  0.1031782909
8 3 5 8  0.0022591278
8 3 7 8  -0.0196952463
8 4 0 8  -0.0244975315
8 4 2 8  0.0022591278
8 4 4 8  0.1031782909
8 4 6 8  0.0196952463
8 5 1 8  -0.0244975315
8 5 3 8  0.0022591278
8 5 5 8  0.1031782909
8 5 7 8  0.0196952463
8 6 2 8  -0.0196952463
8 6 4 8  0.0196952463
8 6 6 8  0.1952284679
8 7 3 8  -0.0196952463
8 7 5 8  0.0196952463
8 7 7 8  0.1952284679
8 8 8 8  0.2249295451
8 9 9 8  0.2249295451
8 10 10 8  0.2006801625
8 11 11 8  0.2006801625
8 8 10 10  0.0121246915
8 9 11 10  0.0121246915
8 10 8 10  0.0121246915
8 11 9 10  0.0121246915
9 0 8 1  0.0388589844
9 1 9 1  0.0388589844
9 2 8 1  -0.0098966091
9 3 9 1  -0.0098966091
9 4 8 1  -0.0098966091
9 5 9 1  -0.0098966091
9 8 0 1  0.0388589844
9 8 2 1  -0.0098966091
9 8 4 1  -0.0098966091
9 9 1 1  0.0388589844
9 9 3 1  -0.0098966091
9 9 5 1  -0.0098966091
9 0 8 3  -0.0098966091
9 1 9 3  -0.0098966091
9 2 8 3  0.0029839904
9 3 9 3  0.0029839904
9 4 8 3  0.0021233334
9 5 9 3  0.0021233334
9 6 8 3  -0.0021648260
9 7 9 3  -0.0021648260
9 8 0 3  -0.0098966091
9 8 2 3  0.0029839904
9 8 4 3  0.0021233334
9 8 6 3  -0.0021648260
9 9 1 3  -0.0098966091
9 9 3 3  0.0029839904
9 9 5 3  0.0021233334
9 9 7 3  -0.0021648260
9 0 8 5  -0.0098966091
9 1 9 5  -0.0098966091
9 2 8 5  0.0021233334
9 3 9 5  0.0021233334
9 4 8 5  0.0029839904
9 5 9 5  0.0029839904
9 6 8 5  0.0021648260
9 7 9 5  0.0021648260
9 8 0 5  -0.0098966091
9 8 2 5  0.0021233334
9 8 4 5  0.0029839904
9 8 6 5  0.0021648260
9 9 1 5  -0.0098966091
9 9 3 5  0.0021233334
9 9 5 5  0.0029839904
9 9 7 5  0.0021648260
9 2 8 7  -0.0021648260
9 3 9 7  -0.0021648260
9 4 8 7  0.0021648260
9 5 9 7  0.0021648260
9 6 8 7  0.0115811684
9 7 9 7  0.0115811684
9 8 2 7  -0.0021648260
9 8 4 7  0.0021648260
9 8 6 7  0.0115811684
9 9 3 7  -0.0021648260
9 9 5 7  0.0021648260
9 9 7 7  0.0115811684
9 0 0 9  0.1937043966
9 0 2 9  -0.0244975315
9 0 4 9  -0.0244975315
9 1 1 9  0.1937043966
9 1 3 9  -0.0244975315
9 1 5 9  -0.0244975315
9 2 0 9  -0.0244975315
9 2 2 9  0.1031782909
9 2 4 9  0.0022591278
9 2 6 9  -0.0196952463
9 3 1 9  -0.0244975315
9 3 3 9  0.1031782909
9 3 5 9  0.0022591278
9 3 7 9  -0.0196952463
9 4 0 9  -0.0244975315
9 4 2 9  0.0022591278
9 4 4 9  0.1031782909
9 4 6 9  0.0196952463
9 5 1 9  -0.0244975315
9 5 3 9  0.0022591278
9 5 5 9  0.1031782909
9 5 7 9  0.0196952463
9 6 2 9  -0.0196952463
9 6 4 9  0.0196952463
9 6 6 9  0.1952284679
9 7 3 9  -0.0196952463
9 7 5 9  0.0196952463
9 7 7 9  0.1952284679
9 8 8 9  0.2249295451
9 9 9 9  0.2249295451
9 10 10 9  0.2006801625
9 11 11 9  0.2006801625
9 8 10 11  0.0121246915
9 9 11 11  0.0121246915
9 10 8 11  0.0121246915
9 11 9 11  0.0121246915
10 0 10 0  0.0388589844
10 1 11 0  0.0388589844
10 2 10 0  -0.0098966091
10 3 11 0  -0.0098966091
10 4 10 0  -0.0098966091
10 5 11 0  -0.0098966091
10 10 0 0  0.0388589844
10 10 2 0  -0.0098966091
10 10 4 0  -0.0098966091
10 11 1 0  0.0388589844
10 11 3 0  -0.0098966091
10 11 5 0  -0.0098966091
10 0 10 2  -0.0098966091
10 1 11 2  -0.0098966091
10 2 10 2  0.0029839904
10 3 11 2  0.0029839904
10 4 10 2  0.0021233334
10 5 11 2  0.0021233334
10 6 10 2  -0.0021648260
10 7 11 2  -0.0021648260
10 10 0 2  -0.0098966091
10 10 2 2  0.0029839904
10 10 4 2  0.0021233334
10 10 6 2  -0.0021648260
10 11 1 2  -0.0098966091
10 11 3 2  0.0029839904
10 11 5 2  0.0021233334
10 11 7 2  -0.0021648260
10 0 10 4  -0.0098966091
10 1 11 4  -0.0098966091
10 2 10 4  0.0021233334
10 3 11 4  0.0021233334
10 4 10 4  0.0029839904
10 5 11 4  0.0029839904
10 6 10 4  0.0021648260
10 7 11 4  0.0021648260
10 10 0 4  -0.0098966091
10 10 2 4  0.0021233334
10 10 4 4  0.0029839904
10 10 6 4  0.0021648260
10 11 1 4  -0.0098966091
10 11 3 4  0.0021233334
10 11 5 4  0.0029839904
10 11 7 4  0.0021648260
10 2 10 6  -0.0021648260
10 3 11 6  -0.0021648260
10 4 10 6  0.0021648260
10 5 11 6  0.0021648260
10 6 10 6  0.0115811684
10 7 11 6  0.0115811684
10 10 2 6  -0.0021648260
10 10 4 6  0.0021648260
10 10 6 6  0.0115811684
10 11 3 6  -0.0021648260
10 11 5 6  0.0021648260
10 11 7 6  0.0115811684
10 8 10 8  0.0121246915
10 9 11 8  0.0121246915
10 10 8 8  0.0121246915
10 11 9 8  0.0121246915
10 0 0 10  0.1937043966
10 0 2 10  -0.0244975315
10 0 4 10  -0.0244975315
10 1 1 10  0.1937043966
10 1 3 10  -0.0244975315
10 1 5 10  -0.0244975315
10 2 0 10  -0.0244975315
10 2 2 10  0.1031782909
10 2 4 10  0.0022591278
10 2 6 10  -0.0196952463
10 3 1 10  -0.0244975315
10 3 3 10  0.1031782909
10 3 5 10  0.0022591278
10 3 7 10  -0.0196952463
10 4 0 10  -0.0244975315
10 4 2 10  0.0022591278
10 4 4 10  0.1031782909
10 4 6 10  0.0196952463
10 5 1 10  -0.0244975315
10 5 3 10  0.0022591278
10 5 5 10  0.1031782909
10 5 7 10  0.0196952463
10 6 2 10  -0.0196952463
10 6 4 10  0.0196952463
10 6 6 10  0.1952284679
10 7 3 10  -0.0196952463
10 7 5 10  0.0196952463
10 7 7 10  0.1952284679
10 8 8 10  0.2006801625
10 9 9 10  0.2006801625
10 10 10 10  0.2249295451
10 11 11 10  0.2249295451
11 0 10 1  0.0388589844
11 1 11 1  0.0388589844
11 2 10 1  -0.0098966091
11 3 11 1  -0.0098966091
11 4 10 1  -0.0098966091
11 5 11 1  -0.0098966091
11 10 0 1  0.0388589844
11 10 2 1  -0.0098966091
11 10 4 1  -0.0098966091
11 11 1 1  0.0388589844
11 11 3 1  -0.0098966091
11 11 5 1  -0.0098966091
11 0 10 3  -0.0098966091
11 1 11 3  -0.0098966091
11 2 10 3  0.0029839904
11 3 11 3  0.0029839904
11 4 10 3  0.0021233334
11 5 11 3  0.0021233334
11 6 10 3  -0.0021648260
11 7 11 3  -0.0021648260
11 10 0 3  -0.0098966091
11 10 2 3  0.0029839904
11 10 4 3  0.0021233334
11 10 6 3  -0.0021648260
11 11 1 3  -0.0098966091
11 11 3 3  0.0029839904
11 11 5 3  0.0021233334
11 11 7 3  -0.0021648260
11 0 10 5  -0.0098966091
11 1 11 5  -0.0098966091
11 2 10 5  0.0021233334
11 3 11 5  0.0021233334
11 4 10 5  0.0029839904
11 5 11 5  0.0029839904
11 6 10 5  0.0021648260
11 7 11 5  0.0021648260
11 10 0 5  -0.0098966091
11 10 2 5  0.0021233334
11 10 4 5  0.0029839904
11 10 6 5  0.0021648260
11 11 1 5  -0.0098966091
11 11 3 5  0.0021233334
11 11 5 5  0.0029839904
11 11 7 5  0.0021648260
11 2 10 7  -0.0021648260
11 3 11 7  -0.0021648260
11 4 10 7  0.0021648260
11 5 11 7  0.0021648260
11 6 10 7  0.0115811684
11 7 11 7  0.0115811684
11 10 2 7  -0.0021648260
11 10 4 7  0.0021648260
11 10 6 7  0.0115811684
11 11 3 7  -0.0021648260
11 11 5 7  0.0021648260
11 11 7 7  0.0115811684
11 8 10 9  0.0121246915
11 9 11 9  0.0121246915
11 10 8 9  0.0121246915
11 11 9 9  0.0121246915
11 0 0 11  0.1937043966
11 0 2 11  -0.0244975315
11 0 4 11  -0.0244975315
11 1 1 11  0.1937043966
11 1 3 11  -0.0244975315
11 1 5 11  -0.0244975315
11 2 0 11  -0.0244975315
11 2 2 11  0.1031782909
11 2 4 11  0.0022591278
11 2 6 11  -0.0196952463
11 3 1 11  -0.0244975315
11 3 3 11  0.1031782909
11 3 5 11  0.0022591278
11 3 7 11  -0.0196952463
11 4 0 11  -0.0244975315
11 4 2 11  0.0022591278
11 4 4 11  0.1031782909
11 4 6 11  0.0196952463
11 5 1 11  -0.0244975315
11 5 3 11  0.0022591278
11 5 5 11  0.1031782909
11 5 7 11  0.0196952463
11 6 2 11  -0.0196952463
11 6 4 11  0.0196952463
11 6 6 11  0.1952284679
11 7 3 11  -0.0196952463
11 7 5 11  0.0196952463
11 7 7 11  0.1952284679
11 8 8 11  0.2006801625
11 9 9 11  0.2006801625
11 10 10 11  0.2249295451
11 11 11 11  0.2249295451
