-12.589317560718696
0 0  -1.0451796311
0 2  -0.0068730878
0 4  -0.0068730878
1 1  -1.0451796311
1 3  -0.0068730878
1 5  -0.0068730878
2 0  -0.0068730878
2 2  -0.9394955302
2 4  0.0190956597
2 6  0.0345243879
3 1  -0.0068730878
3 3  -0.9394955302
3 5  0.0190956597
3 7  0.0345243879
4 0  -0.0068730878
4 2  0.0190956597
4 4  -0.9394955302
4 6  -0.0345243879
5 1  -0.0068730878
5 3  0.0190956597
5 5  -0.9394955302
5 7  -0.0345243879
6 2  0.0345243879
6 4  -0.0345243879
6 6  -0.8776087314
7 3  0.0345243879
7 5  -0.0345243879
7 7  -0.8776087314
8 8  -0.8737996839
9 9  -0.8737996839
10 10  -0.8737996839
11 11  -0.8737996839
0 0 0 0  0.1873966649
0 0 2 0  -0.0176554975
0 0 4 0  -0.0176554975
0 1 1 0  0.1873966649
0 1 3 0  -0.0176554975
0 1 5 0  -0.0176554975
0 2 0 0  -0.0176554975
0 2 2 0  0.1079877585
0 2 4 0  0.0011664471
0 2 6 0  -0.0152768447
0 3 1 0  -0.0176554975
0 3 3 0  0.1079877585
0 3 5 0  0.0011664471
0 3 7 0  -0.0152768447
0 4 0 0  -0.0176554975
0 4 2 0  0.0011664471
0 4 4 0  0.1079877585
0 4 6 0  0.0152768447
0 5 1 0  -0.0176554975
0 5 3 0  0.0011664471
0 5 5 0  0.1079877585
0 5 7 0  0.0152768447
0 6 2 0  -0.0152768447
0 6 4 0  0.0152768447
0 6 6 0  0.1939707602
0 7 3 0  -0.0152768447
0 7 5 0  0.0152768447
0 7 7 0  0.1939707602
0 8 8 0  0.1962703750
0 9 9 0  0.1962703750
0 10 10 0  0.1962703750
0 11 11 0  0.1962703750
0 0 0 2  -0.0176554975
0 0 2 2  0.0157220935
0 0 4 2  -0.0001394759
0 0 6 2  -0.0082921522
0 1 1 2  -0.0176554975
0 1 3 2  0.0157220935
0 1 5 2  -0.0001394759
0 1 7 2  -0.0082921522
0 2 0 2  0.0157220935
0 2 2 2  0.0497606704
0 2 4 2  -0.0003308623
0 2 6 2  0.0146397216
0 3 1 2  0.0157220935
0 3 3 2  0.0497606704
0 3 5 2  -0.0003308623
0 3 7 2  0.0146397216
0 4 0 2  -0.0001394759
0 4 2 2  -0.0003308623
0 4 4 2  -0.0119909231
0 4 6 2  0.0006257370
0 5 1 2  -0.0001394759
0 5 3 2  -0.0003308623
0 5 5 2  -0.0119909231
0 5 7 2  0.0006257370
0 6 0 2  -0.0082921522
0 6 2 2  0.0146397216
0 6 4 2  0.0006257370
0 6 6 2  -0.0171739332
0 7 1 2  -0.0082921522
0 7 3 2  0.0146397216
0 7 5 2  0.0006257370
0 7 7 2  -0.0171739332
0 8 8 2  -0.0220830221
0 9 9 2  -0.0220830221
0 10 10 2  -0.0220830221
0 11 11 2  -0.0220830221
0 0 0 4  -0.0176554975
0 0 2 4  -0.0001394759
0 0 4 4  0.0157220935
0 0 6 4  0.0082921522
0 1 1 4  -0.0176554975
0 1 3 4  -0.0001394759
0 1 5 4  0.0157220935
0 1 7 4  0.0082921522
0 2 0 4  -0.0001394759
0 2 2 4  -0.0119909231
0 2 4 4  -0.0003308623
0 2 6 4  -0.0006257370
0 3 1 4  -0.0001394759
0 3 3 4  -0.0119909231
0 3 5 4  -0.0003308623
0 3 7 4  -0.0006257370
0 4 0 4  0.0157220935
0 4 2 4  -0.0003308623
0 4 4 4  0.0497606704
0 4 6 4  -0.0146397216
0 5 1 4  0.0157220935
0 5 3 4  -0.0003308623
0 5 5 4  0.0497606704
0 5 7 4  -0.0146397216
0 6 0 4  0.0082921522
0 6 2 4  -0.0006257370
0 6 4 4  -0.0146397216
0 6 6 4  -0.0171739332
0 7 1 4  0.0082921522
0 7 3 4  -0.0006257370
0 7 5 4  -0.0146397216
0 7 7 4  -0.0171739332
0 8 8 4  -0.0220830221
0 9 9 4  -0.0220830221
0 10 10 4  -0.0220830221
0 11 11 4  -0.0220830221
0 0 2 6  -0.0082921522
0 0 4 6  0.0082921522
0 0 6 6  0.0371080586
0 1 3 6  -0.0082921522
0 1 5 6  0.0082921522
0 1 7 6  0.0371080586
0 2 0 6  -0.0082921522
0 2 2 6  -0.0058341651
0 2 6 6  -0.0075929066
0 3 1 6  -0.0082921522
0 3 3 6  -0.0058341651
0 3 7 6  -0.0075929066
0 4 0 6  0.0082921522
0 4 4 6  0.0058341651
0 4 6 6  -0.0075929066
0 5 1 6  0.0082921522
0 5 5 6  0.0058341651
0 5 7 6  -0.0075929066
0 6 0 6  0.0371080586
0 6 2 6  -0.0075929066
0 6 4 6  -0.0075929066
0 7 1 6  0.0371080586
0 7 3 6  -0.0075929066
0 7 5 6  -0.0075929066
0 0 8 8  0.0400004791
0 1 9 8  0.0400004791
0 2 8 8  -0.0087196278
0 3 9 8  -0.0087196278
0 4 8 8  -0.0087196278
0 5 9 8  -0.0087196278
0 8 0 8  0.0400004791
0 8 2 8  -0.0087196278
0 8 4 8  -0.0087196278
0 9 1 8  0.0400004791
0 9 3 8  -0.0087196278
0 9 5 8  -0.0087196278
0 0 10 10  0.0400004791
0 1 11 10  0.0400004791
0 2 10 10  -0.0087196278
0 3 11 10  -0.0087196278
0 4 10 10  -0.0087196278
0 5 11 10  -0.0087196278
0 10 0 10  0.0400004791
0 10 2 10  -0.0087196278
0 10 4 10  -0.0087196278
0 11 1 10  0.0400004791
0 11 3 10  -0.0087196278
0 11 5 10  -0.0087196278
1 0 0 1  0.1873966649
1 0 2 1  -0.0176554975
1 0 4 1  -0.0176554975
1 1 1 1  0.1873966649
1 1 3 1  -0.0176554975
1 1 5 1  -0.0176554975
1 2 0 1  -0.0176554975
1 2 2 1  0.1079877585
1 2 4 1  0.0011664471
1 2 6 1  -0.0152768447
1 3 1 1  -0.0176554975
1 3 3 1  0.1079877585
1 3 5 1  0.0011664471
1 3 7 1  -0.0152768447
1 4 0 1  -0.0176554975
1 4 2 1  0.0011664471
1 4 4 1  0.1079877585
1 4 6 1  0.0152768447
1 5 1 1  -0.0176554975
1 5 3 1  0.0011664471
1 5 5 1  0.1079877585
1 5 7 1  0.0152768447
1 6 2 1  -0.0152768447
1 6 4 1  0.0152768447
1 6 6 1  0.1939707602
1 7 3 1  -0.0152768447
1 7 5 1  0.0152768447
1 7 7 1  0.1939707602
1 8 8 1  0.1962703750
1 9 9 1  0.1962703750
1 10 10 1  0.1962703750
1 11 11 1  0.1962703750
1 0 0 3  -0.0176554975
1 0 2 3  0.0157220935
1 0 4 3  -0.0001394759
1 0 6 3  -0.0082921522
1 1 1 3  -0.0176554975
1 1 3 3  0.0157220935
1 1 5 3  -0.0001394759
1 1 7 3  -0.0082921522
1 2 0 3  0.0157220935
1 2 2 3  0.0497606704
1 2 4 3  -0.0003308623
1 2 6 3  0.0146397216
1 3 1 3  0.0157220935
1 3 3 3  0.0497606704
1 3 5 3  -0.0003308623
1 3 7 3  0.0146397216
1 4 0 3  -0.0001394759
1 4 2 3  -0.0003308623
1 4 4 3  -0.0119909231
1 4 6 3  0.0006257370
1 5 1 3  -0.0001394759
1 5 3 3  -0.0003308623
1 5 5 3  -0.0119909231
1 5 7 3  0.0006257370
1 6 0 3  -0.0082921522
1 6 2 3  0.0146397216
1 6 4 3  0.0006257370
1 6 6 3  -0.0171739332
1 7 1 3  -0.0082921522
1 7 3 3  0.0146397216
1 7 5 3  0.0006257370
1 7 7 3  -0.0171739332
1 8 8 3  -0.0220830221
1 9 9 3  -0.0220830221
1 10 10 3  -0.0220830221
1 11 11 3  -0.0220830221
1 0 0 5  -0.0176554975
1 0 2 5  -0.0001394759
1 0 4 5  0.0157220935
1 0 6 5  0.0082921522
1 1 1 5  -0.0176554975
1 1 3 5  -0.0001394759
1 1 5 5  0.0157220935
1 1 7 5  0.0082921522
1 2 0 5  -0.0001394759
1 2 2 5  -0.0119909231
1 2 4 5  -0.0003308623
1 2 6 5  -0.0006257370
1 3 1 5  -0.0001394759
1 3 3 5  -0.0119909231
1 3 5 5  -0.0003308623
1 3 7 5  -0.0006257370
1 4 0 5  0.0157220935
1 4 2 5  -0.0003308623
1 4 4 5  0.0497606704
1 4 6 5  -0.0146397216
1 5 1 5  0.0157220935
1 5 3 5  -0.0003308623
1 5 5 5  0.0497606704
1 5 7 5  -0.0146397216
1 6 0 5  0.0082921522
1 6 2 5  -0.0006257370
1 6 4 5  -0.0146397216
1 6 6 5  -0.0171739332
1 7 1 5  0.0082921522
1 7 3 5  -0.0006257370
1 7 5 5  -0.0146397216
1 7 7 5  -0.0171739332
1 8 8 5  -0.0220830221
1 9 9 5  -0.0220830221
1 10 10 5  -0.0220830221
1 11 11 5  -0.0220830221
1 0 2 7  -0.0082921522
1 0 4 7  0.0082921522
1 0 6 7  0.0371080586
1 1 3 7  -0.0082921522
1 1 5 7  0.0082921522
1 1 7 7  0.0371080586
1 2 0 7  -0.0082921522
1 2 2 7  -0.0058341651
1 2 6 7  -0.0075929066
1 3 1 7  -0.0082921522
1 3 3 7  -0.0058341651
1 3 7 7  -0.0075929066
1 4 0 7  0.0082921522
1 4 4 7  0.0058341651
1 4 6 7  -0.0075929066
1 5 1 7  0.0082921522
1 5 5 7  0.0058341651
1 5 7 7  -0.0075929066
1 6 0 7  0.0371080586
1 6 2 7  -0.0075929066
1 6 4 7  -0.0075929066
1 7 1 7  0.0371080586
1 7 3 7  -0.0075929066
1 7 5 7  -0.0075929066
1 0 8 9  0.0400004791
1 1 9 9  0.0400004791
1 2 8 9  -0.0087196278
1 3 9 9  -0.0087196278
1 4 8 9  -0.0087196278
1 5 9 9  -0.0087196278
1 8 0 9  0.0400004791
1 8 2 9  -0.0087196278
1 8 4 9  -0.0087196278
1 9 1 9  0.0400004791
1 9 3 9  -0.0087196278
1 9 5 9  -0.0087196278
1 0 10 11  0.0400004791
1 1 11 11  0.0400004791
1 2 10 11  -0.0087196278
1 3 11 11  -0.0087196278
1 4 10 11  -0.0087196278
1 5 11 11  -0.0087196278
1 10 0 11  0.0400004791
1 10 2 11  -0.0087196278
1 10 4 11  -0.0087196278
1 11 1 11  0.0400004791
1 11 3 11  -0.0087196278
1 11 5 11  -0.0087196278
2 0 0 0  -0.0176554975
2 0 2 0  0.0157220935
2 0 4 0  -0.0001394759
2 0 6 0  -0.0082921522
2 1 1 0  -0.0176554975
2 1 3 0  0.0157220935
2 1 5 0  -0.0001394759
2 1 7 0  -0.0082921522
2 2 0 0  0.0157220935
2 2 2 0  0.0497606704
2 2 4 0  -0.0003308623
2 2 6 0  0.0146397216
2 3 1 0  0.0157220935
2 3 3 0  0.0497606704
2 3 5 0  -0.0003308623
2 3 7 0  0.0146397216
2 4 0 0  -0.0001394759
2 4 2 0  -0.0003308623
2 4 4 0  -0.0119909231
2 4 6 0  0.0006257370
2 5 1 0  -0.0001394759
2 5 3 0  -0.0003308623
2 5 5 0  -0.0119909231
2 5 7 0  0.0006257370
2 6 0 0  -0.0082921522
2 6 2 0  0.0146397216
2 6 4 0  0.0006257370
2 6 6 0  -0.0171739332
2 7 1 0  -0.0082921522
2 7 3 0  0.0146397216
2 7 5 0  0.0006257370
2 7 7 0  -0.0171739332
2 8 8 0  -0.0220830221
2 9 9 0  -0.0220830221
2 10 10 0  -0.0220830221
2 11 11 0  -0.0220830221
2 0 0 2  0.1079877585
2 0 2 2  0.0497606704
2 0 4 2  -0.0119909231
2 0 6 2  -0.0058341651
2 1 1 2  0.1079877585
2 1 3 2  0.0497606704
2 1 5 2  -0.0119909231
2 1 7 2  -0.0058341651
2 2 0 2  0.0497606704
2 2 2 2  0.3503294720
2 2 4 2  0.0001824242
2 2 6 2  0.0506960462
2 3 1 2  0.0497606704
2 3 3 2  0.3503294720
2 3 5 2  0.0001824242
2 3 7 2  0.0506960462
2 4 0 2  -0.0119909231
2 4 2 2  0.0001824242
2 4 4 2  0.0559224103
2 4 6 2  0.0120158317
2 5 1 2  -0.0119909231
2 5 3 2  0.0001824242
2 5 5 2  0.0559224103
2 5 7 2  0.0120158317
2 6 0 2  -0.0058341651
2 6 2 2  0.0506960462
2 6 4 2  0.0120158317
2 6 6 2  0.1158292920
2 7 1 2  -0.0058341651
2 7 3 2  0.0506960462
2 7 5 2  0.0120158317
2 7 7 2  0.1158292920
2 8 8 2  0.0979103852
2 9 9 2  0.0979103852
2 10 10 2  0.0979103852
2 11 11 2  0.0979103852
2 0 0 4  0.0011664471
2 0 2 4  -0.0003308623
2 0 4 4  -0.0003308623
2 1 1 4  0.0011664471
2 1 3 4  -0.0003308623
2 1 5 4  -0.0003308623
2 2 0 4  -0.0003308623
2 2 2 4  0.0001824242
2 2 4 4  0.0001218435
2 2 6 4  0.0000596162
2 3 1 4  -0.0003308623
2 3 3 4  0.0001824242
2 3 5 4  0.0001218435
2 3 7 4  0.0000596162
2 4 0 4  -0.0003308623
2 4 2 4  0.0001218435
2 4 4 4  0.0001824242
2 4 6 4  -0.0000596162
2 5 1 4  -0.0003308623
2 5 3 4  0.0001218435
2 5 5 4  0.0001824242
2 5 7 4  -0.0000596162
2 6 2 4  0.0000596162
2 6 4 4  -0.0000596162
2 6 6 4  0.0006618148
2 7 3 4  0.0000596162
2 7 5 4  -0.0000596162
2 7 7 4  0.0006618148
2 8 8 4  0.0017851612
2 9 9 4  0.0017851612
2 10 10 4  0.0017851612
2 11 11 4  0.0017851612
2 0 0 6  -0.0152768447
2 0 2 6  0.0146397216
2 0 4 6  -0.0006257370
2 0 6 6  -0.0075929066
2 1 1 6  -0.0152768447
2 1 3 6  0.0146397216
2 1 5 6  -0.0006257370
2 1 7 6  -0.0075929066
2 2 0 6  0.0146397216
2 2 2 6  0.0506960462
2 2 4 6  0.0000596162
2 2 6 6  0.0156061889
2 3 1 6  0.0146397216
2 3 3 6  0.0506960462
2 3 5 6  0.0000596162
2 3 7 6  0.0156061889
2 4 0 6  -0.0006257370
2 4 2 6  0.0000596162
2 4 4 6  -0.0120158317
2 4 6 6  0.0004643984
2 5 1 6  -0.0006257370
2 5 3 6  0.0000596162
2 5 5 6  -0.0120158317
2 5 7 6  0.0004643984
2 6 0 6  -0.0075929066
2 6 2 6  0.0156061889
2 6 4 6  0.0004643984
2 6 6 6  -0.0175115204
2 7 1 6  -0.0075929066
2 7 3 6  0.0156061889
2 7 5 6  0.0004643984
2 7 7 6  -0.0175115204
2 8 8 6  -0.0175126016
2 9 9 6  -0.0175126016
2 10 10 6  -0.0175126016
2 11 11 6  -0.0175126016
2 0 8 8  -0.0087196278
2 1 9 8  -0.0087196278
2 2 8 8  0.0022384903
2 3 9 8  0.0022384903
2 4 8 8  0.0016114001
2 5 9 8  0.0016114001
2 6 8 8  -0.0018598774
2 7 9 8  -0.0018598774
2 8 0 8  -0.0087196278
2 8 2 8  0.0022384903
2 8 4 8  0.0016114001
2 8 6 8  -0.0018598774
2 9 1 8  -0.0087196278
2 9 3 8  0.0022384903
2 9 5 8  0.0016114001
2 9 7 8  -0.0018598774
2 0 10 10  -0.0087196278
2 1 11 10  -0.0087196278
2 2 10 10  0.0022384903
2 3 11 10  0.0022384903
2 4 10 10  0.0016114001
2 5 11 10  0.0016114001
2 6 10 10  -0.0018598774
2 7 11 10  -0.0018598774
2 10 0 10  -0.0087196278
2 10 2 10  0.0022384903
2 10 4 10  0.0016114001
2 10 6 10  -0.0018598774
2 11 1 10  -0.0087196278
2 11 3 10  0.0022384903
2 11 5 10  0.0016114001
2 11 7 10  -0.0018598774
3 0 0 1  -0.0176554975
3 0 2 1  0.0157220935
3 0 4 1  -0.0001394759
3 0 6 1  -0.0082921522
3 1 1 1  -0.0176554975
3 1 3 1  0.0157220935
3 1 5 1  -0.0001394759
3 1 7 1  -0.0082921522
3 2 0 1  0.0157220935
3 2 2 1  0.0497606704
3 2 4 1  -0.0003308623
3 2 6 1  0.0146397216
3 3 1 1  0.0157220935
3 3 3 1  0.0497606704
3 3 5 1  -0.0003308623
3 3 7 1  0.0146397216
3 4 0 1  -0.0001394759
3 4 2 1  -0.0003308623
3 4 4 1  -0.0119909231
3 4 6 1  0.0006257370
3 5 1 1  -0.0001394759
3 5 3 1  -0.0003308623
3 5 5 1  -0.0119909231
3 5 7 1  0.0006257370
3 6 0 1  -0.0082921522
3 6 2 1  0.0146397216
3 6 4 1  0.0006257370
3 6 6 1  -0.0171739332
3 7 1 1  -0.0082921522
3 7 3 1  0.0146397216
3 7 5 1  0.0006257370
3 7 7 1  -0.0171739332
3 8 8 1  -0.0220830221
3 9 9 1  -0.0220830221
3 10 10 1  -0.0220830221
3 11 11 1  -0.0220830221
3 0 0 3  0.1079877585
3 0 2 3  0.0497606704
3 0 4 3  -0.0119909231
3 0 6 3  -0.0058341651
3 1 1 3  0.1079877585
3 1 3 3  0.0497606704
3 1 5 3  -0.0119909231
3 1 7 3  -0.0058341651
3 2 0 3  0.0497606704
3 2 2 3  0.3503294720
3 2 4 3  0.0001824242
3 2 6 3  0.0506960462
3 3 1 3  0.0497606704
3 3 3 3  0.3503294720
3 3 5 3  0.0001824242
3 3 7 3  0.0506960462
3 4 0 3  -0.0119909231
3 4 2 3  0.0001824242
3 4 4 3  0.0559224103
3 4 6 3  0.0120158317
3 5 1 3  -0.0119909231
3 5 3 3  0.0001824242
3 5 5 3  0.0559224103
3 5 7 3  0.0120158317
3 6 0 3  -0.0058341651
3 6 2 3  0.0506960462
3 6 4 3  0.0120158317
3 6 6 3  0.1158292920
3 7 1 3  -0.0058341651
3 7 3 3  0.0506960462
3 7 5 3  0.0120158317
3 7 7 3  0.1158292920
3 8 8 3  0.0979103852
3 9 9 3  0.0979103852
3 10 10 3  0.0979103852
3 11 11 3  0.0979103852
3 0 0 5  0.0011664471
3 0 2 5  -0.0003308623
3 0 4 5  -0.0003308623
3 1 1 5  0.0011664471
3 1 3 5  -0.0003308623
3 1 5 5  -0.0003308623
3 2 0 5  -0.0003308623
3 2 2 5  0.0001824242
3 2 4 5  0.0001218435
3 2 6 5  0.0000596162
3 3 1 5  -0.0003308623
3 3 3 5  0.0001824242
3 3 5 5  0.0001218435
3 3 7 5  0.0000596162
3 4 0 5  -0.0003308623
3 4 2 5  0.0001218435
3 4 4 5  0.0001824242
3 4 6 5  -0.0000596162
3 5 1 5  -0.0003308623
3 5 3 5  0.0001218435
3 5 5 5  0.0001824242
3 5 7 5  -0.0000596162
3 6 2 5  0.0000596162
3 6 4 5  -0.0000596162
3 6 6 5  0.0006618148
3 7 3 5  0.0000596162
3 7 5 5  -0.0000596162
3 7 7 5  0.0006618148
3 8 8 5  0.0017851612
3 9 9 5  0.0017851612
3 10 10 5  0.0017851612
3 11 11 5  0.0017851612
3 0 0 7  -0.0152768447
3 0 2 7  0.0146397216
3 0 4 7  -0.0006257370
3 0 6 7  -0.0075929066
3 1 1 7  -0.0152768447
3 1 3 7  0.0146397216
3 1 5 7  -0.0006257370
3 1 7 7  -0.0075929066
3 2 0 7  0.0146397216
3 2 2 7  0.0506960462
3 2 4 7  0.0000596162
3 2 6 7  0.0156061889
3 3 1 7  0.0146397216
3 3 3 7  0.0506960462
3 3 5 7  0.0000596162
3 3 7 7  0.0156061889
3 4 0 7  -0.0006257370
3 4 2 7  0.0000596162
3 4 4 7  -0.0120158317
3 4 6 7  0.0004643984
3 5 1 7  -0.0006257370
3 5 3 7  0.0000596162
3 5 5 7  -0.0120158317
3 5 7 7  0.0004643984
3 6 0 7  -0.0075929066
3 6 2 7  0.0156061889
3 6 4 7  0.0004643984
3 6 6 7  -0.0175115204
3 7 1 7  -0.0075929066
3 7 3 7  0.0156061889
3 7 5 7  0.0004643984
3 7 7 7  -0.0175115204
3 8 8 7  -0.0175126016
3 9 9 7  -0.0175126016
3 10 10 7  -0.0175126016
3 11 11 7  -0.0175126016
3 0 8 9  -0.0087196278
3 1 9 9  -0.0087196278
3 2 8 9  0.0022384903
3 3 9 9  0.0022384903
3 4 8 9  0.0016114001
3 5 9 9  0.0016114001
3 6 8 9  -0.0018598774
3 7 9 9  -0.0018598774
3 8 0 9  -0.0087196278
3 8 2 9  0.0022384903
3 8 4 9  0.0016114001
3 8 6 9  -0.0018598774
3 9 1 9  -0.0087196278
3 9 3 9  0.0022384903
3 9 5 9  0.0016114001
3 9 7 9  -0.0018598774
3 0 10 11  -0.0087196278
3 1 11 11  -0.0087196278
3 2 10 11  0.0022384903
3 3 11 11  0.0022384903
3 4 10 11  0.0016114001
3 5 11 11  0.0016114001
3 6 10 11  -0.0018598774
3 7 11 11  -0.0018598774
3 10 0 11  -0.0087196278
3 10 2 11  0.0022384903
3 10 4 11  0.0016114001
3 10 6 11  -0.0018598774
3 11 1 11  -0.0087196278
3 11 3 11  0.0022384903
3 11 5 11  0.0016114001
3 11 7 11  -0.0018598774
4 0 0 0  -0.0176554975
4 0 2 0  -0.0001394759
4 0 4 0  0.0157220935
4 0 6 0  0.0082921522
4 1 1 0  -0.0176554975
4 1 3 0  -0.0001394759
4 1 5 0  0.0157220935
4 1 7 0  0.0082921522
4 2 0 0  -0.0001394759
4 2 2 0  -0.0119909231
4 2 4 0  -0.0003308623
4 2 6 0  -0.0006257370
4 3 1 0  -0.0001394759
4 3 3 0  -0.0119909231
4 3 5 0  -0.0003308623
4 3 7 0  -0.0006257370
4 4 0 0  0.0157220935
4 4 2 0  -0.0003308623
4 4 4 0  0.0497606704
4 4 6 0  -0.0146397216
4 5 1 0  0.0157220935
4 5 3 0  -0.0003308623
4 5 5 0  0.0497606704
4 5 7 0  -0.0146397216
4 6 0 0  0.0082921522
4 6 2 0  -0.0006257370
4 6 4 0  -0.0146397216
4 6 6 0  -0.0171739332
4 7 1 0  0.0082921522
4 7 3 0  -0.0006257370
4 7 5 0  -0.0146397216
4 7 7 0  -0.0171739332
4 8 8 0  -0.0220830221
4 9 9 0  -0.0220830221
4 10 10 0  -0.0220830221
4 11 11 0  -0.0220830221
4 0 0 2  0.0011664471
4 0 2 2  -0.0003308623
4 0 4 2  -0.0003308623
4 1 1 2  0.0011664471
4 1 3 2  -0.0003308623
4 1 5 2  -0.0003308623
4 2 0 2  -0.0003308623
4 2 2 2  0.0001824242
4 2 4 2  0.0001218435
4 2 6 2  0.0000596162
4 3 1 2  -0.0003308623
4 3 3 2  0.0001824242
4 3 5 2  0.0001218435
4 3 7 2  0.0000596162
4 4 0 2  -0.0003308623
4 4 2 2  0.0001218435
4 4 4 2  0.0001824242
4 4 6 2  -0.0000596162
4 5 1 2  -0.0003308623
4 5 3 2  0.0001218435
4 5 5 2  0.0001824242
4 5 7 2  -0.0000596162
4 6 2 2  0.0000596162
4 6 4 2  -0.0000596162
4 6 6 2  0.0006618148
4 7 3 2  0.0000596162
4 7 5 2  -0.0000596162
4 7 7 2  0.0006618148
4 8 8 2  0.0017851612
4 9 9 2  0.0017851612
4 10 10 2  0.0017851612
4 11 11 2  0.0017851612
4 0 0 4  0.1079877585
4 0 2 4  -0.0119909231
4 0 4 4  0.0497606704
4 0 6 4  0.0058341651
4 1 1 4  0.1079877585
4 1 3 4  -0.0119909231
4 1 5 4  0.0497606704
4 1 7 4  0.0058341651
4 2 0 4  -0.0119909231
4 2 2 4  0.0559224103
4 2 4 4  0.0001824242
4 2 6 4  -0.0120158317
4 3 1 4  -0.0119909231
4 3 3 4  0.0559224103
4 3 5 4  0.0001824242
4 3 7 4  -0.0120158317
4 4 0 4  0.0497606704
4 4 2 4  0.0001824242
4 4 4 4  0.3503294720
4 4 6 4  -0.0506960462
4 5 1 4  0.0497606704
4 5 3 4  0.0001824242
4 5 5 4  0.3503294720
4 5 7 4  -0.0506960462
4 6 0 4  0.0058341651
4 6 2 4  -0.0120158317
4 6 4 4  -0.0506960462
4 6 6 4  0.1158292920
4 7 1 4  0.0058341651
4 7 3 4  -0.0120158317
4 7 5 4  -0.0506960462
4 7 7 4  0.1158292920
4 8 8 4  0.0979103852
4 9 9 4  0.0979103852
4 10 10 4  0.0979103852
4 11 11 4  0.0979103852
4 0 0 6  0.0152768447
4 0 2 6  0.0006257370
4 0 4 6  -0.0146397216
4 0 6 6  -0.0075929066
4 1 1 6  0.0152768447
4 1 3 6  0.0006257370
4 1 5 6  -0.0146397216
4 1 7 6  -0.0075929066
4 2 0 6  0.0006257370
4 2 2 6  0.0120158317
4 2 4 6  -0.0000596162
4 2 6 6  0.0004643984
4 3 1 6  0.0006257370
4 3 3 6  0.0120158317
4 3 5 6  -0.0000596162
4 3 7 6  0.0004643984
4 4 0 6  -0.0146397216
4 4 2 6  -0.0000596162
4 4 4 6  -0.0506960462
4 4 6 6  0.0156061889
4 5 1 6  -0.0146397216
4 5 3 6  -0.0000596162
4 5 5 6  -0.0506960462
4 5 7 6  0.0156061889
4 6 0 6  -0.0075929066
4 6 2 6  0.0004643984
4 6 4 6  0.0156061889
4 6 6 6  0.0175115204
4 7 1 6  -0.0075929066
4 7 3 6  0.0004643984
4 7 5 6  0.0156061889
4 7 7 6  0.0175115204
4 8 8 6  0.0175126016
4 9 9 6  0.0175126016
4 10 10 6  0.0175126016
4 11 11 6  0.0175126016
4 0 8 8  -0.0087196278
4 1 9 8  -0.0087196278
4 2 8 8  0.0016114001
4 3 9 8  0.0016114001
4 4 8 8  0.0022384903
4 5 9 8  0.0022384903
4 6 8 8  0.0018598774
4 7 9 8  0.0018598774
4 8 0 8  -0.0087196278
4 8 2 8  0.0016114001
4 8 4 8  0.0022384903
4 8 6 8  0.0018598774
4 9 1 8  -0.0087196278
4 9 3 8  0.0016114001
4 9 5 8  0.0022384903
4 9 7 8  0.0018598774
4 0 10 10  -0.0087196278
4 1 11 10  -0.0087196278
4 2 10 10  0.0016114001
4 3 11 10  0.0016114001
4 4 10 10  0.0022384903
4 5 11 10  0.0022384903
4 6 10 10  0.0018598774
4 7 11 10  0.0018598774
4 10 0 10  -0.0087196278
4 10 2 10  0.0016114001
4 10 4 10  0.0022384903
4 10 6 10  0.0018598774
4 11 1 10  -0.0087196278
4 11 3 10  0.0016114001
4 11 5 10  0.0022384903
4 11 7 10  0.0018598774
5 0 0 1  -0.0176554975
5 0 2 1  -0.0001394759
5 0 4 1  0.0157220935
5 0 6 1  0.0082921522
5 1 1 1  -0.0176554975
5 1 3 1  -0.0001394759
5 1 5 1  0.0157220935
5 1 7 1  0.0082921522
5 2 0 1  -0.0001394759
5 2 2 1  -0.0119909231
5 2 4 1  -0.0003308623
5 2 6 1  -0.0006257370
5 3 1 1  -0.0001394759
5 3 3 1  -0.0119909231
5 3 5 1  -0.0003308623
5 3 7 1  -0.0006257370
5 4 0 1  0.0157220935
5 4 2 1  -0.0003308623
5 4 4 1  0.0497606704
5 4 6 1  -0.0146397216
5 5 1 1  0.0157220935
5 5 3 1  -0.0003308623
5 5 5 1  0.0497606704
5 5 7 1  -0.0146397216
5 6 0 1  0.0082921522
5 6 2 1  -0.0006257370
5 6 4 1  -0.0146397216
5 6 6 1  -0.0171739332
5 7 1 1  0.0082921522
5 7 3 1  -0.0006257370
5 7 5 1  -0.0146397216
5 7 7 1  -0.0171739332
5 8 8 1  -0.0220830221
5 9 9 1  -0.0220830221
5 10 10 1  -0.0220830221
5 11 11 1  -0.0220830221
5 0 0 3  0.0011664471
5 0 2 3  -0.0003308623
5 0 4 3  -0.0003308623
5 1 1 3  0.0011664471
5 1 3 3  -0.0003308623
5 1 5 3  -0.0003308623
5 2 0 3  -0.0003308623
5 2 2 3  0.0001824242
5 2 4 3  0.0001218435
5 2 6 3  0.0000596162
5 3 1 3  -0.0003308623
5 3 3 3  0.0001824242
5 3 5 3  0.0001218435
5 3 7 3  0.0000596162
5 4 0 3  -0.0003308623
5 4 2 3  0.0001218435
5 4 4 3  0.0001824242
5 4 6 3  -0.0000596162
5 5 1 3  -0.0003308623
5 5 3 3  0.0001218435
5 5 5 3  0.0001824242
5 5 7 3  -0.0000596162
5 6 2 3  0.0000596162
5 6 4 3  -0.0000596162
5 6 6 3  0.0006618148
5 7 3 3  0.0000596162
5 7 5 3  -0.0000596162
5 7 7 3  0.0006618148
5 8 8 3  0.0017851612
5 9 9 3  0.0017851612
5 10 10 3  0.0017851612
5 11 11 3  0.0017851612
5 0 0 5  0.1079877585
5 0 2 5  -0.0119909231
5 0 4 5  0.0497606704
5 0 6 5  0.0058341651
5 1 1 5  0.1079877585
5 1 3 5  -0.0119909231
5 1 5 5  0.0497606704
5 1 7 5  0.0058341651
5 2 0 5  -0.0119909231
5 2 2 5  0.0559224103
5 2 4 5  0.0001824242
5 2 6 5  -0.0120158317
5 3 1 5  -0.0119909231
5 3 3 5  0.0559224103
5 3 5 5  0.0001824242
5 3 7 5  -0.0120158317
5 4 0 5  0.0497606704
5 4 2 5  0.0001824242
5 4 4 5  0.3503294720
5 4 6 5  -0.0506960462
5 5 1 5  0.0497606704
5 5 3 5  0.0001824242
5 5 5 5  0.3503294720
5 5 7 5  -0.0506960462
5 6 0 5  0.0058341651
5 6 2 5  -0.0120158317
5 6 4 5  -0.0506960462
5 6 6 5  0.1158292920
5 7 1 5  0.0058341651
5 7 3 5  -0.0120158317
5 7 5 5  -0.0506960462
5 7 7 5  0.1158292920
5 8 8 5  0.0979103852
5 9 9 5  0.0979103852
5 10 10 5  0.0979103852
5 11 11 5  0.0979103852
5 0 0 7  0.0152768447
5 0 2 7  0.0006257370
5 0 4 7  -0.0146397216
5 0 6 7  -0.0075929066
5 1 1 7  0.0152768447
5 1 3 7  0.0006257370
5 1 5 7  -0.0146397216
5 1 7 7  -0.0075929066
5 2 0 7  0.0006257370
5 2 2 7  0.0120158317
5 2 4 7  -0.0000596162
5 2 6 7  0.0004643984
5 3 1 7  0.0006257370
5 3 3 7  0.0120158317
5 3 5 7  -0.0000596162
5 3 7 7  0.0004643984
5 4 0 7  -0.0146397216
5 4 2 7  -0.0000596162
5 4 4 7  -0.0506960462
5 4 6 7  0.0156061889
5 5 1 7  -0.0146397216
5 5 3 7  -0.0000596162
5 5 5 7  -0.0506960462
5 5 7 7  0.0156061889
5 6 0 7  -0.0075929066
5 6 2 7  0.0004643984
5 6 4 7  0.0156061889
5 6 6 7  0.0175115204
5 7 1 7  -0.0075929066
5 7 3 7  0.0004643984
5 7 5 7  0.0156061889
5 7 7 7  0.0175115204
5 8 8 7  0.0175126016
5 9 9 7  0.0175126016
5 10 10 7  0.0175126016
5 11 11 7  0.0175126016
5 0 8 9  -0.0087196278
5 1 9 9  -0.0087196278
5 2 8 9  0.0016114001
5 3 9 9  0.0016114001
5 4 8 9  0.0022384903
5 5 9 9  0.0022384903
5 6 8 9  0.0018598774
5 7 9 9  0.0018598774
5 8 0 9  -0.0087196278
5 8 2 9  0.0016114001
5 8 4 9  0.0022384903
5 8 6 9  0.0018598774
5 9 1 9  -0.0087196278
5 9 3 9  0.0016114001
5 9 5 9  0.0022384903
5 9 7 9  0.0018598774
5 0 10 11  -0.0087196278
5 1 11 11  -0.0087196278
5 2 10 11  0.0016114001
5 3 11 11  0.0016114001
5 4 10 11  0.0022384903
5 5 11 11  0.0022384903
5 6 10 11  0.0018598774
5 7 11 11  0.0018598774
5 10 0 11  -0.0087196278
5 10 2 11  0.0016114001
5 10 4 11  0.0022384903
5 10 6 11  0.0018598774
5 11 1 11  -0.0087196278
5 11 3 11  0.0016114001
5 11 5 11  0.0022384903
5 11 7 11  0.0018598774
6 0 2 0  -0.0082921522
6 0 4 0  0.0082921522
6 0 6 0  0.0371080586
6 1 3 0  -0.0082921522
6 1 5 0  0.0082921522
6 1 7 0  0.0371080586
6 2 0 0  -0.0082921522
6 2 2 0  -0.0058341651
6 2 6 0  -0.0075929066
6 3 1 0  -0.0082921522
6 3 3 0  -0.0058341651
6 3 7 0  -0.0075929066
6 4 0 0  0.0082921522
6 4 4 0  0.0058341651
6 4 6 0  -0.0075929066
6 5 1 0  0.0082921522
6 5 5 0  0.0058341651
6 5 7 0  -0.0075929066
6 6 0 0  0.0371080586
6 6 2 0  -0.0075929066
6 6 4 0  -0.0075929066
6 7 1 0  0.0371080586
6 7 3 0  -0.0075929066
6 7 5 0  -0.0075929066
6 0 0 2  -0.0152768447
6 0 2 2  0.0146397216
6 0 4 2  -0.0006257370
6 0 6 2  -0.0075929066
6 1 1 2  -0.0152768447
6 1 3 2  0.0146397216
6 1 5 2  -0.0006257370
6 1 7 2  -0.0075929066
6 2 0 2  0.0146397216
6 2 2 2  0.0506960462
6 2 4 2  0.0000596162
6 2 6 2  0.0156061889
6 3 1 2  0.0146397216
6 3 3 2  0.0506960462
6 3 5 2  0.0000596162
6 3 7 2  0.0156061889
6 4 0 2  -0.0006257370
6 4 2 2  0.0000596162
6 4 4 2  -0.0120158317
6 4 6 2  0.0004643984
6 5 1 2  -0.0006257370
6 5 3 2  0.0000596162
6 5 5 2  -0.0120158317
6 5 7 2  0.0004643984
6 6 0 2  -0.0075929066
6 6 2 2  0.0156061889
6 6 4 2  0.0004643984
6 6 6 2  -0.0175115204
6 7 1 2  -0.0075929066
6 7 3 2  0.0156061889
6 7 5 2  0.0004643984
6 7 7 2  -0.0175115204
6 8 8 2  -0.0175126016
6 9 9 2  -0.0175126016
6 10 10 2  -0.0175126016
6 11 11 2  -0.0175126016
6 0 0 4  0.0152768447
6 0 2 4  0.0006257370
6 0 4 4  -0.0146397216
6 0 6 4  -0.0075929066
6 1 1 4  0.0152768447
6 1 3 4  0.0006257370
6 1 5 4  -0.0146397216
6 1 7 4  -0.0075929066
6 2 0 4  0.0006257370
6 2 2 4  0.0120158317
6 2 4 4  -0.0000596162
6 2 6 4  0.0004643984
6 3 1 4  0.0006257370
6 3 3 4  0.0120158317
6 3 5 4  -0.0000596162
6 3 7 4  0.0004643984
6 4 0 4  -0.0146397216
6 4 2 4  -0.0000596162
6 4 4 4  -0.0506960462
6 4 6 4  0.0156061889
6 5 1 4  -0.0146397216
6 5 3 4  -0.0000596162
6 5 5 4  -0.0506960462
6 5 7 4  0.0156061889
6 6 0 4  -0.0075929066
6 6 2 4  0.0004643984
6 6 4 4  0.0156061889
6 6 6 4  0.0175115204
6 7 1 4  -0.0075929066
6 7 3 4  0.0004643984
6 7 5 4  0.0156061889
6 7 7 4  0.0175115204
6 8 8 4  0.0175126016
6 9 9 4  0.0175126016
6 10 10 4  0.0175126016
6 11 11 4  0.0175126016
6 0 0 6  0.1939707602
6 0 2 6  -0.0171739332
6 0 4 6  -0.0171739332
6 1 1 6  0.1939707602
6 1 3 6  -0.0171739332
6 1 5 6  -0.0171739332
6 2 0 6  -0.0171739332
6 2 2 6  0.1158292920
6 2 4 6  0.0006618148
6 2 6 6  -0.0175115204
6 3 1 6  -0.0171739332
6 3 3 6  0.1158292920
6 3 5 6  0.0006618148
6 3 7 6  -0.0175115204
6 4 0 6  -0.0171739332
6 4 2 6  0.0006618148
6 4 4 6  0.1158292920
6 4 6 6  0.0175115204
6 5 1 6  -0.0171739332
6 5 3 6  0.0006618148
6 5 5 6  0.1158292920
6 5 7 6  0.0175115204
6 6 2 6  -0.0175115204
6 6 4 6  0.0175115204
6 6 6 6  0.2159421706
6 7 3 6  -0.0175115204
6 7 5 6  0.0175115204
6 7 7 6  0.2159421706
6 8 8 6  0.1966524823
6 9 9 6  0.1966524823
6 10 10 6  0.1966524823
6 11 11 6  0.1966524823
6 2 8 8  -0.0018598774
6 3 9 8  -0.0018598774
6 4 8 8  0.0018598774
6 5 9 8  0.0018598774
6 6 8 8  0.0117506846
6 7 9 8  0.0117506846
6 8 2 8  -0.0018598774
6 8 4 8  0.0018598774
6 8 6 8  0.0117506846
6 9 3 8  -0.0018598774
6 9 5 8  0.0018598774
6 9 7 8  0.0117506846
6 2 10 10  -0.0018598774
6 3 11 10  -0.0018598774
6 4 10 10  0.0018598774
6 5 11 10  0.0018598774
6 6 10 10  0.0117506846
6 7 11 10  0.0117506846
6 10 2 10  -0.0018598774
6 10 4 10  0.0018598774
6 10 6 10  0.0117506846
6 11 3 10  -0.0018598774
6 11 5 10  0.0018598774
6 11 7 10  0.0117506846
7 0 2 1  -0.0082921522
7 0 4 1  0.0082921522
7 0 6 1  0.0371080586
7 1 3 1  -0.0082921522
7 1 5 1  0.0082921522
7 1 7 1  0.0371080586
7 2 0 1  -0.0082921522
7 2 2 1  -0.0058341651
7 2 6 1  -0.0075929066
7 3 1 1  -0.0082921522
7 3 3 1  -0.0058341651
7 3 7 1  -0.0075929066
7 4 0 1  0.0082921522
7 4 4 1  0.0058341651
7 4 6 1  -0.0075929066
7 5 1 1  0.0082921522
7 5 5 1  0.0058341651
7 5 7 1  -0.0075929066
7 6 0 1  0.0371080586
7 6 2 1  -0.0075929066
7 6 4 1  -0.0075929066
7 7 1 1  0.0371080586
7 7 3 1  -0.0075929066
7 7 5 1  -0.0075929066
7 0 0 3  -0.0152768447
7 0 2 3  0.0146397216
7 0 4 3  -0.0006257370
7 0 6 3  -0.0075929066
7 1 1 3  -0.0152768447
7 1 3 3  0.0146397216
7 1 5 3  -0.0006257370
7 1 7 3  -0.0075929066
7 2 0 3  0.0146397216
7 2 2 3  0.0506960462
7 2 4 3  0.0000596162
7 2 6 3  0.0156061889
7 3 1 3  0.0146397216
7 3 3 3  0.0506960462
7 3 5 3  0.0000596162
7 3 7 3  0.0156061889
7 4 0 3  -0.0006257370
7 4 2 3  0.0000596162
7 4 4 3  -0.0120158317
7 4 6 3  0.0004643984
7 5 1 3  -0.0006257370
7 5 3 3  0.0000596162
7 5 5 3  -0.0120158317
7 5 7 3  0.0004643984
7 6 0 3  -0.0075929066
7 6 2 3  0.0156061889
7 6 4 3  0.0004643984
7 6 6 3  -0.0175115204
7 7 1 3  -0.0075929066
7 7 3 3  0.0156061889
7 7 5 3  0.0004643984
7 7 7 3  -0.0175115204
7 8 8 3  -0.0175126016
7 9 9 3  -0.0175126016
7 10 10 3  -0.0175126016
7 11 11 3  -0.0175126016
7 0 0 5  0.0152768447
7 0 2 5  0.0006257370
7 0 4 5  -0.0146397216
7 0 6 5  -0.0075929066
7 1 1 5  0.0152768447
7 1 3 5  0.0006257370
7 1 5 5  -0.0146397216
7 1 7 5  -0.0075929066
7 2 0 5  0.0006257370
7 2 2 5  0.0120158317
7 2 4 5  -0.0000596162
7 2 6 5  0.0004643984
7 3 1 5  0.0006257370
7 3 3 5  0.0120158317
7 3 5 5  -0.0000596162
7 3 7 5  0.0004643984
7 4 0 5  -0.0146397216
7 4 2 5  -0.0000596162
7 4 4 5  -0.0506960462
7 4 6 5  0.0156061889
7 5 1 5  -0.0146397216
7 5 3 5  -0.0000596162
7 5 5 5  -0.0506960462
7 5 7 5  0.0156061889
7 6 0 5  -0.0075929066
7 6 2 5  0.0004643984
7 6 4 5  0.0156061889
7 6 6 5  0.0175115204
7 7 1 5  -0.0075929066
7 7 3 5  0.0004643984
7 7 5 5  0.0156061889
7 7 7 5  0.0175115204
7 8 8 5  0.0175126016
7 9 9 5  0.0175126016
7 10 10 5  0.0175126016
7 11 11 5  0.0175126016
7 0 0 7  0.1939707602
7 0 2 7  -0.0171739332
7 0 4 7  -0.0171739332
7 1 1 7  0.1939707602
7 1 3 7  -0.0171739332
7 1 5 7  -0.0171739332
7 2 0 7  -0.0171739332
7 2 2 7  0.1158292920
7 2 4 7  0.0006618148
7 2 6 7  -0.0175115204
7 3 1 7  -0.0171739332
7 3 3 7  0.1158292920
7 3 5 7  0.0006618148
7 3 7 7  -0.0175115204
7 4 0 7  -0.0171739332
7 4 2 7  0.0006618148
7 4 4 7  0.1158292920
7 4 6 7  0.0175115204
7 5 1 7  -0.0171739332
7 5 3 7  0.0006618148
7 5 5 7  0.1158292920
7 5 7 7  0.0175115204
7 6 2 7  -0.0175115204
7 6 4 7  0.0175115204
7 6 6 7  0.2159421706
7 7 3 7  -0.0175115204
7 7 5 7  0.0175115204
7 7 7 7  0.2159421706
7 8 8 7  0.1966524823
7 9 9 7  0.1966524823
7 10 10 7  0.1966524823
7 11 11 7  0.1966524823
7 2 8 9  -0.0018598774
7 3 9 9  -0.0018598774
7 4 8 9  0.0018598774
7 5 9 9  0.0018598774
7 6 8 9  0.0117506846
7 7 9 9  0.0117506846
7 8 2 9  -0.0018598774
7 8 4 9  0.0018598774
7 8 6 9  0.0117506846
7 9 3 9  -0.0018598774
7 9 5 9  0.0018598774
7 9 7 9  0.0117506846
7 2 10 11  -0.0018598774
7 3 11 11  -0.0018598774
7 4 10 11  0.0018598774
7 5 11 11  0.0018598774
7 6 10 11  0.0117506846
7 7 11 11  0.0117506846
7 10 2 11  -0.0018598774
7 10 4 11  0.0018598774
7 10 6 11  0.0117506846
7 11 3 11  -0.0018598774
7 11 5 11  0.0018598774
7 11 7 11  0.0117506846
8 0 8 0  0.0400004791
8 1 9 0  0.0400004791
8 2 8 0  -0.0087196278
8 3 9 0  -0.0087196278
8 4 8 0  -0.0087196278
8 5 9 0  -0.0087196278
8 8 0 0  0.0400004791
8 8 2 0  -0.0087196278
8 8 4 0  -0.0087196278
8 9 1 0  0.0400004791
8 9 3 0  -0.0087196278
8 9 5 0  -0.0087196278
8 0 8 2  -0.0087196278
8 1 9 2  -0.0087196278
8 2 8 2  0.0022384903
8 3 9 2  0.0022384903
8 4 8 2  0.0016114001
8 5 9 2  0.0016114001
8 6 8 2  -0.0018598774
8 7 9 2  -0.0018598774
8 8 0 2  -0.0087196278
8 8 2 2  0.0022384903
8 8 4 2  0.0016114001
8 8 6 2  -0.0018598774
8 9 1 2  -0.0087196278
8 9 3 2  0.0022384903
8 9 5 2  0.0016114001
8 9 7 2  -0.0018598774
8 0 8 4  -0.0087196278
8 1 9 4  -0.0087196278
8 2 8 4  0.0016114001
8 3 9 4  0.0016114001
8 4 8 4  0.0022384903
8 5 9 4  0.0022384903
8 6 8 4  0.0018598774
8 7 9 4  0.0018598774
8 8 0 4  -0.0087196278
8 8 2 4  0.0016114001
8 8 4 4  0.0022384903
8 8 6 4  0.0018598774
8 9 1 4  -0.0087196278
8 9 3 4  0.0016114001
8 9 5 4  0.0022384903
8 9 7 4  0.0018598774
8 2 8 6  -0.0018598774
8 3 9 6  -0.0018598774
8 4 8 6  0.0018598774
8 5 9 6  0.0018598774
8 6 8 6  0.0117506846
8 7 9 6  0.0117506846
8 8 2 6  -0.0018598774
8 8 4 6  0.0018598774
8 8 6 6  0.0117506846
8 9 3 6  -0.0018598774
8 9 5 6  0.0018598774
8 9 7 6  0.0117506846
8 0 0 8  0.1962703750
8 0 2 8  -0.0220830221
8 0 4 8  -0.0220830221
8 1 1 8  0.1962703750
8 1 3 8  -0.0220830221
8 1 5 8  -0.0220830221
8 2 0 8  -0.0220830221
8 2 2 8  0.0979103852
8 2 4 8  0.0017851612
8 2 6 8  -0.0175126016
8 3 1 8  -0.0220830221
8 3 3 8  0.0979103852
8 3 5 8  0.0017851612
8 3 7 8  -0.0175126016
8 4 0 8  -0.0220830221
8 4 2 8  0.0017851612
8 4 4 8  0.0979103852
8 4 6 8  0.0175126016
8 5 1 8  -0.0220830221
8 5 3 8  0.0017851612
8 5 5 8  0.0979103852
8 5 7 8  0.0175126016
8 6 2 8  -0.0175126016
8 6 4 8  0.0175126016
8 6 6 8  0.1966524823
8 7 3 8  -0.0175126016
8 7 5 8  0.0175126016
8 7 7 8  0.1966524823
8 8 8 8  0.2249295454
8 9 9 8  0.2249295454
8 10 10 8  0.2006801625
8 11 11 8  0.2006801625
8 8 10 10  0.0121246914
8 9 11 10  0.0121246914
8 10 8 10  0.0121246914
8 11 9 10  0.0121246914
9 0 8 1  0.0400004791
9 1 9 1  0.0400004791
9 2 8 1  -0.0087196278
9 3 9 1  -0.0087196278
9 4 8 1  -0.0087196278
9 5 9 1  -0.0087196278
9 8 0 1  0.0400004791
9 8 2 1  -0.0087196278
9 8 4 1  -0.0087196278
9 9 1 1  0.0400004791
9 9 3 1  -0.0087196278
9 9 5 1  -0.0087196278
9 0 8 3  -0.0087196278
9 1 9 3  -0.0087196278
9 2 8 3  0.0022384903
9 3 9 3  0.0022384903
9 4 8 3  0.0016114001
9 5 9 3  0.0016114001
9 6 8 3  -0.0018598774
9 7 9 3  -0.0018598774
9 8 0 3  -0.0087196278
9 8 2 3  0.0022384903
9 8 4 3  0.0016114001
9 8 6 3  -0.0018598774
9 9 1 3  -0.0087196278
9 9 3 3  0.0022384903
9 9 5 3  0.0016114001
9 9 7 3  -0.0018598774
9 0 8 5  -0.0087196278
9 1 9 5  -0.0087196278
9 2 8 5  0.0016114001
9 3 9 5  0.0016114001
9 4 8 5  0.0022384903
9 5 9 5  0.0022384903
9 6 8 5  0.0018598774
9 7 9 5  0.0018598774
9 8 0 5  -0.0087196278
9 8 2 5  0.0016114001
9 8 4 5  0.0022384903
9 8 6 5  0.0018598774
9 9 1 5  -0.0087196278
9 9 3 5  0.0016114001
9 9 5 5  0.0022384903
9 9 7 5  0.0018598774
9 2 8 7  -0.0018598774
9 3 9 7  -0.0018598774
9 4 8 7  0.0018598774
9 5 9 7  0.0018598774
9 6 8 7  0.0117506846
9 7 9 7  0.0117506846
9 8 2 7  -0.0018598774
9 8 4 7  0.0018598774
9 8 6 7  0.0117506846
9 9 3 7  -0.0018598774
9 9 5 7  0.0018598774
9 9 7 7  0.0117506846
9 0 0 9  0.1962703750
9 0 2 9  -0.0220830221
9 0 4 9  -0.0220830221
9 1 1 9  0.1962703750
9 1 3 9  -0.0220830221
9 1 5 9  -0.0220830221
9 2 0 9  -0.0220830221
9 2 2 9  0.0979103852
9 2 4 9  0.0017851612
9 2 6 9  -0.0175126016
9 3 1 9  -0.0220830221
9 3 3 9  0.0979103852
9 3 5 9  0.0017851612
9 3 7 9  -0.0175126016
9 4 0 9  -0.0220830221
9 4 2 9  0.0017851612
9 4 4 9  0.0979103852
9 4 6 9  0.0175126016
9 5 1 9  -0.0220830221
9 5 3 9  0.0017851612
9 5 5 9  0.0979103852
9 5 7 9  0.0175126016
9 6 2 9  -0.0175126016
9 6 4 9  0.0175126016
9 6 6 9  0.1966524823
9 7 3 9  -0.0175126016
9 7 5 9  0.0175126016
9 7 7 9  0.1966524823
9 8 8 9  0.2249295454
9 9 9 9  0.2249295454
9 10 10 9  0.2006801625
9 11 11 9  0.2006801625
9 8 10 11  0.0121246914
9 9 11 11  0.0121246914
9 10 8 11  0.0121246914
9 11 9 11  0.0121246914
10 0 10 0  0.0400004791
10 1 11 0  0.0400004791
10 2 10 0  -0.0087196278
10 3 11 0  -0.0087196278
10 4 10 0  -0.0087196278
10 5 11 0  -0.0087196278
10 10 0 0  0.0400004791
10 10 2 0  -0.0087196278
10 10 4 0  -0.0087196278
10 11 1 0  0.0400004791
10 11 3 0  -0.0087196278
10 11 5 0  -0.0087196278
10 0 10 2  -0.0087196278
10 1 11 2  -0.0087196278
10 2 10 2  0.0022384903
10 3 11 2  0.0022384903
10 4 10 2  0.0016114001
10 5 11 2  0.0016114001
10 6 10 2  -0.0018598774
10 7 11 2  -0.0018598774
10 10 0 2  -0.0087196278
10 10 2 2  0.0022384903
10 10 4 2  0.0016114001
10 10 6 2  -0.0018598774
10 11 1 2  -0.0087196278
10 11 3 2  0.0022384903
10 11 5 2  0.0016114001
10 11 7 2  -0.0018598774
10 0 10 4  -0.0087196278
10 1 11 4  -0.0087196278
10 2 10 4  0.0016114001
10 3 11 4  0.0016114001
10 4 10 4  0.0022384903
10 5 11 4  0.0022384903
10 6 10 4  0.0018598774
10 7 11 4  0.0018598774
10 10 0 4  -0.0087196278
10 10 2 4  0.0016114001
10 10 4 4  0.0022384903
10 10 6 4  0.0018598774
10 11 1 4  -0.0087196278
10 11 3 4  0.0016114001
10 11 5 4  0.0022384903
10 11 7 4  0.0018598774
10 2 10 6  -0.0018598774
10 3 11 6  -0.0018598774
10 4 10 6  0.0018598774
10 5 11 6  0.0018598774
10 6 10 6  0.0117506846
10 7 11 6  0.0117506846
10 10 2 6  -0.0018598774
10 10 4 6  0.0018598774
10 10 6 6  0.0117506846
10 11 3 6  -0.0018598774
10 11 5 6  0.0018598774
10 11 7 6  0.0117506846
10 8 10 8  0.0121246914
10 9 11 8  0.0121246914
10 10 8 8  0.0121246914
10 11 9 8  0.0121246914
10 0 0 10  0.1962703750
10 0 2 10  -0.0220830221
10 0 4 10  -0.0220830221
10 1 1 10  0.1962703750
10 1 3 10  -0.0220830221
10 1 5 10  -0.0220830221
10 2 0 10  -0.0220830221
10 2 2 10  0.0979103852
10 2 4 10  0.0017851612
10 2 6 10  -0.0175126016
10 3 1 10  -0.0220830221
10 3 3 10  0.0979103852
10 3 5 10  0.0017851612
10 3 7 10  -0.0175126016
10 4 0 10  -0.0220830221
10 4 2 10  0.0017851612
10 4 4 10  0.0979103852
10 4 6 10  0.0175126016
10 5 1 10  -0.0220830221
10 5 3 10  0.0017851612
10 5 5 10  0.0979103852
10 5 7 10  0.0175126016
10 6 2 10  -0.0175126016
10 6 4 10  0.0175126016
10 6 6 10  0.1966524823
10 7 3 10  -0.0175126016
10 7 5 10  0.0175126016
10 7 7 10  0.1966524823
10 8 8 10  0.2006801625
10 9 9 10  0.2006801625
10 10 10 10  0.2249295454
10 11 11 10  0.2249295454
11 0 10 1  0.0400004791
11 1 11 1  0.0400004791
11 2 10 1  -0.0087196278
11 3 11 1  -0.0087196278
11 4 10 1  -0.0087196278
11 5 11 1  -0.0087196278
11 10 0 1  0.0400004791
11 10 2 1  -0.0087196278
11 10 4 1  -0.0087196278
11 11 1 1  0.0400004791
11 11 3 1  -0.0087196278
11 11 5 1  -0.0087196278
11 0 10 3  -0.0087196278
11 1 11 3  -0.0087196278
11 2 10 3  0.0022384903
11 3 11 3  0.0022384903
11 4 10 3  0.0016114001
11 5 11 3  0.0016114001
11 6 10 3  -0.0018598774
11 7 11 3  -0.0018598774
11 10 0 3  -0.0087196278
11 10 2 3  0.0022384903
11 10 4 3  0.0016114001
11 10 6 3  -0.0018598774
11 11 1 3  -0.0087196278
11 11 3 3  0.0022384903
11 11 5 3  0.0016114001
11 11 7 3  -0.0018598774
11 0 10 5  -0.0087196278
11 1 11 5  -0.0087196278
11 2 10 5  0.0016114001
11 3 11 5  0.0016114001
11 4 10 5  0.0022384903
11 5 11 5  0.0022384903
11 6 10 5  0.0018598774
11 7 11 5  0.0018598774
11 10 0 5  -0.0087196278
11 10 2 5  0.0016114001
11 10 4 5  0.0022384903
11 10 6 5  0.0018598774
11 11 1 5  -0.0087196278
11 11 3 5  0.0016114001
11 11 5 5  0.0022384903
11 11 7 5  0.0018598774
11 2 10 7  -0.0018598774
11 3 11 7  -0.0018598774
11 4 10 7  0.0018598774
11 5 11 7  0.0018598774
11 6 10 7  0.0117506846
11 7 11 7  0.0117506846
11 10 2 7  -0.0018598774
11 10 4 7  0.0018598774
11 10 6 7  0.0117506846
11 11 3 7  -0.0018598774
11 11 5 7  0.0018598774
11 11 7 7  0.0117506846
11 8 10 9  0.0121246914
11 9 11 9  0.0121246914
11 10 8 9  0.0121246914
11 11 9 9  0.0121246914
11 0 0 11  0.1962703750
11 0 2 11  -0.0220830221
11 0 4 11  -0.0220830221
11 1 1 11  0.1962703750
11 1 3 11  -0.0220830221
11 1 5 11  -0.0220830221
11 2 0 11  -0.0220830221
11 2 2 11  0.0979103852
11 2 4 11  0.0017851612
11 2 6 11  -0.0175126016
11 3 1 11  -0.0220830221
11 3 3 11  0.0979103852
11 3 5 11  0.0017851612
11 3 7 11  -0.0175126016
11 4 0 11  -0.0220830221
11 4 2 11  0.0017851612
11 4 4 11  0.0979103852
11 4 6 11  0.0175126016
11 5 1 11  -0.0220830221
11 5 3 11  0.0017851612
11 5 5 11  0.0979103852
11 5 7 11  0.0175126016
11 6 2 11  -0.0175126016
11 6 4 11  0.0175126016
11 6 6 11  0.1966524823
11 7 3 11  -0.0175126016
11 7 5 11  0.0175126016
11 7 7 11  0.1966524823
11 8 8 11  0.2006801625
11 9 9 11  0.2006801625
11 10 10 11  0.2249295454
11 11 11 11  0.2249295454
