-12.778283426233632
0 0  -0.9527617283
0 2  -0.0020322943
0 4  -0.0020322943
1 1  -0.9527617283
1 3  -0.0020322943
1 5  -0.0020322943
2 0  -0.0020322943
2 2  -0.8342907182
2 4  0.0016618704
2 6  -0.0132073814
3 1  -0.0020322943
3 3  -0.8342907182
3 5  0.0016618704
3 7  -0.0132073814
4 0  -0.0020322943
4 2  0.0016618704
4 4  -0.8342907182
4 6  0.0132073814
5 1  -0.0020322943
5 3  0.0016618704
5 5  -0.8342907182
5 7  0.0132073814
6 2  -0.0132073814
6 4  0.0132073814
6 6  -0.8154924414
7 3  -0.0132073814
7 5  0.0132073814
7 7  -0.8154924414
8 8  -0.7978902519
9 9  -0.7978902519
10 10  -0.7978902519
11 11  -0.7978902519
0 0 0 0  0.2005380895
0 0 2 0  -0.0070902647
0 0 4 0  -0.0070902647
0 1 1 0  0.2005380895
0 1 3 0  -0.0070902647
0 1 5 0  -0.0070902647
0 2 0 0  -0.0070902647
0 2 2 0  0.0747441836
0 2 4 0  0.0001511162
0 2 6 0  0.0057205141
0 3 1 0  -0.0070902647
0 3 3 0  0.0747441836
0 3 5 0  0.0001511162
0 3 7 0  0.0057205141
0 4 0 0  -0.0070902647
0 4 2 0  0.0001511162
0 4 4 0  0.0747441836
0 4 6 0  -0.0057205141
0 5 1 0  -0.0070902647
0 5 3 0  0.0001511162
0 5 5 0  0.0747441836
0 5 7 0  -0.0057205141
0 6 2 0  0.0057205141
0 6 4 0  -0.0057205141
0 6 6 0  0.2037812639
0 7 3 0  0.0057205141
0 7 5 0  -0.0057205141
0 7 7 0  0.2037812639
0 8 8 0  0.2040012993
0 9 9 0  0.2040012993
0 10 10 0  0.2040012993
0 11 11 0  0.2040012993
0 0 0 2  -0.0070902647
0 0 2 2  0.0013258306
0 0 4 2  0.0001418713
0 0 6 2  0.0026194568
0 1 1 2  -0.0070902647
0 1 3 2  0.0013258306
0 1 5 2  0.0001418713
0 1 7 2  0.0026194568
0 2 0 2  0.0013258306
0 2 2 2  0.0157469744
0 2 4 2  -0.0000083605
0 2 6 2  -0.0012643181
0 3 1 2  0.0013258306
0 3 3 2  0.0157469744
0 3 5 2  -0.0000083605
0 3 7 2  -0.0012643181
0 4 0 2  0.0001418713
0 4 2 2  -0.0000083605
0 4 4 2  -0.0025913156
0 4 6 2  0.0000615084
0 5 1 2  0.0001418713
0 5 3 2  -0.0000083605
0 5 5 2  -0.0025913156
0 5 7 2  0.0000615084
0 6 0 2  0.0026194568
0 6 2 2  -0.0012643181
0 6 4 2  0.0000615084
0 6 6 2  -0.0069416076
0 7 1 2  0.0026194568
0 7 3 2  -0.0012643181
0 7 5 2  0.0000615084
0 7 7 2  -0.0069416076
0 8 8 2  -0.0075039586
0 9 9 2  -0.0075039586
0 10 10 2  -0.0075039586
0 11 11 2  -0.0075039586
0 0 0 4  -0.0070902647
0 0 2 4  0.0001418713
0 0 4 4  0.0013258306
0 0 6 4  -0.0026194568
0 1 1 4  -0.0070902647
0 1 3 4  0.0001418713
0 1 5 4  0.0013258306
0 1 7 4  -0.0026194568
0 2 0 4  0.0001418713
0 2 2 4  -0.0025913156
0 2 4 4  -0.0000083605
0 2 6 4  -0.0000615084
0 3 1 4  0.0001418713
0 3 3 4  -0.0025913156
0 3 5 4  -0.0000083605
0 3 7 4  -0.0000615084
0 4 0 4  0.0013258306
0 4 2 4  -0.0000083605
0 4 4 4  0.0157469744
0 4 6 4  0.0012643181
0 5 1 4  0.0013258306
0 5 3 4  -0.0000083605
0 5 5 4  0.0157469744
0 5 7 4  0.0012643181
0 6 0 4  -0.0026194568
0 6 2 4  -0.0000615084
0 6 4 4  0.0012643181
0 6 6 4  -0.0069416076
0 7 1 4  -0.0026194568
0 7 3 4  -0.0000615084
0 7 5 4  0.0012643181
0 7 7 4  -0.0069416076
0 8 8 4  -0.0075039586
0 9 9 4  -0.0075039586
0 10 10 4  -0.0075039586
0 11 11 4  -0.0075039586
0 0 2 6  0.0026194568
0 0 4 6  -0.0026194568
0 0 6 6  0.0430047011
0 1 3 6  0.0026194568
0 1 5 6  -0.0026194568
0 1 7 6  0.0430047011
0 2 0 6  0.0026194568
0 2 2 6  0.0123373455
0 2 6 6  -0.0026171078
0 3 1 6  0.0026194568
0 3 3 6  0.0123373455
0 3 7 6  -0.0026171078
0 4 0 6  -0.0026194568
0 4 4 6  -0.0123373455
0 4 6 6  -0.0026171078
0 5 1 6  -0.0026194568
0 5 5 6  -0.0123373455
0 5 7 6  -0.0026171078
0 6 0 6  0.0430047011
0 6 2 6  -0.0026171078
0 6 4 6  -0.0026171078
0 7 1 6  0.0430047011
0 7 3 6  -0.0026171078
0 7 5 6  -0.0026171078
0 0 8 8  0.0431764715
0 1 9 8  0.0431764715
0 2 8 8  -0.0025807508
0 3 9 8  -0.0025807508
0 4 8 8  -0.0025807508
0 5 9 8  -0.0025807508
0 8 0 8  0.0431764715
0 8 2 8  -0.0025807508
0 8 4 8  -0.0025807508
0 9 1 8  0.0431764715
0 9 3 8  -0.0025807508
0 9 5 8  -0.0025807508
0 0 10 10  0.0431764715
0 1 11 10  0.0431764715
0 2 10 10  -0.0025807508
0 3 11 10  -0.0025807508
0 4 10 10  -0.0025807508
0 5 11 10  -0.0025807508
0 10 0 10  0.0431764715
0 10 2 10  -0.0025807508
0 10 4 10  -0.0025807508
0 11 1 10  0.0431764715
0 11 3 10  -0.0025807508
0 11 5 10  -0.0025807508
1 0 0 1  0.2005380895
1 0 2 1  -0.0070902647
1 0 4 1  -0.0070902647
1 1 1 1  0.2005380895
1 1 3 1  -0.0070902647
1 1 5 1  -0.0070902647
1 2 0 1  -0.0070902647
1 2 2 1  0.0747441836
1 2 4 1  0.0001511162
1 2 6 1  0.0057205141
1 3 1 1  -0.0070902647
1 3 3 1  0.0747441836
1 3 5 1  0.0001511162
1 3 7 1  0.0057205141
1 4 0 1  -0.0070902647
1 4 2 1  0.0001511162
1 4 4 1  0.0747441836
1 4 6 1  -0.0057205141
1 5 1 1  -0.0070902647
1 5 3 1  0.0001511162
1 5 5 1  0.0747441836
1 5 7 1  -0.0057205141
1 6 2 1  0.0057205141
1 6 4 1  -0.0057205141
1 6 6 1  0.2037812639
1 7 3 1  0.0057205141
1 7 5 1  -0.0057205141
1 7 7 1  0.2037812639
1 8 8 1  0.2040012993
1 9 9 1  0.2040012993
1 10 10 1  0.2040012993
1 11 11 1  0.2040012993
1 0 0 3  -0.0070902647
1 0 2 3  0.0013258306
1 0 4 3  0.0001418713
1 0 6 3  0.0026194568
1 1 1 3  -0.0070902647
1 1 3 3  0.0013258306
1 1 5 3  0.0001418713
1 1 7 3  0.0026194568
1 2 0 3  0.0013258306
1 2 2 3  0.0157469744
1 2 4 3  -0.0000083605
1 2 6 3  -0.0012643181
1 3 1 3  0.0013258306
1 3 3 3  0.0157469744
1 3 5 3  -0.0000083605
1 3 7 3  -0.0012643181
1 4 0 3  0.0001418713
1 4 2 3  -0.0000083605
1 4 4 3  -0.0025913156
1 4 6 3  0.0000615084
1 5 1 3  0.0001418713
1 5 3 3  -0.0000083605
1 5 5 3  -0.0025913156
1 5 7 3  0.0000615084
1 6 0 3  0.0026194568
1 6 2 3  -0.0012643181
1 6 4 3  0.0000615084
1 6 6 3  -0.0069416076
1 7 1 3  0.0026194568
1 7 3 3  -0.0012643181
1 7 5 3  0.0000615084
1 7 7 3  -0.0069416076
1 8 8 3  -0.0075039586
1 9 9 3  -0.0075039586
1 10 10 3  -0.0075039586
1 11 11 3  -0.0075039586
1 0 0 5  -0.0070902647
1 0 2 5  0.0001418713
1 0 4 5  0.0013258306
1 0 6 5  -0.0026194568
1 1 1 5  -0.0070902647
1 1 3 5  0.0001418713
1 1 5 5  0.0013258306
1 1 7 5  -0.0026194568
1 2 0 5  0.0001418713
1 2 2 5  -0.0025913156
1 2 4 5  -0.0000083605
1 2 6 5  -0.0000615084
1 3 1 5  0.0001418713
1 3 3 5  -0.0025913156
1 3 5 5  -0.0000083605
1 3 7 5  -0.0000615084
1 4 0 5  0.0013258306
1 4 2 5  -0.0000083605
1 4 4 5  0.0157469744
1 4 6 5  0.0012643181
1 5 1 5  0.0013258306
1 5 3 5  -0.0000083605
1 5 5 5  0.0157469744
1 5 7 5  0.0012643181
1 6 0 5  -0.0026194568
1 6 2 5  -0.0000615084
1 6 4 5  0.0012643181
1 6 6 5  -0.0069416076
1 7 1 5  -0.0026194568
1 7 3 5  -0.0000615084
1 7 5 5  0.0012643181
1 7 7 5  -0.0069416076
1 8 8 5  -0.0075039586
1 9 9 5  -0.0075039586
1 10 10 5  -0.0075039586
1 11 11 5  -0.0075039586
1 0 2 7  0.0026194568
1 0 4 7  -0.0026194568
1 0 6 7  0.0430047011
1 1 3 7  0.0026194568
1 1 5 7  -0.0026194568
1 1 7 7  0.0430047011
1 2 0 7  0.0026194568
1 2 2 7  0.0123373455
1 2 6 7  -0.0026171078
1 3 1 7  0.0026194568
1 3 3 7  0.0123373455
1 3 7 7  -0.0026171078
1 4 0 7  -0.0026194568
1 4 4 7  -0.0123373455
1 4 6 7  -0.0026171078
1 5 1 7  -0.0026194568
1 5 5 7  -0.0123373455
1 5 7 7  -0.0026171078
1 6 0 7  0.0430047011
1 6 2 7  -0.0026171078
1 6 4 7  -0.0026171078
1 7 1 7  0.0430047011
1 7 3 7  -0.0026171078
1 7 5 7  -0.0026171078
1 0 8 9  0.0431764715
1 1 9 9  0.0431764715
1 2 8 9  -0.0025807508
1 3 9 9  -0.0025807508
1 4 8 9  -0.0025807508
1 5 9 9  -0.0025807508
1 8 0 9  0.0431764715
1 8 2 9  -0.0025807508
1 8 4 9  -0.0025807508
1 9 1 9  0.0431764715
1 9 3 9  -0.0025807508
1 9 5 9  -0.0025807508
1 0 10 11  0.0431764715
1 1 11 11  0.0431764715
1 2 10 11  -0.0025807508
1 3 11 11  -0.0025807508
1 4 10 11  -0.0025807508
1 5 11 11  -0.0025807508
1 10 0 11  0.0431764715
1 10 2 11  -0.0025807508
1 10 4 11  -0.0025807508
1 11 1 11  0.0431764715
1 11 3 11  -0.0025807508
1 11 5 11  -0.0025807508
2 0 0 0  -0.0070902647
2 0 2 0  0.0013258306
2 0 4 0  0.0001418713
2 0 6 0  0.0026194568
2 1 1 0  -0.0070902647
2 1 3 0  0.0013258306
2 1 5 0  0.0001418713
2 1 7 0  0.0026194568
2 2 0 0  0.0013258306
2 2 2 0  0.0157469744
2 2 4 0  -0.0000083605
2 2 6 0  -0.0012643181
2 3 1 0  0.0013258306
2 3 3 0  0.0157469744
2 3 5 0  -0.0000083605
2 3 7 0  -0.0012643181
2 4 0 0  0.0001418713
2 4 2 0  -0.0000083605
2 4 4 0  -0.0025913156
2 4 6 0  0.0000615084
2 5 1 0  0.0001418713
2 5 3 0  -0.0000083605
2 5 5 0  -0.0025913156
2 5 7 0  0.0000615084
2 6 0 0  0.0026194568
2 6 2 0  -0.0012643181
2 6 4 0  0.0000615084
2 6 6 0  -0.0069416076
2 7 1 0  0.0026194568
2 7 3 0  -0.0012643181
2 7 5 0  0.0000615084
2 7 7 0  -0.0069416076
2 8 8 0  -0.0075039586
2 9 9 0  -0.0075039586
2 10 10 0  -0.0075039586
2 11 11 0  -0.0075039586
2 0 0 2  0.0747441836
2 0 2 2  0.0157469744
2 0 4 2  -0.0025913156
2 0 6 2  0.0123373455
2 1 1 2  0.0747441836
2 1 3 2  0.0157469744
2 1 5 2  -0.0025913156
2 1 7 2  0.0123373455
2 2 0 2  0.0157469744
2 2 2 2  0.3841442233
2 2 4 2  0.0000860458
2 2 6 2  -0.0178763615
2 3 1 2  0.0157469744
2 3 3 2  0.3841442233
2 3 5 2  0.0000860458
2 3 7 2  -0.0178763615
2 4 0 2  -0.0025913156
2 4 2 2  0.0000860458
2 4 4 2  0.0372424162
2 4 6 2  -0.0025040829
2 5 1 2  -0.0025913156
2 5 3 2  0.0000860458
2 5 5 2  0.0372424162
2 5 7 2  -0.0025040829
2 6 0 2  0.0123373455
2 6 2 2  -0.0178763615
2 6 4 2  -0.0025040829
2 6 6 2  0.0785597866
2 7 1 2  0.0123373455
2 7 3 2  -0.0178763615
2 7 5 2  -0.0025040829
2 7 7 2  0.0785597866
2 8 8 2  0.0723461851
2 9 9 2  0.0723461851
2 10 10 2  0.0723461851
2 11 11 2  0.0723461851
2 0 0 4  0.0001511162
2 0 2 4  -0.0000083605
2 0 4 4  -0.0000083605
2 1 1 4  0.0001511162
2 1 3 4  -0.0000083605
2 1 5 4  -0.0000083605
2 2 0 4  -0.0000083605
2 2 2 4  0.0000860458
2 2 4 4  0.0000012659
2 2 6 4  -0.0000065477
2 3 1 4  -0.0000083605
2 3 3 4  0.0000860458
2 3 5 4  0.0000012659
2 3 7 4  -0.0000065477
2 4 0 4  -0.0000083605
2 4 2 4  0.0000012659
2 4 4 4  0.0000860458
2 4 6 4  0.0000065477
2 5 1 4  -0.0000083605
2 5 3 4  0.0000012659
2 5 5 4  0.0000860458
2 5 7 4  0.0000065477
2 6 2 4  -0.0000065477
2 6 4 4  0.0000065477
2 6 6 4  0.0001017428
2 7 3 4  -0.0000065477
2 7 5 4  0.0000065477
2 7 7 4  0.0001017428
2 8 8 4  0.0001862722
2 9 9 4  0.0001862722
2 10 10 4  0.0001862722
2 11 11 4  0.0001862722
2 0 0 6  0.0057205141
2 0 2 6  -0.0012643181
2 0 4 6  -0.0000615084
2 0 6 6  -0.0026171078
2 1 1 6  0.0057205141
2 1 3 6  -0.0012643181
2 1 5 6  -0.0000615084
2 1 7 6  -0.0026171078
2 2 0 6  -0.0012643181
2 2 2 6  -0.0178763615
2 2 4 6  -0.0000065477
2 2 6 6  0.0015021198
2 3 1 6  -0.0012643181
2 3 3 6  -0.0178763615
2 3 5 6  -0.0000065477
2 3 7 6  0.0015021198
2 4 0 6  -0.0000615084
2 4 2 6  -0.0000065477
2 4 4 6  0.0025040829
2 4 6 6  -0.0000489233
2 5 1 6  -0.0000615084
2 5 3 6  -0.0000065477
2 5 5 6  0.0025040829
2 5 7 6  -0.0000489233
2 6 0 6  -0.0026171078
2 6 2 6  0.0015021198
2 6 4 6  -0.0000489233
2 6 6 6  0.0064839153
2 7 1 6  -0.0026171078
2 7 3 6  0.0015021198
2 7 5 6  -0.0000489233
2 7 7 6  0.0064839153
2 8 8 6  0.0056119206
2 9 9 6  0.0056119206
2 10 10 6  0.0056119206
2 11 11 6  0.0056119206
2 0 8 8  -0.0025807508
2 1 9 8  -0.0025807508
2 2 8 8  0.0001764823
2 3 9 8  0.0001764823
2 4 8 8  0.0001353464
2 5 9 8  0.0001353464
2 6 8 8  0.0004805661
2 7 9 8  0.0004805661
2 8 0 8  -0.0025807508
2 8 2 8  0.0001764823
2 8 4 8  0.0001353464
2 8 6 8  0.0004805661
2 9 1 8  -0.0025807508
2 9 3 8  0.0001764823
2 9 5 8  0.0001353464
2 9 7 8  0.0004805661
2 0 10 10  -0.0025807508
2 1 11 10  -0.0025807508
2 2 10 10  0.0001764823
2 3 11 10  0.0001764823
2 4 10 10  0.0001353464
2 5 11 10  0.0001353464
2 6 10 10  0.0004805661
2 7 11 10  0.0004805661
2 10 0 10  -0.0025807508
2 10 2 10  0.0001764823
2 10 4 10  0.0001353464
2 10 6 10  0.0004805661
2 11 1 10  -0.0025807508
2 11 3 10  0.0001764823
2 11 5 10  0.0001353464
2 11 7 10  0.0004805661
3 0 0 1  -0.0070902647
3 0 2 1  0.0013258306
3 0 4 1  0.0001418713
3 0 6 1  0.0026194568
3 1 1 1  -0.0070902647
3 1 3 1  0.0013258306
3 1 5 1  0.0001418713
3 1 7 1  0.0026194568
3 2 0 1  0.0013258306
3 2 2 1  0.0157469744
3 2 4 1  -0.0000083605
3 2 6 1  -0.0012643181
3 3 1 1  0.0013258306
3 3 3 1  0.0157469744
3 3 5 1  -0.0000083605
3 3 7 1  -0.0012643181
3 4 0 1  0.0001418713
3 4 2 1  -0.0000083605
3 4 4 1  -0.0025913156
3 4 6 1  0.0000615084
3 5 1 1  0.0001418713
3 5 3 1  -0.0000083605
3 5 5 1  -0.0025913156
3 5 7 1  0.0000615084
3 6 0 1  0.0026194568
3 6 2 1  -0.0012643181
3 6 4 1  0.0000615084
3 6 6 1  -0.0069416076
3 7 1 1  0.0026194568
3 7 3 1  -0.0012643181
3 7 5 1  0.0000615084
3 7 7 1  -0.0069416076
3 8 8 1  -0.0075039586
3 9 9 1  -0.0075039586
3 10 10 1  -0.0075039586
3 11 11 1  -0.0075039586
3 0 0 3  0.0747441836
3 0 2 3  0.0157469744
3 0 4 3  -0.0025913156
3 0 6 3  0.0123373455
3 1 1 3  0.0747441836
3 1 3 3  0.0157469744
3 1 5 3  -0.0025913156
3 1 7 3  0.0123373455
3 2 0 3  0.0157469744
3 2 2 3  0.3841442233
3 2 4 3  0.0000860458
3 2 6 3  -0.0178763615
3 3 1 3  0.0157469744
3 3 3 3  0.3841442233
3 3 5 3  0.0000860458
3 3 7 3  -0.0178763615
3 4 0 3  -0.0025913156
3 4 2 3  0.0000860458
3 4 4 3  0.0372424162
3 4 6 3  -0.0025040829
3 5 1 3  -0.0025913156
3 5 3 3  0.0000860458
3 5 5 3  0.0372424162
3 5 7 3  -0.0025040829
3 6 0 3  0.0123373455
3 6 2 3  -0.0178763615
3 6 4 3  -0.0025040829
3 6 6 3  0.0785597866
3 7 1 3  0.0123373455
3 7 3 3  -0.0178763615
3 7 5 3  -0.0025040829
3 7 7 3  0.0785597866
3 8 8 3  0.0723461851
3 9 9 3  0.0723461851
3 10 10 3  0.0723461851
3 11 11 3  0.0723461851
3 0 0 5  0.0001511162
3 0 2 5  -0.0000083605
3 0 4 5  -0.0000083605
3 1 1 5  0.0001511162
3 1 3 5  -0.0000083605
3 1 5 5  -0.0000083605
3 2 0 5  -0.0000083605
3 2 2 5  0.0000860458
3 2 4 5  0.0000012659
3 2 6 5  -0.0000065477
3 3 1 5  -0.0000083605
3 3 3 5  0.0000860458
3 3 5 5  0.0000012659
3 3 7 5  -0.0000065477
3 4 0 5  -0.0000083605
3 4 2 5  0.0000012659
3 4 4 5  0.0000860458
3 4 6 5  0.0000065477
3 5 1 5  -0.0000083605
3 5 3 5  0.0000012659
3 5 5 5  0.0000860458
3 5 7 5  0.0000065477
3 6 2 5  -0.0000065477
3 6 4 5  0.0000065477
3 6 6 5  0.0001017428
3 7 3 5  -0.0000065477
3 7 5 5  0.0000065477
3 7 7 5  0.0001017428
3 8 8 5  0.0001862722
3 9 9 5  0.0001862722
3 10 10 5  0.0001862722
3 11 11 5  0.0001862722
3 0 0 7  0.0057205141
3 0 2 7  -0.0012643181
3 0 4 7  -0.0000615084
3 0 6 7  -0.0026171078
3 1 1 7  0.0057205141
3 1 3 7  -0.0012643181
3 1 5 7  -0.0000615084
3 1 7 7  -0.0026171078
3 2 0 7  -0.0012643181
3 2 2 7  -0.0178763615
3 2 4 7  -0.0000065477
3 2 6 7  0.0015021198
3 3 1 7  -0.0012643181
3 3 3 7  -0.0178763615
3 3 5 7  -0.0000065477
3 3 7 7  0.0015021198
3 4 0 7  -0.0000615084
3 4 2 7  -0.0000065477
3 4 4 7  0.0025040829
3 4 6 7  -0.0000489233
3 5 1 7  -0.0000615084
3 5 3 7  -0.0000065477
3 5 5 7  0.0025040829
3 5 7 7  -0.0000489233
3 6 0 7  -0.0026171078
3 6 2 7  0.0015021198
3 6 4 7  -0.0000489233
3 6 6 7  0.0064839153
3 7 1 7  -0.0026171078
3 7 3 7  0.0015021198
3 7 5 7  -0.0000489233
3 7 7 7  0.0064839153
3 8 8 7  0.0056119206
3 9 9 7  0.0056119206
3 10 10 7  0.0056119206
3 11 11 7  0.0056119206
3 0 8 9  -0.0025807508
3 1 9 9  -0.0025807508
3 2 8 9  0.0001764823
3 3 9 9  0.0001764823
3 4 8 9  0.0001353464
3 5 9 9  0.0001353464
3 6 8 9  0.0004805661
3 7 9 9  0.0004805661
3 8 0 9  -0.0025807508
3 8 2 9  0.0001764823
3 8 4 9  0.0001353464
3 8 6 9  0.0004805661
3 9 1 9  -0.0025807508
3 9 3 9  0.0001764823
3 9 5 9  0.0001353464
3 9 7 9  0.0004805661
3 0 10 11  -0.0025807508
3 1 11 11  -0.0025807508
3 2 10 11  0.0001764823
3 3 11 11  0.0001764823
3 4 10 11  0.0001353464
3 5 11 11  0.0001353464
3 6 10 11  0.0004805661
3 7 11 11  0.0004805661
3 10 0 11  -0.0025807508
3 10 2 11  0.0001764823
3 10 4 11  0.0001353464
3 10 6 11  0.0004805661
3 11 1 11  -0.0025807508
3 11 3 11  0.0001764823
3 11 5 11  0.0001353464
3 11 7 11  0.0004805661
4 0 0 0  -0.0070902647
4 0 2 0  0.0001418713
4 0 4 0  0.0013258306
4 0 6 0  -0.0026194568
4 1 1 0  -0.0070902647
4 1 3 0  0.0001418713
4 1 5 0  0.0013258306
4 1 7 0  -0.0026194568
4 2 0 0  0.0001418713
4 2 2 0  -0.0025913156
4 2 4 0  -0.0000083605
4 2 6 0  -0.0000615084
4 3 1 0  0.0001418713
4 3 3 0  -0.0025913156
4 3 5 0  -0.0000083605
4 3 7 0  -0.0000615084
4 4 0 0  0.0013258306
4 4 2 0  -0.0000083605
4 4 4 0  0.0157469744
4 4 6 0  0.0012643181
4 5 1 0  0.0013258306
4 5 3 0  -0.0000083605
4 5 5 0  0.0157469744
4 5 7 0  0.0012643181
4 6 0 0  -0.0026194568
4 6 2 0  -0.0000615084
4 6 4 0  0.0012643181
4 6 6 0  -0.0069416076
4 7 1 0  -0.0026194568
4 7 3 0  -0.0000615084
4 7 5 0  0.0012643181
4 7 7 0  -0.0069416076
4 8 8 0  -0.0075039586
4 9 9 0  -0.0075039586
4 10 10 0  -0.0075039586
4 11 11 0  -0.0075039586
4 0 0 2  0.0001511162
4 0 2 2  -0.0000083605
4 0 4 2  -0.0000083605
4 1 1 2  0.0001511162
4 1 3 2  -0.0000083605
4 1 5 2  -0.0000083605
4 2 0 2  -0.0000083605
4 2 2 2  0.0000860458
4 2 4 2  0.0000012659
4 2 6 2  -0.0000065477
4 3 1 2  -0.0000083605
4 3 3 2  0.0000860458
4 3 5 2  0.0000012659
4 3 7 2  -0.0000065477
4 4 0 2  -0.0000083605
4 4 2 2  0.0000012659
4 4 4 2  0.0000860458
4 4 6 2  0.0000065477
4 5 1 2  -0.0000083605
4 5 3 2  0.0000012659
4 5 5 2  0.0000860458
4 5 7 2  0.0000065477
4 6 2 2  -0.0000065477
4 6 4 2  0.0000065477
4 6 6 2  0.0001017428
4 7 3 2  -0.0000065477
4 7 5 2  0.0000065477
4 7 7 2  0.0001017428
4 8 8 2  0.0001862722
4 9 9 2  0.0001862722
4 10 10 2  0.0001862722
4 11 11 2  0.0001862722
4 0 0 4  0.0747441836
4 0 2 4  -0.0025913156
4 0 4 4  0.0157469744
4 0 6 4  -0.0123373455
4 1 1 4  0.0747441836
4 1 3 4  -0.0025913156
4 1 5 4  0.0157469744
4 1 7 4  -0.0123373455
4 2 0 4  -0.0025913156
4 2 2 4  0.0372424162
4 2 4 4  0.0000860458
4 2 6 4  0.0025040829
4 3 1 4  -0.0025913156
4 3 3 4  0.0372424162
4 3 5 4  0.0000860458
4 3 7 4  0.0025040829
4 4 0 4  0.0157469744
4 4 2 4  0.0000860458
4 4 4 4  0.3841442233
4 4 6 4  0.0178763615
4 5 1 4  0.0157469744
4 5 3 4  0.0000860458
4 5 5 4  0.3841442233
4 5 7 4  0.0178763615
4 6 0 4  -0.0123373455
4 6 2 4  0.0025040829
4 6 4 4  0.0178763615
4 6 6 4  0.0785597866
4 7 1 4  -0.0123373455
4 7 3 4  0.0025040829
4 7 5 4  0.0178763615
4 7 7 4  0.0785597866
4 8 8 4  0.0723461851
4 9 9 4  0.0723461851
4 10 10 4  0.0723461851
4 11 11 4  0.0723461851
4 0 0 6  -0.0057205141
4 0 2 6  0.0000615084
4 0 4 6  0.0012643181
4 0 6 6  -0.0026171078
4 1 1 6  -0.0057205141
4 1 3 6  0.0000615084
4 1 5 6  0.0012643181
4 1 7 6  -0.0026171078
4 2 0 6  0.0000615084
4 2 2 6  -0.0025040829
4 2 4 6  0.0000065477
4 2 6 6  -0.0000489233
4 3 1 6  0.0000615084
4 3 3 6  -0.0025040829
4 3 5 6  0.0000065477
4 3 7 6  -0.0000489233
4 4 0 6  0.0012643181
4 4 2 6  0.0000065477
4 4 4 6  0.0178763615
4 4 6 6  0.0015021198
4 5 1 6  0.0012643181
4 5 3 6  0.0000065477
4 5 5 6  0.0178763615
4 5 7 6  0.0015021198
4 6 0 6  -0.0026171078
4 6 2 6  -0.0000489233
4 6 4 6  0.0015021198
4 6 6 6  -0.0064839153
4 7 1 6  -0.0026171078
4 7 3 6  -0.0000489233
4 7 5 6  0.0015021198
4 7 7 6  -0.0064839153
4 8 8 6  -0.0056119206
4 9 9 6  -0.0056119206
4 10 10 6  -0.0056119206
4 11 11 6  -0.0056119206
4 0 8 8  -0.0025807508
4 1 9 8  -0.0025807508
4 2 8 8  0.0001353464
4 3 9 8  0.0001353464
4 4 8 8  0.0001764823
4 5 9 8  0.0001764823
4 6 8 8  -0.0004805661
4 7 9 8  -0.0004805661
4 8 0 8  -0.0025807508
4 8 2 8  0.0001353464
4 8 4 8  0.0001764823
4 8 6 8  -0.0004805661
4 9 1 8  -0.0025807508
4 9 3 8  0.0001353464
4 9 5 8  0.0001764823
4 9 7 8  -0.0004805661
4 0 10 10  -0.0025807508
4 1 11 10  -0.0025807508
4 2 10 10  0.0001353464
4 3 11 10  0.0001353464
4 4 10 10  0.0001764823
4 5 11 10  0.0001764823
4 6 10 10  -0.0004805661
4 7 11 10  -0.0004805661
4 10 0 10  -0.0025807508
4 10 2 10  0.0001353464
4 10 4 10  0.0001764823
4 10 6 10  -0.0004805661
4 11 1 10  -0.0025807508
4 11 3 10  0.0001353464
4 11 5 10  0.0001764823
4 11 7 10  -0.0004805661
5 0 0 1  -0.0070902647
5 0 2 1  0.0001418713
5 0 4 1  0.0013258306
5 0 6 1  -0.0026194568
5 1 1 1  -0.0070902647
5 1 3 1  0.0001418713
5 1 5 1  0.0013258306
5 1 7 1  -0.0026194568
5 2 0 1  0.0001418713
5 2 2 1  -0.0025913156
5 2 4 1  -0.0000083605
5 2 6 1  -0.0000615084
5 3 1 1  0.0001418713
5 3 3 1  -0.0025913156
5 3 5 1  -0.0000083605
5 3 7 1  -0.0000615084
5 4 0 1  0.0013258306
5 4 2 1  -0.0000083605
5 4 4 1  0.0157469744
5 4 6 1  0.0012643181
5 5 1 1  0.0013258306
5 5 3 1  -0.0000083605
5 5 5 1  0.0157469744
5 5 7 1  0.0012643181
5 6 0 1  -0.0026194568
5 6 2 1  -0.0000615084
5 6 4 1  0.0012643181
5 6 6 1  -0.0069416076
5 7 1 1  -0.0026194568
5 7 3 1  -0.0000615084
5 7 5 1  0.0012643181
5 7 7 1  -0.0069416076
5 8 8 1  -0.0075039586
5 9 9 1  -0.0075039586
5 10 10 1  -0.0075039586
5 11 11 1  -0.0075039586
5 0 0 3  0.0001511162
5 0 2 3  -0.0000083605
5 0 4 3  -0.0000083605
5 1 1 3  0.0001511162
5 1 3 3  -0.0000083605
5 1 5 3  -0.0000083605
5 2 0 3  -0.0000083605
5 2 2 3  0.0000860458
5 2 4 3  0.0000012659
5 2 6 3  -0.0000065477
5 3 1 3  -0.0000083605
5 3 3 3  0.0000860458
5 3 5 3  0.0000012659
5 3 7 3  -0.0000065477
5 4 0 3  -0.0000083605
5 4 2 3  0.0000012659
5 4 4 3  0.0000860458
5 4 6 3  0.0000065477
5 5 1 3  -0.0000083605
5 5 3 3  0.0000012659
5 5 5 3  0.0000860458
5 5 7 3  0.0000065477
5 6 2 3  -0.0000065477
5 6 4 3  0.0000065477
5 6 6 3  0.0001017428
5 7 3 3  -0.0000065477
5 7 5 3  0.0000065477
5 7 7 3  0.0001017428
5 8 8 3  0.0001862722
5 9 9 3  0.0001862722
5 10 10 3  0.0001862722
5 11 11 3  0.0001862722
5 0 0 5  0.0747441836
5 0 2 5  -0.0025913156
5 0 4 5  0.0157469744
5 0 6 5  -0.0123373455
5 1 1 5  0.0747441836
5 1 3 5  -0.0025913156
5 1 5 5  0.0157469744
5 1 7 5  -0.0123373455
5 2 0 5  -0.0025913156
5 2 2 5  0.0372424162
5 2 4 5  0.0000860458
5 2 6 5  0.0025040829
5 3 1 5  -0.0025913156
5 3 3 5  0.0372424162
5 3 5 5  0.0000860458
5 3 7 5  0.0025040829
5 4 0 5  0.0157469744
5 4 2 5  0.0000860458
5 4 4 5  0.3841442233
5 4 6 5  0.0178763615
5 5 1 5  0.0157469744
5 5 3 5  0.0000860458
5 5 5 5  0.3841442233
5 5 7 5  0.0178763615
5 6 0 5  -0.0123373455
5 6 2 5  0.0025040829
5 6 4 5  0.0178763615
5 6 6 5  0.0785597866
5 7 1 5  -0.0123373455
5 7 3 5  0.0025040829
5 7 5 5  0.0178763615
5 7 7 5  0.0785597866
5 8 8 5  0.0723461851
5 9 9 5  0.0723461851
5 10 10 5  0.0723461851
5 11 11 5  0.0723461851
5 0 0 7  -0.0057205141
5 0 2 7  0.0000615084
5 0 4 7  0.0012643181
5 0 6 7  -0.0026171078
5 1 1 7  -0.0057205141
5 1 3 7  0.0000615084
5 1 5 7  0.0012643181
5 1 7 7  -0.0026171078
5 2 0 7  0.0000615084
5 2 2 7  -0.0025040829
5 2 4 7  0.0000065477
5 2 6 7  -0.0000489233
5 3 1 7  0.0000615084
5 3 3 7  -0.0025040829
5 3 5 7  0.0000065477
5 3 7 7  -0.0000489233
5 4 0 7  0.0012643181
5 4 2 7  0.0000065477
5 4 4 7  0.0178763615
5 4 6 7  0.0015021198
5 5 1 7  0.0012643181
5 5 3 7  0.0000065477
5 5 5 7  0.0178763615
5 5 7 7  0.0015021198
5 6 0 7  -0.0026171078
5 6 2 7  -0.0000489233
5 6 4 7  0.0015021198
5 6 6 7  -0.0064839153
5 7 1 7  -0.0026171078
5 7 3 7  -0.0000489233
5 7 5 7  0.0015021198
5 7 7 7  -0.0064839153
5 8 8 7  -0.0056119206
5 9 9 7  -0.0056119206
5 10 10 7  -0.0056119206
5 11 11 7  -0.0056119206
5 0 8 9  -0.0025807508
5 1 9 9  -0.0025807508
5 2 8 9  0.0001353464
5 3 9 9  0.0001353464
5 4 8 9  0.0001764823
5 5 9 9  0.0001764823
5 6 8 9  -0.0004805661
5 7 9 9  -0.0004805661
5 8 0 9  -0.0025807508
5 8 2 9  0.0001353464
5 8 4 9  0.0001764823
5 8 6 9  -0.0004805661
5 9 1 9  -0.0025807508
5 9 3 9  0.0001353464
5 9 5 9  0.0001764823
5 9 7 9  -0.0004805661
5 0 10 11  -0.0025807508
5 1 11 11  -0.0025807508
5 2 10 11  0.0001353464
5 3 11 11  0.0001353464
5 4 10 11  0.0001764823
5 5 11 11  0.0001764823
5 6 10 11  -0.0004805661
5 7 11 11  -0.0004805661
5 10 0 11  -0.0025807508
5 10 2 11  0.0001353464
5 10 4 11  0.0001764823
5 10 6 11  -0.0004805661
5 11 1 11  -0.0025807508
5 11 3 11  0.0001353464
5 11 5 11  0.0001764823
5 11 7 11  -0.0004805661
6 0 2 0  0.0026194568
6 0 4 0  -0.0026194568
6 0 6 0  0.0430047011
6 1 3 0  0.0026194568
6 1 5 0  -0.0026194568
6 1 7 0  0.0430047011
6 2 0 0  0.0026194568
6 2 2 0  0.0123373455
6 2 6 0  -0.0026171078
6 3 1 0  0.0026194568
6 3 3 0  0.0123373455
6 3 7 0  -0.0026171078
6 4 0 0  -0.0026194568
6 4 4 0  -0.0123373455
6 4 6 0  -0.0026171078
6 5 1 0  -0.0026194568
6 5 5 0  -0.0123373455
6 5 7 0  -0.0026171078
6 6 0 0  0.0430047011
6 6 2 0  -0.0026171078
6 6 4 0  -0.0026171078
6 7 1 0  0.0430047011
6 7 3 0  -0.0026171078
6 7 5 0  -0.0026171078
6 0 0 2  0.0057205141
6 0 2 2  -0.0012643181
6 0 4 2  -0.0000615084
6 0 6 2  -0.0026171078
6 1 1 2  0.0057205141
6 1 3 2  -0.0012643181
6 1 5 2  -0.0000615084
6 1 7 2  -0.0026171078
6 2 0 2  -0.0012643181
6 2 2 2  -0.0178763615
6 2 4 2  -0.0000065477
6 2 6 2  0.0015021198
6 3 1 2  -0.0012643181
6 3 3 2  -0.0178763615
6 3 5 2  -0.0000065477
6 3 7 2  0.0015021198
6 4 0 2  -0.0000615084
6 4 2 2  -0.0000065477
6 4 4 2  0.0025040829
6 4 6 2  -0.0000489233
6 5 1 2  -0.0000615084
6 5 3 2  -0.0000065477
6 5 5 2  0.0025040829
6 5 7 2  -0.0000489233
6 6 0 2  -0.0026171078
6 6 2 2  0.0015021198
6 6 4 2  -0.0000489233
6 6 6 2  0.0064839153
6 7 1 2  -0.0026171078
6 7 3 2  0.0015021198
6 7 5 2  -0.0000489233
6 7 7 2  0.0064839153
6 8 8 2  0.0056119206
6 9 9 2  0.0056119206
6 10 10 2  0.0056119206
6 11 11 2  0.0056119206
6 0 0 4  -0.0057205141
6 0 2 4  0.0000615084
6 0 4 4  0.0012643181
6 0 6 4  -0.0026171078
6 1 1 4  -0.0057205141
6 1 3 4  0.0000615084
6 1 5 4  0.0012643181
6 1 7 4  -0.0026171078
6 2 0 4  0.0000615084
6 2 2 4  -0.0025040829
6 2 4 4  0.0000065477
6 2 6 4  -0.0000489233
6 3 1 4  0.0000615084
6 3 3 4  -0.0025040829
6 3 5 4  0.0000065477
6 3 7 4  -0.0000489233
6 4 0 4  0.0012643181
6 4 2 4  0.0000065477
6 4 4 4  0.0178763615
6 4 6 4  0.0015021198
6 5 1 4  0.0012643181
6 5 3 4  0.0000065477
6 5 5 4  0.0178763615
6 5 7 4  0.0015021198
6 6 0 4  -0.0026171078
6 6 2 4  -0.0000489233
6 6 4 4  0.0015021198
6 6 6 4  -0.0064839153
6 7 1 4  -0.0026171078
6 7 3 4  -0.0000489233
6 7 5 4  0.0015021198
6 7 7 4  -0.0064839153
6 8 8 4  -0.0056119206
6 9 9 4  -0.0056119206
6 10 10 4  -0.0056119206
6 11 11 4  -0.0056119206
6 0 0 6  0.2037812639
6 0 2 6  -0.0069416076
6 0 4 6  -0.0069416076
6 1 1 6  0.2037812639
6 1 3 6  -0.0069416076
6 1 5 6  -0.0069416076
6 2 0 6  -0.0069416076
6 2 2 6  0.0785597866
6 2 4 6  0.0001017428
6 2 6 6  0.0064839153
6 3 1 6  -0.0069416076
6 3 3 6  0.0785597866
6 3 5 6  0.0001017428
6 3 7 6  0.0064839153
6 4 0 6  -0.0069416076
6 4 2 6  0.0001017428
6 4 4 6  0.0785597866
6 4 6 6  -0.0064839153
6 5 1 6  -0.0069416076
6 5 3 6  0.0001017428
6 5 5 6  0.0785597866
6 5 7 6  -0.0064839153
6 6 2 6  0.0064839153
6 6 4 6  -0.0064839153
6 6 6 6  0.2242602481
6 7 3 6  0.0064839153
6 7 5 6  -0.0064839153
6 7 7 6  0.2242602481
6 8 8 6  0.2004165016
6 9 9 6  0.2004165016
6 10 10 6  0.2004165016
6 11 11 6  0.2004165016
6 2 8 8  0.0004805661
6 3 9 8  0.0004805661
6 4 8 8  -0.0004805661
6 5 9 8  -0.0004805661
6 6 8 8  0.0121137116
6 7 9 8  0.0121137116
6 8 2 8  0.0004805661
6 8 4 8  -0.0004805661
6 8 6 8  0.0121137116
6 9 3 8  0.0004805661
6 9 5 8  -0.0004805661
6 9 7 8  0.0121137116
6 2 10 10  0.0004805661
6 3 11 10  0.0004805661
6 4 10 10  -0.0004805661
6 5 11 10  -0.0004805661
6 6 10 10  0.0121137116
6 7 11 10  0.0121137116
6 10 2 10  0.0004805661
6 10 4 10  -0.0004805661
6 10 6 10  0.0121137116
6 11 3 10  0.0004805661
6 11 5 10  -0.0004805661
6 11 7 10  0.0121137116
7 0 2 1  0.0026194568
7 0 4 1  -0.0026194568
7 0 6 1  0.0430047011
7 1 3 1  0.0026194568
7 1 5 1  -0.0026194568
7 1 7 1  0.0430047011
7 2 0 1  0.0026194568
7 2 2 1  0.0123373455
7 2 6 1  -0.0026171078
7 3 1 1  0.0026194568
7 3 3 1  0.0123373455
7 3 7 1  -0.0026171078
7 4 0 1  -0.0026194568
7 4 4 1  -0.0123373455
7 4 6 1  -0.0026171078
7 5 1 1  -0.0026194568
7 5 5 1  -0.0123373455
7 5 7 1  -0.0026171078
7 6 0 1  0.0430047011
7 6 2 1  -0.0026171078
7 6 4 1  -0.0026171078
7 7 1 1  0.0430047011
7 7 3 1  -0.0026171078
7 7 5 1  -0.0026171078
7 0 0 3  0.0057205141
7 0 2 3  -0.0012643181
7 0 4 3  -0.0000615084
7 0 6 3  -0.0026171078
7 1 1 3  0.0057205141
7 1 3 3  -0.0012643181
7 1 5 3  -0.0000615084
7 1 7 3  -0.0026171078
7 2 0 3  -0.0012643181
7 2 2 3  -0.0178763615
7 2 4 3  -0.0000065477
7 2 6 3  0.0015021198
7 3 1 3  -0.0012643181
7 3 3 3  -0.0178763615
7 3 5 3  -0.0000065477
7 3 7 3  0.0015021198
7 4 0 3  -0.0000615084
7 4 2 3  -0.0000065477
7 4 4 3  0.0025040829
7 4 6 3  -0.0000489233
7 5 1 3  -0.0000615084
7 5 3 3  -0.0000065477
7 5 5 3  0.0025040829
7 5 7 3  -0.0000489233
7 6 0 3  -0.0026171078
7 6 2 3  0.0015021198
7 6 4 3  -0.0000489233
7 6 6 3  0.0064839153
7 7 1 3  -0.0026171078
7 7 3 3  0.0015021198
7 7 5 3  -0.0000489233
7 7 7 3  0.0064839153
7 8 8 3  0.0056119206
7 9 9 3  0.0056119206
7 10 10 3  0.0056119206
7 11 11 3  0.0056119206
7 0 0 5  -0.0057205141
7 0 2 5  0.0000615084
7 0 4 5  0.0012643181
7 0 6 5  -0.0026171078
7 1 1 5  -0.0057205141
7 1 3 5  0.0000615084
7 1 5 5  0.0012643181
7 1 7 5  -0.0026171078
7 2 0 5  0.0000615084
7 2 2 5  -0.0025040829
7 2 4 5  0.0000065477
7 2 6 5  -0.0000489233
7 3 1 5  0.0000615084
7 3 3 5  -0.0025040829
7 3 5 5  0.0000065477
7 3 7 5  -0.0000489233
7 4 0 5  0.0012643181
7 4 2 5  0.0000065477
7 4 4 5  0.0178763615
7 4 6 5  0.0015021198
7 5 1 5  0.0012643181
7 5 3 5  0.0000065477
7 5 5 5  0.0178763615
7 5 7 5  0.0015021198
7 6 0 5  -0.0026171078
7 6 2 5  -0.0000489233
7 6 4 5  0.0015021198
7 6 6 5  -0.0064839153
7 7 1 5  -0.0026171078
7 7 3 5  -0.0000489233
7 7 5 5  0.0015021198
7 7 7 5  -0.0064839153
7 8 8 5  -0.0056119206
7 9 9 5  -0.0056119206
7 10 10 5  -0.0056119206
7 11 11 5  -0.0056119206
7 0 0 7  0.2037812639
7 0 2 7  -0.0069416076
7 0 4 7  -0.0069416076
7 1 1 7  0.2037812639
7 1 3 7  -0.0069416076
7 1 5 7  -0.0069416076
7 2 0 7  -0.0069416076
7 2 2 7  0.0785597866
7 2 4 7  0.0001017428
7 2 6 7  0.0064839153
7 3 1 7  -0.0069416076
7 3 3 7  0.0785597866
7 3 5 7  0.0001017428
7 3 7 7  0.0064839153
7 4 0 7  -0.0069416076
7 4 2 7  0.0001017428
7 4 4 7  0.0785597866
7 4 6 7  -0.0064839153
7 5 1 7  -0.0069416076
7 5 3 7  0.0001017428
7 5 5 7  0.0785597866
7 5 7 7  -0.0064839153
7 6 2 7  0.0064839153
7 6 4 7  -0.0064839153
7 6 6 7  0.2242602481
7 7 3 7  0.0064839153
7 7 5 7  -0.0064839153
7 7 7 7  0.2242602481
7 8 8 7  0.2004165016
7 9 9 7  0.2004165016
7 10 10 7  0.2004165016
7 11 11 7  0.2004165016
7 2 8 9  0.0004805661
7 3 9 9  0.0004805661
7 4 8 9  -0.0004805661
7 5 9 9  -0.0004805661
7 6 8 9  0.0121137116
7 7 9 9  0.0121137116
7 8 2 9  0.0004805661
7 8 4 9  -0.0004805661
7 8 6 9  0.0121137116
7 9 3 9  0.0004805661
7 9 5 9  -0.0004805661
7 9 7 9  0.0121137116
7 2 10 11  0.0004805661
7 3 11 11  0.0004805661
7 4 10 11  -0.0004805661
7 5 11 11  -0.0004805661
7 6 10 11  0.0121137116
7 7 11 11  0.0121137116
7 10 2 11  0.0004805661
7 10 4 11  -0.0004805661
7 10 6 11  0.0121137116
7 11 3 11  0.0004805661
7 11 5 11  -0.0004805661
7 11 7 11  0.0121137116
8 0 8 0  0.0431764715
8 1 9 0  0.0431764715
8 2 8 0  -0.0025807508
8 3 9 0  -0.0025807508
8 4 8 0  -0.0025807508
8 5 9 0  -0.0025807508
8 8 0 0  0.0431764715
8 8 2 0  -0.0025807508
8 8 4 0  -0.0025807508
8 9 1 0  0.0431764715
8 9 3 0  -0.0025807508
8 9 5 0  -0.0025807508
8 0 8 2  -0.0025807508
8 1 9 2  -0.0025807508
8 2 8 2  0.0001764823
8 3 9 2  0.0001764823
8 4 8 2  0.0001353464
8 5 9 2  0.0001353464
8 6 8 2  0.0004805661
8 7 9 2  0.0004805661
8 8 0 2  -0.0025807508
8 8 2 2  0.0001764823
8 8 4 2  0.0001353464
8 8 6 2  0.0004805661
8 9 1 2  -0.0025807508
8 9 3 2  0.0001764823
8 9 5 2  0.0001353464
8 9 7 2  0.0004805661
8 0 8 4  -0.0025807508
8 1 9 4  -0.0025807508
8 2 8 4  0.0001353464
8 3 9 4  0.0001353464
8 4 8 4  0.0001764823
8 5 9 4  0.0001764823
8 6 8 4  -0.0004805661
8 7 9 4  -0.0004805661
8 8 0 4  -0.0025807508
8 8 2 4  0.0001353464
8 8 4 4  0.0001764823
8 8 6 4  -0.0004805661
8 9 1 4  -0.0025807508
8 9 3 4  0.0001353464
8 9 5 4  0.0001764823
8 9 7 4  -0.0004805661
8 2 8 6  0.0004805661
8 3 9 6  0.0004805661
8 4 8 6  -0.0004805661
8 5 9 6  -0.0004805661
8 6 8 6  0.0121137116
8 7 9 6  0.0121137116
8 8 2 6  0.0004805661
8 8 4 6  -0.0004805661
8 8 6 6  0.0121137116
8 9 3 6  0.0004805661
8 9 5 6  -0.0004805661
8 9 7 6  0.0121137116
8 0 0 8  0.2040012993
8 0 2 8  -0.0075039586
8 0 4 8  -0.0075039586
8 1 1 8  0.2040012993
8 1 3 8  -0.0075039586
8 1 5 8  -0.0075039586
8 2 0 8  -0.0075039586
8 2 2 8  0.0723461851
8 2 4 8  0.0001862722
8 2 6 8  0.0056119206
8 3 1 8  -0.0075039586
8 3 3 8  0.0723461851
8 3 5 8  0.0001862722
8 3 7 8  0.0056119206
8 4 0 8  -0.0075039586
8 4 2 8  0.0001862722
8 4 4 8  0.0723461851
8 4 6 8  -0.0056119206
8 5 1 8  -0.0075039586
8 5 3 8  0.0001862722
8 5 5 8  0.0723461851
8 5 7 8  -0.0056119206
8 6 2 8  0.0056119206
8 6 4 8  -0.0056119206
8 6 6 8  0.2004165016
8 7 3 8  0.0056119206
8 7 5 8  -0.0056119206
8 7 7 8  0.2004165016
8 8 8 8  0.2249295450
8 9 9 8  0.2249295450
8 10 10 8  0.2006801625
8 11 11 8  0.2006801625
8 8 10 10  0.0121246915
8 9 11 10  0.0121246915
8 10 8 10  0.0121246915
8 11 9 10  0.0121246915
9 0 8 1  0.0431764715
9 1 9 1  0.0431764715
9 2 8 1  -0.0025807508
9 3 9 1  -0.0025807508
9 4 8 1  -0.0025807508
9 5 9 1  -0.0025807508
9 8 0 1  0.0431764715
9 8 2 1  -0.0025807508
9 8 4 1  -0.0025807508
9 9 1 1  0.0431764715
9 9 3 1  -0.0025807508
9 9 5 1  -0.0025807508
9 0 8 3  -0.0025807508
9 1 9 3  -0.0025807508
9 2 8 3  0.0001764823
9 3 9 3  0.0001764823
9 4 8 3  0.0001353464
9 5 9 3  0.0001353464
9 6 8 3  0.0004805661
9 7 9 3  0.0004805661
9 8 0 3  -0.0025807508
9 8 2 3  0.0001764823
9 8 4 3  0.0001353464
9 8 6 3  0.0004805661
9 9 1 3  -0.0025807508
9 9 3 3  0.0001764823
9 9 5 3  0.0001353464
9 9 7 3  0.0004805661
9 0 8 5  -0.0025807508
9 1 9 5  -0.0025807508
9 2 8 5  0.0001353464
9 3 9 5  0.0001353464
9 4 8 5  0.0001764823
9 5 9 5  0.0001764823
9 6 8 5  -0.0004805661
9 7 9 5  -0.0004805661
9 8 0 5  -0.0025807508
9 8 2 5  0.0001353464
9 8 4 5  0.0001764823
9 8 6 5  -0.0004805661
9 9 1 5  -0.0025807508
9 9 3 5  0.0001353464
9 9 5 5  0.0001764823
9 9 7 5  -0.0004805661
9 2 8 7  0.0004805661
9 3 9 7  0.0004805661
9 4 8 7  -0.0004805661
9 5 9 7  -0.0004805661
9 6 8 7  0.0121137116
9 7 9 7  0.0121137116
9 8 2 7  0.0004805661
9 8 4 7  -0.0004805661
9 8 6 7  0.0121137116
9 9 3 7  0.0004805661
9 9 5 7  -0.0004805661
9 9 7 7  0.0121137116
9 0 0 9  0.2040012993
9 0 2 9  -0.0075039586
9 0 4 9  -0.0075039586
9 1 1 9  0.2040012993
9 1 3 9  -0.0075039586
9 1 5 9  -0.0075039586
9 2 0 9  -0.0075039586
9 2 2 9  0.0723461851
9 2 4 9  0.0001862722
9 2 6 9  0.0056119206
9 3 1 9  -0.0075039586
9 3 3 9  0.0723461851
9 3 5 9  0.0001862722
9 3 7 9  0.0056119206
9 4 0 9  -0.0075039586
9 4 2 9  0.0001862722
9 4 4 9  0.0723461851
9 4 6 9  -0.0056119206
9 5 1 9  -0.0075039586
9 5 3 9  0.0001862722
9 5 5 9  0.0723461851
9 5 7 9  -0.0056119206
9 6 2 9  0.0056119206
9 6 4 9  -0.0056119206
9 6 6 9  0.2004165016
9 7 3 9  0.0056119206
9 7 5 9  -0.0056119206
9 7 7 9  0.2004165016
9 8 8 9  0.2249295450
9 9 9 9  0.2249295450
9 10 10 9  0.2006801625
9 11 11 9  0.2006801625
9 8 10 11  0.0121246915
9 9 11 11  0.0121246915
9 10 8 11  0.0121246915
9 11 9 11  0.0121246915
10 0 10 0  0.0431764715
10 1 11 0  0.0431764715
10 2 10 0  -0.0025807508
10 3 11 0  -0.0025807508
10 4 10 0  -0.0025807508
10 5 11 0  -0.0025807508
10 10 0 0  0.0431764715
10 10 2 0  -0.0025807508
10 10 4 0  -0.0025807508
10 11 1 0  0.0431764715
10 11 3 0  -0.0025807508
10 11 5 0  -0.0025807508
10 0 10 2  -0.0025807508
10 1 11 2  -0.0025807508
10 2 10 2  0.0001764823
10 3 11 2  0.0001764823
10 4 10 2  0.0001353464
10 5 11 2  0.0001353464
10 6 10 2  0.0004805661
10 7 11 2  0.0004805661
10 10 0 2  -0.0025807508
10 10 2 2  0.0001764823
10 10 4 2  0.0001353464
10 10 6 2  0.0004805661
10 11 1 2  -0.0025807508
10 11 3 2  0.0001764823
10 11 5 2  0.0001353464
10 11 7 2  0.0004805661
10 0 10 4  -0.0025807508
10 1 11 4  -0.0025807508
10 2 10 4  0.0001353464
10 3 11 4  0.0001353464
10 4 10 4  0.0001764823
10 5 11 4  0.0001764823
10 6 10 4  -0.0004805661
10 7 11 4  -0.0004805661
10 10 0 4  -0.0025807508
10 10 2 4  0.0001353464
10 10 4 4  0.0001764823
10 10 6 4  -0.0004805661
10 11 1 4  -0.0025807508
10 11 3 4  0.0001353464
10 11 5 4  0.0001764823
10 11 7 4  -0.0004805661
10 2 10 6  0.0004805661
10 3 11 6  0.0004805661
10 4 10 6  -0.0004805661
10 5 11 6  -0.0004805661
10 6 10 6  0.0121137116
10 7 11 6  0.0121137116
10 10 2 6  0.0004805661
10 10 4 6  -0.0004805661
10 10 6 6  0.0121137116
10 11 3 6  0.0004805661
10 11 5 6  -0.0004805661
10 11 7 6  0.0121137116
10 8 10 8  0.0121246915
10 9 11 8  0.0121246915
10 10 8 8  0.0121246915
10 11 9 8  0.0121246915
10 0 0 10  0.2040012993
10 0 2 10  -0.0075039586
10 0 4 10  -0.0075039586
10 1 1 10  0.2040012993
10 1 3 10  -0.0075039586
10 1 5 10  -0.0075039586
10 2 0 10  -0.0075039586
10 2 2 10  0.0723461851
10 2 4 10  0.0001862722
10 2 6 10  0.0056119206
10 3 1 10  -0.0075039586
10 3 3 10  0.0723461851
10 3 5 10  0.0001862722
10 3 7 10  0.0056119206
10 4 0 10  -0.0075039586
10 4 2 10  0.0001862722
10 4 4 10  0.0723461851
10 4 6 10  -0.0056119206
10 5 1 10  -0.0075039586
10 5 3 10  0.0001862722
10 5 5 10  0.0723461851
10 5 7 10  -0.0056119206
10 6 2 10  0.0056119206
10 6 4 10  -0.0056119206
10 6 6 10  0.2004165016
10 7 3 10  0.0056119206
10 7 5 10  -0.0056119206
10 7 7 10  0.2004165016
10 8 8 10  0.2006801625
10 9 9 10  0.2006801625
10 10 10 10  0.2249295450
10 11 11 10  0.2249295450
11 0 10 1  0.0431764715
11 1 11 1  0.0431764715
11 2 10 1  -0.0025807508
11 3 11 1  -0.0025807508
11 4 10 1  -0.0025807508
11 5 11 1  -0.0025807508
11 10 0 1  0.0431764715
11 10 2 1  -0.0025807508
11 10 4 1  -0.0025807508
11 11 1 1  0.0431764715
11 11 3 1  -0.0025807508
11 11 5 1  -0.0025807508
11 0 10 3  -0.0025807508
11 1 11 3  -0.0025807508
11 2 10 3  0.0001764823
11 3 11 3  0.0001764823
11 4 10 3  0.0001353464
11 5 11 3  0.0001353464
11 6 10 3  0.0004805661
11 7 11 3  0.0004805661
11 10 0 3  -0.0025807508
11 10 2 3  0.0001764823
11 10 4 3  0.0001353464
11 10 6 3  0.0004805661
11 11 1 3  -0.0025807508
11 11 3 3  0.0001764823
11 11 5 3  0.0001353464
11 11 7 3  0.0004805661
11 0 10 5  -0.0025807508
11 1 11 5  -0.0025807508
11 2 10 5  0.0001353464
11 3 11 5  0.0001353464
11 4 10 5  0.0001764823
11 5 11 5  0.0001764823
11 6 10 5  -0.0004805661
11 7 11 5  -0.0004805661
11 10 0 5  -0.0025807508
11 10 2 5  0.0001353464
11 10 4 5  0.0001764823
11 10 6 5  -0.0004805661
11 11 1 5  -0.0025807508
11 11 3 5  0.0001353464
11 11 5 5  0.0001764823
11 11 7 5  -0.0004805661
11 2 10 7  0.0004805661
11 3 11 7  0.0004805661
11 4 10 7  -0.0004805661
11 5 11 7  -0.0004805661
11 6 10 7  0.0121137116
11 7 11 7  0.0121137116
11 10 2 7  0.0004805661
11 10 4 7  -0.0004805661
11 10 6 7  0.0121137116
11 11 3 7  0.0004805661
11 11 5 7  -0.0004805661
11 11 7 7  0.0121137116
11 8 10 9  0.0121246915
11 9 11 9  0.0121246915
11 10 8 9  0.0121246915
11 11 9 9  0.0121246915
11 0 0 11  0.2040012993
11 0 2 11  -0.0075039586
11 0 4 11  -0.0075039586
11 1 1 11  0.2040012993
11 1 3 11  -0.0075039586
11 1 5 11  -0.0075039586
11 2 0 11  -0.0075039586
11 2 2 11  0.0723461851
11 2 4 11  0.0001862722
11 2 6 11  0.0056119206
11 3 1 11  -0.0075039586
11 3 3 11  0.0723461851
11 3 5 11  0.0001862722
11 3 7 11  0.0056119206
11 4 0 11  -0.0075039586
11 4 2 11  0.0001862722
11 4 4 11  0.0723461851
11 4 6 11  -0.0056119206
11 5 1 11  -0.0075039586
11 5 3 11  0.0001862722
11 5 5 11  0.0723461851
11 5 7 11  -0.0056119206
11 6 2 11  0.0056119206
11 6 4 11  -0.0056119206
11 6 6 11  0.2004165016
11 7 3 11  0.0056119206
11 7 5 11  -0.0056119206
11 7 7 11  0.2004165016
11 8 8 11  0.2006801625
11 9 9 11  0.2006801625
11 10 10 11  0.2249295450
11 11 11 11  0.2249295450
