-12.61863697157979
0 0  -1.0298126314
0 2  -0.0063140382
0 4  -0.0063140382
1 1  -1.0298126314
1 3  -0.0063140382
1 5  -0.0063140382
2 0  -0.0063140382
2 2  -0.9232833537
2 4  0.0143806760
2 6  0.0315978308
3 1  -0.0063140382
3 3  -0.9232833537
3 5  0.0143806760
3 7  0.0315978308
4 0  -0.0063140382
4 2  0.0143806760
4 4  -0.9232833537
4 6  -0.0315978308
5 1  -0.0063140382
5 3  0.0143806760
5 5  -0.9232833537
5 7  -0.0315978308
6 2  0.0315978308
6 4  -0.0315978308
6 6  -0.8715698763
7 3  0.0315978308
7 5  -0.0315978308
7 7  -0.8715698763
8 8  -0.8622887940
9 9  -0.8622887940
10 10  -0.8622887940
11 11  -0.8622887940
0 0 0 0  0.1906607365
0 0 2 0  -0.0165090947
0 0 4 0  -0.0165090947
0 1 1 0  0.1906607365
0 1 3 0  -0.0165090947
0 1 5 0  -0.0165090947
0 2 0 0  -0.0165090947
0 2 2 0  0.1015711091
0 2 4 0  0.0009573411
0 2 6 0  -0.0140877677
0 3 1 0  -0.0165090947
0 3 3 0  0.1015711091
0 3 5 0  0.0009573411
0 3 7 0  -0.0140877677
0 4 0 0  -0.0165090947
0 4 2 0  0.0009573411
0 4 4 0  0.1015711091
0 4 6 0  0.0140877677
0 5 1 0  -0.0165090947
0 5 3 0  0.0009573411
0 5 5 0  0.1015711091
0 5 7 0  0.0140877677
0 6 2 0  -0.0140877677
0 6 4 0  0.0140877677
0 6 6 0  0.1964828977
0 7 3 0  -0.0140877677
0 7 5 0  0.0140877677
0 7 7 0  0.1964828977
0 8 8 0  0.1983324783
0 9 9 0  0.1983324783
0 10 10 0  0.1983324783
0 11 11 0  0.1983324783
0 0 0 2  -0.0165090947
0 0 2 2  0.0118667207
0 0 4 2  0.0001102641
0 0 6 2  -0.0076221276
0 1 1 2  -0.0165090947
0 1 3 2  0.0118667207
0 1 5 2  0.0001102641
0 1 7 2  -0.0076221276
0 2 0 2  0.0118667207
0 2 2 2  0.0444008552
0 2 4 2  -0.0002190565
0 2 6 2  0.0110645087
0 3 1 2  0.0118667207
0 3 3 2  0.0444008552
0 3 5 2  -0.0002190565
0 3 7 2  0.0110645087
0 4 0 2  0.0001102641
0 4 2 2  -0.0002190565
0 4 4 2  -0.0100609820
0 4 6 2  0.0003140406
0 5 1 2  0.0001102641
0 5 3 2  -0.0002190565
0 5 5 2  -0.0100609820
0 5 7 2  0.0003140406
0 6 0 2  -0.0076221276
0 6 2 2  0.0110645087
0 6 4 2  0.0003140406
0 6 6 2  -0.0160231966
0 7 1 2  -0.0076221276
0 7 3 2  0.0110645087
0 7 5 2  0.0003140406
0 7 7 2  -0.0160231966
0 8 8 2  -0.0196844226
0 9 9 2  -0.0196844226
0 10 10 2  -0.0196844226
0 11 11 2  -0.0196844226
0 0 0 4  -0.0165090947
0 0 2 4  0.0001102641
0 0 4 4  0.0118667207
0 0 6 4  0.0076221276
0 1 1 4  -0.0165090947
0 1 3 4  0.0001102641
0 1 5 4  0.0118667207
0 1 7 4  0.0076221276
0 2 0 4  0.0001102641
0 2 2 4  -0.0100609820
0 2 4 4  -0.0002190565
0 2 6 4  -0.0003140406
0 3 1 4  0.0001102641
0 3 3 4  -0.0100609820
0 3 5 4  -0.0002190565
0 3 7 4  -0.0003140406
0 4 0 4  0.0118667207
0 4 2 4  -0.0002190565
0 4 4 4  0.0444008552
0 4 6 4  -0.0110645087
0 5 1 4  0.0118667207
0 5 3 4  -0.0002190565
0 5 5 4  0.0444008552
0 5 7 4  -0.0110645087
0 6 0 4  0.0076221276
0 6 2 4  -0.0003140406
0 6 4 4  -0.0110645087
0 6 6 4  -0.0160231966
0 7 1 4  0.0076221276
0 7 3 4  -0.0003140406
0 7 5 4  -0.0110645087
0 7 7 4  -0.0160231966
0 8 8 4  -0.0196844226
0 9 9 4  -0.0196844226
0 10 10 4  -0.0196844226
0 11 11 4  -0.0196844226
0 0 2 6  -0.0076221276
0 0 4 6  0.0076221276
0 0 6 6  0.0387292843
0 1 3 6  -0.0076221276
0 1 5 6  0.0076221276
0 1 7 6  0.0387292843
0 2 0 6  -0.0076221276
0 2 2 6  -0.0085585885
0 2 6 6  -0.0070652490
0 3 1 6  -0.0076221276
0 3 3 6  -0.0085585885
0 3 7 6  -0.0070652490
0 4 0 6  0.0076221276
0 4 4 6  0.0085585885
0 4 6 6  -0.0070652490
0 5 1 6  0.0076221276
0 5 5 6  0.0085585885
0 5 7 6  -0.0070652490
0 6 0 6  0.0387292843
0 6 2 6  -0.0070652490
0 6 4 6  -0.0070652490
0 7 1 6  0.0387292843
0 7 3 6  -0.0070652490
0 7 5 6  -0.0070652490
0 0 8 8  0.0408898772
0 1 9 8  0.0408898772
0 2 8 8  -0.0076098957
0 3 9 8  -0.0076098957
0 4 8 8  -0.0076098957
0 5 9 8  -0.0076098957
0 8 0 8  0.0408898772
0 8 2 8  -0.0076098957
0 8 4 8  -0.0076098957
0 9 1 8  0.0408898772
0 9 3 8  -0.0076098957
0 9 5 8  -0.0076098957
0 0 10 10  0.0408898772
0 1 11 10  0.0408898772
0 2 10 10  -0.0076098957
0 3 11 10  -0.0076098957
0 4 10 10  -0.0076098957
0 5 11 10  -0.0076098957
0 10 0 10  0.0408898772
0 10 2 10  -0.0076098957
0 10 4 10  -0.0076098957
0 11 1 10  0.0408898772
0 11 3 10  -0.0076098957
0 11 5 10  -0.0076098957
1 0 0 1  0.1906607365
1 0 2 1  -0.0165090947
1 0 4 1  -0.0165090947
1 1 1 1  0.1906607365
1 1 3 1  -0.0165090947
1 1 5 1  -0.0165090947
1 2 0 1  -0.0165090947
1 2 2 1  0.1015711091
1 2 4 1  0.0009573411
1 2 6 1  -0.0140877677
1 3 1 1  -0.0165090947
1 3 3 1  0.1015711091
1 3 5 1  0.0009573411
1 3 7 1  -0.0140877677
1 4 0 1  -0.0165090947
1 4 2 1  0.0009573411
1 4 4 1  0.1015711091
1 4 6 1  0.0140877677
1 5 1 1  -0.0165090947
1 5 3 1  0.0009573411
1 5 5 1  0.1015711091
1 5 7 1  0.0140877677
1 6 2 1  -0.0140877677
1 6 4 1  0.0140877677
1 6 6 1  0.1964828977
1 7 3 1  -0.0140877677
1 7 5 1  0.0140877677
1 7 7 1  0.1964828977
1 8 8 1  0.1983324783
1 9 9 1  0.1983324783
1 10 10 1  0.1983324783
1 11 11 1  0.1983324783
1 0 0 3  -0.0165090947
1 0 2 3  0.0118667207
1 0 4 3  0.0001102641
1 0 6 3  -0.0076221276
1 1 1 3  -0.0165090947
1 1 3 3  0.0118667207
1 1 5 3  0.0001102641
1 1 7 3  -0.0076221276
1 2 0 3  0.0118667207
1 2 2 3  0.0444008552
1 2 4 3  -0.0002190565
1 2 6 3  0.0110645087
1 3 1 3  0.0118667207
1 3 3 3  0.0444008552
1 3 5 3  -0.0002190565
1 3 7 3  0.0110645087
1 4 0 3  0.0001102641
1 4 2 3  -0.0002190565
1 4 4 3  -0.0100609820
1 4 6 3  0.0003140406
1 5 1 3  0.0001102641
1 5 3 3  -0.0002190565
1 5 5 3  -0.0100609820
1 5 7 3  0.0003140406
1 6 0 3  -0.0076221276
1 6 2 3  0.0110645087
1 6 4 3  0.0003140406
1 6 6 3  -0.0160231966
1 7 1 3  -0.0076221276
1 7 3 3  0.0110645087
1 7 5 3  0.0003140406
1 7 7 3  -0.0160231966
1 8 8 3  -0.0196844226
1 9 9 3  -0.0196844226
1 10 10 3  -0.0196844226
1 11 11 3  -0.0196844226
1 0 0 5  -0.0165090947
1 0 2 5  0.0001102641
1 0 4 5  0.0118667207
1 0 6 5  0.0076221276
1 1 1 5  -0.0165090947
1 1 3 5  0.0001102641
1 1 5 5  0.0118667207
1 1 7 5  0.0076221276
1 2 0 5  0.0001102641
1 2 2 5  -0.0100609820
1 2 4 5  -0.0002190565
1 2 6 5  -0.0003140406
1 3 1 5  0.0001102641
1 3 3 5  -0.0100609820
1 3 5 5  -0.0002190565
1 3 7 5  -0.0003140406
1 4 0 5  0.0118667207
1 4 2 5  -0.0002190565
1 4 4 5  0.0444008552
1 4 6 5  -0.0110645087
1 5 1 5  0.0118667207
1 5 3 5  -0.0002190565
1 5 5 5  0.0444008552
1 5 7 5  -0.0110645087
1 6 0 5  0.0076221276
1 6 2 5  -0.0003140406
1 6 4 5  -0.0110645087
1 6 6 5  -0.0160231966
1 7 1 5  0.0076221276
1 7 3 5  -0.0003140406
1 7 5 5  -0.0110645087
1 7 7 5  -0.0160231966
1 8 8 5  -0.0196844226
1 9 9 5  -0.0196844226
1 10 10 5  -0.0196844226
1 11 11 5  -0.0196844226
1 0 2 7  -0.0076221276
1 0 4 7  0.0076221276
1 0 6 7  0.0387292843
1 1 3 7  -0.0076221276
1 1 5 7  0.0076221276
1 1 7 7  0.0387292843
1 2 0 7  -0.0076221276
1 2 2 7  -0.0085585885
1 2 6 7  -0.0070652490
1 3 1 7  -0.0076221276
1 3 3 7  -0.0085585885
1 3 7 7  -0.0070652490
1 4 0 7  0.0076221276
1 4 4 7  0.0085585885
1 4 6 7  -0.0070652490
1 5 1 7  0.0076221276
1 5 5 7  0.0085585885
1 5 7 7  -0.0070652490
1 6 0 7  0.0387292843
1 6 2 7  -0.0070652490
1 6 4 7  -0.0070652490
1 7 1 7  0.0387292843
1 7 3 7  -0.0070652490
1 7 5 7  -0.0070652490
1 0 8 9  0.0408898772
1 1 9 9  0.0408898772
1 2 8 9  -0.0076098957
1 3 9 9  -0.0076098957
1 4 8 9  -0.0076098957
1 5 9 9  -0.0076098957
1 8 0 9  0.0408898772
1 8 2 9  -0.0076098957
1 8 4 9  -0.0076098957
1 9 1 9  0.0408898772
1 9 3 9  -0.0076098957
1 9 5 9  -0.0076098957
1 0 10 11  0.0408898772
1 1 11 11  0.0408898772
1 2 10 11  -0.0076098957
1 3 11 11  -0.0076098957
1 4 10 11  -0.0076098957
1 5 11 11  -0.0076098957
1 10 0 11  0.0408898772
1 10 2 11  -0.0076098957
1 10 4 11  -0.0076098957
1 11 1 11  0.0408898772
1 11 3 11  -0.0076098957
1 11 5 11  -0.0076098957
2 0 0 0  -0.0165090947
2 0 2 0  0.0118667207
2 0 4 0  0.0001102641
2 0 6 0  -0.0076221276
2 1 1 0  -0.0165090947
2 1 3 0  0.0118667207
2 1 5 0  0.0001102641
2 1 7 0  -0.0076221276
2 2 0 0  0.0118667207
2 2 2 0  0.0444008552
2 2 4 0  -0.0002190565
2 2 6 0  0.0110645087
2 3 1 0  0.0118667207
2 3 3 0  0.0444008552
2 3 5 0  -0.0002190565
2 3 7 0  0.0110645087
2 4 0 0  0.0001102641
2 4 2 0  -0.0002190565
2 4 4 0  -0.0100609820
2 4 6 0  0.0003140406
2 5 1 0  0.0001102641
2 5 3 0  -0.0002190565
2 5 5 0  -0.0100609820
2 5 7 0  0.0003140406
2 6 0 0  -0.0076221276
2 6 2 0  0.0110645087
2 6 4 0  0.0003140406
2 6 6 0  -0.0160231966
2 7 1 0  -0.0076221276
2 7 3 0  0.0110645087
2 7 5 0  0.0003140406
2 7 7 0  -0.0160231966
2 8 8 0  -0.0196844226
2 9 9 0  -0.0196844226
2 10 10 0  -0.0196844226
2 11 11 0  -0.0196844226
2 0 0 2  0.1015711091
2 0 2 2  0.0444008552
2 0 4 2  -0.0100609820
2 0 6 2  -0.0085585885
2 1 1 2  0.1015711091
2 1 3 2  0.0444008552
2 1 5 2  -0.0100609820
2 1 7 2  -0.0085585885
2 2 0 2  0.0444008552
2 2 2 2  0.3594896275
2 2 4 2  0.0002040243
2 2 6 2  0.0458260101
2 3 1 2  0.0444008552
2 3 3 2  0.3594896275
2 3 5 2  0.0002040243
2 3 7 2  0.0458260101
2 4 0 2  -0.0100609820
2 4 2 2  0.0002040243
2 4 4 2  0.0517761563
2 4 6 2  0.0100307539
2 5 1 2  -0.0100609820
2 5 3 2  0.0002040243
2 5 5 2  0.0517761563
2 5 7 2  0.0100307539
2 6 0 2  -0.0085585885
2 6 2 2  0.0458260101
2 6 4 2  0.0100307539
2 6 6 2  0.1087856678
2 7 1 2  -0.0085585885
2 7 3 2  0.0458260101
2 7 5 2  0.0100307539
2 7 7 2  0.1087856678
2 8 8 2  0.0932663672
2 9 9 2  0.0932663672
2 10 10 2  0.0932663672
2 11 11 2  0.0932663672
2 0 0 4  0.0009573411
2 0 2 4  -0.0002190565
2 0 4 4  -0.0002190565
2 1 1 4  0.0009573411
2 1 3 4  -0.0002190565
2 1 5 4  -0.0002190565
2 2 0 4  -0.0002190565
2 2 2 4  0.0002040243
2 2 4 4  0.0000723004
2 2 6 4  0.0000533092
2 3 1 4  -0.0002190565
2 3 3 4  0.0002040243
2 3 5 4  0.0000723004
2 3 7 4  0.0000533092
2 4 0 4  -0.0002190565
2 4 2 4  0.0000723004
2 4 4 4  0.0002040243
2 4 6 4  -0.0000533092
2 5 1 4  -0.0002190565
2 5 3 4  0.0000723004
2 5 5 4  0.0002040243
2 5 7 4  -0.0000533092
2 6 2 4  0.0000533092
2 6 4 4  -0.0000533092
2 6 6 4  0.0005528616
2 7 3 4  0.0000533092
2 7 5 4  -0.0000533092
2 7 7 4  0.0005528616
2 8 8 4  0.0013888563
2 9 9 4  0.0013888563
2 10 10 4  0.0013888563
2 11 11 4  0.0013888563
2 0 0 6  -0.0140877677
2 0 2 6  0.0110645087
2 0 4 6  -0.0003140406
2 0 6 6  -0.0070652490
2 1 1 6  -0.0140877677
2 1 3 6  0.0110645087
2 1 5 6  -0.0003140406
2 1 7 6  -0.0070652490
2 2 0 6  0.0110645087
2 2 2 6  0.0458260101
2 2 4 6  0.0000533092
2 2 6 6  0.0119384286
2 3 1 6  0.0110645087
2 3 3 6  0.0458260101
2 3 5 6  0.0000533092
2 3 7 6  0.0119384286
2 4 0 6  -0.0003140406
2 4 2 6  0.0000533092
2 4 4 6  -0.0100307539
2 4 6 6  0.0002191332
2 5 1 6  -0.0003140406
2 5 3 6  0.0000533092
2 5 5 6  -0.0100307539
2 5 7 6  0.0002191332
2 6 0 6  -0.0070652490
2 6 2 6  0.0119384286
2 6 4 6  0.0002191332
2 6 6 6  -0.0160789167
2 7 1 6  -0.0070652490
2 7 3 6  0.0119384286
2 7 5 6  0.0002191332
2 7 7 6  -0.0160789167
2 8 8 6  -0.0154237821
2 9 9 6  -0.0154237821
2 10 10 6  -0.0154237821
2 11 11 6  -0.0154237821
2 0 8 8  -0.0076098957
2 1 9 8  -0.0076098957
2 2 8 8  0.0016597154
2 3 9 8  0.0016597154
2 4 8 8  0.0012079517
2 5 9 8  0.0012079517
2 6 8 8  -0.0015851155
2 7 9 8  -0.0015851155
2 8 0 8  -0.0076098957
2 8 2 8  0.0016597154
2 8 4 8  0.0012079517
2 8 6 8  -0.0015851155
2 9 1 8  -0.0076098957
2 9 3 8  0.0016597154
2 9 5 8  0.0012079517
2 9 7 8  -0.0015851155
2 0 10 10  -0.0076098957
2 1 11 10  -0.0076098957
2 2 10 10  0.0016597154
2 3 11 10  0.0016597154
2 4 10 10  0.0012079517
2 5 11 10  0.0012079517
2 6 10 10  -0.0015851155
2 7 11 10  -0.0015851155
2 10 0 10  -0.0076098957
2 10 2 10  0.0016597154
2 10 4 10  0.0012079517
2 10 6 10  -0.0015851155
2 11 1 10  -0.0076098957
2 11 3 10  0.0016597154
2 11 5 10  0.0012079517
2 11 7 10  -0.0015851155
3 0 0 1  -0.0165090947
3 0 2 1  0.0118667207
3 0 4 1  0.0001102641
3 0 6 1  -0.0076221276
3 1 1 1  -0.0165090947
3 1 3 1  0.0118667207
3 1 5 1  0.0001102641
3 1 7 1  -0.0076221276
3 2 0 1  0.0118667207
3 2 2 1  0.0444008552
3 2 4 1  -0.0002190565
3 2 6 1  0.0110645087
3 3 1 1  0.0118667207
3 3 3 1  0.0444008552
3 3 5 1  -0.0002190565
3 3 7 1  0.0110645087
3 4 0 1  0.0001102641
3 4 2 1  -0.0002190565
3 4 4 1  -0.0100609820
3 4 6 1  0.0003140406
3 5 1 1  0.0001102641
3 5 3 1  -0.0002190565
3 5 5 1  -0.0100609820
3 5 7 1  0.0003140406
3 6 0 1  -0.0076221276
3 6 2 1  0.0110645087
3 6 4 1  0.0003140406
3 6 6 1  -0.0160231966
3 7 1 1  -0.0076221276
3 7 3 1  0.0110645087
3 7 5 1  0.0003140406
3 7 7 1  -0.0160231966
3 8 8 1  -0.0196844226
3 9 9 1  -0.0196844226
3 10 10 1  -0.0196844226
3 11 11 1  -0.0196844226
3 0 0 3  0.1015711091
3 0 2 3  0.0444008552
3 0 4 3  -0.0100609820
3 0 6 3  -0.0085585885
3 1 1 3  0.1015711091
3 1 3 3  0.0444008552
3 1 5 3  -0.0100609820
3 1 7 3  -0.0085585885
3 2 0 3  0.0444008552
3 2 2 3  0.3594896275
3 2 4 3  0.0002040243
3 2 6 3  0.0458260101
3 3 1 3  0.0444008552
3 3 3 3  0.3594896275
3 3 5 3  0.0002040243
3 3 7 3  0.0458260101
3 4 0 3  -0.0100609820
3 4 2 3  0.0002040243
3 4 4 3  0.0517761563
3 4 6 3  0.0100307539
3 5 1 3  -0.0100609820
3 5 3 3  0.0002040243
3 5 5 3  0.0517761563
3 5 7 3  0.0100307539
3 6 0 3  -0.0085585885
3 6 2 3  0.0458260101
3 6 4 3  0.0100307539
3 6 6 3  0.1087856678
3 7 1 3  -0.0085585885
3 7 3 3  0.0458260101
3 7 5 3  0.0100307539
3 7 7 3  0.1087856678
3 8 8 3  0.0932663672
3 9 9 3  0.0932663672
3 10 10 3  0.0932663672
3 11 11 3  0.0932663672
3 0 0 5  0.0009573411
3 0 2 5  -0.0002190565
3 0 4 5  -0.0002190565
3 1 1 5  0.0009573411
3 1 3 5  -0.0002190565
3 1 5 5  -0.0002190565
3 2 0 5  -0.0002190565
3 2 2 5  0.0002040243
3 2 4 5  0.0000723004
3 2 6 5  0.0000533092
3 3 1 5  -0.0002190565
3 3 3 5  0.0002040243
3 3 5 5  0.0000723004
3 3 7 5  0.0000533092
3 4 0 5  -0.0002190565
3 4 2 5  0.0000723004
3 4 4 5  0.0002040243
3 4 6 5  -0.0000533092
3 5 1 5  -0.0002190565
3 5 3 5  0.0000723004
3 5 5 5  0.0002040243
3 5 7 5  -0.0000533092
3 6 2 5  0.0000533092
3 6 4 5  -0.0000533092
3 6 6 5  0.0005528616
3 7 3 5  0.0000533092
3 7 5 5  -0.0000533092
3 7 7 5  0.0005528616
3 8 8 5  0.0013888563
3 9 9 5  0.0013888563
3 10 10 5  0.0013888563
3 11 11 5  0.0013888563
3 0 0 7  -0.0140877677
3 0 2 7  0.0110645087
3 0 4 7  -0.0003140406
3 0 6 7  -0.0070652490
3 1 1 7  -0.0140877677
3 1 3 7  0.0110645087
3 1 5 7  -0.0003140406
3 1 7 7  -0.0070652490
3 2 0 7  0.0110645087
3 2 2 7  0.0458260101
3 2 4 7  0.0000533092
3 2 6 7  0.0119384286
3 3 1 7  0.0110645087
3 3 3 7  0.0458260101
3 3 5 7  0.0000533092
3 3 7 7  0.0119384286
3 4 0 7  -0.0003140406
3 4 2 7  0.0000533092
3 4 4 7  -0.0100307539
3 4 6 7  0.0002191332
3 5 1 7  -0.0003140406
3 5 3 7  0.0000533092
3 5 5 7  -0.0100307539
3 5 7 7  0.0002191332
3 6 0 7  -0.0070652490
3 6 2 7  0.0119384286
3 6 4 7  0.0002191332
3 6 6 7  -0.0160789167
3 7 1 7  -0.0070652490
3 7 3 7  0.0119384286
3 7 5 7  0.0002191332
3 7 7 7  -0.0160789167
3 8 8 7  -0.0154237821
3 9 9 7  -0.0154237821
3 10 10 7  -0.0154237821
3 11 11 7  -0.0154237821
3 0 8 9  -0.0076098957
3 1 9 9  -0.0076098957
3 2 8 9  0.0016597154
3 3 9 9  0.0016597154
3 4 8 9  0.0012079517
3 5 9 9  0.0012079517
3 6 8 9  -0.0015851155
3 7 9 9  -0.0015851155
3 8 0 9  -0.0076098957
3 8 2 9  0.0016597154
3 8 4 9  0.0012079517
3 8 6 9  -0.0015851155
3 9 1 9  -0.0076098957
3 9 3 9  0.0016597154
3 9 5 9  0.0012079517
3 9 7 9  -0.0015851155
3 0 10 11  -0.0076098957
3 1 11 11  -0.0076098957
3 2 10 11  0.0016597154
3 3 11 11  0.0016597154
3 4 10 11  0.0012079517
3 5 11 11  0.0012079517
3 6 10 11  -0.0015851155
3 7 11 11  -0.0015851155
3 10 0 11  -0.0076098957
3 10 2 11  0.0016597154
3 10 4 11  0.0012079517
3 10 6 11  -0.0015851155
3 11 1 11  -0.0076098957
3 11 3 11  0.0016597154
3 11 5 11  0.0012079517
3 11 7 11  -0.0015851155
4 0 0 0  -0.0165090947
4 0 2 0  0.0001102641
4 0 4 0  0.0118667207
4 0 6 0  0.0076221276
4 1 1 0  -0.0165090947
4 1 3 0  0.0001102641
4 1 5 0  0.0118667207
4 1 7 0  0.0076221276
4 2 0 0  0.0001102641
4 2 2 0  -0.0100609820
4 2 4 0  -0.0002190565
4 2 6 0  -0.0003140406
4 3 1 0  0.0001102641
4 3 3 0  -0.0100609820
4 3 5 0  -0.0002190565
4 3 7 0  -0.0003140406
4 4 0 0  0.0118667207
4 4 2 0  -0.0002190565
4 4 4 0  0.0444008552
4 4 6 0  -0.0110645087
4 5 1 0  0.0118667207
4 5 3 0  -0.0002190565
4 5 5 0  0.0444008552
4 5 7 0  -0.0110645087
4 6 0 0  0.0076221276
4 6 2 0  -0.0003140406
4 6 4 0  -0.0110645087
4 6 6 0  -0.0160231966
4 7 1 0  0.0076221276
4 7 3 0  -0.0003140406
4 7 5 0  -0.0110645087
4 7 7 0  -0.0160231966
4 8 8 0  -0.0196844226
4 9 9 0  -0.0196844226
4 10 10 0  -0.0196844226
4 11 11 0  -0.0196844226
4 0 0 2  0.0009573411
4 0 2 2  -0.0002190565
4 0 4 2  -0.0002190565
4 1 1 2  0.0009573411
4 1 3 2  -0.0002190565
4 1 5 2  -0.0002190565
4 2 0 2  -0.0002190565
4 2 2 2  0.0002040243
4 2 4 2  0.0000723004
4 2 6 2  0.0000533092
4 3 1 2  -0.0002190565
4 3 3 2  0.0002040243
4 3 5 2  0.0000723004
4 3 7 2  0.0000533092
4 4 0 2  -0.0002190565
4 4 2 2  0.0000723004
4 4 4 2  0.0002040243
4 4 6 2  -0.0000533092
4 5 1 2  -0.0002190565
4 5 3 2  0.0000723004
4 5 5 2  0.0002040243
4 5 7 2  -0.0000533092
4 6 2 2  0.0000533092
4 6 4 2  -0.0000533092
4 6 6 2  0.0005528616
4 7 3 2  0.0000533092
4 7 5 2  -0.0000533092
4 7 7 2  0.0005528616
4 8 8 2  0.0013888563
4 9 9 2  0.0013888563
4 10 10 2  0.0013888563
4 11 11 2  0.0013888563
4 0 0 4  0.1015711091
4 0 2 4  -0.0100609820
4 0 4 4  0.0444008552
4 0 6 4  0.0085585885
4 1 1 4  0.1015711091
4 1 3 4  -0.0100609820
4 1 5 4  0.0444008552
4 1 7 4  0.0085585885
4 2 0 4  -0.0100609820
4 2 2 4  0.0517761563
4 2 4 4  0.0002040243
4 2 6 4  -0.0100307539
4 3 1 4  -0.0100609820
4 3 3 4  0.0517761563
4 3 5 4  0.0002040243
4 3 7 4  -0.0100307539
4 4 0 4  0.0444008552
4 4 2 4  0.0002040243
4 4 4 4  0.3594896275
4 4 6 4  -0.0458260101
4 5 1 4  0.0444008552
4 5 3 4  0.0002040243
4 5 5 4  0.3594896275
4 5 7 4  -0.0458260101
4 6 0 4  0.0085585885
4 6 2 4  -0.0100307539
4 6 4 4  -0.0458260101
4 6 6 4  0.1087856678
4 7 1 4  0.0085585885
4 7 3 4  -0.0100307539
4 7 5 4  -0.0458260101
4 7 7 4  0.1087856678
4 8 8 4  0.0932663672
4 9 9 4  0.0932663672
4 10 10 4  0.0932663672
4 11 11 4  0.0932663672
4 0 0 6  0.0140877677
4 0 2 6  0.0003140406
4 0 4 6  -0.0110645087
4 0 6 6  -0.0070652490
4 1 1 6  0.0140877677
4 1 3 6  0.0003140406
4 1 5 6  -0.0110645087
4 1 7 6  -0.0070652490
4 2 0 6  0.0003140406
4 2 2 6  0.0100307539
4 2 4 6  -0.0000533092
4 2 6 6  0.0002191332
4 3 1 6  0.0003140406
4 3 3 6  0.0100307539
4 3 5 6  -0.0000533092
4 3 7 6  0.0002191332
4 4 0 6  -0.0110645087
4 4 2 6  -0.0000533092
4 4 4 6  -0.0458260101
4 4 6 6  0.0119384286
4 5 1 6  -0.0110645087
4 5 3 6  -0.0000533092
4 5 5 6  -0.0458260101
4 5 7 6  0.0119384286
4 6 0 6  -0.0070652490
4 6 2 6  0.0002191332
4 6 4 6  0.0119384286
4 6 6 6  0.0160789167
4 7 1 6  -0.0070652490
4 7 3 6  0.0002191332
4 7 5 6  0.0119384286
4 7 7 6  0.0160789167
4 8 8 6  0.0154237821
4 9 9 6  0.0154237821
4 10 10 6  0.0154237821
4 11 11 6  0.0154237821
4 0 8 8  -0.0076098957
4 1 9 8  -0.0076098957
4 2 8 8  0.0012079517
4 3 9 8  0.0012079517
4 4 8 8  0.0016597154
4 5 9 8  0.0016597154
4 6 8 8  0.0015851155
4 7 9 8  0.0015851155
4 8 0 8  -0.0076098957
4 8 2 8  0.0012079517
4 8 4 8  0.0016597154
4 8 6 8  0.0015851155
4 9 1 8  -0.0076098957
4 9 3 8  0.0012079517
4 9 5 8  0.0016597154
4 9 7 8  0.0015851155
4 0 10 10  -0.0076098957
4 1 11 10  -0.0076098957
4 2 10 10  0.0012079517
4 3 11 10  0.0012079517
4 4 10 10  0.0016597154
4 5 11 10  0.0016597154
4 6 10 10  0.0015851155
4 7 11 10  0.0015851155
4 10 0 10  -0.0076098957
4 10 2 10  0.0012079517
4 10 4 10  0.0016597154
4 10 6 10  0.0015851155
4 11 1 10  -0.0076098957
4 11 3 10  0.0012079517
4 11 5 10  0.0016597154
4 11 7 10  0.0015851155
5 0 0 1  -0.0165090947
5 0 2 1  0.0001102641
5 0 4 1  0.0118667207
5 0 6 1  0.0076221276
5 1 1 1  -0.0165090947
5 1 3 1  0.0001102641
5 1 5 1  0.0118667207
5 1 7 1  0.0076221276
5 2 0 1  0.0001102641
5 2 2 1  -0.0100609820
5 2 4 1  -0.0002190565
5 2 6 1  -0.0003140406
5 3 1 1  0.0001102641
5 3 3 1  -0.0100609820
5 3 5 1  -0.0002190565
5 3 7 1  -0.0003140406
5 4 0 1  0.0118667207
5 4 2 1  -0.0002190565
5 4 4 1  0.0444008552
5 4 6 1  -0.0110645087
5 5 1 1  0.0118667207
5 5 3 1  -0.0002190565
5 5 5 1  0.0444008552
5 5 7 1  -0.0110645087
5 6 0 1  0.0076221276
5 6 2 1  -0.0003140406
5 6 4 1  -0.0110645087
5 6 6 1  -0.0160231966
5 7 1 1  0.0076221276
5 7 3 1  -0.0003140406
5 7 5 1  -0.0110645087
5 7 7 1  -0.0160231966
5 8 8 1  -0.0196844226
5 9 9 1  -0.0196844226
5 10 10 1  -0.0196844226
5 11 11 1  -0.0196844226
5 0 0 3  0.0009573411
5 0 2 3  -0.0002190565
5 0 4 3  -0.0002190565
5 1 1 3  0.0009573411
5 1 3 3  -0.0002190565
5 1 5 3  -0.0002190565
5 2 0 3  -0.0002190565
5 2 2 3  0.0002040243
5 2 4 3  0.0000723004
5 2 6 3  0.0000533092
5 3 1 3  -0.0002190565
5 3 3 3  0.0002040243
5 3 5 3  0.0000723004
5 3 7 3  0.0000533092
5 4 0 3  -0.0002190565
5 4 2 3  0.0000723004
5 4 4 3  0.0002040243
5 4 6 3  -0.0000533092
5 5 1 3  -0.0002190565
5 5 3 3  0.0000723004
5 5 5 3  0.0002040243
5 5 7 3  -0.0000533092
5 6 2 3  0.0000533092
5 6 4 3  -0.0000533092
5 6 6 3  0.0005528616
5 7 3 3  0.0000533092
5 7 5 3  -0.0000533092
5 7 7 3  0.0005528616
5 8 8 3  0.0013888563
5 9 9 3  0.0013888563
5 10 10 3  0.0013888563
5 11 11 3  0.0013888563
5 0 0 5  0.1015711091
5 0 2 5  -0.0100609820
5 0 4 5  0.0444008552
5 0 6 5  0.0085585885
5 1 1 5  0.1015711091
5 1 3 5  -0.0100609820
5 1 5 5  0.0444008552
5 1 7 5  0.0085585885
5 2 0 5  -0.0100609820
5 2 2 5  0.0517761563
5 2 4 5  0.0002040243
5 2 6 5  -0.0100307539
5 3 1 5  -0.0100609820
5 3 3 5  0.0517761563
5 3 5 5  0.0002040243
5 3 7 5  -0.0100307539
5 4 0 5  0.0444008552
5 4 2 5  0.0002040243
5 4 4 5  0.3594896275
5 4 6 5  -0.0458260101
5 5 1 5  0.0444008552
5 5 3 5  0.0002040243
5 5 5 5  0.3594896275
5 5 7 5  -0.0458260101
5 6 0 5  0.0085585885
5 6 2 5  -0.0100307539
5 6 4 5  -0.0458260101
5 6 6 5  0.1087856678
5 7 1 5  0.0085585885
5 7 3 5  -0.0100307539
5 7 5 5  -0.0458260101
5 7 7 5  0.1087856678
5 8 8 5  0.0932663672
5 9 9 5  0.0932663672
5 10 10 5  0.0932663672
5 11 11 5  0.0932663672
5 0 0 7  0.0140877677
5 0 2 7  0.0003140406
5 0 4 7  -0.0110645087
5 0 6 7  -0.0070652490
5 1 1 7  0.0140877677
5 1 3 7  0.0003140406
5 1 5 7  -0.0110645087
5 1 7 7  -0.0070652490
5 2 0 7  0.0003140406
5 2 2 7  0.0100307539
5 2 4 7  -0.0000533092
5 2 6 7  0.0002191332
5 3 1 7  0.0003140406
5 3 3 7  0.0100307539
5 3 5 7  -0.0000533092
5 3 7 7  0.0002191332
5 4 0 7  -0.0110645087
5 4 2 7  -0.0000533092
5 4 4 7  -0.0458260101
5 4 6 7  0.0119384286
5 5 1 7  -0.0110645087
5 5 3 7  -0.0000533092
5 5 5 7  -0.0458260101
5 5 7 7  0.0119384286
5 6 0 7  -0.0070652490
5 6 2 7  0.0002191332
5 6 4 7  0.0119384286
5 6 6 7  0.0160789167
5 7 1 7  -0.0070652490
5 7 3 7  0.0002191332
5 7 5 7  0.0119384286
5 7 7 7  0.0160789167
5 8 8 7  0.0154237821
5 9 9 7  0.0154237821
5 10 10 7  0.0154237821
5 11 11 7  0.0154237821
5 0 8 9  -0.0076098957
5 1 9 9  -0.0076098957
5 2 8 9  0.0012079517
5 3 9 9  0.0012079517
5 4 8 9  0.0016597154
5 5 9 9  0.0016597154
5 6 8 9  0.0015851155
5 7 9 9  0.0015851155
5 8 0 9  -0.0076098957
5 8 2 9  0.0012079517
5 8 4 9  0.0016597154
5 8 6 9  0.0015851155
5 9 1 9  -0.0076098957
5 9 3 9  0.0012079517
5 9 5 9  0.0016597154
5 9 7 9  0.0015851155
5 0 10 11  -0.0076098957
5 1 11 11  -0.0076098957
5 2 10 11  0.0012079517
5 3 11 11  0.0012079517
5 4 10 11  0.0016597154
5 5 11 11  0.0016597154
5 6 10 11  0.0015851155
5 7 11 11  0.0015851155
5 10 0 11  -0.0076098957
5 10 2 11  0.0012079517
5 10 4 11  0.0016597154
5 10 6 11  0.0015851155
5 11 1 11  -0.0076098957
5 11 3 11  0.0012079517
5 11 5 11  0.0016597154
5 11 7 11  0.0015851155
6 0 2 0  -0.0076221276
6 0 4 0  0.0076221276
6 0 6 0  0.0387292843
6 1 3 0  -0.0076221276
6 1 5 0  0.0076221276
6 1 7 0  0.0387292843
6 2 0 0  -0.0076221276
6 2 2 0  -0.0085585885
6 2 6 0  -0.0070652490
6 3 1 0  -0.0076221276
6 3 3 0  -0.0085585885
6 3 7 0  -0.0070652490
6 4 0 0  0.0076221276
6 4 4 0  0.0085585885
6 4 6 0  -0.0070652490
6 5 1 0  0.0076221276
6 5 5 0  0.0085585885
6 5 7 0  -0.0070652490
6 6 0 0  0.0387292843
6 6 2 0  -0.0070652490
6 6 4 0  -0.0070652490
6 7 1 0  0.0387292843
6 7 3 0  -0.0070652490
6 7 5 0  -0.0070652490
6 0 0 2  -0.0140877677
6 0 2 2  0.0110645087
6 0 4 2  -0.0003140406
6 0 6 2  -0.0070652490
6 1 1 2  -0.0140877677
6 1 3 2  0.0110645087
6 1 5 2  -0.0003140406
6 1 7 2  -0.0070652490
6 2 0 2  0.0110645087
6 2 2 2  0.0458260101
6 2 4 2  0.0000533092
6 2 6 2  0.0119384286
6 3 1 2  0.0110645087
6 3 3 2  0.0458260101
6 3 5 2  0.0000533092
6 3 7 2  0.0119384286
6 4 0 2  -0.0003140406
6 4 2 2  0.0000533092
6 4 4 2  -0.0100307539
6 4 6 2  0.0002191332
6 5 1 2  -0.0003140406
6 5 3 2  0.0000533092
6 5 5 2  -0.0100307539
6 5 7 2  0.0002191332
6 6 0 2  -0.0070652490
6 6 2 2  0.0119384286
6 6 4 2  0.0002191332
6 6 6 2  -0.0160789167
6 7 1 2  -0.0070652490
6 7 3 2  0.0119384286
6 7 5 2  0.0002191332
6 7 7 2  -0.0160789167
6 8 8 2  -0.0154237821
6 9 9 2  -0.0154237821
6 10 10 2  -0.0154237821
6 11 11 2  -0.0154237821
6 0 0 4  0.0140877677
6 0 2 4  0.0003140406
6 0 4 4  -0.0110645087
6 0 6 4  -0.0070652490
6 1 1 4  0.0140877677
6 1 3 4  0.0003140406
6 1 5 4  -0.0110645087
6 1 7 4  -0.0070652490
6 2 0 4  0.0003140406
6 2 2 4  0.0100307539
6 2 4 4  -0.0000533092
6 2 6 4  0.0002191332
6 3 1 4  0.0003140406
6 3 3 4  0.0100307539
6 3 5 4  -0.0000533092
6 3 7 4  0.0002191332
6 4 0 4  -0.0110645087
6 4 2 4  -0.0000533092
6 4 4 4  -0.0458260101
6 4 6 4  0.0119384286
6 5 1 4  -0.0110645087
6 5 3 4  -0.0000533092
6 5 5 4  -0.0458260101
6 5 7 4  0.0119384286
6 6 0 4  -0.0070652490
6 6 2 4  0.0002191332
6 6 4 4  0.0119384286
6 6 6 4  0.0160789167
6 7 1 4  -0.0070652490
6 7 3 4  0.0002191332
6 7 5 4  0.0119384286
6 7 7 4  0.0160789167
6 8 8 4  0.0154237821
6 9 9 4  0.0154237821
6 10 10 4  0.0154237821
6 11 11 4  0.0154237821
6 0 0 6  0.1964828977
6 0 2 6  -0.0160231966
6 0 4 6  -0.0160231966
6 1 1 6  0.1964828977
6 1 3 6  -0.0160231966
6 1 5 6  -0.0160231966
6 2 0 6  -0.0160231966
6 2 2 6  0.1087856678
6 2 4 6  0.0005528616
6 2 6 6  -0.0160789167
6 3 1 6  -0.0160231966
6 3 3 6  0.1087856678
6 3 5 6  0.0005528616
6 3 7 6  -0.0160789167
6 4 0 6  -0.0160231966
6 4 2 6  0.0005528616
6 4 4 6  0.1087856678
6 4 6 6  0.0160789167
6 5 1 6  -0.0160231966
6 5 3 6  0.0005528616
6 5 5 6  0.1087856678
6 5 7 6  0.0160789167
6 6 2 6  -0.0160789167
6 6 4 6  0.0160789167
6 6 6 6  0.2181868267
6 7 3 6  -0.0160789167
6 7 5 6  0.0160789167
6 7 7 6  0.2181868267
6 8 8 6  0.1977565820
6 9 9 6  0.1977565820
6 10 10 6  0.1977565820
6 11 11 6  0.1977565820
6 2 8 8  -0.0015851155
6 3 9 8  -0.0015851155
6 4 8 8  0.0015851155
6 5 9 8  0.0015851155
6 6 8 8  0.0118732475
6 7 9 8  0.0118732475
6 8 2 8  -0.0015851155
6 8 4 8  0.0015851155
6 8 6 8  0.0118732475
6 9 3 8  -0.0015851155
6 9 5 8  0.0015851155
6 9 7 8  0.0118732475
6 2 10 10  -0.0015851155
6 3 11 10  -0.0015851155
6 4 10 10  0.0015851155
6 5 11 10  0.0015851155
6 6 10 10  0.0118732475
6 7 11 10  0.0118732475
6 10 2 10  -0.0015851155
6 10 4 10  0.0015851155
6 10 6 10  0.0118732475
6 11 3 10  -0.0015851155
6 11 5 10  0.0015851155
6 11 7 10  0.0118732475
7 0 2 1  -0.0076221276
7 0 4 1  0.0076221276
7 0 6 1  0.0387292843
7 1 3 1  -0.0076221276
7 1 5 1  0.0076221276
7 1 7 1  0.0387292843
7 2 0 1  -0.0076221276
7 2 2 1  -0.0085585885
7 2 6 1  -0.0070652490
7 3 1 1  -0.0076221276
7 3 3 1  -0.0085585885
7 3 7 1  -0.0070652490
7 4 0 1  0.0076221276
7 4 4 1  0.0085585885
7 4 6 1  -0.0070652490
7 5 1 1  0.0076221276
7 5 5 1  0.0085585885
7 5 7 1  -0.0070652490
7 6 0 1  0.0387292843
7 6 2 1  -0.0070652490
7 6 4 1  -0.0070652490
7 7 1 1  0.0387292843
7 7 3 1  -0.0070652490
7 7 5 1  -0.0070652490
7 0 0 3  -0.0140877677
7 0 2 3  0.0110645087
7 0 4 3  -0.0003140406
7 0 6 3  -0.0070652490
7 1 1 3  -0.0140877677
7 1 3 3  0.0110645087
7 1 5 3  -0.0003140406
7 1 7 3  -0.0070652490
7 2 0 3  0.0110645087
7 2 2 3  0.0458260101
7 2 4 3  0.0000533092
7 2 6 3  0.0119384286
7 3 1 3  0.0110645087
7 3 3 3  0.0458260101
7 3 5 3  0.0000533092
7 3 7 3  0.0119384286
7 4 0 3  -0.0003140406
7 4 2 3  0.0000533092
7 4 4 3  -0.0100307539
7 4 6 3  0.0002191332
7 5 1 3  -0.0003140406
7 5 3 3  0.0000533092
7 5 5 3  -0.0100307539
7 5 7 3  0.0002191332
7 6 0 3  -0.0070652490
7 6 2 3  0.0119384286
7 6 4 3  0.0002191332
7 6 6 3  -0.0160789167
7 7 1 3  -0.0070652490
7 7 3 3  0.0119384286
7 7 5 3  0.0002191332
7 7 7 3  -0.0160789167
7 8 8 3  -0.0154237821
7 9 9 3  -0.0154237821
7 10 10 3  -0.0154237821
7 11 11 3  -0.0154237821
7 0 0 5  0.0140877677
7 0 2 5  0.0003140406
7 0 4 5  -0.0110645087
7 0 6 5  -0.0070652490
7 1 1 5  0.0140877677
7 1 3 5  0.0003140406
7 1 5 5  -0.0110645087
7 1 7 5  -0.0070652490
7 2 0 5  0.0003140406
7 2 2 5  0.0100307539
7 2 4 5  -0.0000533092
7 2 6 5  0.0002191332
7 3 1 5  0.0003140406
7 3 3 5  0.0100307539
7 3 5 5  -0.0000533092
7 3 7 5  0.0002191332
7 4 0 5  -0.0110645087
7 4 2 5  -0.0000533092
7 4 4 5  -0.0458260101
7 4 6 5  0.0119384286
7 5 1 5  -0.0110645087
7 5 3 5  -0.0000533092
7 5 5 5  -0.0458260101
7 5 7 5  0.0119384286
7 6 0 5  -0.0070652490
7 6 2 5  0.0002191332
7 6 4 5  0.0119384286
7 6 6 5  0.0160789167
7 7 1 5  -0.0070652490
7 7 3 5  0.0002191332
7 7 5 5  0.0119384286
7 7 7 5  0.0160789167
7 8 8 5  0.0154237821
7 9 9 5  0.0154237821
7 10 10 5  0.0154237821
7 11 11 5  0.0154237821
7 0 0 7  0.1964828977
7 0 2 7  -0.0160231966
7 0 4 7  -0.0160231966
7 1 1 7  0.1964828977
7 1 3 7  -0.0160231966
7 1 5 7  -0.0160231966
7 2 0 7  -0.0160231966
7 2 2 7  0.1087856678
7 2 4 7  0.0005528616
7 2 6 7  -0.0160789167
7 3 1 7  -0.0160231966
7 3 3 7  0.1087856678
7 3 5 7  0.0005528616
7 3 7 7  -0.0160789167
7 4 0 7  -0.0160231966
7 4 2 7  0.0005528616
7 4 4 7  0.1087856678
7 4 6 7  0.0160789167
7 5 1 7  -0.0160231966
7 5 3 7  0.0005528616
7 5 5 7  0.1087856678
7 5 7 7  0.0160789167
7 6 2 7  -0.0160789167
7 6 4 7  0.0160789167
7 6 6 7  0.2181868267
7 7 3 7  -0.0160789167
7 7 5 7  0.0160789167
7 7 7 7  0.2181868267
7 8 8 7  0.1977565820
7 9 9 7  0.1977565820
7 10 10 7  0.1977565820
7 11 11 7  0.1977565820
7 2 8 9  -0.0015851155
7 3 9 9  -0.0015851155
7 4 8 9  0.0015851155
7 5 9 9  0.0015851155
7 6 8 9  0.0118732475
7 7 9 9  0.0118732475
7 8 2 9  -0.0015851155
7 8 4 9  0.0015851155
7 8 6 9  0.0118732475
7 9 3 9  -0.0015851155
7 9 5 9  0.0015851155
7 9 7 9  0.0118732475
7 2 10 11  -0.0015851155
7 3 11 11  -0.0015851155
7 4 10 11  0.0015851155
7 5 11 11  0.0015851155
7 6 10 11  0.0118732475
7 7 11 11  0.0118732475
7 10 2 11  -0.0015851155
7 10 4 11  0.0015851155
7 10 6 11  0.0118732475
7 11 3 11  -0.0015851155
7 11 5 11  0.0015851155
7 11 7 11  0.0118732475
8 0 8 0  0.0408898772
8 1 9 0  0.0408898772
8 2 8 0  -0.0076098957
8 3 9 0  -0.0076098957
8 4 8 0  -0.0076098957
8 5 9 0  -0.0076098957
8 8 0 0  0.0408898772
8 8 2 0  -0.0076098957
8 8 4 0  -0.0076098957
8 9 1 0  0.0408898772
8 9 3 0  -0.0076098957
8 9 5 0  -0.0076098957
8 0 8 2  -0.0076098957
8 1 9 2  -0.0076098957
8 2 8 2  0.0016597154
8 3 9 2  0.0016597154
8 4 8 2  0.0012079517
8 5 9 2  0.0012079517
8 6 8 2  -0.0015851155
8 7 9 2  -0.0015851155
8 8 0 2  -0.0076098957
8 8 2 2  0.0016597154
8 8 4 2  0.0012079517
8 8 6 2  -0.0015851155
8 9 1 2  -0.0076098957
8 9 3 2  0.0016597154
8 9 5 2  0.0012079517
8 9 7 2  -0.0015851155
8 0 8 4  -0.0076098957
8 1 9 4  -0.0076098957
8 2 8 4  0.0012079517
8 3 9 4  0.0012079517
8 4 8 4  0.0016597154
8 5 9 4  0.0016597154
8 6 8 4  0.0015851155
8 7 9 4  0.0015851155
8 8 0 4  -0.0076098957
8 8 2 4  0.0012079517
8 8 4 4  0.0016597154
8 8 6 4  0.0015851155
8 9 1 4  -0.0076098957
8 9 3 4  0.0012079517
8 9 5 4  0.0016597154
8 9 7 4  0.0015851155
8 2 8 6  -0.0015851155
8 3 9 6  -0.0015851155
8 4 8 6  0.0015851155
8 5 9 6  0.0015851155
8 6 8 6  0.0118732475
8 7 9 6  0.0118732475
8 8 2 6  -0.0015851155
8 8 4 6  0.0015851155
8 8 6 6  0.0118732475
8 9 3 6  -0.0015851155
8 9 5 6  0.0015851155
8 9 7 6  0.0118732475
8 0 0 8  0.1983324783
8 0 2 8  -0.0196844226
8 0 4 8  -0.0196844226
8 1 1 8  0.1983324783
8 1 3 8  -0.0196844226
8 1 5 8  -0.0196844226
8 2 0 8  -0.0196844226
8 2 2 8  0.0932663672
8 2 4 8  0.0013888563
8 2 6 8  -0.0154237821
8 3 1 8  -0.0196844226
8 3 3 8  0.0932663672
8 3 5 8  0.0013888563
8 3 7 8  -0.0154237821
8 4 0 8  -0.0196844226
8 4 2 8  0.0013888563
8 4 4 8  0.0932663672
8 4 6 8  0.0154237821
8 5 1 8  -0.0196844226
8 5 3 8  0.0013888563
8 5 5 8  0.0932663672
8 5 7 8  0.0154237821
8 6 2 8  -0.0154237821
8 6 4 8  0.0154237821
8 6 6 8  0.1977565820
8 7 3 8  -0.0154237821
8 7 5 8  0.0154237821
8 7 7 8  0.1977565820
8 8 8 8  0.2249295453
8 9 9 8  0.2249295453
8 10 10 8  0.2006801628
8 11 11 8  0.2006801628
8 8 10 10  0.0121246915
8 9 11 10  0.0121246915
8 10 8 10  0.0121246915
8 11 9 10  0.0121246915
9 0 8 1  0.0408898772
9 1 9 1  0.0408898772
9 2 8 1  -0.0076098957
9 3 9 1  -0.0076098957
9 4 8 1  -0.0076098957
9 5 9 1  -0.0076098957
9 8 0 1  0.0408898772
9 8 2 1  -0.0076098957
9 8 4 1  -0.0076098957
9 9 1 1  0.0408898772
9 9 3 1  -0.0076098957
9 9 5 1  -0.0076098957
9 0 8 3  -0.0076098957
9 1 9 3  -0.0076098957
9 2 8 3  0.0016597154
9 3 9 3  0.0016597154
9 4 8 3  0.0012079517
9 5 9 3  0.0012079517
9 6 8 3  -0.0015851155
9 7 9 3  -0.0015851155
9 8 0 3  -0.0076098957
9 8 2 3  0.0016597154
9 8 4 3  0.0012079517
9 8 6 3  -0.0015851155
9 9 1 3  -0.0076098957
9 9 3 3  0.0016597154
9 9 5 3  0.0012079517
9 9 7 3  -0.0015851155
9 0 8 5  -0.0076098957
9 1 9 5  -0.0076098957
9 2 8 5  0.0012079517
9 3 9 5  0.0012079517
9 4 8 5  0.0016597154
9 5 9 5  0.0016597154
9 6 8 5  0.0015851155
9 7 9 5  0.0015851155
9 8 0 5  -0.0076098957
9 8 2 5  0.0012079517
9 8 4 5  0.0016597154
9 8 6 5  0.0015851155
9 9 1 5  -0.0076098957
9 9 3 5  0.0012079517
9 9 5 5  0.0016597154
9 9 7 5  0.0015851155
9 2 8 7  -0.0015851155
9 3 9 7  -0.0015851155
9 4 8 7  0.0015851155
9 5 9 7  0.0015851155
9 6 8 7  0.0118732475
9 7 9 7  0.0118732475
9 8 2 7  -0.0015851155
9 8 4 7  0.0015851155
9 8 6 7  0.0118732475
9 9 3 7  -0.0015851155
9 9 5 7  0.0015851155
9 9 7 7  0.0118732475
9 0 0 9  0.1983324783
9 0 2 9  -0.0196844226
9 0 4 9  -0.0196844226
9 1 1 9  0.1983324783
9 1 3 9  -0.0196844226
9 1 5 9  -0.0196844226
9 2 0 9  -0.0196844226
9 2 2 9  0.0932663672
9 2 4 9  0.0013888563
9 2 6 9  -0.0154237821
9 3 1 9  -0.0196844226
9 3 3 9  0.0932663672
9 3 5 9  0.0013888563
9 3 7 9  -0.0154237821
9 4 0 9  -0.0196844226
9 4 2 9  0.0013888563
9 4 4 9  0.0932663672
9 4 6 9  0.0154237821
9 5 1 9  -0.0196844226
9 5 3 9  0.0013888563
9 5 5 9  0.0932663672
9 5 7 9  0.0154237821
9 6 2 9  -0.0154237821
9 6 4 9  0.0154237821
9 6 6 9  0.1977565820
9 7 3 9  -0.0154237821
9 7 5 9  0.0154237821
9 7 7 9  0.1977565820
9 8 8 9  0.2249295453
9 9 9 9  0.2249295453
9 10 10 9  0.2006801628
9 11 11 9  0.2006801628
9 8 10 11  0.0121246915
9 9 11 11  0.0121246915
9 10 8 11  0.0121246915
9 11 9 11  0.0121246915
10 0 10 0  0.0408898772
10 1 11 0  0.0408898772
10 2 10 0  -0.0076098957
10 3 11 0  -0.0076098957
10 4 10 0  -0.0076098957
10 5 11 0  -0.0076098957
10 10 0 0  0.0408898772
10 10 2 0  -0.0076098957
10 10 4 0  -0.0076098957
10 11 1 0  0.0408898772
10 11 3 0  -0.0076098957
10 11 5 0  -0.0076098957
10 0 10 2  -0.0076098957
10 1 11 2  -0.0076098957
10 2 10 2  0.0016597154
10 3 11 2  0.0016597154
10 4 10 2  0.0012079517
10 5 11 2  0.0012079517
10 6 10 2  -0.0015851155
10 7 11 2  -0.0015851155
10 10 0 2  -0.0076098957
10 10 2 2  0.0016597154
10 10 4 2  0.0012079517
10 10 6 2  -0.0015851155
10 11 1 2  -0.0076098957
10 11 3 2  0.0016597154
10 11 5 2  0.0012079517
10 11 7 2  -0.0015851155
10 0 10 4  -0.0076098957
10 1 11 4  -0.0076098957
10 2 10 4  0.0012079517
10 3 11 4  0.0012079517
10 4 10 4  0.0016597154
10 5 11 4  0.0016597154
10 6 10 4  0.0015851155
10 7 11 4  0.0015851155
10 10 0 4  -0.0076098957
10 10 2 4  0.0012079517
10 10 4 4  0.0016597154
10 10 6 4  0.0015851155
10 11 1 4  -0.0076098957
10 11 3 4  0.0012079517
10 11 5 4  0.0016597154
10 11 7 4  0.0015851155
10 2 10 6  -0.0015851155
10 3 11 6  -0.0015851155
10 4 10 6  0.0015851155
10 5 11 6  0.0015851155
10 6 10 6  0.0118732475
10 7 11 6  0.0118732475
10 10 2 6  -0.0015851155
10 10 4 6  0.0015851155
10 10 6 6  0.0118732475
10 11 3 6  -0.0015851155
10 11 5 6  0.0015851155
10 11 7 6  0.0118732475
10 8 10 8  0.0121246915
10 9 11 8  0.0121246915
10 10 8 8  0.0121246915
10 11 9 8  0.0121246915
10 0 0 10  0.1983324783
10 0 2 10  -0.0196844226
10 0 4 10  -0.0196844226
10 1 1 10  0.1983324783
10 1 3 10  -0.0196844226
10 1 5 10  -0.0196844226
10 2 0 10  -0.0196844226
10 2 2 10  0.0932663672
10 2 4 10  0.0013888563
10 2 6 10  -0.0154237821
10 3 1 10  -0.0196844226
10 3 3 10  0.0932663672
10 3 5 10  0.0013888563
10 3 7 10  -0.0154237821
10 4 0 10  -0.0196844226
10 4 2 10  0.0013888563
10 4 4 10  0.0932663672
10 4 6 10  0.0154237821
10 5 1 10  -0.0196844226
10 5 3 10  0.0013888563
10 5 5 10  0.0932663672
10 5 7 10  0.0154237821
10 6 2 10  -0.0154237821
10 6 4 10  0.0154237821
10 6 6 10  0.1977565820
10 7 3 10  -0.0154237821
10 7 5 10  0.0154237821
10 7 7 10  0.1977565820
10 8 8 10  0.2006801628
10 9 9 10  0.2006801628
10 10 10 10  0.2249295453
10 11 11 10  0.2249295453
11 0 10 1  0.0408898772
11 1 11 1  0.0408898772
11 2 10 1  -0.0076098957
11 3 11 1  -0.0076098957
11 4 10 1  -0.0076098957
11 5 11 1  -0.0076098957
11 10 0 1  0.0408898772
11 10 2 1  -0.0076098957
11 10 4 1  -0.0076098957
11 11 1 1  0.0408898772
11 11 3 1  -0.0076098957
11 11 5 1  -0.0076098957
11 0 10 3  -0.0076098957
11 1 11 3  -0.0076098957
11 2 10 3  0.0016597154
11 3 11 3  0.0016597154
11 4 10 3  0.0012079517
11 5 11 3  0.0012079517
11 6 10 3  -0.0015851155
11 7 11 3  -0.0015851155
11 10 0 3  -0.0076098957
11 10 2 3  0.0016597154
11 10 4 3  0.0012079517
11 10 6 3  -0.0015851155
11 11 1 3  -0.0076098957
11 11 3 3  0.0016597154
11 11 5 3  0.0012079517
11 11 7 3  -0.0015851155
11 0 10 5  -0.0076098957
11 1 11 5  -0.0076098957
11 2 10 5  0.0012079517
11 3 11 5  0.0012079517
11 4 10 5  0.0016597154
11 5 11 5  0.0016597154
11 6 10 5  0.0015851155
11 7 11 5  0.0015851155
11 10 0 5  -0.0076098957
11 10 2 5  0.0012079517
11 10 4 5  0.0016597154
11 10 6 5  0.0015851155
11 11 1 5  -0.0076098957
11 11 3 5  0.0012079517
11 11 5 5  0.0016597154
11 11 7 5  0.0015851155
11 2 10 7  -0.0015851155
11 3 11 7  -0.0015851155
11 4 10 7  0.0015851155
11 5 11 7  0.0015851155
11 6 10 7  0.0118732475
11 7 11 7  0.0118732475
11 10 2 7  -0.0015851155
11 10 4 7  0.0015851155
11 10 6 7  0.0118732475
11 11 3 7  -0.0015851155
11 11 5 7  0.0015851155
11 11 7 7  0.0118732475
11 8 10 9  0.0121246915
11 9 11 9  0.0121246915
11 10 8 9  0.0121246915
11 11 9 9  0.0121246915
11 0 0 11  0.1983324783
11 0 2 11  -0.0196844226
11 0 4 11  -0.0196844226
11 1 1 11  0.1983324783
11 1 3 11  -0.0196844226
11 1 5 11  -0.0196844226
11 2 0 11  -0.0196844226
11 2 2 11  0.0932663672
11 2 4 11  0.0013888563
11 2 6 11  -0.0154237821
11 3 1 11  -0.0196844226
11 3 3 11  0.0932663672
11 3 5 11  0.0013888563
11 3 7 11  -0.0154237821
11 4 0 11  -0.0196844226
11 4 2 11  0.0013888563
11 4 4 11  0.0932663672
11 4 6 11  0.0154237821
11 5 1 11  -0.0196844226
11 5 3 11  0.0013888563
11 5 5 11  0.0932663672
11 5 7 11  0.0154237821
11 6 2 11  -0.0154237821
11 6 4 11  0.0154237821
11 6 6 11  0.1977565820
11 7 3 11  -0.0154237821
11 7 5 11  0.0154237821
11 7 7 11  0.1977565820
11 8 8 11  0.2006801628
11 9 9 11  0.2006801628
11 10 10 11  0.2249295453
11 11 11 11  0.2249295453
