-12.305922198985856
0 0  -1.2061734201
0 2  -0.0005835108
0 4  -0.0005835108
1 1  -1.2061734201
1 3  -0.0005835108
1 5  -0.0005835108
2 0  -0.0005835108
2 2  -1.0796447405
2 4  0.0927995576
2 6  -0.0326840611
3 1  -0.0005835108
3 3  -1.0796447405
3 5  0.0927995576
3 7  -0.0326840611
4 0  -0.0005835108
4 2  0.0927995576
4 4  -1.0796447405
4 6  0.0326840611
5 1  -0.0005835108
5 3  0.0927995576
5 5  -1.0796447405
5 7  0.0326840611
6 2  -0.0326840611
6 4  0.0326840611
6 6  -0.8755004402
7 3  -0.0326840611
7 5  0.0326840611
7 7  -0.8755004402
8 8  -0.9791305391
9 9  -0.9791305391
10 10  -0.9791305391
11 11  -0.9791305391
0 0 0 0  0.1679458823
0 0 2 0  -0.0063858841
0 0 4 0  -0.0063858841
0 1 1 0  0.1679458823
0 1 3 0  -0.0063858841
0 1 5 0  -0.0063858841
0 2 0 0  -0.0063858841
0 2 2 0  0.1636039811
0 2 4 0  0.0006250270
0 2 6 0  0.0083424273
0 3 1 0  -0.0063858841
0 3 3 0  0.1636039811
0 3 5 0  0.0006250270
0 3 7 0  0.0083424273
0 4 0 0  -0.0063858841
0 4 2 0  0.0006250270
0 4 4 0  0.1636039811
0 4 6 0  -0.0083424273
0 5 1 0  -0.0063858841
0 5 3 0  0.0006250270
0 5 5 0  0.1636039811
0 5 7 0  -0.0083424273
0 6 2 0  0.0083424273
0 6 4 0  -0.0083424273
0 6 6 0  0.1792880894
0 7 3 0  0.0083424273
0 7 5 0  -0.0083424273
0 7 7 0  0.1792880894
0 8 8 0  0.1731613319
0 9 9 0  0.1731613319
0 10 10 0  0.1731613319
0 11 11 0  0.1731613319
0 0 0 2  -0.0063858841
0 0 2 2  0.0539968842
0 0 4 2  -0.0095597663
0 0 6 2  -0.0032865258
0 1 1 2  -0.0063858841
0 1 3 2  0.0539968842
0 1 5 2  -0.0095597663
0 1 7 2  -0.0032865258
0 2 0 2  0.0539968842
0 2 2 2  0.0549532022
0 2 4 2  -0.0021916572
0 2 6 2  -0.0499404610
0 3 1 2  0.0539968842
0 3 3 2  0.0549532022
0 3 5 2  -0.0021916572
0 3 7 2  -0.0499404610
0 4 0 2  -0.0095597663
0 4 2 2  -0.0021916572
0 4 4 2  -0.0230134339
0 4 6 2  -0.0084248609
0 5 1 2  -0.0095597663
0 5 3 2  -0.0021916572
0 5 5 2  -0.0230134339
0 5 7 2  -0.0084248609
0 6 0 2  -0.0032865258
0 6 2 2  -0.0499404610
0 6 4 2  -0.0084248609
0 6 6 2  -0.0072346067
0 7 1 2  -0.0032865258
0 7 3 2  -0.0499404610
0 7 5 2  -0.0084248609
0 7 7 2  -0.0072346067
0 8 8 2  -0.0315626005
0 9 9 2  -0.0315626005
0 10 10 2  -0.0315626005
0 11 11 2  -0.0315626005
0 0 0 4  -0.0063858841
0 0 2 4  -0.0095597663
0 0 4 4  0.0539968842
0 0 6 4  0.0032865258
0 1 1 4  -0.0063858841
0 1 3 4  -0.0095597663
0 1 5 4  0.0539968842
0 1 7 4  0.0032865258
0 2 0 4  -0.0095597663
0 2 2 4  -0.0230134339
0 2 4 4  -0.0021916572
0 2 6 4  0.0084248609
0 3 1 4  -0.0095597663
0 3 3 4  -0.0230134339
0 3 5 4  -0.0021916572
0 3 7 4  0.0084248609
0 4 0 4  0.0539968842
0 4 2 4  -0.0021916572
0 4 4 4  0.0549532022
0 4 6 4  0.0499404610
0 5 1 4  0.0539968842
0 5 3 4  -0.0021916572
0 5 5 4  0.0549532022
0 5 7 4  0.0499404610
0 6 0 4  0.0032865258
0 6 2 4  0.0084248609
0 6 4 4  0.0499404610
0 6 6 4  -0.0072346067
0 7 1 4  0.0032865258
0 7 3 4  0.0084248609
0 7 5 4  0.0499404610
0 7 7 4  -0.0072346067
0 8 8 4  -0.0315626005
0 9 9 4  -0.0315626005
0 10 10 4  -0.0315626005
0 11 11 4  -0.0315626005
0 0 2 6  -0.0032865258
0 0 4 6  0.0032865258
0 0 6 6  0.0261980078
0 1 3 6  -0.0032865258
0 1 5 6  0.0032865258
0 1 7 6  0.0261980078
0 2 0 6  -0.0032865258
0 2 2 6  -0.0275211819
0 2 6 6  0.0047191751
0 3 1 6  -0.0032865258
0 3 3 6  -0.0275211819
0 3 7 6  0.0047191751
0 4 0 6  0.0032865258
0 4 4 6  0.0275211819
0 4 6 6  0.0047191751
0 5 1 6  0.0032865258
0 5 5 6  0.0275211819
0 5 7 6  0.0047191751
0 6 0 6  0.0261980078
0 6 2 6  0.0047191751
0 6 4 6  0.0047191751
0 7 1 6  0.0261980078
0 7 3 6  0.0047191751
0 7 5 6  0.0047191751
0 0 8 8  0.0275866010
0 1 9 8  0.0275866010
0 2 8 8  -0.0154781751
0 3 9 8  -0.0154781751
0 4 8 8  -0.0154781751
0 5 9 8  -0.0154781751
0 8 0 8  0.0275866010
0 8 2 8  -0.0154781751
0 8 4 8  -0.0154781751
0 9 1 8  0.0275866010
0 9 3 8  -0.0154781751
0 9 5 8  -0.0154781751
0 0 10 10  0.0275866010
0 1 11 10  0.0275866010
0 2 10 10  -0.0154781751
0 3 11 10  -0.0154781751
0 4 10 10  -0.0154781751
0 5 11 10  -0.0154781751
0 10 0 10  0.0275866010
0 10 2 10  -0.0154781751
0 10 4 10  -0.0154781751
0 11 1 10  0.0275866010
0 11 3 10  -0.0154781751
0 11 5 10  -0.0154781751
1 0 0 1  0.1679458823
1 0 2 1  -0.0063858841
1 0 4 1  -0.0063858841
1 1 1 1  0.1679458823
1 1 3 1  -0.0063858841
1 1 5 1  -0.0063858841
1 2 0 1  -0.0063858841
1 2 2 1  0.1636039811
1 2 4 1  0.0006250270
1 2 6 1  0.0083424273
1 3 1 1  -0.0063858841
1 3 3 1  0.1636039811
1 3 5 1  0.0006250270
1 3 7 1  0.0083424273
1 4 0 1  -0.0063858841
1 4 2 1  0.0006250270
1 4 4 1  0.1636039811
1 4 6 1  -0.0083424273
1 5 1 1  -0.0063858841
1 5 3 1  0.0006250270
1 5 5 1  0.1636039811
1 5 7 1  -0.0083424273
1 6 2 1  0.0083424273
1 6 4 1  -0.0083424273
1 6 6 1  0.1792880894
1 7 3 1  0.0083424273
1 7 5 1  -0.0083424273
1 7 7 1  0.1792880894
1 8 8 1  0.1731613319
1 9 9 1  0.1731613319
1 10 10 1  0.1731613319
1 11 11 1  0.1731613319
1 0 0 3  -0.0063858841
1 0 2 3  0.0539968842
1 0 4 3  -0.0095597663
1 0 6 3  -0.0032865258
1 1 1 3  -0.0063858841
1 1 3 3  0.0539968842
1 1 5 3  -0.0095597663
1 1 7 3  -0.0032865258
1 2 0 3  0.0539968842
1 2 2 3  0.0549532022
1 2 4 3  -0.0021916572
1 2 6 3  -0.0499404610
1 3 1 3  0.0539968842
1 3 3 3  0.0549532022
1 3 5 3  -0.0021916572
1 3 7 3  -0.0499404610
1 4 0 3  -0.0095597663
1 4 2 3  -0.0021916572
1 4 4 3  -0.0230134339
1 4 6 3  -0.0084248609
1 5 1 3  -0.0095597663
1 5 3 3  -0.0021916572
1 5 5 3  -0.0230134339
1 5 7 3  -0.0084248609
1 6 0 3  -0.0032865258
1 6 2 3  -0.0499404610
1 6 4 3  -0.0084248609
1 6 6 3  -0.0072346067
1 7 1 3  -0.0032865258
1 7 3 3  -0.0499404610
1 7 5 3  -0.0084248609
1 7 7 3  -0.0072346067
1 8 8 3  -0.0315626005
1 9 9 3  -0.0315626005
1 10 10 3  -0.0315626005
1 11 11 3  -0.0315626005
1 0 0 5  -0.0063858841
1 0 2 5  -0.0095597663
1 0 4 5  0.0539968842
1 0 6 5  0.0032865258
1 1 1 5  -0.0063858841
1 1 3 5  -0.0095597663
1 1 5 5  0.0539968842
1 1 7 5  0.0032865258
1 2 0 5  -0.0095597663
1 2 2 5  -0.0230134339
1 2 4 5  -0.0021916572
1 2 6 5  0.0084248609
1 3 1 5  -0.0095597663
1 3 3 5  -0.0230134339
1 3 5 5  -0.0021916572
1 3 7 5  0.0084248609
1 4 0 5  0.0539968842
1 4 2 5  -0.0021916572
1 4 4 5  0.0549532022
1 4 6 5  0.0499404610
1 5 1 5  0.0539968842
1 5 3 5  -0.0021916572
1 5 5 5  0.0549532022
1 5 7 5  0.0499404610
1 6 0 5  0.0032865258
1 6 2 5  0.0084248609
1 6 4 5  0.0499404610
1 6 6 5  -0.0072346067
1 7 1 5  0.0032865258
1 7 3 5  0.0084248609
1 7 5 5  0.0499404610
1 7 7 5  -0.0072346067
1 8 8 5  -0.0315626005
1 9 9 5  -0.0315626005
1 10 10 5  -0.0315626005
1 11 11 5  -0.0315626005
1 0 2 7  -0.0032865258
1 0 4 7  0.0032865258
1 0 6 7  0.0261980078
1 1 3 7  -0.0032865258
1 1 5 7  0.0032865258
1 1 7 7  0.0261980078
1 2 0 7  -0.0032865258
1 2 2 7  -0.0275211819
1 2 6 7  0.0047191751
1 3 1 7  -0.0032865258
1 3 3 7  -0.0275211819
1 3 7 7  0.0047191751
1 4 0 7  0.0032865258
1 4 4 7  0.0275211819
1 4 6 7  0.0047191751
1 5 1 7  0.0032865258
1 5 5 7  0.0275211819
1 5 7 7  0.0047191751
1 6 0 7  0.0261980078
1 6 2 7  0.0047191751
1 6 4 7  0.0047191751
1 7 1 7  0.0261980078
1 7 3 7  0.0047191751
1 7 5 7  0.0047191751
1 0 8 9  0.0275866010
1 1 9 9  0.0275866010
1 2 8 9  -0.0154781751
1 3 9 9  -0.0154781751
1 4 8 9  -0.0154781751
1 5 9 9  -0.0154781751
1 8 0 9  0.0275866010
1 8 2 9  -0.0154781751
1 8 4 9  -0.0154781751
1 9 1 9  0.0275866010
1 9 3 9  -0.0154781751
1 9 5 9  -0.0154781751
1 0 10 11  0.0275866010
1 1 11 11  0.0275866010
1 2 10 11  -0.0154781751
1 3 11 11  -0.0154781751
1 4 10 11  -0.0154781751
1 5 11 11  -0.0154781751
1 10 0 11  0.0275866010
1 10 2 11  -0.0154781751
1 10 4 11  -0.0154781751
1 11 1 11  0.0275866010
1 11 3 11  -0.0154781751
1 11 5 11  -0.0154781751
2 0 0 0  -0.0063858841
2 0 2 0  0.0539968842
2 0 4 0  -0.0095597663
2 0 6 0  -0.0032865258
2 1 1 0  -0.0063858841
2 1 3 0  0.0539968842
2 1 5 0  -0.0095597663
2 1 7 0  -0.0032865258
2 2 0 0  0.0539968842
2 2 2 0  0.0549532022
2 2 4 0  -0.0021916572
2 2 6 0  -0.0499404610
2 3 1 0  0.0539968842
2 3 3 0  0.0549532022
2 3 5 0  -0.0021916572
2 3 7 0  -0.0499404610
2 4 0 0  -0.0095597663
2 4 2 0  -0.0021916572
2 4 4 0  -0.0230134339
2 4 6 0  -0.0084248609
2 5 1 0  -0.0095597663
2 5 3 0  -0.0021916572
2 5 5 0  -0.0230134339
2 5 7 0  -0.0084248609
2 6 0 0  -0.0032865258
2 6 2 0  -0.0499404610
2 6 4 0  -0.0084248609
2 6 6 0  -0.0072346067
2 7 1 0  -0.0032865258
2 7 3 0  -0.0499404610
2 7 5 0  -0.0084248609
2 7 7 0  -0.0072346067
2 8 8 0  -0.0315626005
2 9 9 0  -0.0315626005
2 10 10 0  -0.0315626005
2 11 11 0  -0.0315626005
2 0 0 2  0.1636039811
2 0 2 2  0.0549532022
2 0 4 2  -0.0230134339
2 0 6 2  -0.0275211819
2 1 1 2  0.1636039811
2 1 3 2  0.0549532022
2 1 5 2  -0.0230134339
2 1 7 2  -0.0275211819
2 2 0 2  0.0549532022
2 2 2 2  0.2518697715
2 2 4 2  -0.0007157777
2 2 6 2  -0.0509936840
2 3 1 2  0.0549532022
2 3 3 2  0.2518697715
2 3 5 2  -0.0007157777
2 3 7 2  -0.0509936840
2 4 0 2  -0.0230134339
2 4 2 2  -0.0007157777
2 4 4 2  0.1132539103
2 4 6 2  -0.0246625813
2 5 1 2  -0.0230134339
2 5 3 2  -0.0007157777
2 5 5 2  0.1132539103
2 5 7 2  -0.0246625813
2 6 0 2  -0.0275211819
2 6 2 2  -0.0509936840
2 6 4 2  -0.0246625813
2 6 6 2  0.1758591311
2 7 1 2  -0.0275211819
2 7 3 2  -0.0509936840
2 7 5 2  -0.0246625813
2 7 7 2  0.1758591311
2 8 8 2  0.1445189444
2 9 9 2  0.1445189444
2 10 10 2  0.1445189444
2 11 11 2  0.1445189444
2 0 0 4  0.0006250270
2 0 2 4  -0.0021916572
2 0 4 4  -0.0021916572
2 1 1 4  0.0006250270
2 1 3 4  -0.0021916572
2 1 5 4  -0.0021916572
2 2 0 4  -0.0021916572
2 2 2 4  -0.0007157777
2 2 4 4  0.0017997602
2 2 6 4  0.0001700595
2 3 1 4  -0.0021916572
2 3 3 4  -0.0007157777
2 3 5 4  0.0017997602
2 3 7 4  0.0001700595
2 4 0 4  -0.0021916572
2 4 2 4  0.0017997602
2 4 4 4  -0.0007157777
2 4 6 4  -0.0001700595
2 5 1 4  -0.0021916572
2 5 3 4  0.0017997602
2 5 5 4  -0.0007157777
2 5 7 4  -0.0001700595
2 6 2 4  0.0001700595
2 6 4 4  -0.0001700595
2 6 6 4  0.0003840885
2 7 3 4  0.0001700595
2 7 5 4  -0.0001700595
2 7 7 4  0.0003840885
2 8 8 4  0.0054864436
2 9 9 4  0.0054864436
2 10 10 4  0.0054864436
2 11 11 4  0.0054864436
2 0 0 6  0.0083424273
2 0 2 6  -0.0499404610
2 0 4 6  0.0084248609
2 0 6 6  0.0047191751
2 1 1 6  0.0083424273
2 1 3 6  -0.0499404610
2 1 5 6  0.0084248609
2 1 7 6  0.0047191751
2 2 0 6  -0.0499404610
2 2 2 6  -0.0509936840
2 2 4 6  0.0001700595
2 2 6 6  0.0508544672
2 3 1 6  -0.0499404610
2 3 3 6  -0.0509936840
2 3 5 6  0.0001700595
2 3 7 6  0.0508544672
2 4 0 6  0.0084248609
2 4 2 6  0.0001700595
2 4 4 6  0.0246625813
2 4 6 6  0.0066335743
2 5 1 6  0.0084248609
2 5 3 6  0.0001700595
2 5 5 6  0.0246625813
2 5 7 6  0.0066335743
2 6 0 6  0.0047191751
2 6 2 6  0.0508544672
2 6 4 6  0.0066335743
2 6 6 6  0.0119026037
2 7 1 6  0.0047191751
2 7 3 6  0.0508544672
2 7 5 6  0.0066335743
2 7 7 6  0.0119026037
2 8 8 6  0.0286912518
2 9 9 6  0.0286912518
2 10 10 6  0.0286912518
2 11 11 6  0.0286912518
2 0 8 8  -0.0154781751
2 1 9 8  -0.0154781751
2 2 8 8  0.0107391976
2 3 9 8  0.0107391976
2 4 8 8  0.0070805188
2 5 9 8  0.0070805188
2 6 8 8  0.0040074867
2 7 9 8  0.0040074867
2 8 0 8  -0.0154781751
2 8 2 8  0.0107391976
2 8 4 8  0.0070805188
2 8 6 8  0.0040074867
2 9 1 8  -0.0154781751
2 9 3 8  0.0107391976
2 9 5 8  0.0070805188
2 9 7 8  0.0040074867
2 0 10 10  -0.0154781751
2 1 11 10  -0.0154781751
2 2 10 10  0.0107391976
2 3 11 10  0.0107391976
2 4 10 10  0.0070805188
2 5 11 10  0.0070805188
2 6 10 10  0.0040074867
2 7 11 10  0.0040074867
2 10 0 10  -0.0154781751
2 10 2 10  0.0107391976
2 10 4 10  0.0070805188
2 10 6 10  0.0040074867
2 11 1 10  -0.0154781751
2 11 3 10  0.0107391976
2 11 5 10  0.0070805188
2 11 7 10  0.0040074867
3 0 0 1  -0.0063858841
3 0 2 1  0.0539968842
3 0 4 1  -0.0095597663
3 0 6 1  -0.0032865258
3 1 1 1  -0.0063858841
3 1 3 1  0.0539968842
3 1 5 1  -0.0095597663
3 1 7 1  -0.0032865258
3 2 0 1  0.0539968842
3 2 2 1  0.0549532022
3 2 4 1  -0.0021916572
3 2 6 1  -0.0499404610
3 3 1 1  0.0539968842
3 3 3 1  0.0549532022
3 3 5 1  -0.0021916572
3 3 7 1  -0.0499404610
3 4 0 1  -0.0095597663
3 4 2 1  -0.0021916572
3 4 4 1  -0.0230134339
3 4 6 1  -0.0084248609
3 5 1 1  -0.0095597663
3 5 3 1  -0.0021916572
3 5 5 1  -0.0230134339
3 5 7 1  -0.0084248609
3 6 0 1  -0.0032865258
3 6 2 1  -0.0499404610
3 6 4 1  -0.0084248609
3 6 6 1  -0.0072346067
3 7 1 1  -0.0032865258
3 7 3 1  -0.0499404610
3 7 5 1  -0.0084248609
3 7 7 1  -0.0072346067
3 8 8 1  -0.0315626005
3 9 9 1  -0.0315626005
3 10 10 1  -0.0315626005
3 11 11 1  -0.0315626005
3 0 0 3  0.1636039811
3 0 2 3  0.0549532022
3 0 4 3  -0.0230134339
3 0 6 3  -0.0275211819
3 1 1 3  0.1636039811
3 1 3 3  0.0549532022
3 1 5 3  -0.0230134339
3 1 7 3  -0.0275211819
3 2 0 3  0.0549532022
3 2 2 3  0.2518697715
3 2 4 3  -0.0007157777
3 2 6 3  -0.0509936840
3 3 1 3  0.0549532022
3 3 3 3  0.2518697715
3 3 5 3  -0.0007157777
3 3 7 3  -0.0509936840
3 4 0 3  -0.0230134339
3 4 2 3  -0.0007157777
3 4 4 3  0.1132539103
3 4 6 3  -0.0246625813
3 5 1 3  -0.0230134339
3 5 3 3  -0.0007157777
3 5 5 3  0.1132539103
3 5 7 3  -0.0246625813
3 6 0 3  -0.0275211819
3 6 2 3  -0.0509936840
3 6 4 3  -0.0246625813
3 6 6 3  0.1758591311
3 7 1 3  -0.0275211819
3 7 3 3  -0.0509936840
3 7 5 3  -0.0246625813
3 7 7 3  0.1758591311
3 8 8 3  0.1445189444
3 9 9 3  0.1445189444
3 10 10 3  0.1445189444
3 11 11 3  0.1445189444
3 0 0 5  0.0006250270
3 0 2 5  -0.0021916572
3 0 4 5  -0.0021916572
3 1 1 5  0.0006250270
3 1 3 5  -0.0021916572
3 1 5 5  -0.0021916572
3 2 0 5  -0.0021916572
3 2 2 5  -0.0007157777
3 2 4 5  0.0017997602
3 2 6 5  0.0001700595
3 3 1 5  -0.0021916572
3 3 3 5  -0.0007157777
3 3 5 5  0.0017997602
3 3 7 5  0.0001700595
3 4 0 5  -0.0021916572
3 4 2 5  0.0017997602
3 4 4 5  -0.0007157777
3 4 6 5  -0.0001700595
3 5 1 5  -0.0021916572
3 5 3 5  0.0017997602
3 5 5 5  -0.0007157777
3 5 7 5  -0.0001700595
3 6 2 5  0.0001700595
3 6 4 5  -0.0001700595
3 6 6 5  0.0003840885
3 7 3 5  0.0001700595
3 7 5 5  -0.0001700595
3 7 7 5  0.0003840885
3 8 8 5  0.0054864436
3 9 9 5  0.0054864436
3 10 10 5  0.0054864436
3 11 11 5  0.0054864436
3 0 0 7  0.0083424273
3 0 2 7  -0.0499404610
3 0 4 7  0.0084248609
3 0 6 7  0.0047191751
3 1 1 7  0.0083424273
3 1 3 7  -0.0499404610
3 1 5 7  0.0084248609
3 1 7 7  0.0047191751
3 2 0 7  -0.0499404610
3 2 2 7  -0.0509936840
3 2 4 7  0.0001700595
3 2 6 7  0.0508544672
3 3 1 7  -0.0499404610
3 3 3 7  -0.0509936840
3 3 5 7  0.0001700595
3 3 7 7  0.0508544672
3 4 0 7  0.0084248609
3 4 2 7  0.0001700595
3 4 4 7  0.0246625813
3 4 6 7  0.0066335743
3 5 1 7  0.0084248609
3 5 3 7  0.0001700595
3 5 5 7  0.0246625813
3 5 7 7  0.0066335743
3 6 0 7  0.0047191751
3 6 2 7  0.0508544672
3 6 4 7  0.0066335743
3 6 6 7  0.0119026037
3 7 1 7  0.0047191751
3 7 3 7  0.0508544672
3 7 5 7  0.0066335743
3 7 7 7  0.0119026037
3 8 8 7  0.0286912518
3 9 9 7  0.0286912518
3 10 10 7  0.0286912518
3 11 11 7  0.0286912518
3 0 8 9  -0.0154781751
3 1 9 9  -0.0154781751
3 2 8 9  0.0107391976
3 3 9 9  0.0107391976
3 4 8 9  0.0070805188
3 5 9 9  0.0070805188
3 6 8 9  0.0040074867
3 7 9 9  0.0040074867
3 8 0 9  -0.0154781751
3 8 2 9  0.0107391976
3 8 4 9  0.0070805188
3 8 6 9  0.0040074867
3 9 1 9  -0.0154781751
3 9 3 9  0.0107391976
3 9 5 9  0.0070805188
3 9 7 9  0.0040074867
3 0 10 11  -0.0154781751
3 1 11 11  -0.0154781751
3 2 10 11  0.0107391976
3 3 11 11  0.0107391976
3 4 10 11  0.0070805188
3 5 11 11  0.0070805188
3 6 10 11  0.0040074867
3 7 11 11  0.0040074867
3 10 0 11  -0.0154781751
3 10 2 11  0.0107391976
3 10 4 11  0.0070805188
3 10 6 11  0.0040074867
3 11 1 11  -0.0154781751
3 11 3 11  0.0107391976
3 11 5 11  0.0070805188
3 11 7 11  0.0040074867
4 0 0 0  -0.0063858841
4 0 2 0  -0.0095597663
4 0 4 0  0.0539968842
4 0 6 0  0.0032865258
4 1 1 0  -0.0063858841
4 1 3 0  -0.0095597663
4 1 5 0  0.0539968842
4 1 7 0  0.0032865258
4 2 0 0  -0.0095597663
4 2 2 0  -0.0230134339
4 2 4 0  -0.0021916572
4 2 6 0  0.0084248609
4 3 1 0  -0.0095597663
4 3 3 0  -0.0230134339
4 3 5 0  -0.0021916572
4 3 7 0  0.0084248609
4 4 0 0  0.0539968842
4 4 2 0  -0.0021916572
4 4 4 0  0.0549532022
4 4 6 0  0.0499404610
4 5 1 0  0.0539968842
4 5 3 0  -0.0021916572
4 5 5 0  0.0549532022
4 5 7 0  0.0499404610
4 6 0 0  0.0032865258
4 6 2 0  0.0084248609
4 6 4 0  0.0499404610
4 6 6 0  -0.0072346067
4 7 1 0  0.0032865258
4 7 3 0  0.0084248609
4 7 5 0  0.0499404610
4 7 7 0  -0.0072346067
4 8 8 0  -0.0315626005
4 9 9 0  -0.0315626005
4 10 10 0  -0.0315626005
4 11 11 0  -0.0315626005
4 0 0 2  0.0006250270
4 0 2 2  -0.0021916572
4 0 4 2  -0.0021916572
4 1 1 2  0.0006250270
4 1 3 2  -0.0021916572
4 1 5 2  -0.0021916572
4 2 0 2  -0.0021916572
4 2 2 2  -0.0007157777
4 2 4 2  0.0017997602
4 2 6 2  0.0001700595
4 3 1 2  -0.0021916572
4 3 3 2  -0.0007157777
4 3 5 2  0.0017997602
4 3 7 2  0.0001700595
4 4 0 2  -0.0021916572
4 4 2 2  0.0017997602
4 4 4 2  -0.0007157777
4 4 6 2  -0.0001700595
4 5 1 2  -0.0021916572
4 5 3 2  0.0017997602
4 5 5 2  -0.0007157777
4 5 7 2  -0.0001700595
4 6 2 2  0.0001700595
4 6 4 2  -0.0001700595
4 6 6 2  0.0003840885
4 7 3 2  0.0001700595
4 7 5 2  -0.0001700595
4 7 7 2  0.0003840885
4 8 8 2  0.0054864436
4 9 9 2  0.0054864436
4 10 10 2  0.0054864436
4 11 11 2  0.0054864436
4 0 0 4  0.1636039811
4 0 2 4  -0.0230134339
4 0 4 4  0.0549532022
4 0 6 4  0.0275211819
4 1 1 4  0.1636039811
4 1 3 4  -0.0230134339
4 1 5 4  0.0549532022
4 1 7 4  0.0275211819
4 2 0 4  -0.0230134339
4 2 2 4  0.1132539103
4 2 4 4  -0.0007157777
4 2 6 4  0.0246625813
4 3 1 4  -0.0230134339
4 3 3 4  0.1132539103
4 3 5 4  -0.0007157777
4 3 7 4  0.0246625813
4 4 0 4  0.0549532022
4 4 2 4  -0.0007157777
4 4 4 4  0.2518697715
4 4 6 4  0.0509936840
4 5 1 4  0.0549532022
4 5 3 4  -0.0007157777
4 5 5 4  0.2518697715
4 5 7 4  0.0509936840
4 6 0 4  0.0275211819
4 6 2 4  0.0246625813
4 6 4 4  0.0509936840
4 6 6 4  0.1758591311
4 7 1 4  0.0275211819
4 7 3 4  0.0246625813
4 7 5 4  0.0509936840
4 7 7 4  0.1758591311
4 8 8 4  0.1445189444
4 9 9 4  0.1445189444
4 10 10 4  0.1445189444
4 11 11 4  0.1445189444
4 0 0 6  -0.0083424273
4 0 2 6  -0.0084248609
4 0 4 6  0.0499404610
4 0 6 6  0.0047191751
4 1 1 6  -0.0083424273
4 1 3 6  -0.0084248609
4 1 5 6  0.0499404610
4 1 7 6  0.0047191751
4 2 0 6  -0.0084248609
4 2 2 6  -0.0246625813
4 2 4 6  -0.0001700595
4 2 6 6  0.0066335743
4 3 1 6  -0.0084248609
4 3 3 6  -0.0246625813
4 3 5 6  -0.0001700595
4 3 7 6  0.0066335743
4 4 0 6  0.0499404610
4 4 2 6  -0.0001700595
4 4 4 6  0.0509936840
4 4 6 6  0.0508544672
4 5 1 6  0.0499404610
4 5 3 6  -0.0001700595
4 5 5 6  0.0509936840
4 5 7 6  0.0508544672
4 6 0 6  0.0047191751
4 6 2 6  0.0066335743
4 6 4 6  0.0508544672
4 6 6 6  -0.0119026037
4 7 1 6  0.0047191751
4 7 3 6  0.0066335743
4 7 5 6  0.0508544672
4 7 7 6  -0.0119026037
4 8 8 6  -0.0286912518
4 9 9 6  -0.0286912518
4 10 10 6  -0.0286912518
4 11 11 6  -0.0286912518
4 0 8 8  -0.0154781751
4 1 9 8  -0.0154781751
4 2 8 8  0.0070805188
4 3 9 8  0.0070805188
4 4 8 8  0.0107391976
4 5 9 8  0.0107391976
4 6 8 8  -0.0040074867
4 7 9 8  -0.0040074867
4 8 0 8  -0.0154781751
4 8 2 8  0.0070805188
4 8 4 8  0.0107391976
4 8 6 8  -0.0040074867
4 9 1 8  -0.0154781751
4 9 3 8  0.0070805188
4 9 5 8  0.0107391976
4 9 7 8  -0.0040074867
4 0 10 10  -0.0154781751
4 1 11 10  -0.0154781751
4 2 10 10  0.0070805188
4 3 11 10  0.0070805188
4 4 10 10  0.0107391976
4 5 11 10  0.0107391976
4 6 10 10  -0.0040074867
4 7 11 10  -0.0040074867
4 10 0 10  -0.0154781751
4 10 2 10  0.0070805188
4 10 4 10  0.0107391976
4 10 6 10  -0.0040074867
4 11 1 10  -0.0154781751
4 11 3 10  0.0070805188
4 11 5 10  0.0107391976
4 11 7 10  -0.0040074867
5 0 0 1  -0.0063858841
5 0 2 1  -0.0095597663
5 0 4 1  0.0539968842
5 0 6 1  0.0032865258
5 1 1 1  -0.0063858841
5 1 3 1  -0.0095597663
5 1 5 1  0.0539968842
5 1 7 1  0.0032865258
5 2 0 1  -0.0095597663
5 2 2 1  -0.0230134339
5 2 4 1  -0.0021916572
5 2 6 1  0.0084248609
5 3 1 1  -0.0095597663
5 3 3 1  -0.0230134339
5 3 5 1  -0.0021916572
5 3 7 1  0.0084248609
5 4 0 1  0.0539968842
5 4 2 1  -0.0021916572
5 4 4 1  0.0549532022
5 4 6 1  0.0499404610
5 5 1 1  0.0539968842
5 5 3 1  -0.0021916572
5 5 5 1  0.0549532022
5 5 7 1  0.0499404610
5 6 0 1  0.0032865258
5 6 2 1  0.0084248609
5 6 4 1  0.0499404610
5 6 6 1  -0.0072346067
5 7 1 1  0.0032865258
5 7 3 1  0.0084248609
5 7 5 1  0.0499404610
5 7 7 1  -0.0072346067
5 8 8 1  -0.0315626005
5 9 9 1  -0.0315626005
5 10 10 1  -0.0315626005
5 11 11 1  -0.0315626005
5 0 0 3  0.0006250270
5 0 2 3  -0.0021916572
5 0 4 3  -0.0021916572
5 1 1 3  0.0006250270
5 1 3 3  -0.0021916572
5 1 5 3  -0.0021916572
5 2 0 3  -0.0021916572
5 2 2 3  -0.0007157777
5 2 4 3  0.0017997602
5 2 6 3  0.0001700595
5 3 1 3  -0.0021916572
5 3 3 3  -0.0007157777
5 3 5 3  0.0017997602
5 3 7 3  0.0001700595
5 4 0 3  -0.0021916572
5 4 2 3  0.0017997602
5 4 4 3  -0.0007157777
5 4 6 3  -0.0001700595
5 5 1 3  -0.0021916572
5 5 3 3  0.0017997602
5 5 5 3  -0.0007157777
5 5 7 3  -0.0001700595
5 6 2 3  0.0001700595
5 6 4 3  -0.0001700595
5 6 6 3  0.0003840885
5 7 3 3  0.0001700595
5 7 5 3  -0.0001700595
5 7 7 3  0.0003840885
5 8 8 3  0.0054864436
5 9 9 3  0.0054864436
5 10 10 3  0.0054864436
5 11 11 3  0.0054864436
5 0 0 5  0.1636039811
5 0 2 5  -0.0230134339
5 0 4 5  0.0549532022
5 0 6 5  0.0275211819
5 1 1 5  0.1636039811
5 1 3 5  -0.0230134339
5 1 5 5  0.0549532022
5 1 7 5  0.0275211819
5 2 0 5  -0.0230134339
5 2 2 5  0.1132539103
5 2 4 5  -0.0007157777
5 2 6 5  0.0246625813
5 3 1 5  -0.0230134339
5 3 3 5  0.1132539103
5 3 5 5  -0.0007157777
5 3 7 5  0.0246625813
5 4 0 5  0.0549532022
5 4 2 5  -0.0007157777
5 4 4 5  0.2518697715
5 4 6 5  0.0509936840
5 5 1 5  0.0549532022
5 5 3 5  -0.0007157777
5 5 5 5  0.2518697715
5 5 7 5  0.0509936840
5 6 0 5  0.0275211819
5 6 2 5  0.0246625813
5 6 4 5  0.0509936840
5 6 6 5  0.1758591311
5 7 1 5  0.0275211819
5 7 3 5  0.0246625813
5 7 5 5  0.0509936840
5 7 7 5  0.1758591311
5 8 8 5  0.1445189444
5 9 9 5  0.1445189444
5 10 10 5  0.1445189444
5 11 11 5  0.1445189444
5 0 0 7  -0.0083424273
5 0 2 7  -0.0084248609
5 0 4 7  0.0499404610
5 0 6 7  0.0047191751
5 1 1 7  -0.0083424273
5 1 3 7  -0.0084248609
5 1 5 7  0.0499404610
5 1 7 7  0.0047191751
5 2 0 7  -0.0084248609
5 2 2 7  -0.0246625813
5 2 4 7  -0.0001700595
5 2 6 7  0.0066335743
5 3 1 7  -0.0084248609
5 3 3 7  -0.0246625813
5 3 5 7  -0.0001700595
5 3 7 7  0.0066335743
5 4 0 7  0.0499404610
5 4 2 7  -0.0001700595
5 4 4 7  0.0509936840
5 4 6 7  0.0508544672
5 5 1 7  0.0499404610
5 5 3 7  -0.0001700595
5 5 5 7  0.0509936840
5 5 7 7  0.0508544672
5 6 0 7  0.0047191751
5 6 2 7  0.0066335743
5 6 4 7  0.0508544672
5 6 6 7  -0.0119026037
5 7 1 7  0.0047191751
5 7 3 7  0.0066335743
5 7 5 7  0.0508544672
5 7 7 7  -0.0119026037
5 8 8 7  -0.0286912518
5 9 9 7  -0.0286912518
5 10 10 7  -0.0286912518
5 11 11 7  -0.0286912518
5 0 8 9  -0.0154781751
5 1 9 9  -0.0154781751
5 2 8 9  0.0070805188
5 3 9 9  0.0070805188
5 4 8 9  0.0107391976
5 5 9 9  0.0107391976
5 6 8 9  -0.0040074867
5 7 9 9  -0.0040074867
5 8 0 9  -0.0154781751
5 8 2 9  0.0070805188
5 8 4 9  0.0107391976
5 8 6 9  -0.0040074867
5 9 1 9  -0.0154781751
5 9 3 9  0.0070805188
5 9 5 9  0.0107391976
5 9 7 9  -0.0040074867
5 0 10 11  -0.0154781751
5 1 11 11  -0.0154781751
5 2 10 11  0.0070805188
5 3 11 11  0.0070805188
5 4 10 11  0.0107391976
5 5 11 11  0.0107391976
5 6 10 11  -0.0040074867
5 7 11 11  -0.0040074867
5 10 0 11  -0.0154781751
5 10 2 11  0.0070805188
5 10 4 11  0.0107391976
5 10 6 11  -0.0040074867
5 11 1 11  -0.0154781751
5 11 3 11  0.0070805188
5 11 5 11  0.0107391976
5 11 7 11  -0.0040074867
6 0 2 0  -0.0032865258
6 0 4 0  0.0032865258
6 0 6 0  0.0261980078
6 1 3 0  -0.0032865258
6 1 5 0  0.0032865258
6 1 7 0  0.0261980078
6 2 0 0  -0.0032865258
6 2 2 0  -0.0275211819
6 2 6 0  0.0047191751
6 3 1 0  -0.0032865258
6 3 3 0  -0.0275211819
6 3 7 0  0.0047191751
6 4 0 0  0.0032865258
6 4 4 0  0.0275211819
6 4 6 0  0.0047191751
6 5 1 0  0.0032865258
6 5 5 0  0.0275211819
6 5 7 0  0.0047191751
6 6 0 0  0.0261980078
6 6 2 0  0.0047191751
6 6 4 0  0.0047191751
6 7 1 0  0.0261980078
6 7 3 0  0.0047191751
6 7 5 0  0.0047191751
6 0 0 2  0.0083424273
6 0 2 2  -0.0499404610
6 0 4 2  0.0084248609
6 0 6 2  0.0047191751
6 1 1 2  0.0083424273
6 1 3 2  -0.0499404610
6 1 5 2  0.0084248609
6 1 7 2  0.0047191751
6 2 0 2  -0.0499404610
6 2 2 2  -0.0509936840
6 2 4 2  0.0001700595
6 2 6 2  0.0508544672
6 3 1 2  -0.0499404610
6 3 3 2  -0.0509936840
6 3 5 2  0.0001700595
6 3 7 2  0.0508544672
6 4 0 2  0.0084248609
6 4 2 2  0.0001700595
6 4 4 2  0.0246625813
6 4 6 2  0.0066335743
6 5 1 2  0.0084248609
6 5 3 2  0.0001700595
6 5 5 2  0.0246625813
6 5 7 2  0.0066335743
6 6 0 2  0.0047191751
6 6 2 2  0.0508544672
6 6 4 2  0.0066335743
6 6 6 2  0.0119026037
6 7 1 2  0.0047191751
6 7 3 2  0.0508544672
6 7 5 2  0.0066335743
6 7 7 2  0.0119026037
6 8 8 2  0.0286912518
6 9 9 2  0.0286912518
6 10 10 2  0.0286912518
6 11 11 2  0.0286912518
6 0 0 4  -0.0083424273
6 0 2 4  -0.0084248609
6 0 4 4  0.0499404610
6 0 6 4  0.0047191751
6 1 1 4  -0.0083424273
6 1 3 4  -0.0084248609
6 1 5 4  0.0499404610
6 1 7 4  0.0047191751
6 2 0 4  -0.0084248609
6 2 2 4  -0.0246625813
6 2 4 4  -0.0001700595
6 2 6 4  0.0066335743
6 3 1 4  -0.0084248609
6 3 3 4  -0.0246625813
6 3 5 4  -0.0001700595
6 3 7 4  0.0066335743
6 4 0 4  0.0499404610
6 4 2 4  -0.0001700595
6 4 4 4  0.0509936840
6 4 6 4  0.0508544672
6 5 1 4  0.0499404610
6 5 3 4  -0.0001700595
6 5 5 4  0.0509936840
6 5 7 4  0.0508544672
6 6 0 4  0.0047191751
6 6 2 4  0.0066335743
6 6 4 4  0.0508544672
6 6 6 4  -0.0119026037
6 7 1 4  0.0047191751
6 7 3 4  0.0066335743
6 7 5 4  0.0508544672
6 7 7 4  -0.0119026037
6 8 8 4  -0.0286912518
6 9 9 4  -0.0286912518
6 10 10 4  -0.0286912518
6 11 11 4  -0.0286912518
6 0 0 6  0.1792880894
6 0 2 6  -0.0072346067
6 0 4 6  -0.0072346067
6 1 1 6  0.1792880894
6 1 3 6  -0.0072346067
6 1 5 6  -0.0072346067
6 2 0 6  -0.0072346067
6 2 2 6  0.1758591311
6 2 4 6  0.0003840885
6 2 6 6  0.0119026037
6 3 1 6  -0.0072346067
6 3 3 6  0.1758591311
6 3 5 6  0.0003840885
6 3 7 6  0.0119026037
6 4 0 6  -0.0072346067
6 4 2 6  0.0003840885
6 4 4 6  0.1758591311
6 4 6 6  -0.0119026037
6 5 1 6  -0.0072346067
6 5 3 6  0.0003840885
6 5 5 6  0.1758591311
6 5 7 6  -0.0119026037
6 6 2 6  0.0119026037
6 6 4 6  -0.0119026037
6 6 6 6  0.2023011771
6 7 3 6  0.0119026037
6 7 5 6  -0.0119026037
6 7 7 6  0.2023011771
6 8 8 6  0.1832285880
6 9 9 6  0.1832285880
6 10 10 6  0.1832285880
6 11 11 6  0.1832285880
6 2 8 8  0.0040074867
6 3 9 8  0.0040074867
6 4 8 8  -0.0040074867
6 5 9 8  -0.0040074867
6 6 8 8  0.0095289093
6 7 9 8  0.0095289093
6 8 2 8  0.0040074867
6 8 4 8  -0.0040074867
6 8 6 8  0.0095289093
6 9 3 8  0.0040074867
6 9 5 8  -0.0040074867
6 9 7 8  0.0095289093
6 2 10 10  0.0040074867
6 3 11 10  0.0040074867
6 4 10 10  -0.0040074867
6 5 11 10  -0.0040074867
6 6 10 10  0.0095289093
6 7 11 10  0.0095289093
6 10 2 10  0.0040074867
6 10 4 10  -0.0040074867
6 10 6 10  0.0095289093
6 11 3 10  0.0040074867
6 11 5 10  -0.0040074867
6 11 7 10  0.0095289093
7 0 2 1  -0.0032865258
7 0 4 1  0.0032865258
7 0 6 1  0.0261980078
7 1 3 1  -0.0032865258
7 1 5 1  0.0032865258
7 1 7 1  0.0261980078
7 2 0 1  -0.0032865258
7 2 2 1  -0.0275211819
7 2 6 1  0.0047191751
7 3 1 1  -0.0032865258
7 3 3 1  -0.0275211819
7 3 7 1  0.0047191751
7 4 0 1  0.0032865258
7 4 4 1  0.0275211819
7 4 6 1  0.0047191751
7 5 1 1  0.0032865258
7 5 5 1  0.0275211819
7 5 7 1  0.0047191751
7 6 0 1  0.0261980078
7 6 2 1  0.0047191751
7 6 4 1  0.0047191751
7 7 1 1  0.0261980078
7 7 3 1  0.0047191751
7 7 5 1  0.0047191751
7 0 0 3  0.0083424273
7 0 2 3  -0.0499404610
7 0 4 3  0.0084248609
7 0 6 3  0.0047191751
7 1 1 3  0.0083424273
7 1 3 3  -0.0499404610
7 1 5 3  0.0084248609
7 1 7 3  0.0047191751
7 2 0 3  -0.0499404610
7 2 2 3  -0.0509936840
7 2 4 3  0.0001700595
7 2 6 3  0.0508544672
7 3 1 3  -0.0499404610
7 3 3 3  -0.0509936840
7 3 5 3  0.0001700595
7 3 7 3  0.0508544672
7 4 0 3  0.0084248609
7 4 2 3  0.0001700595
7 4 4 3  0.0246625813
7 4 6 3  0.0066335743
7 5 1 3  0.0084248609
7 5 3 3  0.0001700595
7 5 5 3  0.0246625813
7 5 7 3  0.0066335743
7 6 0 3  0.0047191751
7 6 2 3  0.0508544672
7 6 4 3  0.0066335743
7 6 6 3  0.0119026037
7 7 1 3  0.0047191751
7 7 3 3  0.0508544672
7 7 5 3  0.0066335743
7 7 7 3  0.0119026037
7 8 8 3  0.0286912518
7 9 9 3  0.0286912518
7 10 10 3  0.0286912518
7 11 11 3  0.0286912518
7 0 0 5  -0.0083424273
7 0 2 5  -0.0084248609
7 0 4 5  0.0499404610
7 0 6 5  0.0047191751
7 1 1 5  -0.0083424273
7 1 3 5  -0.0084248609
7 1 5 5  0.0499404610
7 1 7 5  0.0047191751
7 2 0 5  -0.0084248609
7 2 2 5  -0.0246625813
7 2 4 5  -0.0001700595
7 2 6 5  0.0066335743
7 3 1 5  -0.0084248609
7 3 3 5  -0.0246625813
7 3 5 5  -0.0001700595
7 3 7 5  0.0066335743
7 4 0 5  0.0499404610
7 4 2 5  -0.0001700595
7 4 4 5  0.0509936840
7 4 6 5  0.0508544672
7 5 1 5  0.0499404610
7 5 3 5  -0.0001700595
7 5 5 5  0.0509936840
7 5 7 5  0.0508544672
7 6 0 5  0.0047191751
7 6 2 5  0.0066335743
7 6 4 5  0.0508544672
7 6 6 5  -0.0119026037
7 7 1 5  0.0047191751
7 7 3 5  0.0066335743
7 7 5 5  0.0508544672
7 7 7 5  -0.0119026037
7 8 8 5  -0.0286912518
7 9 9 5  -0.0286912518
7 10 10 5  -0.0286912518
7 11 11 5  -0.0286912518
7 0 0 7  0.1792880894
7 0 2 7  -0.0072346067
7 0 4 7  -0.0072346067
7 1 1 7  0.1792880894
7 1 3 7  -0.0072346067
7 1 5 7  -0.0072346067
7 2 0 7  -0.0072346067
7 2 2 7  0.1758591311
7 2 4 7  0.0003840885
7 2 6 7  0.0119026037
7 3 1 7  -0.0072346067
7 3 3 7  0.1758591311
7 3 5 7  0.0003840885
7 3 7 7  0.0119026037
7 4 0 7  -0.0072346067
7 4 2 7  0.0003840885
7 4 4 7  0.1758591311
7 4 6 7  -0.0119026037
7 5 1 7  -0.0072346067
7 5 3 7  0.0003840885
7 5 5 7  0.1758591311
7 5 7 7  -0.0119026037
7 6 2 7  0.0119026037
7 6 4 7  -0.0119026037
7 6 6 7  0.2023011771
7 7 3 7  0.0119026037
7 7 5 7  -0.0119026037
7 7 7 7  0.2023011771
7 8 8 7  0.1832285880
7 9 9 7  0.1832285880
7 10 10 7  0.1832285880
7 11 11 7  0.1832285880
7 2 8 9  0.0040074867
7 3 9 9  0.0040074867
7 4 8 9  -0.0040074867
7 5 9 9  -0.0040074867
7 6 8 9  0.0095289093
7 7 9 9  0.0095289093
7 8 2 9  0.0040074867
7 8 4 9  -0.0040074867
7 8 6 9  0.0095289093
7 9 3 9  0.0040074867
7 9 5 9  -0.0040074867
7 9 7 9  0.0095289093
7 2 10 11  0.0040074867
7 3 11 11  0.0040074867
7 4 10 11  -0.0040074867
7 5 11 11  -0.0040074867
7 6 10 11  0.0095289093
7 7 11 11  0.0095289093
7 10 2 11  0.0040074867
7 10 4 11  -0.0040074867
7 10 6 11  0.0095289093
7 11 3 11  0.0040074867
7 11 5 11  -0.0040074867
7 11 7 11  0.0095289093
8 0 8 0  0.0275866010
8 1 9 0  0.0275866010
8 2 8 0  -0.0154781751
8 3 9 0  -0.0154781751
8 4 8 0  -0.0154781751
8 5 9 0  -0.0154781751
8 8 0 0  0.0275866010
8 8 2 0  -0.0154781751
8 8 4 0  -0.0154781751
8 9 1 0  0.0275866010
8 9 3 0  -0.0154781751
8 9 5 0  -0.0154781751
8 0 8 2  -0.0154781751
8 1 9 2  -0.0154781751
8 2 8 2  0.0107391976
8 3 9 2  0.0107391976
8 4 8 2  0.0070805188
8 5 9 2  0.0070805188
8 6 8 2  0.0040074867
8 7 9 2  0.0040074867
8 8 0 2  -0.0154781751
8 8 2 2  0.0107391976
8 8 4 2  0.0070805188
8 8 6 2  0.0040074867
8 9 1 2  -0.0154781751
8 9 3 2  0.0107391976
8 9 5 2  0.0070805188
8 9 7 2  0.0040074867
8 0 8 4  -0.0154781751
8 1 9 4  -0.0154781751
8 2 8 4  0.0070805188
8 3 9 4  0.0070805188
8 4 8 4  0.0107391976
8 5 9 4  0.0107391976
8 6 8 4  -0.0040074867
8 7 9 4  -0.0040074867
8 8 0 4  -0.0154781751
8 8 2 4  0.0070805188
8 8 4 4  0.0107391976
8 8 6 4  -0.0040074867
8 9 1 4  -0.0154781751
8 9 3 4  0.0070805188
8 9 5 4  0.0107391976
8 9 7 4  -0.0040074867
8 2 8 6  0.0040074867
8 3 9 6  0.0040074867
8 4 8 6  -0.0040074867
8 5 9 6  -0.0040074867
8 6 8 6  0.0095289093
8 7 9 6  0.0095289093
8 8 2 6  0.0040074867
8 8 4 6  -0.0040074867
8 8 6 6  0.0095289093
8 9 3 6  0.0040074867
8 9 5 6  -0.0040074867
8 9 7 6  0.0095289093
8 0 0 8  0.1731613319
8 0 2 8  -0.0315626005
8 0 4 8  -0.0315626005
8 1 1 8  0.1731613319
8 1 3 8  -0.0315626005
8 1 5 8  -0.0315626005
8 2 0 8  -0.0315626005
8 2 2 8  0.1445189444
8 2 4 8  0.0054864436
8 2 6 8  0.0286912518
8 3 1 8  -0.0315626005
8 3 3 8  0.1445189444
8 3 5 8  0.0054864436
8 3 7 8  0.0286912518
8 4 0 8  -0.0315626005
8 4 2 8  0.0054864436
8 4 4 8  0.1445189444
8 4 6 8  -0.0286912518
8 5 1 8  -0.0315626005
8 5 3 8  0.0054864436
8 5 5 8  0.1445189444
8 5 7 8  -0.0286912518
8 6 2 8  0.0286912518
8 6 4 8  -0.0286912518
8 6 6 8  0.1832285880
8 7 3 8  0.0286912518
8 7 5 8  -0.0286912518
8 7 7 8  0.1832285880
8 8 8 8  0.2249295447
8 9 9 8  0.2249295447
8 10 10 8  0.2006801622
8 11 11 8  0.2006801622
8 8 10 10  0.0121246915
8 9 11 10  0.0121246915
8 10 8 10  0.0121246915
8 11 9 10  0.0121246915
9 0 8 1  0.0275866010
9 1 9 1  0.0275866010
9 2 8 1  -0.0154781751
9 3 9 1  -0.0154781751
9 4 8 1  -0.0154781751
9 5 9 1  -0.0154781751
9 8 0 1  0.0275866010
9 8 2 1  -0.0154781751
9 8 4 1  -0.0154781751
9 9 1 1  0.0275866010
9 9 3 1  -0.0154781751
9 9 5 1  -0.0154781751
9 0 8 3  -0.0154781751
9 1 9 3  -0.0154781751
9 2 8 3  0.0107391976
9 3 9 3  0.0107391976
9 4 8 3  0.0070805188
9 5 9 3  0.0070805188
9 6 8 3  0.0040074867
9 7 9 3  0.0040074867
9 8 0 3  -0.0154781751
9 8 2 3  0.0107391976
9 8 4 3  0.0070805188
9 8 6 3  0.0040074867
9 9 1 3  -0.0154781751
9 9 3 3  0.0107391976
9 9 5 3  0.0070805188
9 9 7 3  0.0040074867
9 0 8 5  -0.0154781751
9 1 9 5  -0.0154781751
9 2 8 5  0.0070805188
9 3 9 5  0.0070805188
9 4 8 5  0.0107391976
9 5 9 5  0.0107391976
9 6 8 5  -0.0040074867
9 7 9 5  -0.0040074867
9 8 0 5  -0.0154781751
9 8 2 5  0.0070805188
9 8 4 5  0.0107391976
9 8 6 5  -0.0040074867
9 9 1 5  -0.0154781751
9 9 3 5  0.0070805188
9 9 5 5  0.0107391976
9 9 7 5  -0.0040074867
9 2 8 7  0.0040074867
9 3 9 7  0.0040074867
9 4 8 7  -0.0040074867
9 5 9 7  -0.0040074867
9 6 8 7  0.0095289093
9 7 9 7  0.0095289093
9 8 2 7  0.0040074867
9 8 4 7  -0.0040074867
9 8 6 7  0.0095289093
9 9 3 7  0.0040074867
9 9 5 7  -0.0040074867
9 9 7 7  0.0095289093
9 0 0 9  0.1731613319
9 0 2 9  -0.0315626005
9 0 4 9  -0.0315626005
9 1 1 9  0.1731613319
9 1 3 9  -0.0315626005
9 1 5 9  -0.0315626005
9 2 0 9  -0.0315626005
9 2 2 9  0.1445189444
9 2 4 9  0.0054864436
9 2 6 9  0.0286912518
9 3 1 9  -0.0315626005
9 3 3 9  0.1445189444
9 3 5 9  0.0054864436
9 3 7 9  0.0286912518
9 4 0 9  -0.0315626005
9 4 2 9  0.0054864436
9 4 4 9  0.1445189444
9 4 6 9  -0.0286912518
9 5 1 9  -0.0315626005
9 5 3 9  0.0054864436
9 5 5 9  0.1445189444
9 5 7 9  -0.0286912518
9 6 2 9  0.0286912518
9 6 4 9  -0.0286912518
9 6 6 9  0.1832285880
9 7 3 9  0.0286912518
9 7 5 9  -0.0286912518
9 7 7 9  0.1832285880
9 8 8 9  0.2249295447
9 9 9 9  0.2249295447
9 10 10 9  0.2006801622
9 11 11 9  0.2006801622
9 8 10 11  0.0121246915
9 9 11 11  0.0121246915
9 10 8 11  0.0121246915
9 11 9 11  0.0121246915
10 0 10 0  0.0275866010
10 1 11 0  0.0275866010
10 2 10 0  -0.0154781751
10 3 11 0  -0.0154781751
10 4 10 0  -0.0154781751
10 5 11 0  -0.0154781751
10 10 0 0  0.0275866010
10 10 2 0  -0.0154781751
10 10 4 0  -0.0154781751
10 11 1 0  0.0275866010
10 11 3 0  -0.0154781751
10 11 5 0  -0.0154781751
10 0 10 2  -0.0154781751
10 1 11 2  -0.0154781751
10 2 10 2  0.0107391976
10 3 11 2  0.0107391976
10 4 10 2  0.0070805188
10 5 11 2  0.0070805188
10 6 10 2  0.0040074867
10 7 11 2  0.0040074867
10 10 0 2  -0.0154781751
10 10 2 2  0.0107391976
10 10 4 2  0.0070805188
10 10 6 2  0.0040074867
10 11 1 2  -0.0154781751
10 11 3 2  0.0107391976
10 11 5 2  0.0070805188
10 11 7 2  0.0040074867
10 0 10 4  -0.0154781751
10 1 11 4  -0.0154781751
10 2 10 4  0.0070805188
10 3 11 4  0.0070805188
10 4 10 4  0.0107391976
10 5 11 4  0.0107391976
10 6 10 4  -0.0040074867
10 7 11 4  -0.0040074867
10 10 0 4  -0.0154781751
10 10 2 4  0.0070805188
10 10 4 4  0.0107391976
10 10 6 4  -0.0040074867
10 11 1 4  -0.0154781751
10 11 3 4  0.0070805188
10 11 5 4  0.0107391976
10 11 7 4  -0.0040074867
10 2 10 6  0.0040074867
10 3 11 6  0.0040074867
10 4 10 6  -0.0040074867
10 5 11 6  -0.0040074867
10 6 10 6  0.0095289093
10 7 11 6  0.0095289093
10 10 2 6  0.0040074867
10 10 4 6  -0.0040074867
10 10 6 6  0.0095289093
10 11 3 6  0.0040074867
10 11 5 6  -0.0040074867
10 11 7 6  0.0095289093
10 8 10 8  0.0121246915
10 9 11 8  0.0121246915
10 10 8 8  0.0121246915
10 11 9 8  0.0121246915
10 0 0 10  0.1731613319
10 0 2 10  -0.0315626005
10 0 4 10  -0.0315626005
10 1 1 10  0.1731613319
10 1 3 10  -0.0315626005
10 1 5 10  -0.0315626005
10 2 0 10  -0.0315626005
10 2 2 10  0.1445189444
10 2 4 10  0.0054864436
10 2 6 10  0.0286912518
10 3 1 10  -0.0315626005
10 3 3 10  0.1445189444
10 3 5 10  0.0054864436
10 3 7 10  0.0286912518
10 4 0 10  -0.0315626005
10 4 2 10  0.0054864436
10 4 4 10  0.1445189444
10 4 6 10  -0.0286912518
10 5 1 10  -0.0315626005
10 5 3 10  0.0054864436
10 5 5 10  0.1445189444
10 5 7 10  -0.0286912518
10 6 2 10  0.0286912518
10 6 4 10  -0.0286912518
10 6 6 10  0.1832285880
10 7 3 10  0.0286912518
10 7 5 10  -0.0286912518
10 7 7 10  0.1832285880
10 8 8 10  0.2006801622
10 9 9 10  0.2006801622
10 10 10 10  0.2249295447
10 11 11 10  0.2249295447
11 0 10 1  0.0275866010
11 1 11 1  0.0275866010
11 2 10 1  -0.0154781751
11 3 11 1  -0.0154781751
11 4 10 1  -0.0154781751
11 5 11 1  -0.0154781751
11 10 0 1  0.0275866010
11 10 2 1  -0.0154781751
11 10 4 1  -0.0154781751
11 11 1 1  0.0275866010
11 11 3 1  -0.0154781751
11 11 5 1  -0.0154781751
11 0 10 3  -0.0154781751
11 1 11 3  -0.0154781751
11 2 10 3  0.0107391976
11 3 11 3  0.0107391976
11 4 10 3  0.0070805188
11 5 11 3  0.0070805188
11 6 10 3  0.0040074867
11 7 11 3  0.0040074867
11 10 0 3  -0.0154781751
11 10 2 3  0.0107391976
11 10 4 3  0.0070805188
11 10 6 3  0.0040074867
11 11 1 3  -0.0154781751
11 11 3 3  0.0107391976
11 11 5 3  0.0070805188
11 11 7 3  0.0040074867
11 0 10 5  -0.0154781751
11 1 11 5  -0.0154781751
11 2 10 5  0.0070805188
11 3 11 5  0.0070805188
11 4 10 5  0.0107391976
11 5 11 5  0.0107391976
11 6 10 5  -0.0040074867
11 7 11 5  -0.0040074867
11 10 0 5  -0.0154781751
11 10 2 5  0.0070805188
11 10 4 5  0.0107391976
11 10 6 5  -0.0040074867
11 11 1 5  -0.0154781751
11 11 3 5  0.0070805188
11 11 5 5  0.0107391976
11 11 7 5  -0.0040074867
11 2 10 7  0.0040074867
11 3 11 7  0.0040074867
11 4 10 7  -0.0040074867
11 5 11 7  -0.0040074867
11 6 10 7  0.0095289093
11 7 11 7  0.0095289093
11 10 2 7  0.0040074867
11 10 4 7  -0.0040074867
11 10 6 7  0.0095289093
11 11 3 7  0.0040074867
11 11 5 7  -0.0040074867
11 11 7 7  0.0095289093
11 8 10 9  0.0121246915
11 9 11 9  0.0121246915
11 10 8 9  0.0121246915
11 11 9 9  0.0121246915
11 0 0 11  0.1731613319
11 0 2 11  -0.0315626005
11 0 4 11  -0.0315626005
11 1 1 11  0.1731613319
11 1 3 11  -0.0315626005
11 1 5 11  -0.0315626005
11 2 0 11  -0.0315626005
11 2 2 11  0.1445189444
11 2 4 11  0.0054864436
11 2 6 11  0.0286912518
11 3 1 11  -0.0315626005
11 3 3 11  0.1445189444
11 3 5 11  0.0054864436
11 3 7 11  0.0286912518
11 4 0 11  -0.0315626005
11 4 2 11  0.0054864436
11 4 4 11  0.1445189444
11 4 6 11  -0.0286912518
11 5 1 11  -0.0315626005
11 5 3 11  0.0054864436
11 5 5 11  0.1445189444
11 5 7 11  -0.0286912518
11 6 2 11  0.0286912518
11 6 4 11  -0.0286912518
11 6 6 11  0.1832285880
11 7 3 11  0.0286912518
11 7 5 11  -0.0286912518
11 7 7 11  0.1832285880
11 8 8 11  0.2006801622
11 9 9 11  0.2006801622
11 10 10 11  0.2249295447
11 11 11 11  0.2249295447
