-12.759384063172522
0 0  -0.9614457661
0 2  -0.0024889870
0 4  -0.0024889870
1 1  -0.9614457661
1 3  -0.0024889870
1 5  -0.0024889870
2 0  -0.0024889870
2 2  -0.8448385845
2 4  0.0022935094
2 6  -0.0152274402
3 1  -0.0024889870
3 3  -0.8448385845
3 5  0.0022935094
3 7  -0.0152274402
4 0  -0.0024889870
4 2  0.0022935094
4 4  -0.8448385845
4 6  0.0152274402
5 1  -0.0024889870
5 3  0.0022935094
5 5  -0.8448385845
5 7  0.0152274402
6 2  -0.0152274402
6 4  0.0152274402
6 6  -0.8236843082
7 3  -0.0152274402
7 5  0.0152274402
7 7  -0.8236843082
8 8  -0.8056549157
9 9  -0.8056549157
10 10  -0.8056549157
11 11  -0.8056549157
0 0 0 0  0.2000078016
0 0 2 0  -0.0081722279
0 0 4 0  -0.0081722279
0 1 1 0  0.2000078016
0 1 3 0  -0.0081722279
0 1 5 0  -0.0081722279
0 2 0 0  -0.0081722279
0 2 2 0  0.0773081506
0 2 4 0  0.0002028421
0 2 6 0  0.0066264059
0 3 1 0  -0.0081722279
0 3 3 0  0.0773081506
0 3 5 0  0.0002028421
0 3 7 0  0.0066264059
0 4 0 0  -0.0081722279
0 4 2 0  0.0002028421
0 4 4 0  0.0773081506
0 4 6 0  -0.0066264059
0 5 1 0  -0.0081722279
0 5 3 0  0.0002028421
0 5 5 0  0.0773081506
0 5 7 0  -0.0066264059
0 6 2 0  0.0066264059
0 6 4 0  -0.0066264059
0 6 6 0  0.2034107717
0 7 3 0  0.0066264059
0 7 5 0  -0.0066264059
0 7 7 0  0.2034107717
0 8 8 0  0.2037154339
0 9 9 0  0.2037154339
0 10 10 0  0.2037154339
0 11 11 0  0.2037154339
0 0 0 2  -0.0081722279
0 0 2 2  0.0018367248
0 0 4 2  0.0001757671
0 0 6 2  0.0031206649
0 1 1 2  -0.0081722279
0 1 3 2  0.0018367248
0 1 5 2  0.0001757671
0 1 7 2  0.0031206649
0 2 0 2  0.0018367248
0 2 2 2  0.0184935580
0 2 4 2  -0.0000137288
0 2 6 2  -0.0017435829
0 3 1 2  0.0018367248
0 3 3 2  0.0184935580
0 3 5 2  -0.0000137288
0 3 7 2  -0.0017435829
0 4 0 2  0.0001757671
0 4 2 2  -0.0000137288
0 4 4 2  -0.0031605445
0 4 6 2  0.0000695571
0 5 1 2  0.0001757671
0 5 3 2  -0.0000137288
0 5 5 2  -0.0031605445
0 5 7 2  0.0000695571
0 6 0 2  0.0031206649
0 6 2 2  -0.0017435829
0 6 4 2  0.0000695571
0 6 6 2  -0.0079825007
0 7 1 2  0.0031206649
0 7 3 2  -0.0017435829
0 7 5 2  0.0000695571
0 7 7 2  -0.0079825007
0 8 8 2  -0.0087044310
0 9 9 2  -0.0087044310
0 10 10 2  -0.0087044310
0 11 11 2  -0.0087044310
0 0 0 4  -0.0081722279
0 0 2 4  0.0001757671
0 0 4 4  0.0018367248
0 0 6 4  -0.0031206649
0 1 1 4  -0.0081722279
0 1 3 4  0.0001757671
0 1 5 4  0.0018367248
0 1 7 4  -0.0031206649
0 2 0 4  0.0001757671
0 2 2 4  -0.0031605445
0 2 4 4  -0.0000137288
0 2 6 4  -0.0000695571
0 3 1 4  0.0001757671
0 3 3 4  -0.0031605445
0 3 5 4  -0.0000137288
0 3 7 4  -0.0000695571
0 4 0 4  0.0018367248
0 4 2 4  -0.0000137288
0 4 4 4  0.0184935580
0 4 6 4  0.0017435829
0 5 1 4  0.0018367248
0 5 3 4  -0.0000137288
0 5 5 4  0.0184935580
0 5 7 4  0.0017435829
0 6 0 4  -0.0031206649
0 6 2 4  -0.0000695571
0 6 4 4  0.0017435829
0 6 6 4  -0.0079825007
0 7 1 4  -0.0031206649
0 7 3 4  -0.0000695571
0 7 5 4  0.0017435829
0 7 7 4  -0.0079825007
0 8 8 4  -0.0087044310
0 9 9 4  -0.0087044310
0 10 10 4  -0.0087044310
0 11 11 4  -0.0087044310
0 0 2 6  0.0031206649
0 0 4 6  -0.0031206649
0 0 6 6  0.0428171573
0 1 3 6  0.0031206649
0 1 5 6  -0.0031206649
0 1 7 6  0.0428171573
0 2 0 6  0.0031206649
0 2 2 6  0.0126080820
0 2 6 6  -0.0030824943
0 3 1 6  0.0031206649
0 3 3 6  0.0126080820
0 3 7 6  -0.0030824943
0 4 0 6  -0.0031206649
0 4 4 6  -0.0126080820
0 4 6 6  -0.0030824943
0 5 1 6  -0.0031206649
0 5 5 6  -0.0126080820
0 5 7 6  -0.0030824943
0 6 0 6  0.0428171573
0 6 2 6  -0.0030824943
0 6 4 6  -0.0030824943
0 7 1 6  0.0428171573
0 7 3 6  -0.0030824943
0 7 5 6  -0.0030824943
0 0 8 8  0.0430696763
0 1 9 8  0.0430696763
0 2 8 8  -0.0030367294
0 3 9 8  -0.0030367294
0 4 8 8  -0.0030367294
0 5 9 8  -0.0030367294
0 8 0 8  0.0430696763
0 8 2 8  -0.0030367294
0 8 4 8  -0.0030367294
0 9 1 8  0.0430696763
0 9 3 8  -0.0030367294
0 9 5 8  -0.0030367294
0 0 10 10  0.0430696763
0 1 11 10  0.0430696763
0 2 10 10  -0.0030367294
0 3 11 10  -0.0030367294
0 4 10 10  -0.0030367294
0 5 11 10  -0.0030367294
0 10 0 10  0.0430696763
0 10 2 10  -0.0030367294
0 10 4 10  -0.0030367294
0 11 1 10  0.0430696763
0 11 3 10  -0.0030367294
0 11 5 10  -0.0030367294
1 0 0 1  0.2000078016
1 0 2 1  -0.0081722279
1 0 4 1  -0.0081722279
1 1 1 1  0.2000078016
1 1 3 1  -0.0081722279
1 1 5 1  -0.0081722279
1 2 0 1  -0.0081722279
1 2 2 1  0.0773081506
1 2 4 1  0.0002028421
1 2 6 1  0.0066264059
1 3 1 1  -0.0081722279
1 3 3 1  0.0773081506
1 3 5 1  0.0002028421
1 3 7 1  0.0066264059
1 4 0 1  -0.0081722279
1 4 2 1  0.0002028421
1 4 4 1  0.0773081506
1 4 6 1  -0.0066264059
1 5 1 1  -0.0081722279
1 5 3 1  0.0002028421
1 5 5 1  0.0773081506
1 5 7 1  -0.0066264059
1 6 2 1  0.0066264059
1 6 4 1  -0.0066264059
1 6 6 1  0.2034107717
1 7 3 1  0.0066264059
1 7 5 1  -0.0066264059
1 7 7 1  0.2034107717
1 8 8 1  0.2037154339
1 9 9 1  0.2037154339
1 10 10 1  0.2037154339
1 11 11 1  0.2037154339
1 0 0 3  -0.0081722279
1 0 2 3  0.0018367248
1 0 4 3  0.0001757671
1 0 6 3  0.0031206649
1 1 1 3  -0.0081722279
1 1 3 3  0.0018367248
1 1 5 3  0.0001757671
1 1 7 3  0.0031206649
1 2 0 3  0.0018367248
1 2 2 3  0.0184935580
1 2 4 3  -0.0000137288
1 2 6 3  -0.0017435829
1 3 1 3  0.0018367248
1 3 3 3  0.0184935580
1 3 5 3  -0.0000137288
1 3 7 3  -0.0017435829
1 4 0 3  0.0001757671
1 4 2 3  -0.0000137288
1 4 4 3  -0.0031605445
1 4 6 3  0.0000695571
1 5 1 3  0.0001757671
1 5 3 3  -0.0000137288
1 5 5 3  -0.0031605445
1 5 7 3  0.0000695571
1 6 0 3  0.0031206649
1 6 2 3  -0.0017435829
1 6 4 3  0.0000695571
1 6 6 3  -0.0079825007
1 7 1 3  0.0031206649
1 7 3 3  -0.0017435829
1 7 5 3  0.0000695571
1 7 7 3  -0.0079825007
1 8 8 3  -0.0087044310
1 9 9 3  -0.0087044310
1 10 10 3  -0.0087044310
1 11 11 3  -0.0087044310
1 0 0 5  -0.0081722279
1 0 2 5  0.0001757671
1 0 4 5  0.0018367248
1 0 6 5  -0.0031206649
1 1 1 5  -0.0081722279
1 1 3 5  0.0001757671
1 1 5 5  0.0018367248
1 1 7 5  -0.0031206649
1 2 0 5  0.0001757671
1 2 2 5  -0.0031605445
1 2 4 5  -0.0000137288
1 2 6 5  -0.0000695571
1 3 1 5  0.0001757671
1 3 3 5  -0.0031605445
1 3 5 5  -0.0000137288
1 3 7 5  -0.0000695571
1 4 0 5  0.0018367248
1 4 2 5  -0.0000137288
1 4 4 5  0.0184935580
1 4 6 5  0.0017435829
1 5 1 5  0.0018367248
1 5 3 5  -0.0000137288
1 5 5 5  0.0184935580
1 5 7 5  0.0017435829
1 6 0 5  -0.0031206649
1 6 2 5  -0.0000695571
1 6 4 5  0.0017435829
1 6 6 5  -0.0079825007
1 7 1 5  -0.0031206649
1 7 3 5  -0.0000695571
1 7 5 5  0.0017435829
1 7 7 5  -0.0079825007
1 8 8 5  -0.0087044310
1 9 9 5  -0.0087044310
1 10 10 5  -0.0087044310
1 11 11 5  -0.0087044310
1 0 2 7  0.0031206649
1 0 4 7  -0.0031206649
1 0 6 7  0.0428171573
1 1 3 7  0.0031206649
1 1 5 7  -0.0031206649
1 1 7 7  0.0428171573
1 2 0 7  0.0031206649
1 2 2 7  0.0126080820
1 2 6 7  -0.0030824943
1 3 1 7  0.0031206649
1 3 3 7  0.0126080820
1 3 7 7  -0.0030824943
1 4 0 7  -0.0031206649
1 4 4 7  -0.0126080820
1 4 6 7  -0.0030824943
1 5 1 7  -0.0031206649
1 5 5 7  -0.0126080820
1 5 7 7  -0.0030824943
1 6 0 7  0.0428171573
1 6 2 7  -0.0030824943
1 6 4 7  -0.0030824943
1 7 1 7  0.0428171573
1 7 3 7  -0.0030824943
1 7 5 7  -0.0030824943
1 0 8 9  0.0430696763
1 1 9 9  0.0430696763
1 2 8 9  -0.0030367294
1 3 9 9  -0.0030367294
1 4 8 9  -0.0030367294
1 5 9 9  -0.0030367294
1 8 0 9  0.0430696763
1 8 2 9  -0.0030367294
1 8 4 9  -0.0030367294
1 9 1 9  0.0430696763
1 9 3 9  -0.0030367294
1 9 5 9  -0.0030367294
1 0 10 11  0.0430696763
1 1 11 11  0.0430696763
1 2 10 11  -0.0030367294
1 3 11 11  -0.0030367294
1 4 10 11  -0.0030367294
1 5 11 11  -0.0030367294
1 10 0 11  0.0430696763
1 10 2 11  -0.0030367294
1 10 4 11  -0.0030367294
1 11 1 11  0.0430696763
1 11 3 11  -0.0030367294
1 11 5 11  -0.0030367294
2 0 0 0  -0.0081722279
2 0 2 0  0.0018367248
2 0 4 0  0.0001757671
2 0 6 0  0.0031206649
2 1 1 0  -0.0081722279
2 1 3 0  0.0018367248
2 1 5 0  0.0001757671
2 1 7 0  0.0031206649
2 2 0 0  0.0018367248
2 2 2 0  0.0184935580
2 2 4 0  -0.0000137288
2 2 6 0  -0.0017435829
2 3 1 0  0.0018367248
2 3 3 0  0.0184935580
2 3 5 0  -0.0000137288
2 3 7 0  -0.0017435829
2 4 0 0  0.0001757671
2 4 2 0  -0.0000137288
2 4 4 0  -0.0031605445
2 4 6 0  0.0000695571
2 5 1 0  0.0001757671
2 5 3 0  -0.0000137288
2 5 5 0  -0.0031605445
2 5 7 0  0.0000695571
2 6 0 0  0.0031206649
2 6 2 0  -0.0017435829
2 6 4 0  0.0000695571
2 6 6 0  -0.0079825007
2 7 1 0  0.0031206649
2 7 3 0  -0.0017435829
2 7 5 0  0.0000695571
2 7 7 0  -0.0079825007
2 8 8 0  -0.0087044310
2 9 9 0  -0.0087044310
2 10 10 0  -0.0087044310
2 11 11 0  -0.0087044310
2 0 0 2  0.0773081506
2 0 2 2  0.0184935580
2 0 4 2  -0.0031605445
2 0 6 2  0.0126080820
2 1 1 2  0.0773081506
2 1 3 2  0.0184935580
2 1 5 2  -0.0031605445
2 1 7 2  0.0126080820
2 2 0 2  0.0184935580
2 2 2 2  0.3829519845
2 2 4 2  0.0001062946
2 2 6 2  -0.0207226048
2 3 1 2  0.0184935580
2 3 3 2  0.3829519845
2 3 5 2  0.0001062946
2 3 7 2  -0.0207226048
2 4 0 2  -0.0031605445
2 4 2 2  0.0001062946
2 4 4 2  0.0385101955
2 4 6 2  -0.0030652250
2 5 1 2  -0.0031605445
2 5 3 2  0.0001062946
2 5 5 2  0.0385101955
2 5 7 2  -0.0030652250
2 6 0 2  0.0126080820
2 6 2 2  -0.0207226048
2 6 4 2  -0.0030652250
2 6 6 2  0.0814848006
2 7 1 2  0.0126080820
2 7 3 2  -0.0207226048
2 7 5 2  -0.0030652250
2 7 7 2  0.0814848006
2 8 8 2  0.0745289782
2 9 9 2  0.0745289782
2 10 10 2  0.0745289782
2 11 11 2  0.0745289782
2 0 0 4  0.0002028421
2 0 2 4  -0.0000137288
2 0 4 4  -0.0000137288
2 1 1 4  0.0002028421
2 1 3 4  -0.0000137288
2 1 5 4  -0.0000137288
2 2 0 4  -0.0000137288
2 2 2 4  0.0001062946
2 2 4 4  0.0000023333
2 2 6 4  -0.0000095850
2 3 1 4  -0.0000137288
2 3 3 4  0.0001062946
2 3 5 4  0.0000023333
2 3 7 4  -0.0000095850
2 4 0 4  -0.0000137288
2 4 2 4  0.0000023333
2 4 4 4  0.0001062946
2 4 6 4  0.0000095850
2 5 1 4  -0.0000137288
2 5 3 4  0.0000023333
2 5 5 4  0.0001062946
2 5 7 4  0.0000095850
2 6 2 4  -0.0000095850
2 6 4 4  0.0000095850
2 6 6 4  0.0001337172
2 7 3 4  -0.0000095850
2 7 5 4  0.0000095850
2 7 7 4  0.0001337172
2 8 8 4  0.0002531567
2 9 9 4  0.0002531567
2 10 10 4  0.0002531567
2 11 11 4  0.0002531567
2 0 0 6  0.0066264059
2 0 2 6  -0.0017435829
2 0 4 6  -0.0000695571
2 0 6 6  -0.0030824943
2 1 1 6  0.0066264059
2 1 3 6  -0.0017435829
2 1 5 6  -0.0000695571
2 1 7 6  -0.0030824943
2 2 0 6  -0.0017435829
2 2 2 6  -0.0207226048
2 2 4 6  -0.0000095850
2 2 6 6  0.0020445849
2 3 1 6  -0.0017435829
2 3 3 6  -0.0207226048
2 3 5 6  -0.0000095850
2 3 7 6  0.0020445849
2 4 0 6  -0.0000695571
2 4 2 6  -0.0000095850
2 4 4 6  0.0030652250
2 4 6 6  -0.0000570699
2 5 1 6  -0.0000695571
2 5 3 6  -0.0000095850
2 5 5 6  0.0030652250
2 5 7 6  -0.0000570699
2 6 0 6  -0.0030824943
2 6 2 6  0.0020445849
2 6 4 6  -0.0000570699
2 6 6 6  0.0075136954
2 7 1 6  -0.0030824943
2 7 3 6  0.0020445849
2 7 5 6  -0.0000570699
2 7 7 6  0.0075136954
2 8 8 6  0.0065319413
2 9 9 6  0.0065319413
2 10 10 6  0.0065319413
2 11 11 6  0.0065319413
2 0 8 8  -0.0030367294
2 1 9 8  -0.0030367294
2 2 8 8  0.0002455377
2 3 9 8  0.0002455377
2 4 8 8  0.0001874188
2 5 9 8  0.0001874188
2 6 8 8  0.0005710841
2 7 9 8  0.0005710841
2 8 0 8  -0.0030367294
2 8 2 8  0.0002455377
2 8 4 8  0.0001874188
2 8 6 8  0.0005710841
2 9 1 8  -0.0030367294
2 9 3 8  0.0002455377
2 9 5 8  0.0001874188
2 9 7 8  0.0005710841
2 0 10 10  -0.0030367294
2 1 11 10  -0.0030367294
2 2 10 10  0.0002455377
2 3 11 10  0.0002455377
2 4 10 10  0.0001874188
2 5 11 10  0.0001874188
2 6 10 10  0.0005710841
2 7 11 10  0.0005710841
2 10 0 10  -0.0030367294
2 10 2 10  0.0002455377
2 10 4 10  0.0001874188
2 10 6 10  0.0005710841
2 11 1 10  -0.0030367294
2 11 3 10  0.0002455377
2 11 5 10  0.0001874188
2 11 7 10  0.0005710841
3 0 0 1  -0.0081722279
3 0 2 1  0.0018367248
3 0 4 1  0.0001757671
3 0 6 1  0.0031206649
3 1 1 1  -0.0081722279
3 1 3 1  0.0018367248
3 1 5 1  0.0001757671
3 1 7 1  0.0031206649
3 2 0 1  0.0018367248
3 2 2 1  0.0184935580
3 2 4 1  -0.0000137288
3 2 6 1  -0.0017435829
3 3 1 1  0.0018367248
3 3 3 1  0.0184935580
3 3 5 1  -0.0000137288
3 3 7 1  -0.0017435829
3 4 0 1  0.0001757671
3 4 2 1  -0.0000137288
3 4 4 1  -0.0031605445
3 4 6 1  0.0000695571
3 5 1 1  0.0001757671
3 5 3 1  -0.0000137288
3 5 5 1  -0.0031605445
3 5 7 1  0.0000695571
3 6 0 1  0.0031206649
3 6 2 1  -0.0017435829
3 6 4 1  0.0000695571
3 6 6 1  -0.0079825007
3 7 1 1  0.0031206649
3 7 3 1  -0.0017435829
3 7 5 1  0.0000695571
3 7 7 1  -0.0079825007
3 8 8 1  -0.0087044310
3 9 9 1  -0.0087044310
3 10 10 1  -0.0087044310
3 11 11 1  -0.0087044310
3 0 0 3  0.0773081506
3 0 2 3  0.0184935580
3 0 4 3  -0.0031605445
3 0 6 3  0.0126080820
3 1 1 3  0.0773081506
3 1 3 3  0.0184935580
3 1 5 3  -0.0031605445
3 1 7 3  0.0126080820
3 2 0 3  0.0184935580
3 2 2 3  0.3829519845
3 2 4 3  0.0001062946
3 2 6 3  -0.0207226048
3 3 1 3  0.0184935580
3 3 3 3  0.3829519845
3 3 5 3  0.0001062946
3 3 7 3  -0.0207226048
3 4 0 3  -0.0031605445
3 4 2 3  0.0001062946
3 4 4 3  0.0385101955
3 4 6 3  -0.0030652250
3 5 1 3  -0.0031605445
3 5 3 3  0.0001062946
3 5 5 3  0.0385101955
3 5 7 3  -0.0030652250
3 6 0 3  0.0126080820
3 6 2 3  -0.0207226048
3 6 4 3  -0.0030652250
3 6 6 3  0.0814848006
3 7 1 3  0.0126080820
3 7 3 3  -0.0207226048
3 7 5 3  -0.0030652250
3 7 7 3  0.0814848006
3 8 8 3  0.0745289782
3 9 9 3  0.0745289782
3 10 10 3  0.0745289782
3 11 11 3  0.0745289782
3 0 0 5  0.0002028421
3 0 2 5  -0.0000137288
3 0 4 5  -0.0000137288
3 1 1 5  0.0002028421
3 1 3 5  -0.0000137288
3 1 5 5  -0.0000137288
3 2 0 5  -0.0000137288
3 2 2 5  0.0001062946
3 2 4 5  0.0000023333
3 2 6 5  -0.0000095850
3 3 1 5  -0.0000137288
3 3 3 5  0.0001062946
3 3 5 5  0.0000023333
3 3 7 5  -0.0000095850
3 4 0 5  -0.0000137288
3 4 2 5  0.0000023333
3 4 4 5  0.0001062946
3 4 6 5  0.0000095850
3 5 1 5  -0.0000137288
3 5 3 5  0.0000023333
3 5 5 5  0.0001062946
3 5 7 5  0.0000095850
3 6 2 5  -0.0000095850
3 6 4 5  0.0000095850
3 6 6 5  0.0001337172
3 7 3 5  -0.0000095850
3 7 5 5  0.0000095850
3 7 7 5  0.0001337172
3 8 8 5  0.0002531567
3 9 9 5  0.0002531567
3 10 10 5  0.0002531567
3 11 11 5  0.0002531567
3 0 0 7  0.0066264059
3 0 2 7  -0.0017435829
3 0 4 7  -0.0000695571
3 0 6 7  -0.0030824943
3 1 1 7  0.0066264059
3 1 3 7  -0.0017435829
3 1 5 7  -0.0000695571
3 1 7 7  -0.0030824943
3 2 0 7  -0.0017435829
3 2 2 7  -0.0207226048
3 2 4 7  -0.0000095850
3 2 6 7  0.0020445849
3 3 1 7  -0.0017435829
3 3 3 7  -0.0207226048
3 3 5 7  -0.0000095850
3 3 7 7  0.0020445849
3 4 0 7  -0.0000695571
3 4 2 7  -0.0000095850
3 4 4 7  0.0030652250
3 4 6 7  -0.0000570699
3 5 1 7  -0.0000695571
3 5 3 7  -0.0000095850
3 5 5 7  0.0030652250
3 5 7 7  -0.0000570699
3 6 0 7  -0.0030824943
3 6 2 7  0.0020445849
3 6 4 7  -0.0000570699
3 6 6 7  0.0075136954
3 7 1 7  -0.0030824943
3 7 3 7  0.0020445849
3 7 5 7  -0.0000570699
3 7 7 7  0.0075136954
3 8 8 7  0.0065319413
3 9 9 7  0.0065319413
3 10 10 7  0.0065319413
3 11 11 7  0.0065319413
3 0 8 9  -0.0030367294
3 1 9 9  -0.0030367294
3 2 8 9  0.0002455377
3 3 9 9  0.0002455377
3 4 8 9  0.0001874188
3 5 9 9  0.0001874188
3 6 8 9  0.0005710841
3 7 9 9  0.0005710841
3 8 0 9  -0.0030367294
3 8 2 9  0.0002455377
3 8 4 9  0.0001874188
3 8 6 9  0.0005710841
3 9 1 9  -0.0030367294
3 9 3 9  0.0002455377
3 9 5 9  0.0001874188
3 9 7 9  0.0005710841
3 0 10 11  -0.0030367294
3 1 11 11  -0.0030367294
3 2 10 11  0.0002455377
3 3 11 11  0.0002455377
3 4 10 11  0.0001874188
3 5 11 11  0.0001874188
3 6 10 11  0.0005710841
3 7 11 11  0.0005710841
3 10 0 11  -0.0030367294
3 10 2 11  0.0002455377
3 10 4 11  0.0001874188
3 10 6 11  0.0005710841
3 11 1 11  -0.0030367294
3 11 3 11  0.0002455377
3 11 5 11  0.0001874188
3 11 7 11  0.0005710841
4 0 0 0  -0.0081722279
4 0 2 0  0.0001757671
4 0 4 0  0.0018367248
4 0 6 0  -0.0031206649
4 1 1 0  -0.0081722279
4 1 3 0  0.0001757671
4 1 5 0  0.0018367248
4 1 7 0  -0.0031206649
4 2 0 0  0.0001757671
4 2 2 0  -0.0031605445
4 2 4 0  -0.0000137288
4 2 6 0  -0.0000695571
4 3 1 0  0.0001757671
4 3 3 0  -0.0031605445
4 3 5 0  -0.0000137288
4 3 7 0  -0.0000695571
4 4 0 0  0.0018367248
4 4 2 0  -0.0000137288
4 4 4 0  0.0184935580
4 4 6 0  0.0017435829
4 5 1 0  0.0018367248
4 5 3 0  -0.0000137288
4 5 5 0  0.0184935580
4 5 7 0  0.0017435829
4 6 0 0  -0.0031206649
4 6 2 0  -0.0000695571
4 6 4 0  0.0017435829
4 6 6 0  -0.0079825007
4 7 1 0  -0.0031206649
4 7 3 0  -0.0000695571
4 7 5 0  0.0017435829
4 7 7 0  -0.0079825007
4 8 8 0  -0.0087044310
4 9 9 0  -0.0087044310
4 10 10 0  -0.0087044310
4 11 11 0  -0.0087044310
4 0 0 2  0.0002028421
4 0 2 2  -0.0000137288
4 0 4 2  -0.0000137288
4 1 1 2  0.0002028421
4 1 3 2  -0.0000137288
4 1 5 2  -0.0000137288
4 2 0 2  -0.0000137288
4 2 2 2  0.0001062946
4 2 4 2  0.0000023333
4 2 6 2  -0.0000095850
4 3 1 2  -0.0000137288
4 3 3 2  0.0001062946
4 3 5 2  0.0000023333
4 3 7 2  -0.0000095850
4 4 0 2  -0.0000137288
4 4 2 2  0.0000023333
4 4 4 2  0.0001062946
4 4 6 2  0.0000095850
4 5 1 2  -0.0000137288
4 5 3 2  0.0000023333
4 5 5 2  0.0001062946
4 5 7 2  0.0000095850
4 6 2 2  -0.0000095850
4 6 4 2  0.0000095850
4 6 6 2  0.0001337172
4 7 3 2  -0.0000095850
4 7 5 2  0.0000095850
4 7 7 2  0.0001337172
4 8 8 2  0.0002531567
4 9 9 2  0.0002531567
4 10 10 2  0.0002531567
4 11 11 2  0.0002531567
4 0 0 4  0.0773081506
4 0 2 4  -0.0031605445
4 0 4 4  0.0184935580
4 0 6 4  -0.0126080820
4 1 1 4  0.0773081506
4 1 3 4  -0.0031605445
4 1 5 4  0.0184935580
4 1 7 4  -0.0126080820
4 2 0 4  -0.0031605445
4 2 2 4  0.0385101955
4 2 4 4  0.0001062946
4 2 6 4  0.0030652250
4 3 1 4  -0.0031605445
4 3 3 4  0.0385101955
4 3 5 4  0.0001062946
4 3 7 4  0.0030652250
4 4 0 4  0.0184935580
4 4 2 4  0.0001062946
4 4 4 4  0.3829519845
4 4 6 4  0.0207226048
4 5 1 4  0.0184935580
4 5 3 4  0.0001062946
4 5 5 4  0.3829519845
4 5 7 4  0.0207226048
4 6 0 4  -0.0126080820
4 6 2 4  0.0030652250
4 6 4 4  0.0207226048
4 6 6 4  0.0814848006
4 7 1 4  -0.0126080820
4 7 3 4  0.0030652250
4 7 5 4  0.0207226048
4 7 7 4  0.0814848006
4 8 8 4  0.0745289782
4 9 9 4  0.0745289782
4 10 10 4  0.0745289782
4 11 11 4  0.0745289782
4 0 0 6  -0.0066264059
4 0 2 6  0.0000695571
4 0 4 6  0.0017435829
4 0 6 6  -0.0030824943
4 1 1 6  -0.0066264059
4 1 3 6  0.0000695571
4 1 5 6  0.0017435829
4 1 7 6  -0.0030824943
4 2 0 6  0.0000695571
4 2 2 6  -0.0030652250
4 2 4 6  0.0000095850
4 2 6 6  -0.0000570699
4 3 1 6  0.0000695571
4 3 3 6  -0.0030652250
4 3 5 6  0.0000095850
4 3 7 6  -0.0000570699
4 4 0 6  0.0017435829
4 4 2 6  0.0000095850
4 4 4 6  0.0207226048
4 4 6 6  0.0020445849
4 5 1 6  0.0017435829
4 5 3 6  0.0000095850
4 5 5 6  0.0207226048
4 5 7 6  0.0020445849
4 6 0 6  -0.0030824943
4 6 2 6  -0.0000570699
4 6 4 6  0.0020445849
4 6 6 6  -0.0075136954
4 7 1 6  -0.0030824943
4 7 3 6  -0.0000570699
4 7 5 6  0.0020445849
4 7 7 6  -0.0075136954
4 8 8 6  -0.0065319413
4 9 9 6  -0.0065319413
4 10 10 6  -0.0065319413
4 11 11 6  -0.0065319413
4 0 8 8  -0.0030367294
4 1 9 8  -0.0030367294
4 2 8 8  0.0001874188
4 3 9 8  0.0001874188
4 4 8 8  0.0002455377
4 5 9 8  0.0002455377
4 6 8 8  -0.0005710841
4 7 9 8  -0.0005710841
4 8 0 8  -0.0030367294
4 8 2 8  0.0001874188
4 8 4 8  0.0002455377
4 8 6 8  -0.0005710841
4 9 1 8  -0.0030367294
4 9 3 8  0.0001874188
4 9 5 8  0.0002455377
4 9 7 8  -0.0005710841
4 0 10 10  -0.0030367294
4 1 11 10  -0.0030367294
4 2 10 10  0.0001874188
4 3 11 10  0.0001874188
4 4 10 10  0.0002455377
4 5 11 10  0.0002455377
4 6 10 10  -0.0005710841
4 7 11 10  -0.0005710841
4 10 0 10  -0.0030367294
4 10 2 10  0.0001874188
4 10 4 10  0.0002455377
4 10 6 10  -0.0005710841
4 11 1 10  -0.0030367294
4 11 3 10  0.0001874188
4 11 5 10  0.0002455377
4 11 7 10  -0.0005710841
5 0 0 1  -0.0081722279
5 0 2 1  0.0001757671
5 0 4 1  0.0018367248
5 0 6 1  -0.0031206649
5 1 1 1  -0.0081722279
5 1 3 1  0.0001757671
5 1 5 1  0.0018367248
5 1 7 1  -0.0031206649
5 2 0 1  0.0001757671
5 2 2 1  -0.0031605445
5 2 4 1  -0.0000137288
5 2 6 1  -0.0000695571
5 3 1 1  0.0001757671
5 3 3 1  -0.0031605445
5 3 5 1  -0.0000137288
5 3 7 1  -0.0000695571
5 4 0 1  0.0018367248
5 4 2 1  -0.0000137288
5 4 4 1  0.0184935580
5 4 6 1  0.0017435829
5 5 1 1  0.0018367248
5 5 3 1  -0.0000137288
5 5 5 1  0.0184935580
5 5 7 1  0.0017435829
5 6 0 1  -0.0031206649
5 6 2 1  -0.0000695571
5 6 4 1  0.0017435829
5 6 6 1  -0.0079825007
5 7 1 1  -0.0031206649
5 7 3 1  -0.0000695571
5 7 5 1  0.0017435829
5 7 7 1  -0.0079825007
5 8 8 1  -0.0087044310
5 9 9 1  -0.0087044310
5 10 10 1  -0.0087044310
5 11 11 1  -0.0087044310
5 0 0 3  0.0002028421
5 0 2 3  -0.0000137288
5 0 4 3  -0.0000137288
5 1 1 3  0.0002028421
5 1 3 3  -0.0000137288
5 1 5 3  -0.0000137288
5 2 0 3  -0.0000137288
5 2 2 3  0.0001062946
5 2 4 3  0.0000023333
5 2 6 3  -0.0000095850
5 3 1 3  -0.0000137288
5 3 3 3  0.0001062946
5 3 5 3  0.0000023333
5 3 7 3  -0.0000095850
5 4 0 3  -0.0000137288
5 4 2 3  0.0000023333
5 4 4 3  0.0001062946
5 4 6 3  0.0000095850
5 5 1 3  -0.0000137288
5 5 3 3  0.0000023333
5 5 5 3  0.0001062946
5 5 7 3  0.0000095850
5 6 2 3  -0.0000095850
5 6 4 3  0.0000095850
5 6 6 3  0.0001337172
5 7 3 3  -0.0000095850
5 7 5 3  0.0000095850
5 7 7 3  0.0001337172
5 8 8 3  0.0002531567
5 9 9 3  0.0002531567
5 10 10 3  0.0002531567
5 11 11 3  0.0002531567
5 0 0 5  0.0773081506
5 0 2 5  -0.0031605445
5 0 4 5  0.0184935580
5 0 6 5  -0.0126080820
5 1 1 5  0.0773081506
5 1 3 5  -0.0031605445
5 1 5 5  0.0184935580
5 1 7 5  -0.0126080820
5 2 0 5  -0.0031605445
5 2 2 5  0.0385101955
5 2 4 5  0.0001062946
5 2 6 5  0.0030652250
5 3 1 5  -0.0031605445
5 3 3 5  0.0385101955
5 3 5 5  0.0001062946
5 3 7 5  0.0030652250
5 4 0 5  0.0184935580
5 4 2 5  0.0001062946
5 4 4 5  0.3829519845
5 4 6 5  0.0207226048
5 5 1 5  0.0184935580
5 5 3 5  0.0001062946
5 5 5 5  0.3829519845
5 5 7 5  0.0207226048
5 6 0 5  -0.0126080820
5 6 2 5  0.0030652250
5 6 4 5  0.0207226048
5 6 6 5  0.0814848006
5 7 1 5  -0.0126080820
5 7 3 5  0.0030652250
5 7 5 5  0.0207226048
5 7 7 5  0.0814848006
5 8 8 5  0.0745289782
5 9 9 5  0.0745289782
5 10 10 5  0.0745289782
5 11 11 5  0.0745289782
5 0 0 7  -0.0066264059
5 0 2 7  0.0000695571
5 0 4 7  0.0017435829
5 0 6 7  -0.0030824943
5 1 1 7  -0.0066264059
5 1 3 7  0.0000695571
5 1 5 7  0.0017435829
5 1 7 7  -0.0030824943
5 2 0 7  0.0000695571
5 2 2 7  -0.0030652250
5 2 4 7  0.0000095850
5 2 6 7  -0.0000570699
5 3 1 7  0.0000695571
5 3 3 7  -0.0030652250
5 3 5 7  0.0000095850
5 3 7 7  -0.0000570699
5 4 0 7  0.0017435829
5 4 2 7  0.0000095850
5 4 4 7  0.0207226048
5 4 6 7  0.0020445849
5 5 1 7  0.0017435829
5 5 3 7  0.0000095850
5 5 5 7  0.0207226048
5 5 7 7  0.0020445849
5 6 0 7  -0.0030824943
5 6 2 7  -0.0000570699
5 6 4 7  0.0020445849
5 6 6 7  -0.0075136954
5 7 1 7  -0.0030824943
5 7 3 7  -0.0000570699
5 7 5 7  0.0020445849
5 7 7 7  -0.0075136954
5 8 8 7  -0.0065319413
5 9 9 7  -0.0065319413
5 10 10 7  -0.0065319413
5 11 11 7  -0.0065319413
5 0 8 9  -0.0030367294
5 1 9 9  -0.0030367294
5 2 8 9  0.0001874188
5 3 9 9  0.0001874188
5 4 8 9  0.0002455377
5 5 9 9  0.0002455377
5 6 8 9  -0.0005710841
5 7 9 9  -0.0005710841
5 8 0 9  -0.0030367294
5 8 2 9  0.0001874188
5 8 4 9  0.0002455377
5 8 6 9  -0.0005710841
5 9 1 9  -0.0030367294
5 9 3 9  0.0001874188
5 9 5 9  0.0002455377
5 9 7 9  -0.0005710841
5 0 10 11  -0.0030367294
5 1 11 11  -0.0030367294
5 2 10 11  0.0001874188
5 3 11 11  0.0001874188
5 4 10 11  0.0002455377
5 5 11 11  0.0002455377
5 6 10 11  -0.0005710841
5 7 11 11  -0.0005710841
5 10 0 11  -0.0030367294
5 10 2 11  0.0001874188
5 10 4 11  0.0002455377
5 10 6 11  -0.0005710841
5 11 1 11  -0.0030367294
5 11 3 11  0.0001874188
5 11 5 11  0.0002455377
5 11 7 11  -0.0005710841
6 0 2 0  0.0031206649
6 0 4 0  -0.0031206649
6 0 6 0  0.0428171573
6 1 3 0  0.0031206649
6 1 5 0  -0.0031206649
6 1 7 0  0.0428171573
6 2 0 0  0.0031206649
6 2 2 0  0.0126080820
6 2 6 0  -0.0030824943
6 3 1 0  0.0031206649
6 3 3 0  0.0126080820
6 3 7 0  -0.0030824943
6 4 0 0  -0.0031206649
6 4 4 0  -0.0126080820
6 4 6 0  -0.0030824943
6 5 1 0  -0.0031206649
6 5 5 0  -0.0126080820
6 5 7 0  -0.0030824943
6 6 0 0  0.0428171573
6 6 2 0  -0.0030824943
6 6 4 0  -0.0030824943
6 7 1 0  0.0428171573
6 7 3 0  -0.0030824943
6 7 5 0  -0.0030824943
6 0 0 2  0.0066264059
6 0 2 2  -0.0017435829
6 0 4 2  -0.0000695571
6 0 6 2  -0.0030824943
6 1 1 2  0.0066264059
6 1 3 2  -0.0017435829
6 1 5 2  -0.0000695571
6 1 7 2  -0.0030824943
6 2 0 2  -0.0017435829
6 2 2 2  -0.0207226048
6 2 4 2  -0.0000095850
6 2 6 2  0.0020445849
6 3 1 2  -0.0017435829
6 3 3 2  -0.0207226048
6 3 5 2  -0.0000095850
6 3 7 2  0.0020445849
6 4 0 2  -0.0000695571
6 4 2 2  -0.0000095850
6 4 4 2  0.0030652250
6 4 6 2  -0.0000570699
6 5 1 2  -0.0000695571
6 5 3 2  -0.0000095850
6 5 5 2  0.0030652250
6 5 7 2  -0.0000570699
6 6 0 2  -0.0030824943
6 6 2 2  0.0020445849
6 6 4 2  -0.0000570699
6 6 6 2  0.0075136954
6 7 1 2  -0.0030824943
6 7 3 2  0.0020445849
6 7 5 2  -0.0000570699
6 7 7 2  0.0075136954
6 8 8 2  0.0065319413
6 9 9 2  0.0065319413
6 10 10 2  0.0065319413
6 11 11 2  0.0065319413
6 0 0 4  -0.0066264059
6 0 2 4  0.0000695571
6 0 4 4  0.0017435829
6 0 6 4  -0.0030824943
6 1 1 4  -0.0066264059
6 1 3 4  0.0000695571
6 1 5 4  0.0017435829
6 1 7 4  -0.0030824943
6 2 0 4  0.0000695571
6 2 2 4  -0.0030652250
6 2 4 4  0.0000095850
6 2 6 4  -0.0000570699
6 3 1 4  0.0000695571
6 3 3 4  -0.0030652250
6 3 5 4  0.0000095850
6 3 7 4  -0.0000570699
6 4 0 4  0.0017435829
6 4 2 4  0.0000095850
6 4 4 4  0.0207226048
6 4 6 4  0.0020445849
6 5 1 4  0.0017435829
6 5 3 4  0.0000095850
6 5 5 4  0.0207226048
6 5 7 4  0.0020445849
6 6 0 4  -0.0030824943
6 6 2 4  -0.0000570699
6 6 4 4  0.0020445849
6 6 6 4  -0.0075136954
6 7 1 4  -0.0030824943
6 7 3 4  -0.0000570699
6 7 5 4  0.0020445849
6 7 7 4  -0.0075136954
6 8 8 4  -0.0065319413
6 9 9 4  -0.0065319413
6 10 10 4  -0.0065319413
6 11 11 4  -0.0065319413
6 0 0 6  0.2034107717
6 0 2 6  -0.0079825007
6 0 4 6  -0.0079825007
6 1 1 6  0.2034107717
6 1 3 6  -0.0079825007
6 1 5 6  -0.0079825007
6 2 0 6  -0.0079825007
6 2 2 6  0.0814848006
6 2 4 6  0.0001337172
6 2 6 6  0.0075136954
6 3 1 6  -0.0079825007
6 3 3 6  0.0814848006
6 3 5 6  0.0001337172
6 3 7 6  0.0075136954
6 4 0 6  -0.0079825007
6 4 2 6  0.0001337172
6 4 4 6  0.0814848006
6 4 6 6  -0.0075136954
6 5 1 6  -0.0079825007
6 5 3 6  0.0001337172
6 5 5 6  0.0814848006
6 5 7 6  -0.0075136954
6 6 2 6  0.0075136954
6 6 4 6  -0.0075136954
6 6 6 6  0.2239871933
6 7 3 6  0.0075136954
6 7 5 6  -0.0075136954
6 7 7 6  0.2239871933
6 8 8 6  0.2003077869
6 9 9 6  0.2003077869
6 10 10 6  0.2003077869
6 11 11 6  0.2003077869
6 2 8 8  0.0005710841
6 3 9 8  0.0005710841
6 4 8 8  -0.0005710841
6 5 9 8  -0.0005710841
6 6 8 8  0.0121072474
6 7 9 8  0.0121072474
6 8 2 8  0.0005710841
6 8 4 8  -0.0005710841
6 8 6 8  0.0121072474
6 9 3 8  0.0005710841
6 9 5 8  -0.0005710841
6 9 7 8  0.0121072474
6 2 10 10  0.0005710841
6 3 11 10  0.0005710841
6 4 10 10  -0.0005710841
6 5 11 10  -0.0005710841
6 6 10 10  0.0121072474
6 7 11 10  0.0121072474
6 10 2 10  0.0005710841
6 10 4 10  -0.0005710841
6 10 6 10  0.0121072474
6 11 3 10  0.0005710841
6 11 5 10  -0.0005710841
6 11 7 10  0.0121072474
7 0 2 1  0.0031206649
7 0 4 1  -0.0031206649
7 0 6 1  0.0428171573
7 1 3 1  0.0031206649
7 1 5 1  -0.0031206649
7 1 7 1  0.0428171573
7 2 0 1  0.0031206649
7 2 2 1  0.0126080820
7 2 6 1  -0.0030824943
7 3 1 1  0.0031206649
7 3 3 1  0.0126080820
7 3 7 1  -0.0030824943
7 4 0 1  -0.0031206649
7 4 4 1  -0.0126080820
7 4 6 1  -0.0030824943
7 5 1 1  -0.0031206649
7 5 5 1  -0.0126080820
7 5 7 1  -0.0030824943
7 6 0 1  0.0428171573
7 6 2 1  -0.0030824943
7 6 4 1  -0.0030824943
7 7 1 1  0.0428171573
7 7 3 1  -0.0030824943
7 7 5 1  -0.0030824943
7 0 0 3  0.0066264059
7 0 2 3  -0.0017435829
7 0 4 3  -0.0000695571
7 0 6 3  -0.0030824943
7 1 1 3  0.0066264059
7 1 3 3  -0.0017435829
7 1 5 3  -0.0000695571
7 1 7 3  -0.0030824943
7 2 0 3  -0.0017435829
7 2 2 3  -0.0207226048
7 2 4 3  -0.0000095850
7 2 6 3  0.0020445849
7 3 1 3  -0.0017435829
7 3 3 3  -0.0207226048
7 3 5 3  -0.0000095850
7 3 7 3  0.0020445849
7 4 0 3  -0.0000695571
7 4 2 3  -0.0000095850
7 4 4 3  0.0030652250
7 4 6 3  -0.0000570699
7 5 1 3  -0.0000695571
7 5 3 3  -0.0000095850
7 5 5 3  0.0030652250
7 5 7 3  -0.0000570699
7 6 0 3  -0.0030824943
7 6 2 3  0.0020445849
7 6 4 3  -0.0000570699
7 6 6 3  0.0075136954
7 7 1 3  -0.0030824943
7 7 3 3  0.0020445849
7 7 5 3  -0.0000570699
7 7 7 3  0.0075136954
7 8 8 3  0.0065319413
7 9 9 3  0.0065319413
7 10 10 3  0.0065319413
7 11 11 3  0.0065319413
7 0 0 5  -0.0066264059
7 0 2 5  0.0000695571
7 0 4 5  0.0017435829
7 0 6 5  -0.0030824943
7 1 1 5  -0.0066264059
7 1 3 5  0.0000695571
7 1 5 5  0.0017435829
7 1 7 5  -0.0030824943
7 2 0 5  0.0000695571
7 2 2 5  -0.0030652250
7 2 4 5  0.0000095850
7 2 6 5  -0.0000570699
7 3 1 5  0.0000695571
7 3 3 5  -0.0030652250
7 3 5 5  0.0000095850
7 3 7 5  -0.0000570699
7 4 0 5  0.0017435829
7 4 2 5  0.0000095850
7 4 4 5  0.0207226048
7 4 6 5  0.0020445849
7 5 1 5  0.0017435829
7 5 3 5  0.0000095850
7 5 5 5  0.0207226048
7 5 7 5  0.0020445849
7 6 0 5  -0.0030824943
7 6 2 5  -0.0000570699
7 6 4 5  0.0020445849
7 6 6 5  -0.0075136954
7 7 1 5  -0.0030824943
7 7 3 5  -0.0000570699
7 7 5 5  0.0020445849
7 7 7 5  -0.0075136954
7 8 8 5  -0.0065319413
7 9 9 5  -0.0065319413
7 10 10 5  -0.0065319413
7 11 11 5  -0.0065319413
7 0 0 7  0.2034107717
7 0 2 7  -0.0079825007
7 0 4 7  -0.0079825007
7 1 1 7  0.2034107717
7 1 3 7  -0.0079825007
7 1 5 7  -0.0079825007
7 2 0 7  -0.0079825007
7 2 2 7  0.0814848006
7 2 4 7  0.0001337172
7 2 6 7  0.0075136954
7 3 1 7  -0.0079825007
7 3 3 7  0.0814848006
7 3 5 7  0.0001337172
7 3 7 7  0.0075136954
7 4 0 7  -0.0079825007
7 4 2 7  0.0001337172
7 4 4 7  0.0814848006
7 4 6 7  -0.0075136954
7 5 1 7  -0.0079825007
7 5 3 7  0.0001337172
7 5 5 7  0.0814848006
7 5 7 7  -0.0075136954
7 6 2 7  0.0075136954
7 6 4 7  -0.0075136954
7 6 6 7  0.2239871933
7 7 3 7  0.0075136954
7 7 5 7  -0.0075136954
7 7 7 7  0.2239871933
7 8 8 7  0.2003077869
7 9 9 7  0.2003077869
7 10 10 7  0.2003077869
7 11 11 7  0.2003077869
7 2 8 9  0.0005710841
7 3 9 9  0.0005710841
7 4 8 9  -0.0005710841
7 5 9 9  -0.0005710841
7 6 8 9  0.0121072474
7 7 9 9  0.0121072474
7 8 2 9  0.0005710841
7 8 4 9  -0.0005710841
7 8 6 9  0.0121072474
7 9 3 9  0.0005710841
7 9 5 9  -0.0005710841
7 9 7 9  0.0121072474
7 2 10 11  0.0005710841
7 3 11 11  0.0005710841
7 4 10 11  -0.0005710841
7 5 11 11  -0.0005710841
7 6 10 11  0.0121072474
7 7 11 11  0.0121072474
7 10 2 11  0.0005710841
7 10 4 11  -0.0005710841
7 10 6 11  0.0121072474
7 11 3 11  0.0005710841
7 11 5 11  -0.0005710841
7 11 7 11  0.0121072474
8 0 8 0  0.0430696763
8 1 9 0  0.0430696763
8 2 8 0  -0.0030367294
8 3 9 0  -0.0030367294
8 4 8 0  -0.0030367294
8 5 9 0  -0.0030367294
8 8 0 0  0.0430696763
8 8 2 0  -0.0030367294
8 8 4 0  -0.0030367294
8 9 1 0  0.0430696763
8 9 3 0  -0.0030367294
8 9 5 0  -0.0030367294
8 0 8 2  -0.0030367294
8 1 9 2  -0.0030367294
8 2 8 2  0.0002455377
8 3 9 2  0.0002455377
8 4 8 2  0.0001874188
8 5 9 2  0.0001874188
8 6 8 2  0.0005710841
8 7 9 2  0.0005710841
8 8 0 2  -0.0030367294
8 8 2 2  0.0002455377
8 8 4 2  0.0001874188
8 8 6 2  0.0005710841
8 9 1 2  -0.0030367294
8 9 3 2  0.0002455377
8 9 5 2  0.0001874188
8 9 7 2  0.0005710841
8 0 8 4  -0.0030367294
8 1 9 4  -0.0030367294
8 2 8 4  0.0001874188
8 3 9 4  0.0001874188
8 4 8 4  0.0002455377
8 5 9 4  0.0002455377
8 6 8 4  -0.0005710841
8 7 9 4  -0.0005710841
8 8 0 4  -0.0030367294
8 8 2 4  0.0001874188
8 8 4 4  0.0002455377
8 8 6 4  -0.0005710841
8 9 1 4  -0.0030367294
8 9 3 4  0.0001874188
8 9 5 4  0.0002455377
8 9 7 4  -0.0005710841
8 2 8 6  0.0005710841
8 3 9 6  0.0005710841
8 4 8 6  -0.0005710841
8 5 9 6  -0.0005710841
8 6 8 6  0.0121072474
8 7 9 6  0.0121072474
8 8 2 6  0.0005710841
8 8 4 6  -0.0005710841
8 8 6 6  0.0121072474
8 9 3 6  0.0005710841
8 9 5 6  -0.0005710841
8 9 7 6  0.0121072474
8 0 0 8  0.2037154339
8 0 2 8  -0.0087044310
8 0 4 8  -0.0087044310
8 1 1 8  0.2037154339
8 1 3 8  -0.0087044310
8 1 5 8  -0.0087044310
8 2 0 8  -0.0087044310
8 2 2 8  0.0745289782
8 2 4 8  0.0002531567
8 2 6 8  0.0065319413
8 3 1 8  -0.0087044310
8 3 3 8  0.0745289782
8 3 5 8  0.0002531567
8 3 7 8  0.0065319413
8 4 0 8  -0.0087044310
8 4 2 8  0.0002531567
8 4 4 8  0.0745289782
8 4 6 8  -0.0065319413
8 5 1 8  -0.0087044310
8 5 3 8  0.0002531567
8 5 5 8  0.0745289782
8 5 7 8  -0.0065319413
8 6 2 8  0.0065319413
8 6 4 8  -0.0065319413
8 6 6 8  0.2003077869
8 7 3 8  0.0065319413
8 7 5 8  -0.0065319413
8 7 7 8  0.2003077869
8 8 8 8  0.2249295456
8 9 9 8  0.2249295456
8 10 10 8  0.2006801625
8 11 11 8  0.2006801625
8 8 10 10  0.0121246913
8 9 11 10  0.0121246913
8 10 8 10  0.0121246913
8 11 9 10  0.0121246913
9 0 8 1  0.0430696763
9 1 9 1  0.0430696763
9 2 8 1  -0.0030367294
9 3 9 1  -0.0030367294
9 4 8 1  -0.0030367294
9 5 9 1  -0.0030367294
9 8 0 1  0.0430696763
9 8 2 1  -0.0030367294
9 8 4 1  -0.0030367294
9 9 1 1  0.0430696763
9 9 3 1  -0.0030367294
9 9 5 1  -0.0030367294
9 0 8 3  -0.0030367294
9 1 9 3  -0.0030367294
9 2 8 3  0.0002455377
9 3 9 3  0.0002455377
9 4 8 3  0.0001874188
9 5 9 3  0.0001874188
9 6 8 3  0.0005710841
9 7 9 3  0.0005710841
9 8 0 3  -0.0030367294
9 8 2 3  0.0002455377
9 8 4 3  0.0001874188
9 8 6 3  0.0005710841
9 9 1 3  -0.0030367294
9 9 3 3  0.0002455377
9 9 5 3  0.0001874188
9 9 7 3  0.0005710841
9 0 8 5  -0.0030367294
9 1 9 5  -0.0030367294
9 2 8 5  0.0001874188
9 3 9 5  0.0001874188
9 4 8 5  0.0002455377
9 5 9 5  0.0002455377
9 6 8 5  -0.0005710841
9 7 9 5  -0.0005710841
9 8 0 5  -0.0030367294
9 8 2 5  0.0001874188
9 8 4 5  0.0002455377
9 8 6 5  -0.0005710841
9 9 1 5  -0.0030367294
9 9 3 5  0.0001874188
9 9 5 5  0.0002455377
9 9 7 5  -0.0005710841
9 2 8 7  0.0005710841
9 3 9 7  0.0005710841
9 4 8 7  -0.0005710841
9 5 9 7  -0.0005710841
9 6 8 7  0.0121072474
9 7 9 7  0.0121072474
9 8 2 7  0.0005710841
9 8 4 7  -0.0005710841
9 8 6 7  0.0121072474
9 9 3 7  0.0005710841
9 9 5 7  -0.0005710841
9 9 7 7  0.0121072474
9 0 0 9  0.2037154339
9 0 2 9  -0.0087044310
9 0 4 9  -0.0087044310
9 1 1 9  0.2037154339
9 1 3 9  -0.0087044310
9 1 5 9  -0.0087044310
9 2 0 9  -0.0087044310
9 2 2 9  0.0745289782
9 2 4 9  0.0002531567
9 2 6 9  0.0065319413
9 3 1 9  -0.0087044310
9 3 3 9  0.0745289782
9 3 5 9  0.0002531567
9 3 7 9  0.0065319413
9 4 0 9  -0.0087044310
9 4 2 9  0.0002531567
9 4 4 9  0.0745289782
9 4 6 9  -0.0065319413
9 5 1 9  -0.0087044310
9 5 3 9  0.0002531567
9 5 5 9  0.0745289782
9 5 7 9  -0.0065319413
9 6 2 9  0.0065319413
9 6 4 9  -0.0065319413
9 6 6 9  0.2003077869
9 7 3 9  0.0065319413
9 7 5 9  -0.0065319413
9 7 7 9  0.2003077869
9 8 8 9  0.2249295456
9 9 9 9  0.2249295456
9 10 10 9  0.2006801625
9 11 11 9  0.2006801625
9 8 10 11  0.0121246913
9 9 11 11  0.0121246913
9 10 8 11  0.0121246913
9 11 9 11  0.0121246913
10 0 10 0  0.0430696763
10 1 11 0  0.0430696763
10 2 10 0  -0.0030367294
10 3 11 0  -0.0030367294
10 4 10 0  -0.0030367294
10 5 11 0  -0.0030367294
10 10 0 0  0.0430696763
10 10 2 0  -0.0030367294
10 10 4 0  -0.0030367294
10 11 1 0  0.0430696763
10 11 3 0  -0.0030367294
10 11 5 0  -0.0030367294
10 0 10 2  -0.0030367294
10 1 11 2  -0.0030367294
10 2 10 2  0.0002455377
10 3 11 2  0.0002455377
10 4 10 2  0.0001874188
10 5 11 2  0.0001874188
10 6 10 2  0.0005710841
10 7 11 2  0.0005710841
10 10 0 2  -0.0030367294
10 10 2 2  0.0002455377
10 10 4 2  0.0001874188
10 10 6 2  0.0005710841
10 11 1 2  -0.0030367294
10 11 3 2  0.0002455377
10 11 5 2  0.0001874188
10 11 7 2  0.0005710841
10 0 10 4  -0.0030367294
10 1 11 4  -0.0030367294
10 2 10 4  0.0001874188
10 3 11 4  0.0001874188
10 4 10 4  0.0002455377
10 5 11 4  0.0002455377
10 6 10 4  -0.0005710841
10 7 11 4  -0.0005710841
10 10 0 4  -0.0030367294
10 10 2 4  0.0001874188
10 10 4 4  0.0002455377
10 10 6 4  -0.0005710841
10 11 1 4  -0.0030367294
10 11 3 4  0.0001874188
10 11 5 4  0.0002455377
10 11 7 4  -0.0005710841
10 2 10 6  0.0005710841
10 3 11 6  0.0005710841
10 4 10 6  -0.0005710841
10 5 11 6  -0.0005710841
10 6 10 6  0.0121072474
10 7 11 6  0.0121072474
10 10 2 6  0.0005710841
10 10 4 6  -0.0005710841
10 10 6 6  0.0121072474
10 11 3 6  0.0005710841
10 11 5 6  -0.0005710841
10 11 7 6  0.0121072474
10 8 10 8  0.0121246913
10 9 11 8  0.0121246913
10 10 8 8  0.0121246913
10 11 9 8  0.0121246913
10 0 0 10  0.2037154339
10 0 2 10  -0.0087044310
10 0 4 10  -0.0087044310
10 1 1 10  0.2037154339
10 1 3 10  -0.0087044310
10 1 5 10  -0.0087044310
10 2 0 10  -0.0087044310
10 2 2 10  0.0745289782
10 2 4 10  0.0002531567
10 2 6 10  0.0065319413
10 3 1 10  -0.0087044310
10 3 3 10  0.0745289782
10 3 5 10  0.0002531567
10 3 7 10  0.0065319413
10 4 0 10  -0.0087044310
10 4 2 10  0.0002531567
10 4 4 10  0.0745289782
10 4 6 10  -0.0065319413
10 5 1 10  -0.0087044310
10 5 3 10  0.0002531567
10 5 5 10  0.0745289782
10 5 7 10  -0.0065319413
10 6 2 10  0.0065319413
10 6 4 10  -0.0065319413
10 6 6 10  0.2003077869
10 7 3 10  0.0065319413
10 7 5 10  -0.0065319413
10 7 7 10  0.2003077869
10 8 8 10  0.2006801625
10 9 9 10  0.2006801625
10 10 10 10  0.2249295456
10 11 11 10  0.2249295456
11 0 10 1  0.0430696763
11 1 11 1  0.0430696763
11 2 10 1  -0.0030367294
11 3 11 1  -0.0030367294
11 4 10 1  -0.0030367294
11 5 11 1  -0.0030367294
11 10 0 1  0.0430696763
11 10 2 1  -0.0030367294
11 10 4 1  -0.0030367294
11 11 1 1  0.0430696763
11 11 3 1  -0.0030367294
11 11 5 1  -0.0030367294
11 0 10 3  -0.0030367294
11 1 11 3  -0.0030367294
11 2 10 3  0.0002455377
11 3 11 3  0.0002455377
11 4 10 3  0.0001874188
11 5 11 3  0.0001874188
11 6 10 3  0.0005710841
11 7 11 3  0.0005710841
11 10 0 3  -0.0030367294
11 10 2 3  0.0002455377
11 10 4 3  0.0001874188
11 10 6 3  0.0005710841
11 11 1 3  -0.0030367294
11 11 3 3  0.0002455377
11 11 5 3  0.0001874188
11 11 7 3  0.0005710841
11 0 10 5  -0.0030367294
11 1 11 5  -0.0030367294
11 2 10 5  0.0001874188
11 3 11 5  0.0001874188
11 4 10 5  0.0002455377
11 5 11 5  0.0002455377
11 6 10 5  -0.0005710841
11 7 11 5  -0.0005710841
11 10 0 5  -0.0030367294
11 10 2 5  0.0001874188
11 10 4 5  0.0002455377
11 10 6 5  -0.0005710841
11 11 1 5  -0.0030367294
11 11 3 5  0.0001874188
11 11 5 5  0.0002455377
11 11 7 5  -0.0005710841
11 2 10 7  0.0005710841
11 3 11 7  0.0005710841
11 4 10 7  -0.0005710841
11 5 11 7  -0.0005710841
11 6 10 7  0.0121072474
11 7 11 7  0.0121072474
11 10 2 7  0.0005710841
11 10 4 7  -0.0005710841
11 10 6 7  0.0121072474
11 11 3 7  0.0005710841
11 11 5 7  -0.0005710841
11 11 7 7  0.0121072474
11 8 10 9  0.0121246913
11 9 11 9  0.0121246913
11 10 8 9  0.0121246913
11 11 9 9  0.0121246913
11 0 0 11  0.2037154339
11 0 2 11  -0.0087044310
11 0 4 11  -0.0087044310
11 1 1 11  0.2037154339
11 1 3 11  -0.0087044310
11 1 5 11  -0.0087044310
11 2 0 11  -0.0087044310
11 2 2 11  0.0745289782
11 2 4 11  0.0002531567
11 2 6 11  0.0065319413
11 3 1 11  -0.0087044310
11 3 3 11  0.0745289782
11 3 5 11  0.0002531567
11 3 7 11  0.0065319413
11 4 0 11  -0.0087044310
11 4 2 11  0.0002531567
11 4 4 11  0.0745289782
11 4 6 11  -0.0065319413
11 5 1 11  -0.0087044310
11 5 3 11  0.0002531567
11 5 5 11  0.0745289782
11 5 7 11  -0.0065319413
11 6 2 11  0.0065319413
11 6 4 11  -0.0065319413
11 6 6 11  0.2003077869
11 7 3 11  0.0065319413
11 7 5 11  -0.0065319413
11 7 7 11  0.2003077869
11 8 8 11  0.2006801625
11 9 9 11  0.2006801625
11 10 10 11  0.2249295456
11 11 11 11  0.2249295456
