-11.852111644863214
0 0 -1.4344178532159542
1 1 -1.4344178532159542
0 8 0.009515147185942124
1 9 0.009515147185942124
2 2 -1.4292548470323
3 3 -1.4292548470323
2 10 -0.02080404188801621
3 11 -0.02080404188801621
4 4 -1.1223247891415655
5 5 -1.1223247891415655
6 6 -1.1223247891415655
7 7 -1.1223247891415655
8 0 0.009515147185941847
9 1 0.009515147185941847
8 8 -0.9969602759313351
9 9 -0.9969602759313351
10 2 -0.02080404188801649
11 3 -0.02080404188801649
10 10 -0.7604064141877227
11 11 -0.7604064141877227
0 0 0 0 0.1902627676449489
1 0 0 1 0.1902627676449489
0 1 1 0 0.1902627676449489
1 1 1 1 0.1902627676449489
0 0 8 0 -0.00859812096223594
1 0 8 1 -0.00859812096223594
0 1 9 0 -0.00859812096223594
1 1 9 1 -0.00859812096223594
0 2 2 0 0.1964286844472386
1 2 2 1 0.1964286844472386
0 3 3 0 0.1964286844472386
1 3 3 1 0.1964286844472386
0 2 10 0 -0.0003525031002708321
1 2 10 1 -0.0003525031002708321
0 3 11 0 -0.0003525031002708321
1 3 11 1 -0.0003525031002708321
0 4 4 0 0.1787964137059173
1 4 4 1 0.1787964137059173
0 5 5 0 0.1787964137059173
1 5 5 1 0.1787964137059173
0 6 6 0 0.1787964137059173
1 6 6 1 0.1787964137059173
0 7 7 0 0.1787964137059173
1 7 7 1 0.1787964137059173
0 8 0 0 -0.008598120962235925
1 8 0 1 -0.008598120962235925
0 9 1 0 -0.008598120962235925
1 9 1 1 -0.008598120962235925
0 8 8 0 0.19083289975326345
1 8 8 1 0.19083289975326345
0 9 9 0 0.19083289975326345
1 9 9 1 0.19083289975326345
0 10 2 0 -0.000352503100270833
1 10 2 1 -0.000352503100270833
0 11 3 0 -0.000352503100270833
1 11 3 1 -0.000352503100270833
0 10 10 0 0.2038133161958255
1 10 10 1 0.2038133161958255
0 11 11 0 0.2038133161958255
1 11 11 1 0.2038133161958255
0 0 2 2 0.080227775308502
1 0 2 3 0.080227775308502
0 1 3 2 0.080227775308502
1 1 3 3 0.080227775308502
0 0 10 2 -0.02020544061572534
1 0 10 3 -0.02020544061572534
0 1 11 2 -0.02020544061572534
1 1 11 3 -0.02020544061572534
0 2 0 2 0.08022777530850203
1 2 0 3 0.08022777530850203
0 3 1 2 0.08022777530850203
1 3 1 3 0.08022777530850203
0 2 8 2 -0.04627035888637789
1 2 8 3 -0.04627035888637789
0 3 9 2 -0.04627035888637789
1 3 9 3 -0.04627035888637789
0 8 2 2 -0.0462703588863779
1 8 2 3 -0.0462703588863779
0 9 3 2 -0.0462703588863779
1 9 3 3 -0.0462703588863779
0 8 10 2 0.07033756315261679
1 8 10 3 0.07033756315261679
0 9 11 2 0.07033756315261679
1 9 11 3 0.07033756315261679
0 10 0 2 -0.020205440615725344
1 10 0 3 -0.020205440615725344
0 11 1 2 -0.020205440615725344
1 11 1 3 -0.020205440615725344
0 10 8 2 0.07033756315261677
1 10 8 3 0.07033756315261677
0 11 9 2 0.07033756315261677
1 11 9 3 0.07033756315261677
0 0 4 4 0.023920796916281066
1 0 4 5 0.023920796916281066
0 1 5 4 0.023920796916281066
1 1 5 5 0.023920796916281066
0 4 0 4 0.023920796916281066
1 4 0 5 0.023920796916281066
0 5 1 4 0.023920796916281066
1 5 1 5 0.023920796916281066
0 4 8 4 0.023411320180579308
1 4 8 5 0.023411320180579308
0 5 9 4 0.023411320180579308
1 5 9 5 0.023411320180579308
0 8 4 4 0.023411320180579308
1 8 4 5 0.023411320180579308
0 9 5 4 0.023411320180579308
1 9 5 5 0.023411320180579308
0 0 6 6 0.023920796916281066
1 0 6 7 0.023920796916281066
0 1 7 6 0.023920796916281066
1 1 7 7 0.023920796916281066
0 6 0 6 0.023920796916281066
1 6 0 7 0.023920796916281066
0 7 1 6 0.023920796916281066
1 7 1 7 0.023920796916281066
0 6 8 6 0.023411320180579308
1 6 8 7 0.023411320180579308
0 7 9 6 0.023411320180579308
1 7 9 7 0.023411320180579308
0 8 6 6 0.023411320180579308
1 8 6 7 0.023411320180579308
0 9 7 6 0.023411320180579308
1 9 7 7 0.023411320180579308
0 0 0 8 -0.008598120962235944
1 0 0 9 -0.008598120962235944
0 1 1 8 -0.008598120962235944
1 1 1 9 -0.008598120962235944
0 0 8 8 0.040812738250080964
1 0 8 9 0.040812738250080964
0 1 9 8 0.040812738250080964
1 1 9 9 0.040812738250080964
0 2 2 8 -0.021214974702147324
1 2 2 9 -0.021214974702147324
0 3 3 8 -0.021214974702147324
1 3 3 9 -0.021214974702147324
0 2 10 8 0.03861071871232444
1 2 10 9 0.03861071871232444
0 3 11 8 0.03861071871232444
1 3 11 9 0.03861071871232444
0 4 4 8 0.03180545692705351
1 4 4 9 0.03180545692705351
0 5 5 8 0.03180545692705351
1 5 5 9 0.03180545692705351
0 6 6 8 0.03180545692705351
1 6 6 9 0.03180545692705351
0 7 7 8 0.03180545692705351
1 7 7 9 0.03180545692705351
0 8 0 8 0.04081273825008098
1 8 0 9 0.04081273825008098
0 9 1 8 0.04081273825008098
1 9 1 9 0.04081273825008098
0 8 8 8 -0.01464107457313769
1 8 8 9 -0.01464107457313769
0 9 9 8 -0.01464107457313769
1 9 9 9 -0.01464107457313769
0 10 2 8 0.038610718712324466
1 10 2 9 0.038610718712324466
0 11 3 8 0.038610718712324466
1 11 3 9 0.038610718712324466
0 10 10 8 -0.011684204507723808
1 10 10 9 -0.011684204507723808
0 11 11 8 -0.011684204507723808
1 11 11 9 -0.011684204507723808
0 0 2 10 -0.02020544061572533
1 0 2 11 -0.02020544061572533
0 1 3 10 -0.02020544061572533
1 1 3 11 -0.02020544061572533
0 0 10 10 0.028538807721611874
1 0 10 11 0.028538807721611874
0 1 11 10 0.028538807721611874
1 1 11 11 0.028538807721611874
0 2 0 10 -0.020205440615725337
1 2 0 11 -0.020205440615725337
0 3 1 10 -0.020205440615725337
1 3 1 11 -0.020205440615725337
0 2 8 10 0.03109380977209231
1 2 8 11 0.03109380977209231
0 3 9 10 0.03109380977209231
1 3 9 11 0.03109380977209231
0 8 2 10 0.031093809772092328
1 8 2 11 0.031093809772092328
0 9 3 10 0.031093809772092328
1 9 3 11 0.031093809772092328
0 8 10 10 -0.02476438205325669
1 8 10 11 -0.02476438205325669
0 9 11 10 -0.02476438205325669
1 9 11 11 -0.02476438205325669
0 10 0 10 0.028538807721611884
1 10 0 11 0.028538807721611884
0 11 1 10 0.028538807721611884
1 11 1 11 0.028538807721611884
0 10 8 10 -0.024764382053256682
1 10 8 11 -0.024764382053256682
0 11 9 10 -0.024764382053256682
1 11 9 11 -0.024764382053256682
2 0 2 0 0.080227775308502
3 0 2 1 0.080227775308502
2 1 3 0 0.080227775308502
3 1 3 1 0.080227775308502
2 0 10 0 -0.020205440615725344
3 0 10 1 -0.020205440615725344
2 1 11 0 -0.020205440615725344
3 1 11 1 -0.020205440615725344
2 2 0 0 0.08022777530850202
3 2 0 1 0.08022777530850202
2 3 1 0 0.08022777530850202
3 3 1 1 0.08022777530850202
2 2 8 0 -0.0462703588863779
3 2 8 1 -0.0462703588863779
2 3 9 0 -0.0462703588863779
3 3 9 1 -0.0462703588863779
2 8 2 0 -0.046270358886377906
3 8 2 1 -0.046270358886377906
2 9 3 0 -0.046270358886377906
3 9 3 1 -0.046270358886377906
2 8 10 0 0.07033756315261679
3 8 10 1 0.07033756315261679
2 9 11 0 0.07033756315261679
3 9 11 1 0.07033756315261679
2 10 0 0 -0.020205440615725344
3 10 0 1 -0.020205440615725344
2 11 1 0 -0.020205440615725344
3 11 1 1 -0.020205440615725344
2 10 8 0 0.07033756315261677
3 10 8 1 0.07033756315261677
2 11 9 0 0.07033756315261677
3 11 9 1 0.07033756315261677
2 0 0 2 0.19642868444723857
3 0 0 3 0.19642868444723857
2 1 1 2 0.19642868444723857
3 1 1 3 0.19642868444723857
2 0 8 2 -0.02121497470214732
3 0 8 3 -0.02121497470214732
2 1 9 2 -0.02121497470214732
3 1 9 3 -0.02121497470214732
2 2 2 2 0.20810014590727516
3 2 2 3 0.20810014590727516
2 3 3 2 0.20810014590727516
3 3 3 3 0.20810014590727516
2 2 10 2 -0.009098798919617596
3 2 10 3 -0.009098798919617596
2 3 11 2 -0.009098798919617596
3 3 11 3 -0.009098798919617596
2 4 4 2 0.17047322109142096
3 4 4 3 0.17047322109142096
2 5 5 2 0.17047322109142096
3 5 5 3 0.17047322109142096
2 6 6 2 0.17047322109142096
3 6 6 3 0.17047322109142096
2 7 7 2 0.17047322109142096
3 7 7 3 0.17047322109142096
2 8 0 2 -0.02121497470214732
3 8 0 3 -0.02121497470214732
2 9 1 2 -0.02121497470214732
3 9 1 3 -0.02121497470214732
2 8 8 2 0.19638695515810167
3 8 8 3 0.19638695515810167
2 9 9 2 0.19638695515810167
3 9 9 3 0.19638695515810167
2 10 2 2 -0.009098798919617599
3 10 2 3 -0.009098798919617599
2 11 3 2 -0.009098798919617599
3 11 3 3 -0.009098798919617599
2 10 10 2 0.21227532695907336
3 10 10 3 0.21227532695907336
2 11 11 2 0.21227532695907336
3 11 11 3 0.21227532695907336
2 2 4 4 0.006518274935975403
3 2 4 5 0.006518274935975403
2 3 5 4 0.006518274935975403
3 3 5 5 0.006518274935975403
2 4 2 4 0.006518274935975403
3 4 2 5 0.006518274935975403
2 5 3 4 0.006518274935975403
3 5 3 5 0.006518274935975403
2 4 10 4 0.006707511407227667
3 4 10 5 0.006707511407227667
2 5 11 4 0.006707511407227667
3 5 11 5 0.006707511407227667
2 10 4 4 0.006707511407227667
3 10 4 5 0.006707511407227667
2 11 5 4 0.006707511407227667
3 11 5 5 0.006707511407227667
2 2 6 6 0.006518274935975403
3 2 6 7 0.006518274935975403
2 3 7 6 0.006518274935975403
3 3 7 7 0.006518274935975403
2 6 2 6 0.006518274935975403
3 6 2 7 0.006518274935975403
2 7 3 6 0.006518274935975403
3 7 3 7 0.006518274935975403
2 6 10 6 0.006707511407227667
3 6 10 7 0.006707511407227667
2 7 11 6 0.006707511407227667
3 7 11 7 0.006707511407227667
2 10 6 6 0.006707511407227667
3 10 6 7 0.006707511407227667
2 11 7 6 0.006707511407227667
3 11 7 7 0.006707511407227667
2 0 2 8 -0.0462703588863779
3 0 2 9 -0.0462703588863779
2 1 3 8 -0.0462703588863779
3 1 3 9 -0.0462703588863779
2 0 10 8 0.031093809772092307
3 0 10 9 0.031093809772092307
2 1 11 8 0.031093809772092307
3 1 11 9 0.031093809772092307
2 2 0 8 -0.04627035888637789
3 2 0 9 -0.04627035888637789
2 3 1 8 -0.04627035888637789
3 3 1 9 -0.04627035888637789
2 2 8 8 0.04291927294284584
3 2 8 9 0.04291927294284584
2 3 9 8 0.04291927294284584
3 3 9 9 0.04291927294284584
2 8 2 8 0.042919272942845865
3 8 2 9 0.042919272942845865
2 9 3 8 0.042919272942845865
3 9 3 9 0.042919272942845865
2 8 10 8 -0.04616463925414092
3 8 10 9 -0.04616463925414092
2 9 11 8 -0.04616463925414092
3 9 11 9 -0.04616463925414092
2 10 0 8 0.031093809772092314
3 10 0 9 0.031093809772092314
2 11 1 8 0.031093809772092314
3 11 1 9 0.031093809772092314
2 10 8 8 -0.04616463925414088
3 10 8 9 -0.04616463925414088
2 11 9 8 -0.04616463925414088
3 11 9 9 -0.04616463925414088
2 0 0 10 -0.00035250310027081996
3 0 0 11 -0.00035250310027081996
2 1 1 10 -0.00035250310027081996
3 1 1 11 -0.00035250310027081996
2 0 8 10 0.03861071871232442
3 0 8 11 0.03861071871232442
2 1 9 10 0.03861071871232442
3 1 9 11 0.03861071871232442
2 2 2 10 -0.009098798919617613
3 2 2 11 -0.009098798919617613
2 3 3 10 -0.009098798919617613
3 3 3 11 -0.009098798919617613
2 2 10 10 0.0429492781299398
3 2 10 11 0.0429492781299398
2 3 11 10 0.0429492781299398
3 3 11 11 0.0429492781299398
2 4 4 10 0.03377511278767217
3 4 4 11 0.03377511278767217
2 5 5 10 0.03377511278767217
3 5 5 11 0.03377511278767217
2 6 6 10 0.03377511278767217
3 6 6 11 0.03377511278767217
2 7 7 10 0.03377511278767217
3 7 7 11 0.03377511278767217
2 8 0 10 0.038610718712324424
3 8 0 11 0.038610718712324424
2 9 1 10 0.038610718712324424
3 9 1 11 0.038610718712324424
2 8 8 10 -0.010843858447972744
3 8 8 11 -0.010843858447972744
2 9 9 10 -0.010843858447972744
3 9 9 11 -0.010843858447972744
2 10 2 10 0.042949278129939816
3 10 2 11 0.042949278129939816
2 11 3 10 0.042949278129939816
3 11 3 11 0.042949278129939816
2 10 10 10 -2.79206264430093e-06
3 10 10 11 -2.79206264430093e-06
2 11 11 10 -2.79206264430093e-06
3 11 11 11 -2.79206264430093e-06
4 0 4 0 0.023920796916281066
5 0 4 1 0.023920796916281066
4 1 5 0 0.023920796916281066
5 1 5 1 0.023920796916281066
4 4 0 0 0.023920796916281066
5 4 0 1 0.023920796916281066
4 5 1 0 0.023920796916281066
5 5 1 1 0.023920796916281066
4 4 8 0 0.023411320180579308
5 4 8 1 0.023411320180579308
4 5 9 0 0.023411320180579308
5 5 9 1 0.023411320180579308
4 8 4 0 0.023411320180579308
5 8 4 1 0.023411320180579308
4 9 5 0 0.023411320180579308
5 9 5 1 0.023411320180579308
4 2 4 2 0.006518274935975403
5 2 4 3 0.006518274935975403
4 3 5 2 0.006518274935975403
5 3 5 3 0.006518274935975403
4 4 2 2 0.006518274935975403
5 4 2 3 0.006518274935975403
4 5 3 2 0.006518274935975403
5 5 3 3 0.006518274935975403
4 4 10 2 0.006707511407227667
5 4 10 3 0.006707511407227667
4 5 11 2 0.006707511407227667
5 5 11 3 0.006707511407227667
4 10 4 2 0.006707511407227667
5 10 4 3 0.006707511407227667
4 11 5 2 0.006707511407227667
5 11 5 3 0.006707511407227667
4 0 0 4 0.1787964137059173
5 0 0 5 0.1787964137059173
4 1 1 4 0.1787964137059173
5 1 1 5 0.1787964137059173
4 0 8 4 0.03180545692705351
5 0 8 5 0.03180545692705351
4 1 9 4 0.03180545692705351
5 1 9 5 0.03180545692705351
4 2 2 4 0.17047322109142096
5 2 2 5 0.17047322109142096
4 3 3 4 0.17047322109142096
5 3 3 5 0.17047322109142096
4 2 10 4 0.03377511278767217
5 2 10 5 0.03377511278767217
4 3 11 4 0.03377511278767217
5 3 11 5 0.03377511278767217
4 4 4 4 0.224929545
5 4 4 5 0.224929545
4 5 5 4 0.224929545
5 5 5 5 0.224929545
4 6 6 4 0.2006801625
5 6 6 5 0.2006801625
4 7 7 4 0.2006801625
5 7 7 5 0.2006801625
4 8 0 4 0.03180545692705351
5 8 0 5 0.03180545692705351
4 9 1 4 0.03180545692705351
5 9 1 5 0.03180545692705351
4 8 8 4 0.17834122649850898
5 8 8 5 0.17834122649850898
4 9 9 4 0.17834122649850898
5 9 9 5 0.17834122649850898
4 10 2 4 0.0337751127876722
5 10 2 5 0.0337751127876722
4 11 3 4 0.0337751127876722
5 11 3 5 0.0337751127876722
4 10 10 4 0.1906096713766208
5 10 10 5 0.1906096713766208
4 11 11 4 0.1906096713766208
5 11 11 5 0.1906096713766208
4 4 6 6 0.0121246915
5 4 6 7 0.0121246915
4 5 7 6 0.0121246915
5 5 7 7 0.0121246915
4 6 4 6 0.0121246915
5 6 4 7 0.0121246915
4 7 5 6 0.0121246915
5 7 5 7 0.0121246915
4 0 4 8 0.0234113201805793
5 0 4 9 0.0234113201805793
4 1 5 8 0.0234113201805793
5 1 5 9 0.0234113201805793
4 4 0 8 0.0234113201805793
5 4 0 9 0.0234113201805793
4 5 1 8 0.0234113201805793
5 5 1 9 0.0234113201805793
4 4 8 8 0.024913138273325953
5 4 8 9 0.024913138273325953
4 5 9 8 0.024913138273325953
5 5 9 9 0.024913138273325953
4 8 4 8 0.024913138273325953
5 8 4 9 0.024913138273325953
4 9 5 8 0.024913138273325953
5 9 5 9 0.024913138273325953
4 2 4 10 0.006707511407227666
5 2 4 11 0.006707511407227666
4 3 5 10 0.006707511407227666
5 3 5 11 0.006707511407227666
4 4 2 10 0.006707511407227666
5 4 2 11 0.006707511407227666
4 5 3 10 0.006707511407227666
5 5 3 11 0.006707511407227666
4 4 10 10 0.00843386028460917
5 4 10 11 0.00843386028460917
4 5 11 10 0.00843386028460917
5 5 11 11 0.00843386028460917
4 10 4 10 0.00843386028460917
5 10 4 11 0.00843386028460917
4 11 5 10 0.00843386028460917
5 11 5 11 0.00843386028460917
6 0 6 0 0.023920796916281066
7 0 6 1 0.023920796916281066
6 1 7 0 0.023920796916281066
7 1 7 1 0.023920796916281066
6 6 0 0 0.023920796916281066
7 6 0 1 0.023920796916281066
6 7 1 0 0.023920796916281066
7 7 1 1 0.023920796916281066
6 6 8 0 0.023411320180579308
7 6 8 1 0.023411320180579308
6 7 9 0 0.023411320180579308
7 7 9 1 0.023411320180579308
6 8 6 0 0.023411320180579308
7 8 6 1 0.023411320180579308
6 9 7 0 0.023411320180579308
7 9 7 1 0.023411320180579308
6 2 6 2 0.006518274935975403
7 2 6 3 0.006518274935975403
6 3 7 2 0.006518274935975403
7 3 7 3 0.006518274935975403
6 6 2 2 0.006518274935975403
7 6 2 3 0.006518274935975403
6 7 3 2 0.006518274935975403
7 7 3 3 0.006518274935975403
6 6 10 2 0.006707511407227667
7 6 10 3 0.006707511407227667
6 7 11 2 0.006707511407227667
7 7 11 3 0.006707511407227667
6 10 6 2 0.006707511407227667
7 10 6 3 0.006707511407227667
6 11 7 2 0.006707511407227667
7 11 7 3 0.006707511407227667
6 4 6 4 0.0121246915
7 4 6 5 0.0121246915
6 5 7 4 0.0121246915
7 5 7 5 0.0121246915
6 6 4 4 0.0121246915
7 6 4 5 0.0121246915
6 7 5 4 0.0121246915
7 7 5 5 0.0121246915
6 0 0 6 0.1787964137059173
7 0 0 7 0.1787964137059173
6 1 1 6 0.1787964137059173
7 1 1 7 0.1787964137059173
6 0 8 6 0.03180545692705351
7 0 8 7 0.03180545692705351
6 1 9 6 0.03180545692705351
7 1 9 7 0.03180545692705351
6 2 2 6 0.17047322109142096
7 2 2 7 0.17047322109142096
6 3 3 6 0.17047322109142096
7 3 3 7 0.17047322109142096
6 2 10 6 0.03377511278767217
7 2 10 7 0.03377511278767217
6 3 11 6 0.03377511278767217
7 3 11 7 0.03377511278767217
6 4 4 6 0.2006801625
7 4 4 7 0.2006801625
6 5 5 6 0.2006801625
7 5 5 7 0.2006801625
6 6 6 6 0.224929545
7 6 6 7 0.224929545
6 7 7 6 0.224929545
7 7 7 7 0.224929545
6 8 0 6 0.03180545692705351
7 8 0 7 0.03180545692705351
6 9 1 6 0.03180545692705351
7 9 1 7 0.03180545692705351
6 8 8 6 0.17834122649850898
7 8 8 7 0.17834122649850898
6 9 9 6 0.17834122649850898
7 9 9 7 0.17834122649850898
6 10 2 6 0.0337751127876722
7 10 2 7 0.0337751127876722
6 11 3 6 0.0337751127876722
7 11 3 7 0.0337751127876722
6 10 10 6 0.1906096713766208
7 10 10 7 0.1906096713766208
6 11 11 6 0.1906096713766208
7 11 11 7 0.1906096713766208
6 0 6 8 0.0234113201805793
7 0 6 9 0.0234113201805793
6 1 7 8 0.0234113201805793
7 1 7 9 0.0234113201805793
6 6 0 8 0.0234113201805793
7 6 0 9 0.0234113201805793
6 7 1 8 0.0234113201805793
7 7 1 9 0.0234113201805793
6 6 8 8 0.024913138273325953
7 6 8 9 0.024913138273325953
6 7 9 8 0.024913138273325953
7 7 9 9 0.024913138273325953
6 8 6 8 0.024913138273325953
7 8 6 9 0.024913138273325953
6 9 7 8 0.024913138273325953
7 9 7 9 0.024913138273325953
6 2 6 10 0.006707511407227666
7 2 6 11 0.006707511407227666
6 3 7 10 0.006707511407227666
7 3 7 11 0.006707511407227666
6 6 2 10 0.006707511407227666
7 6 2 11 0.006707511407227666
6 7 3 10 0.006707511407227666
7 7 3 11 0.006707511407227666
6 6 10 10 0.00843386028460917
7 6 10 11 0.00843386028460917
6 7 11 10 0.00843386028460917
7 7 11 11 0.00843386028460917
6 10 6 10 0.00843386028460917
7 10 6 11 0.00843386028460917
6 11 7 10 0.00843386028460917
7 11 7 11 0.00843386028460917
8 0 0 0 -0.008598120962235944
9 0 0 1 -0.008598120962235944
8 1 1 0 -0.008598120962235944
9 1 1 1 -0.008598120962235944
8 0 8 0 0.040812738250080964
9 0 8 1 0.040812738250080964
8 1 9 0 0.040812738250080964
9 1 9 1 0.040812738250080964
8 2 2 0 -0.02121497470214731
9 2 2 1 -0.02121497470214731
8 3 3 0 -0.02121497470214731
9 3 3 1 -0.02121497470214731
8 2 10 0 0.03861071871232444
9 2 10 1 0.03861071871232444
8 3 11 0 0.03861071871232444
9 3 11 1 0.03861071871232444
8 4 4 0 0.03180545692705351
9 4 4 1 0.03180545692705351
8 5 5 0 0.03180545692705351
9 5 5 1 0.03180545692705351
8 6 6 0 0.03180545692705351
9 6 6 1 0.03180545692705351
8 7 7 0 0.03180545692705351
9 7 7 1 0.03180545692705351
8 8 0 0 0.040812738250080985
9 8 0 1 0.040812738250080985
8 9 1 0 0.040812738250080985
9 9 1 1 0.040812738250080985
8 8 8 0 -0.014641074573137736
9 8 8 1 -0.014641074573137736
8 9 9 0 -0.014641074573137736
9 9 9 1 -0.014641074573137736
8 10 2 0 0.038610718712324466
9 10 2 1 0.038610718712324466
8 11 3 0 0.038610718712324466
9 11 3 1 0.038610718712324466
8 10 10 0 -0.011684204507723825
9 10 10 1 -0.011684204507723825
8 11 11 0 -0.011684204507723825
9 11 11 1 -0.011684204507723825
8 0 2 2 -0.046270358886377906
9 0 2 3 -0.046270358886377906
8 1 3 2 -0.046270358886377906
9 1 3 3 -0.046270358886377906
8 0 10 2 0.031093809772092314
9 0 10 3 0.031093809772092314
8 1 11 2 0.031093809772092314
9 1 11 3 0.031093809772092314
8 2 0 2 -0.0462703588863779
9 2 0 3 -0.0462703588863779
8 3 1 2 -0.0462703588863779
9 3 1 3 -0.0462703588863779
8 2 8 2 0.04291927294284584
9 2 8 3 0.04291927294284584
8 3 9 2 0.04291927294284584
9 3 9 3 0.04291927294284584
8 8 2 2 0.042919272942845865
9 8 2 3 0.042919272942845865
8 9 3 2 0.042919272942845865
9 9 3 3 0.042919272942845865
8 8 10 2 -0.04616463925414091
9 8 10 3 -0.04616463925414091
8 9 11 2 -0.04616463925414091
9 9 11 3 -0.04616463925414091
8 10 0 2 0.031093809772092314
9 10 0 3 0.031093809772092314
8 11 1 2 0.031093809772092314
9 11 1 3 0.031093809772092314
8 10 8 2 -0.04616463925414088
9 10 8 3 -0.04616463925414088
8 11 9 2 -0.04616463925414088
9 11 9 3 -0.04616463925414088
8 0 4 4 0.0234113201805793
9 0 4 5 0.0234113201805793
8 1 5 4 0.0234113201805793
9 1 5 5 0.0234113201805793
8 4 0 4 0.0234113201805793
9 4 0 5 0.0234113201805793
8 5 1 4 0.0234113201805793
9 5 1 5 0.0234113201805793
8 4 8 4 0.024913138273325953
9 4 8 5 0.024913138273325953
8 5 9 4 0.024913138273325953
9 5 9 5 0.024913138273325953
8 8 4 4 0.024913138273325953
9 8 4 5 0.024913138273325953
8 9 5 4 0.024913138273325953
9 9 5 5 0.024913138273325953
8 0 6 6 0.0234113201805793
9 0 6 7 0.0234113201805793
8 1 7 6 0.0234113201805793
9 1 7 7 0.0234113201805793
8 6 0 6 0.0234113201805793
9 6 0 7 0.0234113201805793
8 7 1 6 0.0234113201805793
9 7 1 7 0.0234113201805793
8 6 8 6 0.024913138273325953
9 6 8 7 0.024913138273325953
8 7 9 6 0.024913138273325953
9 7 9 7 0.024913138273325953
8 8 6 6 0.024913138273325953
9 8 6 7 0.024913138273325953
8 9 7 6 0.024913138273325953
9 9 7 7 0.024913138273325953
8 0 0 8 0.19083289975326345
9 0 0 9 0.19083289975326345
8 1 1 8 0.19083289975326345
9 1 1 9 0.19083289975326345
8 0 8 8 -0.014641074573137715
9 0 8 9 -0.014641074573137715
8 1 9 8 -0.014641074573137715
9 1 9 9 -0.014641074573137715
8 2 2 8 0.19638695515810164
9 2 2 9 0.19638695515810164
8 3 3 8 0.19638695515810164
9 3 3 9 0.19638695515810164
8 2 10 8 -0.010843858447972799
9 2 10 9 -0.010843858447972799
8 3 11 8 -0.010843858447972799
9 3 11 9 -0.010843858447972799
8 4 4 8 0.17834122649850898
9 4 4 9 0.17834122649850898
8 5 5 8 0.17834122649850898
9 5 5 9 0.17834122649850898
8 6 6 8 0.17834122649850898
9 6 6 9 0.17834122649850898
8 7 7 8 0.17834122649850898
9 7 7 9 0.17834122649850898
8 8 0 8 -0.014641074573137715
9 8 0 9 -0.014641074573137715
8 9 1 8 -0.014641074573137715
9 9 1 9 -0.014641074573137715
8 8 8 8 0.19904714044761895
9 8 8 9 0.19904714044761895
8 9 9 8 0.19904714044761895
9 9 9 9 0.19904714044761895
8 10 2 8 -0.010843858447972782
9 10 2 9 -0.010843858447972782
8 11 3 8 -0.010843858447972782
9 11 3 9 -0.010843858447972782
8 10 10 8 0.2085991011484079
9 10 10 9 0.2085991011484079
8 11 11 8 0.2085991011484079
9 11 11 9 0.2085991011484079
8 0 2 10 0.07033756315261676
9 0 2 11 0.07033756315261676
8 1 3 10 0.07033756315261676
9 1 3 11 0.07033756315261676
8 0 10 10 -0.0247643820532567
9 0 10 11 -0.0247643820532567
8 1 11 10 -0.0247643820532567
9 1 11 11 -0.0247643820532567
8 2 0 10 0.07033756315261679
9 2 0 11 0.07033756315261679
8 3 1 10 0.07033756315261679
9 3 1 11 0.07033756315261679
8 2 8 10 -0.04616463925414088
9 2 8 11 -0.04616463925414088
8 3 9 10 -0.04616463925414088
9 3 9 11 -0.04616463925414088
8 8 2 10 -0.046164639254140966
9 8 2 11 -0.046164639254140966
8 9 3 10 -0.046164639254140966
9 9 3 11 -0.046164639254140966
8 8 10 10 0.06885999147207396
9 8 10 11 0.06885999147207396
8 9 11 10 0.06885999147207396
9 9 11 11 0.06885999147207396
8 10 0 10 -0.024764382053256703
9 10 0 11 -0.024764382053256703
8 11 1 10 -0.024764382053256703
9 11 1 11 -0.024764382053256703
8 10 8 10 0.06885999147207394
9 10 8 11 0.06885999147207394
8 11 9 10 0.06885999147207394
9 11 9 11 0.06885999147207394
10 0 2 0 -0.020205440615725337
11 0 2 1 -0.020205440615725337
10 1 3 0 -0.020205440615725337
11 1 3 1 -0.020205440615725337
10 0 10 0 0.02853880772161188
11 0 10 1 0.02853880772161188
10 1 11 0 0.02853880772161188
11 1 11 1 0.02853880772161188
10 2 0 0 -0.020205440615725344
11 2 0 1 -0.020205440615725344
10 3 1 0 -0.020205440615725344
11 3 1 1 -0.020205440615725344
10 2 8 0 0.031093809772092314
11 2 8 1 0.031093809772092314
10 3 9 0 0.031093809772092314
11 3 9 1 0.031093809772092314
10 8 2 0 0.031093809772092328
11 8 2 1 0.031093809772092328
10 9 3 0 0.031093809772092328
11 9 3 1 0.031093809772092328
10 8 10 0 -0.02476438205325668
11 8 10 1 -0.02476438205325668
10 9 11 0 -0.02476438205325668
11 9 11 1 -0.02476438205325668
10 10 0 0 0.02853880772161188
11 10 0 1 0.02853880772161188
10 11 1 0 0.02853880772161188
11 11 1 1 0.02853880772161188
10 10 8 0 -0.024764382053256692
11 10 8 1 -0.024764382053256692
10 11 9 0 -0.024764382053256692
11 11 9 1 -0.024764382053256692
10 0 0 2 -0.0003525031002708512
11 0 0 3 -0.0003525031002708512
10 1 1 2 -0.0003525031002708512
11 1 1 3 -0.0003525031002708512
10 0 8 2 0.038610718712324424
11 0 8 3 0.038610718712324424
10 1 9 2 0.038610718712324424
11 1 9 3 0.038610718712324424
10 2 2 2 -0.009098798919617596
11 2 2 3 -0.009098798919617596
10 3 3 2 -0.009098798919617596
11 3 3 3 -0.009098798919617596
10 2 10 2 0.042949278129939795
11 2 10 3 0.042949278129939795
10 3 11 2 0.042949278129939795
11 3 11 3 0.042949278129939795
10 4 4 2 0.0337751127876722
11 4 4 3 0.0337751127876722
10 5 5 2 0.0337751127876722
11 5 5 3 0.0337751127876722
10 6 6 2 0.0337751127876722
11 6 6 3 0.0337751127876722
10 7 7 2 0.0337751127876722
11 7 7 3 0.0337751127876722
10 8 0 2 0.038610718712324424
11 8 0 3 0.038610718712324424
10 9 1 2 0.038610718712324424
11 9 1 3 0.038610718712324424
10 8 8 2 -0.010843858447972768
11 8 8 3 -0.010843858447972768
10 9 9 2 -0.010843858447972768
11 9 9 3 -0.010843858447972768
10 10 2 2 0.04294927812993982
11 10 2 3 0.04294927812993982
10 11 3 2 0.04294927812993982
11 11 3 3 0.04294927812993982
10 10 10 2 -2.792062644307869e-06
11 10 10 3 -2.792062644307869e-06
10 11 11 2 -2.792062644307869e-06
11 11 11 3 -2.792062644307869e-06
10 2 4 4 0.006707511407227666
11 2 4 5 0.006707511407227666
10 3 5 4 0.006707511407227666
11 3 5 5 0.006707511407227666
10 4 2 4 0.006707511407227666
11 4 2 5 0.006707511407227666
10 5 3 4 0.006707511407227666
11 5 3 5 0.006707511407227666
10 4 10 4 0.00843386028460917
11 4 10 5 0.00843386028460917
10 5 11 4 0.00843386028460917
11 5 11 5 0.00843386028460917
10 10 4 4 0.00843386028460917
11 10 4 5 0.00843386028460917
10 11 5 4 0.00843386028460917
11 11 5 5 0.00843386028460917
10 2 6 6 0.006707511407227666
11 2 6 7 0.006707511407227666
10 3 7 6 0.006707511407227666
11 3 7 7 0.006707511407227666
10 6 2 6 0.006707511407227666
11 6 2 7 0.006707511407227666
10 7 3 6 0.006707511407227666
11 7 3 7 0.006707511407227666
10 6 10 6 0.00843386028460917
11 6 10 7 0.00843386028460917
10 7 11 6 0.00843386028460917
11 7 11 7 0.00843386028460917
10 10 6 6 0.00843386028460917
11 10 6 7 0.00843386028460917
10 11 7 6 0.00843386028460917
11 11 7 7 0.00843386028460917
10 0 2 8 0.07033756315261677
11 0 2 9 0.07033756315261677
10 1 3 8 0.07033756315261677
11 1 3 9 0.07033756315261677
10 0 10 8 -0.02476438205325671
11 0 10 9 -0.02476438205325671
10 1 11 8 -0.02476438205325671
11 1 11 9 -0.02476438205325671
10 2 0 8 0.07033756315261679
11 2 0 9 0.07033756315261679
10 3 1 8 0.07033756315261679
11 3 1 9 0.07033756315261679
10 2 8 8 -0.046164639254140875
11 2 8 9 -0.046164639254140875
10 3 9 8 -0.046164639254140875
11 3 9 9 -0.046164639254140875
10 8 2 8 -0.046164639254140966
11 8 2 9 -0.046164639254140966
10 9 3 8 -0.046164639254140966
11 9 3 9 -0.046164639254140966
10 8 10 8 0.06885999147207399
11 8 10 9 0.06885999147207399
10 9 11 8 0.06885999147207399
11 9 11 9 0.06885999147207399
10 10 0 8 -0.0247643820532567
11 10 0 9 -0.0247643820532567
10 11 1 8 -0.0247643820532567
11 11 1 9 -0.0247643820532567
10 10 8 8 0.06885999147207394
11 10 8 9 0.06885999147207394
10 11 9 8 0.06885999147207394
11 11 9 9 0.06885999147207394
10 0 0 10 0.20381331619582566
11 0 0 11 0.20381331619582566
10 1 1 10 0.20381331619582566
11 1 1 11 0.20381331619582566
10 0 8 10 -0.011684204507723787
11 0 8 11 -0.011684204507723787
10 1 9 10 -0.011684204507723787
11 1 9 11 -0.011684204507723787
10 2 2 10 0.21227532695907328
11 2 2 11 0.21227532695907328
10 3 3 10 0.21227532695907328
11 3 3 11 0.21227532695907328
10 2 10 10 -2.7920626442592966e-06
11 2 10 11 -2.7920626442592966e-06
10 3 11 10 -2.7920626442592966e-06
11 3 11 11 -2.7920626442592966e-06
10 4 4 10 0.1906096713766208
11 4 4 11 0.1906096713766208
10 5 5 10 0.1906096713766208
11 5 5 11 0.1906096713766208
10 6 6 10 0.1906096713766208
11 6 6 11 0.1906096713766208
10 7 7 10 0.1906096713766208
11 7 7 11 0.1906096713766208
10 8 0 10 -0.011684204507723825
11 8 0 11 -0.011684204507723825
10 9 1 10 -0.011684204507723825
11 9 1 11 -0.011684204507723825
10 8 8 10 0.20859910114840796
11 8 8 11 0.20859910114840796
10 9 9 10 0.20859910114840796
11 9 9 11 0.20859910114840796
10 10 2 10 -2.7920626443182772e-06
11 10 2 11 -2.7920626443182772e-06
10 11 3 10 -2.7920626443182772e-06
11 11 3 11 -2.7920626443182772e-06
10 10 10 10 0.23167116627166545
11 10 10 11 0.23167116627166545
10 11 11 10 0.23167116627166545
11 11 11 11 0.23167116627166545
