-11.057666571699531
0 0 -1.6897978952085593
1 1 -1.6897978952085593
0 8 0.08321717348597328
1 9 0.08321717348597328
2 2 -1.703444958964165
3 3 -1.703444958964165
2 10 0.04782476567582279
3 11 0.04782476567582279
4 4 -1.2992193923042186
5 5 -1.2992193923042186
6 6 -1.2992193923042186
7 7 -1.2992193923042186
8 0 0.08321717348597316
9 1 0.08321717348597316
8 8 -0.9655476931832118
9 9 -0.9655476931832118
10 2 0.04782476567582228
11 3 0.04782476567582228
10 10 -0.26841689193348794
11 11 -0.26841689193348794
0 0 0 0 0.22010313730431078
1 0 0 1 0.22010313730431078
0 1 1 0 0.22010313730431078
1 1 1 1 0.22010313730431078
0 0 8 0 -0.023606656512310843
1 0 8 1 -0.023606656512310843
0 1 9 0 -0.023606656512310843
1 1 9 1 -0.023606656512310843
0 2 2 0 0.2262136399864769
1 2 2 1 0.2262136399864769
0 3 3 0 0.2262136399864769
1 3 3 1 0.2262136399864769
0 2 10 0 -0.01449639124208188
1 2 10 1 -0.01449639124208188
0 3 11 0 -0.01449639124208188
1 3 11 1 -0.01449639124208188
0 4 4 0 0.1984710218790287
1 4 4 1 0.1984710218790287
0 5 5 0 0.1984710218790287
1 5 5 1 0.1984710218790287
0 6 6 0 0.1984710218790287
1 6 6 1 0.1984710218790287
0 7 7 0 0.1984710218790287
1 7 7 1 0.1984710218790287
0 8 0 0 -0.02360665651231083
1 8 0 1 -0.02360665651231083
0 9 1 0 -0.02360665651231083
1 9 1 1 -0.02360665651231083
0 8 8 0 0.21362771952472595
1 8 8 1 0.21362771952472595
0 9 9 0 0.21362771952472595
1 9 9 1 0.21362771952472595
0 10 2 0 -0.014496391242081883
1 10 2 1 -0.014496391242081883
0 11 3 0 -0.014496391242081883
1 11 3 1 -0.014496391242081883
0 10 10 0 0.23526725451961228
1 10 10 1 0.23526725451961228
0 11 11 0 0.23526725451961228
1 11 11 1 0.23526725451961228
0 0 2 2 0.08397095020463408
1 0 2 3 0.08397095020463408
0 1 3 2 0.08397095020463408
1 1 3 3 0.08397095020463408
0 0 10 2 -0.027776094336662442
1 0 10 3 -0.027776094336662442
0 1 11 2 -0.027776094336662442
1 1 11 3 -0.027776094336662442
0 2 0 2 0.08397095020463405
1 2 0 3 0.08397095020463405
0 3 1 2 0.08397095020463405
1 3 1 3 0.08397095020463405
0 2 8 2 -0.05196972504645708
1 2 8 3 -0.05196972504645708
0 3 9 2 -0.05196972504645708
1 3 9 3 -0.05196972504645708
0 8 2 2 -0.051969725046457096
1 8 2 3 -0.051969725046457096
0 9 3 2 -0.051969725046457096
1 9 3 3 -0.051969725046457096
0 8 10 2 0.07318757734172211
1 8 10 3 0.07318757734172211
0 9 11 2 0.07318757734172211
1 9 11 3 0.07318757734172211
0 10 0 2 -0.02777609433666242
1 10 0 3 -0.02777609433666242
0 11 1 2 -0.02777609433666242
1 11 1 3 -0.02777609433666242
0 10 8 2 0.07318757734172214
1 10 8 3 0.07318757734172214
0 11 9 2 0.07318757734172214
1 11 9 3 0.07318757734172214
0 0 4 4 0.027519697884123676
1 0 4 5 0.027519697884123676
0 1 5 4 0.027519697884123676
1 1 5 5 0.027519697884123676
0 4 0 4 0.027519697884123676
1 4 0 5 0.027519697884123676
0 5 1 4 0.027519697884123676
1 5 1 5 0.027519697884123676
0 4 8 4 0.023679648955742438
1 4 8 5 0.023679648955742438
0 5 9 4 0.023679648955742438
1 5 9 5 0.023679648955742438
0 8 4 4 0.023679648955742438
1 8 4 5 0.023679648955742438
0 9 5 4 0.023679648955742438
1 9 5 5 0.023679648955742438
0 0 6 6 0.027519697884123676
1 0 6 7 0.027519697884123676
0 1 7 6 0.027519697884123676
1 1 7 7 0.027519697884123676
0 6 0 6 0.027519697884123676
1 6 0 7 0.027519697884123676
0 7 1 6 0.027519697884123676
1 7 1 7 0.027519697884123676
0 6 8 6 0.023679648955742438
1 6 8 7 0.023679648955742438
0 7 9 6 0.023679648955742438
1 7 9 7 0.023679648955742438
0 8 6 6 0.023679648955742438
1 8 6 7 0.023679648955742438
0 9 7 6 0.023679648955742438
1 9 7 7 0.023679648955742438
0 0 0 8 -0.02360665651231087
1 0 0 9 -0.02360665651231087
0 1 1 8 -0.02360665651231087
1 1 1 9 -0.02360665651231087
0 0 8 8 0.03579124239660629
1 0 8 9 0.03579124239660629
0 1 9 8 0.03579124239660629
1 1 9 9 0.03579124239660629
0 2 2 8 -0.03498588175412835
1 2 2 9 -0.03498588175412835
0 3 3 8 -0.03498588175412835
1 3 3 9 -0.03498588175412835
0 2 10 8 0.03308977838390222
1 2 10 9 0.03308977838390222
0 3 11 8 0.03308977838390222
1 3 11 9 0.03308977838390222
0 4 4 8 0.010632778608650438
1 4 4 9 0.010632778608650438
0 5 5 8 0.010632778608650438
1 5 5 9 0.010632778608650438
0 6 6 8 0.010632778608650438
1 6 6 9 0.010632778608650438
0 7 7 8 0.010632778608650438
1 7 7 9 0.010632778608650438
0 8 0 8 0.035791242396606186
1 8 0 9 0.035791242396606186
0 9 1 8 0.035791242396606186
1 9 1 9 0.035791242396606186
0 8 8 8 -0.027772697495400303
1 8 8 9 -0.027772697495400303
0 9 9 8 -0.027772697495400303
1 9 9 9 -0.027772697495400303
0 10 2 8 0.0330897783839022
1 10 2 9 0.0330897783839022
0 11 3 8 0.0330897783839022
1 11 3 9 0.0330897783839022
0 10 10 8 -0.03925453485650576
1 10 10 9 -0.03925453485650576
0 11 11 8 -0.03925453485650576
1 11 11 9 -0.03925453485650576
0 0 2 10 -0.027776094336662432
1 0 2 11 -0.027776094336662432
0 1 3 10 -0.027776094336662432
1 1 3 11 -0.027776094336662432
0 0 10 10 0.028666260586677518
1 0 10 11 0.028666260586677518
0 1 11 10 0.028666260586677518
1 1 11 11 0.028666260586677518
0 2 0 10 -0.027776094336662414
1 2 0 11 -0.027776094336662414
0 3 1 10 -0.027776094336662414
1 3 1 11 -0.027776094336662414
0 2 8 10 0.031526777710475636
1 2 8 11 0.031526777710475636
0 3 9 10 0.031526777710475636
1 3 9 11 0.031526777710475636
0 8 2 10 0.03152677771047572
1 8 2 11 0.03152677771047572
0 9 3 10 0.03152677771047572
1 9 3 11 0.03152677771047572
0 8 10 10 -0.03571544530967111
1 8 10 11 -0.03571544530967111
0 9 11 10 -0.03571544530967111
1 9 11 11 -0.03571544530967111
0 10 0 10 0.02866626058667749
1 10 0 11 0.02866626058667749
0 11 1 10 0.02866626058667749
1 11 1 11 0.02866626058667749
0 10 8 10 -0.035715445309671204
1 10 8 11 -0.035715445309671204
0 11 9 10 -0.035715445309671204
1 11 9 11 -0.035715445309671204
2 0 2 0 0.08397095020463408
3 0 2 1 0.08397095020463408
2 1 3 0 0.08397095020463408
3 1 3 1 0.08397095020463408
2 0 10 0 -0.027776094336662442
3 0 10 1 -0.027776094336662442
2 1 11 0 -0.027776094336662442
3 1 11 1 -0.027776094336662442
2 2 0 0 0.08397095020463405
3 2 0 1 0.08397095020463405
2 3 1 0 0.08397095020463405
3 3 1 1 0.08397095020463405
2 2 8 0 -0.051969725046457076
3 2 8 1 -0.051969725046457076
2 3 9 0 -0.051969725046457076
3 3 9 1 -0.051969725046457076
2 8 2 0 -0.051969725046457096
3 8 2 1 -0.051969725046457096
2 9 3 0 -0.051969725046457096
3 9 3 1 -0.051969725046457096
2 8 10 0 0.07318757734172211
3 8 10 1 0.07318757734172211
2 9 11 0 0.07318757734172211
3 9 11 1 0.07318757734172211
2 10 0 0 -0.027776094336662425
3 10 0 1 -0.027776094336662425
2 11 1 0 -0.027776094336662425
3 11 1 1 -0.027776094336662425
2 10 8 0 0.07318757734172213
3 10 8 1 0.07318757734172213
2 11 9 0 0.07318757734172213
3 11 9 1 0.07318757734172213
2 0 0 2 0.22621363998647684
3 0 0 3 0.22621363998647684
2 1 1 2 0.22621363998647684
3 1 1 3 0.22621363998647684
2 0 8 2 -0.03498588175412838
3 0 8 3 -0.03498588175412838
2 1 9 2 -0.03498588175412838
3 1 9 3 -0.03498588175412838
2 2 2 2 0.23722697619720481
3 2 2 3 0.23722697619720481
2 3 3 2 0.23722697619720481
3 3 3 3 0.23722697619720481
2 2 10 2 -0.022695594983702633
3 2 10 3 -0.022695594983702633
2 3 11 2 -0.022695594983702633
3 3 11 3 -0.022695594983702633
2 4 4 2 0.19321200755727325
3 4 4 3 0.19321200755727325
2 5 5 2 0.19321200755727325
3 5 5 3 0.19321200755727325
2 6 6 2 0.19321200755727325
3 6 6 3 0.19321200755727325
2 7 7 2 0.19321200755727325
3 7 7 3 0.19321200755727325
2 8 0 2 -0.03498588175412836
3 8 0 3 -0.03498588175412836
2 9 1 2 -0.03498588175412836
3 9 1 3 -0.03498588175412836
2 8 8 2 0.21905799411509605
3 8 8 3 0.21905799411509605
2 9 9 2 0.21905799411509605
3 9 9 3 0.21905799411509605
2 10 2 2 -0.022695594983702626
3 10 2 3 -0.022695594983702626
2 11 3 2 -0.022695594983702626
3 11 3 3 -0.022695594983702626
2 10 10 2 0.24557892072440413
3 10 10 3 0.24557892072440413
2 11 11 2 0.24557892072440413
3 11 11 3 0.24557892072440413
2 2 4 4 0.009033874100685894
3 2 4 5 0.009033874100685894
2 3 5 4 0.009033874100685894
3 3 5 5 0.009033874100685894
2 4 2 4 0.009033874100685894
3 4 2 5 0.009033874100685894
2 5 3 4 0.009033874100685894
3 5 3 5 0.009033874100685894
2 4 10 4 0.006906894608442838
3 4 10 5 0.006906894608442838
2 5 11 4 0.006906894608442838
3 5 11 5 0.006906894608442838
2 10 4 4 0.006906894608442838
3 10 4 5 0.006906894608442838
2 11 5 4 0.006906894608442838
3 11 5 5 0.006906894608442838
2 2 6 6 0.009033874100685894
3 2 6 7 0.009033874100685894
2 3 7 6 0.009033874100685894
3 3 7 7 0.009033874100685894
2 6 2 6 0.009033874100685894
3 6 2 7 0.009033874100685894
2 7 3 6 0.009033874100685894
3 7 3 7 0.009033874100685894
2 6 10 6 0.006906894608442838
3 6 10 7 0.006906894608442838
2 7 11 6 0.006906894608442838
3 7 11 7 0.006906894608442838
2 10 6 6 0.006906894608442838
3 10 6 7 0.006906894608442838
2 11 7 6 0.006906894608442838
3 11 7 7 0.006906894608442838
2 0 2 8 -0.05196972504645708
3 0 2 9 -0.05196972504645708
2 1 3 8 -0.05196972504645708
3 1 3 9 -0.05196972504645708
2 0 10 8 0.031526777710475656
3 0 10 9 0.031526777710475656
2 1 11 8 0.031526777710475656
3 1 11 9 0.031526777710475656
2 2 0 8 -0.051969725046457055
3 2 0 9 -0.051969725046457055
2 3 1 8 -0.051969725046457055
3 3 1 9 -0.051969725046457055
2 2 8 8 0.04312052722657178
3 2 8 9 0.04312052722657178
2 3 9 8 0.04312052722657178
3 3 9 9 0.04312052722657178
2 8 2 8 0.04312052722657185
3 8 2 9 0.04312052722657185
2 9 3 8 0.04312052722657185
3 9 3 9 0.04312052722657185
2 8 10 8 -0.05305831386033591
3 8 10 9 -0.05305831386033591
2 9 11 8 -0.05305831386033591
3 9 11 9 -0.05305831386033591
2 10 0 8 0.0315267777104756
3 10 0 9 0.0315267777104756
2 11 1 8 0.0315267777104756
3 11 1 9 0.0315267777104756
2 10 8 8 -0.0530583138603358
3 10 8 9 -0.0530583138603358
2 11 9 8 -0.0530583138603358
3 11 9 9 -0.0530583138603358
2 0 0 10 -0.014496391242081932
3 0 0 11 -0.014496391242081932
2 1 1 10 -0.014496391242081932
3 1 1 11 -0.014496391242081932
2 0 8 10 0.0330897783839022
3 0 8 11 0.0330897783839022
2 1 9 10 0.0330897783839022
3 1 9 11 0.0330897783839022
2 2 2 10 -0.022695594983702622
3 2 2 11 -0.022695594983702622
2 3 3 10 -0.022695594983702622
3 3 3 11 -0.022695594983702622
2 2 10 10 0.03756960325176175
3 2 10 11 0.03756960325176175
2 3 11 10 0.03756960325176175
3 3 11 11 0.03756960325176175
2 4 4 10 0.015096150347378622
3 4 4 11 0.015096150347378622
2 5 5 10 0.015096150347378622
3 5 5 11 0.015096150347378622
2 6 6 10 0.015096150347378622
3 6 6 11 0.015096150347378622
2 7 7 10 0.015096150347378622
3 7 7 11 0.015096150347378622
2 8 0 10 0.033089778383902035
3 8 0 11 0.033089778383902035
2 9 1 10 0.033089778383902035
3 9 1 11 0.033089778383902035
2 8 8 10 -0.025233225466835846
3 8 8 11 -0.025233225466835846
2 9 9 10 -0.025233225466835846
3 9 9 11 -0.025233225466835846
2 10 2 10 0.03756960325176176
3 10 2 11 0.03756960325176176
2 11 3 10 0.03756960325176176
3 11 3 11 0.03756960325176176
2 10 10 10 -0.0292967149729391
3 10 10 11 -0.0292967149729391
2 11 11 10 -0.0292967149729391
3 11 11 11 -0.0292967149729391
4 0 4 0 0.027519697884123676
5 0 4 1 0.027519697884123676
4 1 5 0 0.027519697884123676
5 1 5 1 0.027519697884123676
4 4 0 0 0.027519697884123676
5 4 0 1 0.027519697884123676
4 5 1 0 0.027519697884123676
5 5 1 1 0.027519697884123676
4 4 8 0 0.023679648955742438
5 4 8 1 0.023679648955742438
4 5 9 0 0.023679648955742438
5 5 9 1 0.023679648955742438
4 8 4 0 0.023679648955742438
5 8 4 1 0.023679648955742438
4 9 5 0 0.023679648955742438
5 9 5 1 0.023679648955742438
4 2 4 2 0.009033874100685894
5 2 4 3 0.009033874100685894
4 3 5 2 0.009033874100685894
5 3 5 3 0.009033874100685894
4 4 2 2 0.009033874100685894
5 4 2 3 0.009033874100685894
4 5 3 2 0.009033874100685894
5 5 3 3 0.009033874100685894
4 4 10 2 0.006906894608442838
5 4 10 3 0.006906894608442838
4 5 11 2 0.006906894608442838
5 5 11 3 0.006906894608442838
4 10 4 2 0.006906894608442838
5 10 4 3 0.006906894608442838
4 11 5 2 0.006906894608442838
5 11 5 3 0.006906894608442838
4 0 0 4 0.1984710218790287
5 0 0 5 0.1984710218790287
4 1 1 4 0.1984710218790287
5 1 1 5 0.1984710218790287
4 0 8 4 0.010632778608650438
5 0 8 5 0.010632778608650438
4 1 9 4 0.010632778608650438
5 1 9 5 0.010632778608650438
4 2 2 4 0.19321200755727325
5 2 2 5 0.19321200755727325
4 3 3 4 0.19321200755727325
5 3 3 5 0.19321200755727325
4 2 10 4 0.015096150347378622
5 2 10 5 0.015096150347378622
4 3 11 4 0.015096150347378622
5 3 11 5 0.015096150347378622
4 4 4 4 0.224929545
5 4 4 5 0.224929545
4 5 5 4 0.224929545
5 5 5 5 0.224929545
4 6 6 4 0.2006801625
5 6 6 5 0.2006801625
4 7 7 4 0.2006801625
5 7 7 5 0.2006801625
4 8 0 4 0.010632778608650417
5 8 0 5 0.010632778608650417
4 9 1 4 0.010632778608650417
5 9 1 5 0.010632778608650417
4 8 8 4 0.19195390698194909
5 8 8 5 0.19195390698194909
4 9 9 4 0.19195390698194909
5 9 9 5 0.19195390698194909
4 10 2 4 0.015096150347378656
5 10 2 5 0.015096150347378656
4 11 3 4 0.015096150347378656
5 11 3 5 0.015096150347378656
4 10 10 4 0.20215701333330102
5 10 10 5 0.20215701333330102
4 11 11 4 0.20215701333330102
5 11 11 5 0.20215701333330102
4 4 6 6 0.0121246915
5 4 6 7 0.0121246915
4 5 7 6 0.0121246915
5 5 7 7 0.0121246915
4 6 4 6 0.0121246915
5 6 4 7 0.0121246915
4 7 5 6 0.0121246915
5 7 5 7 0.0121246915
4 0 4 8 0.023679648955742434
5 0 4 9 0.023679648955742434
4 1 5 8 0.023679648955742434
5 1 5 9 0.023679648955742434
4 4 0 8 0.023679648955742434
5 4 0 9 0.023679648955742434
4 5 1 8 0.023679648955742434
5 5 1 9 0.023679648955742434
4 4 8 8 0.02470133080126022
5 4 8 9 0.02470133080126022
4 5 9 8 0.02470133080126022
5 5 9 9 0.02470133080126022
4 8 4 8 0.02470133080126022
5 8 4 9 0.02470133080126022
4 9 5 8 0.02470133080126022
5 9 5 9 0.02470133080126022
4 2 4 10 0.006906894608442835
5 2 4 11 0.006906894608442835
4 3 5 10 0.006906894608442835
5 3 5 11 0.006906894608442835
4 4 2 10 0.006906894608442835
5 4 2 11 0.006906894608442835
4 5 3 10 0.006906894608442835
5 5 3 11 0.006906894608442835
4 4 10 10 0.0073429062018701245
5 4 10 11 0.0073429062018701245
4 5 11 10 0.0073429062018701245
5 5 11 11 0.0073429062018701245
4 10 4 10 0.0073429062018701245
5 10 4 11 0.0073429062018701245
4 11 5 10 0.0073429062018701245
5 11 5 11 0.0073429062018701245
6 0 6 0 0.027519697884123676
7 0 6 1 0.027519697884123676
6 1 7 0 0.027519697884123676
7 1 7 1 0.027519697884123676
6 6 0 0 0.027519697884123676
7 6 0 1 0.027519697884123676
6 7 1 0 0.027519697884123676
7 7 1 1 0.027519697884123676
6 6 8 0 0.023679648955742438
7 6 8 1 0.023679648955742438
6 7 9 0 0.023679648955742438
7 7 9 1 0.023679648955742438
6 8 6 0 0.023679648955742438
7 8 6 1 0.023679648955742438
6 9 7 0 0.023679648955742438
7 9 7 1 0.023679648955742438
6 2 6 2 0.009033874100685894
7 2 6 3 0.009033874100685894
6 3 7 2 0.009033874100685894
7 3 7 3 0.009033874100685894
6 6 2 2 0.009033874100685894
7 6 2 3 0.009033874100685894
6 7 3 2 0.009033874100685894
7 7 3 3 0.009033874100685894
6 6 10 2 0.006906894608442838
7 6 10 3 0.006906894608442838
6 7 11 2 0.006906894608442838
7 7 11 3 0.006906894608442838
6 10 6 2 0.006906894608442838
7 10 6 3 0.006906894608442838
6 11 7 2 0.006906894608442838
7 11 7 3 0.006906894608442838
6 4 6 4 0.0121246915
7 4 6 5 0.0121246915
6 5 7 4 0.0121246915
7 5 7 5 0.0121246915
6 6 4 4 0.0121246915
7 6 4 5 0.0121246915
6 7 5 4 0.0121246915
7 7 5 5 0.0121246915
6 0 0 6 0.1984710218790287
7 0 0 7 0.1984710218790287
6 1 1 6 0.1984710218790287
7 1 1 7 0.1984710218790287
6 0 8 6 0.010632778608650438
7 0 8 7 0.010632778608650438
6 1 9 6 0.010632778608650438
7 1 9 7 0.010632778608650438
6 2 2 6 0.19321200755727325
7 2 2 7 0.19321200755727325
6 3 3 6 0.19321200755727325
7 3 3 7 0.19321200755727325
6 2 10 6 0.015096150347378622
7 2 10 7 0.015096150347378622
6 3 11 6 0.015096150347378622
7 3 11 7 0.015096150347378622
6 4 4 6 0.2006801625
7 4 4 7 0.2006801625
6 5 5 6 0.2006801625
7 5 5 7 0.2006801625
6 6 6 6 0.224929545
7 6 6 7 0.224929545
6 7 7 6 0.224929545
7 7 7 7 0.224929545
6 8 0 6 0.010632778608650417
7 8 0 7 0.010632778608650417
6 9 1 6 0.010632778608650417
7 9 1 7 0.010632778608650417
6 8 8 6 0.19195390698194909
7 8 8 7 0.19195390698194909
6 9 9 6 0.19195390698194909
7 9 9 7 0.19195390698194909
6 10 2 6 0.015096150347378656
7 10 2 7 0.015096150347378656
6 11 3 6 0.015096150347378656
7 11 3 7 0.015096150347378656
6 10 10 6 0.20215701333330102
7 10 10 7 0.20215701333330102
6 11 11 6 0.20215701333330102
7 11 11 7 0.20215701333330102
6 0 6 8 0.023679648955742434
7 0 6 9 0.023679648955742434
6 1 7 8 0.023679648955742434
7 1 7 9 0.023679648955742434
6 6 0 8 0.023679648955742434
7 6 0 9 0.023679648955742434
6 7 1 8 0.023679648955742434
7 7 1 9 0.023679648955742434
6 6 8 8 0.02470133080126022
7 6 8 9 0.02470133080126022
6 7 9 8 0.02470133080126022
7 7 9 9 0.02470133080126022
6 8 6 8 0.02470133080126022
7 8 6 9 0.02470133080126022
6 9 7 8 0.02470133080126022
7 9 7 9 0.02470133080126022
6 2 6 10 0.006906894608442835
7 2 6 11 0.006906894608442835
6 3 7 10 0.006906894608442835
7 3 7 11 0.006906894608442835
6 6 2 10 0.006906894608442835
7 6 2 11 0.006906894608442835
6 7 3 10 0.006906894608442835
7 7 3 11 0.006906894608442835
6 6 10 10 0.0073429062018701245
7 6 10 11 0.0073429062018701245
6 7 11 10 0.0073429062018701245
7 7 11 11 0.0073429062018701245
6 10 6 10 0.0073429062018701245
7 10 6 11 0.0073429062018701245
6 11 7 10 0.0073429062018701245
7 11 7 11 0.0073429062018701245
8 0 0 0 -0.023606656512310836
9 0 0 1 -0.023606656512310836
8 1 1 0 -0.023606656512310836
9 1 1 1 -0.023606656512310836
8 0 8 0 0.03579124239660629
9 0 8 1 0.03579124239660629
8 1 9 0 0.03579124239660629
9 1 9 1 0.03579124239660629
8 2 2 0 -0.034985881754128395
9 2 2 1 -0.034985881754128395
8 3 3 0 -0.034985881754128395
9 3 3 1 -0.034985881754128395
8 2 10 0 0.033089778383902216
9 2 10 1 0.033089778383902216
8 3 11 0 0.033089778383902216
9 3 11 1 0.033089778383902216
8 4 4 0 0.010632778608650417
9 4 4 1 0.010632778608650417
8 5 5 0 0.010632778608650417
9 5 5 1 0.010632778608650417
8 6 6 0 0.010632778608650417
9 6 6 1 0.010632778608650417
8 7 7 0 0.010632778608650417
9 7 7 1 0.010632778608650417
8 8 0 0 0.03579124239660619
9 8 0 1 0.03579124239660619
8 9 1 0 0.03579124239660619
9 9 1 1 0.03579124239660619
8 8 8 0 -0.027772697495400345
9 8 8 1 -0.027772697495400345
8 9 9 0 -0.027772697495400345
9 9 9 1 -0.027772697495400345
8 10 2 0 0.0330897783839022
9 10 2 1 0.0330897783839022
8 11 3 0 0.0330897783839022
9 11 3 1 0.0330897783839022
8 10 10 0 -0.03925453485650576
9 10 10 1 -0.03925453485650576
8 11 11 0 -0.03925453485650576
9 11 11 1 -0.03925453485650576
8 0 2 2 -0.05196972504645707
9 0 2 3 -0.05196972504645707
8 1 3 2 -0.05196972504645707
9 1 3 3 -0.05196972504645707
8 0 10 2 0.031526777710475656
9 0 10 3 0.031526777710475656
8 1 11 2 0.031526777710475656
9 1 11 3 0.031526777710475656
8 2 0 2 -0.051969725046457055
9 2 0 3 -0.051969725046457055
8 3 1 2 -0.051969725046457055
9 3 1 3 -0.051969725046457055
8 2 8 2 0.043120527226571774
9 2 8 3 0.043120527226571774
8 3 9 2 0.043120527226571774
9 3 9 3 0.043120527226571774
8 8 2 2 0.04312052722657185
9 8 2 3 0.04312052722657185
8 9 3 2 0.04312052722657185
9 9 3 3 0.04312052722657185
8 8 10 2 -0.053058313860335896
9 8 10 3 -0.053058313860335896
8 9 11 2 -0.053058313860335896
9 9 11 3 -0.053058313860335896
8 10 0 2 0.031526777710475594
9 10 0 3 0.031526777710475594
8 11 1 2 0.031526777710475594
9 11 1 3 0.031526777710475594
8 10 8 2 -0.0530583138603358
9 10 8 3 -0.0530583138603358
8 11 9 2 -0.0530583138603358
9 11 9 3 -0.0530583138603358
8 0 4 4 0.023679648955742434
9 0 4 5 0.023679648955742434
8 1 5 4 0.023679648955742434
9 1 5 5 0.023679648955742434
8 4 0 4 0.023679648955742434
9 4 0 5 0.023679648955742434
8 5 1 4 0.023679648955742434
9 5 1 5 0.023679648955742434
8 4 8 4 0.02470133080126022
9 4 8 5 0.02470133080126022
8 5 9 4 0.02470133080126022
9 5 9 5 0.02470133080126022
8 8 4 4 0.02470133080126022
9 8 4 5 0.02470133080126022
8 9 5 4 0.02470133080126022
9 9 5 5 0.02470133080126022
8 0 6 6 0.023679648955742434
9 0 6 7 0.023679648955742434
8 1 7 6 0.023679648955742434
9 1 7 7 0.023679648955742434
8 6 0 6 0.023679648955742434
9 6 0 7 0.023679648955742434
8 7 1 6 0.023679648955742434
9 7 1 7 0.023679648955742434
8 6 8 6 0.02470133080126022
9 6 8 7 0.02470133080126022
8 7 9 6 0.02470133080126022
9 7 9 7 0.02470133080126022
8 8 6 6 0.02470133080126022
9 8 6 7 0.02470133080126022
8 9 7 6 0.02470133080126022
9 9 7 7 0.02470133080126022
8 0 0 8 0.21362771952472598
9 0 0 9 0.21362771952472598
8 1 1 8 0.21362771952472598
9 1 1 9 0.21362771952472598
8 0 8 8 -0.027772697495400282
9 0 8 9 -0.027772697495400282
8 1 9 8 -0.027772697495400282
9 1 9 9 -0.027772697495400282
8 2 2 8 0.21905799411509613
9 2 2 9 0.21905799411509613
8 3 3 8 0.21905799411509613
9 3 3 9 0.21905799411509613
8 2 10 8 -0.02523322546683601
9 2 10 9 -0.02523322546683601
8 3 11 8 -0.02523322546683601
9 3 11 9 -0.02523322546683601
8 4 4 8 0.19195390698194909
9 4 4 9 0.19195390698194909
8 5 5 8 0.19195390698194909
9 5 5 9 0.19195390698194909
8 6 6 8 0.19195390698194909
9 6 6 9 0.19195390698194909
8 7 7 8 0.19195390698194909
9 7 7 9 0.19195390698194909
8 8 0 8 -0.027772697495400213
9 8 0 9 -0.027772697495400213
8 9 1 8 -0.027772697495400213
9 9 1 9 -0.027772697495400213
8 8 8 8 0.21716840869819898
9 8 8 9 0.21716840869819898
8 9 9 8 0.21716840869819898
9 9 9 9 0.21716840869819898
8 10 2 8 -0.025233225466835874
9 10 2 9 -0.025233225466835874
8 11 3 8 -0.025233225466835874
9 11 3 9 -0.025233225466835874
8 10 10 8 0.23550761201322168
9 10 10 9 0.23550761201322168
8 11 11 8 0.23550761201322168
9 11 11 9 0.23550761201322168
8 0 2 10 0.07318757734172215
9 0 2 11 0.07318757734172215
8 1 3 10 0.07318757734172215
9 1 3 11 0.07318757734172215
8 0 10 10 -0.03571544530967112
9 0 10 11 -0.03571544530967112
8 1 11 10 -0.03571544530967112
9 1 11 11 -0.03571544530967112
8 2 0 10 0.07318757734172203
9 2 0 11 0.07318757734172203
8 3 1 10 0.07318757734172203
9 3 1 11 0.07318757734172203
8 2 8 10 -0.053058313860335854
9 2 8 11 -0.053058313860335854
8 3 9 10 -0.053058313860335854
9 3 9 11 -0.053058313860335854
8 8 2 10 -0.05305831386033588
9 8 2 11 -0.05305831386033588
8 9 3 10 -0.05305831386033588
9 9 3 11 -0.05305831386033588
8 8 10 10 0.07521276764078591
9 8 10 11 0.07521276764078591
8 9 11 10 0.07521276764078591
9 9 11 11 0.07521276764078591
8 10 0 10 -0.03571544530967114
9 10 0 11 -0.03571544530967114
8 11 1 10 -0.03571544530967114
9 11 1 11 -0.03571544530967114
8 10 8 10 0.07521276764078584
9 10 8 11 0.07521276764078584
8 11 9 10 0.07521276764078584
9 11 9 11 0.07521276764078584
10 0 2 0 -0.02777609433666242
11 0 2 1 -0.02777609433666242
10 1 3 0 -0.02777609433666242
11 1 3 1 -0.02777609433666242
10 0 10 0 0.02866626058667751
11 0 10 1 0.02866626058667751
10 1 11 0 0.02866626058667751
11 1 11 1 0.02866626058667751
10 2 0 0 -0.027776094336662435
11 2 0 1 -0.027776094336662435
10 3 1 0 -0.027776094336662435
11 3 1 1 -0.027776094336662435
10 2 8 0 0.03152677771047564
11 2 8 1 0.03152677771047564
10 3 9 0 0.03152677771047564
11 3 9 1 0.03152677771047564
10 8 2 0 0.03152677771047573
11 8 2 1 0.03152677771047573
10 9 3 0 0.03152677771047573
11 9 3 1 0.03152677771047573
10 8 10 0 -0.03571544530967111
11 8 10 1 -0.03571544530967111
10 9 11 0 -0.03571544530967111
11 9 11 1 -0.03571544530967111
10 10 0 0 0.02866626058667749
11 10 0 1 0.02866626058667749
10 11 1 0 0.02866626058667749
11 11 1 1 0.02866626058667749
10 10 8 0 -0.03571544530967122
11 10 8 1 -0.03571544530967122
10 11 9 0 -0.03571544530967122
11 11 9 1 -0.03571544530967122
10 0 0 2 -0.014496391242081852
11 0 0 3 -0.014496391242081852
10 1 1 2 -0.014496391242081852
11 1 1 3 -0.014496391242081852
10 0 8 2 0.03308977838390221
11 0 8 3 0.03308977838390221
10 1 9 2 0.03308977838390221
11 1 9 3 0.03308977838390221
10 2 2 2 -0.022695594983702605
11 2 2 3 -0.022695594983702605
10 3 3 2 -0.022695594983702605
11 3 3 3 -0.022695594983702605
10 2 10 2 0.03756960325176174
11 2 10 3 0.03756960325176174
10 3 11 2 0.03756960325176174
11 3 11 3 0.03756960325176174
10 4 4 2 0.015096150347378656
11 4 4 3 0.015096150347378656
10 5 5 2 0.015096150347378656
11 5 5 3 0.015096150347378656
10 6 6 2 0.015096150347378656
11 6 6 3 0.015096150347378656
10 7 7 2 0.015096150347378656
11 7 7 3 0.015096150347378656
10 8 0 2 0.03308977838390205
11 8 0 3 0.03308977838390205
10 9 1 2 0.03308977838390205
11 9 1 3 0.03308977838390205
10 8 8 2 -0.025233225466835874
11 8 8 3 -0.025233225466835874
10 9 9 2 -0.025233225466835874
11 9 9 3 -0.025233225466835874
10 10 2 2 0.03756960325176176
11 10 2 3 0.03756960325176176
10 11 3 2 0.03756960325176176
11 11 3 3 0.03756960325176176
10 10 10 2 -0.029296714972939064
11 10 10 3 -0.029296714972939064
10 11 11 2 -0.029296714972939064
11 11 11 3 -0.029296714972939064
10 2 4 4 0.006906894608442835
11 2 4 5 0.006906894608442835
10 3 5 4 0.006906894608442835
11 3 5 5 0.006906894608442835
10 4 2 4 0.006906894608442835
11 4 2 5 0.006906894608442835
10 5 3 4 0.006906894608442835
11 5 3 5 0.006906894608442835
10 4 10 4 0.0073429062018701245
11 4 10 5 0.0073429062018701245
10 5 11 4 0.0073429062018701245
11 5 11 5 0.0073429062018701245
10 10 4 4 0.0073429062018701245
11 10 4 5 0.0073429062018701245
10 11 5 4 0.0073429062018701245
11 11 5 5 0.0073429062018701245
10 2 6 6 0.006906894608442835
11 2 6 7 0.006906894608442835
10 3 7 6 0.006906894608442835
11 3 7 7 0.006906894608442835
10 6 2 6 0.006906894608442835
11 6 2 7 0.006906894608442835
10 7 3 6 0.006906894608442835
11 7 3 7 0.006906894608442835
10 6 10 6 0.0073429062018701245
11 6 10 7 0.0073429062018701245
10 7 11 6 0.0073429062018701245
11 7 11 7 0.0073429062018701245
10 10 6 6 0.0073429062018701245
11 10 6 7 0.0073429062018701245
10 11 7 6 0.0073429062018701245
11 11 7 7 0.0073429062018701245
10 0 2 8 0.07318757734172214
11 0 2 9 0.07318757734172214
10 1 3 8 0.07318757734172214
11 1 3 9 0.07318757734172214
10 0 10 8 -0.03571544530967112
11 0 10 9 -0.03571544530967112
10 1 11 8 -0.03571544530967112
11 1 11 9 -0.03571544530967112
10 2 0 8 0.07318757734172207
11 2 0 9 0.07318757734172207
10 3 1 8 0.07318757734172207
11 3 1 9 0.07318757734172207
10 2 8 8 -0.05305831386033583
11 2 8 9 -0.05305831386033583
10 3 9 8 -0.05305831386033583
11 3 9 9 -0.05305831386033583
10 8 2 8 -0.053058313860335875
11 8 2 9 -0.053058313860335875
10 9 3 8 -0.053058313860335875
11 9 3 9 -0.053058313860335875
10 8 10 8 0.07521276764078591
11 8 10 9 0.07521276764078591
10 9 11 8 0.07521276764078591
11 9 11 9 0.07521276764078591
10 10 0 8 -0.03571544530967112
11 10 0 9 -0.03571544530967112
10 11 1 8 -0.03571544530967112
11 11 1 9 -0.03571544530967112
10 10 8 8 0.07521276764078585
11 10 8 9 0.07521276764078585
10 11 9 8 0.07521276764078585
11 11 9 9 0.07521276764078585
10 0 0 10 0.23526725451961267
11 0 0 11 0.23526725451961267
10 1 1 10 0.23526725451961267
11 1 1 11 0.23526725451961267
10 0 8 10 -0.039254534856505756
11 0 8 11 -0.039254534856505756
10 1 9 10 -0.039254534856505756
11 1 9 11 -0.039254534856505756
10 2 2 10 0.24557892072440393
11 2 2 11 0.24557892072440393
10 3 3 10 0.24557892072440393
11 3 3 11 0.24557892072440393
10 2 10 10 -0.02929671497293919
11 2 10 11 -0.02929671497293919
10 3 11 10 -0.02929671497293919
11 3 11 11 -0.02929671497293919
10 4 4 10 0.20215701333330102
11 4 4 11 0.20215701333330102
10 5 5 10 0.20215701333330102
11 5 5 11 0.20215701333330102
10 6 6 10 0.20215701333330102
11 6 6 11 0.20215701333330102
10 7 7 10 0.20215701333330102
11 7 7 11 0.20215701333330102
10 8 0 10 -0.039254534856505686
11 8 0 11 -0.039254534856505686
10 9 1 10 -0.039254534856505686
11 9 1 11 -0.039254534856505686
10 8 8 10 0.23550761201322185
11 8 8 11 0.23550761201322185
10 9 9 10 0.23550761201322185
11 9 9 11 0.23550761201322185
10 10 2 10 -0.029296714972938884
11 10 2 11 -0.029296714972938884
10 11 3 10 -0.029296714972938884
11 11 3 11 -0.029296714972938884
10 10 10 10 0.2691654224442347
11 10 10 11 0.2691654224442347
10 11 11 10 0.2691654224442347
11 11 11 11 0.2691654224442347
