-12.778197605646696
0 0 -0.9503928166681164
1 1 -0.9503928166681164
0 4 0.01731597514265057
1 5 0.01731597514265057
2 2 -0.8400116967849843
3 3 -0.8400116967849843
2 10 0.01582560188185697
3 11 0.01582560188185697
4 0 0.017315975142650403
5 1 0.017315975142650403
4 4 -0.8351056295748189
5 5 -0.8351056295748189
6 6 -0.7980668188635178
7 7 -0.7980668188635178
8 8 -0.7980668188635178
9 9 -0.7980668188635178
10 2 0.01582560188185697
11 3 0.01582560188185697
10 10 -0.8116104509858542
11 11 -0.8116104509858542
0 0 0 0 0.1874908933550693
1 0 0 1 0.1874908933550693
0 1 1 0 0.1874908933550693
1 1 1 1 0.1874908933550693
0 0 4 0 -0.02709309480076121
1 0 4 1 -0.02709309480076121
0 1 5 0 -0.02709309480076121
1 1 5 1 -0.02709309480076121
0 2 2 0 0.08480109658123869
1 2 2 1 0.08480109658123869
0 3 3 0 0.08480109658123869
1 3 3 1 0.08480109658123869
0 2 10 0 -0.020297223567613015
1 2 10 1 -0.020297223567613015
0 3 11 0 -0.020297223567613015
1 3 11 1 -0.020297223567613015
0 4 0 0 -0.027093094800761195
1 4 0 1 -0.027093094800761195
0 5 1 0 -0.027093094800761195
1 5 1 1 -0.027093094800761195
0 4 4 0 0.0880536611151592
1 4 4 1 0.0880536611151592
0 5 5 0 0.0880536611151592
1 5 5 1 0.0880536611151592
0 6 6 0 0.1967355296670227
1 6 6 1 0.1967355296670227
0 7 7 0 0.1967355296670227
1 7 7 1 0.1967355296670227
0 8 8 0 0.1967355296670227
1 8 8 1 0.1967355296670227
0 9 9 0 0.1967355296670227
1 9 9 1 0.1967355296670227
0 10 2 0 -0.020297223567613022
1 10 2 1 -0.020297223567613022
0 11 3 0 -0.020297223567613022
1 11 3 1 -0.020297223567613022
0 10 10 0 0.19373887400170128
1 10 10 1 0.19373887400170128
0 11 11 0 0.19373887400170128
1 11 11 1 0.19373887400170128
0 0 2 2 0.011997086034769957
1 0 2 3 0.011997086034769957
0 1 3 2 0.011997086034769957
1 1 3 3 0.011997086034769957
0 0 10 2 -0.008394477523885018
1 0 10 3 -0.008394477523885018
0 1 11 2 -0.008394477523885018
1 1 11 3 -0.008394477523885018
0 2 0 2 0.011997086034769955
1 2 0 3 0.011997086034769955
0 3 1 2 0.011997086034769955
1 3 1 3 0.011997086034769955
0 2 4 2 0.04072709462943414
1 2 4 3 0.04072709462943414
0 3 5 2 0.04072709462943414
1 3 5 3 0.04072709462943414
0 4 2 2 0.04072709462943414
1 4 2 3 0.04072709462943414
0 5 3 2 0.04072709462943414
1 5 3 3 0.04072709462943414
0 4 10 2 0.010548073129930724
1 4 10 3 0.010548073129930724
0 5 11 2 0.010548073129930724
1 5 11 3 0.010548073129930724
0 10 0 2 -0.008394477523885018
1 10 0 3 -0.008394477523885018
0 11 1 2 -0.008394477523885018
1 11 1 3 -0.008394477523885018
0 10 4 2 0.010548073129930724
1 10 4 3 0.010548073129930724
0 11 5 2 0.010548073129930724
1 11 5 3 0.010548073129930724
0 0 0 4 -0.02709309480076119
1 0 0 5 -0.02709309480076119
0 1 1 4 -0.02709309480076119
1 1 1 5 -0.02709309480076119
0 0 4 4 0.014626059939142136
1 0 4 5 0.014626059939142136
0 1 5 4 0.014626059939142136
1 1 5 5 0.014626059939142136
0 2 2 4 0.029580978905591186
1 2 2 5 0.029580978905591186
0 3 3 4 0.029580978905591186
1 3 3 5 0.029580978905591186
0 2 10 4 0.01142576319880532
1 2 10 5 0.01142576319880532
0 3 11 4 0.01142576319880532
1 3 11 5 0.01142576319880532
0 4 0 4 0.014626059939142132
1 4 0 5 0.014626059939142132
0 5 1 4 0.014626059939142132
1 5 1 5 0.014626059939142132
0 4 4 4 0.02810408523781936
1 4 4 5 0.02810408523781936
0 5 5 4 0.02810408523781936
1 5 5 5 0.02810408523781936
0 6 6 4 -0.03189978353648213
1 6 6 5 -0.03189978353648213
0 7 7 4 -0.03189978353648213
1 7 7 5 -0.03189978353648213
0 8 8 4 -0.03189978353648213
1 8 8 5 -0.03189978353648213
0 9 9 4 -0.03189978353648213
1 9 9 5 -0.03189978353648213
0 10 2 4 0.011425763198805323
1 10 2 5 0.011425763198805323
0 11 3 4 0.011425763198805323
1 11 3 5 0.011425763198805323
0 10 10 4 -0.028230813133862973
1 10 10 5 -0.028230813133862973
0 11 11 4 -0.028230813133862973
1 11 11 5 -0.028230813133862973
0 0 6 6 0.040692072786944096
1 0 6 7 0.040692072786944096
0 1 7 6 0.040692072786944096
1 1 7 7 0.040692072786944096
0 4 6 6 -0.010569022496327483
1 4 6 7 -0.010569022496327483
0 5 7 6 -0.010569022496327483
1 5 7 7 -0.010569022496327483
0 6 0 6 0.040692072786944096
1 6 0 7 0.040692072786944096
0 7 1 6 0.040692072786944096
1 7 1 7 0.040692072786944096
0 6 4 6 -0.010569022496327483
1 6 4 7 -0.010569022496327483
0 7 5 6 -0.010569022496327483
1 7 5 7 -0.010569022496327483
0 0 8 8 0.040692072786944096
1 0 8 9 0.040692072786944096
0 1 9 8 0.040692072786944096
1 1 9 9 0.040692072786944096
0 4 8 8 -0.010569022496327483
1 4 8 9 -0.010569022496327483
0 5 9 8 -0.010569022496327483
1 5 9 9 -0.010569022496327483
0 8 0 8 0.040692072786944096
1 8 0 9 0.040692072786944096
0 9 1 8 0.040692072786944096
1 9 1 9 0.040692072786944096
0 8 4 8 -0.010569022496327483
1 8 4 9 -0.010569022496327483
0 9 5 8 -0.010569022496327483
1 9 5 9 -0.010569022496327483
0 0 2 10 -0.008394477523885014
1 0 2 11 -0.008394477523885014
0 1 3 10 -0.008394477523885014
1 1 3 11 -0.008394477523885014
0 0 10 10 0.038961163879111624
1 0 10 11 0.038961163879111624
0 1 11 10 0.038961163879111624
1 1 11 11 0.038961163879111624
0 2 0 10 -0.00839447752388502
1 2 0 11 -0.00839447752388502
0 3 1 10 -0.00839447752388502
1 3 1 11 -0.00839447752388502
0 2 4 10 -0.002988435973832
1 2 4 11 -0.002988435973832
0 3 5 10 -0.002988435973832
1 3 5 11 -0.002988435973832
0 4 2 10 -0.002988435973832001
1 4 2 11 -0.002988435973832001
0 5 3 10 -0.002988435973832001
1 5 3 11 -0.002988435973832001
0 4 10 10 -0.0102168762323291
1 4 10 11 -0.0102168762323291
0 5 11 10 -0.0102168762323291
1 5 11 11 -0.0102168762323291
0 10 0 10 0.038961163879111624
1 10 0 11 0.038961163879111624
0 11 1 10 0.038961163879111624
1 11 1 11 0.038961163879111624
0 10 4 10 -0.010216876232329098
1 10 4 11 -0.010216876232329098
0 11 5 10 -0.010216876232329098
1 11 5 11 -0.010216876232329098
2 0 2 0 0.011997086034769955
3 0 2 1 0.011997086034769955
2 1 3 0 0.011997086034769955
3 1 3 1 0.011997086034769955
2 0 10 0 -0.008394477523885018
3 0 10 1 -0.008394477523885018
2 1 11 0 -0.008394477523885018
3 1 11 1 -0.008394477523885018
2 2 0 0 0.011997086034769955
3 2 0 1 0.011997086034769955
2 3 1 0 0.011997086034769955
3 3 1 1 0.011997086034769955
2 2 4 0 0.04072709462943414
3 2 4 1 0.04072709462943414
2 3 5 0 0.04072709462943414
3 3 5 1 0.04072709462943414
2 4 2 0 0.04072709462943415
3 4 2 1 0.04072709462943415
2 5 3 0 0.04072709462943415
3 5 3 1 0.04072709462943415
2 4 10 0 0.010548073129930724
3 4 10 1 0.010548073129930724
2 5 11 0 0.010548073129930724
3 5 11 1 0.010548073129930724
2 10 0 0 -0.008394477523885018
3 10 0 1 -0.008394477523885018
2 11 1 0 -0.008394477523885018
3 11 1 1 -0.008394477523885018
2 10 4 0 0.010548073129930724
3 10 4 1 0.010548073129930724
2 11 5 0 0.010548073129930724
3 11 5 1 0.010548073129930724
2 0 0 2 0.0848010965812387
3 0 0 3 0.0848010965812387
2 1 1 2 0.0848010965812387
3 1 1 3 0.0848010965812387
2 0 4 2 0.029580978905591186
3 0 4 3 0.029580978905591186
2 1 5 2 0.029580978905591186
3 1 5 3 0.029580978905591186
2 2 2 2 0.202143215721316
3 2 2 3 0.202143215721316
2 3 3 2 0.202143215721316
3 3 3 3 0.202143215721316
2 2 10 2 0.024287834151498176
3 2 10 3 0.024287834151498176
2 3 11 2 0.024287834151498176
3 3 11 3 0.024287834151498176
2 4 0 2 0.0295809789055912
3 4 0 3 0.0295809789055912
2 5 1 2 0.0295809789055912
3 5 1 3 0.0295809789055912
2 4 4 2 0.19979885737058017
3 4 4 3 0.19979885737058017
2 5 5 2 0.19979885737058017
3 5 5 3 0.19979885737058017
2 6 6 2 0.07575024592296176
3 6 6 3 0.07575024592296176
2 7 7 2 0.07575024592296176
3 7 7 3 0.07575024592296176
2 8 8 2 0.07575024592296176
3 8 8 3 0.07575024592296176
2 9 9 2 0.07575024592296176
3 9 9 3 0.07575024592296176
2 10 2 2 0.024287834151498183
3 10 2 3 0.024287834151498183
2 11 3 2 0.024287834151498183
3 11 3 3 0.024287834151498183
2 10 10 2 0.08663243659852765
3 10 10 3 0.08663243659852765
2 11 11 2 0.08663243659852765
3 11 11 3 0.08663243659852765
2 0 2 4 0.04072709462943415
3 0 2 5 0.04072709462943415
2 1 3 4 0.04072709462943415
3 1 3 5 0.04072709462943415
2 0 10 4 -0.0029884359738319988
3 0 10 5 -0.0029884359738319988
2 1 11 4 -0.0029884359738319988
3 1 11 5 -0.0029884359738319988
2 2 0 4 0.04072709462943415
3 2 0 5 0.04072709462943415
2 3 1 4 0.04072709462943415
3 3 1 5 0.04072709462943415
2 2 4 4 0.15837713942348114
3 2 4 5 0.15837713942348114
2 3 5 4 0.15837713942348114
3 3 5 5 0.15837713942348114
2 4 2 4 0.15837713942348114
3 4 2 5 0.15837713942348114
2 5 3 4 0.15837713942348114
3 5 3 5 0.15837713942348114
2 4 10 4 0.03391629174162666
3 4 10 5 0.03391629174162666
2 5 11 4 0.03391629174162666
3 5 11 5 0.03391629174162666
2 10 0 4 -0.002988435973831998
3 10 0 5 -0.002988435973831998
2 11 1 4 -0.002988435973831998
3 11 1 5 -0.002988435973831998
2 10 4 4 0.033916291741626664
3 10 4 5 0.033916291741626664
2 11 5 4 0.033916291741626664
3 11 5 5 0.033916291741626664
2 2 6 6 0.0003634477841857583
3 2 6 7 0.0003634477841857583
2 3 7 6 0.0003634477841857583
3 3 7 7 0.0003634477841857583
2 6 2 6 0.0003634477841857583
3 6 2 7 0.0003634477841857583
2 7 3 6 0.0003634477841857583
3 7 3 7 0.0003634477841857583
2 6 10 6 -0.002061343576672705
3 6 10 7 -0.002061343576672705
2 7 11 6 -0.002061343576672705
3 7 11 7 -0.002061343576672705
2 10 6 6 -0.002061343576672705
3 10 6 7 -0.002061343576672705
2 11 7 6 -0.002061343576672705
3 11 7 7 -0.002061343576672705
2 2 8 8 0.0003634477841857583
3 2 8 9 0.0003634477841857583
2 3 9 8 0.0003634477841857583
3 3 9 9 0.0003634477841857583
2 8 2 8 0.0003634477841857583
3 8 2 9 0.0003634477841857583
2 9 3 8 0.0003634477841857583
3 9 3 9 0.0003634477841857583
2 8 10 8 -0.002061343576672705
3 8 10 9 -0.002061343576672705
2 9 11 8 -0.002061343576672705
3 9 11 9 -0.002061343576672705
2 10 8 8 -0.002061343576672705
3 10 8 9 -0.002061343576672705
2 11 9 8 -0.002061343576672705
3 11 9 9 -0.002061343576672705
2 0 0 10 -0.02029722356761301
3 0 0 11 -0.02029722356761301
2 1 1 10 -0.02029722356761301
3 1 1 11 -0.02029722356761301
2 0 4 10 0.011425763198805321
3 0 4 11 0.011425763198805321
2 1 5 10 0.011425763198805321
3 1 5 11 0.011425763198805321
2 2 2 10 0.02428783415149818
3 2 2 11 0.02428783415149818
2 3 3 10 0.02428783415149818
3 3 3 11 0.02428783415149818
2 2 10 10 0.009725435669558954
3 2 10 11 0.009725435669558954
2 3 11 10 0.009725435669558954
3 3 11 11 0.009725435669558954
2 4 0 10 0.011425763198805321
3 4 0 11 0.011425763198805321
2 5 1 10 0.011425763198805321
3 5 1 11 0.011425763198805321
2 4 4 10 0.02333654465809461
3 4 4 11 0.02333654465809461
2 5 5 10 0.02333654465809461
3 5 5 11 0.02333654465809461
2 6 6 10 -0.022596032590707277
3 6 6 11 -0.022596032590707277
2 7 7 10 -0.022596032590707277
3 7 7 11 -0.022596032590707277
2 8 8 10 -0.022596032590707277
3 8 8 11 -0.022596032590707277
2 9 9 10 -0.022596032590707277
3 9 9 11 -0.022596032590707277
2 10 2 10 0.009725435669558958
3 10 2 11 0.009725435669558958
2 11 3 10 0.009725435669558958
3 11 3 11 0.009725435669558958
2 10 10 10 -0.024236416171451704
3 10 10 11 -0.024236416171451704
2 11 11 10 -0.024236416171451704
3 11 11 11 -0.024236416171451704
4 0 0 0 -0.027093094800761185
5 0 0 1 -0.027093094800761185
4 1 1 0 -0.027093094800761185
5 1 1 1 -0.027093094800761185
4 0 4 0 0.014626059939142132
5 0 4 1 0.014626059939142132
4 1 5 0 0.014626059939142132
5 1 5 1 0.014626059939142132
4 2 2 0 0.029580978905591186
5 2 2 1 0.029580978905591186
4 3 3 0 0.029580978905591186
5 3 3 1 0.029580978905591186
4 2 10 0 0.011425763198805316
5 2 10 1 0.011425763198805316
4 3 11 0 0.011425763198805316
5 3 11 1 0.011425763198805316
4 4 0 0 0.014626059939142132
5 4 0 1 0.014626059939142132
4 5 1 0 0.014626059939142132
5 5 1 1 0.014626059939142132
4 4 4 0 0.02810408523781935
5 4 4 1 0.02810408523781935
4 5 5 0 0.02810408523781935
5 5 5 1 0.02810408523781935
4 6 6 0 -0.031899783536482124
5 6 6 1 -0.031899783536482124
4 7 7 0 -0.031899783536482124
5 7 7 1 -0.031899783536482124
4 8 8 0 -0.031899783536482124
5 8 8 1 -0.031899783536482124
4 9 9 0 -0.031899783536482124
5 9 9 1 -0.031899783536482124
4 10 2 0 0.011425763198805323
5 10 2 1 0.011425763198805323
4 11 3 0 0.011425763198805323
5 11 3 1 0.011425763198805323
4 10 10 0 -0.02823081313386299
5 10 10 1 -0.02823081313386299
4 11 11 0 -0.02823081313386299
5 11 11 1 -0.02823081313386299
4 0 2 2 0.04072709462943415
5 0 2 3 0.04072709462943415
4 1 3 2 0.04072709462943415
5 1 3 3 0.04072709462943415
4 0 10 2 -0.002988435973831999
5 0 10 3 -0.002988435973831999
4 1 11 2 -0.002988435973831999
5 1 11 3 -0.002988435973831999
4 2 0 2 0.04072709462943415
5 2 0 3 0.04072709462943415
4 3 1 2 0.04072709462943415
5 3 1 3 0.04072709462943415
4 2 4 2 0.15837713942348114
5 2 4 3 0.15837713942348114
4 3 5 2 0.15837713942348114
5 3 5 3 0.15837713942348114
4 4 2 2 0.15837713942348114
5 4 2 3 0.15837713942348114
4 5 3 2 0.15837713942348114
5 5 3 3 0.15837713942348114
4 4 10 2 0.03391629174162666
5 4 10 3 0.03391629174162666
4 5 11 2 0.03391629174162666
5 5 11 3 0.03391629174162666
4 10 0 2 -0.0029884359738319983
5 10 0 3 -0.0029884359738319983
4 11 1 2 -0.0029884359738319983
5 11 1 3 -0.0029884359738319983
4 10 4 2 0.033916291741626664
5 10 4 3 0.033916291741626664
4 11 5 2 0.033916291741626664
5 11 5 3 0.033916291741626664
4 0 0 4 0.08805366111515922
5 0 0 5 0.08805366111515922
4 1 1 4 0.08805366111515922
5 1 1 5 0.08805366111515922
4 0 4 4 0.028104085237819355
5 0 4 5 0.028104085237819355
4 1 5 4 0.028104085237819355
5 1 5 5 0.028104085237819355
4 2 2 4 0.19979885737058017
5 2 2 5 0.19979885737058017
4 3 3 4 0.19979885737058017
5 3 3 5 0.19979885737058017
4 2 10 4 0.023336544658094607
5 2 10 5 0.023336544658094607
4 3 11 4 0.023336544658094607
5 3 11 5 0.023336544658094607
4 4 0 4 0.028104085237819362
5 4 0 5 0.028104085237819362
4 5 1 4 0.028104085237819362
5 5 1 5 0.028104085237819362
4 4 4 4 0.19766210239774068
5 4 4 5 0.19766210239774068
4 5 5 4 0.19766210239774068
5 5 5 5 0.19766210239774068
4 6 6 4 0.07981857196129136
5 6 6 5 0.07981857196129136
4 7 7 4 0.07981857196129136
5 7 7 5 0.07981857196129136
4 8 8 4 0.07981857196129136
5 8 8 5 0.07981857196129136
4 9 9 4 0.07981857196129136
5 9 9 5 0.07981857196129136
4 10 2 4 0.023336544658094614
5 10 2 5 0.023336544658094614
4 11 3 4 0.023336544658094614
5 11 3 5 0.023336544658094614
4 10 10 4 0.08940951355505247
5 10 10 5 0.08940951355505247
4 11 11 4 0.08940951355505247
5 11 11 5 0.08940951355505247
4 0 6 6 -0.010569022496327483
5 0 6 7 -0.010569022496327483
4 1 7 6 -0.010569022496327483
5 1 7 7 -0.010569022496327483
4 4 6 6 0.0027486326539688448
5 4 6 7 0.0027486326539688448
4 5 7 6 0.0027486326539688448
5 5 7 7 0.0027486326539688448
4 6 0 6 -0.010569022496327483
5 6 0 7 -0.010569022496327483
4 7 1 6 -0.010569022496327483
5 7 1 7 -0.010569022496327483
4 6 4 6 0.0027486326539688448
5 6 4 7 0.0027486326539688448
4 7 5 6 0.0027486326539688448
5 7 5 7 0.0027486326539688448
4 0 8 8 -0.010569022496327483
5 0 8 9 -0.010569022496327483
4 1 9 8 -0.010569022496327483
5 1 9 9 -0.010569022496327483
4 4 8 8 0.0027486326539688448
5 4 8 9 0.0027486326539688448
4 5 9 8 0.0027486326539688448
5 5 9 9 0.0027486326539688448
4 8 0 8 -0.010569022496327483
5 8 0 9 -0.010569022496327483
4 9 1 8 -0.010569022496327483
5 9 1 9 -0.010569022496327483
4 8 4 8 0.0027486326539688448
5 8 4 9 0.0027486326539688448
4 9 5 8 0.0027486326539688448
5 9 5 9 0.0027486326539688448
4 0 2 10 0.010548073129930724
5 0 2 11 0.010548073129930724
4 1 3 10 0.010548073129930724
5 1 3 11 0.010548073129930724
4 0 10 10 -0.0102168762323291
5 0 10 11 -0.0102168762323291
4 1 11 10 -0.0102168762323291
5 1 11 11 -0.0102168762323291
4 2 0 10 0.010548073129930724
5 2 0 11 0.010548073129930724
4 3 1 10 0.010548073129930724
5 3 1 11 0.010548073129930724
4 2 4 10 0.03391629174162665
5 2 4 11 0.03391629174162665
4 3 5 10 0.03391629174162665
5 3 5 11 0.03391629174162665
4 4 2 10 0.03391629174162666
5 4 2 11 0.03391629174162666
4 5 3 10 0.03391629174162666
5 5 3 11 0.03391629174162666
4 4 10 10 0.009709663966694811
5 4 10 11 0.009709663966694811
4 5 11 10 0.009709663966694811
5 5 11 11 0.009709663966694811
4 10 0 10 -0.0102168762323291
5 10 0 11 -0.0102168762323291
4 11 1 10 -0.0102168762323291
5 11 1 11 -0.0102168762323291
4 10 4 10 0.009709663966694813
5 10 4 11 0.009709663966694813
4 11 5 10 0.009709663966694813
5 11 5 11 0.009709663966694813
6 0 6 0 0.040692072786944096
7 0 6 1 0.040692072786944096
6 1 7 0 0.040692072786944096
7 1 7 1 0.040692072786944096
6 4 6 0 -0.010569022496327483
7 4 6 1 -0.010569022496327483
6 5 7 0 -0.010569022496327483
7 5 7 1 -0.010569022496327483
6 6 0 0 0.040692072786944096
7 6 0 1 0.040692072786944096
6 7 1 0 0.040692072786944096
7 7 1 1 0.040692072786944096
6 6 4 0 -0.010569022496327483
7 6 4 1 -0.010569022496327483
6 7 5 0 -0.010569022496327483
7 7 5 1 -0.010569022496327483
6 2 6 2 0.0003634477841857583
7 2 6 3 0.0003634477841857583
6 3 7 2 0.0003634477841857583
7 3 7 3 0.0003634477841857583
6 6 2 2 0.0003634477841857583
7 6 2 3 0.0003634477841857583
6 7 3 2 0.0003634477841857583
7 7 3 3 0.0003634477841857583
6 6 10 2 -0.002061343576672705
7 6 10 3 -0.002061343576672705
6 7 11 2 -0.002061343576672705
7 7 11 3 -0.002061343576672705
6 10 6 2 -0.002061343576672705
7 10 6 3 -0.002061343576672705
6 11 7 2 -0.002061343576672705
7 11 7 3 -0.002061343576672705
6 0 6 4 -0.010569022496327483
7 0 6 5 -0.010569022496327483
6 1 7 4 -0.010569022496327483
7 1 7 5 -0.010569022496327483
6 4 6 4 0.0027486326539688448
7 4 6 5 0.0027486326539688448
6 5 7 4 0.0027486326539688448
7 5 7 5 0.0027486326539688448
6 6 0 4 -0.010569022496327483
7 6 0 5 -0.010569022496327483
6 7 1 4 -0.010569022496327483
7 7 1 5 -0.010569022496327483
6 6 4 4 0.0027486326539688448
7 6 4 5 0.0027486326539688448
6 7 5 4 0.0027486326539688448
7 7 5 5 0.0027486326539688448
6 0 0 6 0.1967355296670227
7 0 0 7 0.1967355296670227
6 1 1 6 0.1967355296670227
7 1 1 7 0.1967355296670227
6 0 4 6 -0.03189978353648213
7 0 4 7 -0.03189978353648213
6 1 5 6 -0.03189978353648213
7 1 5 7 -0.03189978353648213
6 2 2 6 0.07575024592296176
7 2 2 7 0.07575024592296176
6 3 3 6 0.07575024592296176
7 3 3 7 0.07575024592296176
6 2 10 6 -0.022596032590707277
7 2 10 7 -0.022596032590707277
6 3 11 6 -0.022596032590707277
7 3 11 7 -0.022596032590707277
6 4 0 6 -0.031899783536482124
7 4 0 7 -0.031899783536482124
6 5 1 6 -0.031899783536482124
7 5 1 7 -0.031899783536482124
6 4 4 6 0.07981857196129136
7 4 4 7 0.07981857196129136
6 5 5 6 0.07981857196129136
7 5 5 7 0.07981857196129136
6 6 6 6 0.224929545
7 6 6 7 0.224929545
6 7 7 6 0.224929545
7 7 7 7 0.224929545
6 8 8 6 0.2006801625
7 8 8 7 0.2006801625
6 9 9 6 0.2006801625
7 9 9 7 0.2006801625
6 10 2 6 -0.022596032590707284
7 10 2 7 -0.022596032590707284
6 11 3 6 -0.022596032590707284
7 11 3 7 -0.022596032590707284
6 10 10 6 0.19682616926595686
7 10 10 7 0.19682616926595686
6 11 11 6 0.19682616926595686
7 11 11 7 0.19682616926595686
6 6 8 8 0.0121246915
7 6 8 9 0.0121246915
6 7 9 8 0.0121246915
7 7 9 9 0.0121246915
6 8 6 8 0.0121246915
7 8 6 9 0.0121246915
6 9 7 8 0.0121246915
7 9 7 9 0.0121246915
6 2 6 10 -0.002061343576672705
7 2 6 11 -0.002061343576672705
6 3 7 10 -0.002061343576672705
7 3 7 11 -0.002061343576672705
6 6 2 10 -0.002061343576672705
7 6 2 11 -0.002061343576672705
6 7 3 10 -0.002061343576672705
7 7 3 11 -0.002061343576672705
6 6 10 10 0.011791399810690394
7 6 10 11 0.011791399810690394
6 7 11 10 0.011791399810690394
7 7 11 11 0.011791399810690394
6 10 6 10 0.011791399810690394
7 10 6 11 0.011791399810690394
6 11 7 10 0.011791399810690394
7 11 7 11 0.011791399810690394
8 0 8 0 0.040692072786944096
9 0 8 1 0.040692072786944096
8 1 9 0 0.040692072786944096
9 1 9 1 0.040692072786944096
8 4 8 0 -0.010569022496327483
9 4 8 1 -0.010569022496327483
8 5 9 0 -0.010569022496327483
9 5 9 1 -0.010569022496327483
8 8 0 0 0.040692072786944096
9 8 0 1 0.040692072786944096
8 9 1 0 0.040692072786944096
9 9 1 1 0.040692072786944096
8 8 4 0 -0.010569022496327483
9 8 4 1 -0.010569022496327483
8 9 5 0 -0.010569022496327483
9 9 5 1 -0.010569022496327483
8 2 8 2 0.0003634477841857583
9 2 8 3 0.0003634477841857583
8 3 9 2 0.0003634477841857583
9 3 9 3 0.0003634477841857583
8 8 2 2 0.0003634477841857583
9 8 2 3 0.0003634477841857583
8 9 3 2 0.0003634477841857583
9 9 3 3 0.0003634477841857583
8 8 10 2 -0.002061343576672705
9 8 10 3 -0.002061343576672705
8 9 11 2 -0.002061343576672705
9 9 11 3 -0.002061343576672705
8 10 8 2 -0.002061343576672705
9 10 8 3 -0.002061343576672705
8 11 9 2 -0.002061343576672705
9 11 9 3 -0.002061343576672705
8 0 8 4 -0.010569022496327483
9 0 8 5 -0.010569022496327483
8 1 9 4 -0.010569022496327483
9 1 9 5 -0.010569022496327483
8 4 8 4 0.0027486326539688448
9 4 8 5 0.0027486326539688448
8 5 9 4 0.0027486326539688448
9 5 9 5 0.0027486326539688448
8 8 0 4 -0.010569022496327483
9 8 0 5 -0.010569022496327483
8 9 1 4 -0.010569022496327483
9 9 1 5 -0.010569022496327483
8 8 4 4 0.0027486326539688448
9 8 4 5 0.0027486326539688448
8 9 5 4 0.0027486326539688448
9 9 5 5 0.0027486326539688448
8 6 8 6 0.0121246915
9 6 8 7 0.0121246915
8 7 9 6 0.0121246915
9 7 9 7 0.0121246915
8 8 6 6 0.0121246915
9 8 6 7 0.0121246915
8 9 7 6 0.0121246915
9 9 7 7 0.0121246915
8 0 0 8 0.1967355296670227
9 0 0 9 0.1967355296670227
8 1 1 8 0.1967355296670227
9 1 1 9 0.1967355296670227
8 0 4 8 -0.03189978353648213
9 0 4 9 -0.03189978353648213
8 1 5 8 -0.03189978353648213
9 1 5 9 -0.03189978353648213
8 2 2 8 0.07575024592296176
9 2 2 9 0.07575024592296176
8 3 3 8 0.07575024592296176
9 3 3 9 0.07575024592296176
8 2 10 8 -0.022596032590707277
9 2 10 9 -0.022596032590707277
8 3 11 8 -0.022596032590707277
9 3 11 9 -0.022596032590707277
8 4 0 8 -0.031899783536482124
9 4 0 9 -0.031899783536482124
8 5 1 8 -0.031899783536482124
9 5 1 9 -0.031899783536482124
8 4 4 8 0.07981857196129136
9 4 4 9 0.07981857196129136
8 5 5 8 0.07981857196129136
9 5 5 9 0.07981857196129136
8 6 6 8 0.2006801625
9 6 6 9 0.2006801625
8 7 7 8 0.2006801625
9 7 7 9 0.2006801625
8 8 8 8 0.224929545
9 8 8 9 0.224929545
8 9 9 8 0.224929545
9 9 9 9 0.224929545
8 10 2 8 -0.022596032590707284
9 10 2 9 -0.022596032590707284
8 11 3 8 -0.022596032590707284
9 11 3 9 -0.022596032590707284
8 10 10 8 0.19682616926595686
9 10 10 9 0.19682616926595686
8 11 11 8 0.19682616926595686
9 11 11 9 0.19682616926595686
8 2 8 10 -0.002061343576672705
9 2 8 11 -0.002061343576672705
8 3 9 10 -0.002061343576672705
9 3 9 11 -0.002061343576672705
8 8 2 10 -0.002061343576672705
9 8 2 11 -0.002061343576672705
8 9 3 10 -0.002061343576672705
9 9 3 11 -0.002061343576672705
8 8 10 10 0.011791399810690394
9 8 10 11 0.011791399810690394
8 9 11 10 0.011791399810690394
9 9 11 11 0.011791399810690394
8 10 8 10 0.011791399810690394
9 10 8 11 0.011791399810690394
8 11 9 10 0.011791399810690394
9 11 9 11 0.011791399810690394
10 0 2 0 -0.008394477523885014
11 0 2 1 -0.008394477523885014
10 1 3 0 -0.008394477523885014
11 1 3 1 -0.008394477523885014
10 0 10 0 0.03896116387911163
11 0 10 1 0.03896116387911163
10 1 11 0 0.03896116387911163
11 1 11 1 0.03896116387911163
10 2 0 0 -0.00839447752388502
11 2 0 1 -0.00839447752388502
10 3 1 0 -0.00839447752388502
11 3 1 1 -0.00839447752388502
10 2 4 0 -0.0029884359738319988
11 2 4 1 -0.0029884359738319988
10 3 5 0 -0.0029884359738319988
11 3 5 1 -0.0029884359738319988
10 4 2 0 -0.0029884359738319996
11 4 2 1 -0.0029884359738319996
10 5 3 0 -0.0029884359738319996
11 5 3 1 -0.0029884359738319996
10 4 10 0 -0.010216876232329098
11 4 10 1 -0.010216876232329098
10 5 11 0 -0.010216876232329098
11 5 11 1 -0.010216876232329098
10 10 0 0 0.03896116387911163
11 10 0 1 0.03896116387911163
10 11 1 0 0.03896116387911163
11 11 1 1 0.03896116387911163
10 10 4 0 -0.010216876232329097
11 10 4 1 -0.010216876232329097
10 11 5 0 -0.010216876232329097
11 11 5 1 -0.010216876232329097
10 0 0 2 -0.02029722356761301
11 0 0 3 -0.02029722356761301
10 1 1 2 -0.02029722356761301
11 1 1 3 -0.02029722356761301
10 0 4 2 0.01142576319880532
11 0 4 3 0.01142576319880532
10 1 5 2 0.01142576319880532
11 1 5 3 0.01142576319880532
10 2 2 2 0.02428783415149818
11 2 2 3 0.02428783415149818
10 3 3 2 0.02428783415149818
11 3 3 3 0.02428783415149818
10 2 10 2 0.009725435669558954
11 2 10 3 0.009725435669558954
10 3 11 2 0.009725435669558954
11 3 11 3 0.009725435669558954
10 4 0 2 0.011425763198805318
11 4 0 3 0.011425763198805318
10 5 1 2 0.011425763198805318
11 5 1 3 0.011425763198805318
10 4 4 2 0.02333654465809461
11 4 4 3 0.02333654465809461
10 5 5 2 0.02333654465809461
11 5 5 3 0.02333654465809461
10 6 6 2 -0.022596032590707284
11 6 6 3 -0.022596032590707284
10 7 7 2 -0.022596032590707284
11 7 7 3 -0.022596032590707284
10 8 8 2 -0.022596032590707284
11 8 8 3 -0.022596032590707284
10 9 9 2 -0.022596032590707284
11 9 9 3 -0.022596032590707284
10 10 2 2 0.009725435669558956
11 10 2 3 0.009725435669558956
10 11 3 2 0.009725435669558956
11 11 3 3 0.009725435669558956
10 10 10 2 -0.024236416171451697
11 10 10 3 -0.024236416171451697
10 11 11 2 -0.024236416171451697
11 11 11 3 -0.024236416171451697
10 0 2 4 0.010548073129930724
11 0 2 5 0.010548073129930724
10 1 3 4 0.010548073129930724
11 1 3 5 0.010548073129930724
10 0 10 4 -0.010216876232329104
11 0 10 5 -0.010216876232329104
10 1 11 4 -0.010216876232329104
11 1 11 5 -0.010216876232329104
10 2 0 4 0.010548073129930726
11 2 0 5 0.010548073129930726
10 3 1 4 0.010548073129930726
11 3 1 5 0.010548073129930726
10 2 4 4 0.033916291741626664
11 2 4 5 0.033916291741626664
10 3 5 4 0.033916291741626664
11 3 5 5 0.033916291741626664
10 4 2 4 0.033916291741626664
11 4 2 5 0.033916291741626664
10 5 3 4 0.033916291741626664
11 5 3 5 0.033916291741626664
10 4 10 4 0.009709663966694811
11 4 10 5 0.009709663966694811
10 5 11 4 0.009709663966694811
11 5 11 5 0.009709663966694811
10 10 0 4 -0.010216876232329104
11 10 0 5 -0.010216876232329104
10 11 1 4 -0.010216876232329104
11 11 1 5 -0.010216876232329104
10 10 4 4 0.009709663966694811
11 10 4 5 0.009709663966694811
10 11 5 4 0.009709663966694811
11 11 5 5 0.009709663966694811
10 2 6 6 -0.002061343576672705
11 2 6 7 -0.002061343576672705
10 3 7 6 -0.002061343576672705
11 3 7 7 -0.002061343576672705
10 6 2 6 -0.002061343576672705
11 6 2 7 -0.002061343576672705
10 7 3 6 -0.002061343576672705
11 7 3 7 -0.002061343576672705
10 6 10 6 0.011791399810690394
11 6 10 7 0.011791399810690394
10 7 11 6 0.011791399810690394
11 7 11 7 0.011791399810690394
10 10 6 6 0.011791399810690394
11 10 6 7 0.011791399810690394
10 11 7 6 0.011791399810690394
11 11 7 7 0.011791399810690394
10 2 8 8 -0.002061343576672705
11 2 8 9 -0.002061343576672705
10 3 9 8 -0.002061343576672705
11 3 9 9 -0.002061343576672705
10 8 2 8 -0.002061343576672705
11 8 2 9 -0.002061343576672705
10 9 3 8 -0.002061343576672705
11 9 3 9 -0.002061343576672705
10 8 10 8 0.011791399810690394
11 8 10 9 0.011791399810690394
10 9 11 8 0.011791399810690394
11 9 11 9 0.011791399810690394
10 10 8 8 0.011791399810690394
11 10 8 9 0.011791399810690394
10 11 9 8 0.011791399810690394
11 11 9 9 0.011791399810690394
10 0 0 10 0.19373887400170123
11 0 0 11 0.19373887400170123
10 1 1 10 0.19373887400170123
11 1 1 11 0.19373887400170123
10 0 4 10 -0.028230813133863
11 0 4 11 -0.028230813133863
10 1 5 10 -0.028230813133863
11 1 5 11 -0.028230813133863
10 2 2 10 0.08663243659852762
11 2 2 11 0.08663243659852762
10 3 3 10 0.08663243659852762
11 3 3 11 0.08663243659852762
10 2 10 10 -0.024236416171451714
11 2 10 11 -0.024236416171451714
10 3 11 10 -0.024236416171451714
11 3 11 11 -0.024236416171451714
10 4 0 10 -0.02823081313386299
11 4 0 11 -0.02823081313386299
10 5 1 10 -0.02823081313386299
11 5 1 11 -0.02823081313386299
10 4 4 10 0.08940951355505246
11 4 4 11 0.08940951355505246
10 5 5 10 0.08940951355505246
11 5 5 11 0.08940951355505246
10 6 6 10 0.19682616926595686
11 6 6 11 0.19682616926595686
10 7 7 10 0.19682616926595686
11 7 7 11 0.19682616926595686
10 8 8 10 0.19682616926595686
11 8 8 11 0.19682616926595686
10 9 9 10 0.19682616926595686
11 9 9 11 0.19682616926595686
10 10 2 10 -0.024236416171451718
11 10 2 11 -0.024236416171451718
10 11 3 10 -0.024236416171451718
11 11 3 11 -0.024236416171451718
10 10 10 10 0.21629074228580644
11 10 10 11 0.21629074228580644
10 11 11 10 0.21629074228580644
11 11 11 11 0.21629074228580644
