-11.27421437004266
0 0 -1.6355990039447288
1 1 -1.6355990039447288
0 8 0.060546746195430684
1 9 0.060546746195430684
2 2 -1.6443250570678458
3 3 -1.6443250570678458
2 10 0.020436218559299335
3 11 0.020436218559299335
4 4 -1.2590662031693458
5 5 -1.2590662031693458
6 6 -1.2590662031693458
7 7 -1.2590662031693458
8 0 0.06054674619543074
9 1 0.06054674619543074
8 8 -0.9700584134007594
9 9 -0.9700584134007594
10 2 0.020436218559298974
11 3 0.020436218559298974
10 10 -0.42754539947184744
11 11 -0.42754539947184744
0 0 0 0 0.21331601783063567
1 0 0 1 0.21331601783063567
0 1 1 0 0.21331601783063567
1 1 1 1 0.21331601783063567
0 0 8 0 -0.019455911220390934
1 0 8 1 -0.019455911220390934
0 1 9 0 -0.019455911220390934
1 1 9 1 -0.019455911220390934
0 2 2 0 0.2198457438940552
1 2 2 1 0.2198457438940552
0 3 3 0 0.2198457438940552
1 3 3 1 0.2198457438940552
0 2 10 0 -0.009503747376163453
1 2 10 1 -0.009503747376163453
0 3 11 0 -0.009503747376163453
1 3 11 1 -0.009503747376163453
0 4 4 0 0.1939205200434617
1 4 4 1 0.1939205200434617
0 5 5 0 0.1939205200434617
1 5 5 1 0.1939205200434617
0 6 6 0 0.1939205200434617
1 6 6 1 0.1939205200434617
0 7 7 0 0.1939205200434617
1 7 7 1 0.1939205200434617
0 8 0 0 -0.019455911220390962
1 8 0 1 -0.019455911220390962
0 9 1 0 -0.019455911220390962
1 9 1 1 -0.019455911220390962
0 8 8 0 0.2091984888856607
1 8 8 1 0.2091984888856607
0 9 9 0 0.2091984888856607
1 9 9 1 0.2091984888856607
0 10 2 0 -0.009503747376163451
1 10 2 1 -0.009503747376163451
0 11 3 0 -0.009503747376163451
1 11 3 1 -0.009503747376163451
0 10 10 0 0.22937772218781025
1 10 10 1 0.22937772218781025
0 11 11 0 0.22937772218781025
1 11 11 1 0.22937772218781025
0 0 2 2 0.0838548151853717
1 0 2 3 0.0838548151853717
0 1 3 2 0.0838548151853717
1 1 3 3 0.0838548151853717
0 0 10 2 -0.025846138891818214
1 0 10 3 -0.025846138891818214
0 1 11 2 -0.025846138891818214
1 1 11 3 -0.025846138891818214
0 2 0 2 0.08385481518537169
1 2 0 3 0.08385481518537169
0 3 1 2 0.08385481518537169
1 3 1 3 0.08385481518537169
0 2 8 2 -0.050299946407339716
1 2 8 3 -0.050299946407339716
0 3 9 2 -0.050299946407339716
1 3 9 3 -0.050299946407339716
0 8 2 2 -0.050299946407339716
1 8 2 3 -0.050299946407339716
0 9 3 2 -0.050299946407339716
1 9 3 3 -0.050299946407339716
0 8 10 2 0.07264813475530416
1 8 10 3 0.07264813475530416
0 9 11 2 0.07264813475530416
1 9 11 3 0.07264813475530416
0 10 0 2 -0.025846138891818228
1 10 0 3 -0.025846138891818228
0 11 1 2 -0.025846138891818228
1 11 1 3 -0.025846138891818228
0 10 8 2 0.07264813475530416
1 10 8 3 0.07264813475530416
0 11 9 2 0.07264813475530416
1 11 9 3 0.07264813475530416
0 0 4 4 0.026461167022950812
1 0 4 5 0.026461167022950812
0 1 5 4 0.026461167022950812
1 1 5 5 0.026461167022950812
0 4 0 4 0.026461167022950812
1 4 0 5 0.026461167022950812
0 5 1 4 0.026461167022950812
1 5 1 5 0.026461167022950812
0 4 8 4 0.02386411542075872
1 4 8 5 0.02386411542075872
0 5 9 4 0.02386411542075872
1 5 9 5 0.02386411542075872
0 8 4 4 0.02386411542075872
1 8 4 5 0.02386411542075872
0 9 5 4 0.02386411542075872
1 9 5 5 0.02386411542075872
0 0 6 6 0.026461167022950812
1 0 6 7 0.026461167022950812
0 1 7 6 0.026461167022950812
1 1 7 7 0.026461167022950812
0 6 0 6 0.026461167022950812
1 6 0 7 0.026461167022950812
0 7 1 6 0.026461167022950812
1 7 1 7 0.026461167022950812
0 6 8 6 0.02386411542075872
1 6 8 7 0.02386411542075872
0 7 9 6 0.02386411542075872
1 7 9 7 0.02386411542075872
0 8 6 6 0.02386411542075872
1 8 6 7 0.02386411542075872
0 9 7 6 0.02386411542075872
1 9 7 7 0.02386411542075872
0 0 0 8 -0.01945591122039095
1 0 0 9 -0.01945591122039095
0 1 1 8 -0.01945591122039095
1 1 1 9 -0.01945591122039095
0 0 8 8 0.03656329106865471
1 0 8 9 0.03656329106865471
0 1 9 8 0.03656329106865471
1 1 9 9 0.03656329106865471
0 2 2 8 -0.030558766139364504
1 2 2 9 -0.030558766139364504
0 3 3 8 -0.030558766139364504
1 3 3 9 -0.030558766139364504
0 2 10 8 0.03391219315188013
1 2 10 9 0.03391219315188013
0 3 11 8 0.03391219315188013
1 3 11 9 0.03391219315188013
0 4 4 8 0.016150425975776865
1 4 4 9 0.016150425975776865
0 5 5 8 0.016150425975776865
1 5 5 9 0.016150425975776865
0 6 6 8 0.016150425975776865
1 6 6 9 0.016150425975776865
0 7 7 8 0.016150425975776865
1 7 7 9 0.016150425975776865
0 8 0 8 0.03656329106865472
1 8 0 9 0.03656329106865472
0 9 1 8 0.03656329106865472
1 9 1 9 0.03656329106865472
0 8 8 8 -0.023850313682767698
1 8 8 9 -0.023850313682767698
0 9 9 8 -0.023850313682767698
1 9 9 9 -0.023850313682767698
0 10 2 8 0.033912193151880085
1 10 2 9 0.033912193151880085
0 11 3 8 0.033912193151880085
1 11 3 9 0.033912193151880085
0 10 10 8 -0.03157314852568589
1 10 10 9 -0.03157314852568589
0 11 11 8 -0.03157314852568589
1 11 11 9 -0.03157314852568589
0 0 2 10 -0.02584613889181822
1 0 2 11 -0.02584613889181822
0 1 3 10 -0.02584613889181822
1 1 3 11 -0.02584613889181822
0 0 10 10 0.0283970816389605
1 0 10 11 0.0283970816389605
0 1 11 10 0.0283970816389605
1 1 11 11 0.0283970816389605
0 2 0 10 -0.02584613889181822
1 2 0 11 -0.02584613889181822
0 3 1 10 -0.02584613889181822
1 3 1 11 -0.02584613889181822
0 2 8 10 0.030877286998482578
1 2 8 11 0.030877286998482578
0 3 9 10 0.030877286998482578
1 3 9 11 0.030877286998482578
0 8 2 10 0.030877286998482543
1 8 2 11 0.030877286998482543
0 9 3 10 0.030877286998482543
1 9 3 11 0.030877286998482543
0 8 10 10 -0.03311488805460374
1 8 10 11 -0.03311488805460374
0 9 11 10 -0.03311488805460374
1 9 11 11 -0.03311488805460374
0 10 0 10 0.028397081638960577
1 10 0 11 0.028397081638960577
0 11 1 10 0.028397081638960577
1 11 1 11 0.028397081638960577
0 10 8 10 -0.033114888054603824
1 10 8 11 -0.033114888054603824
0 11 9 10 -0.033114888054603824
1 11 9 11 -0.033114888054603824
2 0 2 0 0.08385481518537172
3 0 2 1 0.08385481518537172
2 1 3 0 0.08385481518537172
3 1 3 1 0.08385481518537172
2 0 10 0 -0.025846138891818214
3 0 10 1 -0.025846138891818214
2 1 11 0 -0.025846138891818214
3 1 11 1 -0.025846138891818214
2 2 0 0 0.0838548151853717
3 2 0 1 0.0838548151853717
2 3 1 0 0.0838548151853717
3 3 1 1 0.0838548151853717
2 2 8 0 -0.05029994640733972
3 2 8 1 -0.05029994640733972
2 3 9 0 -0.05029994640733972
3 3 9 1 -0.05029994640733972
2 8 2 0 -0.05029994640733973
3 8 2 1 -0.05029994640733973
2 9 3 0 -0.05029994640733973
3 9 3 1 -0.05029994640733973
2 8 10 0 0.07264813475530416
3 8 10 1 0.07264813475530416
2 9 11 0 0.07264813475530416
3 9 11 1 0.07264813475530416
2 10 0 0 -0.025846138891818228
3 10 0 1 -0.025846138891818228
2 11 1 0 -0.025846138891818228
3 11 1 1 -0.025846138891818228
2 10 8 0 0.07264813475530416
3 10 8 1 0.07264813475530416
2 11 9 0 0.07264813475530416
3 11 9 1 0.07264813475530416
2 0 0 2 0.21984574389405523
3 0 0 3 0.21984574389405523
2 1 1 2 0.21984574389405523
3 1 1 3 0.21984574389405523
2 0 8 2 -0.030558766139364514
3 0 8 3 -0.030558766139364514
2 1 9 2 -0.030558766139364514
3 1 9 3 -0.030558766139364514
2 2 2 2 0.2310416192650738
3 2 2 3 0.2310416192650738
2 3 3 2 0.2310416192650738
3 3 3 3 0.2310416192650738
2 2 10 2 -0.017056344629469745
3 2 10 3 -0.017056344629469745
2 3 11 2 -0.017056344629469745
3 3 11 3 -0.017056344629469745
2 4 4 2 0.188810562435397
3 4 4 3 0.188810562435397
2 5 5 2 0.188810562435397
3 5 5 3 0.188810562435397
2 6 6 2 0.188810562435397
3 6 6 3 0.188810562435397
2 7 7 2 0.188810562435397
3 7 7 3 0.188810562435397
2 8 0 2 -0.0305587661393645
3 8 0 3 -0.0305587661393645
2 9 1 2 -0.0305587661393645
3 9 1 3 -0.0305587661393645
2 8 8 2 0.21457988626894528
3 8 8 3 0.21457988626894528
2 9 9 2 0.21457988626894528
3 9 9 3 0.21457988626894528
2 10 2 2 -0.017056344629469738
3 10 2 3 -0.017056344629469738
2 11 3 2 -0.017056344629469738
3 11 3 3 -0.017056344629469738
2 10 10 2 0.2394635939672522
3 10 10 3 0.2394635939672522
2 11 11 2 0.2394635939672522
3 11 11 3 0.2394635939672522
2 2 4 4 0.00852609325656052
3 2 4 5 0.00852609325656052
2 3 5 4 0.00852609325656052
3 3 5 5 0.00852609325656052
2 4 2 4 0.00852609325656052
3 4 2 5 0.00852609325656052
2 5 3 4 0.00852609325656052
3 5 3 5 0.00852609325656052
2 4 10 4 0.00698734988450281
3 4 10 5 0.00698734988450281
2 5 11 4 0.00698734988450281
3 5 11 5 0.00698734988450281
2 10 4 4 0.00698734988450281
3 10 4 5 0.00698734988450281
2 11 5 4 0.00698734988450281
3 11 5 5 0.00698734988450281
2 2 6 6 0.00852609325656052
3 2 6 7 0.00852609325656052
2 3 7 6 0.00852609325656052
3 3 7 7 0.00852609325656052
2 6 2 6 0.00852609325656052
3 6 2 7 0.00852609325656052
2 7 3 6 0.00852609325656052
3 7 3 7 0.00852609325656052
2 6 10 6 0.00698734988450281
3 6 10 7 0.00698734988450281
2 7 11 6 0.00698734988450281
3 7 11 7 0.00698734988450281
2 10 6 6 0.00698734988450281
3 10 6 7 0.00698734988450281
2 11 7 6 0.00698734988450281
3 11 7 7 0.00698734988450281
2 0 2 8 -0.050299946407339716
3 0 2 9 -0.050299946407339716
2 1 3 8 -0.050299946407339716
3 1 3 9 -0.050299946407339716
2 0 10 8 0.030877286998482578
3 0 10 9 0.030877286998482578
2 1 11 8 0.030877286998482578
3 1 11 9 0.030877286998482578
2 2 0 8 -0.05029994640733973
3 2 0 9 -0.05029994640733973
2 3 1 8 -0.05029994640733973
3 3 1 9 -0.05029994640733973
2 2 8 8 0.04206573245075536
3 2 8 9 0.04206573245075536
2 3 9 8 0.04206573245075536
3 3 9 9 0.04206573245075536
2 8 2 8 0.042065732450755317
3 8 2 9 0.042065732450755317
2 9 3 8 0.042065732450755317
3 9 3 9 0.042065732450755317
2 8 10 8 -0.051107256881944355
3 8 10 9 -0.051107256881944355
2 9 11 8 -0.051107256881944355
3 9 11 9 -0.051107256881944355
2 10 0 8 0.03087728699848253
3 10 0 9 0.03087728699848253
2 11 1 8 0.03087728699848253
3 11 1 9 0.03087728699848253
2 10 8 8 -0.05110725688194448
3 10 8 9 -0.05110725688194448
2 11 9 8 -0.05110725688194448
3 11 9 9 -0.05110725688194448
2 0 0 10 -0.009503747376163465
3 0 0 11 -0.009503747376163465
2 1 1 10 -0.009503747376163465
3 1 1 11 -0.009503747376163465
2 0 8 10 0.03391219315188011
3 0 8 11 0.03391219315188011
2 1 9 10 0.03391219315188011
3 1 9 11 0.03391219315188011
2 2 2 10 -0.017056344629469766
3 2 2 11 -0.017056344629469766
2 3 3 10 -0.017056344629469766
3 3 3 11 -0.017056344629469766
2 2 10 10 0.038674996796882424
3 2 10 11 0.038674996796882424
2 3 11 10 0.038674996796882424
3 3 11 11 0.038674996796882424
2 4 4 10 0.020934207912379457
3 4 4 11 0.020934207912379457
2 5 5 10 0.020934207912379457
3 5 5 11 0.020934207912379457
2 6 6 10 0.020934207912379457
3 6 6 11 0.020934207912379457
2 7 7 10 0.020934207912379457
3 7 7 11 0.020934207912379457
2 8 0 10 0.033912193151880134
3 8 0 11 0.033912193151880134
2 9 1 10 0.033912193151880134
3 9 1 11 0.033912193151880134
2 8 8 10 -0.020094638369359406
3 8 8 11 -0.020094638369359406
2 9 9 10 -0.020094638369359406
3 9 9 11 -0.020094638369359406
2 10 2 10 0.038674996796882403
3 10 2 11 0.038674996796882403
2 11 3 10 0.038674996796882403
3 11 3 11 0.038674996796882403
2 10 10 10 -0.01932405662470364
3 10 10 11 -0.01932405662470364
2 11 11 10 -0.01932405662470364
3 11 11 11 -0.01932405662470364
4 0 4 0 0.026461167022950812
5 0 4 1 0.026461167022950812
4 1 5 0 0.026461167022950812
5 1 5 1 0.026461167022950812
4 4 0 0 0.026461167022950812
5 4 0 1 0.026461167022950812
4 5 1 0 0.026461167022950812
5 5 1 1 0.026461167022950812
4 4 8 0 0.02386411542075872
5 4 8 1 0.02386411542075872
4 5 9 0 0.02386411542075872
5 5 9 1 0.02386411542075872
4 8 4 0 0.02386411542075872
5 8 4 1 0.02386411542075872
4 9 5 0 0.02386411542075872
5 9 5 1 0.02386411542075872
4 2 4 2 0.00852609325656052
5 2 4 3 0.00852609325656052
4 3 5 2 0.00852609325656052
5 3 5 3 0.00852609325656052
4 4 2 2 0.00852609325656052
5 4 2 3 0.00852609325656052
4 5 3 2 0.00852609325656052
5 5 3 3 0.00852609325656052
4 4 10 2 0.00698734988450281
5 4 10 3 0.00698734988450281
4 5 11 2 0.00698734988450281
5 5 11 3 0.00698734988450281
4 10 4 2 0.00698734988450281
5 10 4 3 0.00698734988450281
4 11 5 2 0.00698734988450281
5 11 5 3 0.00698734988450281
4 0 0 4 0.1939205200434617
5 0 0 5 0.1939205200434617
4 1 1 4 0.1939205200434617
5 1 1 5 0.1939205200434617
4 0 8 4 0.016150425975776865
5 0 8 5 0.016150425975776865
4 1 9 4 0.016150425975776865
5 1 9 5 0.016150425975776865
4 2 2 4 0.188810562435397
5 2 2 5 0.188810562435397
4 3 3 4 0.188810562435397
5 3 3 5 0.188810562435397
4 2 10 4 0.020934207912379457
5 2 10 5 0.020934207912379457
4 3 11 4 0.020934207912379457
5 3 11 5 0.020934207912379457
4 4 4 4 0.224929545
5 4 4 5 0.224929545
4 5 5 4 0.224929545
5 5 5 5 0.224929545
4 6 6 4 0.2006801625
5 6 6 5 0.2006801625
4 7 7 4 0.2006801625
5 7 7 5 0.2006801625
4 8 0 4 0.016150425975776928
5 8 0 5 0.016150425975776928
4 9 1 4 0.016150425975776928
5 9 1 5 0.016150425975776928
4 8 8 4 0.18990871815359806
5 8 8 5 0.18990871815359806
4 9 9 4 0.18990871815359806
5 9 9 5 0.18990871815359806
4 10 2 4 0.020934207912379404
5 10 2 5 0.020934207912379404
4 11 3 4 0.020934207912379404
5 11 3 5 0.020934207912379404
4 10 10 4 0.20126312407889504
5 10 10 5 0.20126312407889504
4 11 11 4 0.20126312407889504
5 11 11 5 0.20126312407889504
4 4 6 6 0.0121246915
5 4 6 7 0.0121246915
4 5 7 6 0.0121246915
5 5 7 7 0.0121246915
4 6 4 6 0.0121246915
5 6 4 7 0.0121246915
4 7 5 6 0.0121246915
5 7 5 7 0.0121246915
4 0 4 8 0.023864115420758718
5 0 4 9 0.023864115420758718
4 1 5 8 0.023864115420758718
5 1 5 9 0.023864115420758718
4 4 0 8 0.023864115420758718
5 4 0 9 0.023864115420758718
4 5 1 8 0.023864115420758718
5 5 1 9 0.023864115420758718
4 4 8 8 0.025336453019767134
5 4 8 9 0.025336453019767134
4 5 9 8 0.025336453019767134
5 5 9 9 0.025336453019767134
4 8 4 8 0.025336453019767134
5 8 4 9 0.025336453019767134
4 9 5 8 0.025336453019767134
5 9 5 9 0.025336453019767134
4 2 4 10 0.006987349884502809
5 2 4 11 0.006987349884502809
4 3 5 10 0.006987349884502809
5 3 5 11 0.006987349884502809
4 4 2 10 0.006987349884502809
5 4 2 11 0.006987349884502809
4 5 3 10 0.006987349884502809
5 5 3 11 0.006987349884502809
4 4 10 10 0.007764651382555991
5 4 10 11 0.007764651382555991
4 5 11 10 0.007764651382555991
5 5 11 11 0.007764651382555991
4 10 4 10 0.007764651382555991
5 10 4 11 0.007764651382555991
4 11 5 10 0.007764651382555991
5 11 5 11 0.007764651382555991
6 0 6 0 0.026461167022950812
7 0 6 1 0.026461167022950812
6 1 7 0 0.026461167022950812
7 1 7 1 0.026461167022950812
6 6 0 0 0.026461167022950812
7 6 0 1 0.026461167022950812
6 7 1 0 0.026461167022950812
7 7 1 1 0.026461167022950812
6 6 8 0 0.02386411542075872
7 6 8 1 0.02386411542075872
6 7 9 0 0.02386411542075872
7 7 9 1 0.02386411542075872
6 8 6 0 0.02386411542075872
7 8 6 1 0.02386411542075872
6 9 7 0 0.02386411542075872
7 9 7 1 0.02386411542075872
6 2 6 2 0.00852609325656052
7 2 6 3 0.00852609325656052
6 3 7 2 0.00852609325656052
7 3 7 3 0.00852609325656052
6 6 2 2 0.00852609325656052
7 6 2 3 0.00852609325656052
6 7 3 2 0.00852609325656052
7 7 3 3 0.00852609325656052
6 6 10 2 0.00698734988450281
7 6 10 3 0.00698734988450281
6 7 11 2 0.00698734988450281
7 7 11 3 0.00698734988450281
6 10 6 2 0.00698734988450281
7 10 6 3 0.00698734988450281
6 11 7 2 0.00698734988450281
7 11 7 3 0.00698734988450281
6 4 6 4 0.0121246915
7 4 6 5 0.0121246915
6 5 7 4 0.0121246915
7 5 7 5 0.0121246915
6 6 4 4 0.0121246915
7 6 4 5 0.0121246915
6 7 5 4 0.0121246915
7 7 5 5 0.0121246915
6 0 0 6 0.1939205200434617
7 0 0 7 0.1939205200434617
6 1 1 6 0.1939205200434617
7 1 1 7 0.1939205200434617
6 0 8 6 0.016150425975776865
7 0 8 7 0.016150425975776865
6 1 9 6 0.016150425975776865
7 1 9 7 0.016150425975776865
6 2 2 6 0.188810562435397
7 2 2 7 0.188810562435397
6 3 3 6 0.188810562435397
7 3 3 7 0.188810562435397
6 2 10 6 0.020934207912379457
7 2 10 7 0.020934207912379457
6 3 11 6 0.020934207912379457
7 3 11 7 0.020934207912379457
6 4 4 6 0.2006801625
7 4 4 7 0.2006801625
6 5 5 6 0.2006801625
7 5 5 7 0.2006801625
6 6 6 6 0.224929545
7 6 6 7 0.224929545
6 7 7 6 0.224929545
7 7 7 7 0.224929545
6 8 0 6 0.016150425975776928
7 8 0 7 0.016150425975776928
6 9 1 6 0.016150425975776928
7 9 1 7 0.016150425975776928
6 8 8 6 0.18990871815359806
7 8 8 7 0.18990871815359806
6 9 9 6 0.18990871815359806
7 9 9 7 0.18990871815359806
6 10 2 6 0.020934207912379404
7 10 2 7 0.020934207912379404
6 11 3 6 0.020934207912379404
7 11 3 7 0.020934207912379404
6 10 10 6 0.20126312407889504
7 10 10 7 0.20126312407889504
6 11 11 6 0.20126312407889504
7 11 11 7 0.20126312407889504
6 0 6 8 0.023864115420758718
7 0 6 9 0.023864115420758718
6 1 7 8 0.023864115420758718
7 1 7 9 0.023864115420758718
6 6 0 8 0.023864115420758718
7 6 0 9 0.023864115420758718
6 7 1 8 0.023864115420758718
7 7 1 9 0.023864115420758718
6 6 8 8 0.025336453019767134
7 6 8 9 0.025336453019767134
6 7 9 8 0.025336453019767134
7 7 9 9 0.025336453019767134
6 8 6 8 0.025336453019767134
7 8 6 9 0.025336453019767134
6 9 7 8 0.025336453019767134
7 9 7 9 0.025336453019767134
6 2 6 10 0.006987349884502809
7 2 6 11 0.006987349884502809
6 3 7 10 0.006987349884502809
7 3 7 11 0.006987349884502809
6 6 2 10 0.006987349884502809
7 6 2 11 0.006987349884502809
6 7 3 10 0.006987349884502809
7 7 3 11 0.006987349884502809
6 6 10 10 0.007764651382555991
7 6 10 11 0.007764651382555991
6 7 11 10 0.007764651382555991
7 7 11 11 0.007764651382555991
6 10 6 10 0.007764651382555991
7 10 6 11 0.007764651382555991
6 11 7 10 0.007764651382555991
7 11 7 11 0.007764651382555991
8 0 0 0 -0.019455911220390948
9 0 0 1 -0.019455911220390948
8 1 1 0 -0.019455911220390948
9 1 1 1 -0.019455911220390948
8 0 8 0 0.036563291068654705
9 0 8 1 0.036563291068654705
8 1 9 0 0.036563291068654705
9 1 9 1 0.036563291068654705
8 2 2 0 -0.030558766139364535
9 2 2 1 -0.030558766139364535
8 3 3 0 -0.030558766139364535
9 3 3 1 -0.030558766139364535
8 2 10 0 0.03391219315188013
9 2 10 1 0.03391219315188013
8 3 11 0 0.03391219315188013
9 3 11 1 0.03391219315188013
8 4 4 0 0.016150425975776928
9 4 4 1 0.016150425975776928
8 5 5 0 0.016150425975776928
9 5 5 1 0.016150425975776928
8 6 6 0 0.016150425975776928
9 6 6 1 0.016150425975776928
8 7 7 0 0.016150425975776928
9 7 7 1 0.016150425975776928
8 8 0 0 0.03656329106865471
9 8 0 1 0.03656329106865471
8 9 1 0 0.03656329106865471
9 9 1 1 0.03656329106865471
8 8 8 0 -0.023850313682767688
9 8 8 1 -0.023850313682767688
8 9 9 0 -0.023850313682767688
9 9 9 1 -0.023850313682767688
8 10 2 0 0.03391219315188009
9 10 2 1 0.03391219315188009
8 11 3 0 0.03391219315188009
9 11 3 1 0.03391219315188009
8 10 10 0 -0.031573148525685935
9 10 10 1 -0.031573148525685935
8 11 11 0 -0.031573148525685935
9 11 11 1 -0.031573148525685935
8 0 2 2 -0.0502999464073397
9 0 2 3 -0.0502999464073397
8 1 3 2 -0.0502999464073397
9 1 3 3 -0.0502999464073397
8 0 10 2 0.030877286998482575
9 0 10 3 0.030877286998482575
8 1 11 2 0.030877286998482575
9 1 11 3 0.030877286998482575
8 2 0 2 -0.050299946407339716
9 2 0 3 -0.050299946407339716
8 3 1 2 -0.050299946407339716
9 3 1 3 -0.050299946407339716
8 2 8 2 0.04206573245075536
9 2 8 3 0.04206573245075536
8 3 9 2 0.04206573245075536
9 3 9 3 0.04206573245075536
8 8 2 2 0.042065732450755317
9 8 2 3 0.042065732450755317
8 9 3 2 0.042065732450755317
9 9 3 3 0.042065732450755317
8 8 10 2 -0.051107256881944396
9 8 10 3 -0.051107256881944396
8 9 11 2 -0.051107256881944396
9 9 11 3 -0.051107256881944396
8 10 0 2 0.030877286998482533
9 10 0 3 0.030877286998482533
8 11 1 2 0.030877286998482533
9 11 1 3 0.030877286998482533
8 10 8 2 -0.051107256881944486
9 10 8 3 -0.051107256881944486
8 11 9 2 -0.051107256881944486
9 11 9 3 -0.051107256881944486
8 0 4 4 0.023864115420758718
9 0 4 5 0.023864115420758718
8 1 5 4 0.023864115420758718
9 1 5 5 0.023864115420758718
8 4 0 4 0.023864115420758718
9 4 0 5 0.023864115420758718
8 5 1 4 0.023864115420758718
9 5 1 5 0.023864115420758718
8 4 8 4 0.025336453019767134
9 4 8 5 0.025336453019767134
8 5 9 4 0.025336453019767134
9 5 9 5 0.025336453019767134
8 8 4 4 0.025336453019767134
9 8 4 5 0.025336453019767134
8 9 5 4 0.025336453019767134
9 9 5 5 0.025336453019767134
8 0 6 6 0.023864115420758718
9 0 6 7 0.023864115420758718
8 1 7 6 0.023864115420758718
9 1 7 7 0.023864115420758718
8 6 0 6 0.023864115420758718
9 6 0 7 0.023864115420758718
8 7 1 6 0.023864115420758718
9 7 1 7 0.023864115420758718
8 6 8 6 0.025336453019767134
9 6 8 7 0.025336453019767134
8 7 9 6 0.025336453019767134
9 7 9 7 0.025336453019767134
8 8 6 6 0.025336453019767134
9 8 6 7 0.025336453019767134
8 9 7 6 0.025336453019767134
9 9 7 7 0.025336453019767134
8 0 0 8 0.2091984888856609
9 0 0 9 0.2091984888856609
8 1 1 8 0.2091984888856609
9 1 1 9 0.2091984888856609
8 0 8 8 -0.023850313682767715
9 0 8 9 -0.023850313682767715
8 1 9 8 -0.023850313682767715
9 1 9 9 -0.023850313682767715
8 2 2 8 0.21457988626894525
9 2 2 9 0.21457988626894525
8 3 3 8 0.21457988626894525
9 3 3 9 0.21457988626894525
8 2 10 8 -0.020094638369359336
9 2 10 9 -0.020094638369359336
8 3 11 8 -0.020094638369359336
9 3 11 9 -0.020094638369359336
8 4 4 8 0.18990871815359806
9 4 4 9 0.18990871815359806
8 5 5 8 0.18990871815359806
9 5 5 9 0.18990871815359806
8 6 6 8 0.18990871815359806
9 6 6 9 0.18990871815359806
8 7 7 8 0.18990871815359806
9 7 7 9 0.18990871815359806
8 8 0 8 -0.02385031368276736
9 8 0 9 -0.02385031368276736
8 9 1 8 -0.02385031368276736
9 9 1 9 -0.02385031368276736
8 8 8 8 0.2142738309427498
9 8 8 9 0.2142738309427498
8 9 9 8 0.2142738309427498
9 9 9 9 0.2142738309427498
8 10 2 8 -0.02009463836935944
9 10 2 9 -0.02009463836935944
8 11 3 8 -0.02009463836935944
9 11 3 9 -0.02009463836935944
8 10 10 8 0.23078658974317978
9 10 10 9 0.23078658974317978
8 11 11 8 0.23078658974317978
9 11 11 9 0.23078658974317978
8 0 2 10 0.07264813475530413
9 0 2 11 0.07264813475530413
8 1 3 10 0.07264813475530413
9 1 3 11 0.07264813475530413
8 0 10 10 -0.033114888054603726
9 0 10 11 -0.033114888054603726
8 1 11 10 -0.033114888054603726
9 1 11 11 -0.033114888054603726
8 2 0 10 0.07264813475530413
9 2 0 11 0.07264813475530413
8 3 1 10 0.07264813475530413
9 3 1 11 0.07264813475530413
8 2 8 10 -0.051107256881944486
9 2 8 11 -0.051107256881944486
8 3 9 10 -0.051107256881944486
9 3 9 11 -0.051107256881944486
8 8 2 10 -0.0511072568819443
9 8 2 11 -0.0511072568819443
8 9 3 10 -0.0511072568819443
9 9 3 11 -0.0511072568819443
8 8 10 10 0.07325122602266258
9 8 10 11 0.07325122602266258
8 9 11 10 0.07325122602266258
9 9 11 11 0.07325122602266258
8 10 0 10 -0.0331148880546037
9 10 0 11 -0.0331148880546037
8 11 1 10 -0.0331148880546037
9 11 1 11 -0.0331148880546037
8 10 8 10 0.07325122602266278
9 10 8 11 0.07325122602266278
8 11 9 10 0.07325122602266278
9 11 9 11 0.07325122602266278
10 0 2 0 -0.025846138891818263
11 0 2 1 -0.025846138891818263
10 1 3 0 -0.025846138891818263
11 1 3 1 -0.025846138891818263
10 0 10 0 0.028397081638960497
11 0 10 1 0.028397081638960497
10 1 11 0 0.028397081638960497
11 1 11 1 0.028397081638960497
10 2 0 0 -0.02584613889181825
11 2 0 1 -0.02584613889181825
10 3 1 0 -0.02584613889181825
11 3 1 1 -0.02584613889181825
10 2 8 0 0.030877286998482578
11 2 8 1 0.030877286998482578
10 3 9 0 0.030877286998482578
11 3 9 1 0.030877286998482578
10 8 2 0 0.030877286998482543
11 8 2 1 0.030877286998482543
10 9 3 0 0.030877286998482543
11 9 3 1 0.030877286998482543
10 8 10 0 -0.03311488805460375
11 8 10 1 -0.03311488805460375
10 9 11 0 -0.03311488805460375
11 9 11 1 -0.03311488805460375
10 10 0 0 0.028397081638960577
11 10 0 1 0.028397081638960577
10 11 1 0 0.028397081638960577
11 11 1 1 0.028397081638960577
10 10 8 0 -0.03311488805460382
11 10 8 1 -0.03311488805460382
10 11 9 0 -0.03311488805460382
11 11 9 1 -0.03311488805460382
10 0 0 2 -0.009503747376163496
11 0 0 3 -0.009503747376163496
10 1 1 2 -0.009503747376163496
11 1 1 3 -0.009503747376163496
10 0 8 2 0.033912193151880106
11 0 8 3 0.033912193151880106
10 1 9 2 0.033912193151880106
11 1 9 3 0.033912193151880106
10 2 2 2 -0.017056344629469727
11 2 2 3 -0.017056344629469727
10 3 3 2 -0.017056344629469727
11 3 3 3 -0.017056344629469727
10 2 10 2 0.038674996796882424
11 2 10 3 0.038674996796882424
10 3 11 2 0.038674996796882424
11 3 11 3 0.038674996796882424
10 4 4 2 0.020934207912379404
11 4 4 3 0.020934207912379404
10 5 5 2 0.020934207912379404
11 5 5 3 0.020934207912379404
10 6 6 2 0.020934207912379404
11 6 6 3 0.020934207912379404
10 7 7 2 0.020934207912379404
11 7 7 3 0.020934207912379404
10 8 0 2 0.033912193151880134
11 8 0 3 0.033912193151880134
10 9 1 2 0.033912193151880134
11 9 1 3 0.033912193151880134
10 8 8 2 -0.02009463836935943
11 8 8 3 -0.02009463836935943
10 9 9 2 -0.02009463836935943
11 9 9 3 -0.02009463836935943
10 10 2 2 0.0386749967968824
11 10 2 3 0.0386749967968824
10 11 3 2 0.0386749967968824
11 11 3 3 0.0386749967968824
10 10 10 2 -0.0193240566247036
11 10 10 3 -0.0193240566247036
10 11 11 2 -0.0193240566247036
11 11 11 3 -0.0193240566247036
10 2 4 4 0.006987349884502809
11 2 4 5 0.006987349884502809
10 3 5 4 0.006987349884502809
11 3 5 5 0.006987349884502809
10 4 2 4 0.006987349884502809
11 4 2 5 0.006987349884502809
10 5 3 4 0.006987349884502809
11 5 3 5 0.006987349884502809
10 4 10 4 0.007764651382555991
11 4 10 5 0.007764651382555991
10 5 11 4 0.007764651382555991
11 5 11 5 0.007764651382555991
10 10 4 4 0.007764651382555991
11 10 4 5 0.007764651382555991
10 11 5 4 0.007764651382555991
11 11 5 5 0.007764651382555991
10 2 6 6 0.006987349884502809
11 2 6 7 0.006987349884502809
10 3 7 6 0.006987349884502809
11 3 7 7 0.006987349884502809
10 6 2 6 0.006987349884502809
11 6 2 7 0.006987349884502809
10 7 3 6 0.006987349884502809
11 7 3 7 0.006987349884502809
10 6 10 6 0.007764651382555991
11 6 10 7 0.007764651382555991
10 7 11 6 0.007764651382555991
11 7 11 7 0.007764651382555991
10 10 6 6 0.007764651382555991
11 10 6 7 0.007764651382555991
10 11 7 6 0.007764651382555991
11 11 7 7 0.007764651382555991
10 0 2 8 0.07264813475530418
11 0 2 9 0.07264813475530418
10 1 3 8 0.07264813475530418
11 1 3 9 0.07264813475530418
10 0 10 8 -0.033114888054603754
11 0 10 9 -0.033114888054603754
10 1 11 8 -0.033114888054603754
11 1 11 9 -0.033114888054603754
10 2 0 8 0.07264813475530418
11 2 0 9 0.07264813475530418
10 3 1 8 0.07264813475530418
11 3 1 9 0.07264813475530418
10 2 8 8 -0.051107256881944466
11 2 8 9 -0.051107256881944466
10 3 9 8 -0.051107256881944466
11 3 9 9 -0.051107256881944466
10 8 2 8 -0.05110725688194431
11 8 2 9 -0.05110725688194431
10 9 3 8 -0.05110725688194431
11 9 3 9 -0.05110725688194431
10 8 10 8 0.07325122602266261
11 8 10 9 0.07325122602266261
10 9 11 8 0.07325122602266261
11 9 11 9 0.07325122602266261
10 10 0 8 -0.033114888054603706
11 10 0 9 -0.033114888054603706
10 11 1 8 -0.033114888054603706
11 11 1 9 -0.033114888054603706
10 10 8 8 0.07325122602266279
11 10 8 9 0.07325122602266279
10 11 9 8 0.07325122602266279
11 11 9 9 0.07325122602266279
10 0 0 10 0.22937772218781022
11 0 0 11 0.22937772218781022
10 1 1 10 0.22937772218781022
11 1 1 11 0.22937772218781022
10 0 8 10 -0.031573148525686066
11 0 8 11 -0.031573148525686066
10 1 9 10 -0.031573148525686066
11 1 9 11 -0.031573148525686066
10 2 2 10 0.23946359396725198
11 2 2 11 0.23946359396725198
10 3 3 10 0.23946359396725198
11 3 3 11 0.23946359396725198
10 2 10 10 -0.019324056624703684
11 2 10 11 -0.019324056624703684
10 3 11 10 -0.019324056624703684
11 3 11 11 -0.019324056624703684
10 4 4 10 0.20126312407889504
11 4 4 11 0.20126312407889504
10 5 5 10 0.20126312407889504
11 5 5 11 0.20126312407889504
10 6 6 10 0.20126312407889504
11 6 6 11 0.20126312407889504
10 7 7 10 0.20126312407889504
11 7 7 11 0.20126312407889504
10 8 0 10 -0.03157314852568609
11 8 0 11 -0.03157314852568609
10 9 1 10 -0.03157314852568609
11 9 1 11 -0.03157314852568609
10 8 8 10 0.23078658974317928
11 8 8 11 0.23078658974317928
10 9 9 10 0.23078658974317928
11 9 9 11 0.23078658974317928
10 10 2 10 -0.019324056624703573
11 10 2 11 -0.019324056624703573
10 11 3 10 -0.019324056624703573
11 11 3 11 -0.019324056624703573
10 10 10 10 0.2627259194209725
11 10 10 11 0.2627259194209725
10 11 11 10 0.2627259194209725
11 11 11 11 0.2627259194209725
