-12.618522286734866
0 0 -1.0239151233226038
1 1 -1.0239151233226038
0 4 0.027786672573750837
1 5 0.027786672573750837
2 2 -0.9552489967431153
3 3 -0.9552489967431153
2 10 0.023080317945036732
3 11 0.023080317945036732
4 0 0.02778667257375067
5 1 0.02778667257375067
4 4 -0.914931713185611
5 5 -0.914931713185611
6 6 -0.8624875144445119
7 7 -0.8624875144445119
8 8 -0.8624875144445119
9 9 -0.8624875144445119
10 2 0.02308031794503701
11 3 0.02308031794503701
10 10 -0.8541881489660798
11 11 -0.8541881489660798
0 0 0 0 0.15809552690810547
1 0 0 1 0.15809552690810547
0 1 1 0 0.15809552690810547
1 1 1 1 0.15809552690810547
0 0 4 0 -0.022295825570534798
1 0 4 1 -0.022295825570534798
0 1 5 0 -0.022295825570534798
1 1 5 1 -0.022295825570534798
0 2 2 0 0.13237159649376207
1 2 2 1 0.13237159649376207
0 3 3 0 0.13237159649376207
1 3 3 1 0.13237159649376207
0 2 10 0 -0.0206509481906407
1 2 10 1 -0.0206509481906407
0 3 11 0 -0.0206509481906407
1 3 11 1 -0.0206509481906407
0 4 0 0 -0.02229582557053478
1 4 0 1 -0.02229582557053478
0 5 1 0 -0.02229582557053478
1 5 1 1 -0.02229582557053478
0 4 4 0 0.13694054380030576
1 4 4 1 0.13694054380030576
0 5 5 0 0.13694054380030576
1 5 5 1 0.13694054380030576
0 6 6 0 0.1726525191158908
1 6 6 1 0.1726525191158908
0 7 7 0 0.1726525191158908
1 7 7 1 0.1726525191158908
0 8 8 0 0.1726525191158908
1 8 8 1 0.1726525191158908
0 9 9 0 0.1726525191158908
1 9 9 1 0.1726525191158908
0 10 2 0 -0.020650948190640707
1 10 2 1 -0.020650948190640707
0 11 3 0 -0.020650948190640707
1 11 3 1 -0.020650948190640707
0 10 10 0 0.16750843291259818
1 10 10 1 0.16750843291259818
0 11 11 0 0.16750843291259818
1 11 11 1 0.16750843291259818
0 0 2 2 0.04870799889607548
1 0 2 3 0.04870799889607548
0 1 3 2 0.04870799889607548
1 1 3 3 0.04870799889607548
0 0 10 2 -0.000572042600435408
1 0 10 3 -0.000572042600435408
0 1 11 2 -0.000572042600435408
1 1 11 3 -0.000572042600435408
0 2 0 2 0.04870799889607548
1 2 0 3 0.04870799889607548
0 3 1 2 0.04870799889607548
1 3 1 3 0.04870799889607548
0 2 4 2 0.05934690210787981
1 2 4 3 0.05934690210787981
0 3 5 2 0.05934690210787981
1 3 5 3 0.05934690210787981
0 4 2 2 0.059346902107879816
1 4 2 3 0.059346902107879816
0 5 3 2 0.059346902107879816
1 5 3 3 0.059346902107879816
0 4 10 2 0.04515810089117544
1 4 10 3 0.04515810089117544
0 5 11 2 0.04515810089117544
1 5 11 3 0.04515810089117544
0 10 0 2 -0.0005720426004354115
1 10 0 3 -0.0005720426004354115
0 11 1 2 -0.0005720426004354115
1 11 1 3 -0.0005720426004354115
0 10 4 2 0.045158100891175425
1 10 4 3 0.045158100891175425
0 11 5 2 0.045158100891175425
1 11 5 3 0.045158100891175425
0 0 0 4 -0.022295825570534805
1 0 0 5 -0.022295825570534805
0 1 1 4 -0.022295825570534805
1 1 1 5 -0.022295825570534805
0 0 4 4 0.046389021617545254
1 0 4 5 0.046389021617545254
0 1 5 4 0.046389021617545254
1 1 5 5 0.046389021617545254
0 2 2 4 0.03387455887533676
1 2 2 5 0.03387455887533676
0 3 3 4 0.03387455887533676
1 3 3 5 0.03387455887533676
0 2 10 4 0.042000682402107546
1 2 10 5 0.042000682402107546
0 3 11 4 0.042000682402107546
1 3 11 5 0.042000682402107546
0 4 0 4 0.04638902161754524
1 4 0 5 0.04638902161754524
0 5 1 4 0.04638902161754524
1 5 1 5 0.04638902161754524
0 4 4 4 0.027248608724383658
1 4 4 5 0.027248608724383658
0 5 5 4 0.027248608724383658
1 5 5 5 0.027248608724383658
0 6 6 4 -0.05272460775779041
1 6 6 5 -0.05272460775779041
0 7 7 4 -0.05272460775779041
1 7 7 5 -0.05272460775779041
0 8 8 4 -0.05272460775779041
1 8 8 5 -0.05272460775779041
0 9 9 4 -0.05272460775779041
1 9 9 5 -0.05272460775779041
0 10 2 4 0.04200068240210755
1 10 2 5 0.04200068240210755
0 11 3 4 0.04200068240210755
1 11 3 5 0.04200068240210755
0 10 10 4 -0.02715401534426641
1 10 10 5 -0.02715401534426641
0 11 11 4 -0.02715401534426641
1 11 11 5 -0.02715401534426641
0 0 6 6 0.03109922016530399
1 0 6 7 0.03109922016530399
0 1 7 6 0.03109922016530399
1 1 7 7 0.03109922016530399
0 4 6 6 -0.01976256170938344
1 4 6 7 -0.01976256170938344
0 5 7 6 -0.01976256170938344
1 5 7 7 -0.01976256170938344
0 6 0 6 0.03109922016530399
1 6 0 7 0.03109922016530399
0 7 1 6 0.03109922016530399
1 7 1 7 0.03109922016530399
0 6 4 6 -0.01976256170938344
1 6 4 7 -0.01976256170938344
0 7 5 6 -0.01976256170938344
1 7 5 7 -0.01976256170938344
0 0 8 8 0.03109922016530399
1 0 8 9 0.03109922016530399
0 1 9 8 0.03109922016530399
1 1 9 9 0.03109922016530399
0 4 8 8 -0.01976256170938344
1 4 8 9 -0.01976256170938344
0 5 9 8 -0.01976256170938344
1 5 9 9 -0.01976256170938344
0 8 0 8 0.03109922016530399
1 8 0 9 0.03109922016530399
0 9 1 8 0.03109922016530399
1 9 1 9 0.03109922016530399
0 8 4 8 -0.01976256170938344
1 8 4 9 -0.01976256170938344
0 9 5 8 -0.01976256170938344
1 9 5 9 -0.01976256170938344
0 0 2 10 -0.000572042600435408
1 0 2 11 -0.000572042600435408
0 1 3 10 -0.000572042600435408
1 1 3 11 -0.000572042600435408
0 0 10 10 0.028919598158490913
1 0 10 11 0.028919598158490913
0 1 11 10 0.028919598158490913
1 1 11 11 0.028919598158490913
0 2 0 10 -0.0005720426004354184
1 2 0 11 -0.0005720426004354184
0 3 1 10 -0.0005720426004354184
1 3 1 11 -0.0005720426004354184
0 2 4 10 0.02522711650329063
1 2 4 11 0.02522711650329063
0 3 5 10 0.02522711650329063
1 3 5 11 0.02522711650329063
0 4 2 10 0.02522711650329064
1 4 2 11 0.02522711650329064
0 5 3 10 0.02522711650329064
1 5 3 11 0.02522711650329064
0 4 10 10 -0.0026238309627898103
1 4 10 11 -0.0026238309627898103
0 5 11 10 -0.0026238309627898103
1 5 11 11 -0.0026238309627898103
0 10 0 10 0.02891959815849092
1 10 0 11 0.02891959815849092
0 11 1 10 0.02891959815849092
1 11 1 11 0.02891959815849092
0 10 4 10 -0.002623830962789807
1 10 4 11 -0.002623830962789807
0 11 5 10 -0.002623830962789807
1 11 5 11 -0.002623830962789807
2 0 2 0 0.04870799889607548
3 0 2 1 0.04870799889607548
2 1 3 0 0.04870799889607548
3 1 3 1 0.04870799889607548
2 0 10 0 -0.0005720426004354115
3 0 10 1 -0.0005720426004354115
2 1 11 0 -0.0005720426004354115
3 1 11 1 -0.0005720426004354115
2 2 0 0 0.04870799889607548
3 2 0 1 0.04870799889607548
2 3 1 0 0.04870799889607548
3 3 1 1 0.04870799889607548
2 2 4 0 0.059346902107879795
3 2 4 1 0.059346902107879795
2 3 5 0 0.059346902107879795
3 3 5 1 0.059346902107879795
2 4 2 0 0.05934690210787982
3 4 2 1 0.05934690210787982
2 5 3 0 0.05934690210787982
3 5 3 1 0.05934690210787982
2 4 10 0 0.04515810089117543
3 4 10 1 0.04515810089117543
2 5 11 0 0.04515810089117543
3 5 11 1 0.04515810089117543
2 10 0 0 -0.0005720426004354132
3 10 0 1 -0.0005720426004354132
2 11 1 0 -0.0005720426004354132
3 11 1 1 -0.0005720426004354132
2 10 4 0 0.04515810089117543
3 10 4 1 0.04515810089117543
2 11 5 0 0.04515810089117543
3 11 5 1 0.04515810089117543
2 0 0 2 0.13237159649376207
3 0 0 3 0.13237159649376207
2 1 1 2 0.13237159649376207
3 1 1 3 0.13237159649376207
2 0 4 2 0.03387455887533675
3 0 4 3 0.03387455887533675
2 1 5 2 0.03387455887533675
3 1 5 3 0.03387455887533675
2 2 2 2 0.1750737950031821
3 2 2 3 0.1750737950031821
2 3 3 2 0.1750737950031821
3 3 3 3 0.1750737950031821
2 2 10 2 0.02918984174896825
3 2 10 3 0.02918984174896825
2 3 11 2 0.02918984174896825
3 3 11 3 0.02918984174896825
2 4 0 2 0.03387455887533675
3 4 0 3 0.03387455887533675
2 5 1 2 0.03387455887533675
3 5 1 3 0.03387455887533675
2 4 4 2 0.17113017047976598
3 4 4 3 0.17113017047976598
2 5 5 2 0.17113017047976598
3 5 5 3 0.17113017047976598
2 6 6 2 0.10914263296898619
3 6 6 3 0.10914263296898619
2 7 7 2 0.10914263296898619
3 7 7 3 0.10914263296898619
2 8 8 2 0.10914263296898619
3 8 8 3 0.10914263296898619
2 9 9 2 0.10914263296898619
3 9 9 3 0.10914263296898619
2 10 2 2 0.02918984174896826
3 10 2 3 0.02918984174896826
2 11 3 2 0.02918984174896826
3 11 3 3 0.02918984174896826
2 10 10 2 0.13805492057182497
3 10 10 3 0.13805492057182497
2 11 11 2 0.13805492057182497
3 11 11 3 0.13805492057182497
2 0 2 4 0.05934690210787981
3 0 2 5 0.05934690210787981
2 1 3 4 0.05934690210787981
3 1 3 5 0.05934690210787981
2 0 10 4 0.025227116503290636
3 0 10 5 0.025227116503290636
2 1 11 4 0.025227116503290636
3 1 11 5 0.025227116503290636
2 2 0 4 0.0593469021078798
3 2 0 5 0.0593469021078798
2 3 1 4 0.0593469021078798
3 3 1 5 0.0593469021078798
2 2 4 4 0.09571758779948779
3 2 4 5 0.09571758779948779
2 3 5 4 0.09571758779948779
3 3 5 5 0.09571758779948779
2 4 2 4 0.0957175877994878
3 4 2 5 0.0957175877994878
2 5 3 4 0.0957175877994878
3 5 3 5 0.0957175877994878
2 4 10 4 0.05356357654511526
3 4 10 5 0.05356357654511526
2 5 11 4 0.05356357654511526
3 5 11 5 0.05356357654511526
2 10 0 4 0.02522711650329064
3 10 0 5 0.02522711650329064
2 11 1 4 0.02522711650329064
3 11 1 5 0.02522711650329064
2 10 4 4 0.053563576545115246
3 10 4 5 0.053563576545115246
2 11 5 4 0.053563576545115246
3 11 5 5 0.053563576545115246
2 2 6 6 0.0022601345838632603
3 2 6 7 0.0022601345838632603
2 3 7 6 0.0022601345838632603
3 3 7 7 0.0022601345838632603
2 6 2 6 0.0022601345838632603
3 6 2 7 0.0022601345838632603
2 7 3 6 0.0022601345838632603
3 7 3 7 0.0022601345838632603
2 6 10 6 -0.004733841573577007
3 6 10 7 -0.004733841573577007
2 7 11 6 -0.004733841573577007
3 7 11 7 -0.004733841573577007
2 10 6 6 -0.004733841573577007
3 10 6 7 -0.004733841573577007
2 11 7 6 -0.004733841573577007
3 11 7 7 -0.004733841573577007
2 2 8 8 0.0022601345838632603
3 2 8 9 0.0022601345838632603
2 3 9 8 0.0022601345838632603
3 3 9 9 0.0022601345838632603
2 8 2 8 0.0022601345838632603
3 8 2 9 0.0022601345838632603
2 9 3 8 0.0022601345838632603
3 9 3 9 0.0022601345838632603
2 8 10 8 -0.004733841573577007
3 8 10 9 -0.004733841573577007
2 9 11 8 -0.004733841573577007
3 9 11 9 -0.004733841573577007
2 10 8 8 -0.004733841573577007
3 10 8 9 -0.004733841573577007
2 11 9 8 -0.004733841573577007
3 11 9 9 -0.004733841573577007
2 0 0 10 -0.02065094819064071
3 0 0 11 -0.02065094819064071
2 1 1 10 -0.02065094819064071
3 1 1 11 -0.02065094819064071
2 0 4 10 0.04200068240210755
3 0 4 11 0.04200068240210755
2 1 5 10 0.04200068240210755
3 1 5 11 0.04200068240210755
2 2 2 10 0.02918984174896823
3 2 2 11 0.02918984174896823
2 3 3 10 0.02918984174896823
3 3 3 11 0.02918984174896823
2 2 10 10 0.04154140901966802
3 2 10 11 0.04154140901966802
2 3 11 10 0.04154140901966802
3 3 11 11 0.04154140901966802
2 4 0 10 0.04200068240210755
3 4 0 11 0.04200068240210755
2 5 1 10 0.04200068240210755
3 5 1 11 0.04200068240210755
2 4 4 10 0.025503391455275998
3 4 4 11 0.025503391455275998
2 5 5 10 0.025503391455275998
3 5 5 11 0.025503391455275998
2 6 6 10 -0.04478522952746461
3 6 6 11 -0.04478522952746461
2 7 7 10 -0.04478522952746461
3 7 7 11 -0.04478522952746461
2 8 8 10 -0.04478522952746461
3 8 8 11 -0.04478522952746461
2 9 9 10 -0.04478522952746461
3 9 9 11 -0.04478522952746461
2 10 2 10 0.041541409019668005
3 10 2 11 0.041541409019668005
2 11 3 10 0.041541409019668005
3 11 3 11 0.041541409019668005
2 10 10 10 -0.03013878895590605
3 10 10 11 -0.03013878895590605
2 11 11 10 -0.03013878895590605
3 11 11 11 -0.03013878895590605
4 0 0 0 -0.02229582557053479
5 0 0 1 -0.02229582557053479
4 1 1 0 -0.02229582557053479
5 1 1 1 -0.02229582557053479
4 0 4 0 0.04638902161754525
5 0 4 1 0.04638902161754525
4 1 5 0 0.04638902161754525
5 1 5 1 0.04638902161754525
4 2 2 0 0.033874558875336754
5 2 2 1 0.033874558875336754
4 3 3 0 0.033874558875336754
5 3 3 1 0.033874558875336754
4 2 10 0 0.04200068240210755
5 2 10 1 0.04200068240210755
4 3 11 0 0.04200068240210755
5 3 11 1 0.04200068240210755
4 4 0 0 0.04638902161754524
5 4 0 1 0.04638902161754524
4 5 1 0 0.04638902161754524
5 5 1 1 0.04638902161754524
4 4 4 0 0.02724860872438363
5 4 4 1 0.02724860872438363
4 5 5 0 0.02724860872438363
5 5 5 1 0.02724860872438363
4 6 6 0 -0.05272460775779041
5 6 6 1 -0.05272460775779041
4 7 7 0 -0.05272460775779041
5 7 7 1 -0.05272460775779041
4 8 8 0 -0.05272460775779041
5 8 8 1 -0.05272460775779041
4 9 9 0 -0.05272460775779041
5 9 9 1 -0.05272460775779041
4 10 2 0 0.04200068240210755
5 10 2 1 0.04200068240210755
4 11 3 0 0.04200068240210755
5 11 3 1 0.04200068240210755
4 10 10 0 -0.02715401534426639
5 10 10 1 -0.02715401534426639
4 11 11 0 -0.02715401534426639
5 11 11 1 -0.02715401534426639
4 0 2 2 0.05934690210787982
5 0 2 3 0.05934690210787982
4 1 3 2 0.05934690210787982
5 1 3 3 0.05934690210787982
4 0 10 2 0.025227116503290632
5 0 10 3 0.025227116503290632
4 1 11 2 0.025227116503290632
5 1 11 3 0.025227116503290632
4 2 0 2 0.05934690210787982
5 2 0 3 0.05934690210787982
4 3 1 2 0.05934690210787982
5 3 1 3 0.05934690210787982
4 2 4 2 0.09571758779948777
5 2 4 3 0.09571758779948777
4 3 5 2 0.09571758779948777
5 3 5 3 0.09571758779948777
4 4 2 2 0.09571758779948779
5 4 2 3 0.09571758779948779
4 5 3 2 0.09571758779948779
5 5 3 3 0.09571758779948779
4 4 10 2 0.05356357654511527
5 4 10 3 0.05356357654511527
4 5 11 2 0.05356357654511527
5 5 11 3 0.05356357654511527
4 10 0 2 0.02522711650329064
5 10 0 3 0.02522711650329064
4 11 1 2 0.02522711650329064
5 11 1 3 0.02522711650329064
4 10 4 2 0.053563576545115246
5 10 4 3 0.053563576545115246
4 11 5 2 0.053563576545115246
5 11 5 3 0.053563576545115246
4 0 0 4 0.13694054380030574
5 0 0 5 0.13694054380030574
4 1 1 4 0.13694054380030574
5 1 1 5 0.13694054380030574
4 0 4 4 0.027248608724383627
5 0 4 5 0.027248608724383627
4 1 5 4 0.027248608724383627
5 1 5 5 0.027248608724383627
4 2 2 4 0.17113017047976598
5 2 2 5 0.17113017047976598
4 3 3 4 0.17113017047976598
5 3 3 5 0.17113017047976598
4 2 10 4 0.025503391455275998
5 2 10 5 0.025503391455275998
4 3 11 4 0.025503391455275998
5 3 11 5 0.025503391455275998
4 4 0 4 0.027248608724383644
5 4 0 5 0.027248608724383644
4 5 1 4 0.027248608724383644
5 5 1 5 0.027248608724383644
4 4 4 4 0.1699283327252556
5 4 4 5 0.1699283327252556
4 5 5 4 0.1699283327252556
5 5 5 5 0.1699283327252556
4 6 6 4 0.12035809920559692
5 6 6 5 0.12035809920559692
4 7 7 4 0.12035809920559692
5 7 7 5 0.12035809920559692
4 8 8 4 0.12035809920559692
5 8 8 5 0.12035809920559692
4 9 9 4 0.12035809920559692
5 9 9 5 0.12035809920559692
4 10 2 4 0.025503391455276005
5 10 2 5 0.025503391455276005
4 11 3 4 0.025503391455276005
5 11 3 5 0.025503391455276005
4 10 10 4 0.14100916260720964
5 10 10 5 0.14100916260720964
4 11 11 4 0.14100916260720964
5 11 11 5 0.14100916260720964
4 0 6 6 -0.019762561709383446
5 0 6 7 -0.019762561709383446
4 1 7 6 -0.019762561709383446
5 1 7 7 -0.019762561709383446
4 4 6 6 0.012604799295165984
5 4 6 7 0.012604799295165984
4 5 7 6 0.012604799295165984
5 5 7 7 0.012604799295165984
4 6 0 6 -0.019762561709383446
5 6 0 7 -0.019762561709383446
4 7 1 6 -0.019762561709383446
5 7 1 7 -0.019762561709383446
4 6 4 6 0.012604799295165984
5 6 4 7 0.012604799295165984
4 7 5 6 0.012604799295165984
5 7 5 7 0.012604799295165984
4 0 8 8 -0.019762561709383446
5 0 8 9 -0.019762561709383446
4 1 9 8 -0.019762561709383446
5 1 9 9 -0.019762561709383446
4 4 8 8 0.012604799295165984
5 4 8 9 0.012604799295165984
4 5 9 8 0.012604799295165984
5 5 9 9 0.012604799295165984
4 8 0 8 -0.019762561709383446
5 8 0 9 -0.019762561709383446
4 9 1 8 -0.019762561709383446
5 9 1 9 -0.019762561709383446
4 8 4 8 0.012604799295165984
5 8 4 9 0.012604799295165984
4 9 5 8 0.012604799295165984
5 9 5 9 0.012604799295165984
4 0 2 10 0.04515810089117543
5 0 2 11 0.04515810089117543
4 1 3 10 0.04515810089117543
5 1 3 11 0.04515810089117543
4 0 10 10 -0.002623830962789805
5 0 10 11 -0.002623830962789805
4 1 11 10 -0.002623830962789805
5 1 11 11 -0.002623830962789805
4 2 0 10 0.045158100891175446
5 2 0 11 0.045158100891175446
4 3 1 10 0.045158100891175446
5 3 1 11 0.045158100891175446
4 2 4 10 0.053563576545115246
5 2 4 11 0.053563576545115246
4 3 5 10 0.053563576545115246
5 3 5 11 0.053563576545115246
4 4 2 10 0.05356357654511526
5 4 2 11 0.05356357654511526
4 5 3 10 0.05356357654511526
5 5 3 11 0.05356357654511526
4 4 10 10 0.04310038825975105
5 4 10 11 0.04310038825975105
4 5 11 10 0.04310038825975105
5 5 11 11 0.04310038825975105
4 10 0 10 -0.0026238309627898138
5 10 0 11 -0.0026238309627898138
4 11 1 10 -0.0026238309627898138
5 11 1 11 -0.0026238309627898138
4 10 4 10 0.043100388259751043
5 10 4 11 0.043100388259751043
4 11 5 10 0.043100388259751043
5 11 5 11 0.043100388259751043
6 0 6 0 0.03109922016530399
7 0 6 1 0.03109922016530399
6 1 7 0 0.03109922016530399
7 1 7 1 0.03109922016530399
6 4 6 0 -0.01976256170938344
7 4 6 1 -0.01976256170938344
6 5 7 0 -0.01976256170938344
7 5 7 1 -0.01976256170938344
6 6 0 0 0.03109922016530399
7 6 0 1 0.03109922016530399
6 7 1 0 0.03109922016530399
7 7 1 1 0.03109922016530399
6 6 4 0 -0.01976256170938344
7 6 4 1 -0.01976256170938344
6 7 5 0 -0.01976256170938344
7 7 5 1 -0.01976256170938344
6 2 6 2 0.0022601345838632603
7 2 6 3 0.0022601345838632603
6 3 7 2 0.0022601345838632603
7 3 7 3 0.0022601345838632603
6 6 2 2 0.0022601345838632603
7 6 2 3 0.0022601345838632603
6 7 3 2 0.0022601345838632603
7 7 3 3 0.0022601345838632603
6 6 10 2 -0.004733841573577007
7 6 10 3 -0.004733841573577007
6 7 11 2 -0.004733841573577007
7 7 11 3 -0.004733841573577007
6 10 6 2 -0.004733841573577007
7 10 6 3 -0.004733841573577007
6 11 7 2 -0.004733841573577007
7 11 7 3 -0.004733841573577007
6 0 6 4 -0.019762561709383446
7 0 6 5 -0.019762561709383446
6 1 7 4 -0.019762561709383446
7 1 7 5 -0.019762561709383446
6 4 6 4 0.012604799295165984
7 4 6 5 0.012604799295165984
6 5 7 4 0.012604799295165984
7 5 7 5 0.012604799295165984
6 6 0 4 -0.019762561709383446
7 6 0 5 -0.019762561709383446
6 7 1 4 -0.019762561709383446
7 7 1 5 -0.019762561709383446
6 6 4 4 0.012604799295165984
7 6 4 5 0.012604799295165984
6 7 5 4 0.012604799295165984
7 7 5 5 0.012604799295165984
6 0 0 6 0.1726525191158908
7 0 0 7 0.1726525191158908
6 1 1 6 0.1726525191158908
7 1 1 7 0.1726525191158908
6 0 4 6 -0.05272460775779041
7 0 4 7 -0.05272460775779041
6 1 5 6 -0.05272460775779041
7 1 5 7 -0.05272460775779041
6 2 2 6 0.10914263296898619
7 2 2 7 0.10914263296898619
6 3 3 6 0.10914263296898619
7 3 3 7 0.10914263296898619
6 2 10 6 -0.04478522952746461
7 2 10 7 -0.04478522952746461
6 3 11 6 -0.04478522952746461
7 3 11 7 -0.04478522952746461
6 4 0 6 -0.05272460775779041
7 4 0 7 -0.05272460775779041
6 5 1 6 -0.05272460775779041
7 5 1 7 -0.05272460775779041
6 4 4 6 0.12035809920559692
7 4 4 7 0.12035809920559692
6 5 5 6 0.12035809920559692
7 5 5 7 0.12035809920559692
6 6 6 6 0.224929545
7 6 6 7 0.224929545
6 7 7 6 0.224929545
7 7 7 7 0.224929545
6 8 8 6 0.2006801625
7 8 8 7 0.2006801625
6 9 9 6 0.2006801625
7 9 9 7 0.2006801625
6 10 2 6 -0.04478522952746461
7 10 2 7 -0.04478522952746461
6 11 3 6 -0.04478522952746461
7 11 3 7 -0.04478522952746461
6 10 10 6 0.18049146130750512
7 10 10 7 0.18049146130750512
6 11 11 6 0.18049146130750512
7 11 11 7 0.18049146130750512
6 6 8 8 0.0121246915
7 6 8 9 0.0121246915
6 7 9 8 0.0121246915
7 7 9 9 0.0121246915
6 8 6 8 0.0121246915
7 8 6 9 0.0121246915
6 9 7 8 0.0121246915
7 9 7 9 0.0121246915
6 2 6 10 -0.004733841573577007
7 2 6 11 -0.004733841573577007
6 3 7 10 -0.004733841573577007
7 3 7 11 -0.004733841573577007
6 6 2 10 -0.004733841573577007
7 6 2 11 -0.004733841573577007
6 7 3 10 -0.004733841573577007
7 7 3 11 -0.004733841573577007
6 6 10 10 0.01006487668719851
7 6 10 11 0.01006487668719851
6 7 11 10 0.01006487668719851
7 7 11 11 0.01006487668719851
6 10 6 10 0.01006487668719851
7 10 6 11 0.01006487668719851
6 11 7 10 0.01006487668719851
7 11 7 11 0.01006487668719851
8 0 8 0 0.03109922016530399
9 0 8 1 0.03109922016530399
8 1 9 0 0.03109922016530399
9 1 9 1 0.03109922016530399
8 4 8 0 -0.01976256170938344
9 4 8 1 -0.01976256170938344
8 5 9 0 -0.01976256170938344
9 5 9 1 -0.01976256170938344
8 8 0 0 0.03109922016530399
9 8 0 1 0.03109922016530399
8 9 1 0 0.03109922016530399
9 9 1 1 0.03109922016530399
8 8 4 0 -0.01976256170938344
9 8 4 1 -0.01976256170938344
8 9 5 0 -0.01976256170938344
9 9 5 1 -0.01976256170938344
8 2 8 2 0.0022601345838632603
9 2 8 3 0.0022601345838632603
8 3 9 2 0.0022601345838632603
9 3 9 3 0.0022601345838632603
8 8 2 2 0.0022601345838632603
9 8 2 3 0.0022601345838632603
8 9 3 2 0.0022601345838632603
9 9 3 3 0.0022601345838632603
8 8 10 2 -0.004733841573577007
9 8 10 3 -0.004733841573577007
8 9 11 2 -0.004733841573577007
9 9 11 3 -0.004733841573577007
8 10 8 2 -0.004733841573577007
9 10 8 3 -0.004733841573577007
8 11 9 2 -0.004733841573577007
9 11 9 3 -0.004733841573577007
8 0 8 4 -0.019762561709383446
9 0 8 5 -0.019762561709383446
8 1 9 4 -0.019762561709383446
9 1 9 5 -0.019762561709383446
8 4 8 4 0.012604799295165984
9 4 8 5 0.012604799295165984
8 5 9 4 0.012604799295165984
9 5 9 5 0.012604799295165984
8 8 0 4 -0.019762561709383446
9 8 0 5 -0.019762561709383446
8 9 1 4 -0.019762561709383446
9 9 1 5 -0.019762561709383446
8 8 4 4 0.012604799295165984
9 8 4 5 0.012604799295165984
8 9 5 4 0.012604799295165984
9 9 5 5 0.012604799295165984
8 6 8 6 0.0121246915
9 6 8 7 0.0121246915
8 7 9 6 0.0121246915
9 7 9 7 0.0121246915
8 8 6 6 0.0121246915
9 8 6 7 0.0121246915
8 9 7 6 0.0121246915
9 9 7 7 0.0121246915
8 0 0 8 0.1726525191158908
9 0 0 9 0.1726525191158908
8 1 1 8 0.1726525191158908
9 1 1 9 0.1726525191158908
8 0 4 8 -0.05272460775779041
9 0 4 9 -0.05272460775779041
8 1 5 8 -0.05272460775779041
9 1 5 9 -0.05272460775779041
8 2 2 8 0.10914263296898619
9 2 2 9 0.10914263296898619
8 3 3 8 0.10914263296898619
9 3 3 9 0.10914263296898619
8 2 10 8 -0.04478522952746461
9 2 10 9 -0.04478522952746461
8 3 11 8 -0.04478522952746461
9 3 11 9 -0.04478522952746461
8 4 0 8 -0.05272460775779041
9 4 0 9 -0.05272460775779041
8 5 1 8 -0.05272460775779041
9 5 1 9 -0.05272460775779041
8 4 4 8 0.12035809920559692
9 4 4 9 0.12035809920559692
8 5 5 8 0.12035809920559692
9 5 5 9 0.12035809920559692
8 6 6 8 0.2006801625
9 6 6 9 0.2006801625
8 7 7 8 0.2006801625
9 7 7 9 0.2006801625
8 8 8 8 0.224929545
9 8 8 9 0.224929545
8 9 9 8 0.224929545
9 9 9 9 0.224929545
8 10 2 8 -0.04478522952746461
9 10 2 9 -0.04478522952746461
8 11 3 8 -0.04478522952746461
9 11 3 9 -0.04478522952746461
8 10 10 8 0.18049146130750512
9 10 10 9 0.18049146130750512
8 11 11 8 0.18049146130750512
9 11 11 9 0.18049146130750512
8 2 8 10 -0.004733841573577007
9 2 8 11 -0.004733841573577007
8 3 9 10 -0.004733841573577007
9 3 9 11 -0.004733841573577007
8 8 2 10 -0.004733841573577007
9 8 2 11 -0.004733841573577007
8 9 3 10 -0.004733841573577007
9 9 3 11 -0.004733841573577007
8 8 10 10 0.01006487668719851
9 8 10 11 0.01006487668719851
8 9 11 10 0.01006487668719851
9 9 11 11 0.01006487668719851
8 10 8 10 0.01006487668719851
9 10 8 11 0.01006487668719851
8 11 9 10 0.01006487668719851
9 11 9 11 0.01006487668719851
10 0 2 0 -0.000572042600435408
11 0 2 1 -0.000572042600435408
10 1 3 0 -0.000572042600435408
11 1 3 1 -0.000572042600435408
10 0 10 0 0.028919598158490913
11 0 10 1 0.028919598158490913
10 1 11 0 0.028919598158490913
11 1 11 1 0.028919598158490913
10 2 0 0 -0.000572042600435415
11 2 0 1 -0.000572042600435415
10 3 1 0 -0.000572042600435415
11 3 1 1 -0.000572042600435415
10 2 4 0 0.025227116503290632
11 2 4 1 0.025227116503290632
10 3 5 0 0.025227116503290632
11 3 5 1 0.025227116503290632
10 4 2 0 0.02522711650329064
11 4 2 1 0.02522711650329064
10 5 3 0 0.02522711650329064
11 5 3 1 0.02522711650329064
10 4 10 0 -0.0026238309627898103
11 4 10 1 -0.0026238309627898103
10 5 11 0 -0.0026238309627898103
11 5 11 1 -0.0026238309627898103
10 10 0 0 0.028919598158490926
11 10 0 1 0.028919598158490926
10 11 1 0 0.028919598158490926
11 11 1 1 0.028919598158490926
10 10 4 0 -0.0026238309627898103
11 10 4 1 -0.0026238309627898103
10 11 5 0 -0.0026238309627898103
11 11 5 1 -0.0026238309627898103
10 0 0 2 -0.020650948190640728
11 0 0 3 -0.020650948190640728
10 1 1 2 -0.020650948190640728
11 1 1 3 -0.020650948190640728
10 0 4 2 0.04200068240210754
11 0 4 3 0.04200068240210754
10 1 5 2 0.04200068240210754
11 1 5 3 0.04200068240210754
10 2 2 2 0.02918984174896823
11 2 2 3 0.02918984174896823
10 3 3 2 0.02918984174896823
11 3 3 3 0.02918984174896823
10 2 10 2 0.041541409019668026
11 2 10 3 0.041541409019668026
10 3 11 2 0.041541409019668026
11 3 11 3 0.041541409019668026
10 4 0 2 0.04200068240210755
11 4 0 3 0.04200068240210755
10 5 1 2 0.04200068240210755
11 5 1 3 0.04200068240210755
10 4 4 2 0.025503391455275998
11 4 4 3 0.025503391455275998
10 5 5 2 0.025503391455275998
11 5 5 3 0.025503391455275998
10 6 6 2 -0.04478522952746461
11 6 6 3 -0.04478522952746461
10 7 7 2 -0.04478522952746461
11 7 7 3 -0.04478522952746461
10 8 8 2 -0.04478522952746461
11 8 8 3 -0.04478522952746461
10 9 9 2 -0.04478522952746461
11 9 9 3 -0.04478522952746461
10 10 2 2 0.04154140901966801
11 10 2 3 0.04154140901966801
10 11 3 2 0.04154140901966801
11 11 3 3 0.04154140901966801
10 10 10 2 -0.030138788955906045
11 10 10 3 -0.030138788955906045
10 11 11 2 -0.030138788955906045
11 11 11 3 -0.030138788955906045
10 0 2 4 0.04515810089117543
11 0 2 5 0.04515810089117543
10 1 3 4 0.04515810089117543
11 1 3 5 0.04515810089117543
10 0 10 4 -0.002623830962789806
11 0 10 5 -0.002623830962789806
10 1 11 4 -0.002623830962789806
11 1 11 5 -0.002623830962789806
10 2 0 4 0.04515810089117543
11 2 0 5 0.04515810089117543
10 3 1 4 0.04515810089117543
11 3 1 5 0.04515810089117543
10 2 4 4 0.053563576545115246
11 2 4 5 0.053563576545115246
10 3 5 4 0.053563576545115246
11 3 5 5 0.053563576545115246
10 4 2 4 0.05356357654511526
11 4 2 5 0.05356357654511526
10 5 3 4 0.05356357654511526
11 5 3 5 0.05356357654511526
10 4 10 4 0.04310038825975105
11 4 10 5 0.04310038825975105
10 5 11 4 0.04310038825975105
11 5 11 5 0.04310038825975105
10 10 0 4 -0.002623830962789811
11 10 0 5 -0.002623830962789811
10 11 1 4 -0.002623830962789811
11 11 1 5 -0.002623830962789811
10 10 4 4 0.043100388259751043
11 10 4 5 0.043100388259751043
10 11 5 4 0.043100388259751043
11 11 5 5 0.043100388259751043
10 2 6 6 -0.004733841573577007
11 2 6 7 -0.004733841573577007
10 3 7 6 -0.004733841573577007
11 3 7 7 -0.004733841573577007
10 6 2 6 -0.004733841573577007
11 6 2 7 -0.004733841573577007
10 7 3 6 -0.004733841573577007
11 7 3 7 -0.004733841573577007
10 6 10 6 0.01006487668719851
11 6 10 7 0.01006487668719851
10 7 11 6 0.01006487668719851
11 7 11 7 0.01006487668719851
10 10 6 6 0.01006487668719851
11 10 6 7 0.01006487668719851
10 11 7 6 0.01006487668719851
11 11 7 7 0.01006487668719851
10 2 8 8 -0.004733841573577007
11 2 8 9 -0.004733841573577007
10 3 9 8 -0.004733841573577007
11 3 9 9 -0.004733841573577007
10 8 2 8 -0.004733841573577007
11 8 2 9 -0.004733841573577007
10 9 3 8 -0.004733841573577007
11 9 3 9 -0.004733841573577007
10 8 10 8 0.01006487668719851
11 8 10 9 0.01006487668719851
10 9 11 8 0.01006487668719851
11 9 11 9 0.01006487668719851
10 10 8 8 0.01006487668719851
11 10 8 9 0.01006487668719851
10 11 9 8 0.01006487668719851
11 11 9 9 0.01006487668719851
10 0 0 10 0.16750843291259823
11 0 0 11 0.16750843291259823
10 1 1 10 0.16750843291259823
11 1 1 11 0.16750843291259823
10 0 4 10 -0.02715401534426644
11 0 4 11 -0.02715401534426644
10 1 5 10 -0.02715401534426644
11 1 5 11 -0.02715401534426644
10 2 2 10 0.13805492057182495
11 2 2 11 0.13805492057182495
10 3 3 10 0.13805492057182495
11 3 3 11 0.13805492057182495
10 2 10 10 -0.030138788955906045
11 2 10 11 -0.030138788955906045
10 3 11 10 -0.030138788955906045
11 3 11 11 -0.030138788955906045
10 4 0 10 -0.027154015344266452
11 4 0 11 -0.027154015344266452
10 5 1 10 -0.027154015344266452
11 5 1 11 -0.027154015344266452
10 4 4 10 0.14100916260720964
11 4 4 11 0.14100916260720964
10 5 5 10 0.14100916260720964
11 5 5 11 0.14100916260720964
10 6 6 10 0.18049146130750512
11 6 6 11 0.18049146130750512
10 7 7 10 0.18049146130750512
11 7 7 11 0.18049146130750512
10 8 8 10 0.18049146130750512
11 8 8 11 0.18049146130750512
10 9 9 10 0.18049146130750512
11 9 9 11 0.18049146130750512
10 10 2 10 -0.03013878895590603
11 10 2 11 -0.03013878895590603
10 11 3 10 -0.03013878895590603
11 11 3 11 -0.03013878895590603
10 10 10 10 0.18876595184855488
11 10 10 11 0.18876595184855488
10 11 11 10 0.18876595184855488
11 11 11 11 0.18876595184855488
