-10.038805415596567
0 0 -1.893625306563852
1 1 -1.893625306563852
0 10 0.2089853437785861
1 11 0.2089853437785861
2 2 -1.8299688749508793
3 3 -1.8299688749508793
2 8 0.18706933430358202
3 9 0.18706933430358202
4 4 -1.4321277186716468
5 5 -1.4321277186716468
6 6 -1.4321277186716468
7 7 -1.4321277186716468
8 2 0.1870693343035798
9 3 0.1870693343035798
8 8 -0.9767606846767503
9 9 -0.9767606846767503
10 0 0.208985343778588
11 1 0.208985343778588
10 10 0.04782336000479148
11 11 0.04782336000479148
0 0 0 0 0.26069517666595055
1 0 0 1 0.26069517666595055
0 1 1 0 0.26069517666595055
1 1 1 1 0.26069517666595055
0 0 10 0 -0.05307016254475268
1 0 10 1 -0.05307016254475268
0 1 11 0 -0.05307016254475268
1 1 11 1 -0.05307016254475268
0 2 2 0 0.24470757745430394
1 2 2 1 0.24470757745430394
0 3 3 0 0.24470757745430394
1 3 3 1 0.24470757745430394
0 2 8 0 -0.054220136523781534
1 2 8 1 -0.054220136523781534
0 3 9 0 -0.054220136523781534
1 3 9 1 -0.054220136523781534
0 4 4 0 0.20649010298889736
1 4 4 1 0.20649010298889736
0 5 5 0 0.20649010298889736
1 5 5 1 0.20649010298889736
0 6 6 0 0.20649010298889736
1 6 6 1 0.20649010298889736
0 7 7 0 0.20649010298889736
1 7 7 1 0.20649010298889736
0 8 2 0 -0.05422013652378155
1 8 2 1 -0.05422013652378155
0 9 3 0 -0.05422013652378155
1 9 3 1 -0.05422013652378155
0 8 8 0 0.23462312014718797
1 8 8 1 0.23462312014718797
0 9 9 0 0.23462312014718797
1 9 9 1 0.23462312014718797
0 10 0 0 -0.05307016254475271
1 10 0 1 -0.05307016254475271
0 11 1 0 -0.05307016254475271
1 11 1 1 -0.05307016254475271
0 10 10 0 0.24815826560204068
1 10 10 1 0.24815826560204068
0 11 11 0 0.24815826560204068
1 11 11 1 0.24815826560204068
0 0 2 2 0.07813455172048629
1 0 2 3 0.07813455172048629
0 1 3 2 0.07813455172048629
1 1 3 3 0.07813455172048629
0 0 8 2 -0.05498376598384423
1 0 8 3 -0.05498376598384423
0 1 9 2 -0.05498376598384423
1 1 9 3 -0.05498376598384423
0 2 0 2 0.0781345517204863
1 2 0 3 0.0781345517204863
0 3 1 2 0.0781345517204863
1 3 1 3 0.0781345517204863
0 2 10 2 -0.027290224874823032
1 2 10 3 -0.027290224874823032
0 3 11 2 -0.027290224874823032
1 3 11 3 -0.027290224874823032
0 8 0 2 -0.05498376598384426
1 8 0 3 -0.05498376598384426
0 9 1 2 -0.05498376598384426
1 9 1 3 -0.05498376598384426
0 8 10 2 0.07140236607909425
1 8 10 3 0.07140236607909425
0 9 11 2 0.07140236607909425
1 9 11 3 0.07140236607909425
0 10 2 2 -0.027290224874823008
1 10 2 3 -0.027290224874823008
0 11 3 2 -0.027290224874823008
1 11 3 3 -0.027290224874823008
0 10 8 2 0.07140236607909416
1 10 8 3 0.07140236607909416
0 11 9 2 0.07140236607909416
1 11 9 3 0.07140236607909416
0 0 4 4 0.010282098129860726
1 0 4 5 0.010282098129860726
0 1 5 4 0.010282098129860726
1 1 5 5 0.010282098129860726
0 4 0 4 0.010282098129860726
1 4 0 5 0.010282098129860726
0 5 1 4 0.010282098129860726
1 5 1 5 0.010282098129860726
0 4 10 4 0.005350449696476745
1 4 10 5 0.005350449696476745
0 5 11 4 0.005350449696476745
1 5 11 5 0.005350449696476745
0 10 4 4 0.005350449696476747
1 10 4 5 0.005350449696476747
0 11 5 4 0.005350449696476747
1 11 5 5 0.005350449696476747
0 0 6 6 0.010282098129860726
1 0 6 7 0.010282098129860726
0 1 7 6 0.010282098129860726
1 1 7 7 0.010282098129860726
0 6 0 6 0.010282098129860726
1 6 0 7 0.010282098129860726
0 7 1 6 0.010282098129860726
1 7 1 7 0.010282098129860726
0 6 10 6 0.005350449696476745
1 6 10 7 0.005350449696476745
0 7 11 6 0.005350449696476745
1 7 11 7 0.005350449696476745
0 10 6 6 0.005350449696476747
1 10 6 7 0.005350449696476747
0 11 7 6 0.005350449696476747
1 11 7 7 0.005350449696476747
0 0 2 8 -0.054983765983844246
1 0 2 9 -0.054983765983844246
0 1 3 8 -0.054983765983844246
1 1 3 9 -0.054983765983844246
0 0 8 8 0.05026012088355588
1 0 8 9 0.05026012088355588
0 1 9 8 0.05026012088355588
1 1 9 9 0.05026012088355588
0 2 0 8 -0.05498376598384426
1 2 0 9 -0.05498376598384426
0 3 1 8 -0.05498376598384426
1 3 1 9 -0.05498376598384426
0 2 10 8 0.033000837981186845
1 2 10 9 0.033000837981186845
0 3 11 8 0.033000837981186845
1 3 11 9 0.033000837981186845
0 8 0 8 0.0502601208835559
1 8 0 9 0.0502601208835559
0 9 1 8 0.0502601208835559
1 9 1 9 0.0502601208835559
0 8 10 8 -0.05893484226146558
1 8 10 9 -0.05893484226146558
0 9 11 8 -0.05893484226146558
1 9 11 9 -0.05893484226146558
0 10 2 8 0.03300083798118706
1 10 2 9 0.03300083798118706
0 11 3 8 0.03300083798118706
1 11 3 9 0.03300083798118706
0 10 8 8 -0.05893484226146575
1 10 8 9 -0.05893484226146575
0 11 9 8 -0.05893484226146575
1 11 9 9 -0.05893484226146575
0 0 0 10 -0.05307016254475272
1 0 0 11 -0.05307016254475272
0 1 1 10 -0.05307016254475272
1 1 1 11 -0.05307016254475272
0 0 10 10 0.04029483717872231
1 0 10 11 0.04029483717872231
0 1 11 10 0.04029483717872231
1 1 11 11 0.04029483717872231
0 2 2 10 -0.03935626526654312
1 2 2 11 -0.03935626526654312
0 3 3 10 -0.03935626526654312
1 3 3 11 -0.03935626526654312
0 2 8 10 0.034813106954955195
1 2 8 11 0.034813106954955195
0 3 9 10 0.034813106954955195
1 3 9 11 0.034813106954955195
0 4 4 10 -0.013782101548011754
1 4 4 11 -0.013782101548011754
0 5 5 10 -0.013782101548011754
1 5 5 11 -0.013782101548011754
0 6 6 10 -0.013782101548011754
1 6 6 11 -0.013782101548011754
0 7 7 10 -0.013782101548011754
1 7 7 11 -0.013782101548011754
0 8 2 10 0.03481310695495523
1 8 2 11 0.03481310695495523
0 9 3 10 0.03481310695495523
1 9 3 11 0.03481310695495523
0 8 8 10 -0.050768440724723495
1 8 8 11 -0.050768440724723495
0 9 9 10 -0.050768440724723495
1 9 9 11 -0.050768440724723495
0 10 0 10 0.040294837178722044
1 10 0 11 0.040294837178722044
0 11 1 10 0.040294837178722044
1 11 1 11 0.040294837178722044
0 10 10 10 -0.06388953508411527
1 10 10 11 -0.06388953508411527
0 11 11 10 -0.06388953508411527
1 11 11 11 -0.06388953508411527
2 0 2 0 0.07813455172048629
3 0 2 1 0.07813455172048629
2 1 3 0 0.07813455172048629
3 1 3 1 0.07813455172048629
2 0 8 0 -0.054983765983844225
3 0 8 1 -0.054983765983844225
2 1 9 0 -0.054983765983844225
3 1 9 1 -0.054983765983844225
2 2 0 0 0.07813455172048629
3 2 0 1 0.07813455172048629
2 3 1 0 0.07813455172048629
3 3 1 1 0.07813455172048629
2 2 10 0 -0.02729022487482303
3 2 10 1 -0.02729022487482303
2 3 11 0 -0.02729022487482303
3 3 11 1 -0.02729022487482303
2 8 0 0 -0.05498376598384426
3 8 0 1 -0.05498376598384426
2 9 1 0 -0.05498376598384426
3 9 1 1 -0.05498376598384426
2 8 10 0 0.07140236607909425
3 8 10 1 0.07140236607909425
2 9 11 0 0.07140236607909425
3 9 11 1 0.07140236607909425
2 10 2 0 -0.027290224874823
3 10 2 1 -0.027290224874823
2 11 3 0 -0.027290224874823
3 11 3 1 -0.027290224874823
2 10 8 0 0.07140236607909414
3 10 8 1 0.07140236607909414
2 11 9 0 0.07140236607909414
3 11 9 1 0.07140236607909414
2 0 0 2 0.2447075774543039
3 0 0 3 0.2447075774543039
2 1 1 2 0.2447075774543039
3 1 1 3 0.2447075774543039
2 0 10 2 -0.03935626526654319
3 0 10 3 -0.03935626526654319
2 1 11 2 -0.03935626526654319
3 1 11 3 -0.03935626526654319
2 2 2 2 0.23902153908473517
3 2 2 3 0.23902153908473517
2 3 3 2 0.23902153908473517
3 3 3 3 0.23902153908473517
2 2 8 2 -0.04007754783162019
3 2 8 3 -0.04007754783162019
2 3 9 2 -0.04007754783162019
3 3 9 3 -0.04007754783162019
2 4 4 2 0.2129312032604656
3 4 4 3 0.2129312032604656
2 5 5 2 0.2129312032604656
3 5 5 3 0.2129312032604656
2 6 6 2 0.2129312032604656
3 6 6 3 0.2129312032604656
2 7 7 2 0.2129312032604656
3 7 7 3 0.2129312032604656
2 8 2 2 -0.04007754783162022
3 8 2 3 -0.04007754783162022
2 9 3 2 -0.04007754783162022
3 9 3 3 -0.04007754783162022
2 8 8 2 0.22409965321284775
3 8 8 3 0.22409965321284775
2 9 9 2 0.22409965321284775
3 9 9 3 0.22409965321284775
2 10 0 2 -0.039356265266543074
3 10 0 3 -0.039356265266543074
2 11 1 2 -0.039356265266543074
3 11 1 3 -0.039356265266543074
2 10 10 2 0.23085690611163384
3 10 10 3 0.23085690611163384
2 11 11 2 0.23085690611163384
3 11 11 3 0.23085690611163384
2 2 4 4 0.03307533576610531
3 2 4 5 0.03307533576610531
2 3 5 4 0.03307533576610531
3 3 5 5 0.03307533576610531
2 4 2 4 0.03307533576610531
3 4 2 5 0.03307533576610531
2 5 3 4 0.03307533576610531
3 5 3 5 0.03307533576610531
2 4 8 4 0.02031181678588633
3 4 8 5 0.02031181678588633
2 5 9 4 0.02031181678588633
3 5 9 5 0.02031181678588633
2 8 4 4 0.020311816785886328
3 8 4 5 0.020311816785886328
2 9 5 4 0.020311816785886328
3 9 5 5 0.020311816785886328
2 2 6 6 0.03307533576610531
3 2 6 7 0.03307533576610531
2 3 7 6 0.03307533576610531
3 3 7 7 0.03307533576610531
2 6 2 6 0.03307533576610531
3 6 2 7 0.03307533576610531
2 7 3 6 0.03307533576610531
3 7 3 7 0.03307533576610531
2 6 8 6 0.02031181678588633
3 6 8 7 0.02031181678588633
2 7 9 6 0.02031181678588633
3 7 9 7 0.02031181678588633
2 8 6 6 0.020311816785886328
3 8 6 7 0.020311816785886328
2 9 7 6 0.020311816785886328
3 9 7 7 0.020311816785886328
2 0 0 8 -0.05422013652378147
3 0 0 9 -0.05422013652378147
2 1 1 8 -0.05422013652378147
3 1 1 9 -0.05422013652378147
2 0 10 8 0.034813106954955236
3 0 10 9 0.034813106954955236
2 1 11 8 0.034813106954955236
3 1 11 9 0.034813106954955236
2 2 2 8 -0.040077547831620194
3 2 2 9 -0.040077547831620194
2 3 3 8 -0.040077547831620194
3 3 3 9 -0.040077547831620194
2 2 8 8 0.03559797915530133
3 2 8 9 0.03559797915530133
2 3 9 8 0.03559797915530133
3 3 9 9 0.03559797915530133
2 4 4 8 -0.011739257793956343
3 4 4 9 -0.011739257793956343
2 5 5 8 -0.011739257793956343
3 5 5 9 -0.011739257793956343
2 6 6 8 -0.011739257793956343
3 6 6 9 -0.011739257793956343
2 7 7 8 -0.011739257793956343
3 7 7 9 -0.011739257793956343
2 8 2 8 0.0355979791553013
3 8 2 9 0.0355979791553013
2 9 3 8 0.0355979791553013
3 9 3 9 0.0355979791553013
2 8 8 8 -0.044204921169755086
3 8 8 9 -0.044204921169755086
2 9 9 8 -0.044204921169755086
3 9 9 9 -0.044204921169755086
2 10 0 8 0.03481310695495507
3 10 0 9 0.03481310695495507
2 11 1 8 0.03481310695495507
3 11 1 9 0.03481310695495507
2 10 10 8 -0.05775378737990154
3 10 10 9 -0.05775378737990154
2 11 11 8 -0.05775378737990154
3 11 11 9 -0.05775378737990154
2 0 2 10 -0.027290224874823
3 0 2 11 -0.027290224874823
2 1 3 10 -0.027290224874823
3 1 3 11 -0.027290224874823
2 0 8 10 0.033000837981186824
3 0 8 11 0.033000837981186824
2 1 9 10 0.033000837981186824
3 1 9 11 0.033000837981186824
2 2 0 10 -0.027290224874823042
3 2 0 11 -0.027290224874823042
2 3 1 10 -0.027290224874823042
3 3 1 11 -0.027290224874823042
2 2 10 10 0.026646299053546683
3 2 10 11 0.026646299053546683
2 3 11 10 0.026646299053546683
3 3 11 11 0.026646299053546683
2 8 0 10 0.033000837981186845
3 8 0 11 0.033000837981186845
2 9 1 10 0.033000837981186845
3 9 1 11 0.033000837981186845
2 8 10 10 -0.036692176374377175
3 8 10 11 -0.036692176374377175
2 9 11 10 -0.036692176374377175
3 9 11 11 -0.036692176374377175
2 10 2 10 0.026646299053546558
3 10 2 11 0.026646299053546558
2 11 3 10 0.026646299053546558
3 11 3 11 0.026646299053546558
2 10 8 10 -0.03669217637437684
3 10 8 11 -0.03669217637437684
2 11 9 10 -0.03669217637437684
3 11 9 11 -0.03669217637437684
4 0 4 0 0.010282098129860728
5 0 4 1 0.010282098129860728
4 1 5 0 0.010282098129860728
5 1 5 1 0.010282098129860728
4 4 0 0 0.010282098129860726
5 4 0 1 0.010282098129860726
4 5 1 0 0.010282098129860726
5 5 1 1 0.010282098129860726
4 4 10 0 0.005350449696476745
5 4 10 1 0.005350449696476745
4 5 11 0 0.005350449696476745
5 5 11 1 0.005350449696476745
4 10 4 0 0.005350449696476746
5 10 4 1 0.005350449696476746
4 11 5 0 0.005350449696476746
5 11 5 1 0.005350449696476746
4 2 4 2 0.033075335766105315
5 2 4 3 0.033075335766105315
4 3 5 2 0.033075335766105315
5 3 5 3 0.033075335766105315
4 4 2 2 0.03307533576610531
5 4 2 3 0.03307533576610531
4 5 3 2 0.03307533576610531
5 5 3 3 0.03307533576610531
4 4 8 2 0.020311816785886328
5 4 8 3 0.020311816785886328
4 5 9 2 0.020311816785886328
5 5 9 3 0.020311816785886328
4 8 4 2 0.020311816785886328
5 8 4 3 0.020311816785886328
4 9 5 2 0.020311816785886328
5 9 5 3 0.020311816785886328
4 0 0 4 0.2064901029888974
5 0 0 5 0.2064901029888974
4 1 1 4 0.2064901029888974
5 1 1 5 0.2064901029888974
4 0 10 4 -0.013782101548011804
5 0 10 5 -0.013782101548011804
4 1 11 4 -0.013782101548011804
5 1 11 5 -0.013782101548011804
4 2 2 4 0.21293120326046555
5 2 2 5 0.21293120326046555
4 3 3 4 0.21293120326046555
5 3 3 5 0.21293120326046555
4 2 8 4 -0.011739257793956343
5 2 8 5 -0.011739257793956343
4 3 9 4 -0.011739257793956343
5 3 9 5 -0.011739257793956343
4 4 4 4 0.2249295448877613
5 4 4 5 0.2249295448877613
4 5 5 4 0.2249295448877613
5 5 5 5 0.2249295448877613
4 6 6 4 0.2006801619418057
5 6 6 5 0.2006801619418057
4 7 7 4 0.2006801619418057
5 7 7 5 0.2006801619418057
4 8 2 4 -0.011739257793956327
5 8 2 5 -0.011739257793956327
4 9 3 4 -0.011739257793956327
5 9 3 5 -0.011739257793956327
4 8 8 4 0.1962188282866944
5 8 8 5 0.1962188282866944
4 9 9 4 0.1962188282866944
5 9 9 5 0.1962188282866944
4 10 0 4 -0.013782101548011735
5 10 0 5 -0.013782101548011735
4 11 1 4 -0.013782101548011735
5 11 1 5 -0.013782101548011735
4 10 10 4 0.19138426005275042
5 10 10 5 0.19138426005275042
4 11 11 4 0.19138426005275042
5 11 11 5 0.19138426005275042
4 4 6 6 0.012124691238823869
5 4 6 7 0.012124691238823869
4 5 7 6 0.012124691238823869
5 5 7 7 0.012124691238823869
4 6 4 6 0.012124691238823869
5 6 4 7 0.012124691238823869
4 7 5 6 0.012124691238823869
5 7 5 7 0.012124691238823869
4 2 4 8 0.02031181678588633
5 2 4 9 0.02031181678588633
4 3 5 8 0.02031181678588633
5 3 5 9 0.02031181678588633
4 4 2 8 0.020311816785886314
5 4 2 9 0.020311816785886314
4 5 3 8 0.020311816785886314
5 5 3 9 0.020311816785886314
4 4 8 8 0.018436796658469007
5 4 8 9 0.018436796658469007
4 5 9 8 0.018436796658469007
5 5 9 9 0.018436796658469007
4 8 4 8 0.018436796658468944
5 8 4 9 0.018436796658468944
4 9 5 8 0.018436796658468944
5 9 5 9 0.018436796658468944
4 0 4 10 0.0053504496964767445
5 0 4 11 0.0053504496964767445
4 1 5 10 0.0053504496964767445
5 1 5 11 0.0053504496964767445
4 4 0 10 0.005350449696476737
5 4 0 11 0.005350449696476737
4 5 1 10 0.005350449696476737
5 5 1 11 0.005350449696476737
4 4 10 10 0.005159070174519007
5 4 10 11 0.005159070174519007
4 5 11 10 0.005159070174519007
5 5 11 11 0.005159070174519007
4 10 4 10 0.005159070174518998
5 10 4 11 0.005159070174518998
4 11 5 10 0.005159070174518998
5 11 5 11 0.005159070174518998
6 0 6 0 0.010282098129860728
7 0 6 1 0.010282098129860728
6 1 7 0 0.010282098129860728
7 1 7 1 0.010282098129860728
6 6 0 0 0.010282098129860726
7 6 0 1 0.010282098129860726
6 7 1 0 0.010282098129860726
7 7 1 1 0.010282098129860726
6 6 10 0 0.005350449696476745
7 6 10 1 0.005350449696476745
6 7 11 0 0.005350449696476745
7 7 11 1 0.005350449696476745
6 10 6 0 0.005350449696476746
7 10 6 1 0.005350449696476746
6 11 7 0 0.005350449696476746
7 11 7 1 0.005350449696476746
6 2 6 2 0.033075335766105315
7 2 6 3 0.033075335766105315
6 3 7 2 0.033075335766105315
7 3 7 3 0.033075335766105315
6 6 2 2 0.03307533576610531
7 6 2 3 0.03307533576610531
6 7 3 2 0.03307533576610531
7 7 3 3 0.03307533576610531
6 6 8 2 0.020311816785886328
7 6 8 3 0.020311816785886328
6 7 9 2 0.020311816785886328
7 7 9 3 0.020311816785886328
6 8 6 2 0.020311816785886328
7 8 6 3 0.020311816785886328
6 9 7 2 0.020311816785886328
7 9 7 3 0.020311816785886328
6 4 6 4 0.012124691238823869
7 4 6 5 0.012124691238823869
6 5 7 4 0.012124691238823869
7 5 7 5 0.012124691238823869
6 6 4 4 0.012124691238823869
7 6 4 5 0.012124691238823869
6 7 5 4 0.012124691238823869
7 7 5 5 0.012124691238823869
6 0 0 6 0.2064901029888974
7 0 0 7 0.2064901029888974
6 1 1 6 0.2064901029888974
7 1 1 7 0.2064901029888974
6 0 10 6 -0.013782101548011804
7 0 10 7 -0.013782101548011804
6 1 11 6 -0.013782101548011804
7 1 11 7 -0.013782101548011804
6 2 2 6 0.21293120326046555
7 2 2 7 0.21293120326046555
6 3 3 6 0.21293120326046555
7 3 3 7 0.21293120326046555
6 2 8 6 -0.011739257793956343
7 2 8 7 -0.011739257793956343
6 3 9 6 -0.011739257793956343
7 3 9 7 -0.011739257793956343
6 4 4 6 0.2006801619418057
7 4 4 7 0.2006801619418057
6 5 5 6 0.2006801619418057
7 5 5 7 0.2006801619418057
6 6 6 6 0.2249295448877613
7 6 6 7 0.2249295448877613
6 7 7 6 0.2249295448877613
7 7 7 7 0.2249295448877613
6 8 2 6 -0.011739257793956327
7 8 2 7 -0.011739257793956327
6 9 3 6 -0.011739257793956327
7 9 3 7 -0.011739257793956327
6 8 8 6 0.1962188282866944
7 8 8 7 0.1962188282866944
6 9 9 6 0.1962188282866944
7 9 9 7 0.1962188282866944
6 10 0 6 -0.013782101548011735
7 10 0 7 -0.013782101548011735
6 11 1 6 -0.013782101548011735
7 11 1 7 -0.013782101548011735
6 10 10 6 0.19138426005275042
7 10 10 7 0.19138426005275042
6 11 11 6 0.19138426005275042
7 11 11 7 0.19138426005275042
6 2 6 8 0.02031181678588633
7 2 6 9 0.02031181678588633
6 3 7 8 0.02031181678588633
7 3 7 9 0.02031181678588633
6 6 2 8 0.020311816785886314
7 6 2 9 0.020311816785886314
6 7 3 8 0.020311816785886314
7 7 3 9 0.020311816785886314
6 6 8 8 0.018436796658469007
7 6 8 9 0.018436796658469007
6 7 9 8 0.018436796658469007
7 7 9 9 0.018436796658469007
6 8 6 8 0.018436796658468944
7 8 6 9 0.018436796658468944
6 9 7 8 0.018436796658468944
7 9 7 9 0.018436796658468944
6 0 6 10 0.0053504496964767445
7 0 6 11 0.0053504496964767445
6 1 7 10 0.0053504496964767445
7 1 7 11 0.0053504496964767445
6 6 0 10 0.005350449696476737
7 6 0 11 0.005350449696476737
6 7 1 10 0.005350449696476737
7 7 1 11 0.005350449696476737
6 6 10 10 0.005159070174519007
7 6 10 11 0.005159070174519007
6 7 11 10 0.005159070174519007
7 7 11 11 0.005159070174519007
6 10 6 10 0.005159070174518998
7 10 6 11 0.005159070174518998
6 11 7 10 0.005159070174518998
7 11 7 11 0.005159070174518998
8 0 2 0 -0.054983765983844274
9 0 2 1 -0.054983765983844274
8 1 3 0 -0.054983765983844274
9 1 3 1 -0.054983765983844274
8 0 8 0 0.0502601208835559
9 0 8 1 0.0502601208835559
8 1 9 0 0.0502601208835559
9 1 9 1 0.0502601208835559
8 2 0 0 -0.05498376598384426
9 2 0 1 -0.05498376598384426
8 3 1 0 -0.05498376598384426
9 3 1 1 -0.05498376598384426
8 2 10 0 0.033000837981186845
9 2 10 1 0.033000837981186845
8 3 11 0 0.033000837981186845
9 3 11 1 0.033000837981186845
8 8 0 0 0.05026012088355589
9 8 0 1 0.05026012088355589
8 9 1 0 0.05026012088355589
9 9 1 1 0.05026012088355589
8 8 10 0 -0.05893484226146557
9 8 10 1 -0.05893484226146557
8 9 11 0 -0.05893484226146557
9 9 11 1 -0.05893484226146557
8 10 2 0 0.03300083798118707
9 10 2 1 0.03300083798118707
8 11 3 0 0.03300083798118707
9 11 3 1 0.03300083798118707
8 10 8 0 -0.05893484226146575
9 10 8 1 -0.05893484226146575
8 11 9 0 -0.05893484226146575
9 11 9 1 -0.05893484226146575
8 0 0 2 -0.05422013652378155
9 0 0 3 -0.05422013652378155
8 1 1 2 -0.05422013652378155
9 1 1 3 -0.05422013652378155
8 0 10 2 0.03481310695495523
9 0 10 3 0.03481310695495523
8 1 11 2 0.03481310695495523
9 1 11 3 0.03481310695495523
8 2 2 2 -0.04007754783162021
9 2 2 3 -0.04007754783162021
8 3 3 2 -0.04007754783162021
9 3 3 3 -0.04007754783162021
8 2 8 2 0.03559797915530132
9 2 8 3 0.03559797915530132
8 3 9 2 0.03559797915530132
9 3 9 3 0.03559797915530132
8 4 4 2 -0.01173925779395621
9 4 4 3 -0.01173925779395621
8 5 5 2 -0.01173925779395621
9 5 5 3 -0.01173925779395621
8 6 6 2 -0.01173925779395621
9 6 6 3 -0.01173925779395621
8 7 7 2 -0.01173925779395621
9 7 7 3 -0.01173925779395621
8 8 2 2 0.03559797915530129
9 8 2 3 0.03559797915530129
8 9 3 2 0.03559797915530129
9 9 3 3 0.03559797915530129
8 8 8 2 -0.04420492116975511
9 8 8 3 -0.04420492116975511
8 9 9 2 -0.04420492116975511
9 9 9 3 -0.04420492116975511
8 10 0 2 0.03481310695495507
9 10 0 3 0.03481310695495507
8 11 1 2 0.03481310695495507
9 11 1 3 0.03481310695495507
8 10 10 2 -0.0577537873799015
9 10 10 3 -0.0577537873799015
8 11 11 2 -0.0577537873799015
9 11 11 3 -0.0577537873799015
8 2 4 4 0.02031181678588634
9 2 4 5 0.02031181678588634
8 3 5 4 0.02031181678588634
9 3 5 5 0.02031181678588634
8 4 2 4 0.020311816785886318
9 4 2 5 0.020311816785886318
8 5 3 4 0.020311816785886318
9 5 3 5 0.020311816785886318
8 4 8 4 0.018436796658468993
9 4 8 5 0.018436796658468993
8 5 9 4 0.018436796658468993
9 5 9 5 0.018436796658468993
8 8 4 4 0.01843679665846894
9 8 4 5 0.01843679665846894
8 9 5 4 0.01843679665846894
9 9 5 5 0.01843679665846894
8 2 6 6 0.02031181678588634
9 2 6 7 0.02031181678588634
8 3 7 6 0.02031181678588634
9 3 7 7 0.02031181678588634
8 6 2 6 0.020311816785886318
9 6 2 7 0.020311816785886318
8 7 3 6 0.020311816785886318
9 7 3 7 0.020311816785886318
8 6 8 6 0.018436796658468993
9 6 8 7 0.018436796658468993
8 7 9 6 0.018436796658468993
9 7 9 7 0.018436796658468993
8 8 6 6 0.01843679665846894
9 8 6 7 0.01843679665846894
8 9 7 6 0.01843679665846894
9 9 7 7 0.01843679665846894
8 0 0 8 0.2346231201471881
9 0 0 9 0.2346231201471881
8 1 1 8 0.2346231201471881
9 1 1 9 0.2346231201471881
8 0 10 8 -0.050768440724722724
9 0 10 9 -0.050768440724722724
8 1 11 8 -0.050768440724722724
9 1 11 9 -0.050768440724722724
8 2 2 8 0.22409965321284786
9 2 2 9 0.22409965321284786
8 3 3 8 0.22409965321284786
9 3 3 9 0.22409965321284786
8 2 8 8 -0.04420492116975487
9 2 8 9 -0.04420492116975487
8 3 9 8 -0.04420492116975487
9 3 9 9 -0.04420492116975487
8 4 4 8 0.19621882828669468
9 4 4 9 0.19621882828669468
8 5 5 8 0.19621882828669468
9 5 5 9 0.19621882828669468
8 6 6 8 0.19621882828669468
9 6 6 9 0.19621882828669468
8 7 7 8 0.19621882828669468
9 7 7 9 0.19621882828669468
8 8 2 8 -0.04420492116975512
9 8 2 9 -0.04420492116975512
8 9 3 8 -0.04420492116975512
9 9 3 9 -0.04420492116975512
8 8 8 8 0.22496275100723578
9 8 8 9 0.22496275100723578
8 9 9 8 0.22496275100723578
9 9 9 9 0.22496275100723578
8 10 0 8 -0.05076844072472341
9 10 0 9 -0.05076844072472341
8 11 1 8 -0.05076844072472341
9 11 1 9 -0.05076844072472341
8 10 10 8 0.23509192672600998
9 10 10 9 0.23509192672600998
8 11 11 8 0.23509192672600998
9 11 11 9 0.23509192672600998
8 0 2 10 0.07140236607909448
9 0 2 11 0.07140236607909448
8 1 3 10 0.07140236607909448
9 1 3 11 0.07140236607909448
8 0 8 10 -0.058934842261465684
9 0 8 11 -0.058934842261465684
8 1 9 10 -0.058934842261465684
9 1 9 11 -0.058934842261465684
8 2 0 10 0.07140236607909421
9 2 0 11 0.07140236607909421
8 3 1 10 0.07140236607909421
9 3 1 11 0.07140236607909421
8 2 10 10 -0.03669217637437644
9 2 10 11 -0.03669217637437644
8 3 11 10 -0.03669217637437644
9 3 11 11 -0.03669217637437644
8 8 0 10 -0.05893484226146557
9 8 0 11 -0.05893484226146557
8 9 1 10 -0.05893484226146557
9 9 1 11 -0.05893484226146557
8 8 10 10 0.07949439965795922
9 8 10 11 0.07949439965795922
8 9 11 10 0.07949439965795922
9 9 11 11 0.07949439965795922
8 10 2 10 -0.03669217637437722
9 10 2 11 -0.03669217637437722
8 11 3 10 -0.03669217637437722
9 11 3 11 -0.03669217637437722
8 10 8 10 0.07949439965796151
9 10 8 11 0.07949439965796151
8 11 9 10 0.07949439965796151
9 11 9 11 0.07949439965796151
10 0 0 0 -0.05307016254475255
11 0 0 1 -0.05307016254475255
10 1 1 0 -0.05307016254475255
11 1 1 1 -0.05307016254475255
10 0 10 0 0.04029483717872233
11 0 10 1 0.04029483717872233
10 1 11 0 0.04029483717872233
11 1 11 1 0.04029483717872233
10 2 2 0 -0.03935626526654312
11 2 2 1 -0.03935626526654312
10 3 3 0 -0.03935626526654312
11 3 3 1 -0.03935626526654312
10 2 8 0 0.03481310695495518
11 2 8 1 0.03481310695495518
10 3 9 0 0.03481310695495518
11 3 9 1 0.03481310695495518
10 4 4 0 -0.013782101548011794
11 4 4 1 -0.013782101548011794
10 5 5 0 -0.013782101548011794
11 5 5 1 -0.013782101548011794
10 6 6 0 -0.013782101548011794
11 6 6 1 -0.013782101548011794
10 7 7 0 -0.013782101548011794
11 7 7 1 -0.013782101548011794
10 8 2 0 0.034813106954955264
11 8 2 1 0.034813106954955264
10 9 3 0 0.034813106954955264
11 9 3 1 0.034813106954955264
10 8 8 0 -0.050768440724723585
11 8 8 1 -0.050768440724723585
10 9 9 0 -0.050768440724723585
11 9 9 1 -0.050768440724723585
10 10 0 0 0.04029483717872204
11 10 0 1 0.04029483717872204
10 11 1 0 0.04029483717872204
11 11 1 1 0.04029483717872204
10 10 10 0 -0.06388953508411527
11 10 10 1 -0.06388953508411527
10 11 11 0 -0.06388953508411527
11 11 11 1 -0.06388953508411527
10 0 2 2 -0.02729022487482305
11 0 2 3 -0.02729022487482305
10 1 3 2 -0.02729022487482305
11 1 3 3 -0.02729022487482305
10 0 8 2 0.033000837981186845
11 0 8 3 0.033000837981186845
10 1 9 2 0.033000837981186845
11 1 9 3 0.033000837981186845
10 2 0 2 -0.027290224874822994
11 2 0 3 -0.027290224874822994
10 3 1 2 -0.027290224874822994
11 3 1 3 -0.027290224874822994
10 2 10 2 0.026646299053546693
11 2 10 3 0.026646299053546693
10 3 11 2 0.026646299053546693
11 3 11 3 0.026646299053546693
10 8 0 2 0.033000837981186845
11 8 0 3 0.033000837981186845
10 9 1 2 0.033000837981186845
11 9 1 3 0.033000837981186845
10 8 10 2 -0.03669217637437722
11 8 10 3 -0.03669217637437722
10 9 11 2 -0.03669217637437722
11 9 11 3 -0.03669217637437722
10 10 2 2 0.026646299053546554
11 10 2 3 0.026646299053546554
10 11 3 2 0.026646299053546554
11 11 3 3 0.026646299053546554
10 10 8 2 -0.03669217637437687
11 10 8 3 -0.03669217637437687
10 11 9 2 -0.03669217637437687
11 11 9 3 -0.03669217637437687
10 0 4 4 0.005350449696476743
11 0 4 5 0.005350449696476743
10 1 5 4 0.005350449696476743
11 1 5 5 0.005350449696476743
10 4 0 4 0.005350449696476732
11 4 0 5 0.005350449696476732
10 5 1 4 0.005350449696476732
11 5 1 5 0.005350449696476732
10 4 10 4 0.005159070174519009
11 4 10 5 0.005159070174519009
10 5 11 4 0.005159070174519009
11 5 11 5 0.005159070174519009
10 10 4 4 0.0051590701745190025
11 10 4 5 0.0051590701745190025
10 11 5 4 0.0051590701745190025
11 11 5 5 0.0051590701745190025
10 0 6 6 0.005350449696476743
11 0 6 7 0.005350449696476743
10 1 7 6 0.005350449696476743
11 1 7 7 0.005350449696476743
10 6 0 6 0.005350449696476732
11 6 0 7 0.005350449696476732
10 7 1 6 0.005350449696476732
11 7 1 7 0.005350449696476732
10 6 10 6 0.005159070174519009
11 6 10 7 0.005159070174519009
10 7 11 6 0.005159070174519009
11 7 11 7 0.005159070174519009
10 10 6 6 0.0051590701745190025
11 10 6 7 0.0051590701745190025
10 11 7 6 0.0051590701745190025
11 11 7 7 0.0051590701745190025
10 0 2 8 0.07140236607909446
11 0 2 9 0.07140236607909446
10 1 3 8 0.07140236607909446
11 1 3 9 0.07140236607909446
10 0 8 8 -0.058934842261465656
11 0 8 9 -0.058934842261465656
10 1 9 8 -0.058934842261465656
11 1 9 9 -0.058934842261465656
10 2 0 8 0.07140236607909421
11 2 0 9 0.07140236607909421
10 3 1 8 0.07140236607909421
11 3 1 9 0.07140236607909421
10 2 10 8 -0.036692176374376426
11 2 10 9 -0.036692176374376426
10 3 11 8 -0.036692176374376426
11 3 11 9 -0.036692176374376426
10 8 0 8 -0.05893484226146556
11 8 0 9 -0.05893484226146556
10 9 1 8 -0.05893484226146556
11 9 1 9 -0.05893484226146556
10 8 10 8 0.07949439965795933
11 8 10 9 0.07949439965795933
10 9 11 8 0.07949439965795933
11 9 11 9 0.07949439965795933
10 10 2 8 -0.036692176374377224
11 10 2 9 -0.036692176374377224
10 11 3 8 -0.036692176374377224
11 11 3 9 -0.036692176374377224
10 10 8 8 0.07949439965796146
11 10 8 9 0.07949439965796146
10 11 9 8 0.07949439965796146
11 11 9 9 0.07949439965796146
10 0 0 10 0.24815826560204038
11 0 0 11 0.24815826560204038
10 1 1 10 0.24815826560204038
11 1 1 11 0.24815826560204038
10 0 10 10 -0.06388953508411595
11 0 10 11 -0.06388953508411595
10 1 11 10 -0.06388953508411595
11 1 11 11 -0.06388953508411595
10 2 2 10 0.23085690611163331
11 2 2 11 0.23085690611163331
10 3 3 10 0.23085690611163331
11 3 3 11 0.23085690611163331
10 2 8 10 -0.05775378737990155
11 2 8 11 -0.05775378737990155
10 3 9 10 -0.05775378737990155
11 3 9 11 -0.05775378737990155
10 4 4 10 0.1913842600527506
11 4 4 11 0.1913842600527506
10 5 5 10 0.1913842600527506
11 5 5 11 0.1913842600527506
10 6 6 10 0.1913842600527506
11 6 6 11 0.1913842600527506
10 7 7 10 0.1913842600527506
11 7 7 11 0.1913842600527506
10 8 2 10 -0.05775378737990041
11 8 2 11 -0.05775378737990041
10 9 3 10 -0.05775378737990041
11 9 3 11 -0.05775378737990041
10 8 8 10 0.23509192672601265
11 8 8 11 0.23509192672601265
10 9 9 10 0.23509192672601265
11 9 9 11 0.23509192672601265
10 10 0 10 -0.06388953508411381
11 10 0 11 -0.06388953508411381
10 11 1 10 -0.06388953508411381
11 11 1 11 -0.06388953508411381
10 10 10 10 0.2556955580096449
11 10 10 11 0.2556955580096449
10 11 11 10 0.2556955580096449
11 11 11 11 0.2556955580096449
