-12.447487375950647
0 0 -1.1217461312908057
1 1 -1.1217461312908057
0 4 -0.023247514759513865
1 5 -0.023247514759513865
2 2 -1.0805815721573577
3 3 -1.0805815721573577
2 10 0.024816955866882318
3 11 0.024816955866882318
4 0 -0.023247514759513976
5 1 -0.023247514759513976
4 4 -0.9655843122822112
5 5 -0.9655843122822112
6 6 -0.92806661498954
7 7 -0.92806661498954
8 8 -0.92806661498954
9 9 -0.92806661498954
10 2 0.024816955866882706
11 3 0.024816955866882706
10 10 -0.8735396007930978
11 11 -0.8735396007930978
0 0 0 0 0.1589672138226149
1 0 0 1 0.1589672138226149
0 1 1 0 0.1589672138226149
1 1 1 1 0.1589672138226149
0 0 4 0 0.007775490223355415
1 0 4 1 0.007775490223355415
0 1 5 0 0.007775490223355415
1 1 5 1 0.007775490223355415
0 2 2 0 0.15581348459097513
1 2 2 1 0.15581348459097513
0 3 3 0 0.15581348459097513
1 3 3 1 0.15581348459097513
0 2 10 0 -0.009832585547009571
1 2 10 1 -0.009832585547009571
0 3 11 0 -0.009832585547009571
1 3 11 1 -0.009832585547009571
0 4 0 0 0.007775490223355393
1 4 0 1 0.007775490223355393
0 5 1 0 0.007775490223355393
1 5 1 1 0.007775490223355393
0 4 4 0 0.157760333733654
1 4 4 1 0.157760333733654
0 5 5 0 0.157760333733654
1 5 5 1 0.157760333733654
0 6 6 0 0.1645758782400314
1 6 6 1 0.1645758782400314
0 7 7 0 0.1645758782400314
1 7 7 1 0.1645758782400314
0 8 8 0 0.1645758782400314
1 8 8 1 0.1645758782400314
0 9 9 0 0.1645758782400314
1 9 9 1 0.1645758782400314
0 10 2 0 -0.009832585547009571
1 10 2 1 -0.009832585547009571
0 11 3 0 -0.009832585547009571
1 11 3 1 -0.009832585547009571
0 10 10 0 0.16895397751041336
1 10 10 1 0.16895397751041336
0 11 11 0 0.16895397751041336
1 11 11 1 0.16895397751041336
0 0 2 2 0.06468017452150397
1 0 2 3 0.06468017452150397
0 1 3 2 0.06468017452150397
1 1 3 3 0.06468017452150397
0 0 10 2 0.010769412342936298
1 0 10 3 0.010769412342936298
0 1 11 2 0.010769412342936298
1 1 11 3 0.010769412342936298
0 2 0 2 0.06468017452150397
1 2 0 3 0.06468017452150397
0 3 1 2 0.06468017452150397
1 3 1 3 0.06468017452150397
0 2 4 2 -0.05224919305121305
1 2 4 3 -0.05224919305121305
0 3 5 2 -0.05224919305121305
1 3 5 3 -0.05224919305121305
0 4 2 2 -0.05224919305121305
1 4 2 3 -0.05224919305121305
0 5 3 2 -0.05224919305121305
1 5 3 3 -0.05224919305121305
0 4 10 2 -0.059695526465543436
1 4 10 3 -0.059695526465543436
0 5 11 2 -0.059695526465543436
1 5 11 3 -0.059695526465543436
0 10 0 2 0.010769412342936303
1 10 0 3 0.010769412342936303
0 11 1 2 0.010769412342936303
1 11 1 3 0.010769412342936303
0 10 4 2 -0.059695526465543436
1 10 4 3 -0.059695526465543436
0 11 5 2 -0.059695526465543436
1 11 5 3 -0.059695526465543436
0 0 0 4 0.007775490223355375
1 0 0 5 0.007775490223355375
0 1 1 4 0.007775490223355375
1 1 1 5 0.007775490223355375
0 0 4 4 0.05036008963465054
1 0 4 5 0.05036008963465054
0 1 5 4 0.05036008963465054
1 1 5 5 0.05036008963465054
0 2 2 4 -0.024200520541555144
1 2 2 5 -0.024200520541555144
0 3 3 4 -0.024200520541555144
1 3 3 5 -0.024200520541555144
0 2 10 4 -0.047344063599938535
1 2 10 5 -0.047344063599938535
0 3 11 4 -0.047344063599938535
1 3 11 5 -0.047344063599938535
0 4 0 4 0.0503600896346505
1 4 0 5 0.0503600896346505
0 5 1 4 0.0503600896346505
1 5 1 5 0.0503600896346505
0 4 4 4 -0.016355513802551735
1 4 4 5 -0.016355513802551735
0 5 5 4 -0.016355513802551735
1 5 5 5 -0.016355513802551735
0 6 6 4 0.05059870037488048
1 6 6 5 0.05059870037488048
0 7 7 4 0.05059870037488048
1 7 7 5 0.05059870037488048
0 8 8 4 0.05059870037488048
1 8 8 5 0.05059870037488048
0 9 9 4 0.05059870037488048
1 9 9 5 0.05059870037488048
0 10 2 4 -0.04734406359993854
1 10 2 5 -0.04734406359993854
0 11 3 4 -0.04734406359993854
1 11 3 5 -0.04734406359993854
0 10 10 4 0.012128566148546124
1 10 10 5 0.012128566148546124
0 11 11 4 0.012128566148546124
1 11 11 5 0.012128566148546124
0 0 6 6 0.025602788630766562
1 0 6 7 0.025602788630766562
0 1 7 6 0.025602788630766562
1 1 7 7 0.025602788630766562
0 4 6 6 0.021829971530977817
1 4 6 7 0.021829971530977817
0 5 7 6 0.021829971530977817
1 5 7 7 0.021829971530977817
0 6 0 6 0.025602788630766562
1 6 0 7 0.025602788630766562
0 7 1 6 0.025602788630766562
1 7 1 7 0.025602788630766562
0 6 4 6 0.021829971530977817
1 6 4 7 0.021829971530977817
0 7 5 6 0.021829971530977817
1 7 5 7 0.021829971530977817
0 0 8 8 0.025602788630766562
1 0 8 9 0.025602788630766562
0 1 9 8 0.025602788630766562
1 1 9 9 0.025602788630766562
0 4 8 8 0.021829971530977817
1 4 8 9 0.021829971530977817
0 5 9 8 0.021829971530977817
1 5 9 9 0.021829971530977817
0 8 0 8 0.025602788630766562
1 8 0 9 0.025602788630766562
0 9 1 8 0.025602788630766562
1 9 1 9 0.025602788630766562
0 8 4 8 0.021829971530977817
1 8 4 9 0.021829971530977817
0 9 5 8 0.021829971530977817
1 9 5 9 0.021829971530977817
0 0 2 10 0.010769412342936303
1 0 2 11 0.010769412342936303
0 1 3 10 0.010769412342936303
1 1 3 11 0.010769412342936303
0 0 10 10 0.028895543848300453
1 0 10 11 0.028895543848300453
0 1 11 10 0.028895543848300453
1 1 11 11 0.028895543848300453
0 2 0 10 0.01076941234293631
1 2 0 11 0.01076941234293631
0 3 1 10 0.01076941234293631
1 3 1 11 0.01076941234293631
0 2 4 10 -0.03332825220836426
1 2 4 11 -0.03332825220836426
0 3 5 10 -0.03332825220836426
1 3 5 11 -0.03332825220836426
0 4 2 10 -0.03332825220836427
1 4 2 11 -0.03332825220836427
0 5 3 10 -0.03332825220836427
1 5 3 11 -0.03332825220836427
0 4 10 10 -0.01005520625194171
1 4 10 11 -0.01005520625194171
0 5 11 10 -0.01005520625194171
1 5 11 11 -0.01005520625194171
0 10 0 10 0.028895543848300457
1 10 0 11 0.028895543848300457
0 11 1 10 0.028895543848300457
1 11 1 11 0.028895543848300457
0 10 4 10 -0.010055206251941708
1 10 4 11 -0.010055206251941708
0 11 5 10 -0.010055206251941708
1 11 5 11 -0.010055206251941708
2 0 2 0 0.06468017452150399
3 0 2 1 0.06468017452150399
2 1 3 0 0.06468017452150399
3 1 3 1 0.06468017452150399
2 0 10 0 0.010769412342936293
3 0 10 1 0.010769412342936293
2 1 11 0 0.010769412342936293
3 1 11 1 0.010769412342936293
2 2 0 0 0.06468017452150399
3 2 0 1 0.06468017452150399
2 3 1 0 0.06468017452150399
3 3 1 1 0.06468017452150399
2 2 4 0 -0.05224919305121305
3 2 4 1 -0.05224919305121305
2 3 5 0 -0.05224919305121305
3 3 5 1 -0.05224919305121305
2 4 2 0 -0.05224919305121305
3 4 2 1 -0.05224919305121305
2 5 3 0 -0.05224919305121305
3 5 3 1 -0.05224919305121305
2 4 10 0 -0.059695526465543436
3 4 10 1 -0.059695526465543436
2 5 11 0 -0.059695526465543436
3 5 11 1 -0.059695526465543436
2 10 0 0 0.010769412342936303
3 10 0 1 0.010769412342936303
2 11 1 0 0.010769412342936303
3 11 1 1 0.010769412342936303
2 10 4 0 -0.059695526465543436
3 10 4 1 -0.059695526465543436
2 11 5 0 -0.059695526465543436
3 11 5 1 -0.059695526465543436
2 0 0 2 0.15581348459097513
3 0 0 3 0.15581348459097513
2 1 1 2 0.15581348459097513
3 1 1 3 0.15581348459097513
2 0 4 2 -0.024200520541555127
3 0 4 3 -0.024200520541555127
2 1 5 2 -0.024200520541555127
3 1 5 3 -0.024200520541555127
2 2 2 2 0.17402813147777696
3 2 2 3 0.17402813147777696
2 3 3 2 0.17402813147777696
3 3 3 3 0.17402813147777696
2 2 10 2 0.01802647107873169
3 2 10 3 0.01802647107873169
2 3 11 2 0.01802647107873169
3 3 11 3 0.01802647107873169
2 4 0 2 -0.024200520541555123
3 4 0 3 -0.024200520541555123
2 5 1 2 -0.024200520541555123
3 5 1 3 -0.024200520541555123
2 4 4 2 0.16910792745675324
3 4 4 3 0.16910792745675324
2 5 5 2 0.16910792745675324
3 5 5 3 0.16910792745675324
2 6 6 2 0.13236920054981632
3 6 6 3 0.13236920054981632
2 7 7 2 0.13236920054981632
3 7 7 3 0.13236920054981632
2 8 8 2 0.13236920054981632
3 8 8 3 0.13236920054981632
2 9 9 2 0.13236920054981632
3 9 9 3 0.13236920054981632
2 10 2 2 0.018026471078731694
3 10 2 3 0.018026471078731694
2 11 3 2 0.018026471078731694
3 11 3 3 0.018026471078731694
2 10 10 2 0.16553199233161178
3 10 10 3 0.16553199233161178
2 11 11 2 0.16553199233161178
3 11 11 3 0.16553199233161178
2 0 2 4 -0.05224919305121305
3 0 2 5 -0.05224919305121305
2 1 3 4 -0.05224919305121305
3 1 3 5 -0.05224919305121305
2 0 10 4 -0.03332825220836426
3 0 10 5 -0.03332825220836426
2 1 11 4 -0.03332825220836426
3 1 11 5 -0.03332825220836426
2 2 0 4 -0.05224919305121306
3 2 0 5 -0.05224919305121306
2 3 1 4 -0.05224919305121306
3 3 1 5 -0.05224919305121306
2 2 4 4 0.06463371762726713
3 2 4 5 0.06463371762726713
2 3 5 4 0.06463371762726713
3 3 5 5 0.06463371762726713
2 4 2 4 0.06463371762726716
3 4 2 5 0.06463371762726716
2 5 3 4 0.06463371762726716
3 5 3 5 0.06463371762726716
2 4 10 4 0.04864042829134804
3 4 10 5 0.04864042829134804
2 5 11 4 0.04864042829134804
3 5 11 5 0.04864042829134804
2 10 0 4 -0.03332825220836427
3 10 0 5 -0.03332825220836427
2 11 1 4 -0.03332825220836427
3 11 1 5 -0.03332825220836427
2 10 4 4 0.04864042829134804
3 10 4 5 0.04864042829134804
2 11 5 4 0.04864042829134804
3 11 5 5 0.04864042829134804
2 2 6 6 0.0036808437390234566
3 2 6 7 0.0036808437390234566
2 3 7 6 0.0036808437390234566
3 3 7 7 0.0036808437390234566
2 6 2 6 0.0036808437390234566
3 6 2 7 0.0036808437390234566
2 7 3 6 0.0036808437390234566
3 7 3 7 0.0036808437390234566
2 6 10 6 -0.005653948841453746
3 6 10 7 -0.005653948841453746
2 7 11 6 -0.005653948841453746
3 7 11 7 -0.005653948841453746
2 10 6 6 -0.005653948841453746
3 10 6 7 -0.005653948841453746
2 11 7 6 -0.005653948841453746
3 11 7 7 -0.005653948841453746
2 2 8 8 0.0036808437390234566
3 2 8 9 0.0036808437390234566
2 3 9 8 0.0036808437390234566
3 3 9 9 0.0036808437390234566
2 8 2 8 0.0036808437390234566
3 8 2 9 0.0036808437390234566
2 9 3 8 0.0036808437390234566
3 9 3 9 0.0036808437390234566
2 8 10 8 -0.005653948841453746
3 8 10 9 -0.005653948841453746
2 9 11 8 -0.005653948841453746
3 9 11 9 -0.005653948841453746
2 10 8 8 -0.005653948841453746
3 10 8 9 -0.005653948841453746
2 11 9 8 -0.005653948841453746
3 11 9 9 -0.005653948841453746
2 0 0 10 -0.009832585547009585
3 0 0 11 -0.009832585547009585
2 1 1 10 -0.009832585547009585
3 1 1 11 -0.009832585547009585
2 0 4 10 -0.047344063599938556
3 0 4 11 -0.047344063599938556
2 1 5 10 -0.047344063599938556
3 1 5 11 -0.047344063599938556
2 2 2 10 0.018026471078731676
3 2 2 11 0.018026471078731676
2 3 3 10 0.018026471078731676
3 3 3 11 0.018026471078731676
2 2 10 10 0.04920631599590035
3 2 10 11 0.04920631599590035
2 3 11 10 0.04920631599590035
3 3 11 11 0.04920631599590035
2 4 0 10 -0.04734406359993854
3 4 0 11 -0.04734406359993854
2 5 1 10 -0.04734406359993854
3 5 1 11 -0.04734406359993854
2 4 4 10 0.015070239120817452
3 4 4 11 0.015070239120817452
2 5 5 10 0.015070239120817452
3 5 5 11 0.015070239120817452
2 6 6 10 -0.04589124942056487
3 6 6 11 -0.04589124942056487
2 7 7 10 -0.04589124942056487
3 7 7 11 -0.04589124942056487
2 8 8 10 -0.04589124942056487
3 8 8 11 -0.04589124942056487
2 9 9 10 -0.04589124942056487
3 9 9 11 -0.04589124942056487
2 10 2 10 0.04920631599590034
3 10 2 11 0.04920631599590034
2 11 3 10 0.04920631599590034
3 11 3 11 0.04920631599590034
2 10 10 10 -0.0183581661985182
3 10 10 11 -0.0183581661985182
2 11 11 10 -0.0183581661985182
3 11 11 11 -0.0183581661985182
4 0 0 0 0.007775490223355386
5 0 0 1 0.007775490223355386
4 1 1 0 0.007775490223355386
5 1 1 1 0.007775490223355386
4 0 4 0 0.05036008963465052
5 0 4 1 0.05036008963465052
4 1 5 0 0.05036008963465052
5 1 5 1 0.05036008963465052
4 2 2 0 -0.024200520541555144
5 2 2 1 -0.024200520541555144
4 3 3 0 -0.024200520541555144
5 3 3 1 -0.024200520541555144
4 2 10 0 -0.047344063599938535
5 2 10 1 -0.047344063599938535
4 3 11 0 -0.047344063599938535
5 3 11 1 -0.047344063599938535
4 4 0 0 0.050360089634650496
5 4 0 1 0.050360089634650496
4 5 1 0 0.050360089634650496
5 5 1 1 0.050360089634650496
4 4 4 0 -0.01635551380255172
5 4 4 1 -0.01635551380255172
4 5 5 0 -0.01635551380255172
5 5 5 1 -0.01635551380255172
4 6 6 0 0.050598700374880456
5 6 6 1 0.050598700374880456
4 7 7 0 0.050598700374880456
5 7 7 1 0.050598700374880456
4 8 8 0 0.050598700374880456
5 8 8 1 0.050598700374880456
4 9 9 0 0.050598700374880456
5 9 9 1 0.050598700374880456
4 10 2 0 -0.047344063599938535
5 10 2 1 -0.047344063599938535
4 11 3 0 -0.047344063599938535
5 11 3 1 -0.047344063599938535
4 10 10 0 0.012128566148546134
5 10 10 1 0.012128566148546134
4 11 11 0 0.012128566148546134
5 11 11 1 0.012128566148546134
4 0 2 2 -0.052249193051213054
5 0 2 3 -0.052249193051213054
4 1 3 2 -0.052249193051213054
5 1 3 3 -0.052249193051213054
4 0 10 2 -0.03332825220836426
5 0 10 3 -0.03332825220836426
4 1 11 2 -0.03332825220836426
5 1 11 3 -0.03332825220836426
4 2 0 2 -0.052249193051213054
5 2 0 3 -0.052249193051213054
4 3 1 2 -0.052249193051213054
5 3 1 3 -0.052249193051213054
4 2 4 2 0.06463371762726713
5 2 4 3 0.06463371762726713
4 3 5 2 0.06463371762726713
5 3 5 3 0.06463371762726713
4 4 2 2 0.06463371762726716
5 4 2 3 0.06463371762726716
4 5 3 2 0.06463371762726716
5 5 3 3 0.06463371762726716
4 4 10 2 0.048640428291348056
5 4 10 3 0.048640428291348056
4 5 11 2 0.048640428291348056
5 5 11 3 0.048640428291348056
4 10 0 2 -0.03332825220836427
5 10 0 3 -0.03332825220836427
4 11 1 2 -0.03332825220836427
5 11 1 3 -0.03332825220836427
4 10 4 2 0.04864042829134805
5 10 4 3 0.04864042829134805
4 11 5 2 0.04864042829134805
5 11 5 3 0.04864042829134805
4 0 0 4 0.15776033373365397
5 0 0 5 0.15776033373365397
4 1 1 4 0.15776033373365397
5 1 1 5 0.15776033373365397
4 0 4 4 -0.016355513802551746
5 0 4 5 -0.016355513802551746
4 1 5 4 -0.016355513802551746
5 1 5 5 -0.016355513802551746
4 2 2 4 0.16910792745675327
5 2 2 5 0.16910792745675327
4 3 3 4 0.16910792745675327
5 3 3 5 0.16910792745675327
4 2 10 4 0.015070239120817445
5 2 10 5 0.015070239120817445
4 3 11 4 0.015070239120817445
5 3 11 5 0.015070239120817445
4 4 0 4 -0.01635551380255175
5 4 0 5 -0.01635551380255175
4 5 1 4 -0.01635551380255175
5 5 1 5 -0.01635551380255175
4 4 4 4 0.17067878164825306
5 4 4 5 0.17067878164825306
4 5 5 4 0.17067878164825306
5 5 5 5 0.17067878164825306
4 6 6 4 0.14545132330829125
5 6 6 5 0.14545132330829125
4 7 7 4 0.14545132330829125
5 7 7 5 0.14545132330829125
4 8 8 4 0.14545132330829125
5 8 8 5 0.14545132330829125
4 9 9 4 0.14545132330829125
5 9 9 5 0.14545132330829125
4 10 2 4 0.015070239120817445
5 10 2 5 0.015070239120817445
4 11 3 4 0.015070239120817445
5 11 3 5 0.015070239120817445
4 10 10 4 0.16651042607159572
5 10 10 5 0.16651042607159572
4 11 11 4 0.16651042607159572
5 11 11 5 0.16651042607159572
4 0 6 6 0.02182997153097782
5 0 6 7 0.02182997153097782
4 1 7 6 0.02182997153097782
5 1 7 7 0.02182997153097782
4 4 6 6 0.018841846373036184
5 4 6 7 0.018841846373036184
4 5 7 6 0.018841846373036184
5 5 7 7 0.018841846373036184
4 6 0 6 0.02182997153097782
5 6 0 7 0.02182997153097782
4 7 1 6 0.02182997153097782
5 7 1 7 0.02182997153097782
4 6 4 6 0.018841846373036184
5 6 4 7 0.018841846373036184
4 7 5 6 0.018841846373036184
5 7 5 7 0.018841846373036184
4 0 8 8 0.02182997153097782
5 0 8 9 0.02182997153097782
4 1 9 8 0.02182997153097782
5 1 9 9 0.02182997153097782
4 4 8 8 0.018841846373036184
5 4 8 9 0.018841846373036184
4 5 9 8 0.018841846373036184
5 5 9 9 0.018841846373036184
4 8 0 8 0.02182997153097782
5 8 0 9 0.02182997153097782
4 9 1 8 0.02182997153097782
5 9 1 9 0.02182997153097782
4 8 4 8 0.018841846373036184
5 8 4 9 0.018841846373036184
4 9 5 8 0.018841846373036184
5 9 5 9 0.018841846373036184
4 0 2 10 -0.05969552646554345
5 0 2 11 -0.05969552646554345
4 1 3 10 -0.05969552646554345
5 1 3 11 -0.05969552646554345
4 0 10 10 -0.010055206251941708
5 0 10 11 -0.010055206251941708
4 1 11 10 -0.010055206251941708
5 1 11 11 -0.010055206251941708
4 2 0 10 -0.05969552646554345
5 2 0 11 -0.05969552646554345
4 3 1 10 -0.05969552646554345
5 3 1 11 -0.05969552646554345
4 2 4 10 0.04864042829134804
5 2 4 11 0.04864042829134804
4 3 5 10 0.04864042829134804
5 3 5 11 0.04864042829134804
4 4 2 10 0.04864042829134804
5 4 2 11 0.04864042829134804
4 5 3 10 0.04864042829134804
5 5 3 11 0.04864042829134804
4 4 10 10 0.05761191433665636
5 4 10 11 0.05761191433665636
4 5 11 10 0.05761191433665636
5 5 11 11 0.05761191433665636
4 10 0 10 -0.010055206251941723
5 10 0 11 -0.010055206251941723
4 11 1 10 -0.010055206251941723
5 11 1 11 -0.010055206251941723
4 10 4 10 0.057611914336656356
5 10 4 11 0.057611914336656356
4 11 5 10 0.057611914336656356
5 11 5 11 0.057611914336656356
6 0 6 0 0.025602788630766562
7 0 6 1 0.025602788630766562
6 1 7 0 0.025602788630766562
7 1 7 1 0.025602788630766562
6 4 6 0 0.021829971530977817
7 4 6 1 0.021829971530977817
6 5 7 0 0.021829971530977817
7 5 7 1 0.021829971530977817
6 6 0 0 0.025602788630766562
7 6 0 1 0.025602788630766562
6 7 1 0 0.025602788630766562
7 7 1 1 0.025602788630766562
6 6 4 0 0.021829971530977817
7 6 4 1 0.021829971530977817
6 7 5 0 0.021829971530977817
7 7 5 1 0.021829971530977817
6 2 6 2 0.0036808437390234566
7 2 6 3 0.0036808437390234566
6 3 7 2 0.0036808437390234566
7 3 7 3 0.0036808437390234566
6 6 2 2 0.0036808437390234566
7 6 2 3 0.0036808437390234566
6 7 3 2 0.0036808437390234566
7 7 3 3 0.0036808437390234566
6 6 10 2 -0.005653948841453746
7 6 10 3 -0.005653948841453746
6 7 11 2 -0.005653948841453746
7 7 11 3 -0.005653948841453746
6 10 6 2 -0.005653948841453746
7 10 6 3 -0.005653948841453746
6 11 7 2 -0.005653948841453746
7 11 7 3 -0.005653948841453746
6 0 6 4 0.02182997153097782
7 0 6 5 0.02182997153097782
6 1 7 4 0.02182997153097782
7 1 7 5 0.02182997153097782
6 4 6 4 0.018841846373036184
7 4 6 5 0.018841846373036184
6 5 7 4 0.018841846373036184
7 5 7 5 0.018841846373036184
6 6 0 4 0.02182997153097782
7 6 0 5 0.02182997153097782
6 7 1 4 0.02182997153097782
7 7 1 5 0.02182997153097782
6 6 4 4 0.018841846373036184
7 6 4 5 0.018841846373036184
6 7 5 4 0.018841846373036184
7 7 5 5 0.018841846373036184
6 0 0 6 0.1645758782400314
7 0 0 7 0.1645758782400314
6 1 1 6 0.1645758782400314
7 1 1 7 0.1645758782400314
6 0 4 6 0.05059870037488048
7 0 4 7 0.05059870037488048
6 1 5 6 0.05059870037488048
7 1 5 7 0.05059870037488048
6 2 2 6 0.13236920054981632
7 2 2 7 0.13236920054981632
6 3 3 6 0.13236920054981632
7 3 3 7 0.13236920054981632
6 2 10 6 -0.04589124942056487
7 2 10 7 -0.04589124942056487
6 3 11 6 -0.04589124942056487
7 3 11 7 -0.04589124942056487
6 4 0 6 0.050598700374880456
7 4 0 7 0.050598700374880456
6 5 1 6 0.050598700374880456
7 5 1 7 0.050598700374880456
6 4 4 6 0.14545132330829125
7 4 4 7 0.14545132330829125
6 5 5 6 0.14545132330829125
7 5 5 7 0.14545132330829125
6 6 6 6 0.224929545
7 6 6 7 0.224929545
6 7 7 6 0.224929545
7 7 7 7 0.224929545
6 8 8 6 0.2006801625
7 8 8 7 0.2006801625
6 9 9 6 0.2006801625
7 9 9 7 0.2006801625
6 10 2 6 -0.04589124942056486
7 10 2 7 -0.04589124942056486
6 11 3 6 -0.04589124942056486
7 11 3 7 -0.04589124942056486
6 10 10 6 0.17544399639397695
7 10 10 7 0.17544399639397695
6 11 11 6 0.17544399639397695
7 11 11 7 0.17544399639397695
6 6 8 8 0.0121246915
7 6 8 9 0.0121246915
6 7 9 8 0.0121246915
7 7 9 9 0.0121246915
6 8 6 8 0.0121246915
7 8 6 9 0.0121246915
6 9 7 8 0.0121246915
7 9 7 9 0.0121246915
6 2 6 10 -0.005653948841453745
7 2 6 11 -0.005653948841453745
6 3 7 10 -0.005653948841453745
7 3 7 11 -0.005653948841453745
6 6 2 10 -0.005653948841453745
7 6 2 11 -0.005653948841453745
6 7 3 10 -0.005653948841453745
7 7 3 11 -0.005653948841453745
6 6 10 10 0.0090409515876296
7 6 10 11 0.0090409515876296
6 7 11 10 0.0090409515876296
7 7 11 11 0.0090409515876296
6 10 6 10 0.0090409515876296
7 10 6 11 0.0090409515876296
6 11 7 10 0.0090409515876296
7 11 7 11 0.0090409515876296
8 0 8 0 0.025602788630766562
9 0 8 1 0.025602788630766562
8 1 9 0 0.025602788630766562
9 1 9 1 0.025602788630766562
8 4 8 0 0.021829971530977817
9 4 8 1 0.021829971530977817
8 5 9 0 0.021829971530977817
9 5 9 1 0.021829971530977817
8 8 0 0 0.025602788630766562
9 8 0 1 0.025602788630766562
8 9 1 0 0.025602788630766562
9 9 1 1 0.025602788630766562
8 8 4 0 0.021829971530977817
9 8 4 1 0.021829971530977817
8 9 5 0 0.021829971530977817
9 9 5 1 0.021829971530977817
8 2 8 2 0.0036808437390234566
9 2 8 3 0.0036808437390234566
8 3 9 2 0.0036808437390234566
9 3 9 3 0.0036808437390234566
8 8 2 2 0.0036808437390234566
9 8 2 3 0.0036808437390234566
8 9 3 2 0.0036808437390234566
9 9 3 3 0.0036808437390234566
8 8 10 2 -0.005653948841453746
9 8 10 3 -0.005653948841453746
8 9 11 2 -0.005653948841453746
9 9 11 3 -0.005653948841453746
8 10 8 2 -0.005653948841453746
9 10 8 3 -0.005653948841453746
8 11 9 2 -0.005653948841453746
9 11 9 3 -0.005653948841453746
8 0 8 4 0.02182997153097782
9 0 8 5 0.02182997153097782
8 1 9 4 0.02182997153097782
9 1 9 5 0.02182997153097782
8 4 8 4 0.018841846373036184
9 4 8 5 0.018841846373036184
8 5 9 4 0.018841846373036184
9 5 9 5 0.018841846373036184
8 8 0 4 0.02182997153097782
9 8 0 5 0.02182997153097782
8 9 1 4 0.02182997153097782
9 9 1 5 0.02182997153097782
8 8 4 4 0.018841846373036184
9 8 4 5 0.018841846373036184
8 9 5 4 0.018841846373036184
9 9 5 5 0.018841846373036184
8 6 8 6 0.0121246915
9 6 8 7 0.0121246915
8 7 9 6 0.0121246915
9 7 9 7 0.0121246915
8 8 6 6 0.0121246915
9 8 6 7 0.0121246915
8 9 7 6 0.0121246915
9 9 7 7 0.0121246915
8 0 0 8 0.1645758782400314
9 0 0 9 0.1645758782400314
8 1 1 8 0.1645758782400314
9 1 1 9 0.1645758782400314
8 0 4 8 0.05059870037488048
9 0 4 9 0.05059870037488048
8 1 5 8 0.05059870037488048
9 1 5 9 0.05059870037488048
8 2 2 8 0.13236920054981632
9 2 2 9 0.13236920054981632
8 3 3 8 0.13236920054981632
9 3 3 9 0.13236920054981632
8 2 10 8 -0.04589124942056487
9 2 10 9 -0.04589124942056487
8 3 11 8 -0.04589124942056487
9 3 11 9 -0.04589124942056487
8 4 0 8 0.050598700374880456
9 4 0 9 0.050598700374880456
8 5 1 8 0.050598700374880456
9 5 1 9 0.050598700374880456
8 4 4 8 0.14545132330829125
9 4 4 9 0.14545132330829125
8 5 5 8 0.14545132330829125
9 5 5 9 0.14545132330829125
8 6 6 8 0.2006801625
9 6 6 9 0.2006801625
8 7 7 8 0.2006801625
9 7 7 9 0.2006801625
8 8 8 8 0.224929545
9 8 8 9 0.224929545
8 9 9 8 0.224929545
9 9 9 9 0.224929545
8 10 2 8 -0.04589124942056486
9 10 2 9 -0.04589124942056486
8 11 3 8 -0.04589124942056486
9 11 3 9 -0.04589124942056486
8 10 10 8 0.17544399639397695
9 10 10 9 0.17544399639397695
8 11 11 8 0.17544399639397695
9 11 11 9 0.17544399639397695
8 2 8 10 -0.005653948841453745
9 2 8 11 -0.005653948841453745
8 3 9 10 -0.005653948841453745
9 3 9 11 -0.005653948841453745
8 8 2 10 -0.005653948841453745
9 8 2 11 -0.005653948841453745
8 9 3 10 -0.005653948841453745
9 9 3 11 -0.005653948841453745
8 8 10 10 0.0090409515876296
9 8 10 11 0.0090409515876296
8 9 11 10 0.0090409515876296
9 9 11 11 0.0090409515876296
8 10 8 10 0.0090409515876296
9 10 8 11 0.0090409515876296
8 11 9 10 0.0090409515876296
9 11 9 11 0.0090409515876296
10 0 2 0 0.010769412342936303
11 0 2 1 0.010769412342936303
10 1 3 0 0.010769412342936303
11 1 3 1 0.010769412342936303
10 0 10 0 0.028895543848300453
11 0 10 1 0.028895543848300453
10 1 11 0 0.028895543848300453
11 1 11 1 0.028895543848300453
10 2 0 0 0.01076941234293631
11 2 0 1 0.01076941234293631
10 3 1 0 0.01076941234293631
11 3 1 1 0.01076941234293631
10 2 4 0 -0.033328252208364266
11 2 4 1 -0.033328252208364266
10 3 5 0 -0.033328252208364266
11 3 5 1 -0.033328252208364266
10 4 2 0 -0.033328252208364266
11 4 2 1 -0.033328252208364266
10 5 3 0 -0.033328252208364266
11 5 3 1 -0.033328252208364266
10 4 10 0 -0.010055206251941711
11 4 10 1 -0.010055206251941711
10 5 11 0 -0.010055206251941711
11 5 11 1 -0.010055206251941711
10 10 0 0 0.028895543848300453
11 10 0 1 0.028895543848300453
10 11 1 0 0.028895543848300453
11 11 1 1 0.028895543848300453
10 10 4 0 -0.010055206251941708
11 10 4 1 -0.010055206251941708
10 11 5 0 -0.010055206251941708
11 11 5 1 -0.010055206251941708
10 0 0 2 -0.009832585547009581
11 0 0 3 -0.009832585547009581
10 1 1 2 -0.009832585547009581
11 1 1 3 -0.009832585547009581
10 0 4 2 -0.04734406359993856
11 0 4 3 -0.04734406359993856
10 1 5 2 -0.04734406359993856
11 1 5 3 -0.04734406359993856
10 2 2 2 0.018026471078731683
11 2 2 3 0.018026471078731683
10 3 3 2 0.018026471078731683
11 3 3 3 0.018026471078731683
10 2 10 2 0.04920631599590035
11 2 10 3 0.04920631599590035
10 3 11 2 0.04920631599590035
11 3 11 3 0.04920631599590035
10 4 0 2 -0.04734406359993855
11 4 0 3 -0.04734406359993855
10 5 1 2 -0.04734406359993855
11 5 1 3 -0.04734406359993855
10 4 4 2 0.015070239120817439
11 4 4 3 0.015070239120817439
10 5 5 2 0.015070239120817439
11 5 5 3 0.015070239120817439
10 6 6 2 -0.04589124942056486
11 6 6 3 -0.04589124942056486
10 7 7 2 -0.04589124942056486
11 7 7 3 -0.04589124942056486
10 8 8 2 -0.04589124942056486
11 8 8 3 -0.04589124942056486
10 9 9 2 -0.04589124942056486
11 9 9 3 -0.04589124942056486
10 10 2 2 0.049206315995900335
11 10 2 3 0.049206315995900335
10 11 3 2 0.049206315995900335
11 11 3 3 0.049206315995900335
10 10 10 2 -0.018358166198518204
11 10 10 3 -0.018358166198518204
10 11 11 2 -0.018358166198518204
11 11 11 3 -0.018358166198518204
10 0 2 4 -0.059695526465543436
11 0 2 5 -0.059695526465543436
10 1 3 4 -0.059695526465543436
11 1 3 5 -0.059695526465543436
10 0 10 4 -0.01005520625194171
11 0 10 5 -0.01005520625194171
10 1 11 4 -0.01005520625194171
11 1 11 5 -0.01005520625194171
10 2 0 4 -0.05969552646554344
11 2 0 5 -0.05969552646554344
10 3 1 4 -0.05969552646554344
11 3 1 5 -0.05969552646554344
10 2 4 4 0.048640428291348035
11 2 4 5 0.048640428291348035
10 3 5 4 0.048640428291348035
11 3 5 5 0.048640428291348035
10 4 2 4 0.04864042829134805
11 4 2 5 0.04864042829134805
10 5 3 4 0.04864042829134805
11 5 3 5 0.04864042829134805
10 4 10 4 0.05761191433665637
11 4 10 5 0.05761191433665637
10 5 11 4 0.05761191433665637
11 5 11 5 0.05761191433665637
10 10 0 4 -0.01005520625194172
11 10 0 5 -0.01005520625194172
10 11 1 4 -0.01005520625194172
11 11 1 5 -0.01005520625194172
10 10 4 4 0.057611914336656356
11 10 4 5 0.057611914336656356
10 11 5 4 0.057611914336656356
11 11 5 5 0.057611914336656356
10 2 6 6 -0.005653948841453745
11 2 6 7 -0.005653948841453745
10 3 7 6 -0.005653948841453745
11 3 7 7 -0.005653948841453745
10 6 2 6 -0.005653948841453745
11 6 2 7 -0.005653948841453745
10 7 3 6 -0.005653948841453745
11 7 3 7 -0.005653948841453745
10 6 10 6 0.0090409515876296
11 6 10 7 0.0090409515876296
10 7 11 6 0.0090409515876296
11 7 11 7 0.0090409515876296
10 10 6 6 0.0090409515876296
11 10 6 7 0.0090409515876296
10 11 7 6 0.0090409515876296
11 11 7 7 0.0090409515876296
10 2 8 8 -0.005653948841453745
11 2 8 9 -0.005653948841453745
10 3 9 8 -0.005653948841453745
11 3 9 9 -0.005653948841453745
10 8 2 8 -0.005653948841453745
11 8 2 9 -0.005653948841453745
10 9 3 8 -0.005653948841453745
11 9 3 9 -0.005653948841453745
10 8 10 8 0.0090409515876296
11 8 10 9 0.0090409515876296
10 9 11 8 0.0090409515876296
11 9 11 9 0.0090409515876296
10 10 8 8 0.0090409515876296
11 10 8 9 0.0090409515876296
10 11 9 8 0.0090409515876296
11 11 9 9 0.0090409515876296
10 0 0 10 0.16895397751041336
11 0 0 11 0.16895397751041336
10 1 1 10 0.16895397751041336
11 1 1 11 0.16895397751041336
10 0 4 10 0.012128566148546124
11 0 4 11 0.012128566148546124
10 1 5 10 0.012128566148546124
11 1 5 11 0.012128566148546124
10 2 2 10 0.16553199233161178
11 2 2 11 0.16553199233161178
10 3 3 10 0.16553199233161178
11 3 3 11 0.16553199233161178
10 2 10 10 -0.01835816619851821
11 2 10 11 -0.01835816619851821
10 3 11 10 -0.01835816619851821
11 3 11 11 -0.01835816619851821
10 4 0 10 0.01212856614854613
11 4 0 11 0.01212856614854613
10 5 1 10 0.01212856614854613
11 5 1 11 0.01212856614854613
10 4 4 10 0.1665104260715957
11 4 4 11 0.1665104260715957
10 5 5 10 0.1665104260715957
11 5 5 11 0.1665104260715957
10 6 6 10 0.17544399639397695
11 6 6 11 0.17544399639397695
10 7 7 10 0.17544399639397695
11 7 7 11 0.17544399639397695
10 8 8 10 0.17544399639397695
11 8 8 11 0.17544399639397695
10 9 9 10 0.17544399639397695
11 9 9 11 0.17544399639397695
10 10 2 10 -0.018358166198518207
11 10 2 11 -0.018358166198518207
10 11 3 10 -0.018358166198518207
11 11 3 11 -0.018358166198518207
10 10 10 10 0.18923094804354057
11 10 10 11 0.18923094804354057
10 11 11 10 0.18923094804354057
11 11 11 11 0.18923094804354057
