-12.759296523121586
0 0 -0.9583561315938867
1 1 -0.9583561315938867
0 4 0.019563463511213658
1 5 0.019563463511213658
2 2 -0.8526435461082211
3 3 -0.8526435461082211
2 10 0.017483266461928992
3 11 0.017483266461928992
4 0 0.019563463511213575
5 1 0.019563463511213575
4 4 -0.8457439891297835
5 5 -0.8457439891297835
6 6 -0.8058328381310311
7 7 -0.8058328381310311
8 8 -0.8058328381310311
9 9 -0.8058328381310311
10 2 0.017483266461928965
11 3 0.017483266461928965
10 10 -0.8183515280421723
11 11 -0.8183515280421723
0 0 0 0 0.18317395204094336
1 0 0 1 0.18317395204094336
0 1 1 0 0.18317395204094336
1 1 1 1 0.18317395204094336
0 0 4 0 -0.02914724088337558
1 0 4 1 -0.02914724088337558
0 1 5 0 -0.02914724088337558
1 1 5 1 -0.02914724088337558
0 2 2 0 0.0906545226676084
1 2 2 1 0.0906545226676084
0 3 3 0 0.0906545226676084
1 3 3 1 0.0906545226676084
0 2 10 0 -0.022497234997941134
1 2 10 1 -0.022497234997941134
0 3 11 0 -0.022497234997941134
1 3 11 1 -0.022497234997941134
0 4 0 0 -0.029147240883375565
1 4 0 1 -0.029147240883375565
0 5 1 0 -0.029147240883375565
1 5 1 1 -0.029147240883375565
0 4 4 0 0.09454203993296673
1 4 4 1 0.09454203993296673
0 5 5 0 0.09454203993296673
1 5 5 1 0.09454203993296673
0 6 6 0 0.19409336614749856
1 6 6 1 0.19409336614749856
0 7 7 0 0.19409336614749856
1 7 7 1 0.19409336614749856
0 8 8 0 0.19409336614749856
1 8 8 1 0.19409336614749856
0 9 9 0 0.19409336614749856
1 9 9 1 0.19409336614749856
0 10 2 0 -0.022497234997941137
1 10 2 1 -0.022497234997941137
0 11 3 0 -0.022497234997941137
1 11 3 1 -0.022497234997941137
0 10 10 0 0.19016914835058604
1 10 10 1 0.19016914835058604
0 11 11 0 0.19016914835058604
1 11 11 1 0.19016914835058604
0 0 2 2 0.016117132232411846
1 0 2 3 0.016117132232411846
0 1 3 2 0.016117132232411846
1 1 3 3 0.016117132232411846
0 0 10 2 -0.009001111609186008
1 0 10 3 -0.009001111609186008
0 1 11 2 -0.009001111609186008
1 1 11 3 -0.009001111609186008
0 2 0 2 0.016117132232411846
1 2 0 3 0.016117132232411846
0 3 1 2 0.016117132232411846
1 3 1 3 0.016117132232411846
0 2 4 2 0.0459534434002504
1 2 4 3 0.0459534434002504
0 3 5 2 0.0459534434002504
1 3 5 3 0.0459534434002504
0 4 2 2 0.04595344340025041
1 4 2 3 0.04595344340025041
0 5 3 2 0.04595344340025041
1 5 3 3 0.04595344340025041
0 4 10 2 0.014319791298083247
1 4 10 3 0.014319791298083247
0 5 11 2 0.014319791298083247
1 5 11 3 0.014319791298083247
0 10 0 2 -0.00900111160918601
1 10 0 3 -0.00900111160918601
0 11 1 2 -0.00900111160918601
1 11 1 3 -0.00900111160918601
0 10 4 2 0.014319791298083244
1 10 4 3 0.014319791298083244
0 11 5 2 0.014319791298083244
1 11 5 3 0.014319791298083244
0 0 0 4 -0.02914724088337556
1 0 0 5 -0.02914724088337556
0 1 1 4 -0.02914724088337556
1 1 1 5 -0.02914724088337556
0 0 4 4 0.019043534138090526
1 0 4 5 0.019043534138090526
0 1 5 4 0.019043534138090526
1 1 5 5 0.019043534138090526
0 2 2 4 0.03265941198484608
1 2 2 5 0.03265941198484608
0 3 3 4 0.03265941198484608
1 3 3 5 0.03265941198484608
0 2 10 4 0.015245575864648407
1 2 10 5 0.015245575864648407
0 3 11 4 0.015245575864648407
1 3 11 5 0.015245575864648407
0 4 0 4 0.019043534138090526
1 4 0 5 0.019043534138090526
0 5 1 4 0.019043534138090526
1 5 1 5 0.019043534138090526
0 4 4 4 0.030548507823338504
1 4 4 5 0.030548507823338504
0 5 5 4 0.030548507823338504
1 5 5 5 0.030548507823338504
0 6 6 4 -0.036083627207175145
1 6 6 5 -0.036083627207175145
0 7 7 4 -0.036083627207175145
1 7 7 5 -0.036083627207175145
0 8 8 4 -0.036083627207175145
1 8 8 5 -0.036083627207175145
0 9 9 4 -0.036083627207175145
1 9 9 5 -0.036083627207175145
0 10 2 4 0.01524557586464841
1 10 2 5 0.01524557586464841
0 11 3 4 0.01524557586464841
1 11 3 5 0.01524557586464841
0 10 10 4 -0.03079139596987495
1 10 10 5 -0.03079139596987495
0 11 11 4 -0.03079139596987495
1 11 11 5 -0.03079139596987495
0 0 6 6 0.03974985961369298
1 0 6 7 0.03974985961369298
0 1 7 6 0.03974985961369298
1 1 7 7 0.03974985961369298
0 4 6 6 -0.012126900872537231
1 4 6 7 -0.012126900872537231
0 5 7 6 -0.012126900872537231
1 5 7 7 -0.012126900872537231
0 6 0 6 0.03974985961369298
1 6 0 7 0.03974985961369298
0 7 1 6 0.03974985961369298
1 7 1 7 0.03974985961369298
0 6 4 6 -0.012126900872537231
1 6 4 7 -0.012126900872537231
0 7 5 6 -0.012126900872537231
1 7 5 7 -0.012126900872537231
0 0 8 8 0.03974985961369298
1 0 8 9 0.03974985961369298
0 1 9 8 0.03974985961369298
1 1 9 9 0.03974985961369298
0 4 8 8 -0.012126900872537231
1 4 8 9 -0.012126900872537231
0 5 9 8 -0.012126900872537231
1 5 9 9 -0.012126900872537231
0 8 0 8 0.03974985961369298
1 8 0 9 0.03974985961369298
0 9 1 8 0.03974985961369298
1 9 1 9 0.03974985961369298
0 8 4 8 -0.012126900872537231
1 8 4 9 -0.012126900872537231
0 9 5 8 -0.012126900872537231
1 9 5 9 -0.012126900872537231
0 0 2 10 -0.009001111609186005
1 0 2 11 -0.009001111609186005
0 1 3 10 -0.009001111609186005
1 1 3 11 -0.009001111609186005
0 0 10 10 0.037466863126013016
1 0 10 11 0.037466863126013016
0 1 11 10 0.037466863126013016
1 1 11 11 0.037466863126013016
0 2 0 10 -0.009001111609186006
1 2 0 11 -0.009001111609186006
0 3 1 10 -0.009001111609186006
1 3 1 11 -0.009001111609186006
0 2 4 10 4.156372670678296e-05
1 2 4 11 4.156372670678296e-05
0 3 5 10 4.156372670678296e-05
1 3 5 11 4.156372670678296e-05
0 4 2 10 4.156372670678556e-05
1 4 2 11 4.156372670678556e-05
0 5 3 10 4.156372670678556e-05
1 5 3 11 4.156372670678556e-05
0 4 10 10 -0.010964777637340897
1 4 10 11 -0.010964777637340897
0 5 11 10 -0.010964777637340897
1 5 11 11 -0.010964777637340897
0 10 0 10 0.03746686312601302
1 10 0 11 0.03746686312601302
0 11 1 10 0.03746686312601302
1 11 1 11 0.03746686312601302
0 10 4 10 -0.010964777637340902
1 10 4 11 -0.010964777637340902
0 11 5 10 -0.010964777637340902
1 11 5 11 -0.010964777637340902
2 0 2 0 0.016117132232411846
3 0 2 1 0.016117132232411846
2 1 3 0 0.016117132232411846
3 1 3 1 0.016117132232411846
2 0 10 0 -0.009001111609186006
3 0 10 1 -0.009001111609186006
2 1 11 0 -0.009001111609186006
3 1 11 1 -0.009001111609186006
2 2 0 0 0.01611713223241185
3 2 0 1 0.01611713223241185
2 3 1 0 0.01611713223241185
3 3 1 1 0.01611713223241185
2 2 4 0 0.0459534434002504
3 2 4 1 0.0459534434002504
2 3 5 0 0.0459534434002504
3 3 5 1 0.0459534434002504
2 4 2 0 0.04595344340025041
3 4 2 1 0.04595344340025041
2 5 3 0 0.04595344340025041
3 5 3 1 0.04595344340025041
2 4 10 0 0.014319791298083247
3 4 10 1 0.014319791298083247
2 5 11 0 0.014319791298083247
3 5 11 1 0.014319791298083247
2 10 0 0 -0.009001111609186006
3 10 0 1 -0.009001111609186006
2 11 1 0 -0.009001111609186006
3 11 1 1 -0.009001111609186006
2 10 4 0 0.014319791298083246
3 10 4 1 0.014319791298083246
2 11 5 0 0.014319791298083246
3 11 5 1 0.014319791298083246
2 0 0 2 0.0906545226676084
3 0 0 3 0.0906545226676084
2 1 1 2 0.0906545226676084
3 1 1 3 0.0906545226676084
2 0 4 2 0.03265941198484608
3 0 4 3 0.03265941198484608
2 1 5 2 0.03265941198484608
3 1 5 3 0.03265941198484608
2 2 2 2 0.19908068469519405
3 2 2 3 0.19908068469519405
2 3 3 2 0.19908068469519405
3 3 3 3 0.19908068469519405
2 2 10 2 0.0272518127425053
3 2 10 3 0.0272518127425053
2 3 11 2 0.0272518127425053
3 3 11 3 0.0272518127425053
2 4 0 2 0.03265941198484609
3 4 0 3 0.03265941198484609
2 5 1 2 0.03265941198484609
3 5 1 3 0.03265941198484609
2 4 4 2 0.19625954554077493
3 4 4 3 0.19625954554077493
2 5 5 2 0.19625954554077493
3 5 5 3 0.19625954554077493
2 6 6 2 0.07929650819115741
3 6 6 3 0.07929650819115741
2 7 7 2 0.07929650819115741
3 7 7 3 0.07929650819115741
2 8 8 2 0.07929650819115741
3 8 8 3 0.07929650819115741
2 9 9 2 0.07929650819115741
3 9 9 3 0.07929650819115741
2 10 2 2 0.0272518127425053
3 10 2 3 0.0272518127425053
2 11 3 2 0.0272518127425053
3 11 3 3 0.0272518127425053
2 10 10 2 0.09254331004944885
3 10 10 3 0.09254331004944885
2 11 11 2 0.09254331004944885
3 11 11 3 0.09254331004944885
2 0 2 4 0.045953443400250406
3 0 2 5 0.045953443400250406
2 1 3 4 0.045953443400250406
3 1 3 5 0.045953443400250406
2 0 10 4 4.1563726706783394e-05
3 0 10 5 4.1563726706783394e-05
2 1 11 4 4.1563726706783394e-05
3 1 11 5 4.1563726706783394e-05
2 2 0 4 0.04595344340025041
3 2 0 5 0.04595344340025041
2 3 1 4 0.04595344340025041
3 3 1 5 0.04595344340025041
2 2 4 4 0.1518048195984708
3 2 4 5 0.1518048195984708
2 3 5 4 0.1518048195984708
3 3 5 5 0.1518048195984708
2 4 2 4 0.15180481959847086
3 4 2 5 0.15180481959847086
2 5 3 4 0.15180481959847086
3 5 3 5 0.15180481959847086
2 4 10 4 0.038801322132083184
3 4 10 5 0.038801322132083184
2 5 11 4 0.038801322132083184
3 5 11 5 0.038801322132083184
2 10 0 4 4.1563726706783394e-05
3 10 0 5 4.1563726706783394e-05
2 11 1 4 4.1563726706783394e-05
3 11 1 5 4.1563726706783394e-05
2 10 4 4 0.03880132213208318
3 10 4 5 0.03880132213208318
2 11 5 4 0.03880132213208318
3 11 5 5 0.03880132213208318
2 2 6 6 0.0005172098328148129
3 2 6 7 0.0005172098328148129
2 3 7 6 0.0005172098328148129
3 3 7 7 0.0005172098328148129
2 6 2 6 0.0005172098328148129
3 6 2 7 0.0005172098328148129
2 7 3 6 0.0005172098328148129
3 7 3 7 0.0005172098328148129
2 6 10 6 -0.0024440040203734348
3 6 10 7 -0.0024440040203734348
2 7 11 6 -0.0024440040203734348
3 7 11 7 -0.0024440040203734348
2 10 6 6 -0.0024440040203734348
3 10 6 7 -0.0024440040203734348
2 11 7 6 -0.0024440040203734348
3 11 7 7 -0.0024440040203734348
2 2 8 8 0.0005172098328148129
3 2 8 9 0.0005172098328148129
2 3 9 8 0.0005172098328148129
3 3 9 9 0.0005172098328148129
2 8 2 8 0.0005172098328148129
3 8 2 9 0.0005172098328148129
2 9 3 8 0.0005172098328148129
3 9 3 9 0.0005172098328148129
2 8 10 8 -0.0024440040203734348
3 8 10 9 -0.0024440040203734348
2 9 11 8 -0.0024440040203734348
3 9 11 9 -0.0024440040203734348
2 10 8 8 -0.0024440040203734348
3 10 8 9 -0.0024440040203734348
2 11 9 8 -0.0024440040203734348
3 11 9 9 -0.0024440040203734348
2 0 0 10 -0.022497234997941134
3 0 0 11 -0.022497234997941134
2 1 1 10 -0.022497234997941134
3 1 1 11 -0.022497234997941134
2 0 4 10 0.015245575864648406
3 0 4 11 0.015245575864648406
2 1 5 10 0.015245575864648406
3 1 5 11 0.015245575864648406
2 2 2 10 0.027251812742505297
3 2 2 11 0.027251812742505297
2 3 3 10 0.027251812742505297
3 3 3 11 0.027251812742505297
2 2 10 10 0.013293882452480128
3 2 10 11 0.013293882452480128
2 3 11 10 0.013293882452480128
3 3 11 11 0.013293882452480128
2 4 0 10 0.01524557586464841
3 4 0 11 0.01524557586464841
2 5 1 10 0.01524557586464841
3 5 1 11 0.01524557586464841
2 4 4 10 0.02588728946874778
3 4 4 11 0.02588728946874778
2 5 5 10 0.02588728946874778
3 5 5 11 0.02588728946874778
2 6 6 10 -0.02632284651288034
3 6 6 11 -0.02632284651288034
2 7 7 10 -0.02632284651288034
3 7 7 11 -0.02632284651288034
2 8 8 10 -0.02632284651288034
3 8 8 11 -0.02632284651288034
2 9 9 10 -0.02632284651288034
3 9 9 11 -0.02632284651288034
2 10 2 10 0.013293882452480126
3 10 2 11 0.013293882452480126
2 11 3 10 0.013293882452480126
3 11 3 11 0.013293882452480126
2 10 10 10 -0.027341970038998062
3 10 10 11 -0.027341970038998062
2 11 11 10 -0.027341970038998062
3 11 11 11 -0.027341970038998062
4 0 0 0 -0.029147240883375582
5 0 0 1 -0.029147240883375582
4 1 1 0 -0.029147240883375582
5 1 1 1 -0.029147240883375582
4 0 4 0 0.019043534138090526
5 0 4 1 0.019043534138090526
4 1 5 0 0.019043534138090526
5 1 5 1 0.019043534138090526
4 2 2 0 0.03265941198484608
5 2 2 1 0.03265941198484608
4 3 3 0 0.03265941198484608
5 3 3 1 0.03265941198484608
4 2 10 0 0.015245575864648406
5 2 10 1 0.015245575864648406
4 3 11 0 0.015245575864648406
5 3 11 1 0.015245575864648406
4 4 0 0 0.019043534138090526
5 4 0 1 0.019043534138090526
4 5 1 0 0.019043534138090526
5 5 1 1 0.019043534138090526
4 4 4 0 0.03054850782333849
5 4 4 1 0.03054850782333849
4 5 5 0 0.03054850782333849
5 5 5 1 0.03054850782333849
4 6 6 0 -0.036083627207175145
5 6 6 1 -0.036083627207175145
4 7 7 0 -0.036083627207175145
5 7 7 1 -0.036083627207175145
4 8 8 0 -0.036083627207175145
5 8 8 1 -0.036083627207175145
4 9 9 0 -0.036083627207175145
5 9 9 1 -0.036083627207175145
4 10 2 0 0.015245575864648406
5 10 2 1 0.015245575864648406
4 11 3 0 0.015245575864648406
5 11 3 1 0.015245575864648406
4 10 10 0 -0.030791395969874954
5 10 10 1 -0.030791395969874954
4 11 11 0 -0.030791395969874954
5 11 11 1 -0.030791395969874954
4 0 2 2 0.045953443400250406
5 0 2 3 0.045953443400250406
4 1 3 2 0.045953443400250406
5 1 3 3 0.045953443400250406
4 0 10 2 4.1563726706783394e-05
5 0 10 3 4.1563726706783394e-05
4 1 11 2 4.1563726706783394e-05
5 1 11 3 4.1563726706783394e-05
4 2 0 2 0.04595344340025041
5 2 0 3 0.04595344340025041
4 3 1 2 0.04595344340025041
5 3 1 3 0.04595344340025041
4 2 4 2 0.1518048195984708
5 2 4 3 0.1518048195984708
4 3 5 2 0.1518048195984708
5 3 5 3 0.1518048195984708
4 4 2 2 0.15180481959847084
5 4 2 3 0.15180481959847084
4 5 3 2 0.15180481959847084
5 5 3 3 0.15180481959847084
4 4 10 2 0.03880132213208319
5 4 10 3 0.03880132213208319
4 5 11 2 0.03880132213208319
5 5 11 3 0.03880132213208319
4 10 0 2 4.156372670678383e-05
5 10 0 3 4.156372670678383e-05
4 11 1 2 4.156372670678383e-05
5 11 1 3 4.156372670678383e-05
4 10 4 2 0.03880132213208318
5 10 4 3 0.03880132213208318
4 11 5 2 0.03880132213208318
5 11 5 3 0.03880132213208318
4 0 0 4 0.09454203993296675
5 0 0 5 0.09454203993296675
4 1 1 4 0.09454203993296675
5 1 1 5 0.09454203993296675
4 0 4 4 0.03054850782333849
5 0 4 5 0.03054850782333849
4 1 5 4 0.03054850782333849
5 1 5 5 0.03054850782333849
4 2 2 4 0.19625954554077496
5 2 2 5 0.19625954554077496
4 3 3 4 0.19625954554077496
5 3 3 5 0.19625954554077496
4 2 10 4 0.025887289468747784
5 2 10 5 0.025887289468747784
4 3 11 4 0.025887289468747784
5 3 11 5 0.025887289468747784
4 4 0 4 0.030548507823338504
5 4 0 5 0.030548507823338504
4 5 1 4 0.030548507823338504
5 5 1 5 0.030548507823338504
4 4 4 4 0.1937832691627257
5 4 4 5 0.1937832691627257
4 5 5 4 0.1937832691627257
5 5 5 5 0.1937832691627257
4 6 6 4 0.08442470483579738
5 6 6 5 0.08442470483579738
4 7 7 4 0.08442470483579738
5 7 7 5 0.08442470483579738
4 8 8 4 0.08442470483579738
5 8 8 5 0.08442470483579738
4 9 9 4 0.08442470483579738
5 9 9 5 0.08442470483579738
4 10 2 4 0.025887289468747784
5 10 2 5 0.025887289468747784
4 11 3 4 0.025887289468747784
5 11 3 5 0.025887289468747784
4 10 10 4 0.09580074923413404
5 10 10 5 0.09580074923413404
4 11 11 4 0.09580074923413404
5 11 11 5 0.09580074923413404
4 0 6 6 -0.012126900872537224
5 0 6 7 -0.012126900872537224
4 1 7 6 -0.012126900872537224
5 1 7 7 -0.012126900872537224
4 4 6 6 0.0037048157302347388
5 4 6 7 0.0037048157302347388
4 5 7 6 0.0037048157302347388
5 5 7 7 0.0037048157302347388
4 6 0 6 -0.012126900872537224
5 6 0 7 -0.012126900872537224
4 7 1 6 -0.012126900872537224
5 7 1 7 -0.012126900872537224
4 6 4 6 0.0037048157302347388
5 6 4 7 0.0037048157302347388
4 7 5 6 0.0037048157302347388
5 7 5 7 0.0037048157302347388
4 0 8 8 -0.012126900872537224
5 0 8 9 -0.012126900872537224
4 1 9 8 -0.012126900872537224
5 1 9 9 -0.012126900872537224
4 4 8 8 0.0037048157302347388
5 4 8 9 0.0037048157302347388
4 5 9 8 0.0037048157302347388
5 5 9 9 0.0037048157302347388
4 8 0 8 -0.012126900872537224
5 8 0 9 -0.012126900872537224
4 9 1 8 -0.012126900872537224
5 9 1 9 -0.012126900872537224
4 8 4 8 0.0037048157302347388
5 8 4 9 0.0037048157302347388
4 9 5 8 0.0037048157302347388
5 9 5 9 0.0037048157302347388
4 0 2 10 0.014319791298083244
5 0 2 11 0.014319791298083244
4 1 3 10 0.014319791298083244
5 1 3 11 0.014319791298083244
4 0 10 10 -0.0109647776373409
5 0 10 11 -0.0109647776373409
4 1 11 10 -0.0109647776373409
5 1 11 11 -0.0109647776373409
4 2 0 10 0.014319791298083247
5 2 0 11 0.014319791298083247
4 3 1 10 0.014319791298083247
5 3 1 11 0.014319791298083247
4 2 4 10 0.03880132213208317
5 2 4 11 0.03880132213208317
4 3 5 10 0.03880132213208317
5 3 5 11 0.03880132213208317
4 4 2 10 0.03880132213208318
5 4 2 11 0.03880132213208318
4 5 3 10 0.03880132213208318
5 5 3 11 0.03880132213208318
4 4 10 10 0.01324959586374674
5 4 10 11 0.01324959586374674
4 5 11 10 0.01324959586374674
5 5 11 11 0.01324959586374674
4 10 0 10 -0.010964777637340904
5 10 0 11 -0.010964777637340904
4 11 1 10 -0.010964777637340904
5 11 1 11 -0.010964777637340904
4 10 4 10 0.013249595863746737
5 10 4 11 0.013249595863746737
4 11 5 10 0.013249595863746737
5 11 5 11 0.013249595863746737
6 0 6 0 0.03974985961369298
7 0 6 1 0.03974985961369298
6 1 7 0 0.03974985961369298
7 1 7 1 0.03974985961369298
6 4 6 0 -0.012126900872537231
7 4 6 1 -0.012126900872537231
6 5 7 0 -0.012126900872537231
7 5 7 1 -0.012126900872537231
6 6 0 0 0.03974985961369298
7 6 0 1 0.03974985961369298
6 7 1 0 0.03974985961369298
7 7 1 1 0.03974985961369298
6 6 4 0 -0.012126900872537231
7 6 4 1 -0.012126900872537231
6 7 5 0 -0.012126900872537231
7 7 5 1 -0.012126900872537231
6 2 6 2 0.0005172098328148129
7 2 6 3 0.0005172098328148129
6 3 7 2 0.0005172098328148129
7 3 7 3 0.0005172098328148129
6 6 2 2 0.0005172098328148129
7 6 2 3 0.0005172098328148129
6 7 3 2 0.0005172098328148129
7 7 3 3 0.0005172098328148129
6 6 10 2 -0.0024440040203734348
7 6 10 3 -0.0024440040203734348
6 7 11 2 -0.0024440040203734348
7 7 11 3 -0.0024440040203734348
6 10 6 2 -0.0024440040203734348
7 10 6 3 -0.0024440040203734348
6 11 7 2 -0.0024440040203734348
7 11 7 3 -0.0024440040203734348
6 0 6 4 -0.012126900872537224
7 0 6 5 -0.012126900872537224
6 1 7 4 -0.012126900872537224
7 1 7 5 -0.012126900872537224
6 4 6 4 0.0037048157302347388
7 4 6 5 0.0037048157302347388
6 5 7 4 0.0037048157302347388
7 5 7 5 0.0037048157302347388
6 6 0 4 -0.012126900872537224
7 6 0 5 -0.012126900872537224
6 7 1 4 -0.012126900872537224
7 7 1 5 -0.012126900872537224
6 6 4 4 0.0037048157302347388
7 6 4 5 0.0037048157302347388
6 7 5 4 0.0037048157302347388
7 7 5 5 0.0037048157302347388
6 0 0 6 0.19409336614749856
7 0 0 7 0.19409336614749856
6 1 1 6 0.19409336614749856
7 1 1 7 0.19409336614749856
6 0 4 6 -0.036083627207175145
7 0 4 7 -0.036083627207175145
6 1 5 6 -0.036083627207175145
7 1 5 7 -0.036083627207175145
6 2 2 6 0.07929650819115741
7 2 2 7 0.07929650819115741
6 3 3 6 0.07929650819115741
7 3 3 7 0.07929650819115741
6 2 10 6 -0.02632284651288034
7 2 10 7 -0.02632284651288034
6 3 11 6 -0.02632284651288034
7 3 11 7 -0.02632284651288034
6 4 0 6 -0.036083627207175145
7 4 0 7 -0.036083627207175145
6 5 1 6 -0.036083627207175145
7 5 1 7 -0.036083627207175145
6 4 4 6 0.08442470483579738
7 4 4 7 0.08442470483579738
6 5 5 6 0.08442470483579738
7 5 5 7 0.08442470483579738
6 6 6 6 0.224929545
7 6 6 7 0.224929545
6 7 7 6 0.224929545
7 7 7 7 0.224929545
6 8 8 6 0.2006801625
7 8 8 7 0.2006801625
6 9 9 6 0.2006801625
7 9 9 7 0.2006801625
6 10 2 6 -0.026322846512880343
7 10 2 7 -0.026322846512880343
6 11 3 6 -0.026322846512880343
7 11 3 7 -0.026322846512880343
6 10 10 6 0.19528709779488537
7 10 10 7 0.19528709779488537
6 11 11 6 0.19528709779488537
7 11 11 7 0.19528709779488537
6 6 8 8 0.0121246915
7 6 8 9 0.0121246915
6 7 9 8 0.0121246915
7 7 9 9 0.0121246915
6 8 6 8 0.0121246915
7 8 6 9 0.0121246915
6 9 7 8 0.0121246915
7 9 7 9 0.0121246915
6 2 6 10 -0.0024440040203734343
7 2 6 11 -0.0024440040203734343
6 3 7 10 -0.0024440040203734343
7 3 7 11 -0.0024440040203734343
6 6 2 10 -0.0024440040203734343
7 6 2 11 -0.0024440040203734343
6 7 3 10 -0.0024440040203734343
7 7 3 11 -0.0024440040203734343
6 6 10 10 0.011648156321071978
7 6 10 11 0.011648156321071978
6 7 11 10 0.011648156321071978
7 7 11 11 0.011648156321071978
6 10 6 10 0.011648156321071978
7 10 6 11 0.011648156321071978
6 11 7 10 0.011648156321071978
7 11 7 11 0.011648156321071978
8 0 8 0 0.03974985961369298
9 0 8 1 0.03974985961369298
8 1 9 0 0.03974985961369298
9 1 9 1 0.03974985961369298
8 4 8 0 -0.012126900872537231
9 4 8 1 -0.012126900872537231
8 5 9 0 -0.012126900872537231
9 5 9 1 -0.012126900872537231
8 8 0 0 0.03974985961369298
9 8 0 1 0.03974985961369298
8 9 1 0 0.03974985961369298
9 9 1 1 0.03974985961369298
8 8 4 0 -0.012126900872537231
9 8 4 1 -0.012126900872537231
8 9 5 0 -0.012126900872537231
9 9 5 1 -0.012126900872537231
8 2 8 2 0.0005172098328148129
9 2 8 3 0.0005172098328148129
8 3 9 2 0.0005172098328148129
9 3 9 3 0.0005172098328148129
8 8 2 2 0.0005172098328148129
9 8 2 3 0.0005172098328148129
8 9 3 2 0.0005172098328148129
9 9 3 3 0.0005172098328148129
8 8 10 2 -0.0024440040203734348
9 8 10 3 -0.0024440040203734348
8 9 11 2 -0.0024440040203734348
9 9 11 3 -0.0024440040203734348
8 10 8 2 -0.0024440040203734348
9 10 8 3 -0.0024440040203734348
8 11 9 2 -0.0024440040203734348
9 11 9 3 -0.0024440040203734348
8 0 8 4 -0.012126900872537224
9 0 8 5 -0.012126900872537224
8 1 9 4 -0.012126900872537224
9 1 9 5 -0.012126900872537224
8 4 8 4 0.0037048157302347388
9 4 8 5 0.0037048157302347388
8 5 9 4 0.0037048157302347388
9 5 9 5 0.0037048157302347388
8 8 0 4 -0.012126900872537224
9 8 0 5 -0.012126900872537224
8 9 1 4 -0.012126900872537224
9 9 1 5 -0.012126900872537224
8 8 4 4 0.0037048157302347388
9 8 4 5 0.0037048157302347388
8 9 5 4 0.0037048157302347388
9 9 5 5 0.0037048157302347388
8 6 8 6 0.0121246915
9 6 8 7 0.0121246915
8 7 9 6 0.0121246915
9 7 9 7 0.0121246915
8 8 6 6 0.0121246915
9 8 6 7 0.0121246915
8 9 7 6 0.0121246915
9 9 7 7 0.0121246915
8 0 0 8 0.19409336614749856
9 0 0 9 0.19409336614749856
8 1 1 8 0.19409336614749856
9 1 1 9 0.19409336614749856
8 0 4 8 -0.036083627207175145
9 0 4 9 -0.036083627207175145
8 1 5 8 -0.036083627207175145
9 1 5 9 -0.036083627207175145
8 2 2 8 0.07929650819115741
9 2 2 9 0.07929650819115741
8 3 3 8 0.07929650819115741
9 3 3 9 0.07929650819115741
8 2 10 8 -0.02632284651288034
9 2 10 9 -0.02632284651288034
8 3 11 8 -0.02632284651288034
9 3 11 9 -0.02632284651288034
8 4 0 8 -0.036083627207175145
9 4 0 9 -0.036083627207175145
8 5 1 8 -0.036083627207175145
9 5 1 9 -0.036083627207175145
8 4 4 8 0.08442470483579738
9 4 4 9 0.08442470483579738
8 5 5 8 0.08442470483579738
9 5 5 9 0.08442470483579738
8 6 6 8 0.2006801625
9 6 6 9 0.2006801625
8 7 7 8 0.2006801625
9 7 7 9 0.2006801625
8 8 8 8 0.224929545
9 8 8 9 0.224929545
8 9 9 8 0.224929545
9 9 9 9 0.224929545
8 10 2 8 -0.026322846512880343
9 10 2 9 -0.026322846512880343
8 11 3 8 -0.026322846512880343
9 11 3 9 -0.026322846512880343
8 10 10 8 0.19528709779488537
9 10 10 9 0.19528709779488537
8 11 11 8 0.19528709779488537
9 11 11 9 0.19528709779488537
8 2 8 10 -0.0024440040203734343
9 2 8 11 -0.0024440040203734343
8 3 9 10 -0.0024440040203734343
9 3 9 11 -0.0024440040203734343
8 8 2 10 -0.0024440040203734343
9 8 2 11 -0.0024440040203734343
8 9 3 10 -0.0024440040203734343
9 9 3 11 -0.0024440040203734343
8 8 10 10 0.011648156321071978
9 8 10 11 0.011648156321071978
8 9 11 10 0.011648156321071978
9 9 11 11 0.011648156321071978
8 10 8 10 0.011648156321071978
9 10 8 11 0.011648156321071978
8 11 9 10 0.011648156321071978
9 11 9 11 0.011648156321071978
10 0 2 0 -0.009001111609186005
11 0 2 1 -0.009001111609186005
10 1 3 0 -0.009001111609186005
11 1 3 1 -0.009001111609186005
10 0 10 0 0.037466863126013
11 0 10 1 0.037466863126013
10 1 11 0 0.037466863126013
11 1 11 1 0.037466863126013
10 2 0 0 -0.009001111609186005
11 2 0 1 -0.009001111609186005
10 3 1 0 -0.009001111609186005
11 3 1 1 -0.009001111609186005
10 2 4 0 4.1563726706781226e-05
11 2 4 1 4.1563726706781226e-05
10 3 5 0 4.1563726706781226e-05
11 3 5 1 4.1563726706781226e-05
10 4 2 0 4.156372670678383e-05
11 4 2 1 4.156372670678383e-05
10 5 3 0 4.156372670678383e-05
11 5 3 1 4.156372670678383e-05
10 4 10 0 -0.010964777637340899
11 4 10 1 -0.010964777637340899
10 5 11 0 -0.010964777637340899
11 5 11 1 -0.010964777637340899
10 10 0 0 0.03746686312601301
11 10 0 1 0.03746686312601301
10 11 1 0 0.03746686312601301
11 11 1 1 0.03746686312601301
10 10 4 0 -0.010964777637340902
11 10 4 1 -0.010964777637340902
10 11 5 0 -0.010964777637340902
11 11 5 1 -0.010964777637340902
10 0 0 2 -0.02249723499794115
11 0 0 3 -0.02249723499794115
10 1 1 2 -0.02249723499794115
11 1 1 3 -0.02249723499794115
10 0 4 2 0.015245575864648406
11 0 4 3 0.015245575864648406
10 1 5 2 0.015245575864648406
11 1 5 3 0.015245575864648406
10 2 2 2 0.027251812742505297
11 2 2 3 0.027251812742505297
10 3 3 2 0.027251812742505297
11 3 3 3 0.027251812742505297
10 2 10 2 0.013293882452480128
11 2 10 3 0.013293882452480128
10 3 11 2 0.013293882452480128
11 3 11 3 0.013293882452480128
10 4 0 2 0.01524557586464841
11 4 0 3 0.01524557586464841
10 5 1 2 0.01524557586464841
11 5 1 3 0.01524557586464841
10 4 4 2 0.025887289468747767
11 4 4 3 0.025887289468747767
10 5 5 2 0.025887289468747767
11 5 5 3 0.025887289468747767
10 6 6 2 -0.026322846512880343
11 6 6 3 -0.026322846512880343
10 7 7 2 -0.026322846512880343
11 7 7 3 -0.026322846512880343
10 8 8 2 -0.026322846512880343
11 8 8 3 -0.026322846512880343
10 9 9 2 -0.026322846512880343
11 9 9 3 -0.026322846512880343
10 10 2 2 0.013293882452480126
11 10 2 3 0.013293882452480126
10 11 3 2 0.013293882452480126
11 11 3 3 0.013293882452480126
10 10 10 2 -0.027341970038998076
11 10 10 3 -0.027341970038998076
10 11 11 2 -0.027341970038998076
11 11 11 3 -0.027341970038998076
10 0 2 4 0.014319791298083244
11 0 2 5 0.014319791298083244
10 1 3 4 0.014319791298083244
11 1 3 5 0.014319791298083244
10 0 10 4 -0.010964777637340899
11 0 10 5 -0.010964777637340899
10 1 11 4 -0.010964777637340899
11 1 11 5 -0.010964777637340899
10 2 0 4 0.014319791298083246
11 2 0 5 0.014319791298083246
10 3 1 4 0.014319791298083246
11 3 1 5 0.014319791298083246
10 2 4 4 0.03880132213208317
11 2 4 5 0.03880132213208317
10 3 5 4 0.03880132213208317
11 3 5 5 0.03880132213208317
10 4 2 4 0.03880132213208318
11 4 2 5 0.03880132213208318
10 5 3 4 0.03880132213208318
11 5 3 5 0.03880132213208318
10 4 10 4 0.01324959586374674
11 4 10 5 0.01324959586374674
10 5 11 4 0.01324959586374674
11 5 11 5 0.01324959586374674
10 10 0 4 -0.010964777637340902
11 10 0 5 -0.010964777637340902
10 11 1 4 -0.010964777637340902
11 11 1 5 -0.010964777637340902
10 10 4 4 0.013249595863746737
11 10 4 5 0.013249595863746737
10 11 5 4 0.013249595863746737
11 11 5 5 0.013249595863746737
10 2 6 6 -0.0024440040203734343
11 2 6 7 -0.0024440040203734343
10 3 7 6 -0.0024440040203734343
11 3 7 7 -0.0024440040203734343
10 6 2 6 -0.0024440040203734343
11 6 2 7 -0.0024440040203734343
10 7 3 6 -0.0024440040203734343
11 7 3 7 -0.0024440040203734343
10 6 10 6 0.011648156321071978
11 6 10 7 0.011648156321071978
10 7 11 6 0.011648156321071978
11 7 11 7 0.011648156321071978
10 10 6 6 0.011648156321071978
11 10 6 7 0.011648156321071978
10 11 7 6 0.011648156321071978
11 11 7 7 0.011648156321071978
10 2 8 8 -0.0024440040203734343
11 2 8 9 -0.0024440040203734343
10 3 9 8 -0.0024440040203734343
11 3 9 9 -0.0024440040203734343
10 8 2 8 -0.0024440040203734343
11 8 2 9 -0.0024440040203734343
10 9 3 8 -0.0024440040203734343
11 9 3 9 -0.0024440040203734343
10 8 10 8 0.011648156321071978
11 8 10 9 0.011648156321071978
10 9 11 8 0.011648156321071978
11 9 11 9 0.011648156321071978
10 10 8 8 0.011648156321071978
11 10 8 9 0.011648156321071978
10 11 9 8 0.011648156321071978
11 11 9 9 0.011648156321071978
10 0 0 10 0.19016914835058607
11 0 0 11 0.19016914835058607
10 1 1 10 0.19016914835058607
11 1 1 11 0.19016914835058607
10 0 4 10 -0.03079139596987496
11 0 4 11 -0.03079139596987496
10 1 5 10 -0.03079139596987496
11 1 5 11 -0.03079139596987496
10 2 2 10 0.09254331004944884
11 2 2 11 0.09254331004944884
10 3 3 10 0.09254331004944884
11 3 3 11 0.09254331004944884
10 2 10 10 -0.027341970038998065
11 2 10 11 -0.027341970038998065
10 3 11 10 -0.027341970038998065
11 3 11 11 -0.027341970038998065
10 4 0 10 -0.03079139596987496
11 4 0 11 -0.03079139596987496
10 5 1 10 -0.03079139596987496
11 5 1 11 -0.03079139596987496
10 4 4 10 0.09580074923413404
11 4 4 11 0.09580074923413404
10 5 5 10 0.09580074923413404
11 5 5 11 0.09580074923413404
10 6 6 10 0.19528709779488537
11 6 6 11 0.19528709779488537
10 7 7 10 0.19528709779488537
11 7 7 11 0.19528709779488537
10 8 8 10 0.19528709779488537
11 8 8 11 0.19528709779488537
10 9 9 10 0.19528709779488537
11 9 9 11 0.19528709779488537
10 10 2 10 -0.02734197003899806
11 10 2 11 -0.02734197003899806
10 11 3 10 -0.02734197003899806
11 11 3 11 -0.02734197003899806
10 10 10 10 0.21304288227361876
11 10 10 11 0.21304288227361876
10 11 11 10 0.21304288227361876
11 11 11 11 0.21304288227361876
