-12.557703360708164
0 0 -1.0573159982082603
1 1 -1.0573159982082603
0 4 -0.026998023379719238
1 5 -0.026998023379719238
2 2 -1.0005040548679682
3 3 -1.0005040548679682
2 10 0.02374221133965093
3 11 0.02374221133965093
4 0 -0.02699802337971885
5 1 -0.02699802337971885
4 4 -0.9366581204651571
5 5 -0.9366581204651571
6 6 -0.8862445727543886
7 7 -0.8862445727543886
8 8 -0.8862445727543886
9 9 -0.8862445727543886
10 2 0.023742211339650876
11 3 0.023742211339650876
10 10 -0.8639444098045787
11 11 -0.8639444098045787
0 0 0 0 0.15619195302825942
1 0 0 1 0.15619195302825942
0 1 1 0 0.15619195302825942
1 1 1 1 0.15619195302825942
0 0 4 0 0.01597212487137304
1 0 4 1 0.01597212487137304
0 1 5 0 0.01597212487137304
1 1 5 1 0.01597212487137304
0 2 2 0 0.14291398816325646
1 2 2 1 0.14291398816325646
0 3 3 0 0.14291398816325646
1 3 3 1 0.14291398816325646
0 2 10 0 -0.0159674261339159
1 2 10 1 -0.0159674261339159
0 3 11 0 -0.0159674261339159
1 3 11 1 -0.0159674261339159
0 4 0 0 0.015972124871373054
1 4 0 1 0.015972124871373054
0 5 1 0 0.015972124871373054
1 5 1 1 0.015972124871373054
0 4 4 0 0.14659894553807667
1 4 4 1 0.14659894553807667
0 5 5 0 0.14659894553807667
1 5 5 1 0.14659894553807667
0 6 6 0 0.16774052015503274
1 6 6 1 0.16774052015503274
0 7 7 0 0.16774052015503274
1 7 7 1 0.16774052015503274
0 8 8 0 0.16774052015503274
1 8 8 1 0.16774052015503274
0 9 9 0 0.16774052015503274
1 9 9 1 0.16774052015503274
0 10 2 0 -0.015967426133915878
1 10 2 1 -0.015967426133915878
0 11 3 0 -0.015967426133915878
1 11 3 1 -0.015967426133915878
0 10 10 0 0.16579225053758045
1 10 10 1 0.16579225053758045
0 11 11 0 0.16579225053758045
1 11 11 1 0.16579225053758045
0 0 2 2 0.05652187163533856
1 0 2 3 0.05652187163533856
0 1 3 2 0.05652187163533856
1 1 3 3 0.05652187163533856
0 0 10 2 0.004588880413223553
1 0 10 3 0.004588880413223553
0 1 11 2 0.004588880413223553
1 1 11 3 0.004588880413223553
0 2 0 2 0.05652187163533855
1 2 0 3 0.05652187163533855
0 3 1 2 0.05652187163533855
1 3 1 3 0.05652187163533855
0 2 4 2 -0.05693842943685584
1 2 4 3 -0.05693842943685584
0 3 5 2 -0.05693842943685584
1 3 5 3 -0.05693842943685584
0 4 2 2 -0.05693842943685583
1 4 2 3 -0.05693842943685583
0 5 3 2 -0.05693842943685583
1 5 3 3 -0.05693842943685583
0 4 10 2 -0.052467299467505286
1 4 10 3 -0.052467299467505286
0 5 11 2 -0.052467299467505286
1 5 11 3 -0.052467299467505286
0 10 0 2 0.004588880413223549
1 10 0 3 0.004588880413223549
0 11 1 2 0.004588880413223549
1 11 1 3 0.004588880413223549
0 10 4 2 -0.052467299467505286
1 10 4 3 -0.052467299467505286
0 11 5 2 -0.052467299467505286
1 11 5 3 -0.052467299467505286
0 0 0 4 0.015972124871373075
1 0 0 5 0.015972124871373075
0 1 1 4 0.015972124871373075
1 1 1 5 0.015972124871373075
0 0 4 4 0.049839799988929616
1 0 4 5 0.049839799988929616
0 1 5 4 0.049839799988929616
1 1 5 5 0.049839799988929616
0 2 2 4 -0.029705816590863625
1 2 2 5 -0.029705816590863625
0 3 3 4 -0.029705816590863625
1 3 3 5 -0.029705816590863625
0 2 10 4 -0.046024715645420856
1 2 10 5 -0.046024715645420856
0 3 11 4 -0.046024715645420856
1 3 11 5 -0.046024715645420856
0 4 0 4 0.049839799988929616
1 4 0 5 0.049839799988929616
0 5 1 4 0.049839799988929616
1 5 1 5 0.049839799988929616
0 4 4 4 -0.022291570488648514
1 4 4 5 -0.022291570488648514
0 5 5 4 -0.022291570488648514
1 5 5 5 -0.022291570488648514
0 6 6 4 0.05310018262285558
1 6 6 5 0.05310018262285558
0 7 7 4 0.05310018262285558
1 7 7 5 0.05310018262285558
0 8 8 4 0.05310018262285558
1 8 8 5 0.05310018262285558
0 9 9 4 0.05310018262285558
1 9 9 5 0.05310018262285558
0 10 2 4 -0.04602471564542084
1 10 2 5 -0.04602471564542084
0 11 3 4 -0.04602471564542084
1 11 3 5 -0.04602471564542084
0 10 10 4 0.021010842582108707
1 10 10 5 0.021010842582108707
0 11 11 4 0.021010842582108707
1 11 11 5 0.021010842582108707
0 0 6 6 0.028470937643724308
1 0 6 7 0.028470937643724308
0 1 7 6 0.028470937643724308
1 1 7 7 0.028470937643724308
0 4 6 6 0.02090560951920065
1 4 6 7 0.02090560951920065
0 5 7 6 0.02090560951920065
1 5 7 7 0.02090560951920065
0 6 0 6 0.028470937643724308
1 6 0 7 0.028470937643724308
0 7 1 6 0.028470937643724308
1 7 1 7 0.028470937643724308
0 6 4 6 0.02090560951920065
1 6 4 7 0.02090560951920065
0 7 5 6 0.02090560951920065
1 7 5 7 0.02090560951920065
0 0 8 8 0.028470937643724308
1 0 8 9 0.028470937643724308
0 1 9 8 0.028470937643724308
1 1 9 9 0.028470937643724308
0 4 8 8 0.02090560951920065
1 4 8 9 0.02090560951920065
0 5 9 8 0.02090560951920065
1 5 9 9 0.02090560951920065
0 8 0 8 0.028470937643724308
1 8 0 9 0.028470937643724308
0 9 1 8 0.028470937643724308
1 9 1 9 0.028470937643724308
0 8 4 8 0.02090560951920065
1 8 4 9 0.02090560951920065
0 9 5 8 0.02090560951920065
1 9 5 9 0.02090560951920065
0 0 2 10 0.004588880413223553
1 0 2 11 0.004588880413223553
0 1 3 10 0.004588880413223553
1 1 3 11 0.004588880413223553
0 0 10 10 0.028481501567711783
1 0 10 11 0.028481501567711783
0 1 11 10 0.028481501567711783
1 1 11 11 0.028481501567711783
0 2 0 10 0.004588880413223549
1 2 0 11 0.004588880413223549
0 3 1 10 0.004588880413223549
1 3 1 11 0.004588880413223549
0 2 4 10 -0.03014741128313381
1 2 4 11 -0.03014741128313381
0 3 5 10 -0.03014741128313381
1 3 5 11 -0.03014741128313381
0 4 2 10 -0.0301474112831338
1 4 2 11 -0.0301474112831338
0 5 3 10 -0.0301474112831338
1 5 3 11 -0.0301474112831338
0 4 10 10 -0.002902141410966362
1 4 10 11 -0.002902141410966362
0 5 11 10 -0.002902141410966362
1 5 11 11 -0.002902141410966362
0 10 0 10 0.02848150156771178
1 10 0 11 0.02848150156771178
0 11 1 10 0.02848150156771178
1 11 1 11 0.02848150156771178
0 10 4 10 -0.002902141410966362
1 10 4 11 -0.002902141410966362
0 11 5 10 -0.002902141410966362
1 11 5 11 -0.002902141410966362
2 0 2 0 0.056521871635338554
3 0 2 1 0.056521871635338554
2 1 3 0 0.056521871635338554
3 1 3 1 0.056521871635338554
2 0 10 0 0.004588880413223553
3 0 10 1 0.004588880413223553
2 1 11 0 0.004588880413223553
3 1 11 1 0.004588880413223553
2 2 0 0 0.056521871635338554
3 2 0 1 0.056521871635338554
2 3 1 0 0.056521871635338554
3 3 1 1 0.056521871635338554
2 2 4 0 -0.05693842943685584
3 2 4 1 -0.05693842943685584
2 3 5 0 -0.05693842943685584
3 3 5 1 -0.05693842943685584
2 4 2 0 -0.05693842943685583
3 4 2 1 -0.05693842943685583
2 5 3 0 -0.05693842943685583
3 5 3 1 -0.05693842943685583
2 4 10 0 -0.05246729946750528
3 4 10 1 -0.05246729946750528
2 5 11 0 -0.05246729946750528
3 5 11 1 -0.05246729946750528
2 10 0 0 0.0045888804132235474
3 10 0 1 0.0045888804132235474
2 11 1 0 0.0045888804132235474
3 11 1 1 0.0045888804132235474
2 10 4 0 -0.05246729946750528
3 10 4 1 -0.05246729946750528
2 11 5 0 -0.05246729946750528
3 11 5 1 -0.05246729946750528
2 0 0 2 0.14291398816325646
3 0 0 3 0.14291398816325646
2 1 1 2 0.14291398816325646
3 1 1 3 0.14291398816325646
2 0 4 2 -0.029705816590863614
3 0 4 3 -0.029705816590863614
2 1 5 2 -0.029705816590863614
3 1 5 3 -0.029705816590863614
2 2 2 2 0.17217108178165136
3 2 2 3 0.17217108178165136
2 3 3 2 0.17217108178165136
3 3 3 3 0.17217108178165136
2 2 10 2 0.024652619747445096
3 2 10 3 0.024652619747445096
2 3 11 2 0.024652619747445096
3 3 11 3 0.024652619747445096
2 4 0 2 -0.02970581659086362
3 4 0 3 -0.02970581659086362
2 5 1 2 -0.02970581659086362
3 5 1 3 -0.02970581659086362
2 4 4 2 0.16804436543944654
3 4 4 3 0.16804436543944654
2 5 5 2 0.16804436543944654
3 5 5 3 0.16804436543944654
2 6 6 2 0.1190738874860851
3 6 6 3 0.1190738874860851
2 7 7 2 0.1190738874860851
3 7 7 3 0.1190738874860851
2 8 8 2 0.1190738874860851
3 8 8 3 0.1190738874860851
2 9 9 2 0.1190738874860851
3 9 9 3 0.1190738874860851
2 10 2 2 0.024652619747445086
3 10 2 3 0.024652619747445086
2 11 3 2 0.024652619747445086
3 11 3 3 0.024652619747445086
2 10 10 2 0.1503479393546323
3 10 10 3 0.1503479393546323
2 11 11 2 0.1503479393546323
3 11 11 3 0.1503479393546323
2 0 2 4 -0.056938429436855835
3 0 2 5 -0.056938429436855835
2 1 3 4 -0.056938429436855835
3 1 3 5 -0.056938429436855835
2 0 10 4 -0.030147411283133804
3 0 10 5 -0.030147411283133804
2 1 11 4 -0.030147411283133804
3 1 11 5 -0.030147411283133804
2 2 0 4 -0.05693842943685583
3 2 0 5 -0.05693842943685583
2 3 1 4 -0.05693842943685583
3 3 1 5 -0.05693842943685583
2 2 4 4 0.08064109305877967
3 2 4 5 0.08064109305877967
2 3 5 4 0.08064109305877967
3 3 5 5 0.08064109305877967
2 4 2 4 0.08064109305877964
3 4 2 5 0.08064109305877964
2 5 3 4 0.08064109305877964
3 5 3 5 0.08064109305877964
2 4 10 4 0.052022674245422104
3 4 10 5 0.052022674245422104
2 5 11 4 0.052022674245422104
3 5 11 5 0.052022674245422104
2 10 0 4 -0.030147411283133793
3 10 0 5 -0.030147411283133793
2 11 1 4 -0.030147411283133793
3 11 1 5 -0.030147411283133793
2 10 4 4 0.052022674245422104
3 10 4 5 0.052022674245422104
2 11 5 4 0.052022674245422104
3 11 5 5 0.052022674245422104
2 2 6 6 0.0028761154278535454
3 2 6 7 0.0028761154278535454
2 3 7 6 0.0028761154278535454
3 3 7 7 0.0028761154278535454
2 6 2 6 0.0028761154278535454
3 6 2 7 0.0028761154278535454
2 7 3 6 0.0028761154278535454
3 7 3 7 0.0028761154278535454
2 6 10 6 -0.005188218893863319
3 6 10 7 -0.005188218893863319
2 7 11 6 -0.005188218893863319
3 7 11 7 -0.005188218893863319
2 10 6 6 -0.005188218893863319
3 10 6 7 -0.005188218893863319
2 11 7 6 -0.005188218893863319
3 11 7 7 -0.005188218893863319
2 2 8 8 0.0028761154278535454
3 2 8 9 0.0028761154278535454
2 3 9 8 0.0028761154278535454
3 3 9 9 0.0028761154278535454
2 8 2 8 0.0028761154278535454
3 8 2 9 0.0028761154278535454
2 9 3 8 0.0028761154278535454
3 9 3 9 0.0028761154278535454
2 8 10 8 -0.005188218893863319
3 8 10 9 -0.005188218893863319
2 9 11 8 -0.005188218893863319
3 9 11 9 -0.005188218893863319
2 10 8 8 -0.005188218893863319
3 10 8 9 -0.005188218893863319
2 11 9 8 -0.005188218893863319
3 11 9 9 -0.005188218893863319
2 0 0 10 -0.015967426133915878
3 0 0 11 -0.015967426133915878
2 1 1 10 -0.015967426133915878
3 1 1 11 -0.015967426133915878
2 0 4 10 -0.04602471564542084
3 0 4 11 -0.04602471564542084
2 1 5 10 -0.04602471564542084
3 1 5 11 -0.04602471564542084
2 2 2 10 0.02465261974744508
3 2 2 11 0.02465261974744508
2 3 3 10 0.02465261974744508
3 3 3 11 0.02465261974744508
2 2 10 10 0.046597401320151645
3 2 10 11 0.046597401320151645
2 3 11 10 0.046597401320151645
3 3 11 11 0.046597401320151645
2 4 0 10 -0.046024715645420836
3 4 0 11 -0.046024715645420836
2 5 1 10 -0.046024715645420836
3 5 1 11 -0.046024715645420836
2 4 4 10 0.020993663951423595
3 4 4 11 0.020993663951423595
2 5 5 10 0.020993663951423595
3 5 5 11 0.020993663951423595
2 6 6 10 -0.046458270204736876
3 6 6 11 -0.046458270204736876
2 7 7 10 -0.046458270204736876
3 7 7 11 -0.046458270204736876
2 8 8 10 -0.046458270204736876
3 8 8 11 -0.046458270204736876
2 9 9 10 -0.046458270204736876
3 9 9 11 -0.046458270204736876
2 10 2 10 0.04659740132015164
3 10 2 11 0.04659740132015164
2 11 3 10 0.04659740132015164
3 11 3 11 0.04659740132015164
2 10 10 10 -0.02553689731745565
3 10 10 11 -0.02553689731745565
2 11 11 10 -0.02553689731745565
3 11 11 11 -0.02553689731745565
4 0 0 0 0.015972124871373047
5 0 0 1 0.015972124871373047
4 1 1 0 0.015972124871373047
5 1 1 1 0.015972124871373047
4 0 4 0 0.04983979998892962
5 0 4 1 0.04983979998892962
4 1 5 0 0.04983979998892962
5 1 5 1 0.04983979998892962
4 2 2 0 -0.02970581659086361
5 2 2 1 -0.02970581659086361
4 3 3 0 -0.02970581659086361
5 3 3 1 -0.02970581659086361
4 2 10 0 -0.046024715645420856
5 2 10 1 -0.046024715645420856
4 3 11 0 -0.046024715645420856
5 3 11 1 -0.046024715645420856
4 4 0 0 0.04983979998892963
5 4 0 1 0.04983979998892963
4 5 1 0 0.04983979998892963
5 5 1 1 0.04983979998892963
4 4 4 0 -0.022291570488648535
5 4 4 1 -0.022291570488648535
4 5 5 0 -0.022291570488648535
5 5 5 1 -0.022291570488648535
4 6 6 0 0.05310018262285558
5 6 6 1 0.05310018262285558
4 7 7 0 0.05310018262285558
5 7 7 1 0.05310018262285558
4 8 8 0 0.05310018262285558
5 8 8 1 0.05310018262285558
4 9 9 0 0.05310018262285558
5 9 9 1 0.05310018262285558
4 10 2 0 -0.04602471564542084
5 10 2 1 -0.04602471564542084
4 11 3 0 -0.04602471564542084
5 11 3 1 -0.04602471564542084
4 10 10 0 0.021010842582108703
5 10 10 1 0.021010842582108703
4 11 11 0 0.021010842582108703
5 11 11 1 0.021010842582108703
4 0 2 2 -0.05693842943685584
5 0 2 3 -0.05693842943685584
4 1 3 2 -0.05693842943685584
5 1 3 3 -0.05693842943685584
4 0 10 2 -0.030147411283133807
5 0 10 3 -0.030147411283133807
4 1 11 2 -0.030147411283133807
5 1 11 3 -0.030147411283133807
4 2 0 2 -0.05693842943685583
5 2 0 3 -0.05693842943685583
4 3 1 2 -0.05693842943685583
5 3 1 3 -0.05693842943685583
4 2 4 2 0.08064109305877967
5 2 4 3 0.08064109305877967
4 3 5 2 0.08064109305877967
5 3 5 3 0.08064109305877967
4 4 2 2 0.08064109305877964
5 4 2 3 0.08064109305877964
4 5 3 2 0.08064109305877964
5 5 3 3 0.08064109305877964
4 4 10 2 0.05202267424542209
5 4 10 3 0.05202267424542209
4 5 11 2 0.05202267424542209
5 5 11 3 0.05202267424542209
4 10 0 2 -0.030147411283133797
5 10 0 3 -0.030147411283133797
4 11 1 2 -0.030147411283133797
5 11 1 3 -0.030147411283133797
4 10 4 2 0.05202267424542209
5 10 4 3 0.05202267424542209
4 11 5 2 0.05202267424542209
5 11 5 3 0.05202267424542209
4 0 0 4 0.1465989455380767
5 0 0 5 0.1465989455380767
4 1 1 4 0.1465989455380767
5 1 1 5 0.1465989455380767
4 0 4 4 -0.02229157048864853
5 0 4 5 -0.02229157048864853
4 1 5 4 -0.02229157048864853
5 1 5 5 -0.02229157048864853
4 2 2 4 0.16804436543944656
5 2 2 5 0.16804436543944656
4 3 3 4 0.16804436543944656
5 3 3 5 0.16804436543944656
4 2 10 4 0.02099366395142361
5 2 10 5 0.02099366395142361
4 3 11 4 0.02099366395142361
5 3 11 5 0.02099366395142361
4 4 0 4 -0.022291570488648528
5 4 0 5 -0.022291570488648528
4 5 1 4 -0.022291570488648528
5 5 1 5 -0.022291570488648528
4 4 4 4 0.1680275310903386
5 4 4 5 0.1680275310903386
4 5 5 4 0.1680275310903386
5 5 5 5 0.1680275310903386
4 6 6 4 0.1314244208690039
5 6 6 5 0.1314244208690039
4 7 7 4 0.1314244208690039
5 7 7 5 0.1314244208690039
4 8 8 4 0.1314244208690039
5 8 8 5 0.1314244208690039
4 9 9 4 0.1314244208690039
5 9 9 5 0.1314244208690039
4 10 2 4 0.020993663951423606
5 10 2 5 0.020993663951423606
4 11 3 4 0.020993663951423606
5 11 3 5 0.020993663951423606
4 10 10 4 0.15248710583537164
5 10 10 5 0.15248710583537164
4 11 11 4 0.15248710583537164
5 11 11 5 0.15248710583537164
4 0 6 6 0.020905609519200646
5 0 6 7 0.020905609519200646
4 1 7 6 0.020905609519200646
5 1 7 7 0.020905609519200646
4 4 6 6 0.015441345360798213
5 4 6 7 0.015441345360798213
4 5 7 6 0.015441345360798213
5 5 7 7 0.015441345360798213
4 6 0 6 0.020905609519200646
5 6 0 7 0.020905609519200646
4 7 1 6 0.020905609519200646
5 7 1 7 0.020905609519200646
4 6 4 6 0.015441345360798213
5 6 4 7 0.015441345360798213
4 7 5 6 0.015441345360798213
5 7 5 7 0.015441345360798213
4 0 8 8 0.020905609519200646
5 0 8 9 0.020905609519200646
4 1 9 8 0.020905609519200646
5 1 9 9 0.020905609519200646
4 4 8 8 0.015441345360798213
5 4 8 9 0.015441345360798213
4 5 9 8 0.015441345360798213
5 5 9 9 0.015441345360798213
4 8 0 8 0.020905609519200646
5 8 0 9 0.020905609519200646
4 9 1 8 0.020905609519200646
5 9 1 9 0.020905609519200646
4 8 4 8 0.015441345360798213
5 8 4 9 0.015441345360798213
4 9 5 8 0.015441345360798213
5 9 5 9 0.015441345360798213
4 0 2 10 -0.05246729946750527
5 0 2 11 -0.05246729946750527
4 1 3 10 -0.05246729946750527
5 1 3 11 -0.05246729946750527
4 0 10 10 -0.002902141410966357
5 0 10 11 -0.002902141410966357
4 1 11 10 -0.002902141410966357
5 1 11 11 -0.002902141410966357
4 2 0 10 -0.05246729946750527
5 2 0 11 -0.05246729946750527
4 3 1 10 -0.05246729946750527
5 3 1 11 -0.05246729946750527
4 2 4 10 0.052022674245422104
5 2 4 11 0.052022674245422104
4 3 5 10 0.052022674245422104
5 3 5 11 0.052022674245422104
4 4 2 10 0.05202267424542209
5 4 2 11 0.05202267424542209
4 5 3 10 0.05202267424542209
5 5 3 11 0.05202267424542209
4 4 10 10 0.05034264381649024
5 4 10 11 0.05034264381649024
4 5 11 10 0.05034264381649024
5 5 11 11 0.05034264381649024
4 10 0 10 -0.0029021414109663517
5 10 0 11 -0.0029021414109663517
4 11 1 10 -0.0029021414109663517
5 11 1 11 -0.0029021414109663517
4 10 4 10 0.050342643816490236
5 10 4 11 0.050342643816490236
4 11 5 10 0.050342643816490236
5 11 5 11 0.050342643816490236
6 0 6 0 0.028470937643724308
7 0 6 1 0.028470937643724308
6 1 7 0 0.028470937643724308
7 1 7 1 0.028470937643724308
6 4 6 0 0.02090560951920065
7 4 6 1 0.02090560951920065
6 5 7 0 0.02090560951920065
7 5 7 1 0.02090560951920065
6 6 0 0 0.028470937643724308
7 6 0 1 0.028470937643724308
6 7 1 0 0.028470937643724308
7 7 1 1 0.028470937643724308
6 6 4 0 0.02090560951920065
7 6 4 1 0.02090560951920065
6 7 5 0 0.02090560951920065
7 7 5 1 0.02090560951920065
6 2 6 2 0.0028761154278535454
7 2 6 3 0.0028761154278535454
6 3 7 2 0.0028761154278535454
7 3 7 3 0.0028761154278535454
6 6 2 2 0.0028761154278535454
7 6 2 3 0.0028761154278535454
6 7 3 2 0.0028761154278535454
7 7 3 3 0.0028761154278535454
6 6 10 2 -0.005188218893863319
7 6 10 3 -0.005188218893863319
6 7 11 2 -0.005188218893863319
7 7 11 3 -0.005188218893863319
6 10 6 2 -0.005188218893863319
7 10 6 3 -0.005188218893863319
6 11 7 2 -0.005188218893863319
7 11 7 3 -0.005188218893863319
6 0 6 4 0.020905609519200646
7 0 6 5 0.020905609519200646
6 1 7 4 0.020905609519200646
7 1 7 5 0.020905609519200646
6 4 6 4 0.015441345360798213
7 4 6 5 0.015441345360798213
6 5 7 4 0.015441345360798213
7 5 7 5 0.015441345360798213
6 6 0 4 0.020905609519200646
7 6 0 5 0.020905609519200646
6 7 1 4 0.020905609519200646
7 7 1 5 0.020905609519200646
6 6 4 4 0.015441345360798213
7 6 4 5 0.015441345360798213
6 7 5 4 0.015441345360798213
7 7 5 5 0.015441345360798213
6 0 0 6 0.16774052015503274
7 0 0 7 0.16774052015503274
6 1 1 6 0.16774052015503274
7 1 1 7 0.16774052015503274
6 0 4 6 0.05310018262285558
7 0 4 7 0.05310018262285558
6 1 5 6 0.05310018262285558
7 1 5 7 0.05310018262285558
6 2 2 6 0.1190738874860851
7 2 2 7 0.1190738874860851
6 3 3 6 0.1190738874860851
7 3 3 7 0.1190738874860851
6 2 10 6 -0.046458270204736876
7 2 10 7 -0.046458270204736876
6 3 11 6 -0.046458270204736876
7 3 11 7 -0.046458270204736876
6 4 0 6 0.05310018262285558
7 4 0 7 0.05310018262285558
6 5 1 6 0.05310018262285558
7 5 1 7 0.05310018262285558
6 4 4 6 0.1314244208690039
7 4 4 7 0.1314244208690039
6 5 5 6 0.1314244208690039
7 5 5 7 0.1314244208690039
6 6 6 6 0.224929545
7 6 6 7 0.224929545
6 7 7 6 0.224929545
7 7 7 7 0.224929545
6 8 8 6 0.2006801625
7 8 8 7 0.2006801625
6 9 9 6 0.2006801625
7 9 9 7 0.2006801625
6 10 2 6 -0.04645827020473688
7 10 2 7 -0.04645827020473688
6 11 3 6 -0.04645827020473688
7 11 3 7 -0.04645827020473688
6 10 10 6 0.17707374337608847
7 10 10 7 0.17707374337608847
6 11 11 6 0.17707374337608847
7 11 11 7 0.17707374337608847
6 6 8 8 0.0121246915
7 6 8 9 0.0121246915
6 7 9 8 0.0121246915
7 7 9 9 0.0121246915
6 8 6 8 0.0121246915
7 8 6 9 0.0121246915
6 9 7 8 0.0121246915
7 9 7 9 0.0121246915
6 2 6 10 -0.005188218893863318
7 2 6 11 -0.005188218893863318
6 3 7 10 -0.005188218893863318
7 3 7 11 -0.005188218893863318
6 6 2 10 -0.005188218893863318
7 6 2 11 -0.005188218893863318
6 7 3 10 -0.005188218893863318
7 7 3 11 -0.005188218893863318
6 6 10 10 0.00956571001532984
7 6 10 11 0.00956571001532984
6 7 11 10 0.00956571001532984
7 7 11 11 0.00956571001532984
6 10 6 10 0.00956571001532984
7 10 6 11 0.00956571001532984
6 11 7 10 0.00956571001532984
7 11 7 11 0.00956571001532984
8 0 8 0 0.028470937643724308
9 0 8 1 0.028470937643724308
8 1 9 0 0.028470937643724308
9 1 9 1 0.028470937643724308
8 4 8 0 0.02090560951920065
9 4 8 1 0.02090560951920065
8 5 9 0 0.02090560951920065
9 5 9 1 0.02090560951920065
8 8 0 0 0.028470937643724308
9 8 0 1 0.028470937643724308
8 9 1 0 0.028470937643724308
9 9 1 1 0.028470937643724308
8 8 4 0 0.02090560951920065
9 8 4 1 0.02090560951920065
8 9 5 0 0.02090560951920065
9 9 5 1 0.02090560951920065
8 2 8 2 0.0028761154278535454
9 2 8 3 0.0028761154278535454
8 3 9 2 0.0028761154278535454
9 3 9 3 0.0028761154278535454
8 8 2 2 0.0028761154278535454
9 8 2 3 0.0028761154278535454
8 9 3 2 0.0028761154278535454
9 9 3 3 0.0028761154278535454
8 8 10 2 -0.005188218893863319
9 8 10 3 -0.005188218893863319
8 9 11 2 -0.005188218893863319
9 9 11 3 -0.005188218893863319
8 10 8 2 -0.005188218893863319
9 10 8 3 -0.005188218893863319
8 11 9 2 -0.005188218893863319
9 11 9 3 -0.005188218893863319
8 0 8 4 0.020905609519200646
9 0 8 5 0.020905609519200646
8 1 9 4 0.020905609519200646
9 1 9 5 0.020905609519200646
8 4 8 4 0.015441345360798213
9 4 8 5 0.015441345360798213
8 5 9 4 0.015441345360798213
9 5 9 5 0.015441345360798213
8 8 0 4 0.020905609519200646
9 8 0 5 0.020905609519200646
8 9 1 4 0.020905609519200646
9 9 1 5 0.020905609519200646
8 8 4 4 0.015441345360798213
9 8 4 5 0.015441345360798213
8 9 5 4 0.015441345360798213
9 9 5 5 0.015441345360798213
8 6 8 6 0.0121246915
9 6 8 7 0.0121246915
8 7 9 6 0.0121246915
9 7 9 7 0.0121246915
8 8 6 6 0.0121246915
9 8 6 7 0.0121246915
8 9 7 6 0.0121246915
9 9 7 7 0.0121246915
8 0 0 8 0.16774052015503274
9 0 0 9 0.16774052015503274
8 1 1 8 0.16774052015503274
9 1 1 9 0.16774052015503274
8 0 4 8 0.05310018262285558
9 0 4 9 0.05310018262285558
8 1 5 8 0.05310018262285558
9 1 5 9 0.05310018262285558
8 2 2 8 0.1190738874860851
9 2 2 9 0.1190738874860851
8 3 3 8 0.1190738874860851
9 3 3 9 0.1190738874860851
8 2 10 8 -0.046458270204736876
9 2 10 9 -0.046458270204736876
8 3 11 8 -0.046458270204736876
9 3 11 9 -0.046458270204736876
8 4 0 8 0.05310018262285558
9 4 0 9 0.05310018262285558
8 5 1 8 0.05310018262285558
9 5 1 9 0.05310018262285558
8 4 4 8 0.1314244208690039
9 4 4 9 0.1314244208690039
8 5 5 8 0.1314244208690039
9 5 5 9 0.1314244208690039
8 6 6 8 0.2006801625
9 6 6 9 0.2006801625
8 7 7 8 0.2006801625
9 7 7 9 0.2006801625
8 8 8 8 0.224929545
9 8 8 9 0.224929545
8 9 9 8 0.224929545
9 9 9 9 0.224929545
8 10 2 8 -0.04645827020473688
9 10 2 9 -0.04645827020473688
8 11 3 8 -0.04645827020473688
9 11 3 9 -0.04645827020473688
8 10 10 8 0.17707374337608847
9 10 10 9 0.17707374337608847
8 11 11 8 0.17707374337608847
9 11 11 9 0.17707374337608847
8 2 8 10 -0.005188218893863318
9 2 8 11 -0.005188218893863318
8 3 9 10 -0.005188218893863318
9 3 9 11 -0.005188218893863318
8 8 2 10 -0.005188218893863318
9 8 2 11 -0.005188218893863318
8 9 3 10 -0.005188218893863318
9 9 3 11 -0.005188218893863318
8 8 10 10 0.00956571001532984
9 8 10 11 0.00956571001532984
8 9 11 10 0.00956571001532984
9 9 11 11 0.00956571001532984
8 10 8 10 0.00956571001532984
9 10 8 11 0.00956571001532984
8 11 9 10 0.00956571001532984
9 11 9 11 0.00956571001532984
10 0 2 0 0.004588880413223549
11 0 2 1 0.004588880413223549
10 1 3 0 0.004588880413223549
11 1 3 1 0.004588880413223549
10 0 10 0 0.02848150156771178
11 0 10 1 0.02848150156771178
10 1 11 0 0.02848150156771178
11 1 11 1 0.02848150156771178
10 2 0 0 0.004588880413223549
11 2 0 1 0.004588880413223549
10 3 1 0 0.004588880413223549
11 3 1 1 0.004588880413223549
10 2 4 0 -0.030147411283133804
11 2 4 1 -0.030147411283133804
10 3 5 0 -0.030147411283133804
11 3 5 1 -0.030147411283133804
10 4 2 0 -0.030147411283133793
11 4 2 1 -0.030147411283133793
10 5 3 0 -0.030147411283133793
11 5 3 1 -0.030147411283133793
10 4 10 0 -0.0029021414109663655
11 4 10 1 -0.0029021414109663655
10 5 11 0 -0.0029021414109663655
11 5 11 1 -0.0029021414109663655
10 10 0 0 0.028481501567711773
11 10 0 1 0.028481501567711773
10 11 1 0 0.028481501567711773
11 11 1 1 0.028481501567711773
10 10 4 0 -0.0029021414109663655
11 10 4 1 -0.0029021414109663655
10 11 5 0 -0.0029021414109663655
11 11 5 1 -0.0029021414109663655
10 0 0 2 -0.015967426133915885
11 0 0 3 -0.015967426133915885
10 1 1 2 -0.015967426133915885
11 1 1 3 -0.015967426133915885
10 0 4 2 -0.046024715645420856
11 0 4 3 -0.046024715645420856
10 1 5 2 -0.046024715645420856
11 1 5 3 -0.046024715645420856
10 2 2 2 0.024652619747445093
11 2 2 3 0.024652619747445093
10 3 3 2 0.024652619747445093
11 3 3 3 0.024652619747445093
10 2 10 2 0.046597401320151645
11 2 10 3 0.046597401320151645
10 3 11 2 0.046597401320151645
11 3 11 3 0.046597401320151645
10 4 0 2 -0.04602471564542084
11 4 0 3 -0.04602471564542084
10 5 1 2 -0.04602471564542084
11 5 1 3 -0.04602471564542084
10 4 4 2 0.02099366395142358
11 4 4 3 0.02099366395142358
10 5 5 2 0.02099366395142358
11 5 5 3 0.02099366395142358
10 6 6 2 -0.04645827020473688
11 6 6 3 -0.04645827020473688
10 7 7 2 -0.04645827020473688
11 7 7 3 -0.04645827020473688
10 8 8 2 -0.04645827020473688
11 8 8 3 -0.04645827020473688
10 9 9 2 -0.04645827020473688
11 9 9 3 -0.04645827020473688
10 10 2 2 0.04659740132015164
11 10 2 3 0.04659740132015164
10 11 3 2 0.04659740132015164
11 11 3 3 0.04659740132015164
10 10 10 2 -0.025536897317455662
11 10 10 3 -0.025536897317455662
10 11 11 2 -0.025536897317455662
11 11 11 3 -0.025536897317455662
10 0 2 4 -0.05246729946750528
11 0 2 5 -0.05246729946750528
10 1 3 4 -0.05246729946750528
11 1 3 5 -0.05246729946750528
10 0 10 4 -0.002902141410966357
11 0 10 5 -0.002902141410966357
10 1 11 4 -0.002902141410966357
11 1 11 5 -0.002902141410966357
10 2 0 4 -0.05246729946750528
11 2 0 5 -0.05246729946750528
10 3 1 4 -0.05246729946750528
11 3 1 5 -0.05246729946750528
10 2 4 4 0.052022674245422104
11 2 4 5 0.052022674245422104
10 3 5 4 0.052022674245422104
11 3 5 5 0.052022674245422104
10 4 2 4 0.05202267424542209
11 4 2 5 0.05202267424542209
10 5 3 4 0.05202267424542209
11 5 3 5 0.05202267424542209
10 4 10 4 0.05034264381649023
11 4 10 5 0.05034264381649023
10 5 11 4 0.05034264381649023
11 5 11 5 0.05034264381649023
10 10 0 4 -0.0029021414109663517
11 10 0 5 -0.0029021414109663517
10 11 1 4 -0.0029021414109663517
11 11 1 5 -0.0029021414109663517
10 10 4 4 0.05034264381649023
11 10 4 5 0.05034264381649023
10 11 5 4 0.05034264381649023
11 11 5 5 0.05034264381649023
10 2 6 6 -0.005188218893863318
11 2 6 7 -0.005188218893863318
10 3 7 6 -0.005188218893863318
11 3 7 7 -0.005188218893863318
10 6 2 6 -0.005188218893863318
11 6 2 7 -0.005188218893863318
10 7 3 6 -0.005188218893863318
11 7 3 7 -0.005188218893863318
10 6 10 6 0.00956571001532984
11 6 10 7 0.00956571001532984
10 7 11 6 0.00956571001532984
11 7 11 7 0.00956571001532984
10 10 6 6 0.00956571001532984
11 10 6 7 0.00956571001532984
10 11 7 6 0.00956571001532984
11 11 7 7 0.00956571001532984
10 2 8 8 -0.005188218893863318
11 2 8 9 -0.005188218893863318
10 3 9 8 -0.005188218893863318
11 3 9 9 -0.005188218893863318
10 8 2 8 -0.005188218893863318
11 8 2 9 -0.005188218893863318
10 9 3 8 -0.005188218893863318
11 9 3 9 -0.005188218893863318
10 8 10 8 0.00956571001532984
11 8 10 9 0.00956571001532984
10 9 11 8 0.00956571001532984
11 9 11 9 0.00956571001532984
10 10 8 8 0.00956571001532984
11 10 8 9 0.00956571001532984
10 11 9 8 0.00956571001532984
11 11 9 9 0.00956571001532984
10 0 0 10 0.16579225053758048
11 0 0 11 0.16579225053758048
10 1 1 10 0.16579225053758048
11 1 1 11 0.16579225053758048
10 0 4 10 0.02101084258210873
11 0 4 11 0.02101084258210873
10 1 5 10 0.02101084258210873
11 1 5 11 0.02101084258210873
10 2 2 10 0.1503479393546323
11 2 2 11 0.1503479393546323
10 3 3 10 0.1503479393546323
11 3 3 11 0.1503479393546323
10 2 10 10 -0.02553689731745564
11 2 10 11 -0.02553689731745564
10 3 11 10 -0.02553689731745564
11 3 11 11 -0.02553689731745564
10 4 0 10 0.02101084258210871
11 4 0 11 0.02101084258210871
10 5 1 10 0.02101084258210871
11 5 1 11 0.02101084258210871
10 4 4 10 0.1524871058353717
11 4 4 11 0.1524871058353717
10 5 5 10 0.1524871058353717
11 5 5 11 0.1524871058353717
10 6 6 10 0.17707374337608847
11 6 6 11 0.17707374337608847
10 7 7 10 0.17707374337608847
11 7 7 11 0.17707374337608847
10 8 8 10 0.17707374337608847
11 8 8 11 0.17707374337608847
10 9 9 10 0.17707374337608847
11 9 9 11 0.17707374337608847
10 10 2 10 -0.025536897317455665
11 10 2 11 -0.025536897317455665
10 11 3 10 -0.025536897317455665
11 11 3 11 -0.025536897317455665
10 10 10 10 0.18626306190629274
11 10 10 11 0.18626306190629274
10 11 11 10 0.18626306190629274
11 11 11 11 0.18626306190629274
