-10.463191522103656
0 0 -1.8272393730206469
1 1 -1.8272393730206469
0 10 0.1434587937783242
1 11 0.1434587937783242
2 2 -1.7923972600583116
3 3 -1.7923972600583116
2 8 0.14634033637950528
3 9 0.14634033637950528
4 4 -1.3861091786580229
5 5 -1.3861091786580229
6 6 -1.3861091786580229
7 7 -1.3861091786580229
8 2 0.14634033637950697
9 3 0.14634033637950697
8 8 -0.9713294547917247
9 9 -0.9713294547917247
10 0 0.14345879377832524
11 1 0.14345879377832524
10 10 0.05209726185595187
11 11 0.05209726185595187
0 0 0 0 0.25134508901221425
1 0 0 1 0.25134508901221425
0 1 1 0 0.25134508901221425
1 1 1 1 0.25134508901221425
0 0 10 0 -0.041253429118029525
1 0 10 1 -0.041253429118029525
0 1 11 0 -0.041253429118029525
1 1 11 1 -0.041253429118029525
0 2 2 0 0.23912687090411178
1 2 2 1 0.23912687090411178
0 3 3 0 0.23912687090411178
1 3 3 1 0.23912687090411178
0 2 8 0 -0.046902128037395914
1 2 8 1 -0.046902128037395914
0 3 9 0 -0.046902128037395914
1 3 9 1 -0.046902128037395914
0 4 4 0 0.20185517592977692
1 4 4 1 0.20185517592977692
0 5 5 0 0.20185517592977692
1 5 5 1 0.20185517592977692
0 6 6 0 0.20185517592977692
1 6 6 1 0.20185517592977692
0 7 7 0 0.20185517592977692
1 7 7 1 0.20185517592977692
0 8 2 0 -0.046902128037396
1 8 2 1 -0.046902128037396
0 9 3 0 -0.046902128037396
1 9 3 1 -0.046902128037396
0 8 8 0 0.2282347253376621
1 8 8 1 0.2282347253376621
0 9 9 0 0.2282347253376621
1 9 9 1 0.2282347253376621
0 10 0 0 -0.04125342911802958
1 10 0 1 -0.04125342911802958
0 11 1 0 -0.04125342911802958
1 11 1 1 -0.04125342911802958
0 10 10 0 0.2507109985628178
1 10 10 1 0.2507109985628178
0 11 11 0 0.2507109985628178
1 11 11 1 0.2507109985628178
0 0 2 2 0.08182138805109591
1 0 2 3 0.08182138805109591
0 1 3 2 0.08182138805109591
1 1 3 3 0.08182138805109591
0 0 8 2 -0.05476433317444705
1 0 8 3 -0.05476433317444705
0 1 9 2 -0.05476433317444705
1 1 9 3 -0.05476433317444705
0 2 0 2 0.08182138805109593
1 2 0 3 0.08182138805109593
0 3 1 2 0.08182138805109593
1 3 1 3 0.08182138805109593
0 2 10 2 -0.029974889306072748
1 2 10 3 -0.029974889306072748
0 3 11 2 -0.029974889306072748
1 3 11 3 -0.029974889306072748
0 8 0 2 -0.054764333174447066
1 8 0 3 -0.054764333174447066
0 9 1 2 -0.054764333174447066
1 9 1 3 -0.054764333174447066
0 8 10 2 0.0734290227884975
1 8 10 3 0.0734290227884975
0 9 11 2 0.0734290227884975
1 9 11 3 0.0734290227884975
0 10 2 2 -0.029974889306072727
1 10 2 3 -0.029974889306072727
0 11 3 2 -0.029974889306072727
1 11 3 3 -0.029974889306072727
0 10 8 2 0.0734290227884975
1 10 8 3 0.0734290227884975
0 11 9 2 0.0734290227884975
1 11 9 3 0.0734290227884975
0 0 4 4 0.009928315408487662
1 0 4 5 0.009928315408487662
0 1 5 4 0.009928315408487662
1 1 5 5 0.009928315408487662
0 4 0 4 0.009928315408487662
1 4 0 5 0.009928315408487662
0 5 1 4 0.009928315408487662
1 5 1 5 0.009928315408487662
0 4 10 4 0.006161397742633953
1 4 10 5 0.006161397742633953
0 5 11 4 0.006161397742633953
1 5 11 5 0.006161397742633953
0 10 4 4 0.006161397742633953
1 10 4 5 0.006161397742633953
0 11 5 4 0.006161397742633953
1 11 5 5 0.006161397742633953
0 0 6 6 0.009928315408487662
1 0 6 7 0.009928315408487662
0 1 7 6 0.009928315408487662
1 1 7 7 0.009928315408487662
0 6 0 6 0.009928315408487662
1 6 0 7 0.009928315408487662
0 7 1 6 0.009928315408487662
1 7 1 7 0.009928315408487662
0 6 10 6 0.006161397742633953
1 6 10 7 0.006161397742633953
0 7 11 6 0.006161397742633953
1 7 11 7 0.006161397742633953
0 10 6 6 0.006161397742633953
1 10 6 7 0.006161397742633953
0 11 7 6 0.006161397742633953
1 11 7 7 0.006161397742633953
0 0 2 8 -0.054764333174447066
1 0 2 9 -0.054764333174447066
0 1 3 8 -0.054764333174447066
1 1 3 9 -0.054764333174447066
0 0 8 8 0.04712876945193979
1 0 8 9 0.04712876945193979
0 1 9 8 0.04712876945193979
1 1 9 9 0.04712876945193979
0 2 0 8 -0.05476433317444709
1 2 0 9 -0.05476433317444709
0 3 1 8 -0.05476433317444709
1 3 1 9 -0.05476433317444709
0 2 10 8 0.03335438907456345
1 2 10 9 0.03335438907456345
0 3 11 8 0.03335438907456345
1 3 11 9 0.03335438907456345
0 8 0 8 0.047128769451939855
1 8 0 9 0.047128769451939855
0 9 1 8 0.047128769451939855
1 9 1 9 0.047128769451939855
0 8 10 8 -0.05726073219235785
1 8 10 9 -0.05726073219235785
0 9 11 8 -0.05726073219235785
1 9 11 9 -0.05726073219235785
0 10 2 8 0.03335438907456357
1 10 2 9 0.03335438907456357
0 11 3 8 0.03335438907456357
1 11 3 9 0.03335438907456357
0 10 8 8 -0.05726073219235757
1 10 8 9 -0.05726073219235757
0 11 9 8 -0.05726073219235757
1 11 9 9 -0.05726073219235757
0 0 0 10 -0.04125342911802962
1 0 0 11 -0.04125342911802962
0 1 1 10 -0.04125342911802962
1 1 1 11 -0.04125342911802962
0 0 10 10 0.037414381647971943
1 0 10 11 0.037414381647971943
0 1 11 10 0.037414381647971943
1 1 11 11 0.037414381647971943
0 2 2 10 -0.030225570405003992
1 2 2 11 -0.030225570405003992
0 3 3 10 -0.030225570405003992
1 3 3 11 -0.030225570405003992
0 2 8 10 0.033243716699720274
1 2 8 11 0.033243716699720274
0 3 9 10 0.033243716699720274
1 3 9 11 0.033243716699720274
0 4 4 10 -0.0026130292695635774
1 4 4 11 -0.0026130292695635774
0 5 5 10 -0.0026130292695635774
1 5 5 11 -0.0026130292695635774
0 6 6 10 -0.0026130292695635774
1 6 6 11 -0.0026130292695635774
0 7 7 10 -0.0026130292695635774
1 7 7 11 -0.0026130292695635774
0 8 2 10 0.03324371669972027
1 8 2 11 0.03324371669972027
0 9 3 10 0.03324371669972027
1 9 3 11 0.03324371669972027
0 8 8 10 -0.0408374481131369
1 8 8 11 -0.0408374481131369
0 9 9 10 -0.0408374481131369
1 9 9 11 -0.0408374481131369
0 10 0 10 0.037414381647971916
1 10 0 11 0.037414381647971916
0 11 1 10 0.037414381647971916
1 11 1 11 0.037414381647971916
0 10 10 10 -0.0551067057992341
1 10 10 11 -0.0551067057992341
0 11 11 10 -0.0551067057992341
1 11 11 11 -0.0551067057992341
2 0 2 0 0.08182138805109593
3 0 2 1 0.08182138805109593
2 1 3 0 0.08182138805109593
3 1 3 1 0.08182138805109593
2 0 8 0 -0.05476433317444705
3 0 8 1 -0.05476433317444705
2 1 9 0 -0.05476433317444705
3 1 9 1 -0.05476433317444705
2 2 0 0 0.08182138805109593
3 2 0 1 0.08182138805109593
2 3 1 0 0.08182138805109593
3 3 1 1 0.08182138805109593
2 2 10 0 -0.029974889306072748
3 2 10 1 -0.029974889306072748
2 3 11 0 -0.029974889306072748
3 3 11 1 -0.029974889306072748
2 8 0 0 -0.054764333174447066
3 8 0 1 -0.054764333174447066
2 9 1 0 -0.054764333174447066
3 9 1 1 -0.054764333174447066
2 8 10 0 0.0734290227884975
3 8 10 1 0.0734290227884975
2 9 11 0 0.0734290227884975
3 9 11 1 0.0734290227884975
2 10 2 0 -0.029974889306072727
3 10 2 1 -0.029974889306072727
2 11 3 0 -0.029974889306072727
3 11 3 1 -0.029974889306072727
2 10 8 0 0.07342902278849751
3 10 8 1 0.07342902278849751
2 11 9 0 0.07342902278849751
3 11 9 1 0.07342902278849751
2 0 0 2 0.23912687090411175
3 0 0 3 0.23912687090411175
2 1 1 2 0.23912687090411175
3 1 1 3 0.23912687090411175
2 0 10 2 -0.030225570405003996
3 0 10 3 -0.030225570405003996
2 1 11 2 -0.030225570405003996
3 1 11 3 -0.030225570405003996
2 2 2 2 0.23402320478678246
3 2 2 3 0.23402320478678246
2 3 3 2 0.23402320478678246
3 3 3 3 0.23402320478678246
2 2 8 2 -0.0341309028859054
3 2 8 3 -0.0341309028859054
2 3 9 2 -0.0341309028859054
3 3 9 3 -0.0341309028859054
2 4 4 2 0.2083077425774629
3 4 4 3 0.2083077425774629
2 5 5 2 0.2083077425774629
3 5 5 3 0.2083077425774629
2 6 6 2 0.2083077425774629
3 6 6 3 0.2083077425774629
2 7 7 2 0.2083077425774629
3 7 7 3 0.2083077425774629
2 8 2 2 -0.03413090288590542
3 8 2 3 -0.03413090288590542
2 9 3 2 -0.03413090288590542
3 9 3 3 -0.03413090288590542
2 8 8 2 0.22106738711115093
3 8 8 3 0.22106738711115093
2 9 9 2 0.22106738711115093
3 9 9 3 0.22106738711115093
2 10 0 2 -0.03022557040500403
3 10 0 3 -0.03022557040500403
2 11 1 2 -0.03022557040500403
3 11 1 3 -0.03022557040500403
2 10 10 2 0.23793695168620663
3 10 10 3 0.23793695168620663
2 11 11 2 0.23793695168620663
3 11 11 3 0.23793695168620663
2 2 4 4 0.030615413421993816
3 2 4 5 0.030615413421993816
2 3 5 4 0.030615413421993816
3 3 5 5 0.030615413421993816
2 4 2 4 0.030615413421993816
3 4 2 5 0.030615413421993816
2 5 3 4 0.030615413421993816
3 5 3 5 0.030615413421993816
2 4 8 4 0.02217054243670442
3 4 8 5 0.02217054243670442
2 5 9 4 0.02217054243670442
3 5 9 5 0.02217054243670442
2 8 4 4 0.02217054243670442
3 8 4 5 0.02217054243670442
2 9 5 4 0.02217054243670442
3 9 5 5 0.02217054243670442
2 2 6 6 0.030615413421993816
3 2 6 7 0.030615413421993816
2 3 7 6 0.030615413421993816
3 3 7 7 0.030615413421993816
2 6 2 6 0.030615413421993816
3 6 2 7 0.030615413421993816
2 7 3 6 0.030615413421993816
3 7 3 7 0.030615413421993816
2 6 8 6 0.02217054243670442
3 6 8 7 0.02217054243670442
2 7 9 6 0.02217054243670442
3 7 9 7 0.02217054243670442
2 8 6 6 0.02217054243670442
3 8 6 7 0.02217054243670442
2 9 7 6 0.02217054243670442
3 9 7 7 0.02217054243670442
2 0 0 8 -0.046902128037395935
3 0 0 9 -0.046902128037395935
2 1 1 8 -0.046902128037395935
3 1 1 9 -0.046902128037395935
2 0 10 8 0.03324371669972018
3 0 10 9 0.03324371669972018
2 1 11 8 0.03324371669972018
3 1 11 9 0.03324371669972018
2 2 2 8 -0.03413090288590545
3 2 2 9 -0.03413090288590545
2 3 3 8 -0.03413090288590545
3 3 3 9 -0.03413090288590545
2 2 8 8 0.03504891821849526
3 2 8 9 0.03504891821849526
2 3 9 8 0.03504891821849526
3 3 9 9 0.03504891821849526
2 4 4 8 -0.003272772128365402
3 4 4 9 -0.003272772128365402
2 5 5 8 -0.003272772128365402
3 5 5 9 -0.003272772128365402
2 6 6 8 -0.003272772128365402
3 6 6 9 -0.003272772128365402
2 7 7 8 -0.003272772128365402
3 7 7 9 -0.003272772128365402
2 8 2 8 0.035048918218495324
3 8 2 9 0.035048918218495324
2 9 3 8 0.035048918218495324
3 9 3 9 0.035048918218495324
2 8 8 8 -0.037794489506626484
3 8 8 9 -0.037794489506626484
2 9 9 8 -0.037794489506626484
3 9 9 9 -0.037794489506626484
2 10 0 8 0.03324371669972015
3 10 0 9 0.03324371669972015
2 11 1 8 0.03324371669972015
3 11 1 9 0.03324371669972015
2 10 10 8 -0.054556972743856916
3 10 10 9 -0.054556972743856916
2 11 11 8 -0.054556972743856916
3 11 11 9 -0.054556972743856916
2 0 2 10 -0.029974889306072693
3 0 2 11 -0.029974889306072693
2 1 3 10 -0.029974889306072693
3 1 3 11 -0.029974889306072693
2 0 8 10 0.03335438907456346
3 0 8 11 0.03335438907456346
2 1 9 10 0.03335438907456346
3 1 9 11 0.03335438907456346
2 2 0 10 -0.02997488930607272
3 2 0 11 -0.02997488930607272
2 3 1 10 -0.02997488930607272
3 3 1 11 -0.02997488930607272
2 2 10 10 0.028690633781337613
3 2 10 11 0.028690633781337613
2 3 11 10 0.028690633781337613
3 3 11 11 0.028690633781337613
2 8 0 10 0.033354389074563374
3 8 0 11 0.033354389074563374
2 9 1 10 0.033354389074563374
3 9 1 11 0.033354389074563374
2 8 10 10 -0.03907246254992573
3 8 10 11 -0.03907246254992573
2 9 11 10 -0.03907246254992573
3 9 11 11 -0.03907246254992573
2 10 2 10 0.028690633781337384
3 10 2 11 0.028690633781337384
2 11 3 10 0.028690633781337384
3 11 3 11 0.028690633781337384
2 10 8 10 -0.03907246254992586
3 10 8 11 -0.03907246254992586
2 11 9 10 -0.03907246254992586
3 11 9 11 -0.03907246254992586
4 0 4 0 0.009928315408487662
5 0 4 1 0.009928315408487662
4 1 5 0 0.009928315408487662
5 1 5 1 0.009928315408487662
4 4 0 0 0.009928315408487662
5 4 0 1 0.009928315408487662
4 5 1 0 0.009928315408487662
5 5 1 1 0.009928315408487662
4 4 10 0 0.006161397742633953
5 4 10 1 0.006161397742633953
4 5 11 0 0.006161397742633953
5 5 11 1 0.006161397742633953
4 10 4 0 0.006161397742633953
5 10 4 1 0.006161397742633953
4 11 5 0 0.006161397742633953
5 11 5 1 0.006161397742633953
4 2 4 2 0.030615413421993816
5 2 4 3 0.030615413421993816
4 3 5 2 0.030615413421993816
5 3 5 3 0.030615413421993816
4 4 2 2 0.030615413421993816
5 4 2 3 0.030615413421993816
4 5 3 2 0.030615413421993816
5 5 3 3 0.030615413421993816
4 4 8 2 0.02217054243670442
5 4 8 3 0.02217054243670442
4 5 9 2 0.02217054243670442
5 5 9 3 0.02217054243670442
4 8 4 2 0.02217054243670442
5 8 4 3 0.02217054243670442
4 9 5 2 0.02217054243670442
5 9 5 3 0.02217054243670442
4 0 0 4 0.20185517592977692
5 0 0 5 0.20185517592977692
4 1 1 4 0.20185517592977692
5 1 1 5 0.20185517592977692
4 0 10 4 -0.0026130292695635774
5 0 10 5 -0.0026130292695635774
4 1 11 4 -0.0026130292695635774
5 1 11 5 -0.0026130292695635774
4 2 2 4 0.2083077425774629
5 2 2 5 0.2083077425774629
4 3 3 4 0.2083077425774629
5 3 3 5 0.2083077425774629
4 2 8 4 -0.003272772128365402
5 2 8 5 -0.003272772128365402
4 3 9 4 -0.003272772128365402
5 3 9 5 -0.003272772128365402
4 4 4 4 0.224929545
5 4 4 5 0.224929545
4 5 5 4 0.224929545
5 5 5 5 0.224929545
4 6 6 4 0.2006801625
5 6 6 5 0.2006801625
4 7 7 4 0.2006801625
5 7 7 5 0.2006801625
4 8 2 4 -0.0032727721283654088
5 8 2 5 -0.0032727721283654088
4 9 3 4 -0.0032727721283654088
5 9 3 5 -0.0032727721283654088
4 8 8 4 0.19468674198071578
5 8 8 5 0.19468674198071578
4 9 9 4 0.19468674198071578
5 9 9 5 0.19468674198071578
4 10 0 4 -0.002613029269563527
5 10 0 5 -0.002613029269563527
4 11 1 4 -0.002613029269563527
5 11 1 5 -0.002613029269563527
4 10 10 4 0.19708312634069064
5 10 10 5 0.19708312634069064
4 11 11 4 0.19708312634069064
5 11 11 5 0.19708312634069064
4 4 6 6 0.0121246915
5 4 6 7 0.0121246915
4 5 7 6 0.0121246915
5 5 7 7 0.0121246915
4 6 4 6 0.0121246915
5 6 4 7 0.0121246915
4 7 5 6 0.0121246915
5 7 5 7 0.0121246915
4 2 4 8 0.022170542436704438
5 2 4 9 0.022170542436704438
4 3 5 8 0.022170542436704438
5 3 5 9 0.022170542436704438
4 4 2 8 0.022170542436704438
5 4 2 9 0.022170542436704438
4 5 3 8 0.022170542436704438
5 5 3 9 0.022170542436704438
4 4 8 8 0.021451384482683605
5 4 8 9 0.021451384482683605
4 5 9 8 0.021451384482683605
5 5 9 9 0.021451384482683605
4 8 4 8 0.021451384482683605
5 8 4 9 0.021451384482683605
4 9 5 8 0.021451384482683605
5 9 5 9 0.021451384482683605
4 0 4 10 0.00616139774263395
5 0 4 11 0.00616139774263395
4 1 5 10 0.00616139774263395
5 1 5 11 0.00616139774263395
4 4 0 10 0.00616139774263395
5 4 0 11 0.00616139774263395
4 5 1 10 0.00616139774263395
5 5 1 11 0.00616139774263395
4 4 10 10 0.005941586742073222
5 4 10 11 0.005941586742073222
4 5 11 10 0.005941586742073222
5 5 11 11 0.005941586742073222
4 10 4 10 0.005941586742073222
5 10 4 11 0.005941586742073222
4 11 5 10 0.005941586742073222
5 11 5 11 0.005941586742073222
6 0 6 0 0.009928315408487662
7 0 6 1 0.009928315408487662
6 1 7 0 0.009928315408487662
7 1 7 1 0.009928315408487662
6 6 0 0 0.009928315408487662
7 6 0 1 0.009928315408487662
6 7 1 0 0.009928315408487662
7 7 1 1 0.009928315408487662
6 6 10 0 0.006161397742633953
7 6 10 1 0.006161397742633953
6 7 11 0 0.006161397742633953
7 7 11 1 0.006161397742633953
6 10 6 0 0.006161397742633953
7 10 6 1 0.006161397742633953
6 11 7 0 0.006161397742633953
7 11 7 1 0.006161397742633953
6 2 6 2 0.030615413421993816
7 2 6 3 0.030615413421993816
6 3 7 2 0.030615413421993816
7 3 7 3 0.030615413421993816
6 6 2 2 0.030615413421993816
7 6 2 3 0.030615413421993816
6 7 3 2 0.030615413421993816
7 7 3 3 0.030615413421993816
6 6 8 2 0.02217054243670442
7 6 8 3 0.02217054243670442
6 7 9 2 0.02217054243670442
7 7 9 3 0.02217054243670442
6 8 6 2 0.02217054243670442
7 8 6 3 0.02217054243670442
6 9 7 2 0.02217054243670442
7 9 7 3 0.02217054243670442
6 4 6 4 0.0121246915
7 4 6 5 0.0121246915
6 5 7 4 0.0121246915
7 5 7 5 0.0121246915
6 6 4 4 0.0121246915
7 6 4 5 0.0121246915
6 7 5 4 0.0121246915
7 7 5 5 0.0121246915
6 0 0 6 0.20185517592977692
7 0 0 7 0.20185517592977692
6 1 1 6 0.20185517592977692
7 1 1 7 0.20185517592977692
6 0 10 6 -0.0026130292695635774
7 0 10 7 -0.0026130292695635774
6 1 11 6 -0.0026130292695635774
7 1 11 7 -0.0026130292695635774
6 2 2 6 0.2083077425774629
7 2 2 7 0.2083077425774629
6 3 3 6 0.2083077425774629
7 3 3 7 0.2083077425774629
6 2 8 6 -0.003272772128365402
7 2 8 7 -0.003272772128365402
6 3 9 6 -0.003272772128365402
7 3 9 7 -0.003272772128365402
6 4 4 6 0.2006801625
7 4 4 7 0.2006801625
6 5 5 6 0.2006801625
7 5 5 7 0.2006801625
6 6 6 6 0.224929545
7 6 6 7 0.224929545
6 7 7 6 0.224929545
7 7 7 7 0.224929545
6 8 2 6 -0.0032727721283654088
7 8 2 7 -0.0032727721283654088
6 9 3 6 -0.0032727721283654088
7 9 3 7 -0.0032727721283654088
6 8 8 6 0.19468674198071578
7 8 8 7 0.19468674198071578
6 9 9 6 0.19468674198071578
7 9 9 7 0.19468674198071578
6 10 0 6 -0.002613029269563527
7 10 0 7 -0.002613029269563527
6 11 1 6 -0.002613029269563527
7 11 1 7 -0.002613029269563527
6 10 10 6 0.19708312634069064
7 10 10 7 0.19708312634069064
6 11 11 6 0.19708312634069064
7 11 11 7 0.19708312634069064
6 2 6 8 0.022170542436704438
7 2 6 9 0.022170542436704438
6 3 7 8 0.022170542436704438
7 3 7 9 0.022170542436704438
6 6 2 8 0.022170542436704438
7 6 2 9 0.022170542436704438
6 7 3 8 0.022170542436704438
7 7 3 9 0.022170542436704438
6 6 8 8 0.021451384482683605
7 6 8 9 0.021451384482683605
6 7 9 8 0.021451384482683605
7 7 9 9 0.021451384482683605
6 8 6 8 0.021451384482683605
7 8 6 9 0.021451384482683605
6 9 7 8 0.021451384482683605
7 9 7 9 0.021451384482683605
6 0 6 10 0.00616139774263395
7 0 6 11 0.00616139774263395
6 1 7 10 0.00616139774263395
7 1 7 11 0.00616139774263395
6 6 0 10 0.00616139774263395
7 6 0 11 0.00616139774263395
6 7 1 10 0.00616139774263395
7 7 1 11 0.00616139774263395
6 6 10 10 0.005941586742073222
7 6 10 11 0.005941586742073222
6 7 11 10 0.005941586742073222
7 7 11 11 0.005941586742073222
6 10 6 10 0.005941586742073222
7 10 6 11 0.005941586742073222
6 11 7 10 0.005941586742073222
7 11 7 11 0.005941586742073222
8 0 2 0 -0.054764333174447066
9 0 2 1 -0.054764333174447066
8 1 3 0 -0.054764333174447066
9 1 3 1 -0.054764333174447066
8 0 8 0 0.04712876945193977
9 0 8 1 0.04712876945193977
8 1 9 0 0.04712876945193977
9 1 9 1 0.04712876945193977
8 2 0 0 -0.054764333174447094
9 2 0 1 -0.054764333174447094
8 3 1 0 -0.054764333174447094
9 3 1 1 -0.054764333174447094
8 2 10 0 0.03335438907456346
9 2 10 1 0.03335438907456346
8 3 11 0 0.03335438907456346
9 3 11 1 0.03335438907456346
8 8 0 0 0.04712876945193984
9 8 0 1 0.04712876945193984
8 9 1 0 0.04712876945193984
9 9 1 1 0.04712876945193984
8 8 10 0 -0.05726073219235782
9 8 10 1 -0.05726073219235782
8 9 11 0 -0.05726073219235782
9 9 11 1 -0.05726073219235782
8 10 2 0 0.033354389074563576
9 10 2 1 0.033354389074563576
8 11 3 0 0.033354389074563576
9 11 3 1 0.033354389074563576
8 10 8 0 -0.05726073219235757
9 10 8 1 -0.05726073219235757
8 11 9 0 -0.05726073219235757
9 11 9 1 -0.05726073219235757
8 0 0 2 -0.046902128037395935
9 0 0 3 -0.046902128037395935
8 1 1 2 -0.046902128037395935
9 1 1 3 -0.046902128037395935
8 0 10 2 0.03324371669972018
9 0 10 3 0.03324371669972018
8 1 11 2 0.03324371669972018
9 1 11 3 0.03324371669972018
8 2 2 2 -0.03413090288590542
9 2 2 3 -0.03413090288590542
8 3 3 2 -0.03413090288590542
9 3 3 3 -0.03413090288590542
8 2 8 2 0.035048918218495255
9 2 8 3 0.035048918218495255
8 3 9 2 0.035048918218495255
9 3 9 3 0.035048918218495255
8 4 4 2 -0.0032727721283654088
9 4 4 3 -0.0032727721283654088
8 5 5 2 -0.0032727721283654088
9 5 5 3 -0.0032727721283654088
8 6 6 2 -0.0032727721283654088
9 6 6 3 -0.0032727721283654088
8 7 7 2 -0.0032727721283654088
9 7 7 3 -0.0032727721283654088
8 8 2 2 0.03504891821849532
9 8 2 3 0.03504891821849532
8 9 3 2 0.03504891821849532
9 9 3 3 0.03504891821849532
8 8 8 2 -0.037794489506626505
9 8 8 3 -0.037794489506626505
8 9 9 2 -0.037794489506626505
9 9 9 3 -0.037794489506626505
8 10 0 2 0.03324371669972016
9 10 0 3 0.03324371669972016
8 11 1 2 0.03324371669972016
9 11 1 3 0.03324371669972016
8 10 10 2 -0.05455697274385701
9 10 10 3 -0.05455697274385701
8 11 11 2 -0.05455697274385701
9 11 11 3 -0.05455697274385701
8 2 4 4 0.022170542436704438
9 2 4 5 0.022170542436704438
8 3 5 4 0.022170542436704438
9 3 5 5 0.022170542436704438
8 4 2 4 0.022170542436704438
9 4 2 5 0.022170542436704438
8 5 3 4 0.022170542436704438
9 5 3 5 0.022170542436704438
8 4 8 4 0.021451384482683605
9 4 8 5 0.021451384482683605
8 5 9 4 0.021451384482683605
9 5 9 5 0.021451384482683605
8 8 4 4 0.021451384482683605
9 8 4 5 0.021451384482683605
8 9 5 4 0.021451384482683605
9 9 5 5 0.021451384482683605
8 2 6 6 0.022170542436704438
9 2 6 7 0.022170542436704438
8 3 7 6 0.022170542436704438
9 3 7 7 0.022170542436704438
8 6 2 6 0.022170542436704438
9 6 2 7 0.022170542436704438
8 7 3 6 0.022170542436704438
9 7 3 7 0.022170542436704438
8 6 8 6 0.021451384482683605
9 6 8 7 0.021451384482683605
8 7 9 6 0.021451384482683605
9 7 9 7 0.021451384482683605
8 8 6 6 0.021451384482683605
9 8 6 7 0.021451384482683605
8 9 7 6 0.021451384482683605
9 9 7 7 0.021451384482683605
8 0 0 8 0.2282347253376622
9 0 0 9 0.2282347253376622
8 1 1 8 0.2282347253376622
9 1 1 9 0.2282347253376622
8 0 10 8 -0.040837448113136804
9 0 10 9 -0.040837448113136804
8 1 11 8 -0.040837448113136804
9 1 11 9 -0.040837448113136804
8 2 2 8 0.22106738711115098
9 2 2 9 0.22106738711115098
8 3 3 8 0.22106738711115098
9 3 3 9 0.22106738711115098
8 2 8 8 -0.03779448950662672
9 2 8 9 -0.03779448950662672
8 3 9 8 -0.03779448950662672
9 3 9 9 -0.03779448950662672
8 4 4 8 0.19468674198071578
9 4 4 9 0.19468674198071578
8 5 5 8 0.19468674198071578
9 5 5 9 0.19468674198071578
8 6 6 8 0.19468674198071578
9 6 6 9 0.19468674198071578
8 7 7 8 0.19468674198071578
9 7 7 9 0.19468674198071578
8 8 2 8 -0.03779448950662679
9 8 2 9 -0.03779448950662679
8 9 3 8 -0.03779448950662679
9 9 3 9 -0.03779448950662679
8 8 8 8 0.22156333870907996
9 8 8 9 0.22156333870907996
8 9 9 8 0.22156333870907996
9 9 9 9 0.22156333870907996
8 10 0 8 -0.04083744811313698
9 10 0 9 -0.04083744811313698
8 11 1 8 -0.04083744811313698
9 11 1 9 -0.04083744811313698
8 10 10 8 0.23860786992354893
9 10 10 9 0.23860786992354893
8 11 11 8 0.23860786992354893
9 11 11 9 0.23860786992354893
8 0 2 10 0.07342902278849751
9 0 2 11 0.07342902278849751
8 1 3 10 0.07342902278849751
9 1 3 11 0.07342902278849751
8 0 8 10 -0.057260732192357285
9 0 8 11 -0.057260732192357285
8 1 9 10 -0.057260732192357285
9 1 9 11 -0.057260732192357285
8 2 0 10 0.07342902278849744
9 2 0 11 0.07342902278849744
8 3 1 10 0.07342902278849744
9 3 1 11 0.07342902278849744
8 2 10 10 -0.03907246254992557
9 2 10 11 -0.03907246254992557
8 3 11 10 -0.03907246254992557
9 3 11 11 -0.03907246254992557
8 8 0 10 -0.05726073219235691
9 8 0 11 -0.05726073219235691
8 9 1 10 -0.05726073219235691
9 9 1 11 -0.05726073219235691
8 8 10 10 0.07952344270800776
9 8 10 11 0.07952344270800776
8 9 11 10 0.07952344270800776
9 9 11 11 0.07952344270800776
8 10 2 10 -0.03907246254992571
9 10 2 11 -0.03907246254992571
8 11 3 10 -0.03907246254992571
9 11 3 11 -0.03907246254992571
8 10 8 10 0.07952344270800621
9 10 8 11 0.07952344270800621
8 11 9 10 0.07952344270800621
9 11 9 11 0.07952344270800621
10 0 0 0 -0.04125342911802965
11 0 0 1 -0.04125342911802965
10 1 1 0 -0.04125342911802965
11 1 1 1 -0.04125342911802965
10 0 10 0 0.03741438164797194
11 0 10 1 0.03741438164797194
10 1 11 0 0.03741438164797194
11 1 11 1 0.03741438164797194
10 2 2 0 -0.030225570405003954
11 2 2 1 -0.030225570405003954
10 3 3 0 -0.030225570405003954
11 3 3 1 -0.030225570405003954
10 2 8 0 0.033243716699720274
11 2 8 1 0.033243716699720274
10 3 9 0 0.033243716699720274
11 3 9 1 0.033243716699720274
10 4 4 0 -0.002613029269563527
11 4 4 1 -0.002613029269563527
10 5 5 0 -0.002613029269563527
11 5 5 1 -0.002613029269563527
10 6 6 0 -0.002613029269563527
11 6 6 1 -0.002613029269563527
10 7 7 0 -0.002613029269563527
11 7 7 1 -0.002613029269563527
10 8 2 0 0.033243716699720274
11 8 2 1 0.033243716699720274
10 9 3 0 0.033243716699720274
11 9 3 1 0.033243716699720274
10 8 8 0 -0.04083744811313683
11 8 8 1 -0.04083744811313683
10 9 9 0 -0.04083744811313683
11 9 9 1 -0.04083744811313683
10 10 0 0 0.03741438164797191
11 10 0 1 0.03741438164797191
10 11 1 0 0.03741438164797191
11 11 1 1 0.03741438164797191
10 10 10 0 -0.05510670579923416
11 10 10 1 -0.05510670579923416
10 11 11 0 -0.05510670579923416
11 11 11 1 -0.05510670579923416
10 0 2 2 -0.029974889306072658
11 0 2 3 -0.029974889306072658
10 1 3 2 -0.029974889306072658
11 1 3 3 -0.029974889306072658
10 0 8 2 0.03335438907456342
11 0 8 3 0.03335438907456342
10 1 9 2 0.03335438907456342
11 1 9 3 0.03335438907456342
10 2 0 2 -0.0299748893060727
11 2 0 3 -0.0299748893060727
10 3 1 2 -0.0299748893060727
11 3 1 3 -0.0299748893060727
10 2 10 2 0.028690633781337627
11 2 10 3 0.028690633781337627
10 3 11 2 0.028690633781337627
11 3 11 3 0.028690633781337627
10 8 0 2 0.03335438907456337
11 8 0 3 0.03335438907456337
10 9 1 2 0.03335438907456337
11 9 1 3 0.03335438907456337
10 8 10 2 -0.03907246254992572
11 8 10 3 -0.03907246254992572
10 9 11 2 -0.03907246254992572
11 9 11 3 -0.03907246254992572
10 10 2 2 0.02869063378133737
11 10 2 3 0.02869063378133737
10 11 3 2 0.02869063378133737
11 11 3 3 0.02869063378133737
10 10 8 2 -0.03907246254992586
11 10 8 3 -0.03907246254992586
10 11 9 2 -0.03907246254992586
11 11 9 3 -0.03907246254992586
10 0 4 4 0.00616139774263395
11 0 4 5 0.00616139774263395
10 1 5 4 0.00616139774263395
11 1 5 5 0.00616139774263395
10 4 0 4 0.00616139774263395
11 4 0 5 0.00616139774263395
10 5 1 4 0.00616139774263395
11 5 1 5 0.00616139774263395
10 4 10 4 0.005941586742073222
11 4 10 5 0.005941586742073222
10 5 11 4 0.005941586742073222
11 5 11 5 0.005941586742073222
10 10 4 4 0.005941586742073222
11 10 4 5 0.005941586742073222
10 11 5 4 0.005941586742073222
11 11 5 5 0.005941586742073222
10 0 6 6 0.00616139774263395
11 0 6 7 0.00616139774263395
10 1 7 6 0.00616139774263395
11 1 7 7 0.00616139774263395
10 6 0 6 0.00616139774263395
11 6 0 7 0.00616139774263395
10 7 1 6 0.00616139774263395
11 7 1 7 0.00616139774263395
10 6 10 6 0.005941586742073222
11 6 10 7 0.005941586742073222
10 7 11 6 0.005941586742073222
11 7 11 7 0.005941586742073222
10 10 6 6 0.005941586742073222
11 10 6 7 0.005941586742073222
10 11 7 6 0.005941586742073222
11 11 7 7 0.005941586742073222
10 0 2 8 0.0734290227884975
11 0 2 9 0.0734290227884975
10 1 3 8 0.0734290227884975
11 1 3 9 0.0734290227884975
10 0 8 8 -0.05726073219235732
11 0 8 9 -0.05726073219235732
10 1 9 8 -0.05726073219235732
11 1 9 9 -0.05726073219235732
10 2 0 8 0.07342902278849746
11 2 0 9 0.07342902278849746
10 3 1 8 0.07342902278849746
11 3 1 9 0.07342902278849746
10 2 10 8 -0.039072462549925586
11 2 10 9 -0.039072462549925586
10 3 11 8 -0.039072462549925586
11 3 11 9 -0.039072462549925586
10 8 0 8 -0.05726073219235697
11 8 0 9 -0.05726073219235697
10 9 1 8 -0.05726073219235697
11 9 1 9 -0.05726073219235697
10 8 10 8 0.07952344270800774
11 8 10 9 0.07952344270800774
10 9 11 8 0.07952344270800774
11 9 11 9 0.07952344270800774
10 10 2 8 -0.03907246254992568
11 10 2 9 -0.03907246254992568
10 11 3 8 -0.03907246254992568
11 11 3 9 -0.03907246254992568
10 10 8 8 0.07952344270800611
11 10 8 9 0.07952344270800611
10 11 9 8 0.07952344270800611
11 11 9 9 0.07952344270800611
10 0 0 10 0.2507109985628176
11 0 0 11 0.2507109985628176
10 1 1 10 0.2507109985628176
11 1 1 11 0.2507109985628176
10 0 10 10 -0.05510670579923479
11 0 10 11 -0.05510670579923479
10 1 11 10 -0.05510670579923479
11 1 11 11 -0.05510670579923479
10 2 2 10 0.23793695168620663
11 2 2 11 0.23793695168620663
10 3 3 10 0.23793695168620663
11 3 3 11 0.23793695168620663
10 2 8 10 -0.05455697274385669
11 2 8 11 -0.05455697274385669
10 3 9 10 -0.05455697274385669
11 3 9 11 -0.05455697274385669
10 4 4 10 0.19708312634069064
11 4 4 11 0.19708312634069064
10 5 5 10 0.19708312634069064
11 5 5 11 0.19708312634069064
10 6 6 10 0.19708312634069064
11 6 6 11 0.19708312634069064
10 7 7 10 0.19708312634069064
11 7 7 11 0.19708312634069064
10 8 2 10 -0.05455697274385686
11 8 2 11 -0.05455697274385686
10 9 3 10 -0.05455697274385686
11 9 3 11 -0.05455697274385686
10 8 8 10 0.2386078699235468
11 8 8 11 0.2386078699235468
10 9 9 10 0.2386078699235468
11 9 9 11 0.2386078699235468
10 10 0 10 -0.055106705799233366
11 10 0 11 -0.055106705799233366
10 11 1 10 -0.055106705799233366
11 11 1 11 -0.055106705799233366
10 10 10 10 0.2684783849058052
11 10 10 11 0.2684783849058052
10 11 11 10 0.2684783849058052
11 11 11 11 0.2684783849058052
