-12.186450141572209
0 0 -1.271719552647193
1 1 -1.271719552647193
0 8 -0.010999529034077193
1 9 -0.010999529034077193
2 2 -1.252232962703717
3 3 -1.252232962703717
2 10 -0.026190507817690722
3 11 -0.026190507817690722
4 4 -1.0201036012231235
5 5 -1.0201036012231235
6 6 -1.0201036012231235
7 7 -1.0201036012231235
8 0 -0.010999529034076805
9 1 -0.010999529034076805
8 8 -0.9978657137853765
9 9 -0.9978657137853765
10 2 -0.02619050781769039
11 3 -0.02619050781769039
10 10 -0.8560587913173043
11 11 -0.8560587913173043
0 0 0 0 0.17292477741102838
1 0 0 1 0.17292477741102838
0 1 1 0 0.17292477741102838
1 1 1 1 0.17292477741102838
0 0 8 0 -0.001803242830217813
1 0 8 1 -0.001803242830217813
0 1 9 0 -0.001803242830217813
1 1 9 1 -0.001803242830217813
0 2 2 0 0.1766060359223635
1 2 2 1 0.1766060359223635
0 3 3 0 0.1766060359223635
1 3 3 1 0.1766060359223635
0 2 10 0 0.003502970480755897
1 2 10 1 0.003502970480755897
0 3 11 0 0.003502970480755897
1 3 11 1 0.003502970480755897
0 4 4 0 0.1687275009316609
1 4 4 1 0.1687275009316609
0 5 5 0 0.1687275009316609
1 5 5 1 0.1687275009316609
0 6 6 0 0.1687275009316609
1 6 6 1 0.1687275009316609
0 7 7 0 0.1687275009316609
1 7 7 1 0.1687275009316609
0 8 0 0 -0.0018032428302178199
1 8 0 1 -0.0018032428302178199
0 9 1 0 -0.0018032428302178199
1 9 1 1 -0.0018032428302178199
0 8 8 0 0.17479532397123645
1 8 8 1 0.17479532397123645
0 9 9 0 0.17479532397123645
1 9 9 1 0.17479532397123645
0 10 2 0 0.003502970480755917
1 10 2 1 0.003502970480755917
0 11 3 0 0.003502970480755917
1 11 3 1 0.003502970480755917
0 10 10 0 0.18431475656373603
1 10 10 1 0.18431475656373603
0 11 11 0 0.18431475656373603
1 11 11 1 0.18431475656373603
0 0 2 2 0.07414953781099018
1 0 2 3 0.07414953781099018
0 1 3 2 0.07414953781099018
1 1 3 3 0.07414953781099018
0 0 10 2 -0.01676020199889002
1 0 10 3 -0.01676020199889002
0 1 11 2 -0.01676020199889002
1 1 11 3 -0.01676020199889002
0 2 0 2 0.07414953781099018
1 2 0 3 0.07414953781099018
0 3 1 2 0.07414953781099018
1 3 1 3 0.07414953781099018
0 2 8 2 -0.04681450592313946
1 2 8 3 -0.04681450592313946
0 3 9 2 -0.04681450592313946
1 3 9 3 -0.04681450592313946
0 8 2 2 -0.04681450592313946
1 8 2 3 -0.04681450592313946
0 9 3 2 -0.04681450592313946
1 9 3 3 -0.04681450592313946
0 8 10 2 0.066769577395334
1 8 10 3 0.066769577395334
0 9 11 2 0.066769577395334
1 9 11 3 0.066769577395334
0 10 0 2 -0.016760201998890018
1 10 0 3 -0.016760201998890018
0 11 1 2 -0.016760201998890018
1 11 1 3 -0.016760201998890018
0 10 8 2 0.066769577395334
1 10 8 3 0.066769577395334
0 11 9 2 0.066769577395334
1 11 9 3 0.066769577395334
0 0 4 4 0.0234571883737686
1 0 4 5 0.0234571883737686
0 1 5 4 0.0234571883737686
1 1 5 5 0.0234571883737686
0 4 0 4 0.0234571883737686
1 4 0 5 0.0234571883737686
0 5 1 4 0.0234571883737686
1 5 1 5 0.0234571883737686
0 4 8 4 0.02268685685778842
1 4 8 5 0.02268685685778842
0 5 9 4 0.02268685685778842
1 5 9 5 0.02268685685778842
0 8 4 4 0.02268685685778842
1 8 4 5 0.02268685685778842
0 9 5 4 0.02268685685778842
1 9 5 5 0.02268685685778842
0 0 6 6 0.0234571883737686
1 0 6 7 0.0234571883737686
0 1 7 6 0.0234571883737686
1 1 7 7 0.0234571883737686
0 6 0 6 0.0234571883737686
1 6 0 7 0.0234571883737686
0 7 1 6 0.0234571883737686
1 7 1 7 0.0234571883737686
0 6 8 6 0.02268685685778842
1 6 8 7 0.02268685685778842
0 7 9 6 0.02268685685778842
1 7 9 7 0.02268685685778842
0 8 6 6 0.02268685685778842
1 8 6 7 0.02268685685778842
0 9 7 6 0.02268685685778842
1 9 7 7 0.02268685685778842
0 0 0 8 -0.001803242830217832
1 0 0 9 -0.001803242830217832
0 1 1 8 -0.001803242830217832
1 1 1 9 -0.001803242830217832
0 0 8 8 0.04571465647299575
1 0 8 9 0.04571465647299575
0 1 9 8 0.04571465647299575
1 1 9 9 0.04571465647299575
0 2 2 8 -0.0197557583723717
1 2 2 9 -0.0197557583723717
0 3 3 8 -0.0197557583723717
1 3 3 9 -0.0197557583723717
0 2 10 8 0.04345158389071176
1 2 10 9 0.04345158389071176
0 3 11 8 0.04345158389071176
1 3 11 9 0.04345158389071176
0 4 4 8 0.04196610481722196
1 4 4 9 0.04196610481722196
0 5 5 8 0.04196610481722196
1 5 5 9 0.04196610481722196
0 6 6 8 0.04196610481722196
1 6 6 9 0.04196610481722196
0 7 7 8 0.04196610481722196
1 7 7 9 0.04196610481722196
0 8 0 8 0.04571465647299576
1 8 0 9 0.04571465647299576
0 9 1 8 0.04571465647299576
1 9 1 9 0.04571465647299576
0 8 8 8 -0.012367781139296513
1 8 8 9 -0.012367781139296513
0 9 9 8 -0.012367781139296513
1 9 9 9 -0.012367781139296513
0 10 2 8 0.04345158389071178
1 10 2 9 0.04345158389071178
0 11 3 8 0.04345158389071178
1 11 3 9 0.04345158389071178
0 10 10 8 -0.0005444033718873115
1 10 10 9 -0.0005444033718873115
0 11 11 8 -0.0005444033718873115
1 11 11 9 -0.0005444033718873115
0 0 2 10 -0.016760201998890025
1 0 2 11 -0.016760201998890025
0 1 3 10 -0.016760201998890025
1 1 3 11 -0.016760201998890025
0 0 10 10 0.029198250910876224
1 0 10 11 0.029198250910876224
0 1 11 10 0.029198250910876224
1 1 11 11 0.029198250910876224
0 2 0 10 -0.016760201998890032
1 2 0 11 -0.016760201998890032
0 3 1 10 -0.016760201998890032
1 3 1 11 -0.016760201998890032
0 2 8 10 0.03289185196571316
1 2 8 11 0.03289185196571316
0 3 9 10 0.03289185196571316
1 3 9 11 0.03289185196571316
0 8 2 10 0.032891851965713134
1 8 2 11 0.032891851965713134
0 9 3 10 0.032891851965713134
1 9 3 11 0.032891851965713134
0 8 10 10 -0.018658683895892394
1 8 10 11 -0.018658683895892394
0 9 11 10 -0.018658683895892394
1 9 11 11 -0.018658683895892394
0 10 0 10 0.029198250910876224
1 10 0 11 0.029198250910876224
0 11 1 10 0.029198250910876224
1 11 1 11 0.029198250910876224
0 10 8 10 -0.01865868389589239
1 10 8 11 -0.01865868389589239
0 11 9 10 -0.01865868389589239
1 11 9 11 -0.01865868389589239
2 0 2 0 0.0741495378109902
3 0 2 1 0.0741495378109902
2 1 3 0 0.0741495378109902
3 1 3 1 0.0741495378109902
2 0 10 0 -0.01676020199889002
3 0 10 1 -0.01676020199889002
2 1 11 0 -0.01676020199889002
3 1 11 1 -0.01676020199889002
2 2 0 0 0.0741495378109902
3 2 0 1 0.0741495378109902
2 3 1 0 0.0741495378109902
3 3 1 1 0.0741495378109902
2 2 8 0 -0.04681450592313946
3 2 8 1 -0.04681450592313946
2 3 9 0 -0.04681450592313946
3 3 9 1 -0.04681450592313946
2 8 2 0 -0.04681450592313945
3 8 2 1 -0.04681450592313945
2 9 3 0 -0.04681450592313945
3 9 3 1 -0.04681450592313945
2 8 10 0 0.066769577395334
3 8 10 1 0.066769577395334
2 9 11 0 0.066769577395334
3 9 11 1 0.066769577395334
2 10 0 0 -0.01676020199889002
3 10 0 1 -0.01676020199889002
2 11 1 0 -0.01676020199889002
3 11 1 1 -0.01676020199889002
2 10 8 0 0.066769577395334
3 10 8 1 0.066769577395334
2 11 9 0 0.066769577395334
3 11 9 1 0.066769577395334
2 0 0 2 0.17660603592236354
3 0 0 3 0.17660603592236354
2 1 1 2 0.17660603592236354
3 1 1 3 0.17660603592236354
2 0 8 2 -0.01975575837237169
3 0 8 3 -0.01975575837237169
2 1 9 2 -0.01975575837237169
3 1 9 3 -0.01975575837237169
2 2 2 2 0.18885888840364254
3 2 2 3 0.18885888840364254
2 3 3 2 0.18885888840364254
3 3 3 3 0.18885888840364254
2 2 10 2 -0.010670587205327976
3 2 10 3 -0.010670587205327976
2 3 11 2 -0.010670587205327976
3 3 11 3 -0.010670587205327976
2 4 4 2 0.15293660837910555
3 4 4 3 0.15293660837910555
2 5 5 2 0.15293660837910555
3 5 5 3 0.15293660837910555
2 6 6 2 0.15293660837910555
3 6 6 3 0.15293660837910555
2 7 7 2 0.15293660837910555
3 7 7 3 0.15293660837910555
2 8 0 2 -0.019755758372371705
3 8 0 3 -0.019755758372371705
2 9 1 2 -0.019755758372371705
3 9 1 3 -0.019755758372371705
2 8 8 2 0.18086127973425703
3 8 8 3 0.18086127973425703
2 9 9 2 0.18086127973425703
3 9 9 3 0.18086127973425703
2 10 2 2 -0.010670587205327953
3 10 2 3 -0.010670587205327953
2 11 3 2 -0.010670587205327953
3 11 3 3 -0.010670587205327953
2 10 10 2 0.18947502114653958
3 10 10 3 0.18947502114653958
2 11 11 2 0.18947502114653958
3 11 11 3 0.18947502114653958
2 2 4 4 0.005018192607513778
3 2 4 5 0.005018192607513778
2 3 5 4 0.005018192607513778
3 3 5 5 0.005018192607513778
2 4 2 4 0.005018192607513778
3 4 2 5 0.005018192607513778
2 5 3 4 0.005018192607513778
3 5 3 5 0.005018192607513778
2 4 10 4 0.0062379920627820195
3 4 10 5 0.0062379920627820195
2 5 11 4 0.0062379920627820195
3 5 11 5 0.0062379920627820195
2 10 4 4 0.0062379920627820195
3 10 4 5 0.0062379920627820195
2 11 5 4 0.0062379920627820195
3 11 5 5 0.0062379920627820195
2 2 6 6 0.005018192607513778
3 2 6 7 0.005018192607513778
2 3 7 6 0.005018192607513778
3 3 7 7 0.005018192607513778
2 6 2 6 0.005018192607513778
3 6 2 7 0.005018192607513778
2 7 3 6 0.005018192607513778
3 7 3 7 0.005018192607513778
2 6 10 6 0.0062379920627820195
3 6 10 7 0.0062379920627820195
2 7 11 6 0.0062379920627820195
3 7 11 7 0.0062379920627820195
2 10 6 6 0.0062379920627820195
3 10 6 7 0.0062379920627820195
2 11 7 6 0.0062379920627820195
3 11 7 7 0.0062379920627820195
2 0 2 8 -0.04681450592313946
3 0 2 9 -0.04681450592313946
2 1 3 8 -0.04681450592313946
3 1 3 9 -0.04681450592313946
2 0 10 8 0.032891851965713155
3 0 10 9 0.032891851965713155
2 1 11 8 0.032891851965713155
3 1 11 9 0.032891851965713155
2 2 0 8 -0.04681450592313946
3 2 0 9 -0.04681450592313946
2 3 1 8 -0.04681450592313946
3 3 1 9 -0.04681450592313946
2 2 8 8 0.04917920743725701
3 2 8 9 0.04917920743725701
2 3 9 8 0.04917920743725701
3 3 9 9 0.04917920743725701
2 8 2 8 0.04917920743725699
3 8 2 9 0.04917920743725699
2 9 3 8 0.04917920743725699
3 9 3 9 0.04917920743725699
2 8 10 8 -0.04529111642224818
3 8 10 9 -0.04529111642224818
2 9 11 8 -0.04529111642224818
3 9 11 9 -0.04529111642224818
2 10 0 8 0.032891851965713155
3 10 0 9 0.032891851965713155
2 11 1 8 0.032891851965713155
3 11 1 9 0.032891851965713155
2 10 8 8 -0.04529111642224817
3 10 8 9 -0.04529111642224817
2 11 9 8 -0.04529111642224817
3 11 9 9 -0.04529111642224817
2 0 0 10 0.0035029704807559153
3 0 0 11 0.0035029704807559153
2 1 1 10 0.0035029704807559153
3 1 1 11 0.0035029704807559153
2 0 8 10 0.043451583890711756
3 0 8 11 0.043451583890711756
2 1 9 10 0.043451583890711756
3 1 9 11 0.043451583890711756
2 2 2 10 -0.010670587205327983
3 2 2 11 -0.010670587205327983
2 3 3 10 -0.010670587205327983
3 3 3 11 -0.010670587205327983
2 2 10 10 0.04681593021777597
3 2 10 11 0.04681593021777597
2 3 11 10 0.04681593021777597
3 3 11 11 0.04681593021777597
2 4 4 10 0.04062268902499892
3 4 4 11 0.04062268902499892
2 5 5 10 0.04062268902499892
3 5 5 11 0.04062268902499892
2 6 6 10 0.04062268902499892
3 6 6 11 0.04062268902499892
2 7 7 10 0.04062268902499892
3 7 7 11 0.04062268902499892
2 8 0 10 0.04345158389071176
3 8 0 11 0.04345158389071176
2 9 1 10 0.04345158389071176
3 9 1 11 0.04345158389071176
2 8 8 10 -0.010001124496480406
3 8 8 11 -0.010001124496480406
2 9 9 10 -0.010001124496480406
3 9 9 11 -0.010001124496480406
2 10 2 10 0.04681593021777596
3 10 2 11 0.04681593021777596
2 11 3 10 0.04681593021777596
3 11 3 11 0.04681593021777596
2 10 10 10 0.008334456869649357
3 10 10 11 0.008334456869649357
2 11 11 10 0.008334456869649357
3 11 11 11 0.008334456869649357
4 0 4 0 0.0234571883737686
5 0 4 1 0.0234571883737686
4 1 5 0 0.0234571883737686
5 1 5 1 0.0234571883737686
4 4 0 0 0.0234571883737686
5 4 0 1 0.0234571883737686
4 5 1 0 0.0234571883737686
5 5 1 1 0.0234571883737686
4 4 8 0 0.02268685685778842
5 4 8 1 0.02268685685778842
4 5 9 0 0.02268685685778842
5 5 9 1 0.02268685685778842
4 8 4 0 0.02268685685778842
5 8 4 1 0.02268685685778842
4 9 5 0 0.02268685685778842
5 9 5 1 0.02268685685778842
4 2 4 2 0.005018192607513778
5 2 4 3 0.005018192607513778
4 3 5 2 0.005018192607513778
5 3 5 3 0.005018192607513778
4 4 2 2 0.005018192607513778
5 4 2 3 0.005018192607513778
4 5 3 2 0.005018192607513778
5 5 3 3 0.005018192607513778
4 4 10 2 0.0062379920627820195
5 4 10 3 0.0062379920627820195
4 5 11 2 0.0062379920627820195
5 5 11 3 0.0062379920627820195
4 10 4 2 0.0062379920627820195
5 10 4 3 0.0062379920627820195
4 11 5 2 0.0062379920627820195
5 11 5 3 0.0062379920627820195
4 0 0 4 0.1687275009316609
5 0 0 5 0.1687275009316609
4 1 1 4 0.1687275009316609
5 1 1 5 0.1687275009316609
4 0 8 4 0.04196610481722196
5 0 8 5 0.04196610481722196
4 1 9 4 0.04196610481722196
5 1 9 5 0.04196610481722196
4 2 2 4 0.15293660837910555
5 2 2 5 0.15293660837910555
4 3 3 4 0.15293660837910555
5 3 3 5 0.15293660837910555
4 2 10 4 0.04062268902499892
5 2 10 5 0.04062268902499892
4 3 11 4 0.04062268902499892
5 3 11 5 0.04062268902499892
4 4 4 4 0.224929545
5 4 4 5 0.224929545
4 5 5 4 0.224929545
5 5 5 5 0.224929545
4 6 6 4 0.2006801625
5 6 6 5 0.2006801625
4 7 7 4 0.2006801625
5 7 7 5 0.2006801625
4 8 0 4 0.04196610481722197
5 8 0 5 0.04196610481722197
4 9 1 4 0.04196610481722197
5 9 1 5 0.04196610481722197
4 8 8 4 0.16465143927365025
5 8 8 5 0.16465143927365025
4 9 9 4 0.16465143927365025
5 9 9 5 0.16465143927365025
4 10 2 4 0.04062268902499891
5 10 2 5 0.04062268902499891
4 11 3 4 0.04062268902499891
5 11 3 5 0.04062268902499891
4 10 10 4 0.18077375090357833
5 10 10 5 0.18077375090357833
4 11 11 4 0.18077375090357833
5 11 11 5 0.18077375090357833
4 4 6 6 0.0121246915
5 4 6 7 0.0121246915
4 5 7 6 0.0121246915
5 5 7 7 0.0121246915
4 6 4 6 0.0121246915
5 6 4 7 0.0121246915
4 7 5 6 0.0121246915
5 7 5 7 0.0121246915
4 0 4 8 0.022686856857788425
5 0 4 9 0.022686856857788425
4 1 5 8 0.022686856857788425
5 1 5 9 0.022686856857788425
4 4 0 8 0.022686856857788425
5 4 0 9 0.022686856857788425
4 5 1 8 0.022686856857788425
5 5 1 9 0.022686856857788425
4 4 8 8 0.022794182502621805
5 4 8 9 0.022794182502621805
4 5 9 8 0.022794182502621805
5 5 9 9 0.022794182502621805
4 8 4 8 0.022794182502621805
5 8 4 9 0.022794182502621805
4 9 5 8 0.022794182502621805
5 9 5 9 0.022794182502621805
4 2 4 10 0.006237992062782022
5 2 4 11 0.006237992062782022
4 3 5 10 0.006237992062782022
5 3 5 11 0.006237992062782022
4 4 2 10 0.006237992062782022
5 4 2 11 0.006237992062782022
4 5 3 10 0.006237992062782022
5 5 3 11 0.006237992062782022
4 4 10 10 0.008623826887275162
5 4 10 11 0.008623826887275162
4 5 11 10 0.008623826887275162
5 5 11 11 0.008623826887275162
4 10 4 10 0.008623826887275162
5 10 4 11 0.008623826887275162
4 11 5 10 0.008623826887275162
5 11 5 11 0.008623826887275162
6 0 6 0 0.0234571883737686
7 0 6 1 0.0234571883737686
6 1 7 0 0.0234571883737686
7 1 7 1 0.0234571883737686
6 6 0 0 0.0234571883737686
7 6 0 1 0.0234571883737686
6 7 1 0 0.0234571883737686
7 7 1 1 0.0234571883737686
6 6 8 0 0.02268685685778842
7 6 8 1 0.02268685685778842
6 7 9 0 0.02268685685778842
7 7 9 1 0.02268685685778842
6 8 6 0 0.02268685685778842
7 8 6 1 0.02268685685778842
6 9 7 0 0.02268685685778842
7 9 7 1 0.02268685685778842
6 2 6 2 0.005018192607513778
7 2 6 3 0.005018192607513778
6 3 7 2 0.005018192607513778
7 3 7 3 0.005018192607513778
6 6 2 2 0.005018192607513778
7 6 2 3 0.005018192607513778
6 7 3 2 0.005018192607513778
7 7 3 3 0.005018192607513778
6 6 10 2 0.0062379920627820195
7 6 10 3 0.0062379920627820195
6 7 11 2 0.0062379920627820195
7 7 11 3 0.0062379920627820195
6 10 6 2 0.0062379920627820195
7 10 6 3 0.0062379920627820195
6 11 7 2 0.0062379920627820195
7 11 7 3 0.0062379920627820195
6 4 6 4 0.0121246915
7 4 6 5 0.0121246915
6 5 7 4 0.0121246915
7 5 7 5 0.0121246915
6 6 4 4 0.0121246915
7 6 4 5 0.0121246915
6 7 5 4 0.0121246915
7 7 5 5 0.0121246915
6 0 0 6 0.1687275009316609
7 0 0 7 0.1687275009316609
6 1 1 6 0.1687275009316609
7 1 1 7 0.1687275009316609
6 0 8 6 0.04196610481722196
7 0 8 7 0.04196610481722196
6 1 9 6 0.04196610481722196
7 1 9 7 0.04196610481722196
6 2 2 6 0.15293660837910555
7 2 2 7 0.15293660837910555
6 3 3 6 0.15293660837910555
7 3 3 7 0.15293660837910555
6 2 10 6 0.04062268902499892
7 2 10 7 0.04062268902499892
6 3 11 6 0.04062268902499892
7 3 11 7 0.04062268902499892
6 4 4 6 0.2006801625
7 4 4 7 0.2006801625
6 5 5 6 0.2006801625
7 5 5 7 0.2006801625
6 6 6 6 0.224929545
7 6 6 7 0.224929545
6 7 7 6 0.224929545
7 7 7 7 0.224929545
6 8 0 6 0.04196610481722197
7 8 0 7 0.04196610481722197
6 9 1 6 0.04196610481722197
7 9 1 7 0.04196610481722197
6 8 8 6 0.16465143927365025
7 8 8 7 0.16465143927365025
6 9 9 6 0.16465143927365025
7 9 9 7 0.16465143927365025
6 10 2 6 0.04062268902499891
7 10 2 7 0.04062268902499891
6 11 3 6 0.04062268902499891
7 11 3 7 0.04062268902499891
6 10 10 6 0.18077375090357833
7 10 10 7 0.18077375090357833
6 11 11 6 0.18077375090357833
7 11 11 7 0.18077375090357833
6 0 6 8 0.022686856857788425
7 0 6 9 0.022686856857788425
6 1 7 8 0.022686856857788425
7 1 7 9 0.022686856857788425
6 6 0 8 0.022686856857788425
7 6 0 9 0.022686856857788425
6 7 1 8 0.022686856857788425
7 7 1 9 0.022686856857788425
6 6 8 8 0.022794182502621805
7 6 8 9 0.022794182502621805
6 7 9 8 0.022794182502621805
7 7 9 9 0.022794182502621805
6 8 6 8 0.022794182502621805
7 8 6 9 0.022794182502621805
6 9 7 8 0.022794182502621805
7 9 7 9 0.022794182502621805
6 2 6 10 0.006237992062782022
7 2 6 11 0.006237992062782022
6 3 7 10 0.006237992062782022
7 3 7 11 0.006237992062782022
6 6 2 10 0.006237992062782022
7 6 2 11 0.006237992062782022
6 7 3 10 0.006237992062782022
7 7 3 11 0.006237992062782022
6 6 10 10 0.008623826887275162
7 6 10 11 0.008623826887275162
6 7 11 10 0.008623826887275162
7 7 11 11 0.008623826887275162
6 10 6 10 0.008623826887275162
7 10 6 11 0.008623826887275162
6 11 7 10 0.008623826887275162
7 11 7 11 0.008623826887275162
8 0 0 0 -0.0018032428302178216
9 0 0 1 -0.0018032428302178216
8 1 1 0 -0.0018032428302178216
9 1 1 1 -0.0018032428302178216
8 0 8 0 0.045714656472995746
9 0 8 1 0.045714656472995746
8 1 9 0 0.045714656472995746
9 1 9 1 0.045714656472995746
8 2 2 0 -0.019755758372371687
9 2 2 1 -0.019755758372371687
8 3 3 0 -0.019755758372371687
9 3 3 1 -0.019755758372371687
8 2 10 0 0.04345158389071176
9 2 10 1 0.04345158389071176
8 3 11 0 0.04345158389071176
9 3 11 1 0.04345158389071176
8 4 4 0 0.04196610481722197
9 4 4 1 0.04196610481722197
8 5 5 0 0.04196610481722197
9 5 5 1 0.04196610481722197
8 6 6 0 0.04196610481722197
9 6 6 1 0.04196610481722197
8 7 7 0 0.04196610481722197
9 7 7 1 0.04196610481722197
8 8 0 0 0.04571465647299577
9 8 0 1 0.04571465647299577
8 9 1 0 0.04571465647299577
9 9 1 1 0.04571465647299577
8 8 8 0 -0.0123677811392965
9 8 8 1 -0.0123677811392965
8 9 9 0 -0.0123677811392965
9 9 9 1 -0.0123677811392965
8 10 2 0 0.04345158389071177
9 10 2 1 0.04345158389071177
8 11 3 0 0.04345158389071177
9 11 3 1 0.04345158389071177
8 10 10 0 -0.0005444033718873531
9 10 10 1 -0.0005444033718873531
8 11 11 0 -0.0005444033718873531
9 11 11 1 -0.0005444033718873531
8 0 2 2 -0.04681450592313946
9 0 2 3 -0.04681450592313946
8 1 3 2 -0.04681450592313946
9 1 3 3 -0.04681450592313946
8 0 10 2 0.03289185196571315
9 0 10 3 0.03289185196571315
8 1 11 2 0.03289185196571315
9 1 11 3 0.03289185196571315
8 2 0 2 -0.04681450592313947
9 2 0 3 -0.04681450592313947
8 3 1 2 -0.04681450592313947
9 3 1 3 -0.04681450592313947
8 2 8 2 0.04917920743725702
9 2 8 3 0.04917920743725702
8 3 9 2 0.04917920743725702
9 3 9 3 0.04917920743725702
8 8 2 2 0.049179207437257
9 8 2 3 0.049179207437257
8 9 3 2 0.049179207437257
9 9 3 3 0.049179207437257
8 8 10 2 -0.04529111642224819
9 8 10 3 -0.04529111642224819
8 9 11 2 -0.04529111642224819
9 9 11 3 -0.04529111642224819
8 10 0 2 0.03289185196571315
9 10 0 3 0.03289185196571315
8 11 1 2 0.03289185196571315
9 11 1 3 0.03289185196571315
8 10 8 2 -0.04529111642224817
9 10 8 3 -0.04529111642224817
8 11 9 2 -0.04529111642224817
9 11 9 3 -0.04529111642224817
8 0 4 4 0.022686856857788425
9 0 4 5 0.022686856857788425
8 1 5 4 0.022686856857788425
9 1 5 5 0.022686856857788425
8 4 0 4 0.022686856857788425
9 4 0 5 0.022686856857788425
8 5 1 4 0.022686856857788425
9 5 1 5 0.022686856857788425
8 4 8 4 0.022794182502621805
9 4 8 5 0.022794182502621805
8 5 9 4 0.022794182502621805
9 5 9 5 0.022794182502621805
8 8 4 4 0.022794182502621805
9 8 4 5 0.022794182502621805
8 9 5 4 0.022794182502621805
9 9 5 5 0.022794182502621805
8 0 6 6 0.022686856857788425
9 0 6 7 0.022686856857788425
8 1 7 6 0.022686856857788425
9 1 7 7 0.022686856857788425
8 6 0 6 0.022686856857788425
9 6 0 7 0.022686856857788425
8 7 1 6 0.022686856857788425
9 7 1 7 0.022686856857788425
8 6 8 6 0.022794182502621805
9 6 8 7 0.022794182502621805
8 7 9 6 0.022794182502621805
9 7 9 7 0.022794182502621805
8 8 6 6 0.022794182502621805
9 8 6 7 0.022794182502621805
8 9 7 6 0.022794182502621805
9 9 7 7 0.022794182502621805
8 0 0 8 0.17479532397123643
9 0 0 9 0.17479532397123643
8 1 1 8 0.17479532397123643
9 1 1 9 0.17479532397123643
8 0 8 8 -0.012367781139296492
9 0 8 9 -0.012367781139296492
8 1 9 8 -0.012367781139296492
9 1 9 9 -0.012367781139296492
8 2 2 8 0.18086127973425703
9 2 2 9 0.18086127973425703
8 3 3 8 0.18086127973425703
9 3 3 9 0.18086127973425703
8 2 10 8 -0.010001124496480406
9 2 10 9 -0.010001124496480406
8 3 11 8 -0.010001124496480406
9 3 11 9 -0.010001124496480406
8 4 4 8 0.16465143927365025
9 4 4 9 0.16465143927365025
8 5 5 8 0.16465143927365025
9 5 5 9 0.16465143927365025
8 6 6 8 0.16465143927365025
9 6 6 9 0.16465143927365025
8 7 7 8 0.16465143927365025
9 7 7 9 0.16465143927365025
8 8 0 8 -0.01236778113929652
9 8 0 9 -0.01236778113929652
8 9 1 8 -0.01236778113929652
9 9 1 9 -0.01236778113929652
8 8 8 8 0.183877454378581
9 8 8 9 0.183877454378581
8 9 9 8 0.183877454378581
9 9 9 9 0.183877454378581
8 10 2 8 -0.01000112449648035
9 10 2 9 -0.01000112449648035
8 11 3 8 -0.01000112449648035
9 11 3 9 -0.01000112449648035
8 10 10 8 0.18846583546045798
9 10 10 9 0.18846583546045798
8 11 11 8 0.18846583546045798
9 11 11 9 0.18846583546045798
8 0 2 10 0.066769577395334
9 0 2 11 0.066769577395334
8 1 3 10 0.066769577395334
9 1 3 11 0.066769577395334
8 0 10 10 -0.018658683895892397
9 0 10 11 -0.018658683895892397
8 1 11 10 -0.018658683895892397
9 1 11 11 -0.018658683895892397
8 2 0 10 0.06676957739533401
9 2 0 11 0.06676957739533401
8 3 1 10 0.06676957739533401
9 3 1 11 0.06676957739533401
8 2 8 10 -0.04529111642224819
9 2 8 11 -0.04529111642224819
8 3 9 10 -0.04529111642224819
9 3 9 11 -0.04529111642224819
8 8 2 10 -0.04529111642224816
9 8 2 11 -0.04529111642224816
8 9 3 10 -0.04529111642224816
9 9 3 11 -0.04529111642224816
8 8 10 10 0.06493468732090904
9 8 10 11 0.06493468732090904
8 9 11 10 0.06493468732090904
9 9 11 11 0.06493468732090904
8 10 0 10 -0.018658683895892397
9 10 0 11 -0.018658683895892397
8 11 1 10 -0.018658683895892397
9 11 1 11 -0.018658683895892397
8 10 8 10 0.06493468732090907
9 10 8 11 0.06493468732090907
8 11 9 10 0.06493468732090907
9 11 9 11 0.06493468732090907
10 0 2 0 -0.01676020199889002
11 0 2 1 -0.01676020199889002
10 1 3 0 -0.01676020199889002
11 1 3 1 -0.01676020199889002
10 0 10 0 0.029198250910876217
11 0 10 1 0.029198250910876217
10 1 11 0 0.029198250910876217
11 1 11 1 0.029198250910876217
10 2 0 0 -0.01676020199889002
11 2 0 1 -0.01676020199889002
10 3 1 0 -0.01676020199889002
11 3 1 1 -0.01676020199889002
10 2 8 0 0.03289185196571316
11 2 8 1 0.03289185196571316
10 3 9 0 0.03289185196571316
11 3 9 1 0.03289185196571316
10 8 2 0 0.032891851965713134
11 8 2 1 0.032891851965713134
10 9 3 0 0.032891851965713134
11 9 3 1 0.032891851965713134
10 8 10 0 -0.018658683895892397
11 8 10 1 -0.018658683895892397
10 9 11 0 -0.018658683895892397
11 9 11 1 -0.018658683895892397
10 10 0 0 0.029198250910876224
11 10 0 1 0.029198250910876224
10 11 1 0 0.029198250910876224
11 11 1 1 0.029198250910876224
10 10 8 0 -0.01865868389589239
11 10 8 1 -0.01865868389589239
10 11 9 0 -0.01865868389589239
11 11 9 1 -0.01865868389589239
10 0 0 2 0.0035029704807559153
11 0 0 3 0.0035029704807559153
10 1 1 2 0.0035029704807559153
11 1 1 3 0.0035029704807559153
10 0 8 2 0.04345158389071176
11 0 8 3 0.04345158389071176
10 1 9 2 0.04345158389071176
11 1 9 3 0.04345158389071176
10 2 2 2 -0.010670587205327944
11 2 2 3 -0.010670587205327944
10 3 3 2 -0.010670587205327944
11 3 3 3 -0.010670587205327944
10 2 10 2 0.04681593021777597
11 2 10 3 0.04681593021777597
10 3 11 2 0.04681593021777597
11 3 11 3 0.04681593021777597
10 4 4 2 0.04062268902499891
11 4 4 3 0.04062268902499891
10 5 5 2 0.04062268902499891
11 5 5 3 0.04062268902499891
10 6 6 2 0.04062268902499891
11 6 6 3 0.04062268902499891
10 7 7 2 0.04062268902499891
11 7 7 3 0.04062268902499891
10 8 0 2 0.04345158389071177
11 8 0 3 0.04345158389071177
10 9 1 2 0.04345158389071177
11 9 1 3 0.04345158389071177
10 8 8 2 -0.010001124496480426
11 8 8 3 -0.010001124496480426
10 9 9 2 -0.010001124496480426
11 9 9 3 -0.010001124496480426
10 10 2 2 0.04681593021777597
11 10 2 3 0.04681593021777597
10 11 3 2 0.04681593021777597
11 11 3 3 0.04681593021777597
10 10 10 2 0.008334456869649384
11 10 10 3 0.008334456869649384
10 11 11 2 0.008334456869649384
11 11 11 3 0.008334456869649384
10 2 4 4 0.006237992062782022
11 2 4 5 0.006237992062782022
10 3 5 4 0.006237992062782022
11 3 5 5 0.006237992062782022
10 4 2 4 0.006237992062782022
11 4 2 5 0.006237992062782022
10 5 3 4 0.006237992062782022
11 5 3 5 0.006237992062782022
10 4 10 4 0.008623826887275162
11 4 10 5 0.008623826887275162
10 5 11 4 0.008623826887275162
11 5 11 5 0.008623826887275162
10 10 4 4 0.008623826887275162
11 10 4 5 0.008623826887275162
10 11 5 4 0.008623826887275162
11 11 5 5 0.008623826887275162
10 2 6 6 0.006237992062782022
11 2 6 7 0.006237992062782022
10 3 7 6 0.006237992062782022
11 3 7 7 0.006237992062782022
10 6 2 6 0.006237992062782022
11 6 2 7 0.006237992062782022
10 7 3 6 0.006237992062782022
11 7 3 7 0.006237992062782022
10 6 10 6 0.008623826887275162
11 6 10 7 0.008623826887275162
10 7 11 6 0.008623826887275162
11 7 11 7 0.008623826887275162
10 10 6 6 0.008623826887275162
11 10 6 7 0.008623826887275162
10 11 7 6 0.008623826887275162
11 11 7 7 0.008623826887275162
10 0 2 8 0.06676957739533401
11 0 2 9 0.06676957739533401
10 1 3 8 0.06676957739533401
11 1 3 9 0.06676957739533401
10 0 10 8 -0.018658683895892397
11 0 10 9 -0.018658683895892397
10 1 11 8 -0.018658683895892397
11 1 11 9 -0.018658683895892397
10 2 0 8 0.066769577395334
11 2 0 9 0.066769577395334
10 3 1 8 0.066769577395334
11 3 1 9 0.066769577395334
10 2 8 8 -0.04529111642224818
11 2 8 9 -0.04529111642224818
10 3 9 8 -0.04529111642224818
11 3 9 9 -0.04529111642224818
10 8 2 8 -0.04529111642224816
11 8 2 9 -0.04529111642224816
10 9 3 8 -0.04529111642224816
11 9 3 9 -0.04529111642224816
10 8 10 8 0.06493468732090905
11 8 10 9 0.06493468732090905
10 9 11 8 0.06493468732090905
11 9 11 9 0.06493468732090905
10 10 0 8 -0.018658683895892404
11 10 0 9 -0.018658683895892404
10 11 1 8 -0.018658683895892404
11 11 1 9 -0.018658683895892404
10 10 8 8 0.06493468732090907
11 10 8 9 0.06493468732090907
10 11 9 8 0.06493468732090907
11 11 9 9 0.06493468732090907
10 0 0 10 0.18431475656373605
11 0 0 11 0.18431475656373605
10 1 1 10 0.18431475656373605
11 1 1 11 0.18431475656373605
10 0 8 10 -0.0005444033718873115
11 0 8 11 -0.0005444033718873115
10 1 9 10 -0.0005444033718873115
11 1 9 11 -0.0005444033718873115
10 2 2 10 0.18947502114653958
11 2 2 11 0.18947502114653958
10 3 3 10 0.18947502114653958
11 3 3 11 0.18947502114653958
10 2 10 10 0.008334456869649367
11 2 10 11 0.008334456869649367
10 3 11 10 0.008334456869649367
11 3 11 11 0.008334456869649367
10 4 4 10 0.18077375090357833
11 4 4 11 0.18077375090357833
10 5 5 10 0.18077375090357833
11 5 5 11 0.18077375090357833
10 6 6 10 0.18077375090357833
11 6 6 11 0.18077375090357833
10 7 7 10 0.18077375090357833
11 7 7 11 0.18077375090357833
10 8 0 10 -0.0005444033718873496
11 8 0 11 -0.0005444033718873496
10 9 1 10 -0.0005444033718873496
11 9 1 11 -0.0005444033718873496
10 8 8 10 0.18846583546045795
11 8 8 11 0.18846583546045795
10 9 9 10 0.18846583546045795
11 9 9 11 0.18846583546045795
10 10 2 10 0.008334456869649367
11 10 2 11 0.008334456869649367
10 11 3 10 0.008334456869649367
11 11 3 11 0.008334456869649367
10 10 10 10 0.20732175362057503
11 10 10 11 0.20732175362057503
10 11 11 10 0.20732175362057503
11 11 11 11 0.20732175362057503
