-10.793281061820522
0 0 -1.743246228899399
1 1 -1.743246228899399
0 8 0.11164419677413955
1 9 0.11164419677413955
2 2 -1.7643393981669673
3 3 -1.7643393981669673
2 10 0.08822517175284393
3 11 0.08822517175284393
4 4 -1.3416488207429487
5 5 -1.3416488207429487
6 6 -1.3416488207429487
7 7 -1.3416488207429487
8 0 0.11164419677413936
9 1 0.11164419677413936
8 8 -0.9657961859273163
9 9 -0.9657961859273163
10 2 0.08822517175284424
11 3 0.08822517175284424
10 10 -0.08877600491031479
11 11 -0.08877600491031479
0 0 0 0 0.2271839594669947
1 0 0 1 0.2271839594669947
0 1 1 0 0.2271839594669947
1 1 1 1 0.2271839594669947
0 0 8 0 -0.02852106162556737
1 0 8 1 -0.02852106162556737
0 1 9 0 -0.02852106162556737
1 1 9 1 -0.02852106162556737
0 2 2 0 0.2327219900631689
1 2 2 1 0.2327219900631689
0 3 3 0 0.2327219900631689
1 3 3 1 0.2327219900631689
0 2 10 0 -0.02142520465440237
1 2 10 1 -0.02142520465440237
0 3 11 0 -0.02142520465440237
1 3 11 1 -0.02142520465440237
0 4 4 0 0.20331188282556442
1 4 4 1 0.20331188282556442
0 5 5 0 0.20331188282556442
1 5 5 1 0.20331188282556442
0 6 6 0 0.20331188282556442
1 6 6 1 0.20331188282556442
0 7 7 0 0.20331188282556442
1 7 7 1 0.20331188282556442
0 8 0 0 -0.028521061625567366
1 8 0 1 -0.028521061625567366
0 9 1 0 -0.028521061625567366
1 9 1 1 -0.028521061625567366
0 8 8 0 0.21763780774064306
1 8 8 1 0.21763780774064306
0 9 9 0 0.21763780774064306
1 9 9 1 0.21763780774064306
0 10 2 0 -0.021425204654402362
1 10 2 1 -0.021425204654402362
0 11 3 0 -0.021425204654402362
1 11 3 1 -0.021425204654402362
0 10 10 0 0.238882447421389
1 10 10 1 0.238882447421389
0 11 11 0 0.238882447421389
1 11 11 1 0.238882447421389
0 0 2 2 0.08345771668848019
1 0 2 3 0.08345771668848019
0 1 3 2 0.08345771668848019
1 1 3 3 0.08345771668848019
0 0 10 2 -0.029494078664113473
1 0 10 3 -0.029494078664113473
0 1 11 2 -0.029494078664113473
1 1 11 3 -0.029494078664113473
0 2 0 2 0.08345771668848019
1 2 0 3 0.08345771668848019
0 3 1 2 0.08345771668848019
1 3 1 3 0.08345771668848019
0 2 8 2 -0.05359242976120296
1 2 8 3 -0.05359242976120296
0 3 9 2 -0.05359242976120296
1 3 9 3 -0.05359242976120296
0 8 2 2 -0.05359242976120296
1 8 2 3 -0.05359242976120296
0 9 3 2 -0.05359242976120296
1 9 3 3 -0.05359242976120296
0 8 10 2 0.07362208703853687
1 8 10 3 0.07362208703853687
0 9 11 2 0.07362208703853687
1 9 11 3 0.07362208703853687
0 10 0 2 -0.029494078664113445
1 10 0 3 -0.029494078664113445
0 11 1 2 -0.029494078664113445
1 11 1 3 -0.029494078664113445
0 10 8 2 0.07362208703853682
1 10 8 3 0.07362208703853682
0 11 9 2 0.07362208703853682
1 11 9 3 0.07362208703853682
0 0 4 4 0.028851329135425048
1 0 4 5 0.028851329135425048
0 1 5 4 0.028851329135425048
1 1 5 5 0.028851329135425048
0 4 0 4 0.028851329135425048
1 4 0 5 0.028851329135425048
0 5 1 4 0.028851329135425048
1 5 1 5 0.028851329135425048
0 4 8 4 0.023182398806086534
1 4 8 5 0.023182398806086534
0 5 9 4 0.023182398806086534
1 5 9 5 0.023182398806086534
0 8 4 4 0.023182398806086534
1 8 4 5 0.023182398806086534
0 9 5 4 0.023182398806086534
1 9 5 5 0.023182398806086534
0 0 6 6 0.028851329135425048
1 0 6 7 0.028851329135425048
0 1 7 6 0.028851329135425048
1 1 7 7 0.028851329135425048
0 6 0 6 0.028851329135425048
1 6 0 7 0.028851329135425048
0 7 1 6 0.028851329135425048
1 7 1 7 0.028851329135425048
0 6 8 6 0.023182398806086534
1 6 8 7 0.023182398806086534
0 7 9 6 0.023182398806086534
1 7 9 7 0.023182398806086534
0 8 6 6 0.023182398806086534
1 8 6 7 0.023182398806086534
0 9 7 6 0.023182398806086534
1 9 7 7 0.023182398806086534
0 0 0 8 -0.028521061625567397
1 0 0 9 -0.028521061625567397
0 1 1 8 -0.028521061625567397
1 1 1 9 -0.028521061625567397
0 0 8 8 0.03523828711378191
1 0 8 9 0.03523828711378191
0 1 9 8 0.03523828711378191
1 1 9 9 0.03523828711378191
0 2 2 8 -0.040446599651167425
1 2 2 9 -0.040446599651167425
0 3 3 8 -0.040446599651167425
1 3 3 9 -0.040446599651167425
0 2 10 8 0.03275316583976981
1 2 10 9 0.03275316583976981
0 3 11 8 0.03275316583976981
1 3 11 9 0.03275316583976981
0 4 4 8 0.004192354912026779
1 4 4 9 0.004192354912026779
0 5 5 8 0.004192354912026779
1 5 5 9 0.004192354912026779
0 6 6 8 0.004192354912026779
1 6 6 9 0.004192354912026779
0 7 7 8 0.004192354912026779
1 7 7 9 0.004192354912026779
0 8 0 8 0.03523828711378182
1 8 0 9 0.03523828711378182
0 9 1 8 0.03523828711378182
1 9 1 9 0.03523828711378182
0 8 8 8 -0.03242596710554342
1 8 8 9 -0.03242596710554342
0 9 9 8 -0.03242596710554342
1 9 9 9 -0.03242596710554342
0 10 2 8 0.032753165839769754
1 10 2 9 0.032753165839769754
0 11 3 8 0.032753165839769754
1 11 3 9 0.032753165839769754
0 10 10 8 -0.04751686394039879
1 10 10 9 -0.04751686394039879
0 11 11 8 -0.04751686394039879
1 11 11 9 -0.04751686394039879
0 0 2 10 -0.02949407866411345
1 0 2 11 -0.02949407866411345
0 1 3 10 -0.02949407866411345
1 1 3 11 -0.02949407866411345
0 0 10 10 0.028947369829544718
1 0 10 11 0.028947369829544718
0 1 11 10 0.028947369829544718
1 1 11 11 0.028947369829544718
0 2 0 10 -0.02949407866411348
1 2 0 11 -0.02949407866411348
0 3 1 10 -0.02949407866411348
1 3 1 11 -0.02949407866411348
0 2 8 10 0.032488255750809554
1 2 8 11 0.032488255750809554
0 3 9 10 0.032488255750809554
1 3 9 11 0.032488255750809554
0 8 2 10 0.032488255750809505
1 8 2 11 0.032488255750809505
0 9 3 10 0.032488255750809505
1 9 3 11 0.032488255750809505
0 8 10 10 -0.038072359581477803
1 8 10 11 -0.038072359581477803
0 9 11 10 -0.038072359581477803
1 9 11 11 -0.038072359581477803
0 10 0 10 0.028947369829544763
1 10 0 11 0.028947369829544763
0 11 1 10 0.028947369829544763
1 11 1 11 0.028947369829544763
0 10 8 10 -0.03807235958147782
1 10 8 11 -0.03807235958147782
0 11 9 10 -0.03807235958147782
1 11 9 11 -0.03807235958147782
2 0 2 0 0.08345771668848016
3 0 2 1 0.08345771668848016
2 1 3 0 0.08345771668848016
3 1 3 1 0.08345771668848016
2 0 10 0 -0.029494078664113473
3 0 10 1 -0.029494078664113473
2 1 11 0 -0.029494078664113473
3 1 11 1 -0.029494078664113473
2 2 0 0 0.08345771668848018
3 2 0 1 0.08345771668848018
2 3 1 0 0.08345771668848018
3 3 1 1 0.08345771668848018
2 2 8 0 -0.05359242976120296
3 2 8 1 -0.05359242976120296
2 3 9 0 -0.05359242976120296
3 3 9 1 -0.05359242976120296
2 8 2 0 -0.053592429761202966
3 8 2 1 -0.053592429761202966
2 9 3 0 -0.053592429761202966
3 9 3 1 -0.053592429761202966
2 8 10 0 0.07362208703853687
3 8 10 1 0.07362208703853687
2 9 11 0 0.07362208703853687
3 9 11 1 0.07362208703853687
2 10 0 0 -0.029494078664113445
3 10 0 1 -0.029494078664113445
2 11 1 0 -0.029494078664113445
3 11 1 1 -0.029494078664113445
2 10 8 0 0.0736220870385368
3 10 8 1 0.0736220870385368
2 11 9 0 0.0736220870385368
3 11 9 1 0.0736220870385368
2 0 0 2 0.23272199006316893
3 0 0 3 0.23272199006316893
2 1 1 2 0.23272199006316893
3 1 1 3 0.23272199006316893
2 0 8 2 -0.04044659965116745
3 0 8 3 -0.04044659965116745
2 1 9 2 -0.04044659965116745
3 1 9 3 -0.04044659965116745
2 2 2 2 0.24384172035326118
3 2 2 3 0.24384172035326118
2 3 3 2 0.24384172035326118
3 3 3 3 0.24384172035326118
2 2 10 2 -0.0307565732807433
3 2 10 3 -0.0307565732807433
2 3 11 2 -0.0307565732807433
3 3 11 3 -0.0307565732807433
2 4 4 2 0.19752114535188797
3 4 4 3 0.19752114535188797
2 5 5 2 0.19752114535188797
3 5 5 3 0.19752114535188797
2 6 6 2 0.19752114535188797
3 6 6 3 0.19752114535188797
2 7 7 2 0.19752114535188797
3 7 7 3 0.19752114535188797
2 8 0 2 -0.04044659965116747
3 8 0 3 -0.04044659965116747
2 9 1 2 -0.04044659965116747
3 9 1 3 -0.04044659965116747
2 8 8 2 0.22348054518453014
3 8 8 3 0.22348054518453014
2 9 9 2 0.22348054518453014
3 9 9 3 0.22348054518453014
2 10 2 2 -0.030756573280743296
3 10 2 3 -0.030756573280743296
2 11 3 2 -0.030756573280743296
3 11 3 3 -0.030756573280743296
2 10 10 2 0.24979488268749106
3 10 10 3 0.24979488268749106
2 11 11 2 0.24979488268749106
3 11 11 3 0.24979488268749106
2 2 4 4 0.009507023053622589
3 2 4 5 0.009507023053622589
2 3 5 4 0.009507023053622589
3 3 5 5 0.009507023053622589
2 4 2 4 0.009507023053622589
3 4 2 5 0.009507023053622589
2 5 3 4 0.009507023053622589
3 5 3 5 0.009507023053622589
2 4 10 4 0.00666350665957273
3 4 10 5 0.00666350665957273
2 5 11 4 0.00666350665957273
3 5 11 5 0.00666350665957273
2 10 4 4 0.00666350665957273
3 10 4 5 0.00666350665957273
2 11 5 4 0.00666350665957273
3 11 5 5 0.00666350665957273
2 2 6 6 0.009507023053622589
3 2 6 7 0.009507023053622589
2 3 7 6 0.009507023053622589
3 3 7 7 0.009507023053622589
2 6 2 6 0.009507023053622589
3 6 2 7 0.009507023053622589
2 7 3 6 0.009507023053622589
3 7 3 7 0.009507023053622589
2 6 10 6 0.00666350665957273
3 6 10 7 0.00666350665957273
2 7 11 6 0.00666350665957273
3 7 11 7 0.00666350665957273
2 10 6 6 0.00666350665957273
3 10 6 7 0.00666350665957273
2 11 7 6 0.00666350665957273
3 11 7 7 0.00666350665957273
2 0 2 8 -0.053592429761202987
3 0 2 9 -0.053592429761202987
2 1 3 8 -0.053592429761202987
3 1 3 9 -0.053592429761202987
2 0 10 8 0.03248825575080959
3 0 10 9 0.03248825575080959
2 1 11 8 0.03248825575080959
3 1 11 9 0.03248825575080959
2 2 0 8 -0.05359242976120299
3 2 0 9 -0.05359242976120299
2 3 1 8 -0.05359242976120299
3 3 1 9 -0.05359242976120299
2 2 8 8 0.0447992345986776
3 2 8 9 0.0447992345986776
2 3 9 8 0.0447992345986776
3 3 9 9 0.0447992345986776
2 8 2 8 0.04479923459867763
3 8 2 9 0.04479923459867763
2 9 3 8 0.04479923459867763
3 9 3 9 0.04479923459867763
2 8 10 8 -0.05518621466176432
3 8 10 9 -0.05518621466176432
2 9 11 8 -0.05518621466176432
3 9 11 9 -0.05518621466176432
2 10 0 8 0.03248825575080963
3 10 0 9 0.03248825575080963
2 11 1 8 0.03248825575080963
3 11 1 9 0.03248825575080963
2 10 8 8 -0.055186214661764266
3 10 8 9 -0.055186214661764266
2 11 9 8 -0.055186214661764266
3 11 9 9 -0.055186214661764266
2 0 0 10 -0.0214252046544023
3 0 0 11 -0.0214252046544023
2 1 1 10 -0.0214252046544023
3 1 1 11 -0.0214252046544023
2 0 8 10 0.032753165839769775
3 0 8 11 0.032753165839769775
2 1 9 10 0.032753165839769775
3 1 9 11 0.032753165839769775
2 2 2 10 -0.030756573280743243
3 2 2 11 -0.030756573280743243
2 3 3 10 -0.030756573280743243
3 3 3 11 -0.030756573280743243
2 2 10 10 0.036860625332628974
3 2 10 11 0.036860625332628974
2 3 11 10 0.036860625332628974
3 3 11 11 0.036860625332628974
2 4 4 10 0.007309800465370886
3 4 4 11 0.007309800465370886
2 5 5 10 0.007309800465370886
3 5 5 11 0.007309800465370886
2 6 6 10 0.007309800465370886
3 6 6 11 0.007309800465370886
2 7 7 10 0.007309800465370886
3 7 7 11 0.007309800465370886
2 8 0 10 0.032753165839769685
3 8 0 11 0.032753165839769685
2 9 1 10 0.032753165839769685
3 9 1 11 0.032753165839769685
2 8 8 10 -0.03214396318382195
3 8 8 11 -0.03214396318382195
2 9 9 10 -0.03214396318382195
3 9 9 11 -0.03214396318382195
2 10 2 10 0.036860625332629085
3 10 2 11 0.036860625332629085
2 11 3 10 0.036860625332629085
3 11 3 11 0.036860625332629085
2 10 10 10 -0.041951797893188036
3 10 10 11 -0.041951797893188036
2 11 11 10 -0.041951797893188036
3 11 11 11 -0.041951797893188036
4 0 4 0 0.028851329135425048
5 0 4 1 0.028851329135425048
4 1 5 0 0.028851329135425048
5 1 5 1 0.028851329135425048
4 4 0 0 0.028851329135425048
5 4 0 1 0.028851329135425048
4 5 1 0 0.028851329135425048
5 5 1 1 0.028851329135425048
4 4 8 0 0.023182398806086534
5 4 8 1 0.023182398806086534
4 5 9 0 0.023182398806086534
5 5 9 1 0.023182398806086534
4 8 4 0 0.023182398806086534
5 8 4 1 0.023182398806086534
4 9 5 0 0.023182398806086534
5 9 5 1 0.023182398806086534
4 2 4 2 0.009507023053622589
5 2 4 3 0.009507023053622589
4 3 5 2 0.009507023053622589
5 3 5 3 0.009507023053622589
4 4 2 2 0.009507023053622589
5 4 2 3 0.009507023053622589
4 5 3 2 0.009507023053622589
5 5 3 3 0.009507023053622589
4 4 10 2 0.00666350665957273
5 4 10 3 0.00666350665957273
4 5 11 2 0.00666350665957273
5 5 11 3 0.00666350665957273
4 10 4 2 0.00666350665957273
5 10 4 3 0.00666350665957273
4 11 5 2 0.00666350665957273
5 11 5 3 0.00666350665957273
4 0 0 4 0.20331188282556442
5 0 0 5 0.20331188282556442
4 1 1 4 0.20331188282556442
5 1 1 5 0.20331188282556442
4 0 8 4 0.004192354912026779
5 0 8 5 0.004192354912026779
4 1 9 4 0.004192354912026779
5 1 9 5 0.004192354912026779
4 2 2 4 0.19752114535188797
5 2 2 5 0.19752114535188797
4 3 3 4 0.19752114535188797
5 3 3 5 0.19752114535188797
4 2 10 4 0.007309800465370886
5 2 10 5 0.007309800465370886
4 3 11 4 0.007309800465370886
5 3 11 5 0.007309800465370886
4 4 4 4 0.224929545
5 4 4 5 0.224929545
4 5 5 4 0.224929545
5 5 5 5 0.224929545
4 6 6 4 0.2006801625
5 6 6 5 0.2006801625
4 7 7 4 0.2006801625
5 7 7 5 0.2006801625
4 8 0 4 0.004192354912026769
5 8 0 5 0.004192354912026769
4 9 1 4 0.004192354912026769
5 9 1 5 0.004192354912026769
4 8 8 4 0.19349587419884898
5 8 8 5 0.19349587419884898
4 9 9 4 0.19349587419884898
5 9 9 5 0.19349587419884898
4 10 2 4 0.007309800465370886
5 10 2 5 0.007309800465370886
4 11 3 4 0.007309800465370886
5 11 3 5 0.007309800465370886
4 10 10 4 0.20097370454266728
5 10 10 5 0.20097370454266728
4 11 11 4 0.20097370454266728
5 11 11 5 0.20097370454266728
4 4 6 6 0.0121246915
5 4 6 7 0.0121246915
4 5 7 6 0.0121246915
5 5 7 7 0.0121246915
4 6 4 6 0.0121246915
5 6 4 7 0.0121246915
4 7 5 6 0.0121246915
5 7 5 7 0.0121246915
4 0 4 8 0.023182398806086527
5 0 4 9 0.023182398806086527
4 1 5 8 0.023182398806086527
5 1 5 9 0.023182398806086527
4 4 0 8 0.023182398806086527
5 4 0 9 0.023182398806086527
4 5 1 8 0.023182398806086527
5 5 1 9 0.023182398806086527
4 4 8 8 0.023478178415958006
5 4 8 9 0.023478178415958006
4 5 9 8 0.023478178415958006
5 5 9 9 0.023478178415958006
4 8 4 8 0.023478178415958006
5 8 4 9 0.023478178415958006
4 9 5 8 0.023478178415958006
5 9 5 9 0.023478178415958006
4 2 4 10 0.006663506659572729
5 2 4 11 0.006663506659572729
4 3 5 10 0.006663506659572729
5 3 5 11 0.006663506659572729
4 4 2 10 0.006663506659572729
5 4 2 11 0.006663506659572729
4 5 3 10 0.006663506659572729
5 5 3 11 0.006663506659572729
4 4 10 10 0.006731349536852463
5 4 10 11 0.006731349536852463
4 5 11 10 0.006731349536852463
5 5 11 11 0.006731349536852463
4 10 4 10 0.006731349536852463
5 10 4 11 0.006731349536852463
4 11 5 10 0.006731349536852463
5 11 5 11 0.006731349536852463
6 0 6 0 0.028851329135425048
7 0 6 1 0.028851329135425048
6 1 7 0 0.028851329135425048
7 1 7 1 0.028851329135425048
6 6 0 0 0.028851329135425048
7 6 0 1 0.028851329135425048
6 7 1 0 0.028851329135425048
7 7 1 1 0.028851329135425048
6 6 8 0 0.023182398806086534
7 6 8 1 0.023182398806086534
6 7 9 0 0.023182398806086534
7 7 9 1 0.023182398806086534
6 8 6 0 0.023182398806086534
7 8 6 1 0.023182398806086534
6 9 7 0 0.023182398806086534
7 9 7 1 0.023182398806086534
6 2 6 2 0.009507023053622589
7 2 6 3 0.009507023053622589
6 3 7 2 0.009507023053622589
7 3 7 3 0.009507023053622589
6 6 2 2 0.009507023053622589
7 6 2 3 0.009507023053622589
6 7 3 2 0.009507023053622589
7 7 3 3 0.009507023053622589
6 6 10 2 0.00666350665957273
7 6 10 3 0.00666350665957273
6 7 11 2 0.00666350665957273
7 7 11 3 0.00666350665957273
6 10 6 2 0.00666350665957273
7 10 6 3 0.00666350665957273
6 11 7 2 0.00666350665957273
7 11 7 3 0.00666350665957273
6 4 6 4 0.0121246915
7 4 6 5 0.0121246915
6 5 7 4 0.0121246915
7 5 7 5 0.0121246915
6 6 4 4 0.0121246915
7 6 4 5 0.0121246915
6 7 5 4 0.0121246915
7 7 5 5 0.0121246915
6 0 0 6 0.20331188282556442
7 0 0 7 0.20331188282556442
6 1 1 6 0.20331188282556442
7 1 1 7 0.20331188282556442
6 0 8 6 0.004192354912026779
7 0 8 7 0.004192354912026779
6 1 9 6 0.004192354912026779
7 1 9 7 0.004192354912026779
6 2 2 6 0.19752114535188797
7 2 2 7 0.19752114535188797
6 3 3 6 0.19752114535188797
7 3 3 7 0.19752114535188797
6 2 10 6 0.007309800465370886
7 2 10 7 0.007309800465370886
6 3 11 6 0.007309800465370886
7 3 11 7 0.007309800465370886
6 4 4 6 0.2006801625
7 4 4 7 0.2006801625
6 5 5 6 0.2006801625
7 5 5 7 0.2006801625
6 6 6 6 0.224929545
7 6 6 7 0.224929545
6 7 7 6 0.224929545
7 7 7 7 0.224929545
6 8 0 6 0.004192354912026769
7 8 0 7 0.004192354912026769
6 9 1 6 0.004192354912026769
7 9 1 7 0.004192354912026769
6 8 8 6 0.19349587419884898
7 8 8 7 0.19349587419884898
6 9 9 6 0.19349587419884898
7 9 9 7 0.19349587419884898
6 10 2 6 0.007309800465370886
7 10 2 7 0.007309800465370886
6 11 3 6 0.007309800465370886
7 11 3 7 0.007309800465370886
6 10 10 6 0.20097370454266728
7 10 10 7 0.20097370454266728
6 11 11 6 0.20097370454266728
7 11 11 7 0.20097370454266728
6 0 6 8 0.023182398806086527
7 0 6 9 0.023182398806086527
6 1 7 8 0.023182398806086527
7 1 7 9 0.023182398806086527
6 6 0 8 0.023182398806086527
7 6 0 9 0.023182398806086527
6 7 1 8 0.023182398806086527
7 7 1 9 0.023182398806086527
6 6 8 8 0.023478178415958006
7 6 8 9 0.023478178415958006
6 7 9 8 0.023478178415958006
7 7 9 9 0.023478178415958006
6 8 6 8 0.023478178415958006
7 8 6 9 0.023478178415958006
6 9 7 8 0.023478178415958006
7 9 7 9 0.023478178415958006
6 2 6 10 0.006663506659572729
7 2 6 11 0.006663506659572729
6 3 7 10 0.006663506659572729
7 3 7 11 0.006663506659572729
6 6 2 10 0.006663506659572729
7 6 2 11 0.006663506659572729
6 7 3 10 0.006663506659572729
7 7 3 11 0.006663506659572729
6 6 10 10 0.006731349536852463
7 6 10 11 0.006731349536852463
6 7 11 10 0.006731349536852463
7 7 11 11 0.006731349536852463
6 10 6 10 0.006731349536852463
7 10 6 11 0.006731349536852463
6 11 7 10 0.006731349536852463
7 11 7 11 0.006731349536852463
8 0 0 0 -0.02852106162556739
9 0 0 1 -0.02852106162556739
8 1 1 0 -0.02852106162556739
9 1 1 1 -0.02852106162556739
8 0 8 0 0.03523828711378191
9 0 8 1 0.03523828711378191
8 1 9 0 0.03523828711378191
9 1 9 1 0.03523828711378191
8 2 2 0 -0.04044659965116737
9 2 2 1 -0.04044659965116737
8 3 3 0 -0.04044659965116737
9 3 3 1 -0.04044659965116737
8 2 10 0 0.032753165839769824
9 2 10 1 0.032753165839769824
8 3 11 0 0.032753165839769824
9 3 11 1 0.032753165839769824
8 4 4 0 0.004192354912026769
9 4 4 1 0.004192354912026769
8 5 5 0 0.004192354912026769
9 5 5 1 0.004192354912026769
8 6 6 0 0.004192354912026769
9 6 6 1 0.004192354912026769
8 7 7 0 0.004192354912026769
9 7 7 1 0.004192354912026769
8 8 0 0 0.035238287113781824
9 8 0 1 0.035238287113781824
8 9 1 0 0.035238287113781824
9 9 1 1 0.035238287113781824
8 8 8 0 -0.032425967105543296
9 8 8 1 -0.032425967105543296
8 9 9 0 -0.032425967105543296
9 9 9 1 -0.032425967105543296
8 10 2 0 0.032753165839769754
9 10 2 1 0.032753165839769754
8 11 3 0 0.032753165839769754
9 11 3 1 0.032753165839769754
8 10 10 0 -0.04751686394039875
9 10 10 1 -0.04751686394039875
8 11 11 0 -0.04751686394039875
9 11 11 1 -0.04751686394039875
8 0 2 2 -0.053592429761202987
9 0 2 3 -0.053592429761202987
8 1 3 2 -0.053592429761202987
9 1 3 3 -0.053592429761202987
8 0 10 2 0.03248825575080959
9 0 10 3 0.03248825575080959
8 1 11 2 0.03248825575080959
9 1 11 3 0.03248825575080959
8 2 0 2 -0.053592429761202987
9 2 0 3 -0.053592429761202987
8 3 1 2 -0.053592429761202987
9 3 1 3 -0.053592429761202987
8 2 8 2 0.0447992345986776
9 2 8 3 0.0447992345986776
8 3 9 2 0.0447992345986776
9 3 9 3 0.0447992345986776
8 8 2 2 0.044799234598677636
9 8 2 3 0.044799234598677636
8 9 3 2 0.044799234598677636
9 9 3 3 0.044799234598677636
8 8 10 2 -0.05518621466176429
9 8 10 3 -0.05518621466176429
8 9 11 2 -0.05518621466176429
9 9 11 3 -0.05518621466176429
8 10 0 2 0.03248825575080964
9 10 0 3 0.03248825575080964
8 11 1 2 0.03248825575080964
9 11 1 3 0.03248825575080964
8 10 8 2 -0.05518621466176425
9 10 8 3 -0.05518621466176425
8 11 9 2 -0.05518621466176425
9 11 9 3 -0.05518621466176425
8 0 4 4 0.023182398806086527
9 0 4 5 0.023182398806086527
8 1 5 4 0.023182398806086527
9 1 5 5 0.023182398806086527
8 4 0 4 0.023182398806086527
9 4 0 5 0.023182398806086527
8 5 1 4 0.023182398806086527
9 5 1 5 0.023182398806086527
8 4 8 4 0.023478178415958006
9 4 8 5 0.023478178415958006
8 5 9 4 0.023478178415958006
9 5 9 5 0.023478178415958006
8 8 4 4 0.023478178415958006
9 8 4 5 0.023478178415958006
8 9 5 4 0.023478178415958006
9 9 5 5 0.023478178415958006
8 0 6 6 0.023182398806086527
9 0 6 7 0.023182398806086527
8 1 7 6 0.023182398806086527
9 1 7 7 0.023182398806086527
8 6 0 6 0.023182398806086527
9 6 0 7 0.023182398806086527
8 7 1 6 0.023182398806086527
9 7 1 7 0.023182398806086527
8 6 8 6 0.023478178415958006
9 6 8 7 0.023478178415958006
8 7 9 6 0.023478178415958006
9 7 9 7 0.023478178415958006
8 8 6 6 0.023478178415958006
9 8 6 7 0.023478178415958006
8 9 7 6 0.023478178415958006
9 9 7 7 0.023478178415958006
8 0 0 8 0.21763780774064312
9 0 0 9 0.21763780774064312
8 1 1 8 0.21763780774064312
9 1 1 9 0.21763780774064312
8 0 8 8 -0.032425967105543435
9 0 8 9 -0.032425967105543435
8 1 9 8 -0.032425967105543435
9 1 9 9 -0.032425967105543435
8 2 2 8 0.22348054518453014
9 2 2 9 0.22348054518453014
8 3 3 8 0.22348054518453014
9 3 3 9 0.22348054518453014
8 2 10 8 -0.03214396318382177
9 2 10 9 -0.03214396318382177
8 3 11 8 -0.03214396318382177
9 3 11 9 -0.03214396318382177
8 4 4 8 0.19349587419884898
9 4 4 9 0.19349587419884898
8 5 5 8 0.19349587419884898
9 5 5 9 0.19349587419884898
8 6 6 8 0.19349587419884898
9 6 6 9 0.19349587419884898
8 7 7 8 0.19349587419884898
9 7 7 9 0.19349587419884898
8 8 0 8 -0.03242596710554333
9 8 0 9 -0.03242596710554333
8 9 1 8 -0.03242596710554333
9 9 1 9 -0.03242596710554333
8 8 8 8 0.2194859136626946
9 8 8 9 0.2194859136626946
8 9 9 8 0.2194859136626946
9 9 9 9 0.2194859136626946
8 10 2 8 -0.03214396318382256
9 10 2 9 -0.03214396318382256
8 11 3 8 -0.03214396318382256
9 11 3 9 -0.03214396318382256
8 10 10 8 0.2385677941489458
9 10 10 9 0.2385677941489458
8 11 11 8 0.2385677941489458
9 11 11 9 0.2385677941489458
8 0 2 10 0.07362208703853684
9 0 2 11 0.07362208703853684
8 1 3 10 0.07362208703853684
9 1 3 11 0.07362208703853684
8 0 10 10 -0.03807235958147757
9 0 10 11 -0.03807235958147757
8 1 11 10 -0.03807235958147757
9 1 11 11 -0.03807235958147757
8 2 0 10 0.07362208703853695
9 2 0 11 0.07362208703853695
8 3 1 10 0.07362208703853695
9 3 1 11 0.07362208703853695
8 2 8 10 -0.0551862146617642
9 2 8 11 -0.0551862146617642
8 3 9 10 -0.0551862146617642
9 3 9 11 -0.0551862146617642
8 8 2 10 -0.055186214661764064
9 8 2 11 -0.055186214661764064
8 9 3 10 -0.055186214661764064
9 9 3 11 -0.055186214661764064
8 8 10 10 0.0775609938128434
9 8 10 11 0.0775609938128434
8 9 11 10 0.0775609938128434
9 9 11 11 0.0775609938128434
8 10 0 10 -0.03807235958147823
9 10 0 11 -0.03807235958147823
8 11 1 10 -0.03807235958147823
9 11 1 11 -0.03807235958147823
8 10 8 10 0.07756099381284334
9 10 8 11 0.07756099381284334
8 11 9 10 0.07756099381284334
9 11 9 11 0.07756099381284334
10 0 2 0 -0.029494078664113493
11 0 2 1 -0.029494078664113493
10 1 3 0 -0.029494078664113493
11 1 3 1 -0.029494078664113493
10 0 10 0 0.028947369829544746
11 0 10 1 0.028947369829544746
10 1 11 0 0.028947369829544746
11 1 11 1 0.028947369829544746
10 2 0 0 -0.029494078664113507
11 2 0 1 -0.029494078664113507
10 3 1 0 -0.029494078664113507
11 3 1 1 -0.029494078664113507
10 2 8 0 0.032488255750809575
11 2 8 1 0.032488255750809575
10 3 9 0 0.032488255750809575
11 3 9 1 0.032488255750809575
10 8 2 0 0.032488255750809505
11 8 2 1 0.032488255750809505
10 9 3 0 0.032488255750809505
11 9 3 1 0.032488255750809505
10 8 10 0 -0.03807235958147781
11 8 10 1 -0.03807235958147781
10 9 11 0 -0.03807235958147781
11 9 11 1 -0.03807235958147781
10 10 0 0 0.028947369829544767
11 10 0 1 0.028947369829544767
10 11 1 0 0.028947369829544767
11 11 1 1 0.028947369829544767
10 10 8 0 -0.03807235958147781
11 10 8 1 -0.03807235958147781
10 11 9 0 -0.03807235958147781
11 11 9 1 -0.03807235958147781
10 0 0 2 -0.021425204654402286
11 0 0 3 -0.021425204654402286
10 1 1 2 -0.021425204654402286
11 1 1 3 -0.021425204654402286
10 0 8 2 0.03275316583976976
11 0 8 3 0.03275316583976976
10 1 9 2 0.03275316583976976
11 1 9 3 0.03275316583976976
10 2 2 2 -0.03075657328074327
11 2 2 3 -0.03075657328074327
10 3 3 2 -0.03075657328074327
11 3 3 3 -0.03075657328074327
10 2 10 2 0.03686062533262896
11 2 10 3 0.03686062533262896
10 3 11 2 0.03686062533262896
11 3 11 3 0.03686062533262896
10 4 4 2 0.007309800465370886
11 4 4 3 0.007309800465370886
10 5 5 2 0.007309800465370886
11 5 5 3 0.007309800465370886
10 6 6 2 0.007309800465370886
11 6 6 3 0.007309800465370886
10 7 7 2 0.007309800465370886
11 7 7 3 0.007309800465370886
10 8 0 2 0.03275316583976967
11 8 0 3 0.03275316583976967
10 9 1 2 0.03275316583976967
11 9 1 3 0.03275316583976967
10 8 8 2 -0.032143963183821955
11 8 8 3 -0.032143963183821955
10 9 9 2 -0.032143963183821955
11 9 9 3 -0.032143963183821955
10 10 2 2 0.036860625332629085
11 10 2 3 0.036860625332629085
10 11 3 2 0.036860625332629085
11 11 3 3 0.036860625332629085
10 10 10 2 -0.04195179789318809
11 10 10 3 -0.04195179789318809
10 11 11 2 -0.04195179789318809
11 11 11 3 -0.04195179789318809
10 2 4 4 0.006663506659572729
11 2 4 5 0.006663506659572729
10 3 5 4 0.006663506659572729
11 3 5 5 0.006663506659572729
10 4 2 4 0.006663506659572729
11 4 2 5 0.006663506659572729
10 5 3 4 0.006663506659572729
11 5 3 5 0.006663506659572729
10 4 10 4 0.006731349536852463
11 4 10 5 0.006731349536852463
10 5 11 4 0.006731349536852463
11 5 11 5 0.006731349536852463
10 10 4 4 0.006731349536852463
11 10 4 5 0.006731349536852463
10 11 5 4 0.006731349536852463
11 11 5 5 0.006731349536852463
10 2 6 6 0.006663506659572729
11 2 6 7 0.006663506659572729
10 3 7 6 0.006663506659572729
11 3 7 7 0.006663506659572729
10 6 2 6 0.006663506659572729
11 6 2 7 0.006663506659572729
10 7 3 6 0.006663506659572729
11 7 3 7 0.006663506659572729
10 6 10 6 0.006731349536852463
11 6 10 7 0.006731349536852463
10 7 11 6 0.006731349536852463
11 7 11 7 0.006731349536852463
10 10 6 6 0.006731349536852463
11 10 6 7 0.006731349536852463
10 11 7 6 0.006731349536852463
11 11 7 7 0.006731349536852463
10 0 2 8 0.07362208703853686
11 0 2 9 0.07362208703853686
10 1 3 8 0.07362208703853686
11 1 3 9 0.07362208703853686
10 0 10 8 -0.03807235958147758
11 0 10 9 -0.03807235958147758
10 1 11 8 -0.03807235958147758
11 1 11 9 -0.03807235958147758
10 2 0 8 0.07362208703853697
11 2 0 9 0.07362208703853697
10 3 1 8 0.07362208703853697
11 3 1 9 0.07362208703853697
10 2 8 8 -0.05518621466176418
11 2 8 9 -0.05518621466176418
10 3 9 8 -0.05518621466176418
11 3 9 9 -0.05518621466176418
10 8 2 8 -0.05518621466176406
11 8 2 9 -0.05518621466176406
10 9 3 8 -0.05518621466176406
11 9 3 9 -0.05518621466176406
10 8 10 8 0.07756099381284344
11 8 10 9 0.07756099381284344
10 9 11 8 0.07756099381284344
11 9 11 9 0.07756099381284344
10 10 0 8 -0.03807235958147821
11 10 0 9 -0.03807235958147821
10 11 1 8 -0.03807235958147821
11 11 1 9 -0.03807235958147821
10 10 8 8 0.07756099381284336
11 10 8 9 0.07756099381284336
10 11 9 8 0.07756099381284336
11 11 9 9 0.07756099381284336
10 0 0 10 0.23888244742138925
11 0 0 11 0.23888244742138925
10 1 1 10 0.23888244742138925
11 1 1 11 0.23888244742138925
10 0 8 10 -0.047516863940399015
11 0 8 11 -0.047516863940399015
10 1 9 10 -0.047516863940399015
11 1 9 11 -0.047516863940399015
10 2 2 10 0.24979488268749106
11 2 2 11 0.24979488268749106
10 3 3 10 0.24979488268749106
11 3 3 11 0.24979488268749106
10 2 10 10 -0.04195179789318782
11 2 10 11 -0.04195179789318782
10 3 11 10 -0.04195179789318782
11 3 11 11 -0.04195179789318782
10 4 4 10 0.20097370454266728
11 4 4 11 0.20097370454266728
10 5 5 10 0.20097370454266728
11 5 5 11 0.20097370454266728
10 6 6 10 0.20097370454266728
11 6 6 11 0.20097370454266728
10 7 7 10 0.20097370454266728
11 7 7 11 0.20097370454266728
10 8 0 10 -0.04751686394039864
11 8 0 11 -0.04751686394039864
10 9 1 10 -0.04751686394039864
11 9 1 11 -0.04751686394039864
10 8 8 10 0.23856779414894536
11 8 8 11 0.23856779414894536
10 9 9 10 0.23856779414894536
11 9 9 11 0.23856779414894536
10 10 2 10 -0.04195179789318685
11 10 2 11 -0.04195179789318685
10 11 3 10 -0.04195179789318685
11 11 3 11 -0.04195179789318685
10 10 10 10 0.2721569178171301
11 10 10 11 0.2721569178171301
10 11 11 10 0.2721569178171301
11 11 11 11 0.2721569178171301
