-12.038986501328228
0 0 -1.3480718683566466
1 1 -1.3480718683566466
0 8 -0.002738113203601955
1 9 -0.002738113203601955
2 2 -1.3360284847295532
3 3 -1.3360284847295532
2 10 -0.025110419127605754
3 11 -0.025110419127605754
4 4 -1.0673999520639728
5 5 -1.0673999520639728
6 6 -1.0673999520639728
7 7 -1.0673999520639728
8 0 -0.0027381132036014
9 1 -0.0027381132036014
8 8 -1.0013078607439942
9 9 -1.0013078607439942
10 2 -0.025110419127606087
11 3 -0.025110419127606087
10 10 -0.8233816748513674
11 11 -0.8233816748513674
0 0 0 0 0.18093648119139985
1 0 0 1 0.18093648119139985
0 1 1 0 0.18093648119139985
1 1 1 1 0.18093648119139985
0 0 8 0 -0.005038806563169176
1 0 8 1 -0.005038806563169176
0 1 9 0 -0.005038806563169176
1 1 9 1 -0.005038806563169176
0 2 2 0 0.18606004407479282
1 2 2 1 0.18606004407479282
0 3 3 0 0.18606004407479282
1 3 3 1 0.18606004407479282
0 2 10 0 0.0017015481472100868
1 2 10 1 0.0017015481472100868
0 3 11 0 0.0017015481472100868
1 3 11 1 0.0017015481472100868
0 4 4 0 0.173094444590331
1 4 4 1 0.173094444590331
0 5 5 0 0.173094444590331
1 5 5 1 0.173094444590331
0 6 6 0 0.173094444590331
1 6 6 1 0.173094444590331
0 7 7 0 0.173094444590331
1 7 7 1 0.173094444590331
0 8 0 0 -0.005038806563169143
1 8 0 1 -0.005038806563169143
0 9 1 0 -0.005038806563169143
1 9 1 1 -0.005038806563169143
0 8 8 0 0.18244101270589738
1 8 8 1 0.18244101270589738
0 9 9 0 0.18244101270589738
1 9 9 1 0.18244101270589738
0 10 2 0 0.0017015481472100876
1 10 2 1 0.0017015481472100876
0 11 3 0 0.0017015481472100876
1 11 3 1 0.0017015481472100876
0 10 10 0 0.19325184696903808
1 10 10 1 0.19325184696903808
0 11 11 0 0.19325184696903808
1 11 11 1 0.19325184696903808
0 0 2 2 0.07736412944414657
1 0 2 3 0.07736412944414657
0 1 3 2 0.07736412944414657
1 1 3 3 0.07736412944414657
0 0 10 2 -0.01841548106276826
1 0 10 3 -0.01841548106276826
0 1 11 2 -0.01841548106276826
1 1 11 3 -0.01841548106276826
0 2 0 2 0.07736412944414657
1 2 0 3 0.07736412944414657
0 3 1 2 0.07736412944414657
1 3 1 3 0.07736412944414657
0 2 8 2 -0.04605150804466647
1 2 8 3 -0.04605150804466647
0 3 9 2 -0.04605150804466647
1 3 9 3 -0.04605150804466647
0 8 2 2 -0.046051508044666484
1 8 2 3 -0.046051508044666484
0 9 3 2 -0.046051508044666484
1 9 3 3 -0.046051508044666484
0 8 10 2 0.06874141861218153
1 8 10 3 0.06874141861218153
0 9 11 2 0.06874141861218153
1 9 11 3 0.06874141861218153
0 10 0 2 -0.018415481062768274
1 10 0 3 -0.018415481062768274
0 11 1 2 -0.018415481062768274
1 11 1 3 -0.018415481062768274
0 10 8 2 0.06874141861218153
1 10 8 3 0.06874141861218153
0 11 9 2 0.06874141861218153
1 11 9 3 0.06874141861218153
0 0 4 4 0.02344756883510798
1 0 4 5 0.02344756883510798
0 1 5 4 0.02344756883510798
1 1 5 5 0.02344756883510798
0 4 0 4 0.02344756883510798
1 4 0 5 0.02344756883510798
0 5 1 4 0.02344756883510798
1 5 1 5 0.02344756883510798
0 4 8 4 0.023033723282295856
1 4 8 5 0.023033723282295856
0 5 9 4 0.023033723282295856
1 5 9 5 0.023033723282295856
0 8 4 4 0.023033723282295856
1 8 4 5 0.023033723282295856
0 9 5 4 0.023033723282295856
1 9 5 5 0.023033723282295856
0 0 6 6 0.02344756883510798
1 0 6 7 0.02344756883510798
0 1 7 6 0.02344756883510798
1 1 7 7 0.02344756883510798
0 6 0 6 0.02344756883510798
1 6 0 7 0.02344756883510798
0 7 1 6 0.02344756883510798
1 7 1 7 0.02344756883510798
0 6 8 6 0.023033723282295856
1 6 8 7 0.023033723282295856
0 7 9 6 0.023033723282295856
1 7 9 7 0.023033723282295856
0 8 6 6 0.023033723282295856
1 8 6 7 0.023033723282295856
0 9 7 6 0.023033723282295856
1 9 7 7 0.023033723282295856
0 0 0 8 -0.00503880656316915
1 0 0 9 -0.00503880656316915
0 1 1 8 -0.00503880656316915
1 1 1 9 -0.00503880656316915
0 0 8 8 0.04325877841541486
1 0 8 9 0.04325877841541486
0 1 9 8 0.04325877841541486
1 1 9 9 0.04325877841541486
0 2 2 8 -0.019821752264476203
1 2 2 9 -0.019821752264476203
0 3 3 8 -0.019821752264476203
1 3 3 9 -0.019821752264476203
0 2 10 8 0.04108675770731611
1 2 10 9 0.04108675770731611
0 3 11 8 0.04108675770731611
1 3 11 9 0.04108675770731611
0 4 4 8 0.037321175810818064
1 4 4 9 0.037321175810818064
0 5 5 8 0.037321175810818064
1 5 5 9 0.037321175810818064
0 6 6 8 0.037321175810818064
1 6 6 9 0.037321175810818064
0 7 7 8 0.037321175810818064
1 7 7 9 0.037321175810818064
0 8 0 8 0.04325877841541491
1 8 0 9 0.04325877841541491
0 9 1 8 0.04325877841541491
1 9 1 9 0.04325877841541491
0 8 8 8 -0.012840169265569107
1 8 8 9 -0.012840169265569107
0 9 9 8 -0.012840169265569107
1 9 9 9 -0.012840169265569107
0 10 2 8 0.04108675770731615
1 10 2 9 0.04108675770731615
0 11 3 8 0.04108675770731615
1 11 3 9 0.04108675770731615
0 10 10 8 -0.005664703682627323
1 10 10 9 -0.005664703682627323
0 11 11 8 -0.005664703682627323
1 11 11 9 -0.005664703682627323
0 0 2 10 -0.018415481062768274
1 0 2 11 -0.018415481062768274
0 1 3 10 -0.018415481062768274
1 1 3 11 -0.018415481062768274
0 0 10 10 0.02891704929206458
1 0 10 11 0.02891704929206458
0 1 11 10 0.02891704929206458
1 1 11 11 0.02891704929206458
0 2 0 10 -0.018415481062768274
1 2 0 11 -0.018415481062768274
0 3 1 10 -0.018415481062768274
1 3 1 11 -0.018415481062768274
0 2 8 10 0.03197661695362428
1 2 8 11 0.03197661695362428
0 3 9 10 0.03197661695362428
1 3 9 11 0.03197661695362428
0 8 2 10 0.03197661695362429
1 8 2 11 0.03197661695362429
0 9 3 10 0.03197661695362429
1 9 3 11 0.03197661695362429
0 8 10 10 -0.021612982080502607
1 8 10 11 -0.021612982080502607
0 9 11 10 -0.021612982080502607
1 9 11 11 -0.021612982080502607
0 10 0 10 0.028917049292064588
1 10 0 11 0.028917049292064588
0 11 1 10 0.028917049292064588
1 11 1 11 0.028917049292064588
0 10 8 10 -0.021612982080502607
1 10 8 11 -0.021612982080502607
0 11 9 10 -0.021612982080502607
1 11 9 11 -0.021612982080502607
2 0 2 0 0.07736412944414657
3 0 2 1 0.07736412944414657
2 1 3 0 0.07736412944414657
3 1 3 1 0.07736412944414657
2 0 10 0 -0.018415481062768264
3 0 10 1 -0.018415481062768264
2 1 11 0 -0.018415481062768264
3 1 11 1 -0.018415481062768264
2 2 0 0 0.07736412944414657
3 2 0 1 0.07736412944414657
2 3 1 0 0.07736412944414657
3 3 1 1 0.07736412944414657
2 2 8 0 -0.04605150804466647
3 2 8 1 -0.04605150804466647
2 3 9 0 -0.04605150804466647
3 3 9 1 -0.04605150804466647
2 8 2 0 -0.04605150804466648
3 8 2 1 -0.04605150804466648
2 9 3 0 -0.04605150804466648
3 9 3 1 -0.04605150804466648
2 8 10 0 0.06874141861218153
3 8 10 1 0.06874141861218153
2 9 11 0 0.06874141861218153
3 9 11 1 0.06874141861218153
2 10 0 0 -0.018415481062768274
3 10 0 1 -0.018415481062768274
2 11 1 0 -0.018415481062768274
3 11 1 1 -0.018415481062768274
2 10 8 0 0.06874141861218153
3 10 8 1 0.06874141861218153
2 11 9 0 0.06874141861218153
3 11 9 1 0.06874141861218153
2 0 0 2 0.18606004407479282
3 0 0 3 0.18606004407479282
2 1 1 2 0.18606004407479282
3 1 1 3 0.18606004407479282
2 0 8 2 -0.019821752264476168
3 0 8 3 -0.019821752264476168
2 1 9 2 -0.019821752264476168
3 1 9 3 -0.019821752264476168
2 2 2 2 0.19784212802539836
3 2 2 3 0.19784212802539836
2 3 3 2 0.19784212802539836
3 3 3 3 0.19784212802539836
2 2 10 2 -0.009263615761702353
3 2 10 3 -0.009263615761702353
2 3 11 2 -0.009263615761702353
3 3 11 3 -0.009263615761702353
2 4 4 2 0.16150447637709078
3 4 4 3 0.16150447637709078
2 5 5 2 0.16150447637709078
3 5 5 3 0.16150447637709078
2 6 6 2 0.16150447637709078
3 6 6 3 0.16150447637709078
2 7 7 2 0.16150447637709078
3 7 7 3 0.16150447637709078
2 8 0 2 -0.019821752264476168
3 8 0 3 -0.019821752264476168
2 9 1 2 -0.019821752264476168
3 9 1 3 -0.019821752264476168
2 8 8 2 0.1880845121001473
3 8 8 3 0.1880845121001473
2 9 9 2 0.1880845121001473
3 9 9 3 0.1880845121001473
2 10 2 2 -0.009263615761702374
3 10 2 3 -0.009263615761702374
2 11 3 2 -0.009263615761702374
3 11 3 3 -0.009263615761702374
2 10 10 2 0.20026588330981362
3 10 10 3 0.20026588330981362
2 11 11 2 0.20026588330981362
3 11 11 3 0.20026588330981362
2 2 4 4 0.00569604155575667
3 2 4 5 0.00569604155575667
2 3 5 4 0.00569604155575667
3 3 5 5 0.00569604155575667
2 4 2 4 0.00569604155575667
3 4 2 5 0.00569604155575667
2 5 3 4 0.00569604155575667
3 5 3 5 0.00569604155575667
2 4 10 4 0.006472189540414451
3 4 10 5 0.006472189540414451
2 5 11 4 0.006472189540414451
3 5 11 5 0.006472189540414451
2 10 4 4 0.006472189540414451
3 10 4 5 0.006472189540414451
2 11 5 4 0.006472189540414451
3 11 5 5 0.006472189540414451
2 2 6 6 0.00569604155575667
3 2 6 7 0.00569604155575667
2 3 7 6 0.00569604155575667
3 3 7 7 0.00569604155575667
2 6 2 6 0.00569604155575667
3 6 2 7 0.00569604155575667
2 7 3 6 0.00569604155575667
3 7 3 7 0.00569604155575667
2 6 10 6 0.006472189540414451
3 6 10 7 0.006472189540414451
2 7 11 6 0.006472189540414451
3 7 11 7 0.006472189540414451
2 10 6 6 0.006472189540414451
3 10 6 7 0.006472189540414451
2 11 7 6 0.006472189540414451
3 11 7 7 0.006472189540414451
2 0 2 8 -0.04605150804466646
3 0 2 9 -0.04605150804466646
2 1 3 8 -0.04605150804466646
3 1 3 9 -0.04605150804466646
2 0 10 8 0.03197661695362427
3 0 10 9 0.03197661695362427
2 1 11 8 0.03197661695362427
3 1 11 9 0.03197661695362427
2 2 0 8 -0.04605150804466647
3 2 0 9 -0.04605150804466647
2 3 1 8 -0.04605150804466647
3 3 1 9 -0.04605150804466647
2 2 8 8 0.0454776627287552
3 2 8 9 0.0454776627287552
2 3 9 8 0.0454776627287552
3 3 9 9 0.0454776627287552
2 8 2 8 0.04547766272875521
3 8 2 9 0.04547766272875521
2 9 3 8 0.04547766272875521
3 9 3 9 0.04547766272875521
2 8 10 8 -0.04528316052064574
3 8 10 9 -0.04528316052064574
2 9 11 8 -0.04528316052064574
3 9 11 9 -0.04528316052064574
2 10 0 8 0.0319766169536243
3 10 0 9 0.0319766169536243
2 11 1 8 0.0319766169536243
3 11 1 9 0.0319766169536243
2 10 8 8 -0.04528316052064575
3 10 8 9 -0.04528316052064575
2 11 9 8 -0.04528316052064575
3 11 9 9 -0.04528316052064575
2 0 0 10 0.0017015481472100677
3 0 0 11 0.0017015481472100677
2 1 1 10 0.0017015481472100677
3 1 1 11 0.0017015481472100677
2 0 8 10 0.041086757707316124
3 0 8 11 0.041086757707316124
2 1 9 10 0.041086757707316124
3 1 9 11 0.041086757707316124
2 2 2 10 -0.009263615761702357
3 2 2 11 -0.009263615761702357
2 3 3 10 -0.009263615761702357
3 3 3 11 -0.009263615761702357
2 2 10 10 0.04494518339766832
3 2 10 11 0.04494518339766832
2 3 11 10 0.04494518339766832
3 3 11 11 0.04494518339766832
2 4 4 10 0.03754447583754896
3 4 4 11 0.03754447583754896
2 5 5 10 0.03754447583754896
3 5 5 11 0.03754447583754896
2 6 6 10 0.03754447583754896
3 6 6 11 0.03754447583754896
2 7 7 10 0.03754447583754896
3 7 7 11 0.03754447583754896
2 8 0 10 0.04108675770731611
3 8 0 11 0.04108675770731611
2 9 1 10 0.04108675770731611
3 9 1 11 0.04108675770731611
2 8 8 10 -0.009778551853711608
3 8 8 11 -0.009778551853711608
2 9 9 10 -0.009778551853711608
3 9 9 11 -0.009778551853711608
2 10 2 10 0.04494518339766835
3 10 2 11 0.04494518339766835
2 11 3 10 0.04494518339766835
3 11 3 11 0.04494518339766835
2 10 10 10 0.004532191533224081
3 10 10 11 0.004532191533224081
2 11 11 10 0.004532191533224081
3 11 11 11 0.004532191533224081
4 0 4 0 0.02344756883510798
5 0 4 1 0.02344756883510798
4 1 5 0 0.02344756883510798
5 1 5 1 0.02344756883510798
4 4 0 0 0.02344756883510798
5 4 0 1 0.02344756883510798
4 5 1 0 0.02344756883510798
5 5 1 1 0.02344756883510798
4 4 8 0 0.023033723282295856
5 4 8 1 0.023033723282295856
4 5 9 0 0.023033723282295856
5 5 9 1 0.023033723282295856
4 8 4 0 0.023033723282295856
5 8 4 1 0.023033723282295856
4 9 5 0 0.023033723282295856
5 9 5 1 0.023033723282295856
4 2 4 2 0.00569604155575667
5 2 4 3 0.00569604155575667
4 3 5 2 0.00569604155575667
5 3 5 3 0.00569604155575667
4 4 2 2 0.00569604155575667
5 4 2 3 0.00569604155575667
4 5 3 2 0.00569604155575667
5 5 3 3 0.00569604155575667
4 4 10 2 0.006472189540414451
5 4 10 3 0.006472189540414451
4 5 11 2 0.006472189540414451
5 5 11 3 0.006472189540414451
4 10 4 2 0.006472189540414451
5 10 4 3 0.006472189540414451
4 11 5 2 0.006472189540414451
5 11 5 3 0.006472189540414451
4 0 0 4 0.173094444590331
5 0 0 5 0.173094444590331
4 1 1 4 0.173094444590331
5 1 1 5 0.173094444590331
4 0 8 4 0.037321175810818064
5 0 8 5 0.037321175810818064
4 1 9 4 0.037321175810818064
5 1 9 5 0.037321175810818064
4 2 2 4 0.16150447637709078
5 2 2 5 0.16150447637709078
4 3 3 4 0.16150447637709078
5 3 3 5 0.16150447637709078
4 2 10 4 0.03754447583754896
5 2 10 5 0.03754447583754896
4 3 11 4 0.03754447583754896
5 3 11 5 0.03754447583754896
4 4 4 4 0.224929545
5 4 4 5 0.224929545
4 5 5 4 0.224929545
5 5 5 5 0.224929545
4 6 6 4 0.2006801625
5 6 6 5 0.2006801625
4 7 7 4 0.2006801625
5 7 7 5 0.2006801625
4 8 0 4 0.03732117581081808
5 8 0 5 0.03732117581081808
4 9 1 4 0.03732117581081808
5 9 1 5 0.03732117581081808
4 8 8 4 0.17163263764420977
5 8 8 5 0.17163263764420977
4 9 9 4 0.17163263764420977
5 9 9 5 0.17163263764420977
4 10 2 4 0.03754447583754897
5 10 2 5 0.03754447583754897
4 11 3 4 0.03754447583754897
5 11 3 5 0.03754447583754897
4 10 10 4 0.18520172493409628
5 10 10 5 0.18520172493409628
4 11 11 4 0.18520172493409628
5 11 11 5 0.18520172493409628
4 4 6 6 0.0121246915
5 4 6 7 0.0121246915
4 5 7 6 0.0121246915
5 5 7 7 0.0121246915
4 6 4 6 0.0121246915
5 6 4 7 0.0121246915
4 7 5 6 0.0121246915
5 7 5 7 0.0121246915
4 0 4 8 0.023033723282295856
5 0 4 9 0.023033723282295856
4 1 5 8 0.023033723282295856
5 1 5 9 0.023033723282295856
4 4 0 8 0.023033723282295856
5 4 0 9 0.023033723282295856
4 5 1 8 0.023033723282295856
5 5 1 9 0.023033723282295856
4 4 8 8 0.02396373782879115
5 4 8 9 0.02396373782879115
4 5 9 8 0.02396373782879115
5 5 9 9 0.02396373782879115
4 8 4 8 0.02396373782879115
5 8 4 9 0.02396373782879115
4 9 5 8 0.02396373782879115
5 9 5 9 0.02396373782879115
4 2 4 10 0.0064721895404144525
5 2 4 11 0.0064721895404144525
4 3 5 10 0.0064721895404144525
5 3 5 11 0.0064721895404144525
4 4 2 10 0.0064721895404144525
5 4 2 11 0.0064721895404144525
4 5 3 10 0.0064721895404144525
5 5 3 11 0.0064721895404144525
4 4 10 10 0.008537903050934699
5 4 10 11 0.008537903050934699
4 5 11 10 0.008537903050934699
5 5 11 11 0.008537903050934699
4 10 4 10 0.008537903050934699
5 10 4 11 0.008537903050934699
4 11 5 10 0.008537903050934699
5 11 5 11 0.008537903050934699
6 0 6 0 0.02344756883510798
7 0 6 1 0.02344756883510798
6 1 7 0 0.02344756883510798
7 1 7 1 0.02344756883510798
6 6 0 0 0.02344756883510798
7 6 0 1 0.02344756883510798
6 7 1 0 0.02344756883510798
7 7 1 1 0.02344756883510798
6 6 8 0 0.023033723282295856
7 6 8 1 0.023033723282295856
6 7 9 0 0.023033723282295856
7 7 9 1 0.023033723282295856
6 8 6 0 0.023033723282295856
7 8 6 1 0.023033723282295856
6 9 7 0 0.023033723282295856
7 9 7 1 0.023033723282295856
6 2 6 2 0.00569604155575667
7 2 6 3 0.00569604155575667
6 3 7 2 0.00569604155575667
7 3 7 3 0.00569604155575667
6 6 2 2 0.00569604155575667
7 6 2 3 0.00569604155575667
6 7 3 2 0.00569604155575667
7 7 3 3 0.00569604155575667
6 6 10 2 0.006472189540414451
7 6 10 3 0.006472189540414451
6 7 11 2 0.006472189540414451
7 7 11 3 0.006472189540414451
6 10 6 2 0.006472189540414451
7 10 6 3 0.006472189540414451
6 11 7 2 0.006472189540414451
7 11 7 3 0.006472189540414451
6 4 6 4 0.0121246915
7 4 6 5 0.0121246915
6 5 7 4 0.0121246915
7 5 7 5 0.0121246915
6 6 4 4 0.0121246915
7 6 4 5 0.0121246915
6 7 5 4 0.0121246915
7 7 5 5 0.0121246915
6 0 0 6 0.173094444590331
7 0 0 7 0.173094444590331
6 1 1 6 0.173094444590331
7 1 1 7 0.173094444590331
6 0 8 6 0.037321175810818064
7 0 8 7 0.037321175810818064
6 1 9 6 0.037321175810818064
7 1 9 7 0.037321175810818064
6 2 2 6 0.16150447637709078
7 2 2 7 0.16150447637709078
6 3 3 6 0.16150447637709078
7 3 3 7 0.16150447637709078
6 2 10 6 0.03754447583754896
7 2 10 7 0.03754447583754896
6 3 11 6 0.03754447583754896
7 3 11 7 0.03754447583754896
6 4 4 6 0.2006801625
7 4 4 7 0.2006801625
6 5 5 6 0.2006801625
7 5 5 7 0.2006801625
6 6 6 6 0.224929545
7 6 6 7 0.224929545
6 7 7 6 0.224929545
7 7 7 7 0.224929545
6 8 0 6 0.03732117581081808
7 8 0 7 0.03732117581081808
6 9 1 6 0.03732117581081808
7 9 1 7 0.03732117581081808
6 8 8 6 0.17163263764420977
7 8 8 7 0.17163263764420977
6 9 9 6 0.17163263764420977
7 9 9 7 0.17163263764420977
6 10 2 6 0.03754447583754897
7 10 2 7 0.03754447583754897
6 11 3 6 0.03754447583754897
7 11 3 7 0.03754447583754897
6 10 10 6 0.18520172493409628
7 10 10 7 0.18520172493409628
6 11 11 6 0.18520172493409628
7 11 11 7 0.18520172493409628
6 0 6 8 0.023033723282295856
7 0 6 9 0.023033723282295856
6 1 7 8 0.023033723282295856
7 1 7 9 0.023033723282295856
6 6 0 8 0.023033723282295856
7 6 0 9 0.023033723282295856
6 7 1 8 0.023033723282295856
7 7 1 9 0.023033723282295856
6 6 8 8 0.02396373782879115
7 6 8 9 0.02396373782879115
6 7 9 8 0.02396373782879115
7 7 9 9 0.02396373782879115
6 8 6 8 0.02396373782879115
7 8 6 9 0.02396373782879115
6 9 7 8 0.02396373782879115
7 9 7 9 0.02396373782879115
6 2 6 10 0.0064721895404144525
7 2 6 11 0.0064721895404144525
6 3 7 10 0.0064721895404144525
7 3 7 11 0.0064721895404144525
6 6 2 10 0.0064721895404144525
7 6 2 11 0.0064721895404144525
6 7 3 10 0.0064721895404144525
7 7 3 11 0.0064721895404144525
6 6 10 10 0.008537903050934699
7 6 10 11 0.008537903050934699
6 7 11 10 0.008537903050934699
7 7 11 11 0.008537903050934699
6 10 6 10 0.008537903050934699
7 10 6 11 0.008537903050934699
6 11 7 10 0.008537903050934699
7 11 7 11 0.008537903050934699
8 0 0 0 -0.005038806563169171
9 0 0 1 -0.005038806563169171
8 1 1 0 -0.005038806563169171
9 1 1 1 -0.005038806563169171
8 0 8 0 0.04325877841541487
9 0 8 1 0.04325877841541487
8 1 9 0 0.04325877841541487
9 1 9 1 0.04325877841541487
8 2 2 0 -0.019821752264476203
9 2 2 1 -0.019821752264476203
8 3 3 0 -0.019821752264476203
9 3 3 1 -0.019821752264476203
8 2 10 0 0.04108675770731611
9 2 10 1 0.04108675770731611
8 3 11 0 0.04108675770731611
9 3 11 1 0.04108675770731611
8 4 4 0 0.03732117581081808
9 4 4 1 0.03732117581081808
8 5 5 0 0.03732117581081808
9 5 5 1 0.03732117581081808
8 6 6 0 0.03732117581081808
9 6 6 1 0.03732117581081808
8 7 7 0 0.03732117581081808
9 7 7 1 0.03732117581081808
8 8 0 0 0.0432587784154149
9 8 0 1 0.0432587784154149
8 9 1 0 0.0432587784154149
9 9 1 1 0.0432587784154149
8 8 8 0 -0.012840169265569107
9 8 8 1 -0.012840169265569107
8 9 9 0 -0.012840169265569107
9 9 9 1 -0.012840169265569107
8 10 2 0 0.04108675770731615
9 10 2 1 0.04108675770731615
8 11 3 0 0.04108675770731615
9 11 3 1 0.04108675770731615
8 10 10 0 -0.005664703682627295
9 10 10 1 -0.005664703682627295
8 11 11 0 -0.005664703682627295
9 11 11 1 -0.005664703682627295
8 0 2 2 -0.04605150804466647
9 0 2 3 -0.04605150804466647
8 1 3 2 -0.04605150804466647
9 1 3 3 -0.04605150804466647
8 0 10 2 0.03197661695362427
9 0 10 3 0.03197661695362427
8 1 11 2 0.03197661695362427
9 1 11 3 0.03197661695362427
8 2 0 2 -0.04605150804466648
9 2 0 3 -0.04605150804466648
8 3 1 2 -0.04605150804466648
9 3 1 3 -0.04605150804466648
8 2 8 2 0.045477662728755204
9 2 8 3 0.045477662728755204
8 3 9 2 0.045477662728755204
9 3 9 3 0.045477662728755204
8 8 2 2 0.045477662728755204
9 8 2 3 0.045477662728755204
8 9 3 2 0.045477662728755204
9 9 3 3 0.045477662728755204
8 8 10 2 -0.04528316052064574
9 8 10 3 -0.04528316052064574
8 9 11 2 -0.04528316052064574
9 9 11 3 -0.04528316052064574
8 10 0 2 0.031976616953624304
9 10 0 3 0.031976616953624304
8 11 1 2 0.031976616953624304
9 11 1 3 0.031976616953624304
8 10 8 2 -0.045283160520645745
9 10 8 3 -0.045283160520645745
8 11 9 2 -0.045283160520645745
9 11 9 3 -0.045283160520645745
8 0 4 4 0.023033723282295856
9 0 4 5 0.023033723282295856
8 1 5 4 0.023033723282295856
9 1 5 5 0.023033723282295856
8 4 0 4 0.023033723282295856
9 4 0 5 0.023033723282295856
8 5 1 4 0.023033723282295856
9 5 1 5 0.023033723282295856
8 4 8 4 0.02396373782879115
9 4 8 5 0.02396373782879115
8 5 9 4 0.02396373782879115
9 5 9 5 0.02396373782879115
8 8 4 4 0.02396373782879115
9 8 4 5 0.02396373782879115
8 9 5 4 0.02396373782879115
9 9 5 5 0.02396373782879115
8 0 6 6 0.023033723282295856
9 0 6 7 0.023033723282295856
8 1 7 6 0.023033723282295856
9 1 7 7 0.023033723282295856
8 6 0 6 0.023033723282295856
9 6 0 7 0.023033723282295856
8 7 1 6 0.023033723282295856
9 7 1 7 0.023033723282295856
8 6 8 6 0.02396373782879115
9 6 8 7 0.02396373782879115
8 7 9 6 0.02396373782879115
9 7 9 7 0.02396373782879115
8 8 6 6 0.02396373782879115
9 8 6 7 0.02396373782879115
8 9 7 6 0.02396373782879115
9 9 7 7 0.02396373782879115
8 0 0 8 0.1824410127058975
9 0 0 9 0.1824410127058975
8 1 1 8 0.1824410127058975
9 1 1 9 0.1824410127058975
8 0 8 8 -0.01284016926556912
9 0 8 9 -0.01284016926556912
8 1 9 8 -0.01284016926556912
9 1 9 9 -0.01284016926556912
8 2 2 8 0.18808451210014726
9 2 2 9 0.18808451210014726
8 3 3 8 0.18808451210014726
9 3 3 9 0.18808451210014726
8 2 10 8 -0.009778551853711601
9 2 10 9 -0.009778551853711601
8 3 11 8 -0.009778551853711601
9 3 11 9 -0.009778551853711601
8 4 4 8 0.17163263764420977
9 4 4 9 0.17163263764420977
8 5 5 8 0.17163263764420977
9 5 5 9 0.17163263764420977
8 6 6 8 0.17163263764420977
9 6 6 9 0.17163263764420977
8 7 7 8 0.17163263764420977
9 7 7 9 0.17163263764420977
8 8 0 8 -0.012840169265569027
9 8 0 9 -0.012840169265569027
8 9 1 8 -0.012840169265569027
9 9 1 9 -0.012840169265569027
8 8 8 8 0.19112796264943044
9 8 8 9 0.19112796264943044
8 9 9 8 0.19112796264943044
9 9 9 9 0.19112796264943044
8 10 2 8 -0.009778551853711636
9 10 2 9 -0.009778551853711636
8 11 3 8 -0.009778551853711636
9 11 3 9 -0.009778551853711636
8 10 10 8 0.19814493219996823
9 10 10 9 0.19814493219996823
8 11 11 8 0.19814493219996823
9 11 11 9 0.19814493219996823
8 0 2 10 0.06874141861218153
9 0 2 11 0.06874141861218153
8 1 3 10 0.06874141861218153
9 1 3 11 0.06874141861218153
8 0 10 10 -0.02161298208050261
9 0 10 11 -0.02161298208050261
8 1 11 10 -0.02161298208050261
9 1 11 11 -0.02161298208050261
8 2 0 10 0.06874141861218153
9 2 0 11 0.06874141861218153
8 3 1 10 0.06874141861218153
9 3 1 11 0.06874141861218153
8 2 8 10 -0.04528316052064574
9 2 8 11 -0.04528316052064574
8 3 9 10 -0.04528316052064574
9 3 9 11 -0.04528316052064574
8 8 2 10 -0.045283160520645765
9 8 2 11 -0.045283160520645765
8 9 3 10 -0.045283160520645765
9 9 3 11 -0.045283160520645765
8 8 10 10 0.0670425936255158
9 8 10 11 0.0670425936255158
8 9 11 10 0.0670425936255158
9 9 11 11 0.0670425936255158
8 10 0 10 -0.021612982080502642
9 10 0 11 -0.021612982080502642
8 11 1 10 -0.021612982080502642
9 11 1 11 -0.021612982080502642
8 10 8 10 0.06704259362551579
9 10 8 11 0.06704259362551579
8 11 9 10 0.06704259362551579
9 11 9 11 0.06704259362551579
10 0 2 0 -0.01841548106276826
11 0 2 1 -0.01841548106276826
10 1 3 0 -0.01841548106276826
11 1 3 1 -0.01841548106276826
10 0 10 0 0.028917049292064578
11 0 10 1 0.028917049292064578
10 1 11 0 0.028917049292064578
11 1 11 1 0.028917049292064578
10 2 0 0 -0.01841548106276826
11 2 0 1 -0.01841548106276826
10 3 1 0 -0.01841548106276826
11 3 1 1 -0.01841548106276826
10 2 8 0 0.031976616953624276
11 2 8 1 0.031976616953624276
10 3 9 0 0.031976616953624276
11 3 9 1 0.031976616953624276
10 8 2 0 0.03197661695362429
11 8 2 1 0.03197661695362429
10 9 3 0 0.03197661695362429
11 9 3 1 0.03197661695362429
10 8 10 0 -0.0216129820805026
11 8 10 1 -0.0216129820805026
10 9 11 0 -0.0216129820805026
11 9 11 1 -0.0216129820805026
10 10 0 0 0.02891704929206459
11 10 0 1 0.02891704929206459
10 11 1 0 0.02891704929206459
11 11 1 1 0.02891704929206459
10 10 8 0 -0.021612982080502607
11 10 8 1 -0.021612982080502607
10 11 9 0 -0.021612982080502607
11 11 9 1 -0.021612982080502607
10 0 0 2 0.0017015481472100746
11 0 0 3 0.0017015481472100746
10 1 1 2 0.0017015481472100746
11 1 1 3 0.0017015481472100746
10 0 8 2 0.041086757707316124
11 0 8 3 0.041086757707316124
10 1 9 2 0.041086757707316124
11 1 9 3 0.041086757707316124
10 2 2 2 -0.009263615761702343
11 2 2 3 -0.009263615761702343
10 3 3 2 -0.009263615761702343
11 3 3 3 -0.009263615761702343
10 2 10 2 0.04494518339766832
11 2 10 3 0.04494518339766832
10 3 11 2 0.04494518339766832
11 3 11 3 0.04494518339766832
10 4 4 2 0.03754447583754897
11 4 4 3 0.03754447583754897
10 5 5 2 0.03754447583754897
11 5 5 3 0.03754447583754897
10 6 6 2 0.03754447583754897
11 6 6 3 0.03754447583754897
10 7 7 2 0.03754447583754897
11 7 7 3 0.03754447583754897
10 8 0 2 0.04108675770731611
11 8 0 3 0.04108675770731611
10 9 1 2 0.04108675770731611
11 9 1 3 0.04108675770731611
10 8 8 2 -0.009778551853711626
11 8 8 3 -0.009778551853711626
10 9 9 2 -0.009778551853711626
11 9 9 3 -0.009778551853711626
10 10 2 2 0.04494518339766834
11 10 2 3 0.04494518339766834
10 11 3 2 0.04494518339766834
11 11 3 3 0.04494518339766834
10 10 10 2 0.004532191533224067
11 10 10 3 0.004532191533224067
10 11 11 2 0.004532191533224067
11 11 11 3 0.004532191533224067
10 2 4 4 0.0064721895404144525
11 2 4 5 0.0064721895404144525
10 3 5 4 0.0064721895404144525
11 3 5 5 0.0064721895404144525
10 4 2 4 0.0064721895404144525
11 4 2 5 0.0064721895404144525
10 5 3 4 0.0064721895404144525
11 5 3 5 0.0064721895404144525
10 4 10 4 0.008537903050934699
11 4 10 5 0.008537903050934699
10 5 11 4 0.008537903050934699
11 5 11 5 0.008537903050934699
10 10 4 4 0.008537903050934699
11 10 4 5 0.008537903050934699
10 11 5 4 0.008537903050934699
11 11 5 5 0.008537903050934699
10 2 6 6 0.0064721895404144525
11 2 6 7 0.0064721895404144525
10 3 7 6 0.0064721895404144525
11 3 7 7 0.0064721895404144525
10 6 2 6 0.0064721895404144525
11 6 2 7 0.0064721895404144525
10 7 3 6 0.0064721895404144525
11 7 3 7 0.0064721895404144525
10 6 10 6 0.008537903050934699
11 6 10 7 0.008537903050934699
10 7 11 6 0.008537903050934699
11 7 11 7 0.008537903050934699
10 10 6 6 0.008537903050934699
11 10 6 7 0.008537903050934699
10 11 7 6 0.008537903050934699
11 11 7 7 0.008537903050934699
10 0 2 8 0.06874141861218153
11 0 2 9 0.06874141861218153
10 1 3 8 0.06874141861218153
11 1 3 9 0.06874141861218153
10 0 10 8 -0.0216129820805026
11 0 10 9 -0.0216129820805026
10 1 11 8 -0.0216129820805026
11 1 11 9 -0.0216129820805026
10 2 0 8 0.06874141861218151
11 2 0 9 0.06874141861218151
10 3 1 8 0.06874141861218151
11 3 1 9 0.06874141861218151
10 2 8 8 -0.04528316052064573
11 2 8 9 -0.04528316052064573
10 3 9 8 -0.04528316052064573
11 3 9 9 -0.04528316052064573
10 8 2 8 -0.04528316052064577
11 8 2 9 -0.04528316052064577
10 9 3 8 -0.04528316052064577
11 9 3 9 -0.04528316052064577
10 8 10 8 0.06704259362551579
11 8 10 9 0.06704259362551579
10 9 11 8 0.06704259362551579
11 9 11 9 0.06704259362551579
10 10 0 8 -0.021612982080502635
11 10 0 9 -0.021612982080502635
10 11 1 8 -0.021612982080502635
11 11 1 9 -0.021612982080502635
10 10 8 8 0.0670425936255158
11 10 8 9 0.0670425936255158
10 11 9 8 0.0670425936255158
11 11 9 9 0.0670425936255158
10 0 0 10 0.19325184696903813
11 0 0 11 0.19325184696903813
10 1 1 10 0.19325184696903813
11 1 1 11 0.19325184696903813
10 0 8 10 -0.005664703682627309
11 0 8 11 -0.005664703682627309
10 1 9 10 -0.005664703682627309
11 1 9 11 -0.005664703682627309
10 2 2 10 0.20026588330981365
11 2 2 11 0.20026588330981365
10 3 3 10 0.20026588330981365
11 3 3 11 0.20026588330981365
10 2 10 10 0.004532191533224088
11 2 10 11 0.004532191533224088
10 3 11 10 0.004532191533224088
11 3 11 11 0.004532191533224088
10 4 4 10 0.18520172493409628
11 4 4 11 0.18520172493409628
10 5 5 10 0.18520172493409628
11 5 5 11 0.18520172493409628
10 6 6 10 0.18520172493409628
11 6 6 11 0.18520172493409628
10 7 7 10 0.18520172493409628
11 7 7 11 0.18520172493409628
10 8 0 10 -0.005664703682627219
11 8 0 11 -0.005664703682627219
10 9 1 10 -0.005664703682627219
11 9 1 11 -0.005664703682627219
10 8 8 10 0.19814493219996823
11 8 8 11 0.19814493219996823
10 9 9 10 0.19814493219996823
11 9 9 11 0.19814493219996823
10 10 2 10 0.004532191533224067
11 10 2 11 0.004532191533224067
10 11 3 10 0.004532191533224067
11 11 3 11 0.004532191533224067
10 10 10 10 0.21842413986687498
11 10 10 11 0.21842413986687498
10 11 11 10 0.21842413986687498
11 11 11 11 0.21842413986687498
