-12.487163851648708
0 0 -1.0982664989399902
1 1 -1.0982664989399902
0 4 -0.024788008782148818
1 5 -0.024788008782148818
2 2 -1.0521427501170435
3 3 -1.0521427501170435
2 10 0.02443167733488305
3 11 0.02443167733488305
4 0 -0.024788008782148818
5 1 -0.024788008782148818
4 4 -0.9565118908398614
5 5 -0.9565118908398614
6 6 -0.9132011041668064
7 7 -0.9132011041668064
8 8 -0.9132011041668064
9 9 -0.9132011041668064
10 2 0.02443167733488294
11 3 0.02443167733488294
10 10 -0.8712957304781349
11 11 -0.8712957304781349
0 0 0 0 0.1574436954017172
1 0 0 1 0.1574436954017172
0 1 1 0 0.1574436954017172
1 1 1 1 0.1574436954017172
0 0 4 0 0.010269127764623149
1 0 4 1 0.010269127764623149
0 1 5 0 0.010269127764623149
1 1 5 1 0.010269127764623149
0 2 2 0 0.15173070375865982
1 2 2 1 0.15173070375865982
0 3 3 0 0.15173070375865982
1 3 3 1 0.15173070375865982
0 2 10 0 -0.011673082758146162
1 2 10 1 -0.011673082758146162
0 3 11 0 -0.011673082758146162
1 3 11 1 -0.011673082758146162
0 4 0 0 0.010269127764623158
1 4 0 1 0.010269127764623158
0 5 1 0 0.010269127764623158
1 5 1 1 0.010269127764623158
0 4 4 0 0.15430029547140675
1 4 4 1 0.15430029547140675
0 5 5 0 0.15430029547140675
1 5 5 1 0.15430029547140675
0 6 6 0 0.1650983500660802
1 6 6 1 0.1650983500660802
0 7 7 0 0.1650983500660802
1 7 7 1 0.1650983500660802
0 8 8 0 0.1650983500660802
1 8 8 1 0.1650983500660802
0 9 9 0 0.1650983500660802
1 9 9 1 0.1650983500660802
0 10 2 0 -0.011673082758146167
1 10 2 1 -0.011673082758146167
0 11 3 0 -0.011673082758146167
1 11 3 1 -0.011673082758146167
0 10 10 0 0.16727171451159809
1 10 10 1 0.16727171451159809
0 11 11 0 0.16727171451159809
1 11 11 1 0.16727171451159809
0 0 2 2 0.06230372199907358
1 0 2 3 0.06230372199907358
0 1 3 2 0.06230372199907358
1 1 3 3 0.06230372199907358
0 0 10 2 0.008962122230709257
1 0 10 3 0.008962122230709257
0 1 11 2 0.008962122230709257
1 1 11 3 0.008962122230709257
0 2 0 2 0.06230372199907358
1 2 0 3 0.06230372199907358
0 3 1 2 0.06230372199907358
1 3 1 3 0.06230372199907358
0 2 4 2 -0.05378816359803605
1 2 4 3 -0.05378816359803605
0 3 5 2 -0.05378816359803605
1 3 5 3 -0.05378816359803605
0 4 2 2 -0.05378816359803606
1 4 2 3 -0.05378816359803606
0 5 3 2 -0.05378816359803606
1 5 3 3 -0.05378816359803606
0 4 10 2 -0.057663012726173205
1 4 10 3 -0.057663012726173205
0 5 11 2 -0.057663012726173205
1 5 11 3 -0.057663012726173205
0 10 0 2 0.00896212223070926
1 10 0 3 0.00896212223070926
0 11 1 2 0.00896212223070926
1 11 1 3 0.00896212223070926
0 10 4 2 -0.057663012726173205
1 10 4 3 -0.057663012726173205
0 11 5 2 -0.057663012726173205
1 11 5 3 -0.057663012726173205
0 0 0 4 0.010269127764623152
1 0 0 5 0.010269127764623152
0 1 1 4 0.010269127764623152
1 1 1 5 0.010269127764623152
0 0 4 4 0.050633914082737756
1 0 4 5 0.050633914082737756
0 1 5 4 0.050633914082737756
1 1 5 5 0.050633914082737756
0 2 2 4 -0.025831699426325357
1 2 2 5 -0.025831699426325357
0 3 3 4 -0.025831699426325357
1 3 3 5 -0.025831699426325357
0 2 10 4 -0.04737547962839886
1 2 10 5 -0.04737547962839886
0 3 11 4 -0.04737547962839886
1 3 11 5 -0.04737547962839886
0 4 0 4 0.050633914082737756
1 4 0 5 0.050633914082737756
0 5 1 4 0.050633914082737756
1 5 1 5 0.050633914082737756
0 4 4 4 -0.01805008517850005
1 4 4 5 -0.01805008517850005
0 5 5 4 -0.01805008517850005
1 5 5 5 -0.01805008517850005
0 6 6 4 0.051734502537132056
1 6 6 5 0.051734502537132056
0 7 7 4 0.051734502537132056
1 7 7 5 0.051734502537132056
0 8 8 4 0.051734502537132056
1 8 8 5 0.051734502537132056
0 9 9 4 0.051734502537132056
1 9 9 5 0.051734502537132056
0 10 2 4 -0.04737547962839886
1 10 2 5 -0.04737547962839886
0 11 3 4 -0.04737547962839886
1 11 3 5 -0.04737547962839886
0 10 10 4 0.014962893790794782
1 10 10 5 0.014962893790794782
0 11 11 4 0.014962893790794782
1 11 11 5 0.014962893790794782
0 0 6 6 0.026417226651662566
1 0 6 7 0.026417226651662566
0 1 7 6 0.026417226651662566
1 1 7 7 0.026417226651662566
0 4 6 6 0.021589728005657813
1 4 6 7 0.021589728005657813
0 5 7 6 0.021589728005657813
1 5 7 7 0.021589728005657813
0 6 0 6 0.026417226651662566
1 6 0 7 0.026417226651662566
0 7 1 6 0.026417226651662566
1 7 1 7 0.026417226651662566
0 6 4 6 0.021589728005657813
1 6 4 7 0.021589728005657813
0 7 5 6 0.021589728005657813
1 7 5 7 0.021589728005657813
0 0 8 8 0.026417226651662566
1 0 8 9 0.026417226651662566
0 1 9 8 0.026417226651662566
1 1 9 9 0.026417226651662566
0 4 8 8 0.021589728005657813
1 4 8 9 0.021589728005657813
0 5 9 8 0.021589728005657813
1 5 9 9 0.021589728005657813
0 8 0 8 0.026417226651662566
1 8 0 9 0.026417226651662566
0 9 1 8 0.026417226651662566
1 9 1 9 0.026417226651662566
0 8 4 8 0.021589728005657813
1 8 4 9 0.021589728005657813
0 9 5 8 0.021589728005657813
1 9 5 9 0.021589728005657813
0 0 2 10 0.00896212223070926
1 0 2 11 0.00896212223070926
0 1 3 10 0.00896212223070926
1 1 3 11 0.00896212223070926
0 0 10 10 0.02871152853104543
1 0 10 11 0.02871152853104543
0 1 11 10 0.02871152853104543
1 1 11 11 0.02871152853104543
0 2 0 10 0.008962122230709262
1 2 0 11 0.008962122230709262
0 3 1 10 0.008962122230709262
1 3 1 11 0.008962122230709262
0 2 4 10 -0.032702124660871495
1 2 4 11 -0.032702124660871495
0 3 5 10 -0.032702124660871495
1 3 5 11 -0.032702124660871495
0 4 2 10 -0.032702124660871495
1 4 2 11 -0.032702124660871495
0 5 3 10 -0.032702124660871495
1 5 3 11 -0.032702124660871495
0 4 10 10 -0.00786900199220277
1 4 10 11 -0.00786900199220277
0 5 11 10 -0.00786900199220277
1 5 11 11 -0.00786900199220277
0 10 0 10 0.028711528531045423
1 10 0 11 0.028711528531045423
0 11 1 10 0.028711528531045423
1 11 1 11 0.028711528531045423
0 10 4 10 -0.007869001992202774
1 10 4 11 -0.007869001992202774
0 11 5 10 -0.007869001992202774
1 11 5 11 -0.007869001992202774
2 0 2 0 0.06230372199907358
3 0 2 1 0.06230372199907358
2 1 3 0 0.06230372199907358
3 1 3 1 0.06230372199907358
2 0 10 0 0.00896212223070926
3 0 10 1 0.00896212223070926
2 1 11 0 0.00896212223070926
3 1 11 1 0.00896212223070926
2 2 0 0 0.06230372199907358
3 2 0 1 0.06230372199907358
2 3 1 0 0.06230372199907358
3 3 1 1 0.06230372199907358
2 2 4 0 -0.05378816359803605
3 2 4 1 -0.05378816359803605
2 3 5 0 -0.05378816359803605
3 3 5 1 -0.05378816359803605
2 4 2 0 -0.05378816359803606
3 4 2 1 -0.05378816359803606
2 5 3 0 -0.05378816359803606
3 5 3 1 -0.05378816359803606
2 4 10 0 -0.057663012726173205
3 4 10 1 -0.057663012726173205
2 5 11 0 -0.057663012726173205
3 5 11 1 -0.057663012726173205
2 10 0 0 0.00896212223070926
3 10 0 1 0.00896212223070926
2 11 1 0 0.00896212223070926
3 11 1 1 0.00896212223070926
2 10 4 0 -0.057663012726173205
3 10 4 1 -0.057663012726173205
2 11 5 0 -0.057663012726173205
3 11 5 1 -0.057663012726173205
2 0 0 2 0.15173070375865982
3 0 0 3 0.15173070375865982
2 1 1 2 0.15173070375865982
3 1 1 3 0.15173070375865982
2 0 4 2 -0.025831699426325357
3 0 4 3 -0.025831699426325357
2 1 5 2 -0.025831699426325357
3 1 5 3 -0.025831699426325357
2 2 2 2 0.17269764000284224
3 2 2 3 0.17269764000284224
2 3 3 2 0.17269764000284224
3 3 3 3 0.17269764000284224
2 2 10 2 0.020091969933585665
3 2 10 3 0.020091969933585665
2 3 11 2 0.020091969933585665
3 3 11 3 0.020091969933585665
2 4 0 2 -0.025831699426325364
3 4 0 3 -0.025831699426325364
2 5 1 2 -0.025831699426325364
3 5 1 3 -0.025831699426325364
2 4 4 2 0.16812580886064354
3 4 4 3 0.16812580886064354
2 5 5 2 0.16812580886064354
3 5 5 3 0.16812580886064354
2 6 6 2 0.128107838266628
3 6 6 3 0.128107838266628
2 7 7 2 0.128107838266628
3 7 7 3 0.128107838266628
2 8 8 2 0.128107838266628
3 8 8 3 0.128107838266628
2 9 9 2 0.128107838266628
3 9 9 3 0.128107838266628
2 10 2 2 0.02009196993358566
3 10 2 3 0.02009196993358566
2 11 3 2 0.02009196993358566
3 11 3 3 0.02009196993358566
2 10 10 2 0.16073628595108988
3 10 10 3 0.16073628595108988
2 11 11 2 0.16073628595108988
3 11 11 3 0.16073628595108988
2 0 2 4 -0.053788163598036065
3 0 2 5 -0.053788163598036065
2 1 3 4 -0.053788163598036065
3 1 3 5 -0.053788163598036065
2 0 10 4 -0.032702124660871495
3 0 10 5 -0.032702124660871495
2 1 11 4 -0.032702124660871495
3 1 11 5 -0.032702124660871495
2 2 0 4 -0.053788163598036065
3 2 0 5 -0.053788163598036065
2 3 1 4 -0.053788163598036065
3 3 1 5 -0.053788163598036065
2 2 4 4 0.06922580495476836
3 2 4 5 0.06922580495476836
2 3 5 4 0.06922580495476836
3 3 5 5 0.06922580495476836
2 4 2 4 0.06922580495476836
3 4 2 5 0.06922580495476836
2 5 3 4 0.06922580495476836
3 5 3 5 0.06922580495476836
2 4 10 4 0.049745604166209864
3 4 10 5 0.049745604166209864
2 5 11 4 0.049745604166209864
3 5 11 5 0.049745604166209864
2 10 0 4 -0.032702124660871495
3 10 0 5 -0.032702124660871495
2 11 1 4 -0.032702124660871495
3 11 1 5 -0.032702124660871495
2 10 4 4 0.04974560416620988
3 10 4 5 0.04974560416620988
2 11 5 4 0.04974560416620988
3 11 5 5 0.04974560416620988
2 2 6 6 0.0034242310895893635
3 2 6 7 0.0034242310895893635
2 3 7 6 0.0034242310895893635
3 3 7 7 0.0034242310895893635
2 6 2 6 0.0034242310895893635
3 6 2 7 0.0034242310895893635
2 7 3 6 0.0034242310895893635
3 7 3 7 0.0034242310895893635
2 6 10 6 -0.005517769259209233
3 6 10 7 -0.005517769259209233
2 7 11 6 -0.005517769259209233
3 7 11 7 -0.005517769259209233
2 10 6 6 -0.005517769259209233
3 10 6 7 -0.005517769259209233
2 11 7 6 -0.005517769259209233
3 11 7 7 -0.005517769259209233
2 2 8 8 0.0034242310895893635
3 2 8 9 0.0034242310895893635
2 3 9 8 0.0034242310895893635
3 3 9 9 0.0034242310895893635
2 8 2 8 0.0034242310895893635
3 8 2 9 0.0034242310895893635
2 9 3 8 0.0034242310895893635
3 9 3 9 0.0034242310895893635
2 8 10 8 -0.005517769259209233
3 8 10 9 -0.005517769259209233
2 9 11 8 -0.005517769259209233
3 9 11 9 -0.005517769259209233
2 10 8 8 -0.005517769259209233
3 10 8 9 -0.005517769259209233
2 11 9 8 -0.005517769259209233
3 11 9 9 -0.005517769259209233
2 0 0 10 -0.011673082758146162
3 0 0 11 -0.011673082758146162
2 1 1 10 -0.011673082758146162
3 1 1 11 -0.011673082758146162
2 0 4 10 -0.04737547962839889
3 0 4 11 -0.04737547962839889
2 1 5 10 -0.04737547962839889
3 1 5 11 -0.04737547962839889
2 2 2 10 0.020091969933585682
3 2 2 11 0.020091969933585682
2 3 3 10 0.020091969933585682
3 3 3 11 0.020091969933585682
2 2 10 10 0.04884815647751697
3 2 10 11 0.04884815647751697
2 3 11 10 0.04884815647751697
3 3 11 11 0.04884815647751697
2 4 0 10 -0.04737547962839887
3 4 0 11 -0.04737547962839887
2 5 1 10 -0.04737547962839887
3 5 1 11 -0.04737547962839887
2 4 4 10 0.016831095639884927
3 4 4 11 0.016831095639884927
2 5 5 10 0.016831095639884927
3 5 5 11 0.016831095639884927
2 6 6 10 -0.04638632247193056
3 6 6 11 -0.04638632247193056
2 7 7 10 -0.04638632247193056
3 7 7 11 -0.04638632247193056
2 8 8 10 -0.04638632247193056
3 8 8 11 -0.04638632247193056
2 9 9 10 -0.04638632247193056
3 9 9 11 -0.04638632247193056
2 10 2 10 0.04884815647751695
3 10 2 11 0.04884815647751695
2 11 3 10 0.04884815647751695
3 11 3 11 0.04884815647751695
2 10 10 10 -0.020671670489027582
3 10 10 11 -0.020671670489027582
2 11 11 10 -0.020671670489027582
3 11 11 11 -0.020671670489027582
4 0 0 0 0.010269127764623166
5 0 0 1 0.010269127764623166
4 1 1 0 0.010269127764623166
5 1 1 1 0.010269127764623166
4 0 4 0 0.05063391408273775
5 0 4 1 0.05063391408273775
4 1 5 0 0.05063391408273775
5 1 5 1 0.05063391408273775
4 2 2 0 -0.025831699426325364
5 2 2 1 -0.025831699426325364
4 3 3 0 -0.025831699426325364
5 3 3 1 -0.025831699426325364
4 2 10 0 -0.047375479628398866
5 2 10 1 -0.047375479628398866
4 3 11 0 -0.047375479628398866
5 3 11 1 -0.047375479628398866
4 4 0 0 0.050633914082737756
5 4 0 1 0.050633914082737756
4 5 1 0 0.050633914082737756
5 5 1 1 0.050633914082737756
4 4 4 0 -0.018050085178500035
5 4 4 1 -0.018050085178500035
4 5 5 0 -0.018050085178500035
5 5 5 1 -0.018050085178500035
4 6 6 0 0.05173450253713201
5 6 6 1 0.05173450253713201
4 7 7 0 0.05173450253713201
5 7 7 1 0.05173450253713201
4 8 8 0 0.05173450253713201
5 8 8 1 0.05173450253713201
4 9 9 0 0.05173450253713201
5 9 9 1 0.05173450253713201
4 10 2 0 -0.04737547962839886
5 10 2 1 -0.04737547962839886
4 11 3 0 -0.04737547962839886
5 11 3 1 -0.04737547962839886
4 10 10 0 0.014962893790794796
5 10 10 1 0.014962893790794796
4 11 11 0 0.014962893790794796
5 11 11 1 0.014962893790794796
4 0 2 2 -0.053788163598036065
5 0 2 3 -0.053788163598036065
4 1 3 2 -0.053788163598036065
5 1 3 3 -0.053788163598036065
4 0 10 2 -0.032702124660871495
5 0 10 3 -0.032702124660871495
4 1 11 2 -0.032702124660871495
5 1 11 3 -0.032702124660871495
4 2 0 2 -0.05378816359803607
5 2 0 3 -0.05378816359803607
4 3 1 2 -0.05378816359803607
5 3 1 3 -0.05378816359803607
4 2 4 2 0.06922580495476836
5 2 4 3 0.06922580495476836
4 3 5 2 0.06922580495476836
5 3 5 3 0.06922580495476836
4 4 2 2 0.06922580495476838
5 4 2 3 0.06922580495476838
4 5 3 2 0.06922580495476838
5 5 3 3 0.06922580495476838
4 4 10 2 0.049745604166209864
5 4 10 3 0.049745604166209864
4 5 11 2 0.049745604166209864
5 5 11 3 0.049745604166209864
4 10 0 2 -0.032702124660871495
5 10 0 3 -0.032702124660871495
4 11 1 2 -0.032702124660871495
5 11 1 3 -0.032702124660871495
4 10 4 2 0.04974560416620988
5 10 4 3 0.04974560416620988
4 11 5 2 0.04974560416620988
5 11 5 3 0.04974560416620988
4 0 0 4 0.15430029547140675
5 0 0 5 0.15430029547140675
4 1 1 4 0.15430029547140675
5 1 1 5 0.15430029547140675
4 0 4 4 -0.01805008517850004
5 0 4 5 -0.01805008517850004
4 1 5 4 -0.01805008517850004
5 1 5 5 -0.01805008517850004
4 2 2 4 0.16812580886064354
5 2 2 5 0.16812580886064354
4 3 3 4 0.16812580886064354
5 3 3 5 0.16812580886064354
4 2 10 4 0.01683109563988494
5 2 10 5 0.01683109563988494
4 3 11 4 0.01683109563988494
5 3 11 5 0.01683109563988494
4 4 0 4 -0.01805008517850003
5 4 0 5 -0.01805008517850003
4 5 1 4 -0.01805008517850003
5 5 1 5 -0.01805008517850003
4 4 4 4 0.16921345444153024
5 4 4 5 0.16921345444153024
4 5 5 4 0.16921345444153024
5 5 5 5 0.16921345444153024
4 6 6 4 0.14107080659006285
5 6 6 5 0.14107080659006285
4 7 7 4 0.14107080659006285
5 7 7 5 0.14107080659006285
4 8 8 4 0.14107080659006285
5 8 8 5 0.14107080659006285
4 9 9 4 0.14107080659006285
5 9 9 5 0.14107080659006285
4 10 2 4 0.016831095639884934
5 10 2 5 0.016831095639884934
4 11 3 4 0.016831095639884934
5 11 3 5 0.016831095639884934
4 10 10 4 0.16208896504907636
5 10 10 5 0.16208896504907636
4 11 11 4 0.16208896504907636
5 11 11 5 0.16208896504907636
4 0 6 6 0.02158972800565781
5 0 6 7 0.02158972800565781
4 1 7 6 0.02158972800565781
5 1 7 7 0.02158972800565781
4 4 6 6 0.017814468016278274
5 4 6 7 0.017814468016278274
4 5 7 6 0.017814468016278274
5 5 7 7 0.017814468016278274
4 6 0 6 0.02158972800565781
5 6 0 7 0.02158972800565781
4 7 1 6 0.02158972800565781
5 7 1 7 0.02158972800565781
4 6 4 6 0.017814468016278274
5 6 4 7 0.017814468016278274
4 7 5 6 0.017814468016278274
5 7 5 7 0.017814468016278274
4 0 8 8 0.02158972800565781
5 0 8 9 0.02158972800565781
4 1 9 8 0.02158972800565781
5 1 9 9 0.02158972800565781
4 4 8 8 0.017814468016278274
5 4 8 9 0.017814468016278274
4 5 9 8 0.017814468016278274
5 5 9 9 0.017814468016278274
4 8 0 8 0.02158972800565781
5 8 0 9 0.02158972800565781
4 9 1 8 0.02158972800565781
5 9 1 9 0.02158972800565781
4 8 4 8 0.017814468016278274
5 8 4 9 0.017814468016278274
4 9 5 8 0.017814468016278274
5 9 5 9 0.017814468016278274
4 0 2 10 -0.05766301272617319
5 0 2 11 -0.05766301272617319
4 1 3 10 -0.05766301272617319
5 1 3 11 -0.05766301272617319
4 0 10 10 -0.007869001992202777
5 0 10 11 -0.007869001992202777
4 1 11 10 -0.007869001992202777
5 1 11 11 -0.007869001992202777
4 2 0 10 -0.057663012726173205
5 2 0 11 -0.057663012726173205
4 3 1 10 -0.057663012726173205
5 3 1 11 -0.057663012726173205
4 2 4 10 0.04974560416620986
5 2 4 11 0.04974560416620986
4 3 5 10 0.04974560416620986
5 3 5 11 0.04974560416620986
4 4 2 10 0.049745604166209864
5 4 2 11 0.049745604166209864
4 5 3 10 0.049745604166209864
5 5 3 11 0.049745604166209864
4 4 10 10 0.05555218847678547
5 4 10 11 0.05555218847678547
4 5 11 10 0.05555218847678547
5 5 11 11 0.05555218847678547
4 10 0 10 -0.007869001992202775
5 10 0 11 -0.007869001992202775
4 11 1 10 -0.007869001992202775
5 11 1 11 -0.007869001992202775
4 10 4 10 0.055552188476785475
5 10 4 11 0.055552188476785475
4 11 5 10 0.055552188476785475
5 11 5 11 0.055552188476785475
6 0 6 0 0.026417226651662566
7 0 6 1 0.026417226651662566
6 1 7 0 0.026417226651662566
7 1 7 1 0.026417226651662566
6 4 6 0 0.021589728005657813
7 4 6 1 0.021589728005657813
6 5 7 0 0.021589728005657813
7 5 7 1 0.021589728005657813
6 6 0 0 0.026417226651662566
7 6 0 1 0.026417226651662566
6 7 1 0 0.026417226651662566
7 7 1 1 0.026417226651662566
6 6 4 0 0.021589728005657813
7 6 4 1 0.021589728005657813
6 7 5 0 0.021589728005657813
7 7 5 1 0.021589728005657813
6 2 6 2 0.0034242310895893635
7 2 6 3 0.0034242310895893635
6 3 7 2 0.0034242310895893635
7 3 7 3 0.0034242310895893635
6 6 2 2 0.0034242310895893635
7 6 2 3 0.0034242310895893635
6 7 3 2 0.0034242310895893635
7 7 3 3 0.0034242310895893635
6 6 10 2 -0.005517769259209233
7 6 10 3 -0.005517769259209233
6 7 11 2 -0.005517769259209233
7 7 11 3 -0.005517769259209233
6 10 6 2 -0.005517769259209233
7 10 6 3 -0.005517769259209233
6 11 7 2 -0.005517769259209233
7 11 7 3 -0.005517769259209233
6 0 6 4 0.02158972800565781
7 0 6 5 0.02158972800565781
6 1 7 4 0.02158972800565781
7 1 7 5 0.02158972800565781
6 4 6 4 0.017814468016278274
7 4 6 5 0.017814468016278274
6 5 7 4 0.017814468016278274
7 5 7 5 0.017814468016278274
6 6 0 4 0.02158972800565781
7 6 0 5 0.02158972800565781
6 7 1 4 0.02158972800565781
7 7 1 5 0.02158972800565781
6 6 4 4 0.017814468016278274
7 6 4 5 0.017814468016278274
6 7 5 4 0.017814468016278274
7 7 5 5 0.017814468016278274
6 0 0 6 0.1650983500660802
7 0 0 7 0.1650983500660802
6 1 1 6 0.1650983500660802
7 1 1 7 0.1650983500660802
6 0 4 6 0.051734502537132056
7 0 4 7 0.051734502537132056
6 1 5 6 0.051734502537132056
7 1 5 7 0.051734502537132056
6 2 2 6 0.128107838266628
7 2 2 7 0.128107838266628
6 3 3 6 0.128107838266628
7 3 3 7 0.128107838266628
6 2 10 6 -0.04638632247193056
7 2 10 7 -0.04638632247193056
6 3 11 6 -0.04638632247193056
7 3 11 7 -0.04638632247193056
6 4 0 6 0.05173450253713201
7 4 0 7 0.05173450253713201
6 5 1 6 0.05173450253713201
7 5 1 7 0.05173450253713201
6 4 4 6 0.14107080659006285
7 4 4 7 0.14107080659006285
6 5 5 6 0.14107080659006285
7 5 5 7 0.14107080659006285
6 6 6 6 0.224929545
7 6 6 7 0.224929545
6 7 7 6 0.224929545
7 7 7 7 0.224929545
6 8 8 6 0.2006801625
7 8 8 7 0.2006801625
6 9 9 6 0.2006801625
7 9 9 7 0.2006801625
6 10 2 6 -0.04638632247193055
7 10 2 7 -0.04638632247193055
6 11 3 6 -0.04638632247193055
7 11 3 7 -0.04638632247193055
6 10 10 6 0.17553673460356967
7 10 10 7 0.17553673460356967
6 11 11 6 0.17553673460356967
7 11 11 7 0.17553673460356967
6 6 8 8 0.0121246915
7 6 8 9 0.0121246915
6 7 9 8 0.0121246915
7 7 9 9 0.0121246915
6 8 6 8 0.0121246915
7 8 6 9 0.0121246915
6 9 7 8 0.0121246915
7 9 7 9 0.0121246915
6 2 6 10 -0.005517769259209231
7 2 6 11 -0.005517769259209231
6 3 7 10 -0.005517769259209231
7 3 7 11 -0.005517769259209231
6 6 2 10 -0.005517769259209231
7 6 2 11 -0.005517769259209231
6 7 3 10 -0.005517769259209231
7 7 3 11 -0.005517769259209231
6 6 10 10 0.009187322250405822
7 6 10 11 0.009187322250405822
6 7 11 10 0.009187322250405822
7 7 11 11 0.009187322250405822
6 10 6 10 0.009187322250405822
7 10 6 11 0.009187322250405822
6 11 7 10 0.009187322250405822
7 11 7 11 0.009187322250405822
8 0 8 0 0.026417226651662566
9 0 8 1 0.026417226651662566
8 1 9 0 0.026417226651662566
9 1 9 1 0.026417226651662566
8 4 8 0 0.021589728005657813
9 4 8 1 0.021589728005657813
8 5 9 0 0.021589728005657813
9 5 9 1 0.021589728005657813
8 8 0 0 0.026417226651662566
9 8 0 1 0.026417226651662566
8 9 1 0 0.026417226651662566
9 9 1 1 0.026417226651662566
8 8 4 0 0.021589728005657813
9 8 4 1 0.021589728005657813
8 9 5 0 0.021589728005657813
9 9 5 1 0.021589728005657813
8 2 8 2 0.0034242310895893635
9 2 8 3 0.0034242310895893635
8 3 9 2 0.0034242310895893635
9 3 9 3 0.0034242310895893635
8 8 2 2 0.0034242310895893635
9 8 2 3 0.0034242310895893635
8 9 3 2 0.0034242310895893635
9 9 3 3 0.0034242310895893635
8 8 10 2 -0.005517769259209233
9 8 10 3 -0.005517769259209233
8 9 11 2 -0.005517769259209233
9 9 11 3 -0.005517769259209233
8 10 8 2 -0.005517769259209233
9 10 8 3 -0.005517769259209233
8 11 9 2 -0.005517769259209233
9 11 9 3 -0.005517769259209233
8 0 8 4 0.02158972800565781
9 0 8 5 0.02158972800565781
8 1 9 4 0.02158972800565781
9 1 9 5 0.02158972800565781
8 4 8 4 0.017814468016278274
9 4 8 5 0.017814468016278274
8 5 9 4 0.017814468016278274
9 5 9 5 0.017814468016278274
8 8 0 4 0.02158972800565781
9 8 0 5 0.02158972800565781
8 9 1 4 0.02158972800565781
9 9 1 5 0.02158972800565781
8 8 4 4 0.017814468016278274
9 8 4 5 0.017814468016278274
8 9 5 4 0.017814468016278274
9 9 5 5 0.017814468016278274
8 6 8 6 0.0121246915
9 6 8 7 0.0121246915
8 7 9 6 0.0121246915
9 7 9 7 0.0121246915
8 8 6 6 0.0121246915
9 8 6 7 0.0121246915
8 9 7 6 0.0121246915
9 9 7 7 0.0121246915
8 0 0 8 0.1650983500660802
9 0 0 9 0.1650983500660802
8 1 1 8 0.1650983500660802
9 1 1 9 0.1650983500660802
8 0 4 8 0.051734502537132056
9 0 4 9 0.051734502537132056
8 1 5 8 0.051734502537132056
9 1 5 9 0.051734502537132056
8 2 2 8 0.128107838266628
9 2 2 9 0.128107838266628
8 3 3 8 0.128107838266628
9 3 3 9 0.128107838266628
8 2 10 8 -0.04638632247193056
9 2 10 9 -0.04638632247193056
8 3 11 8 -0.04638632247193056
9 3 11 9 -0.04638632247193056
8 4 0 8 0.05173450253713201
9 4 0 9 0.05173450253713201
8 5 1 8 0.05173450253713201
9 5 1 9 0.05173450253713201
8 4 4 8 0.14107080659006285
9 4 4 9 0.14107080659006285
8 5 5 8 0.14107080659006285
9 5 5 9 0.14107080659006285
8 6 6 8 0.2006801625
9 6 6 9 0.2006801625
8 7 7 8 0.2006801625
9 7 7 9 0.2006801625
8 8 8 8 0.224929545
9 8 8 9 0.224929545
8 9 9 8 0.224929545
9 9 9 9 0.224929545
8 10 2 8 -0.04638632247193055
9 10 2 9 -0.04638632247193055
8 11 3 8 -0.04638632247193055
9 11 3 9 -0.04638632247193055
8 10 10 8 0.17553673460356967
9 10 10 9 0.17553673460356967
8 11 11 8 0.17553673460356967
9 11 11 9 0.17553673460356967
8 2 8 10 -0.005517769259209231
9 2 8 11 -0.005517769259209231
8 3 9 10 -0.005517769259209231
9 3 9 11 -0.005517769259209231
8 8 2 10 -0.005517769259209231
9 8 2 11 -0.005517769259209231
8 9 3 10 -0.005517769259209231
9 9 3 11 -0.005517769259209231
8 8 10 10 0.009187322250405822
9 8 10 11 0.009187322250405822
8 9 11 10 0.009187322250405822
9 9 11 11 0.009187322250405822
8 10 8 10 0.009187322250405822
9 10 8 11 0.009187322250405822
8 11 9 10 0.009187322250405822
9 11 9 11 0.009187322250405822
10 0 2 0 0.008962122230709264
11 0 2 1 0.008962122230709264
10 1 3 0 0.008962122230709264
11 1 3 1 0.008962122230709264
10 0 10 0 0.028711528531045423
11 0 10 1 0.028711528531045423
10 1 11 0 0.028711528531045423
11 1 11 1 0.028711528531045423
10 2 0 0 0.008962122230709267
11 2 0 1 0.008962122230709267
10 3 1 0 0.008962122230709267
11 3 1 1 0.008962122230709267
10 2 4 0 -0.032702124660871495
11 2 4 1 -0.032702124660871495
10 3 5 0 -0.032702124660871495
11 3 5 1 -0.032702124660871495
10 4 2 0 -0.032702124660871495
11 4 2 1 -0.032702124660871495
10 5 3 0 -0.032702124660871495
11 5 3 1 -0.032702124660871495
10 4 10 0 -0.007869001992202772
11 4 10 1 -0.007869001992202772
10 5 11 0 -0.007869001992202772
11 5 11 1 -0.007869001992202772
10 10 0 0 0.028711528531045416
11 10 0 1 0.028711528531045416
10 11 1 0 0.028711528531045416
11 11 1 1 0.028711528531045416
10 10 4 0 -0.007869001992202775
11 10 4 1 -0.007869001992202775
10 11 5 0 -0.007869001992202775
11 11 5 1 -0.007869001992202775
10 0 0 2 -0.011673082758146158
11 0 0 3 -0.011673082758146158
10 1 1 2 -0.011673082758146158
11 1 1 3 -0.011673082758146158
10 0 4 2 -0.04737547962839888
11 0 4 3 -0.04737547962839888
10 1 5 2 -0.04737547962839888
11 1 5 3 -0.04737547962839888
10 2 2 2 0.020091969933585654
11 2 2 3 0.020091969933585654
10 3 3 2 0.020091969933585654
11 3 3 3 0.020091969933585654
10 2 10 2 0.04884815647751697
11 2 10 3 0.04884815647751697
10 3 11 2 0.04884815647751697
11 3 11 3 0.04884815647751697
10 4 0 2 -0.04737547962839887
11 4 0 3 -0.04737547962839887
10 5 1 2 -0.04737547962839887
11 5 1 3 -0.04737547962839887
10 4 4 2 0.01683109563988492
11 4 4 3 0.01683109563988492
10 5 5 2 0.01683109563988492
11 5 5 3 0.01683109563988492
10 6 6 2 -0.04638632247193055
11 6 6 3 -0.04638632247193055
10 7 7 2 -0.04638632247193055
11 7 7 3 -0.04638632247193055
10 8 8 2 -0.04638632247193055
11 8 8 3 -0.04638632247193055
10 9 9 2 -0.04638632247193055
11 9 9 3 -0.04638632247193055
10 10 2 2 0.04884815647751696
11 10 2 3 0.04884815647751696
10 11 3 2 0.04884815647751696
11 11 3 3 0.04884815647751696
10 10 10 2 -0.02067167048902758
11 10 10 3 -0.02067167048902758
10 11 11 2 -0.02067167048902758
11 11 11 3 -0.02067167048902758
10 0 2 4 -0.0576630127261732
11 0 2 5 -0.0576630127261732
10 1 3 4 -0.0576630127261732
11 1 3 5 -0.0576630127261732
10 0 10 4 -0.007869001992202777
11 0 10 5 -0.007869001992202777
10 1 11 4 -0.007869001992202777
11 1 11 5 -0.007869001992202777
10 2 0 4 -0.057663012726173205
11 2 0 5 -0.057663012726173205
10 3 1 4 -0.057663012726173205
11 3 1 5 -0.057663012726173205
10 2 4 4 0.049745604166209864
11 2 4 5 0.049745604166209864
10 3 5 4 0.049745604166209864
11 3 5 5 0.049745604166209864
10 4 2 4 0.049745604166209864
11 4 2 5 0.049745604166209864
10 5 3 4 0.049745604166209864
11 5 3 5 0.049745604166209864
10 4 10 4 0.05555218847678547
11 4 10 5 0.05555218847678547
10 5 11 4 0.05555218847678547
11 5 11 5 0.05555218847678547
10 10 0 4 -0.007869001992202779
11 10 0 5 -0.007869001992202779
10 11 1 4 -0.007869001992202779
11 11 1 5 -0.007869001992202779
10 10 4 4 0.05555218847678548
11 10 4 5 0.05555218847678548
10 11 5 4 0.05555218847678548
11 11 5 5 0.05555218847678548
10 2 6 6 -0.005517769259209231
11 2 6 7 -0.005517769259209231
10 3 7 6 -0.005517769259209231
11 3 7 7 -0.005517769259209231
10 6 2 6 -0.005517769259209231
11 6 2 7 -0.005517769259209231
10 7 3 6 -0.005517769259209231
11 7 3 7 -0.005517769259209231
10 6 10 6 0.009187322250405822
11 6 10 7 0.009187322250405822
10 7 11 6 0.009187322250405822
11 7 11 7 0.009187322250405822
10 10 6 6 0.009187322250405822
11 10 6 7 0.009187322250405822
10 11 7 6 0.009187322250405822
11 11 7 7 0.009187322250405822
10 2 8 8 -0.005517769259209231
11 2 8 9 -0.005517769259209231
10 3 9 8 -0.005517769259209231
11 3 9 9 -0.005517769259209231
10 8 2 8 -0.005517769259209231
11 8 2 9 -0.005517769259209231
10 9 3 8 -0.005517769259209231
11 9 3 9 -0.005517769259209231
10 8 10 8 0.009187322250405822
11 8 10 9 0.009187322250405822
10 9 11 8 0.009187322250405822
11 9 11 9 0.009187322250405822
10 10 8 8 0.009187322250405822
11 10 8 9 0.009187322250405822
10 11 9 8 0.009187322250405822
11 11 9 9 0.009187322250405822
10 0 0 10 0.16727171451159809
11 0 0 11 0.16727171451159809
10 1 1 10 0.16727171451159809
11 1 1 11 0.16727171451159809
10 0 4 10 0.014962893790794787
11 0 4 11 0.014962893790794787
10 1 5 10 0.014962893790794787
11 1 5 11 0.014962893790794787
10 2 2 10 0.16073628595108988
11 2 2 11 0.16073628595108988
10 3 3 10 0.16073628595108988
11 3 3 11 0.16073628595108988
10 2 10 10 -0.02067167048902758
11 2 10 11 -0.02067167048902758
10 3 11 10 -0.02067167048902758
11 3 11 11 -0.02067167048902758
10 4 0 10 0.014962893790794754
11 4 0 11 0.014962893790794754
10 5 1 10 0.014962893790794754
11 5 1 11 0.014962893790794754
10 4 4 10 0.16208896504907633
11 4 4 11 0.16208896504907633
10 5 5 10 0.16208896504907633
11 5 5 11 0.16208896504907633
10 6 6 10 0.17553673460356967
11 6 6 11 0.17553673460356967
10 7 7 10 0.17553673460356967
11 7 7 11 0.17553673460356967
10 8 8 10 0.17553673460356967
11 8 8 11 0.17553673460356967
10 9 9 10 0.17553673460356967
11 9 9 11 0.17553673460356967
10 10 2 10 -0.020671670489027582
11 10 2 11 -0.020671670489027582
10 11 3 10 -0.020671670489027582
11 11 3 11 -0.020671670489027582
10 10 10 10 0.18746571917709162
11 10 10 11 0.18746571917709162
10 11 11 10 0.18746571917709162
11 11 11 11 0.18746571917709162