-12.523790184044042
0 0 -1.076811673065993
1 1 -1.076811673065993
0 4 -0.0260480915122972
1 5 -0.0260480915122972
2 2 -1.0254795669036185
3 3 -1.0254795669036185
2 10 0.024074420567276378
3 11 0.024074420567276378
4 0 -0.026048091512296867
5 1 -0.026048091512296867
4 4 -0.94684694068193
5 5 -0.94684694068193
6 6 -0.8992871818997437
7 7 -0.8992871818997437
8 8 -0.8992871818997437
9 9 -0.8992871818997437
10 2 0.0240744205672761
11 3 0.0240744205672761
10 10 -0.8680154868860065
11 11 -0.8680154868860065
0 0 0 0 0.15648466673010283
1 0 0 1 0.15648466673010283
0 1 1 0 0.15648466673010283
1 1 1 1 0.15648466673010283
0 0 4 0 0.013006511281134085
1 0 4 1 0.013006511281134085
0 1 5 0 0.013006511281134085
1 1 5 1 0.013006511281134085
0 2 2 0 0.1474716467023252
1 2 2 1 0.1474716467023252
0 3 3 0 0.1474716467023252
1 3 3 1 0.1474716467023252
0 2 10 0 -0.013728165002095886
1 2 10 1 -0.013728165002095886
0 3 11 0 -0.013728165002095886
1 3 11 1 -0.013728165002095886
0 4 0 0 0.013006511281134104
1 4 0 1 0.013006511281134104
0 5 1 0 0.013006511281134104
1 5 1 1 0.013006511281134104
0 4 4 0 0.150621977715673
1 4 4 1 0.150621977715673
0 5 5 0 0.150621977715673
1 5 5 1 0.150621977715673
0 6 6 0 0.16614291444396764
1 6 6 1 0.16614291444396764
0 7 7 0 0.16614291444396764
1 7 7 1 0.16614291444396764
0 8 8 0 0.16614291444396764
1 8 8 1 0.16614291444396764
0 9 9 0 0.16614291444396764
1 9 9 1 0.16614291444396764
0 10 2 0 -0.013728165002095897
1 10 2 1 -0.013728165002095897
0 11 3 0 -0.013728165002095897
1 11 3 1 -0.013728165002095897
0 10 10 0 0.16618644919068187
1 10 10 1 0.16618644919068187
0 11 11 0 0.16618644919068187
1 11 11 1 0.16618644919068187
0 0 2 2 0.05961648698505259
1 0 2 3 0.05961648698505259
0 1 3 2 0.05961648698505259
1 1 3 3 0.05961648698505259
0 0 10 2 0.006899725085033113
1 0 10 3 0.006899725085033113
0 1 11 2 0.006899725085033113
1 1 11 3 0.006899725085033113
0 2 0 2 0.05961648698505259
1 2 0 3 0.05961648698505259
0 3 1 2 0.05961648698505259
1 3 1 3 0.05961648698505259
0 2 4 2 -0.055381284100963754
1 2 4 3 -0.055381284100963754
0 3 5 2 -0.055381284100963754
1 3 5 3 -0.055381284100963754
0 4 2 2 -0.05538128410096375
1 4 2 3 -0.05538128410096375
0 5 3 2 -0.05538128410096375
1 5 3 3 -0.05538128410096375
0 4 10 2 -0.055283307727170716
1 4 10 3 -0.055283307727170716
0 5 11 2 -0.055283307727170716
1 5 11 3 -0.055283307727170716
0 10 0 2 0.006899725085033111
1 10 0 3 0.006899725085033111
0 11 1 2 0.006899725085033111
1 11 1 3 0.006899725085033111
0 10 4 2 -0.05528330772717071
1 10 4 3 -0.05528330772717071
0 11 5 2 -0.05528330772717071
1 11 5 3 -0.05528330772717071
0 0 0 4 0.013006511281134104
1 0 0 5 0.013006511281134104
0 1 1 4 0.013006511281134104
1 1 1 5 0.013006511281134104
0 0 4 4 0.0505003624413883
1 0 4 5 0.0505003624413883
0 1 5 4 0.0505003624413883
1 1 5 5 0.0505003624413883
0 2 2 4 -0.027682181690776714
1 2 2 5 -0.027682181690776714
0 3 3 4 -0.027682181690776714
1 3 3 5 -0.027682181690776714
0 2 10 4 -0.04697309919642201
1 2 10 5 -0.04697309919642201
0 3 11 4 -0.04697309919642201
1 3 11 5 -0.04697309919642201
0 4 0 4 0.050500362441388315
1 4 0 5 0.050500362441388315
0 5 1 4 0.050500362441388315
1 5 1 5 0.050500362441388315
0 4 4 4 -0.02003912649743972
1 4 4 5 -0.02003912649743972
0 5 5 4 -0.02003912649743972
1 5 5 5 -0.02003912649743972
0 6 6 4 0.052590401551092826
1 6 6 5 0.052590401551092826
0 7 7 4 0.052590401551092826
1 7 7 5 0.052590401551092826
0 8 8 4 0.052590401551092826
1 8 8 5 0.052590401551092826
0 9 9 4 0.052590401551092826
1 9 9 5 0.052590401551092826
0 10 2 4 -0.04697309919642201
1 10 2 5 -0.04697309919642201
0 11 3 4 -0.04697309919642201
1 11 3 5 -0.04697309919642201
0 10 10 4 0.017932668634994122
1 10 10 5 0.017932668634994122
0 11 11 4 0.017932668634994122
1 11 11 5 0.017932668634994122
0 0 6 6 0.027371662269719377
1 0 6 7 0.027371662269719377
0 1 7 6 0.027371662269719377
1 1 7 7 0.027371662269719377
0 4 6 6 0.021289748168376182
1 4 6 7 0.021289748168376182
0 5 7 6 0.021289748168376182
1 5 7 7 0.021289748168376182
0 6 0 6 0.027371662269719377
1 6 0 7 0.027371662269719377
0 7 1 6 0.027371662269719377
1 7 1 7 0.027371662269719377
0 6 4 6 0.021289748168376182
1 6 4 7 0.021289748168376182
0 7 5 6 0.021289748168376182
1 7 5 7 0.021289748168376182
0 0 8 8 0.027371662269719377
1 0 8 9 0.027371662269719377
0 1 9 8 0.027371662269719377
1 1 9 9 0.027371662269719377
0 4 8 8 0.021289748168376182
1 4 8 9 0.021289748168376182
0 5 9 8 0.021289748168376182
1 5 9 9 0.021289748168376182
0 8 0 8 0.027371662269719377
1 8 0 9 0.027371662269719377
0 9 1 8 0.027371662269719377
1 9 1 9 0.027371662269719377
0 8 4 8 0.021289748168376182
1 8 4 9 0.021289748168376182
0 9 5 8 0.021289748168376182
1 9 5 9 0.021289748168376182
0 0 2 10 0.006899725085033118
1 0 2 11 0.006899725085033118
0 1 3 10 0.006899725085033118
1 1 3 11 0.006899725085033118
0 0 10 10 0.028553697047501842
1 0 10 11 0.028553697047501842
0 1 11 10 0.028553697047501842
1 1 11 11 0.028553697047501842
0 2 0 10 0.0068997250850331045
1 2 0 11 0.0068997250850331045
0 3 1 10 0.0068997250850331045
1 3 1 11 0.0068997250850331045
0 2 4 10 -0.03167315115845533
1 2 4 11 -0.03167315115845533
0 3 5 10 -0.03167315115845533
1 3 5 11 -0.03167315115845533
0 4 2 10 -0.031673151158455315
1 4 2 11 -0.031673151158455315
0 5 3 10 -0.031673151158455315
1 5 3 11 -0.031673151158455315
0 4 10 10 -0.005481670316229209
1 4 10 11 -0.005481670316229209
0 5 11 10 -0.005481670316229209
1 5 11 11 -0.005481670316229209
0 10 0 10 0.028553697047501832
1 10 0 11 0.028553697047501832
0 11 1 10 0.028553697047501832
1 11 1 11 0.028553697047501832
0 10 4 10 -0.005481670316229214
1 10 4 11 -0.005481670316229214
0 11 5 10 -0.005481670316229214
1 11 5 11 -0.005481670316229214
2 0 2 0 0.05961648698505259
3 0 2 1 0.05961648698505259
2 1 3 0 0.05961648698505259
3 1 3 1 0.05961648698505259
2 0 10 0 0.006899725085033111
3 0 10 1 0.006899725085033111
2 1 11 0 0.006899725085033111
3 1 11 1 0.006899725085033111
2 2 0 0 0.05961648698505259
3 2 0 1 0.05961648698505259
2 3 1 0 0.05961648698505259
3 3 1 1 0.05961648698505259
2 2 4 0 -0.05538128410096375
3 2 4 1 -0.05538128410096375
2 3 5 0 -0.05538128410096375
3 3 5 1 -0.05538128410096375
2 4 2 0 -0.05538128410096374
3 4 2 1 -0.05538128410096374
2 5 3 0 -0.05538128410096374
3 5 3 1 -0.05538128410096374
2 4 10 0 -0.055283307727170716
3 4 10 1 -0.055283307727170716
2 5 11 0 -0.055283307727170716
3 5 11 1 -0.055283307727170716
2 10 0 0 0.006899725085033112
3 10 0 1 0.006899725085033112
2 11 1 0 0.006899725085033112
3 11 1 1 0.006899725085033112
2 10 4 0 -0.05528330772717071
3 10 4 1 -0.05528330772717071
2 11 5 0 -0.05528330772717071
3 11 5 1 -0.05528330772717071
2 0 0 2 0.14747164670232524
3 0 0 3 0.14747164670232524
2 1 1 2 0.14747164670232524
3 1 1 3 0.14747164670232524
2 0 4 2 -0.0276821816907767
3 0 4 3 -0.0276821816907767
2 1 5 2 -0.0276821816907767
3 1 5 3 -0.0276821816907767
2 2 2 2 0.17205028251488874
3 2 2 3 0.17205028251488874
2 3 3 2 0.17205028251488874
3 3 3 3 0.17205028251488874
2 2 10 2 0.022318977191182365
3 2 10 3 0.022318977191182365
2 3 11 2 0.022318977191182365
3 3 11 3 0.022318977191182365
2 4 0 2 -0.027682181690776707
3 4 0 3 -0.027682181690776707
2 5 1 2 -0.027682181690776707
3 5 1 3 -0.027682181690776707
2 4 4 2 0.16774036381136015
3 4 4 3 0.16774036381136015
2 5 5 2 0.16774036381136015
3 5 5 3 0.16774036381136015
2 6 6 2 0.1236903895986658
3 6 6 3 0.1236903895986658
2 7 7 2 0.1236903895986658
3 7 7 3 0.1236903895986658
2 8 8 2 0.1236903895986658
3 8 8 3 0.1236903895986658
2 9 9 2 0.1236903895986658
3 9 9 3 0.1236903895986658
2 10 2 2 0.022318977191182372
3 10 2 3 0.022318977191182372
2 11 3 2 0.022318977191182372
3 11 3 3 0.022318977191182372
2 10 10 2 0.15571647503018746
3 10 10 3 0.15571647503018746
2 11 11 2 0.15571647503018746
3 11 11 3 0.15571647503018746
2 0 2 4 -0.05538128410096376
3 0 2 5 -0.05538128410096376
2 1 3 4 -0.05538128410096376
3 1 3 5 -0.05538128410096376
2 0 10 4 -0.03167315115845532
3 0 10 5 -0.03167315115845532
2 1 11 4 -0.03167315115845532
3 1 11 5 -0.03167315115845532
2 2 0 4 -0.05538128410096374
3 2 0 5 -0.05538128410096374
2 3 1 4 -0.05538128410096374
3 3 1 5 -0.05538128410096374
2 2 4 4 0.07452401759004833
3 2 4 5 0.07452401759004833
2 3 5 4 0.07452401759004833
3 3 5 5 0.07452401759004833
2 4 2 4 0.07452401759004833
3 4 2 5 0.07452401759004833
2 5 3 4 0.07452401759004833
3 5 3 5 0.07452401759004833
2 4 10 4 0.05090242261912428
3 4 10 5 0.05090242261912428
2 5 11 4 0.05090242261912428
3 5 11 5 0.05090242261912428
2 10 0 4 -0.031673151158455315
3 10 0 5 -0.031673151158455315
2 11 1 4 -0.031673151158455315
3 11 1 5 -0.031673151158455315
2 10 4 4 0.05090242261912428
3 10 4 5 0.05090242261912428
2 11 5 4 0.05090242261912428
3 11 5 5 0.05090242261912428
2 2 6 6 0.0031574995602457754
3 2 6 7 0.0031574995602457754
2 3 7 6 0.0031574995602457754
3 3 7 7 0.0031574995602457754
2 6 2 6 0.0031574995602457754
3 6 2 7 0.0031574995602457754
2 7 3 6 0.0031574995602457754
3 7 3 7 0.0031574995602457754
2 6 10 6 -0.005364713570999423
3 6 10 7 -0.005364713570999423
2 7 11 6 -0.005364713570999423
3 7 11 7 -0.005364713570999423
2 10 6 6 -0.005364713570999423
3 10 6 7 -0.005364713570999423
2 11 7 6 -0.005364713570999423
3 11 7 7 -0.005364713570999423
2 2 8 8 0.0031574995602457754
3 2 8 9 0.0031574995602457754
2 3 9 8 0.0031574995602457754
3 3 9 9 0.0031574995602457754
2 8 2 8 0.0031574995602457754
3 8 2 9 0.0031574995602457754
2 9 3 8 0.0031574995602457754
3 9 3 9 0.0031574995602457754
2 8 10 8 -0.005364713570999423
3 8 10 9 -0.005364713570999423
2 9 11 8 -0.005364713570999423
3 9 11 9 -0.005364713570999423
2 10 8 8 -0.005364713570999423
3 10 8 9 -0.005364713570999423
2 11 9 8 -0.005364713570999423
3 11 9 9 -0.005364713570999423
2 0 0 10 -0.0137281650020959
3 0 0 11 -0.0137281650020959
2 1 1 10 -0.0137281650020959
3 1 1 11 -0.0137281650020959
2 0 4 10 -0.04697309919642201
3 0 4 11 -0.04697309919642201
2 1 5 10 -0.04697309919642201
3 1 5 11 -0.04697309919642201
2 2 2 10 0.022318977191182372
3 2 2 11 0.022318977191182372
2 3 3 10 0.022318977191182372
3 3 3 11 0.022318977191182372
2 2 10 10 0.0480159540193977
3 2 10 11 0.0480159540193977
2 3 11 10 0.0480159540193977
3 3 11 11 0.0480159540193977
2 4 0 10 -0.04697309919642201
3 4 0 11 -0.04697309919642201
2 5 1 10 -0.04697309919642201
3 5 1 11 -0.04697309919642201
2 4 4 10 0.01881983767170539
3 4 4 11 0.01881983767170539
2 5 5 10 0.01881983767170539
3 5 5 11 0.01881983767170539
2 6 6 10 -0.046597904712075644
3 6 6 11 -0.046597904712075644
2 7 7 10 -0.046597904712075644
3 7 7 11 -0.046597904712075644
2 8 8 10 -0.046597904712075644
3 8 8 11 -0.046597904712075644
2 9 9 10 -0.046597904712075644
3 9 9 11 -0.046597904712075644
2 10 2 10 0.04801595401939769
3 10 2 11 0.04801595401939769
2 11 3 10 0.04801595401939769
3 11 3 11 0.04801595401939769
2 10 10 10 -0.02308155193611769
3 10 10 11 -0.02308155193611769
2 11 11 10 -0.02308155193611769
3 11 11 11 -0.02308155193611769
4 0 0 0 0.013006511281134094
5 0 0 1 0.013006511281134094
4 1 1 0 0.013006511281134094
5 1 1 1 0.013006511281134094
4 0 4 0 0.0505003624413883
5 0 4 1 0.0505003624413883
4 1 5 0 0.0505003624413883
5 1 5 1 0.0505003624413883
4 2 2 0 -0.0276821816907767
5 2 2 1 -0.0276821816907767
4 3 3 0 -0.0276821816907767
5 3 3 1 -0.0276821816907767
4 2 10 0 -0.046973099196422
5 2 10 1 -0.046973099196422
4 3 11 0 -0.046973099196422
5 3 11 1 -0.046973099196422
4 4 0 0 0.050500362441388315
5 4 0 1 0.050500362441388315
4 5 1 0 0.050500362441388315
5 5 1 1 0.050500362441388315
4 4 4 0 -0.020039126497439733
5 4 4 1 -0.020039126497439733
4 5 5 0 -0.020039126497439733
5 5 5 1 -0.020039126497439733
4 6 6 0 0.05259040155109278
5 6 6 1 0.05259040155109278
4 7 7 0 0.05259040155109278
5 7 7 1 0.05259040155109278
4 8 8 0 0.05259040155109278
5 8 8 1 0.05259040155109278
4 9 9 0 0.05259040155109278
5 9 9 1 0.05259040155109278
4 10 2 0 -0.04697309919642201
5 10 2 1 -0.04697309919642201
4 11 3 0 -0.04697309919642201
5 11 3 1 -0.04697309919642201
4 10 10 0 0.017932668634994098
5 10 10 1 0.017932668634994098
4 11 11 0 0.017932668634994098
5 11 11 1 0.017932668634994098
4 0 2 2 -0.055381284100963754
5 0 2 3 -0.055381284100963754
4 1 3 2 -0.055381284100963754
5 1 3 3 -0.055381284100963754
4 0 10 2 -0.03167315115845532
5 0 10 3 -0.03167315115845532
4 1 11 2 -0.03167315115845532
5 1 11 3 -0.03167315115845532
4 2 0 2 -0.05538128410096374
5 2 0 3 -0.05538128410096374
4 3 1 2 -0.05538128410096374
5 3 1 3 -0.05538128410096374
4 2 4 2 0.07452401759004834
5 2 4 3 0.07452401759004834
4 3 5 2 0.07452401759004834
5 3 5 3 0.07452401759004834
4 4 2 2 0.07452401759004833
5 4 2 3 0.07452401759004833
4 5 3 2 0.07452401759004833
5 5 3 3 0.07452401759004833
4 4 10 2 0.05090242261912428
5 4 10 3 0.05090242261912428
4 5 11 2 0.05090242261912428
5 5 11 3 0.05090242261912428
4 10 0 2 -0.031673151158455315
5 10 0 3 -0.031673151158455315
4 11 1 2 -0.031673151158455315
5 11 1 3 -0.031673151158455315
4 10 4 2 0.05090242261912428
5 10 4 3 0.05090242261912428
4 11 5 2 0.05090242261912428
5 11 5 3 0.05090242261912428
4 0 0 4 0.15062197771567304
5 0 0 5 0.15062197771567304
4 1 1 4 0.15062197771567304
5 1 1 5 0.15062197771567304
4 0 4 4 -0.020039126497439715
5 0 4 5 -0.020039126497439715
4 1 5 4 -0.020039126497439715
5 1 5 5 -0.020039126497439715
4 2 2 4 0.16774036381136015
5 2 2 5 0.16774036381136015
4 3 3 4 0.16774036381136015
5 3 3 5 0.16774036381136015
4 2 10 4 0.01881983767170539
5 2 10 5 0.01881983767170539
4 3 11 4 0.01881983767170539
5 3 11 5 0.01881983767170539
4 4 0 4 -0.0200391264974397
5 4 0 5 -0.0200391264974397
4 5 1 4 -0.0200391264974397
5 5 1 5 -0.0200391264974397
4 4 4 4 0.1682950382069526
5 4 4 5 0.1682950382069526
4 5 5 4 0.1682950382069526
5 5 5 5 0.1682950382069526
4 6 6 4 0.13641039575925076
5 6 6 5 0.13641039575925076
4 7 7 4 0.13641039575925076
5 7 7 5 0.13641039575925076
4 8 8 4 0.13641039575925076
5 8 8 5 0.13641039575925076
4 9 9 4 0.13641039575925076
5 9 9 5 0.13641039575925076
4 10 2 4 0.01881983767170538
5 10 2 5 0.01881983767170538
4 11 3 4 0.01881983767170538
5 11 3 5 0.01881983767170538
4 10 10 4 0.15745549104514012
5 10 10 5 0.15745549104514012
4 11 11 4 0.15745549104514012
5 11 11 5 0.15745549104514012
4 0 6 6 0.021289748168376182
5 0 6 7 0.021289748168376182
4 1 7 6 0.021289748168376182
5 1 7 7 0.021289748168376182
4 4 6 6 0.01668420479139476
5 4 6 7 0.01668420479139476
4 5 7 6 0.01668420479139476
5 5 7 7 0.01668420479139476
4 6 0 6 0.021289748168376182
5 6 0 7 0.021289748168376182
4 7 1 6 0.021289748168376182
5 7 1 7 0.021289748168376182
4 6 4 6 0.01668420479139476
5 6 4 7 0.01668420479139476
4 7 5 6 0.01668420479139476
5 7 5 7 0.01668420479139476
4 0 8 8 0.021289748168376182
5 0 8 9 0.021289748168376182
4 1 9 8 0.021289748168376182
5 1 9 9 0.021289748168376182
4 4 8 8 0.01668420479139476
5 4 8 9 0.01668420479139476
4 5 9 8 0.01668420479139476
5 5 9 9 0.01668420479139476
4 8 0 8 0.021289748168376182
5 8 0 9 0.021289748168376182
4 9 1 8 0.021289748168376182
5 9 1 9 0.021289748168376182
4 8 4 8 0.01668420479139476
5 8 4 9 0.01668420479139476
4 9 5 8 0.01668420479139476
5 9 5 9 0.01668420479139476
4 0 2 10 -0.055283307727170695
5 0 2 11 -0.055283307727170695
4 1 3 10 -0.055283307727170695
5 1 3 11 -0.055283307727170695
4 0 10 10 -0.005481670316229202
5 0 10 11 -0.005481670316229202
4 1 11 10 -0.005481670316229202
5 1 11 11 -0.005481670316229202
4 2 0 10 -0.0552833077271707
5 2 0 11 -0.0552833077271707
4 3 1 10 -0.0552833077271707
5 3 1 11 -0.0552833077271707
4 2 4 10 0.05090242261912428
5 2 4 11 0.05090242261912428
4 3 5 10 0.05090242261912428
5 3 5 11 0.05090242261912428
4 4 2 10 0.05090242261912427
5 4 2 11 0.05090242261912427
4 5 3 10 0.05090242261912427
5 5 3 11 0.05090242261912427
4 4 10 10 0.053157608489537655
5 4 10 11 0.053157608489537655
4 5 11 10 0.053157608489537655
5 5 11 11 0.053157608489537655
4 10 0 10 -0.005481670316229202
5 10 0 11 -0.005481670316229202
4 11 1 10 -0.005481670316229202
5 11 1 11 -0.005481670316229202
4 10 4 10 0.053157608489537655
5 10 4 11 0.053157608489537655
4 11 5 10 0.053157608489537655
5 11 5 11 0.053157608489537655
6 0 6 0 0.027371662269719377
7 0 6 1 0.027371662269719377
6 1 7 0 0.027371662269719377
7 1 7 1 0.027371662269719377
6 4 6 0 0.021289748168376182
7 4 6 1 0.021289748168376182
6 5 7 0 0.021289748168376182
7 5 7 1 0.021289748168376182
6 6 0 0 0.027371662269719377
7 6 0 1 0.027371662269719377
6 7 1 0 0.027371662269719377
7 7 1 1 0.027371662269719377
6 6 4 0 0.021289748168376182
7 6 4 1 0.021289748168376182
6 7 5 0 0.021289748168376182
7 7 5 1 0.021289748168376182
6 2 6 2 0.0031574995602457754
7 2 6 3 0.0031574995602457754
6 3 7 2 0.0031574995602457754
7 3 7 3 0.0031574995602457754
6 6 2 2 0.0031574995602457754
7 6 2 3 0.0031574995602457754
6 7 3 2 0.0031574995602457754
7 7 3 3 0.0031574995602457754
6 6 10 2 -0.005364713570999423
7 6 10 3 -0.005364713570999423
6 7 11 2 -0.005364713570999423
7 7 11 3 -0.005364713570999423
6 10 6 2 -0.005364713570999423
7 10 6 3 -0.005364713570999423
6 11 7 2 -0.005364713570999423
7 11 7 3 -0.005364713570999423
6 0 6 4 0.021289748168376182
7 0 6 5 0.021289748168376182
6 1 7 4 0.021289748168376182
7 1 7 5 0.021289748168376182
6 4 6 4 0.01668420479139476
7 4 6 5 0.01668420479139476
6 5 7 4 0.01668420479139476
7 5 7 5 0.01668420479139476
6 6 0 4 0.021289748168376182
7 6 0 5 0.021289748168376182
6 7 1 4 0.021289748168376182
7 7 1 5 0.021289748168376182
6 6 4 4 0.01668420479139476
7 6 4 5 0.01668420479139476
6 7 5 4 0.01668420479139476
7 7 5 5 0.01668420479139476
6 0 0 6 0.16614291444396764
7 0 0 7 0.16614291444396764
6 1 1 6 0.16614291444396764
7 1 1 7 0.16614291444396764
6 0 4 6 0.052590401551092826
7 0 4 7 0.052590401551092826
6 1 5 6 0.052590401551092826
7 1 5 7 0.052590401551092826
6 2 2 6 0.1236903895986658
7 2 2 7 0.1236903895986658
6 3 3 6 0.1236903895986658
7 3 3 7 0.1236903895986658
6 2 10 6 -0.046597904712075644
7 2 10 7 -0.046597904712075644
6 3 11 6 -0.046597904712075644
7 3 11 7 -0.046597904712075644
6 4 0 6 0.05259040155109278
7 4 0 7 0.05259040155109278
6 5 1 6 0.05259040155109278
7 5 1 7 0.05259040155109278
6 4 4 6 0.13641039575925076
7 4 4 7 0.13641039575925076
6 5 5 6 0.13641039575925076
7 5 5 7 0.13641039575925076
6 6 6 6 0.224929545
7 6 6 7 0.224929545
6 7 7 6 0.224929545
7 7 7 7 0.224929545
6 8 8 6 0.2006801625
7 8 8 7 0.2006801625
6 9 9 6 0.2006801625
7 9 9 7 0.2006801625
6 10 2 6 -0.04659790471207565
7 10 2 7 -0.04659790471207565
6 11 3 6 -0.04659790471207565
7 11 3 7 -0.04659790471207565
6 10 10 6 0.17607275232678754
7 10 10 7 0.17607275232678754
6 11 11 6 0.17607275232678754
7 11 11 7 0.17607275232678754
6 6 8 8 0.0121246915
7 6 8 9 0.0121246915
6 7 9 8 0.0121246915
7 7 9 9 0.0121246915
6 8 6 8 0.0121246915
7 8 6 9 0.0121246915
6 9 7 8 0.0121246915
7 9 7 9 0.0121246915
6 2 6 10 -0.005364713570999423
7 2 6 11 -0.005364713570999423
6 3 7 10 -0.005364713570999423
7 3 7 11 -0.005364713570999423
6 6 2 10 -0.005364713570999423
7 6 2 11 -0.005364713570999423
6 7 3 10 -0.005364713570999423
7 7 3 11 -0.005364713570999423
6 6 10 10 0.009361540051674212
7 6 10 11 0.009361540051674212
6 7 11 10 0.009361540051674212
7 7 11 11 0.009361540051674212
6 10 6 10 0.009361540051674212
7 10 6 11 0.009361540051674212
6 11 7 10 0.009361540051674212
7 11 7 11 0.009361540051674212
8 0 8 0 0.027371662269719377
9 0 8 1 0.027371662269719377
8 1 9 0 0.027371662269719377
9 1 9 1 0.027371662269719377
8 4 8 0 0.021289748168376182
9 4 8 1 0.021289748168376182
8 5 9 0 0.021289748168376182
9 5 9 1 0.021289748168376182
8 8 0 0 0.027371662269719377
9 8 0 1 0.027371662269719377
8 9 1 0 0.027371662269719377
9 9 1 1 0.027371662269719377
8 8 4 0 0.021289748168376182
9 8 4 1 0.021289748168376182
8 9 5 0 0.021289748168376182
9 9 5 1 0.021289748168376182
8 2 8 2 0.0031574995602457754
9 2 8 3 0.0031574995602457754
8 3 9 2 0.0031574995602457754
9 3 9 3 0.0031574995602457754
8 8 2 2 0.0031574995602457754
9 8 2 3 0.0031574995602457754
8 9 3 2 0.0031574995602457754
9 9 3 3 0.0031574995602457754
8 8 10 2 -0.005364713570999423
9 8 10 3 -0.005364713570999423
8 9 11 2 -0.005364713570999423
9 9 11 3 -0.005364713570999423
8 10 8 2 -0.005364713570999423
9 10 8 3 -0.005364713570999423
8 11 9 2 -0.005364713570999423
9 11 9 3 -0.005364713570999423
8 0 8 4 0.021289748168376182
9 0 8 5 0.021289748168376182
8 1 9 4 0.021289748168376182
9 1 9 5 0.021289748168376182
8 4 8 4 0.01668420479139476
9 4 8 5 0.01668420479139476
8 5 9 4 0.01668420479139476
9 5 9 5 0.01668420479139476
8 8 0 4 0.021289748168376182
9 8 0 5 0.021289748168376182
8 9 1 4 0.021289748168376182
9 9 1 5 0.021289748168376182
8 8 4 4 0.01668420479139476
9 8 4 5 0.01668420479139476
8 9 5 4 0.01668420479139476
9 9 5 5 0.01668420479139476
8 6 8 6 0.0121246915
9 6 8 7 0.0121246915
8 7 9 6 0.0121246915
9 7 9 7 0.0121246915
8 8 6 6 0.0121246915
9 8 6 7 0.0121246915
8 9 7 6 0.0121246915
9 9 7 7 0.0121246915
8 0 0 8 0.16614291444396764
9 0 0 9 0.16614291444396764
8 1 1 8 0.16614291444396764
9 1 1 9 0.16614291444396764
8 0 4 8 0.052590401551092826
9 0 4 9 0.052590401551092826
8 1 5 8 0.052590401551092826
9 1 5 9 0.052590401551092826
8 2 2 8 0.1236903895986658
9 2 2 9 0.1236903895986658
8 3 3 8 0.1236903895986658
9 3 3 9 0.1236903895986658
8 2 10 8 -0.046597904712075644
9 2 10 9 -0.046597904712075644
8 3 11 8 -0.046597904712075644
9 3 11 9 -0.046597904712075644
8 4 0 8 0.05259040155109278
9 4 0 9 0.05259040155109278
8 5 1 8 0.05259040155109278
9 5 1 9 0.05259040155109278
8 4 4 8 0.13641039575925076
9 4 4 9 0.13641039575925076
8 5 5 8 0.13641039575925076
9 5 5 9 0.13641039575925076
8 6 6 8 0.2006801625
9 6 6 9 0.2006801625
8 7 7 8 0.2006801625
9 7 7 9 0.2006801625
8 8 8 8 0.224929545
9 8 8 9 0.224929545
8 9 9 8 0.224929545
9 9 9 9 0.224929545
8 10 2 8 -0.04659790471207565
9 10 2 9 -0.04659790471207565
8 11 3 8 -0.04659790471207565
9 11 3 9 -0.04659790471207565
8 10 10 8 0.17607275232678754
9 10 10 9 0.17607275232678754
8 11 11 8 0.17607275232678754
9 11 11 9 0.17607275232678754
8 2 8 10 -0.005364713570999423
9 2 8 11 -0.005364713570999423
8 3 9 10 -0.005364713570999423
9 3 9 11 -0.005364713570999423
8 8 2 10 -0.005364713570999423
9 8 2 11 -0.005364713570999423
8 9 3 10 -0.005364713570999423
9 9 3 11 -0.005364713570999423
8 8 10 10 0.009361540051674212
9 8 10 11 0.009361540051674212
8 9 11 10 0.009361540051674212
9 9 11 11 0.009361540051674212
8 10 8 10 0.009361540051674212
9 10 8 11 0.009361540051674212
8 11 9 10 0.009361540051674212
9 11 9 11 0.009361540051674212
10 0 2 0 0.006899725085033122
11 0 2 1 0.006899725085033122
10 1 3 0 0.006899725085033122
11 1 3 1 0.006899725085033122
10 0 10 0 0.02855369704750184
11 0 10 1 0.02855369704750184
10 1 11 0 0.02855369704750184
11 1 11 1 0.02855369704750184
10 2 0 0 0.006899725085033108
11 2 0 1 0.006899725085033108
10 3 1 0 0.006899725085033108
11 3 1 1 0.006899725085033108
10 2 4 0 -0.031673151158455315
11 2 4 1 -0.031673151158455315
10 3 5 0 -0.031673151158455315
11 3 5 1 -0.031673151158455315
10 4 2 0 -0.031673151158455315
11 4 2 1 -0.031673151158455315
10 5 3 0 -0.031673151158455315
11 5 3 1 -0.031673151158455315
10 4 10 0 -0.005481670316229207
11 4 10 1 -0.005481670316229207
10 5 11 0 -0.005481670316229207
11 5 11 1 -0.005481670316229207
10 10 0 0 0.028553697047501832
11 10 0 1 0.028553697047501832
10 11 1 0 0.028553697047501832
11 11 1 1 0.028553697047501832
10 10 4 0 -0.0054816703162292105
11 10 4 1 -0.0054816703162292105
10 11 5 0 -0.0054816703162292105
11 11 5 1 -0.0054816703162292105
10 0 0 2 -0.013728165002095921
11 0 0 3 -0.013728165002095921
10 1 1 2 -0.013728165002095921
11 1 1 3 -0.013728165002095921
10 0 4 2 -0.04697309919642201
11 0 4 3 -0.04697309919642201
10 1 5 2 -0.04697309919642201
11 1 5 3 -0.04697309919642201
10 2 2 2 0.022318977191182372
11 2 2 3 0.022318977191182372
10 3 3 2 0.022318977191182372
11 3 3 3 0.022318977191182372
10 2 10 2 0.048015954019397705
11 2 10 3 0.048015954019397705
10 3 11 2 0.048015954019397705
11 3 11 3 0.048015954019397705
10 4 0 2 -0.04697309919642201
11 4 0 3 -0.04697309919642201
10 5 1 2 -0.04697309919642201
11 5 1 3 -0.04697309919642201
10 4 4 2 0.01881983767170539
11 4 4 3 0.01881983767170539
10 5 5 2 0.01881983767170539
11 5 5 3 0.01881983767170539
10 6 6 2 -0.04659790471207565
11 6 6 3 -0.04659790471207565
10 7 7 2 -0.04659790471207565
11 7 7 3 -0.04659790471207565
10 8 8 2 -0.04659790471207565
11 8 8 3 -0.04659790471207565
10 9 9 2 -0.04659790471207565
11 9 9 3 -0.04659790471207565
10 10 2 2 0.04801595401939769
11 10 2 3 0.04801595401939769
10 11 3 2 0.04801595401939769
11 11 3 3 0.04801595401939769
10 10 10 2 -0.023081551936117675
11 10 10 3 -0.023081551936117675
10 11 11 2 -0.023081551936117675
11 11 11 3 -0.023081551936117675
10 0 2 4 -0.055283307727170716
11 0 2 5 -0.055283307727170716
10 1 3 4 -0.055283307727170716
11 1 3 5 -0.055283307727170716
10 0 10 4 -0.005481670316229205
11 0 10 5 -0.005481670316229205
10 1 11 4 -0.005481670316229205
11 1 11 5 -0.005481670316229205
10 2 0 4 -0.0552833077271707
11 2 0 5 -0.0552833077271707
10 3 1 4 -0.0552833077271707
11 3 1 5 -0.0552833077271707
10 2 4 4 0.05090242261912427
11 2 4 5 0.05090242261912427
10 3 5 4 0.05090242261912427
11 3 5 5 0.05090242261912427
10 4 2 4 0.050902422619124255
11 4 2 5 0.050902422619124255
10 5 3 4 0.050902422619124255
11 5 3 5 0.050902422619124255
10 4 10 4 0.053157608489537655
11 4 10 5 0.053157608489537655
10 5 11 4 0.053157608489537655
11 5 11 5 0.053157608489537655
10 10 0 4 -0.0054816703162292035
11 10 0 5 -0.0054816703162292035
10 11 1 4 -0.0054816703162292035
11 11 1 5 -0.0054816703162292035
10 10 4 4 0.05315760848953765
11 10 4 5 0.05315760848953765
10 11 5 4 0.05315760848953765
11 11 5 5 0.05315760848953765
10 2 6 6 -0.005364713570999423
11 2 6 7 -0.005364713570999423
10 3 7 6 -0.005364713570999423
11 3 7 7 -0.005364713570999423
10 6 2 6 -0.005364713570999423
11 6 2 7 -0.005364713570999423
10 7 3 6 -0.005364713570999423
11 7 3 7 -0.005364713570999423
10 6 10 6 0.009361540051674212
11 6 10 7 0.009361540051674212
10 7 11 6 0.009361540051674212
11 7 11 7 0.009361540051674212
10 10 6 6 0.009361540051674212
11 10 6 7 0.009361540051674212
10 11 7 6 0.009361540051674212
11 11 7 7 0.009361540051674212
10 2 8 8 -0.005364713570999423
11 2 8 9 -0.005364713570999423
10 3 9 8 -0.005364713570999423
11 3 9 9 -0.005364713570999423
10 8 2 8 -0.005364713570999423
11 8 2 9 -0.005364713570999423
10 9 3 8 -0.005364713570999423
11 9 3 9 -0.005364713570999423
10 8 10 8 0.009361540051674212
11 8 10 9 0.009361540051674212
10 9 11 8 0.009361540051674212
11 9 11 9 0.009361540051674212
10 10 8 8 0.009361540051674212
11 10 8 9 0.009361540051674212
10 11 9 8 0.009361540051674212
11 11 9 9 0.009361540051674212
10 0 0 10 0.16618644919068187
11 0 0 11 0.16618644919068187
10 1 1 10 0.16618644919068187
11 1 1 11 0.16618644919068187
10 0 4 10 0.017932668634994126
11 0 4 11 0.017932668634994126
10 1 5 10 0.017932668634994126
11 1 5 11 0.017932668634994126
10 2 2 10 0.15571647503018743
11 2 2 11 0.15571647503018743
10 3 3 10 0.15571647503018743
11 3 3 11 0.15571647503018743
10 2 10 10 -0.023081551936117682
11 2 10 11 -0.023081551936117682
10 3 11 10 -0.023081551936117682
11 3 11 11 -0.023081551936117682
10 4 0 10 0.017932668634994105
11 4 0 11 0.017932668634994105
10 5 1 10 0.017932668634994105
11 5 1 11 0.017932668634994105
10 4 4 10 0.15745549104514014
11 4 4 11 0.15745549104514014
10 5 5 10 0.15745549104514014
11 5 5 11 0.15745549104514014
10 6 6 10 0.17607275232678754
11 6 6 11 0.17607275232678754
10 7 7 10 0.17607275232678754
11 7 7 11 0.17607275232678754
10 8 8 10 0.17607275232678754
11 8 8 11 0.17607275232678754
10 9 9 10 0.17607275232678754
11 9 9 11 0.17607275232678754
10 10 2 10 -0.02308155193611766
11 10 2 11 -0.02308155193611766
10 11 3 10 -0.02308155193611766
11 11 3 11 -0.02308155193611766
10 10 10 10 0.18644726797566918
11 10 10 11 0.18644726797566918
10 11 11 10 0.18644726797566918
11 11 11 11 0.18644726797566918
