-12.84434400360707
0 0 -0.9222699897301028
1 1 -0.9222699897301028
0 4 0.009221222668787374
1 5 0.009221222668787374
2 2 -0.7988903577622034
3 3 -0.7988903577622034
2 10 0.009436896350266274
3 11 0.009436896350266274
4 0 0.00922122266878736
5 1 0.00922122266878736
4 4 -0.7976368044319389
5 5 -0.7976368044319389
6 6 -0.7706219614349006
7 7 -0.7706219614349006
8 8 -0.7706219614349006
9 9 -0.7706219614349006
10 2 0.009436896350266316
11 3 0.009436896350266316
10 10 -0.7842649019138459
11 11 -0.7842649019138459
0 0 0 0 0.19806615044031656
1 0 0 1 0.19806615044031656
0 1 1 0 0.19806615044031656
1 1 1 1 0.19806615044031656
0 0 4 0 -0.016080822154104044
1 0 4 1 -0.016080822154104044
0 1 5 0 -0.016080822154104044
1 1 5 1 -0.016080822154104044
0 2 2 0 0.06905632540671852
1 2 2 1 0.06905632540671852
0 3 3 0 0.06905632540671852
1 3 3 1 0.06905632540671852
0 2 10 0 -0.01134454208257341
1 2 10 1 -0.01134454208257341
0 3 11 0 -0.01134454208257341
1 3 11 1 -0.01134454208257341
0 4 0 0 -0.016080822154104037
1 4 0 1 -0.016080822154104037
0 5 1 0 -0.016080822154104037
1 5 1 1 -0.016080822154104037
0 4 4 0 0.07008658501675905
1 4 4 1 0.07008658501675905
0 5 5 0 0.07008658501675905
1 5 5 1 0.07008658501675905
0 6 6 0 0.20269643151585817
1 6 6 1 0.20269643151585817
0 7 7 0 0.20269643151585817
1 7 7 1 0.20269643151585817
0 8 8 0 0.20269643151585817
1 8 8 1 0.20269643151585817
0 9 9 0 0.20269643151585817
1 9 9 1 0.20269643151585817
0 10 2 0 -0.011344542082573406
1 10 2 1 -0.011344542082573406
0 11 3 0 -0.011344542082573406
1 11 3 1 -0.011344542082573406
0 10 10 0 0.20188489096816564
1 10 10 1 0.20188489096816564
0 11 11 0 0.20188489096816564
1 11 11 1 0.20188489096816564
0 0 2 2 0.0029636890567517355
1 0 2 3 0.0029636890567517355
0 1 3 2 0.0029636890567517355
1 1 3 3 0.0029636890567517355
0 0 10 2 -0.0046993766674539505
1 0 10 3 -0.0046993766674539505
0 1 11 2 -0.0046993766674539505
1 1 11 3 -0.0046993766674539505
0 2 0 2 0.0029636890567517355
1 2 0 3 0.0029636890567517355
0 3 1 2 0.0029636890567517355
1 3 1 3 0.0029636890567517355
0 2 4 2 0.02135341956350667
1 2 4 3 0.02135341956350667
0 3 5 2 0.02135341956350667
1 3 5 3 0.02135341956350667
0 4 2 2 0.021353419563506663
1 4 2 3 0.021353419563506663
0 5 3 2 0.021353419563506663
1 5 3 3 0.021353419563506663
0 4 10 2 0.002578735804656526
1 4 10 3 0.002578735804656526
0 5 11 2 0.002578735804656526
1 5 11 3 0.002578735804656526
0 10 0 2 -0.004699376667453951
1 10 0 3 -0.004699376667453951
0 11 1 2 -0.004699376667453951
1 11 1 3 -0.004699376667453951
0 10 4 2 0.002578735804656526
1 10 4 3 0.002578735804656526
0 11 5 2 0.002578735804656526
1 11 5 3 0.002578735804656526
0 0 0 4 -0.016080822154104044
1 0 0 5 -0.016080822154104044
0 1 1 4 -0.016080822154104044
1 1 1 5 -0.016080822154104044
0 0 4 4 0.0039552941075913246
1 0 4 5 0.0039552941075913246
0 1 5 4 0.0039552941075913246
1 1 5 5 0.0039552941075913246
0 2 2 4 0.016412085238969906
1 2 2 5 0.016412085238969906
0 3 3 4 0.016412085238969906
1 3 3 5 0.016412085238969906
0 2 10 4 0.0029645550780345157
1 2 10 5 0.0029645550780345157
0 3 11 4 0.0029645550780345157
1 3 11 5 0.0029645550780345157
0 4 0 4 0.0039552941075913246
1 4 0 5 0.0039552941075913246
0 5 1 4 0.0039552941075913246
1 5 1 5 0.0039552941075913246
0 4 4 4 0.016199015132323497
1 4 4 5 0.016199015132323497
0 5 5 4 0.016199015132323497
1 5 5 5 0.016199015132323497
0 6 6 4 -0.017099880842145553
1 6 6 5 -0.017099880842145553
0 7 7 4 -0.017099880842145553
1 7 7 5 -0.017099880842145553
0 8 8 4 -0.017099880842145553
1 8 8 5 -0.017099880842145553
0 9 9 4 -0.017099880842145553
1 9 9 5 -0.017099880842145553
0 10 2 4 0.0029645550780345144
1 10 2 5 0.0029645550780345144
0 11 3 4 0.0029645550780345144
1 11 3 5 0.0029645550780345144
0 10 10 4 -0.016236283826953374
1 10 10 5 -0.016236283826953374
0 11 11 4 -0.016236283826953374
1 11 11 5 -0.016236283826953374
0 0 6 6 0.04273183973233776
1 0 6 7 0.04273183973233776
0 1 7 6 0.04273183973233776
1 1 7 7 0.04273183973233776
0 4 6 6 -0.0053934377753241235
1 4 6 7 -0.0053934377753241235
0 5 7 6 -0.0053934377753241235
1 5 7 7 -0.0053934377753241235
0 6 0 6 0.04273183973233776
1 6 0 7 0.04273183973233776
0 7 1 6 0.04273183973233776
1 7 1 7 0.04273183973233776
0 6 4 6 -0.0053934377753241235
1 6 4 7 -0.0053934377753241235
0 7 5 6 -0.0053934377753241235
1 7 5 7 -0.0053934377753241235
0 0 8 8 0.04273183973233776
1 0 8 9 0.04273183973233776
0 1 9 8 0.04273183973233776
1 1 9 9 0.04273183973233776
0 4 8 8 -0.0053934377753241235
1 4 8 9 -0.0053934377753241235
0 5 9 8 -0.0053934377753241235
1 5 9 9 -0.0053934377753241235
0 8 0 8 0.04273183973233776
1 8 0 9 0.04273183973233776
0 9 1 8 0.04273183973233776
1 9 1 9 0.04273183973233776
0 8 4 8 -0.0053934377753241235
1 8 4 9 -0.0053934377753241235
0 9 5 8 -0.0053934377753241235
1 9 5 9 -0.0053934377753241235
0 0 2 10 -0.004699376667453951
1 0 2 11 -0.004699376667453951
0 1 3 10 -0.004699376667453951
1 1 3 11 -0.004699376667453951
0 0 10 10 0.04230815222352884
1 0 10 11 0.04230815222352884
0 1 11 10 0.04230815222352884
1 1 11 11 0.04230815222352884
0 2 0 10 -0.004699376667453952
1 2 0 11 -0.004699376667453952
0 3 1 10 -0.004699376667453952
1 3 1 11 -0.004699376667453952
0 2 4 10 -0.008457345062107645
1 2 4 11 -0.008457345062107645
0 3 5 10 -0.008457345062107645
1 3 5 11 -0.008457345062107645
0 4 2 10 -0.008457345062107645
1 4 2 11 -0.008457345062107645
0 5 3 10 -0.008457345062107645
1 5 3 11 -0.008457345062107645
0 4 10 10 -0.0057662213924405325
1 4 10 11 -0.0057662213924405325
0 5 11 10 -0.0057662213924405325
1 5 11 11 -0.0057662213924405325
0 10 0 10 0.04230815222352884
1 10 0 11 0.04230815222352884
0 11 1 10 0.04230815222352884
1 11 1 11 0.04230815222352884
0 10 4 10 -0.005766221392440532
1 10 4 11 -0.005766221392440532
0 11 5 10 -0.005766221392440532
1 11 5 11 -0.005766221392440532
2 0 2 0 0.0029636890567517355
3 0 2 1 0.0029636890567517355
2 1 3 0 0.0029636890567517355
3 1 3 1 0.0029636890567517355
2 0 10 0 -0.0046993766674539505
3 0 10 1 -0.0046993766674539505
2 1 11 0 -0.0046993766674539505
3 1 11 1 -0.0046993766674539505
2 2 0 0 0.0029636890567517355
3 2 0 1 0.0029636890567517355
2 3 1 0 0.0029636890567517355
3 3 1 1 0.0029636890567517355
2 2 4 0 0.02135341956350667
3 2 4 1 0.02135341956350667
2 3 5 0 0.02135341956350667
3 3 5 1 0.02135341956350667
2 4 2 0 0.021353419563506663
3 4 2 1 0.021353419563506663
2 5 3 0 0.021353419563506663
3 5 3 1 0.021353419563506663
2 4 10 0 0.002578735804656526
3 4 10 1 0.002578735804656526
2 5 11 0 0.002578735804656526
3 5 11 1 0.002578735804656526
2 10 0 0 -0.004699376667453951
3 10 0 1 -0.004699376667453951
2 11 1 0 -0.004699376667453951
3 11 1 1 -0.004699376667453951
2 10 4 0 0.002578735804656526
3 10 4 1 0.002578735804656526
2 11 5 0 0.002578735804656526
3 11 5 1 0.002578735804656526
2 0 0 2 0.06905632540671852
3 0 0 3 0.06905632540671852
2 1 1 2 0.06905632540671852
3 1 1 3 0.06905632540671852
2 0 4 2 0.01641208523896991
3 0 4 3 0.01641208523896991
2 1 5 2 0.01641208523896991
3 1 5 3 0.01641208523896991
2 2 2 2 0.2076944745478313
3 2 2 3 0.2076944745478313
2 3 3 2 0.2076944745478313
3 3 3 3 0.2076944745478313
2 2 10 2 0.013270666340340576
3 2 10 3 0.013270666340340576
2 3 11 2 0.013270666340340576
3 3 11 3 0.013270666340340576
2 4 0 2 0.01641208523896991
3 4 0 3 0.01641208523896991
2 5 1 2 0.01641208523896991
3 5 1 3 0.01641208523896991
2 4 4 2 0.20702040853208387
3 4 4 3 0.20702040853208387
2 5 5 2 0.20702040853208387
3 5 5 3 0.20702040853208387
2 6 6 2 0.0657923133771904
3 6 6 3 0.0657923133771904
2 7 7 2 0.0657923133771904
3 7 7 3 0.0657923133771904
2 8 8 2 0.0657923133771904
3 8 8 3 0.0657923133771904
2 9 9 2 0.0657923133771904
3 9 9 3 0.0657923133771904
2 10 2 2 0.013270666340340572
3 10 2 3 0.013270666340340572
2 11 3 2 0.013270666340340572
3 11 3 3 0.013270666340340572
2 10 10 2 0.07115448717134186
3 10 10 3 0.07115448717134186
2 11 11 2 0.07115448717134186
3 11 11 3 0.07115448717134186
2 0 2 4 0.02135341956350667
3 0 2 5 0.02135341956350667
2 1 3 4 0.02135341956350667
3 1 3 5 0.02135341956350667
2 0 10 4 -0.008457345062107647
3 0 10 5 -0.008457345062107647
2 1 11 4 -0.008457345062107647
3 1 11 5 -0.008457345062107647
2 2 0 4 0.02135341956350667
3 2 0 5 0.02135341956350667
2 3 1 4 0.02135341956350667
3 3 1 5 0.02135341956350667
2 2 4 4 0.1729723735711032
3 2 4 5 0.1729723735711032
2 3 5 4 0.1729723735711032
3 3 5 5 0.1729723735711032
2 4 2 4 0.17297237357110318
3 4 2 5 0.17297237357110318
2 5 3 4 0.17297237357110318
3 5 3 5 0.17297237357110318
2 4 10 4 0.017545286121442
3 4 10 5 0.017545286121442
2 5 11 4 0.017545286121442
3 5 11 5 0.017545286121442
2 10 0 4 -0.008457345062107643
3 10 0 5 -0.008457345062107643
2 11 1 4 -0.008457345062107643
3 11 1 5 -0.008457345062107643
2 10 4 4 0.017545286121442003
3 10 4 5 0.017545286121442003
2 11 5 4 0.017545286121442003
3 11 5 5 0.017545286121442003
2 2 6 6 8.052298407449683e-05
3 2 6 7 8.052298407449683e-05
2 3 7 6 8.052298407449683e-05
3 3 7 7 8.052298407449683e-05
2 6 2 6 8.052298407449683e-05
3 6 2 7 8.052298407449683e-05
2 7 3 6 8.052298407449683e-05
3 7 3 7 8.052298407449683e-05
2 6 10 6 -0.0009808308359437032
3 6 10 7 -0.0009808308359437032
2 7 11 6 -0.0009808308359437032
3 7 11 7 -0.0009808308359437032
2 10 6 6 -0.0009808308359437032
3 10 6 7 -0.0009808308359437032
2 11 7 6 -0.0009808308359437032
3 11 7 7 -0.0009808308359437032
2 2 8 8 8.052298407449683e-05
3 2 8 9 8.052298407449683e-05
2 3 9 8 8.052298407449683e-05
3 3 9 9 8.052298407449683e-05
2 8 2 8 8.052298407449683e-05
3 8 2 9 8.052298407449683e-05
2 9 3 8 8.052298407449683e-05
3 9 3 9 8.052298407449683e-05
2 8 10 8 -0.0009808308359437032
3 8 10 9 -0.0009808308359437032
2 9 11 8 -0.0009808308359437032
3 9 11 9 -0.0009808308359437032
2 10 8 8 -0.0009808308359437032
3 10 8 9 -0.0009808308359437032
2 11 9 8 -0.0009808308359437032
3 11 9 9 -0.0009808308359437032
2 0 0 10 -0.011344542082573416
3 0 0 11 -0.011344542082573416
2 1 1 10 -0.011344542082573416
3 1 1 11 -0.011344542082573416
2 0 4 10 0.0029645550780345153
3 0 4 11 0.0029645550780345153
2 1 5 10 0.0029645550780345153
3 1 5 11 0.0029645550780345153
2 2 2 10 0.01327066634034057
3 2 2 11 0.01327066634034057
2 3 3 10 0.01327066634034057
3 3 3 11 0.01327066634034057
2 2 10 10 0.0024263948146841813
3 2 10 11 0.0024263948146841813
2 3 11 10 0.0024263948146841813
3 3 11 11 0.0024263948146841813
2 4 0 10 0.0029645550780345153
3 4 0 11 0.0029645550780345153
2 5 1 10 0.0029645550780345153
3 5 1 11 0.0029645550780345153
2 4 4 10 0.013136628368863453
3 4 4 11 0.013136628368863453
2 5 5 10 0.013136628368863453
3 5 5 11 0.013136628368863453
2 6 6 10 -0.011417981677315895
3 6 6 11 -0.011417981677315895
2 7 7 10 -0.011417981677315895
3 7 7 11 -0.011417981677315895
2 8 8 10 -0.011417981677315895
3 8 8 11 -0.011417981677315895
2 9 9 10 -0.011417981677315895
3 9 9 11 -0.011417981677315895
2 10 2 10 0.0024263948146841805
3 10 2 11 0.0024263948146841805
2 11 3 10 0.0024263948146841805
3 11 3 11 0.0024263948146841805
2 10 10 10 -0.012978552072353983
3 10 10 11 -0.012978552072353983
2 11 11 10 -0.012978552072353983
3 11 11 11 -0.012978552072353983
4 0 0 0 -0.01608082215410404
5 0 0 1 -0.01608082215410404
4 1 1 0 -0.01608082215410404
5 1 1 1 -0.01608082215410404
4 0 4 0 0.003955294107591325
5 0 4 1 0.003955294107591325
4 1 5 0 0.003955294107591325
5 1 5 1 0.003955294107591325
4 2 2 0 0.016412085238969903
5 2 2 1 0.016412085238969903
4 3 3 0 0.016412085238969903
5 3 3 1 0.016412085238969903
4 2 10 0 0.0029645550780345157
5 2 10 1 0.0029645550780345157
4 3 11 0 0.0029645550780345157
5 3 11 1 0.0029645550780345157
4 4 0 0 0.0039552941075913246
5 4 0 1 0.0039552941075913246
4 5 1 0 0.0039552941075913246
5 5 1 1 0.0039552941075913246
4 4 4 0 0.0161990151323235
5 4 4 1 0.0161990151323235
4 5 5 0 0.0161990151323235
5 5 5 1 0.0161990151323235
4 6 6 0 -0.01709988084214555
5 6 6 1 -0.01709988084214555
4 7 7 0 -0.01709988084214555
5 7 7 1 -0.01709988084214555
4 8 8 0 -0.01709988084214555
5 8 8 1 -0.01709988084214555
4 9 9 0 -0.01709988084214555
5 9 9 1 -0.01709988084214555
4 10 2 0 0.0029645550780345144
5 10 2 1 0.0029645550780345144
4 11 3 0 0.0029645550780345144
5 11 3 1 0.0029645550780345144
4 10 10 0 -0.016236283826953378
5 10 10 1 -0.016236283826953378
4 11 11 0 -0.016236283826953378
5 11 11 1 -0.016236283826953378
4 0 2 2 0.021353419563506667
5 0 2 3 0.021353419563506667
4 1 3 2 0.021353419563506667
5 1 3 3 0.021353419563506667
4 0 10 2 -0.008457345062107647
5 0 10 3 -0.008457345062107647
4 1 11 2 -0.008457345062107647
5 1 11 3 -0.008457345062107647
4 2 0 2 0.021353419563506667
5 2 0 3 0.021353419563506667
4 3 1 2 0.021353419563506667
5 3 1 3 0.021353419563506667
4 2 4 2 0.17297237357110318
5 2 4 3 0.17297237357110318
4 3 5 2 0.17297237357110318
5 3 5 3 0.17297237357110318
4 4 2 2 0.17297237357110318
5 4 2 3 0.17297237357110318
4 5 3 2 0.17297237357110318
5 5 3 3 0.17297237357110318
4 4 10 2 0.017545286121441996
5 4 10 3 0.017545286121441996
4 5 11 2 0.017545286121441996
5 5 11 3 0.017545286121441996
4 10 0 2 -0.008457345062107643
5 10 0 3 -0.008457345062107643
4 11 1 2 -0.008457345062107643
5 11 1 3 -0.008457345062107643
4 10 4 2 0.017545286121441996
5 10 4 3 0.017545286121441996
4 11 5 2 0.017545286121441996
5 11 5 3 0.017545286121441996
4 0 0 4 0.07008658501675903
5 0 0 5 0.07008658501675903
4 1 1 4 0.07008658501675903
5 1 1 5 0.07008658501675903
4 0 4 4 0.016199015132323503
5 0 4 5 0.016199015132323503
4 1 5 4 0.016199015132323503
5 1 5 5 0.016199015132323503
4 2 2 4 0.20702040853208387
5 2 2 5 0.20702040853208387
4 3 3 4 0.20702040853208387
5 3 3 5 0.20702040853208387
4 2 10 4 0.013136628368863458
5 2 10 5 0.013136628368863458
4 3 11 4 0.013136628368863458
5 3 11 5 0.013136628368863458
4 4 0 4 0.016199015132323497
5 4 0 5 0.016199015132323497
4 5 1 4 0.016199015132323497
5 5 1 5 0.016199015132323497
4 4 4 4 0.20636150161847772
5 4 4 5 0.20636150161847772
4 5 5 4 0.20636150161847772
5 5 5 5 0.20636150161847772
4 6 6 4 0.06694968280014875
5 6 6 5 0.06694968280014875
4 7 7 4 0.06694968280014875
5 7 7 5 0.06694968280014875
4 8 8 4 0.06694968280014875
5 8 8 5 0.06694968280014875
4 9 9 4 0.06694968280014875
5 9 9 5 0.06694968280014875
4 10 2 4 0.013136628368863455
5 10 2 5 0.013136628368863455
4 11 3 4 0.013136628368863455
5 11 3 5 0.013136628368863455
4 10 10 4 0.07205456084058164
5 10 10 5 0.07205456084058164
4 11 11 4 0.07205456084058164
5 11 11 5 0.07205456084058164
4 0 6 6 -0.0053934377753241235
5 0 6 7 -0.0053934377753241235
4 1 7 6 -0.0053934377753241235
5 1 7 7 -0.0053934377753241235
4 4 6 6 0.0006814933852536841
5 4 6 7 0.0006814933852536841
4 5 7 6 0.0006814933852536841
5 5 7 7 0.0006814933852536841
4 6 0 6 -0.0053934377753241235
5 6 0 7 -0.0053934377753241235
4 7 1 6 -0.0053934377753241235
5 7 1 7 -0.0053934377753241235
4 6 4 6 0.0006814933852536841
5 6 4 7 0.0006814933852536841
4 7 5 6 0.0006814933852536841
5 7 5 7 0.0006814933852536841
4 0 8 8 -0.0053934377753241235
5 0 8 9 -0.0053934377753241235
4 1 9 8 -0.0053934377753241235
5 1 9 9 -0.0053934377753241235
4 4 8 8 0.0006814933852536841
5 4 8 9 0.0006814933852536841
4 5 9 8 0.0006814933852536841
5 5 9 9 0.0006814933852536841
4 8 0 8 -0.0053934377753241235
5 8 0 9 -0.0053934377753241235
4 9 1 8 -0.0053934377753241235
5 9 1 9 -0.0053934377753241235
4 8 4 8 0.0006814933852536841
5 8 4 9 0.0006814933852536841
4 9 5 8 0.0006814933852536841
5 9 5 9 0.0006814933852536841
4 0 2 10 0.002578735804656526
5 0 2 11 0.002578735804656526
4 1 3 10 0.002578735804656526
5 1 3 11 0.002578735804656526
4 0 10 10 -0.005766221392440533
5 0 10 11 -0.005766221392440533
4 1 11 10 -0.005766221392440533
5 1 11 11 -0.005766221392440533
4 2 0 10 0.002578735804656526
5 2 0 11 0.002578735804656526
4 3 1 10 0.002578735804656526
5 3 1 11 0.002578735804656526
4 2 4 10 0.017545286121442
5 2 4 11 0.017545286121442
4 3 5 10 0.017545286121442
5 3 5 11 0.017545286121442
4 4 2 10 0.017545286121441996
5 4 2 11 0.017545286121441996
4 5 3 10 0.017545286121441996
5 5 3 11 0.017545286121441996
4 4 10 10 0.0023825621784319536
5 4 10 11 0.0023825621784319536
4 5 11 10 0.0023825621784319536
5 5 11 11 0.0023825621784319536
4 10 0 10 -0.005766221392440532
5 10 0 11 -0.005766221392440532
4 11 1 10 -0.005766221392440532
5 11 1 11 -0.005766221392440532
4 10 4 10 0.002382562178431954
5 10 4 11 0.002382562178431954
4 11 5 10 0.002382562178431954
5 11 5 11 0.002382562178431954
6 0 6 0 0.04273183973233776
7 0 6 1 0.04273183973233776
6 1 7 0 0.04273183973233776
7 1 7 1 0.04273183973233776
6 4 6 0 -0.0053934377753241235
7 4 6 1 -0.0053934377753241235
6 5 7 0 -0.0053934377753241235
7 5 7 1 -0.0053934377753241235
6 6 0 0 0.04273183973233776
7 6 0 1 0.04273183973233776
6 7 1 0 0.04273183973233776
7 7 1 1 0.04273183973233776
6 6 4 0 -0.0053934377753241235
7 6 4 1 -0.0053934377753241235
6 7 5 0 -0.0053934377753241235
7 7 5 1 -0.0053934377753241235
6 2 6 2 8.052298407449683e-05
7 2 6 3 8.052298407449683e-05
6 3 7 2 8.052298407449683e-05
7 3 7 3 8.052298407449683e-05
6 6 2 2 8.052298407449683e-05
7 6 2 3 8.052298407449683e-05
6 7 3 2 8.052298407449683e-05
7 7 3 3 8.052298407449683e-05
6 6 10 2 -0.0009808308359437032
7 6 10 3 -0.0009808308359437032
6 7 11 2 -0.0009808308359437032
7 7 11 3 -0.0009808308359437032
6 10 6 2 -0.0009808308359437032
7 10 6 3 -0.0009808308359437032
6 11 7 2 -0.0009808308359437032
7 11 7 3 -0.0009808308359437032
6 0 6 4 -0.0053934377753241235
7 0 6 5 -0.0053934377753241235
6 1 7 4 -0.0053934377753241235
7 1 7 5 -0.0053934377753241235
6 4 6 4 0.0006814933852536841
7 4 6 5 0.0006814933852536841
6 5 7 4 0.0006814933852536841
7 5 7 5 0.0006814933852536841
6 6 0 4 -0.0053934377753241235
7 6 0 5 -0.0053934377753241235
6 7 1 4 -0.0053934377753241235
7 7 1 5 -0.0053934377753241235
6 6 4 4 0.0006814933852536841
7 6 4 5 0.0006814933852536841
6 7 5 4 0.0006814933852536841
7 7 5 5 0.0006814933852536841
6 0 0 6 0.20269643151585817
7 0 0 7 0.20269643151585817
6 1 1 6 0.20269643151585817
7 1 1 7 0.20269643151585817
6 0 4 6 -0.017099880842145553
7 0 4 7 -0.017099880842145553
6 1 5 6 -0.017099880842145553
7 1 5 7 -0.017099880842145553
6 2 2 6 0.0657923133771904
7 2 2 7 0.0657923133771904
6 3 3 6 0.0657923133771904
7 3 3 7 0.0657923133771904
6 2 10 6 -0.011417981677315895
7 2 10 7 -0.011417981677315895
6 3 11 6 -0.011417981677315895
7 3 11 7 -0.011417981677315895
6 4 0 6 -0.01709988084214555
7 4 0 7 -0.01709988084214555
6 5 1 6 -0.01709988084214555
7 5 1 7 -0.01709988084214555
6 4 4 6 0.06694968280014875
7 4 4 7 0.06694968280014875
6 5 5 6 0.06694968280014875
7 5 5 7 0.06694968280014875
6 6 6 6 0.224929545
7 6 6 7 0.224929545
6 7 7 6 0.224929545
7 7 7 7 0.224929545
6 8 8 6 0.2006801625
7 8 8 7 0.2006801625
6 9 9 6 0.2006801625
7 9 9 7 0.2006801625
6 10 2 6 -0.011417981677315898
7 10 2 7 -0.011417981677315898
6 11 3 6 -0.011417981677315898
7 11 3 7 -0.011417981677315898
6 10 10 6 0.19977874453457117
7 10 10 7 0.19977874453457117
6 11 11 6 0.19977874453457117
7 11 11 7 0.19977874453457117
6 6 8 8 0.0121246915
7 6 8 9 0.0121246915
6 7 9 8 0.0121246915
7 7 9 9 0.0121246915
6 8 6 8 0.0121246915
7 8 6 9 0.0121246915
6 9 7 8 0.0121246915
7 9 7 9 0.0121246915
6 2 6 10 -0.0009808308359437034
7 2 6 11 -0.0009808308359437034
6 3 7 10 -0.0009808308359437034
7 3 7 11 -0.0009808308359437034
6 6 2 10 -0.0009808308359437034
7 6 2 11 -0.0009808308359437034
6 7 3 10 -0.0009808308359437034
7 7 3 11 -0.0009808308359437034
6 6 10 10 0.01205245216712822
7 6 10 11 0.01205245216712822
6 7 11 10 0.01205245216712822
7 7 11 11 0.01205245216712822
6 10 6 10 0.01205245216712822
7 10 6 11 0.01205245216712822
6 11 7 10 0.01205245216712822
7 11 7 11 0.01205245216712822
8 0 8 0 0.04273183973233776
9 0 8 1 0.04273183973233776
8 1 9 0 0.04273183973233776
9 1 9 1 0.04273183973233776
8 4 8 0 -0.0053934377753241235
9 4 8 1 -0.0053934377753241235
8 5 9 0 -0.0053934377753241235
9 5 9 1 -0.0053934377753241235
8 8 0 0 0.04273183973233776
9 8 0 1 0.04273183973233776
8 9 1 0 0.04273183973233776
9 9 1 1 0.04273183973233776
8 8 4 0 -0.0053934377753241235
9 8 4 1 -0.0053934377753241235
8 9 5 0 -0.0053934377753241235
9 9 5 1 -0.0053934377753241235
8 2 8 2 8.052298407449683e-05
9 2 8 3 8.052298407449683e-05
8 3 9 2 8.052298407449683e-05
9 3 9 3 8.052298407449683e-05
8 8 2 2 8.052298407449683e-05
9 8 2 3 8.052298407449683e-05
8 9 3 2 8.052298407449683e-05
9 9 3 3 8.052298407449683e-05
8 8 10 2 -0.0009808308359437032
9 8 10 3 -0.0009808308359437032
8 9 11 2 -0.0009808308359437032
9 9 11 3 -0.0009808308359437032
8 10 8 2 -0.0009808308359437032
9 10 8 3 -0.0009808308359437032
8 11 9 2 -0.0009808308359437032
9 11 9 3 -0.0009808308359437032
8 0 8 4 -0.0053934377753241235
9 0 8 5 -0.0053934377753241235
8 1 9 4 -0.0053934377753241235
9 1 9 5 -0.0053934377753241235
8 4 8 4 0.0006814933852536841
9 4 8 5 0.0006814933852536841
8 5 9 4 0.0006814933852536841
9 5 9 5 0.0006814933852536841
8 8 0 4 -0.0053934377753241235
9 8 0 5 -0.0053934377753241235
8 9 1 4 -0.0053934377753241235
9 9 1 5 -0.0053934377753241235
8 8 4 4 0.0006814933852536841
9 8 4 5 0.0006814933852536841
8 9 5 4 0.0006814933852536841
9 9 5 5 0.0006814933852536841
8 6 8 6 0.0121246915
9 6 8 7 0.0121246915
8 7 9 6 0.0121246915
9 7 9 7 0.0121246915
8 8 6 6 0.0121246915
9 8 6 7 0.0121246915
8 9 7 6 0.0121246915
9 9 7 7 0.0121246915
8 0 0 8 0.20269643151585817
9 0 0 9 0.20269643151585817
8 1 1 8 0.20269643151585817
9 1 1 9 0.20269643151585817
8 0 4 8 -0.017099880842145553
9 0 4 9 -0.017099880842145553
8 1 5 8 -0.017099880842145553
9 1 5 9 -0.017099880842145553
8 2 2 8 0.0657923133771904
9 2 2 9 0.0657923133771904
8 3 3 8 0.0657923133771904
9 3 3 9 0.0657923133771904
8 2 10 8 -0.011417981677315895
9 2 10 9 -0.011417981677315895
8 3 11 8 -0.011417981677315895
9 3 11 9 -0.011417981677315895
8 4 0 8 -0.01709988084214555
9 4 0 9 -0.01709988084214555
8 5 1 8 -0.01709988084214555
9 5 1 9 -0.01709988084214555
8 4 4 8 0.06694968280014875
9 4 4 9 0.06694968280014875
8 5 5 8 0.06694968280014875
9 5 5 9 0.06694968280014875
8 6 6 8 0.2006801625
9 6 6 9 0.2006801625
8 7 7 8 0.2006801625
9 7 7 9 0.2006801625
8 8 8 8 0.224929545
9 8 8 9 0.224929545
8 9 9 8 0.224929545
9 9 9 9 0.224929545
8 10 2 8 -0.011417981677315898
9 10 2 9 -0.011417981677315898
8 11 3 8 -0.011417981677315898
9 11 3 9 -0.011417981677315898
8 10 10 8 0.19977874453457117
9 10 10 9 0.19977874453457117
8 11 11 8 0.19977874453457117
9 11 11 9 0.19977874453457117
8 2 8 10 -0.0009808308359437034
9 2 8 11 -0.0009808308359437034
8 3 9 10 -0.0009808308359437034
9 3 9 11 -0.0009808308359437034
8 8 2 10 -0.0009808308359437034
9 8 2 11 -0.0009808308359437034
8 9 3 10 -0.0009808308359437034
9 9 3 11 -0.0009808308359437034
8 8 10 10 0.01205245216712822
9 8 10 11 0.01205245216712822
8 9 11 10 0.01205245216712822
9 9 11 11 0.01205245216712822
8 10 8 10 0.01205245216712822
9 10 8 11 0.01205245216712822
8 11 9 10 0.01205245216712822
9 11 9 11 0.01205245216712822
10 0 2 0 -0.00469937666745395
11 0 2 1 -0.00469937666745395
10 1 3 0 -0.00469937666745395
11 1 3 1 -0.00469937666745395
10 0 10 0 0.04230815222352883
11 0 10 1 0.04230815222352883
10 1 11 0 0.04230815222352883
11 1 11 1 0.04230815222352883
10 2 0 0 -0.0046993766674539505
11 2 0 1 -0.0046993766674539505
10 3 1 0 -0.0046993766674539505
11 3 1 1 -0.0046993766674539505
10 2 4 0 -0.008457345062107643
11 2 4 1 -0.008457345062107643
10 3 5 0 -0.008457345062107643
11 3 5 1 -0.008457345062107643
10 4 2 0 -0.008457345062107643
11 4 2 1 -0.008457345062107643
10 5 3 0 -0.008457345062107643
11 5 3 1 -0.008457345062107643
10 4 10 0 -0.005766221392440532
11 4 10 1 -0.005766221392440532
10 5 11 0 -0.005766221392440532
11 5 11 1 -0.005766221392440532
10 10 0 0 0.042308152223528836
11 10 0 1 0.042308152223528836
10 11 1 0 0.042308152223528836
11 11 1 1 0.042308152223528836
10 10 4 0 -0.00576622139244053
11 10 4 1 -0.00576622139244053
10 11 5 0 -0.00576622139244053
11 11 5 1 -0.00576622139244053
10 0 0 2 -0.011344542082573416
11 0 0 3 -0.011344542082573416
10 1 1 2 -0.011344542082573416
11 1 1 3 -0.011344542082573416
10 0 4 2 0.0029645550780345153
11 0 4 3 0.0029645550780345153
10 1 5 2 0.0029645550780345153
11 1 5 3 0.0029645550780345153
10 2 2 2 0.013270666340340572
11 2 2 3 0.013270666340340572
10 3 3 2 0.013270666340340572
11 3 3 3 0.013270666340340572
10 2 10 2 0.002426394814684181
11 2 10 3 0.002426394814684181
10 3 11 2 0.002426394814684181
11 3 11 3 0.002426394814684181
10 4 0 2 0.002964555078034515
11 4 0 3 0.002964555078034515
10 5 1 2 0.002964555078034515
11 5 1 3 0.002964555078034515
10 4 4 2 0.013136628368863456
11 4 4 3 0.013136628368863456
10 5 5 2 0.013136628368863456
11 5 5 3 0.013136628368863456
10 6 6 2 -0.011417981677315898
11 6 6 3 -0.011417981677315898
10 7 7 2 -0.011417981677315898
11 7 7 3 -0.011417981677315898
10 8 8 2 -0.011417981677315898
11 8 8 3 -0.011417981677315898
10 9 9 2 -0.011417981677315898
11 9 9 3 -0.011417981677315898
10 10 2 2 0.0024263948146841805
11 10 2 3 0.0024263948146841805
10 11 3 2 0.0024263948146841805
11 11 3 3 0.0024263948146841805
10 10 10 2 -0.012978552072353983
11 10 10 3 -0.012978552072353983
10 11 11 2 -0.012978552072353983
11 11 11 3 -0.012978552072353983
10 0 2 4 0.002578735804656526
11 0 2 5 0.002578735804656526
10 1 3 4 0.002578735804656526
11 1 3 5 0.002578735804656526
10 0 10 4 -0.005766221392440531
11 0 10 5 -0.005766221392440531
10 1 11 4 -0.005766221392440531
11 1 11 5 -0.005766221392440531
10 2 0 4 0.002578735804656526
11 2 0 5 0.002578735804656526
10 3 1 4 0.002578735804656526
11 3 1 5 0.002578735804656526
10 2 4 4 0.017545286121441996
11 2 4 5 0.017545286121441996
10 3 5 4 0.017545286121441996
11 3 5 5 0.017545286121441996
10 4 2 4 0.017545286121441996
11 4 2 5 0.017545286121441996
10 5 3 4 0.017545286121441996
11 5 3 5 0.017545286121441996
10 4 10 4 0.0023825621784319545
11 4 10 5 0.0023825621784319545
10 5 11 4 0.0023825621784319545
11 5 11 5 0.0023825621784319545
10 10 0 4 -0.005766221392440531
11 10 0 5 -0.005766221392440531
10 11 1 4 -0.005766221392440531
11 11 1 5 -0.005766221392440531
10 10 4 4 0.0023825621784319536
11 10 4 5 0.0023825621784319536
10 11 5 4 0.0023825621784319536
11 11 5 5 0.0023825621784319536
10 2 6 6 -0.0009808308359437034
11 2 6 7 -0.0009808308359437034
10 3 7 6 -0.0009808308359437034
11 3 7 7 -0.0009808308359437034
10 6 2 6 -0.0009808308359437034
11 6 2 7 -0.0009808308359437034
10 7 3 6 -0.0009808308359437034
11 7 3 7 -0.0009808308359437034
10 6 10 6 0.01205245216712822
11 6 10 7 0.01205245216712822
10 7 11 6 0.01205245216712822
11 7 11 7 0.01205245216712822
10 10 6 6 0.01205245216712822
11 10 6 7 0.01205245216712822
10 11 7 6 0.01205245216712822
11 11 7 7 0.01205245216712822
10 2 8 8 -0.0009808308359437034
11 2 8 9 -0.0009808308359437034
10 3 9 8 -0.0009808308359437034
11 3 9 9 -0.0009808308359437034
10 8 2 8 -0.0009808308359437034
11 8 2 9 -0.0009808308359437034
10 9 3 8 -0.0009808308359437034
11 9 3 9 -0.0009808308359437034
10 8 10 8 0.01205245216712822
11 8 10 9 0.01205245216712822
10 9 11 8 0.01205245216712822
11 9 11 9 0.01205245216712822
10 10 8 8 0.01205245216712822
11 10 8 9 0.01205245216712822
10 11 9 8 0.01205245216712822
11 11 9 9 0.01205245216712822
10 0 0 10 0.20188489096816564
11 0 0 11 0.20188489096816564
10 1 1 10 0.20188489096816564
11 1 1 11 0.20188489096816564
10 0 4 10 -0.01623628382695337
11 0 4 11 -0.01623628382695337
10 1 5 10 -0.01623628382695337
11 1 5 11 -0.01623628382695337
10 2 2 10 0.07115448717134186
11 2 2 11 0.07115448717134186
10 3 3 10 0.07115448717134186
11 3 3 11 0.07115448717134186
10 2 10 10 -0.012978552072353981
11 2 10 11 -0.012978552072353981
10 3 11 10 -0.012978552072353981
11 3 11 11 -0.012978552072353981
10 4 0 10 -0.01623628382695337
11 4 0 11 -0.01623628382695337
10 5 1 10 -0.01623628382695337
11 5 1 11 -0.01623628382695337
10 4 4 10 0.07205456084058165
11 4 4 11 0.07205456084058165
10 5 5 10 0.07205456084058165
11 5 5 11 0.07205456084058165
10 6 6 10 0.19977874453457117
11 6 6 11 0.19977874453457117
10 7 7 10 0.19977874453457117
11 7 7 11 0.19977874453457117
10 8 8 10 0.19977874453457117
11 8 8 11 0.19977874453457117
10 9 9 10 0.19977874453457117
11 9 9 11 0.19977874453457117
10 10 2 10 -0.012978552072353981
11 10 2 11 -0.012978552072353981
10 11 3 10 -0.012978552072353981
11 11 3 11 -0.012978552072353981
10 10 10 10 0.22284679606190685
11 10 10 11 0.22284679606190685
10 11 11 10 0.22284679606190685
11 11 11 11 0.22284679606190685
