-12.796074623772679
0 0 -0.942858225204964
1 1 -0.942858225204964
0 4 0.015100564309614095
1 5 0.015100564309614095
2 2 -0.8284528279447624
3 3 -0.8284528279447624
2 10 0.014124934940015002
3 11 0.014124934940015002
4 0 0.015100564309614067
5 1 0.015100564309614067
4 4 -0.8249777338077556
5 5 -0.8249777338077556
6 6 -0.7906889472111358
7 7 -0.7906889472111358
8 8 -0.7906889472111358
9 9 -0.7906889472111358
10 2 0.0141249349400151
11 3 0.0141249349400151
10 10 -0.8047483365643977
11 11 -0.8047483365643977
0 0 0 0 0.19113040307222517
1 0 0 1 0.19113040307222517
0 1 1 0 0.19113040307222517
1 1 1 1 0.19113040307222517
0 0 4 0 -0.0245260996710584
1 0 4 1 -0.0245260996710584
0 1 5 0 -0.0245260996710584
1 1 5 1 -0.0245260996710584
0 2 2 0 0.0797923415396418
1 2 2 1 0.0797923415396418
0 3 3 0 0.0797923415396418
1 3 3 1 0.0797923415396418
0 2 10 0 -0.017910940798580854
1 2 10 1 -0.017910940798580854
0 3 11 0 -0.017910940798580854
1 3 11 1 -0.017910940798580854
0 4 0 0 -0.0245260996710584
1 4 0 1 -0.0245260996710584
0 5 1 0 -0.0245260996710584
1 5 1 1 -0.0245260996710584
0 4 4 0 0.0823911382241794
1 4 4 1 0.0823911382241794
0 5 5 0 0.0823911382241794
1 5 5 1 0.0823911382241794
0 6 6 0 0.19886086204850806
1 6 6 1 0.19886086204850806
0 7 7 0 0.19886086204850806
1 7 7 1 0.19886086204850806
0 8 8 0 0.19886086204850806
1 8 8 1 0.19886086204850806
0 9 9 0 0.19886086204850806
1 9 9 1 0.19886086204850806
0 10 2 0 -0.01791094079858085
1 10 2 1 -0.01791094079858085
0 11 3 0 -0.01791094079858085
1 11 3 1 -0.01791094079858085
0 10 10 0 0.19664344451363344
1 10 10 1 0.19664344451363344
0 11 11 0 0.19664344451363344
1 11 11 1 0.19664344451363344
0 0 2 2 0.008715668581982515
1 0 2 3 0.008715668581982515
0 1 3 2 0.008715668581982515
1 1 3 3 0.008715668581982515
0 0 10 2 -0.007526008526908764
1 0 10 3 -0.007526008526908764
0 1 11 2 -0.007526008526908764
1 1 11 3 -0.007526008526908764
0 2 0 2 0.008715668581982517
1 2 0 3 0.008715668581982517
0 3 1 2 0.008715668581982517
1 3 1 3 0.008715668581982517
0 2 4 2 0.03542913148280853
1 2 4 3 0.03542913148280853
0 3 5 2 0.03542913148280853
1 3 5 3 0.03542913148280853
0 4 2 2 0.03542913148280854
1 4 2 3 0.03542913148280854
0 5 3 2 0.03542913148280854
1 5 3 3 0.03542913148280854
0 4 10 2 0.007598097239485346
1 4 10 3 0.007598097239485346
0 5 11 2 0.007598097239485346
1 5 11 3 0.007598097239485346
0 10 0 2 -0.007526008526908762
1 10 0 3 -0.007526008526908762
0 11 1 2 -0.007526008526908762
1 11 1 3 -0.007526008526908762
0 10 4 2 0.007598097239485346
1 10 4 3 0.007598097239485346
0 11 5 2 0.007598097239485346
1 11 5 3 0.007598097239485346
0 0 0 4 -0.02452609967105839
1 0 0 5 -0.02452609967105839
0 1 1 4 -0.02452609967105839
1 1 1 5 -0.02452609967105839
0 0 4 4 0.01092913669013724
1 0 4 5 0.01092913669013724
0 1 5 4 0.01092913669013724
1 1 5 5 0.01092913669013724
0 2 2 4 0.026202151686770855
1 2 2 5 0.026202151686770855
0 3 3 4 0.026202151686770855
1 3 3 5 0.026202151686770855
0 2 10 4 0.008364397552422
1 2 10 5 0.008364397552422
0 3 11 4 0.008364397552422
1 3 11 5 0.008364397552422
0 4 0 4 0.01092913669013724
1 4 0 5 0.01092913669013724
0 5 1 4 0.01092913669013724
1 5 1 5 0.01092913669013724
0 4 4 4 0.025221275730392678
1 4 4 5 0.025221275730392678
0 5 5 4 0.025221275730392678
1 5 5 5 0.025221275730392678
0 6 6 4 -0.02780235369511714
1 6 6 5 -0.02780235369511714
0 7 7 4 -0.02780235369511714
1 7 7 5 -0.02780235369511714
0 8 8 4 -0.02780235369511714
1 8 8 5 -0.02780235369511714
0 9 9 4 -0.02780235369511714
1 9 9 5 -0.02780235369511714
0 10 2 4 0.008364397552422001
1 10 2 5 0.008364397552422001
0 11 3 4 0.008364397552422001
1 11 3 5 0.008364397552422001
0 10 10 4 -0.025269452036775338
1 10 10 5 -0.025269452036775338
0 11 11 4 -0.025269452036775338
1 11 11 5 -0.025269452036775338
0 0 6 6 0.04143434780531644
1 0 6 7 0.04143434780531644
0 1 7 6 0.04143434780531644
1 1 7 7 0.04143434780531644
0 4 6 6 -0.009088659274946818
1 4 6 7 -0.009088659274946818
0 5 7 6 -0.009088659274946818
1 5 7 7 -0.009088659274946818
0 6 0 6 0.04143434780531644
1 6 0 7 0.04143434780531644
0 7 1 6 0.04143434780531644
1 7 1 7 0.04143434780531644
0 6 4 6 -0.009088659274946818
1 6 4 7 -0.009088659274946818
0 7 5 6 -0.009088659274946818
1 7 5 7 -0.009088659274946818
0 0 8 8 0.04143434780531644
1 0 8 9 0.04143434780531644
0 1 9 8 0.04143434780531644
1 1 9 9 0.04143434780531644
0 4 8 8 -0.009088659274946818
1 4 8 9 -0.009088659274946818
0 5 9 8 -0.009088659274946818
1 5 9 9 -0.009088659274946818
0 8 0 8 0.04143434780531644
1 8 0 9 0.04143434780531644
0 9 1 8 0.04143434780531644
1 9 1 9 0.04143434780531644
0 8 4 8 -0.009088659274946818
1 8 4 9 -0.009088659274946818
0 9 5 8 -0.009088659274946818
1 9 5 9 -0.009088659274946818
0 0 2 10 -0.0075260085269087595
1 0 2 11 -0.0075260085269087595
0 1 3 10 -0.0075260085269087595
1 1 3 11 -0.0075260085269087595
0 0 10 10 0.0401733119093613
1 0 10 11 0.0401733119093613
0 1 11 10 0.0401733119093613
1 1 11 11 0.0401733119093613
0 2 0 10 -0.007526008526908765
1 2 0 11 -0.007526008526908765
0 3 1 10 -0.007526008526908765
1 3 1 11 -0.007526008526908765
0 2 4 10 -0.00524643619103287
1 2 4 11 -0.00524643619103287
0 3 5 10 -0.00524643619103287
1 3 5 11 -0.00524643619103287
0 4 2 10 -0.005246436191032866
1 4 2 11 -0.005246436191032866
0 5 3 10 -0.005246436191032866
1 5 3 11 -0.005246436191032866
0 4 10 10 -0.009179808369573819
1 4 10 11 -0.009179808369573819
0 5 11 10 -0.009179808369573819
1 5 11 11 -0.009179808369573819
0 10 0 10 0.04017331190936129
1 10 0 11 0.04017331190936129
0 11 1 10 0.04017331190936129
1 11 1 11 0.04017331190936129
0 10 4 10 -0.009179808369573814
1 10 4 11 -0.009179808369573814
0 11 5 10 -0.009179808369573814
1 11 5 11 -0.009179808369573814
2 0 2 0 0.008715668581982517
3 0 2 1 0.008715668581982517
2 1 3 0 0.008715668581982517
3 1 3 1 0.008715668581982517
2 0 10 0 -0.007526008526908764
3 0 10 1 -0.007526008526908764
2 1 11 0 -0.007526008526908764
3 1 11 1 -0.007526008526908764
2 2 0 0 0.008715668581982517
3 2 0 1 0.008715668581982517
2 3 1 0 0.008715668581982517
3 3 1 1 0.008715668581982517
2 2 4 0 0.035429131482808525
3 2 4 1 0.035429131482808525
2 3 5 0 0.035429131482808525
3 3 5 1 0.035429131482808525
2 4 2 0 0.03542913148280853
3 4 2 1 0.03542913148280853
2 5 3 0 0.03542913148280853
3 5 3 1 0.03542913148280853
2 4 10 0 0.007598097239485346
3 4 10 1 0.007598097239485346
2 5 11 0 0.007598097239485346
3 5 11 1 0.007598097239485346
2 10 0 0 -0.007526008526908763
3 10 0 1 -0.007526008526908763
2 11 1 0 -0.007526008526908763
3 11 1 1 -0.007526008526908763
2 10 4 0 0.0075980972394853455
3 10 4 1 0.0075980972394853455
2 11 5 0 0.0075980972394853455
3 11 5 1 0.0075980972394853455
2 0 0 2 0.07979234153964179
3 0 0 3 0.07979234153964179
2 1 1 2 0.07979234153964179
3 1 1 3 0.07979234153964179
2 0 4 2 0.02620215168677085
3 0 4 3 0.02620215168677085
2 1 5 2 0.02620215168677085
3 1 5 3 0.02620215168677085
2 2 2 2 0.20441748032486146
3 2 2 3 0.20441748032486146
2 3 3 2 0.20441748032486146
3 3 3 3 0.20441748032486146
2 2 10 2 0.021233935100783342
3 2 10 3 0.021233935100783342
2 3 11 2 0.021233935100783342
3 3 11 3 0.021233935100783342
2 4 0 2 0.02620215168677086
3 4 0 3 0.02620215168677086
2 5 1 2 0.02620215168677086
3 5 1 3 0.02620215168677086
2 4 4 2 0.2025668552058454
3 4 4 3 0.2025668552058454
2 5 5 2 0.2025668552058454
3 5 5 3 0.2025668552058454
2 6 6 2 0.07271058502957792
3 6 6 3 0.07271058502957792
2 7 7 2 0.07271058502957792
3 7 7 3 0.07271058502957792
2 8 8 2 0.07271058502957792
3 8 8 3 0.07271058502957792
2 9 9 2 0.07271058502957792
3 9 9 3 0.07271058502957792
2 10 2 2 0.021233935100783342
3 10 2 3 0.021233935100783342
2 11 3 2 0.021233935100783342
3 11 3 3 0.021233935100783342
2 10 10 2 0.08167020282737669
3 10 10 3 0.08167020282737669
2 11 11 2 0.08167020282737669
3 11 11 3 0.08167020282737669
2 0 2 4 0.03542913148280853
3 0 2 5 0.03542913148280853
2 1 3 4 0.03542913148280853
3 1 3 5 0.03542913148280853
2 0 10 4 -0.0052464361910328685
3 0 10 5 -0.0052464361910328685
2 1 11 4 -0.0052464361910328685
3 1 11 5 -0.0052464361910328685
2 2 0 4 0.03542913148280853
3 2 0 5 0.03542913148280853
2 3 1 4 0.03542913148280853
3 3 1 5 0.03542913148280853
2 2 4 4 0.16358955949939963
3 2 4 5 0.16358955949939963
2 3 5 4 0.16358955949939963
3 3 5 5 0.16358955949939963
2 4 2 4 0.16358955949939968
3 4 2 5 0.16358955949939968
2 5 3 4 0.16358955949939968
3 5 3 5 0.16358955949939968
2 4 10 4 0.029180772273589922
3 4 10 5 0.029180772273589922
2 5 11 4 0.029180772273589922
3 5 11 5 0.029180772273589922
2 10 0 4 -0.005246436191032867
3 10 0 5 -0.005246436191032867
2 11 1 4 -0.005246436191032867
3 11 1 5 -0.005246436191032867
2 10 4 4 0.029180772273589922
3 10 4 5 0.029180772273589922
2 11 5 4 0.029180772273589922
3 11 5 5 0.029180772273589922
2 2 6 6 0.00025170612722626146
3 2 6 7 0.00025170612722626146
2 3 7 6 0.00025170612722626146
3 3 7 7 0.00025170612722626146
2 6 2 6 0.00025170612722626146
3 6 2 7 0.00025170612722626146
2 7 3 6 0.00025170612722626146
3 7 3 7 0.00025170612722626146
2 6 10 6 -0.0017229260383035767
3 6 10 7 -0.0017229260383035767
2 7 11 6 -0.0017229260383035767
3 7 11 7 -0.0017229260383035767
2 10 6 6 -0.0017229260383035767
3 10 6 7 -0.0017229260383035767
2 11 7 6 -0.0017229260383035767
3 11 7 7 -0.0017229260383035767
2 2 8 8 0.00025170612722626146
3 2 8 9 0.00025170612722626146
2 3 9 8 0.00025170612722626146
3 3 9 9 0.00025170612722626146
2 8 2 8 0.00025170612722626146
3 8 2 9 0.00025170612722626146
2 9 3 8 0.00025170612722626146
3 9 3 9 0.00025170612722626146
2 8 10 8 -0.0017229260383035767
3 8 10 9 -0.0017229260383035767
2 9 11 8 -0.0017229260383035767
3 9 11 9 -0.0017229260383035767
2 10 8 8 -0.0017229260383035767
3 10 8 9 -0.0017229260383035767
2 11 9 8 -0.0017229260383035767
3 11 9 9 -0.0017229260383035767
2 0 0 10 -0.017910940798580865
3 0 0 11 -0.017910940798580865
2 1 1 10 -0.017910940798580865
3 1 1 11 -0.017910940798580865
2 0 4 10 0.008364397552422003
3 0 4 11 0.008364397552422003
2 1 5 10 0.008364397552422003
3 1 5 11 0.008364397552422003
2 2 2 10 0.021233935100783342
3 2 2 11 0.021233935100783342
2 3 3 10 0.021233935100783342
3 3 3 11 0.021233935100783342
2 2 10 10 0.0069783355130269165
3 2 10 11 0.0069783355130269165
2 3 11 10 0.0069783355130269165
3 3 11 11 0.0069783355130269165
2 4 0 10 0.008364397552422003
3 4 0 11 0.008364397552422003
2 5 1 10 0.008364397552422003
3 5 1 11 0.008364397552422003
2 4 4 10 0.02060635878449293
3 4 4 11 0.02060635878449293
2 5 5 10 0.02060635878449293
3 5 5 11 0.02060635878449293
2 6 6 10 -0.01920189633285434
3 6 6 11 -0.01920189633285434
2 7 7 10 -0.01920189633285434
3 7 7 11 -0.01920189633285434
2 8 8 10 -0.01920189633285434
3 8 8 11 -0.01920189633285434
2 9 9 10 -0.01920189633285434
3 9 9 11 -0.01920189633285434
2 10 2 10 0.006978335513026918
3 10 2 11 0.006978335513026918
2 11 3 10 0.006978335513026918
3 11 3 11 0.006978335513026918
2 10 10 10 -0.021075996598198355
3 10 10 11 -0.021075996598198355
2 11 11 10 -0.021075996598198355
3 11 11 11 -0.021075996598198355
4 0 0 0 -0.02452609967105839
5 0 0 1 -0.02452609967105839
4 1 1 0 -0.02452609967105839
5 1 1 1 -0.02452609967105839
4 0 4 0 0.010929136690137238
5 0 4 1 0.010929136690137238
4 1 5 0 0.010929136690137238
5 1 5 1 0.010929136690137238
4 2 2 0 0.026202151686770852
5 2 2 1 0.026202151686770852
4 3 3 0 0.026202151686770852
5 3 3 1 0.026202151686770852
4 2 10 0 0.008364397552422003
5 2 10 1 0.008364397552422003
4 3 11 0 0.008364397552422003
5 3 11 1 0.008364397552422003
4 4 0 0 0.010929136690137242
5 4 0 1 0.010929136690137242
4 5 1 0 0.010929136690137242
5 5 1 1 0.010929136690137242
4 4 4 0 0.02522127573039268
5 4 4 1 0.02522127573039268
4 5 5 0 0.02522127573039268
5 5 5 1 0.02522127573039268
4 6 6 0 -0.027802353695117132
5 6 6 1 -0.027802353695117132
4 7 7 0 -0.027802353695117132
5 7 7 1 -0.027802353695117132
4 8 8 0 -0.027802353695117132
5 8 8 1 -0.027802353695117132
4 9 9 0 -0.027802353695117132
5 9 9 1 -0.027802353695117132
4 10 2 0 0.008364397552422001
5 10 2 1 0.008364397552422001
4 11 3 0 0.008364397552422001
5 11 3 1 0.008364397552422001
4 10 10 0 -0.025269452036775338
5 10 10 1 -0.025269452036775338
4 11 11 0 -0.025269452036775338
5 11 11 1 -0.025269452036775338
4 0 2 2 0.03542913148280853
5 0 2 3 0.03542913148280853
4 1 3 2 0.03542913148280853
5 1 3 3 0.03542913148280853
4 0 10 2 -0.0052464361910328685
5 0 10 3 -0.0052464361910328685
4 1 11 2 -0.0052464361910328685
5 1 11 3 -0.0052464361910328685
4 2 0 2 0.03542913148280854
5 2 0 3 0.03542913148280854
4 3 1 2 0.03542913148280854
5 3 1 3 0.03542913148280854
4 2 4 2 0.16358955949939963
5 2 4 3 0.16358955949939963
4 3 5 2 0.16358955949939963
5 3 5 3 0.16358955949939963
4 4 2 2 0.16358955949939966
5 4 2 3 0.16358955949939966
4 5 3 2 0.16358955949939966
5 5 3 3 0.16358955949939966
4 4 10 2 0.029180772273589922
5 4 10 3 0.029180772273589922
4 5 11 2 0.029180772273589922
5 5 11 3 0.029180772273589922
4 10 0 2 -0.005246436191032866
5 10 0 3 -0.005246436191032866
4 11 1 2 -0.005246436191032866
5 11 1 3 -0.005246436191032866
4 10 4 2 0.029180772273589922
5 10 4 3 0.029180772273589922
4 11 5 2 0.029180772273589922
5 11 5 3 0.029180772273589922
4 0 0 4 0.08239113822417937
5 0 0 5 0.08239113822417937
4 1 1 4 0.08239113822417937
5 1 1 5 0.08239113822417937
4 0 4 4 0.025221275730392678
5 0 4 5 0.025221275730392678
4 1 5 4 0.025221275730392678
5 1 5 5 0.025221275730392678
4 2 2 4 0.2025668552058454
5 2 2 5 0.2025668552058454
4 3 3 4 0.2025668552058454
5 3 3 5 0.2025668552058454
4 2 10 4 0.020606358784492945
5 2 10 5 0.020606358784492945
4 3 11 4 0.020606358784492945
5 3 11 5 0.020606358784492945
4 4 0 4 0.02522127573039268
5 4 0 5 0.02522127573039268
4 5 1 4 0.02522127573039268
5 5 1 5 0.02522127573039268
4 4 4 4 0.20083427351954836
5 4 4 5 0.20083427351954836
4 5 5 4 0.20083427351954836
5 5 5 5 0.20083427351954836
4 6 6 4 0.07583168247948473
5 6 6 5 0.07583168247948473
4 7 7 4 0.07583168247948473
5 7 7 5 0.07583168247948473
4 8 8 4 0.07583168247948473
5 8 8 5 0.07583168247948473
4 9 9 4 0.07583168247948473
5 9 9 5 0.07583168247948473
4 10 2 4 0.02060635878449294
5 10 2 5 0.02060635878449294
4 11 3 4 0.02060635878449294
5 11 3 5 0.02060635878449294
4 10 10 4 0.08391662327965412
5 10 10 5 0.08391662327965412
4 11 11 4 0.08391662327965412
5 11 11 5 0.08391662327965412
4 0 6 6 -0.009088659274946818
5 0 6 7 -0.009088659274946818
4 1 7 6 -0.009088659274946818
5 1 7 7 -0.009088659274946818
4 4 6 6 0.0019960152789342054
5 4 6 7 0.0019960152789342054
4 5 7 6 0.0019960152789342054
5 5 7 7 0.0019960152789342054
4 6 0 6 -0.009088659274946818
5 6 0 7 -0.009088659274946818
4 7 1 6 -0.009088659274946818
5 7 1 7 -0.009088659274946818
4 6 4 6 0.0019960152789342054
5 6 4 7 0.0019960152789342054
4 7 5 6 0.0019960152789342054
5 7 5 7 0.0019960152789342054
4 0 8 8 -0.009088659274946818
5 0 8 9 -0.009088659274946818
4 1 9 8 -0.009088659274946818
5 1 9 9 -0.009088659274946818
4 4 8 8 0.0019960152789342054
5 4 8 9 0.0019960152789342054
4 5 9 8 0.0019960152789342054
5 5 9 9 0.0019960152789342054
4 8 0 8 -0.009088659274946818
5 8 0 9 -0.009088659274946818
4 9 1 8 -0.009088659274946818
5 9 1 9 -0.009088659274946818
4 8 4 8 0.0019960152789342054
5 8 4 9 0.0019960152789342054
4 9 5 8 0.0019960152789342054
5 9 5 9 0.0019960152789342054
4 0 2 10 0.0075980972394853455
5 0 2 11 0.0075980972394853455
4 1 3 10 0.0075980972394853455
5 1 3 11 0.0075980972394853455
4 0 10 10 -0.009179808369573822
5 0 10 11 -0.009179808369573822
4 1 11 10 -0.009179808369573822
5 1 11 11 -0.009179808369573822
4 2 0 10 0.007598097239485348
5 2 0 11 0.007598097239485348
4 3 1 10 0.007598097239485348
5 3 1 11 0.007598097239485348
4 2 4 10 0.029180772273589922
5 2 4 11 0.029180772273589922
4 3 5 10 0.029180772273589922
5 3 5 11 0.029180772273589922
4 4 2 10 0.029180772273589926
5 4 2 11 0.029180772273589926
4 5 3 10 0.029180772273589926
5 5 3 11 0.029180772273589926
4 4 10 10 0.006971447438190401
5 4 10 11 0.006971447438190401
4 5 11 10 0.006971447438190401
5 5 11 11 0.006971447438190401
4 10 0 10 -0.00917980836957382
5 10 0 11 -0.00917980836957382
4 11 1 10 -0.00917980836957382
5 11 1 11 -0.00917980836957382
4 10 4 10 0.006971447438190399
5 10 4 11 0.006971447438190399
4 11 5 10 0.006971447438190399
5 11 5 11 0.006971447438190399
6 0 6 0 0.04143434780531644
7 0 6 1 0.04143434780531644
6 1 7 0 0.04143434780531644
7 1 7 1 0.04143434780531644
6 4 6 0 -0.009088659274946818
7 4 6 1 -0.009088659274946818
6 5 7 0 -0.009088659274946818
7 5 7 1 -0.009088659274946818
6 6 0 0 0.04143434780531644
7 6 0 1 0.04143434780531644
6 7 1 0 0.04143434780531644
7 7 1 1 0.04143434780531644
6 6 4 0 -0.009088659274946818
7 6 4 1 -0.009088659274946818
6 7 5 0 -0.009088659274946818
7 7 5 1 -0.009088659274946818
6 2 6 2 0.00025170612722626146
7 2 6 3 0.00025170612722626146
6 3 7 2 0.00025170612722626146
7 3 7 3 0.00025170612722626146
6 6 2 2 0.00025170612722626146
7 6 2 3 0.00025170612722626146
6 7 3 2 0.00025170612722626146
7 7 3 3 0.00025170612722626146
6 6 10 2 -0.0017229260383035767
7 6 10 3 -0.0017229260383035767
6 7 11 2 -0.0017229260383035767
7 7 11 3 -0.0017229260383035767
6 10 6 2 -0.0017229260383035767
7 10 6 3 -0.0017229260383035767
6 11 7 2 -0.0017229260383035767
7 11 7 3 -0.0017229260383035767
6 0 6 4 -0.009088659274946818
7 0 6 5 -0.009088659274946818
6 1 7 4 -0.009088659274946818
7 1 7 5 -0.009088659274946818
6 4 6 4 0.0019960152789342054
7 4 6 5 0.0019960152789342054
6 5 7 4 0.0019960152789342054
7 5 7 5 0.0019960152789342054
6 6 0 4 -0.009088659274946818
7 6 0 5 -0.009088659274946818
6 7 1 4 -0.009088659274946818
7 7 1 5 -0.009088659274946818
6 6 4 4 0.0019960152789342054
7 6 4 5 0.0019960152789342054
6 7 5 4 0.0019960152789342054
7 7 5 5 0.0019960152789342054
6 0 0 6 0.19886086204850806
7 0 0 7 0.19886086204850806
6 1 1 6 0.19886086204850806
7 1 1 7 0.19886086204850806
6 0 4 6 -0.02780235369511714
7 0 4 7 -0.02780235369511714
6 1 5 6 -0.02780235369511714
7 1 5 7 -0.02780235369511714
6 2 2 6 0.07271058502957792
7 2 2 7 0.07271058502957792
6 3 3 6 0.07271058502957792
7 3 3 7 0.07271058502957792
6 2 10 6 -0.01920189633285434
7 2 10 7 -0.01920189633285434
6 3 11 6 -0.01920189633285434
7 3 11 7 -0.01920189633285434
6 4 0 6 -0.027802353695117132
7 4 0 7 -0.027802353695117132
6 5 1 6 -0.027802353695117132
7 5 1 7 -0.027802353695117132
6 4 4 6 0.07583168247948473
7 4 4 7 0.07583168247948473
6 5 5 6 0.07583168247948473
7 5 5 7 0.07583168247948473
6 6 6 6 0.224929545
7 6 6 7 0.224929545
6 7 7 6 0.224929545
7 7 7 7 0.224929545
6 8 8 6 0.2006801625
7 8 8 7 0.2006801625
6 9 9 6 0.2006801625
7 9 9 7 0.2006801625
6 10 2 6 -0.019201896332854344
7 10 2 7 -0.019201896332854344
6 11 3 6 -0.019201896332854344
7 11 3 7 -0.019201896332854344
6 10 10 6 0.19797006375261947
7 10 10 7 0.19797006375261947
6 11 11 6 0.19797006375261947
7 11 11 7 0.19797006375261947
6 6 8 8 0.0121246915
7 6 8 9 0.0121246915
6 7 9 8 0.0121246915
7 7 9 9 0.0121246915
6 8 6 8 0.0121246915
7 8 6 9 0.0121246915
6 9 7 8 0.0121246915
7 9 7 9 0.0121246915
6 2 6 10 -0.0017229260383035767
7 2 6 11 -0.0017229260383035767
6 3 7 10 -0.0017229260383035767
7 3 7 11 -0.0017229260383035767
6 6 2 10 -0.0017229260383035767
7 6 2 11 -0.0017229260383035767
6 7 3 10 -0.0017229260383035767
7 7 3 11 -0.0017229260383035767
6 6 10 10 0.011895129180493994
7 6 10 11 0.011895129180493994
6 7 11 10 0.011895129180493994
7 7 11 11 0.011895129180493994
6 10 6 10 0.011895129180493994
7 10 6 11 0.011895129180493994
6 11 7 10 0.011895129180493994
7 11 7 11 0.011895129180493994
8 0 8 0 0.04143434780531644
9 0 8 1 0.04143434780531644
8 1 9 0 0.04143434780531644
9 1 9 1 0.04143434780531644
8 4 8 0 -0.009088659274946818
9 4 8 1 -0.009088659274946818
8 5 9 0 -0.009088659274946818
9 5 9 1 -0.009088659274946818
8 8 0 0 0.04143434780531644
9 8 0 1 0.04143434780531644
8 9 1 0 0.04143434780531644
9 9 1 1 0.04143434780531644
8 8 4 0 -0.009088659274946818
9 8 4 1 -0.009088659274946818
8 9 5 0 -0.009088659274946818
9 9 5 1 -0.009088659274946818
8 2 8 2 0.00025170612722626146
9 2 8 3 0.00025170612722626146
8 3 9 2 0.00025170612722626146
9 3 9 3 0.00025170612722626146
8 8 2 2 0.00025170612722626146
9 8 2 3 0.00025170612722626146
8 9 3 2 0.00025170612722626146
9 9 3 3 0.00025170612722626146
8 8 10 2 -0.0017229260383035767
9 8 10 3 -0.0017229260383035767
8 9 11 2 -0.0017229260383035767
9 9 11 3 -0.0017229260383035767
8 10 8 2 -0.0017229260383035767
9 10 8 3 -0.0017229260383035767
8 11 9 2 -0.0017229260383035767
9 11 9 3 -0.0017229260383035767
8 0 8 4 -0.009088659274946818
9 0 8 5 -0.009088659274946818
8 1 9 4 -0.009088659274946818
9 1 9 5 -0.009088659274946818
8 4 8 4 0.0019960152789342054
9 4 8 5 0.0019960152789342054
8 5 9 4 0.0019960152789342054
9 5 9 5 0.0019960152789342054
8 8 0 4 -0.009088659274946818
9 8 0 5 -0.009088659274946818
8 9 1 4 -0.009088659274946818
9 9 1 5 -0.009088659274946818
8 8 4 4 0.0019960152789342054
9 8 4 5 0.0019960152789342054
8 9 5 4 0.0019960152789342054
9 9 5 5 0.0019960152789342054
8 6 8 6 0.0121246915
9 6 8 7 0.0121246915
8 7 9 6 0.0121246915
9 7 9 7 0.0121246915
8 8 6 6 0.0121246915
9 8 6 7 0.0121246915
8 9 7 6 0.0121246915
9 9 7 7 0.0121246915
8 0 0 8 0.19886086204850806
9 0 0 9 0.19886086204850806
8 1 1 8 0.19886086204850806
9 1 1 9 0.19886086204850806
8 0 4 8 -0.02780235369511714
9 0 4 9 -0.02780235369511714
8 1 5 8 -0.02780235369511714
9 1 5 9 -0.02780235369511714
8 2 2 8 0.07271058502957792
9 2 2 9 0.07271058502957792
8 3 3 8 0.07271058502957792
9 3 3 9 0.07271058502957792
8 2 10 8 -0.01920189633285434
9 2 10 9 -0.01920189633285434
8 3 11 8 -0.01920189633285434
9 3 11 9 -0.01920189633285434
8 4 0 8 -0.027802353695117132
9 4 0 9 -0.027802353695117132
8 5 1 8 -0.027802353695117132
9 5 1 9 -0.027802353695117132
8 4 4 8 0.07583168247948473
9 4 4 9 0.07583168247948473
8 5 5 8 0.07583168247948473
9 5 5 9 0.07583168247948473
8 6 6 8 0.2006801625
9 6 6 9 0.2006801625
8 7 7 8 0.2006801625
9 7 7 9 0.2006801625
8 8 8 8 0.224929545
9 8 8 9 0.224929545
8 9 9 8 0.224929545
9 9 9 9 0.224929545
8 10 2 8 -0.019201896332854344
9 10 2 9 -0.019201896332854344
8 11 3 8 -0.019201896332854344
9 11 3 9 -0.019201896332854344
8 10 10 8 0.19797006375261947
9 10 10 9 0.19797006375261947
8 11 11 8 0.19797006375261947
9 11 11 9 0.19797006375261947
8 2 8 10 -0.0017229260383035767
9 2 8 11 -0.0017229260383035767
8 3 9 10 -0.0017229260383035767
9 3 9 11 -0.0017229260383035767
8 8 2 10 -0.0017229260383035767
9 8 2 11 -0.0017229260383035767
8 9 3 10 -0.0017229260383035767
9 9 3 11 -0.0017229260383035767
8 8 10 10 0.011895129180493994
9 8 10 11 0.011895129180493994
8 9 11 10 0.011895129180493994
9 9 11 11 0.011895129180493994
8 10 8 10 0.011895129180493994
9 10 8 11 0.011895129180493994
8 11 9 10 0.011895129180493994
9 11 9 11 0.011895129180493994
10 0 2 0 -0.00752600852690876
11 0 2 1 -0.00752600852690876
10 1 3 0 -0.00752600852690876
11 1 3 1 -0.00752600852690876
10 0 10 0 0.0401733119093613
11 0 10 1 0.0401733119093613
10 1 11 0 0.0401733119093613
11 1 11 1 0.0401733119093613
10 2 0 0 -0.007526008526908762
11 2 0 1 -0.007526008526908762
10 3 1 0 -0.007526008526908762
11 3 1 1 -0.007526008526908762
10 2 4 0 -0.005246436191032867
11 2 4 1 -0.005246436191032867
10 3 5 0 -0.005246436191032867
11 3 5 1 -0.005246436191032867
10 4 2 0 -0.005246436191032863
11 4 2 1 -0.005246436191032863
10 5 3 0 -0.005246436191032863
11 5 3 1 -0.005246436191032863
10 4 10 0 -0.009179808369573819
11 4 10 1 -0.009179808369573819
10 5 11 0 -0.009179808369573819
11 5 11 1 -0.009179808369573819
10 10 0 0 0.04017331190936129
11 10 0 1 0.04017331190936129
10 11 1 0 0.04017331190936129
11 11 1 1 0.04017331190936129
10 10 4 0 -0.009179808369573815
11 10 4 1 -0.009179808369573815
10 11 5 0 -0.009179808369573815
11 11 5 1 -0.009179808369573815
10 0 0 2 -0.01791094079858086
11 0 0 3 -0.01791094079858086
10 1 1 2 -0.01791094079858086
11 1 1 3 -0.01791094079858086
10 0 4 2 0.008364397552422003
11 0 4 3 0.008364397552422003
10 1 5 2 0.008364397552422003
11 1 5 3 0.008364397552422003
10 2 2 2 0.02123393510078334
11 2 2 3 0.02123393510078334
10 3 3 2 0.02123393510078334
11 3 3 3 0.02123393510078334
10 2 10 2 0.0069783355130269165
11 2 10 3 0.0069783355130269165
10 3 11 2 0.0069783355130269165
11 3 11 3 0.0069783355130269165
10 4 0 2 0.008364397552422005
11 4 0 3 0.008364397552422005
10 5 1 2 0.008364397552422005
11 5 1 3 0.008364397552422005
10 4 4 2 0.020606358784492938
11 4 4 3 0.020606358784492938
10 5 5 2 0.020606358784492938
11 5 5 3 0.020606358784492938
10 6 6 2 -0.019201896332854344
11 6 6 3 -0.019201896332854344
10 7 7 2 -0.019201896332854344
11 7 7 3 -0.019201896332854344
10 8 8 2 -0.019201896332854344
11 8 8 3 -0.019201896332854344
10 9 9 2 -0.019201896332854344
11 9 9 3 -0.019201896332854344
10 10 2 2 0.006978335513026918
11 10 2 3 0.006978335513026918
10 11 3 2 0.006978335513026918
11 11 3 3 0.006978335513026918
10 10 10 2 -0.02107599659819835
11 10 10 3 -0.02107599659819835
10 11 11 2 -0.02107599659819835
11 11 11 3 -0.02107599659819835
10 0 2 4 0.007598097239485346
11 0 2 5 0.007598097239485346
10 1 3 4 0.007598097239485346
11 1 3 5 0.007598097239485346
10 0 10 4 -0.00917980836957382
11 0 10 5 -0.00917980836957382
10 1 11 4 -0.00917980836957382
11 1 11 5 -0.00917980836957382
10 2 0 4 0.007598097239485348
11 2 0 5 0.007598097239485348
10 3 1 4 0.007598097239485348
11 3 1 5 0.007598097239485348
10 2 4 4 0.029180772273589922
11 2 4 5 0.029180772273589922
10 3 5 4 0.029180772273589922
11 3 5 5 0.029180772273589922
10 4 2 4 0.02918077227358993
11 4 2 5 0.02918077227358993
10 5 3 4 0.02918077227358993
11 5 3 5 0.02918077227358993
10 4 10 4 0.006971447438190401
11 4 10 5 0.006971447438190401
10 5 11 4 0.006971447438190401
11 5 11 5 0.006971447438190401
10 10 0 4 -0.00917980836957382
11 10 0 5 -0.00917980836957382
10 11 1 4 -0.00917980836957382
11 11 1 5 -0.00917980836957382
10 10 4 4 0.0069714474381904
11 10 4 5 0.0069714474381904
10 11 5 4 0.0069714474381904
11 11 5 5 0.0069714474381904
10 2 6 6 -0.0017229260383035767
11 2 6 7 -0.0017229260383035767
10 3 7 6 -0.0017229260383035767
11 3 7 7 -0.0017229260383035767
10 6 2 6 -0.0017229260383035767
11 6 2 7 -0.0017229260383035767
10 7 3 6 -0.0017229260383035767
11 7 3 7 -0.0017229260383035767
10 6 10 6 0.011895129180493994
11 6 10 7 0.011895129180493994
10 7 11 6 0.011895129180493994
11 7 11 7 0.011895129180493994
10 10 6 6 0.011895129180493994
11 10 6 7 0.011895129180493994
10 11 7 6 0.011895129180493994
11 11 7 7 0.011895129180493994
10 2 8 8 -0.0017229260383035767
11 2 8 9 -0.0017229260383035767
10 3 9 8 -0.0017229260383035767
11 3 9 9 -0.0017229260383035767
10 8 2 8 -0.0017229260383035767
11 8 2 9 -0.0017229260383035767
10 9 3 8 -0.0017229260383035767
11 9 3 9 -0.0017229260383035767
10 8 10 8 0.011895129180493994
11 8 10 9 0.011895129180493994
10 9 11 8 0.011895129180493994
11 9 11 9 0.011895129180493994
10 10 8 8 0.011895129180493994
11 10 8 9 0.011895129180493994
10 11 9 8 0.011895129180493994
11 11 9 9 0.011895129180493994
10 0 0 10 0.19664344451363353
11 0 0 11 0.19664344451363353
10 1 1 10 0.19664344451363353
11 1 1 11 0.19664344451363353
10 0 4 10 -0.02526945203677535
11 0 4 11 -0.02526945203677535
10 1 5 10 -0.02526945203677535
11 1 5 11 -0.02526945203677535
10 2 2 10 0.08167020282737672
11 2 2 11 0.08167020282737672
10 3 3 10 0.08167020282737672
11 3 3 11 0.08167020282737672
10 2 10 10 -0.021075996598198348
11 2 10 11 -0.021075996598198348
10 3 11 10 -0.021075996598198348
11 3 11 11 -0.021075996598198348
10 4 0 10 -0.025269452036775344
11 4 0 11 -0.025269452036775344
10 5 1 10 -0.025269452036775344
11 5 1 11 -0.025269452036775344
10 4 4 10 0.08391662327965416
11 4 4 11 0.08391662327965416
10 5 5 10 0.08391662327965416
11 5 5 11 0.08391662327965416
10 6 6 10 0.19797006375261947
11 6 6 11 0.19797006375261947
10 7 7 10 0.19797006375261947
11 7 7 11 0.19797006375261947
10 8 8 10 0.19797006375261947
11 8 8 11 0.19797006375261947
10 9 9 10 0.19797006375261947
11 9 9 11 0.19797006375261947
10 10 2 10 -0.021075996598198362
11 10 2 11 -0.021075996598198362
10 11 3 10 -0.021075996598198362
11 11 3 11 -0.021075996598198362
10 10 10 10 0.21878014244259866
11 10 10 11 0.21878014244259866
10 11 11 10 0.21878014244259866
11 11 11 11 0.21878014244259866
