-12.305790916070542
0 0 -1.2049631207637428
1 1 -1.2049631207637428
0 4 -0.01695270216528716
1 5 -0.01695270216528716
2 2 -1.1773770986175598
3 3 -1.1773770986175598
2 10 0.02593576551940563
3 11 0.02593576551940563
4 0 -0.016952702165287103
5 1 -0.016952702165287103
4 4 -0.9881925308095938
5 5 -0.9881925308095938
6 6 -0.9793073977915956
7 7 -0.9793073977915956
8 8 -0.9793073977915956
9 9 -0.9793073977915956
10 2 0.025935765519405907
11 3 0.025935765519405907
10 10 -0.8707683432999694
11 11 -0.8707683432999694
0 0 0 0 0.16623227822005238
1 0 0 1 0.16623227822005238
0 1 1 0 0.16623227822005238
1 1 1 1 0.16623227822005238
0 0 4 0 0.0015887834891398136
1 0 4 1 0.0015887834891398136
0 1 5 0 0.0015887834891398136
1 1 5 1 0.0015887834891398136
0 2 2 0 0.16795291884566926
1 2 2 1 0.16795291884566926
0 3 3 0 0.16795291884566926
1 3 3 1 0.16795291884566926
0 2 10 0 -0.005559595230398587
1 2 10 1 -0.005559595230398587
0 3 11 0 -0.005559595230398587
1 3 11 1 -0.005559595230398587
0 4 0 0 0.0015887834891398118
1 4 0 1 0.0015887834891398118
0 5 1 0 0.0015887834891398118
1 5 1 1 0.0015887834891398118
0 4 4 0 0.16777781761166646
1 4 4 1 0.16777781761166646
0 5 5 0 0.16777781761166646
1 5 5 1 0.16777781761166646
0 6 6 0 0.1658225312643589
1 6 6 1 0.1658225312643589
0 7 7 0 0.1658225312643589
1 7 7 1 0.1658225312643589
0 8 8 0 0.1658225312643589
1 8 8 1 0.1658225312643589
0 9 9 0 0.1658225312643589
1 9 9 1 0.1658225312643589
0 10 2 0 -0.005559595230398569
1 10 2 1 -0.005559595230398569
0 11 3 0 -0.005559595230398569
1 11 3 1 -0.005559595230398569
0 10 10 0 0.17692723523849205
1 10 10 1 0.17692723523849205
0 11 11 0 0.17692723523849205
1 11 11 1 0.17692723523849205
0 0 2 2 0.07066902069871626
1 0 2 3 0.07066902069871626
0 1 3 2 0.07066902069871626
1 1 3 3 0.07066902069871626
0 0 10 2 0.014844966776529024
1 0 10 3 0.014844966776529024
0 1 11 2 0.014844966776529024
1 1 11 3 0.014844966776529024
0 2 0 2 0.07066902069871626
1 2 0 3 0.07066902069871626
0 3 1 2 0.07066902069871626
1 3 1 3 0.07066902069871626
0 2 4 2 -0.048439387531379
1 2 4 3 -0.048439387531379
0 3 5 2 -0.048439387531379
1 3 5 3 -0.048439387531379
0 4 2 2 -0.048439387531379
1 4 2 3 -0.048439387531379
0 5 3 2 -0.048439387531379
1 5 3 3 -0.048439387531379
0 4 10 2 -0.0643876284717848
1 4 10 3 -0.0643876284717848
0 5 11 2 -0.0643876284717848
1 5 11 3 -0.0643876284717848
0 10 0 2 0.014844966776529026
1 10 0 3 0.014844966776529026
0 11 1 2 0.014844966776529026
1 11 1 3 0.014844966776529026
0 10 4 2 -0.0643876284717848
1 10 4 3 -0.0643876284717848
0 11 5 2 -0.0643876284717848
1 11 5 3 -0.0643876284717848
0 0 0 4 0.0015887834891398118
1 0 0 5 0.0015887834891398118
0 1 1 4 0.0015887834891398118
1 1 1 5 0.0015887834891398118
0 0 4 4 0.04798518953656297
1 0 4 5 0.04798518953656297
0 1 5 4 0.04798518953656297
1 1 5 5 0.04798518953656297
0 2 2 4 -0.02077586509706713
1 2 2 5 -0.02077586509706713
0 3 3 4 -0.02077586509706713
1 3 3 5 -0.02077586509706713
0 2 10 4 -0.0455133601659172
1 2 10 5 -0.0455133601659172
0 3 11 4 -0.0455133601659172
1 3 11 5 -0.0455133601659172
0 4 0 4 0.047985189536562986
1 4 0 5 0.047985189536562986
0 5 1 4 0.047985189536562986
1 5 1 5 0.047985189536562986
0 4 4 4 -0.013081917679238227
1 4 4 5 -0.013081917679238227
0 5 5 4 -0.013081917679238227
1 5 5 5 -0.013081917679238227
0 6 6 4 0.045929655378773915
1 6 6 5 0.045929655378773915
0 7 7 4 0.045929655378773915
1 7 7 5 0.045929655378773915
0 8 8 4 0.045929655378773915
1 8 8 5 0.045929655378773915
0 9 9 4 0.045929655378773915
1 9 9 5 0.045929655378773915
0 10 2 4 -0.045513360165917185
1 10 2 5 -0.045513360165917185
0 11 3 4 -0.045513360165917185
1 11 3 5 -0.045513360165917185
0 10 10 4 0.0043475118519924125
1 10 10 5 0.0043475118519924125
0 11 11 4 0.0043475118519924125
1 11 11 5 0.0043475118519924125
0 0 6 6 0.02394540310667209
1 0 6 7 0.02394540310667209
0 1 7 6 0.02394540310667209
1 1 7 7 0.02394540310667209
0 4 6 6 0.02236720292418392
1 4 6 7 0.02236720292418392
0 5 7 6 0.02236720292418392
1 5 7 7 0.02236720292418392
0 6 0 6 0.02394540310667209
1 6 0 7 0.02394540310667209
0 7 1 6 0.02394540310667209
1 7 1 7 0.02394540310667209
0 6 4 6 0.02236720292418392
1 6 4 7 0.02236720292418392
0 7 5 6 0.02236720292418392
1 7 5 7 0.02236720292418392
0 0 8 8 0.02394540310667209
1 0 8 9 0.02394540310667209
0 1 9 8 0.02394540310667209
1 1 9 9 0.02394540310667209
0 4 8 8 0.02236720292418392
1 4 8 9 0.02236720292418392
0 5 9 8 0.02236720292418392
1 5 9 9 0.02236720292418392
0 8 0 8 0.02394540310667209
1 8 0 9 0.02394540310667209
0 9 1 8 0.02394540310667209
1 9 1 9 0.02394540310667209
0 8 4 8 0.02236720292418392
1 8 4 9 0.02236720292418392
0 9 5 8 0.02236720292418392
1 9 5 9 0.02236720292418392
0 0 2 10 0.01484496677652903
1 0 2 11 0.01484496677652903
0 1 3 10 0.01484496677652903
1 1 3 11 0.01484496677652903
0 0 10 10 0.02925723394999896
1 0 10 11 0.02925723394999896
0 1 11 10 0.02925723394999896
1 1 11 11 0.02925723394999896
0 2 0 10 0.014844966776529033
1 2 0 11 0.014844966776529033
0 3 1 10 0.014844966776529033
1 3 1 11 0.014844966776529033
0 2 4 10 -0.03355275639377061
1 2 4 11 -0.03355275639377061
0 3 5 10 -0.03355275639377061
1 3 5 11 -0.03355275639377061
0 4 2 10 -0.0335527563937706
1 4 2 11 -0.0335527563937706
0 5 3 10 -0.0335527563937706
1 5 3 11 -0.0335527563937706
0 4 10 10 -0.01556840145073748
1 4 10 11 -0.01556840145073748
0 5 11 10 -0.01556840145073748
1 5 11 11 -0.01556840145073748
0 10 0 10 0.02925723394999896
1 10 0 11 0.02925723394999896
0 11 1 10 0.02925723394999896
1 11 1 11 0.02925723394999896
0 10 4 10 -0.015568401450737485
1 10 4 11 -0.015568401450737485
0 11 5 10 -0.015568401450737485
1 11 5 11 -0.015568401450737485
2 0 2 0 0.07066902069871626
3 0 2 1 0.07066902069871626
2 1 3 0 0.07066902069871626
3 1 3 1 0.07066902069871626
2 0 10 0 0.014844966776529023
3 0 10 1 0.014844966776529023
2 1 11 0 0.014844966776529023
3 1 11 1 0.014844966776529023
2 2 0 0 0.07066902069871626
3 2 0 1 0.07066902069871626
2 3 1 0 0.07066902069871626
3 3 1 1 0.07066902069871626
2 2 4 0 -0.048439387531379
3 2 4 1 -0.048439387531379
2 3 5 0 -0.048439387531379
3 3 5 1 -0.048439387531379
2 4 2 0 -0.048439387531379
3 4 2 1 -0.048439387531379
2 5 3 0 -0.048439387531379
3 5 3 1 -0.048439387531379
2 4 10 0 -0.0643876284717848
3 4 10 1 -0.0643876284717848
2 5 11 0 -0.0643876284717848
3 5 11 1 -0.0643876284717848
2 10 0 0 0.014844966776529026
3 10 0 1 0.014844966776529026
2 11 1 0 0.014844966776529026
3 11 1 1 0.014844966776529026
2 10 4 0 -0.0643876284717848
3 10 4 1 -0.0643876284717848
2 11 5 0 -0.0643876284717848
3 11 5 1 -0.0643876284717848
2 0 0 2 0.1679529188456693
3 0 0 3 0.1679529188456693
2 1 1 2 0.1679529188456693
3 1 1 3 0.1679529188456693
2 0 4 2 -0.020775865097067102
3 0 4 3 -0.020775865097067102
2 1 5 2 -0.020775865097067102
3 1 5 3 -0.020775865097067102
2 2 2 2 0.18147218744407076
3 2 2 3 0.18147218744407076
2 3 3 2 0.18147218744407076
3 3 3 3 0.18147218744407076
2 2 10 2 0.012996328408623498
3 2 10 3 0.012996328408623498
2 3 11 2 0.012996328408623498
3 3 11 3 0.012996328408623498
2 4 0 2 -0.020775865097067095
3 4 0 3 -0.020775865097067095
2 5 1 2 -0.020775865097067095
3 5 1 3 -0.020775865097067095
2 4 4 2 0.17496297166789251
3 4 4 3 0.17496297166789251
2 5 5 2 0.17496297166789251
3 5 5 3 0.17496297166789251
2 6 6 2 0.14468802930871671
3 6 6 3 0.14468802930871671
2 7 7 2 0.14468802930871671
3 7 7 3 0.14468802930871671
2 8 8 2 0.14468802930871671
3 8 8 3 0.14468802930871671
2 9 9 2 0.14468802930871671
3 9 9 3 0.14468802930871671
2 10 2 2 0.0129963284086235
3 10 2 3 0.0129963284086235
2 11 3 2 0.0129963284086235
3 11 3 3 0.0129963284086235
2 10 10 2 0.17959849289960217
3 10 10 3 0.17959849289960217
2 11 11 2 0.17959849289960217
3 11 11 3 0.17959849289960217
2 0 2 4 -0.04843938753137899
3 0 2 5 -0.04843938753137899
2 1 3 4 -0.04843938753137899
3 1 3 5 -0.04843938753137899
2 0 10 4 -0.0335527563937706
3 0 10 5 -0.0335527563937706
2 1 11 4 -0.0335527563937706
3 1 11 5 -0.0335527563937706
2 2 0 4 -0.048439387531379
3 2 0 5 -0.048439387531379
2 3 1 4 -0.048439387531379
3 3 1 5 -0.048439387531379
2 2 4 4 0.05413412928409414
3 2 4 5 0.05413412928409414
2 3 5 4 0.05413412928409414
3 3 5 5 0.05413412928409414
2 4 2 4 0.05413412928409413
3 4 2 5 0.05413412928409413
2 5 3 4 0.05413412928409413
3 5 3 5 0.05413412928409413
2 4 10 4 0.04610579145435454
3 4 10 5 0.04610579145435454
2 5 11 4 0.04610579145435454
3 5 11 5 0.04610579145435454
2 10 0 4 -0.0335527563937706
3 10 0 5 -0.0335527563937706
2 11 1 4 -0.0335527563937706
3 11 1 5 -0.0335527563937706
2 10 4 4 0.04610579145435453
3 10 4 5 0.04610579145435453
2 11 5 4 0.04610579145435453
3 11 5 5 0.04610579145435453
2 2 6 6 0.004447246911445362
3 2 6 7 0.004447246911445362
2 3 7 6 0.004447246911445362
3 3 7 7 0.004447246911445362
2 6 2 6 0.004447246911445362
3 6 2 7 0.004447246911445362
2 7 3 6 0.004447246911445362
3 7 3 7 0.004447246911445362
2 6 10 6 -0.00601058532435071
3 6 10 7 -0.00601058532435071
2 7 11 6 -0.00601058532435071
3 7 11 7 -0.00601058532435071
2 10 6 6 -0.00601058532435071
3 10 6 7 -0.00601058532435071
2 11 7 6 -0.00601058532435071
3 11 7 7 -0.00601058532435071
2 2 8 8 0.004447246911445362
3 2 8 9 0.004447246911445362
2 3 9 8 0.004447246911445362
3 3 9 9 0.004447246911445362
2 8 2 8 0.004447246911445362
3 8 2 9 0.004447246911445362
2 9 3 8 0.004447246911445362
3 9 3 9 0.004447246911445362
2 8 10 8 -0.00601058532435071
3 8 10 9 -0.00601058532435071
2 9 11 8 -0.00601058532435071
3 9 11 9 -0.00601058532435071
2 10 8 8 -0.00601058532435071
3 10 8 9 -0.00601058532435071
2 11 9 8 -0.00601058532435071
3 11 9 9 -0.00601058532435071
2 0 0 10 -0.005559595230398562
3 0 0 11 -0.005559595230398562
2 1 1 10 -0.005559595230398562
3 1 1 11 -0.005559595230398562
2 0 4 10 -0.04551336016591719
3 0 4 11 -0.04551336016591719
2 1 5 10 -0.04551336016591719
3 1 5 11 -0.04551336016591719
2 2 2 10 0.012996328408623511
3 2 2 11 0.012996328408623511
2 3 3 10 0.012996328408623511
3 3 3 11 0.012996328408623511
2 2 10 10 0.04834434246402455
3 2 10 11 0.04834434246402455
2 3 11 10 0.04834434246402455
3 3 11 11 0.04834434246402455
2 4 0 10 -0.045513360165917185
3 4 0 11 -0.045513360165917185
2 5 1 10 -0.045513360165917185
3 5 1 11 -0.045513360165917185
2 4 4 10 0.011278352452277353
3 4 4 11 0.011278352452277353
2 5 5 10 0.011278352452277353
3 5 5 11 0.011278352452277353
2 6 6 10 -0.043178040117301045
3 6 6 11 -0.043178040117301045
2 7 7 10 -0.043178040117301045
3 7 7 11 -0.043178040117301045
2 8 8 10 -0.043178040117301045
3 8 8 11 -0.043178040117301045
2 9 9 10 -0.043178040117301045
3 9 9 11 -0.043178040117301045
2 10 2 10 0.04834434246402456
3 10 2 11 0.04834434246402456
2 11 3 10 0.04834434246402456
3 11 3 11 0.04834434246402456
2 10 10 10 -0.012097806899063958
3 10 10 11 -0.012097806899063958
2 11 11 10 -0.012097806899063958
3 11 11 11 -0.012097806899063958
4 0 0 0 0.0015887834891398084
5 0 0 1 0.0015887834891398084
4 1 1 0 0.0015887834891398084
5 1 1 1 0.0015887834891398084
4 0 4 0 0.04798518953656299
5 0 4 1 0.04798518953656299
4 1 5 0 0.04798518953656299
5 1 5 1 0.04798518953656299
4 2 2 0 -0.020775865097067123
5 2 2 1 -0.020775865097067123
4 3 3 0 -0.020775865097067123
5 3 3 1 -0.020775865097067123
4 2 10 0 -0.04551336016591719
5 2 10 1 -0.04551336016591719
4 3 11 0 -0.04551336016591719
5 3 11 1 -0.04551336016591719
4 4 0 0 0.047985189536562986
5 4 0 1 0.047985189536562986
4 5 1 0 0.047985189536562986
5 5 1 1 0.047985189536562986
4 4 4 0 -0.01308191767923824
5 4 4 1 -0.01308191767923824
4 5 5 0 -0.01308191767923824
5 5 5 1 -0.01308191767923824
4 6 6 0 0.0459296553787739
5 6 6 1 0.0459296553787739
4 7 7 0 0.0459296553787739
5 7 7 1 0.0459296553787739
4 8 8 0 0.0459296553787739
5 8 8 1 0.0459296553787739
4 9 9 0 0.0459296553787739
5 9 9 1 0.0459296553787739
4 10 2 0 -0.045513360165917185
5 10 2 1 -0.045513360165917185
4 11 3 0 -0.045513360165917185
5 11 3 1 -0.045513360165917185
4 10 10 0 0.00434751185199244
5 10 10 1 0.00434751185199244
4 11 11 0 0.00434751185199244
5 11 11 1 0.00434751185199244
4 0 2 2 -0.048439387531379
5 0 2 3 -0.048439387531379
4 1 3 2 -0.048439387531379
5 1 3 3 -0.048439387531379
4 0 10 2 -0.0335527563937706
5 0 10 3 -0.0335527563937706
4 1 11 2 -0.0335527563937706
5 1 11 3 -0.0335527563937706
4 2 0 2 -0.048439387531379
5 2 0 3 -0.048439387531379
4 3 1 2 -0.048439387531379
5 3 1 3 -0.048439387531379
4 2 4 2 0.05413412928409413
5 2 4 3 0.05413412928409413
4 3 5 2 0.05413412928409413
5 3 5 3 0.05413412928409413
4 4 2 2 0.054134129284094126
5 4 2 3 0.054134129284094126
4 5 3 2 0.054134129284094126
5 5 3 3 0.054134129284094126
4 4 10 2 0.04610579145435455
5 4 10 3 0.04610579145435455
4 5 11 2 0.04610579145435455
5 5 11 3 0.04610579145435455
4 10 0 2 -0.0335527563937706
5 10 0 3 -0.0335527563937706
4 11 1 2 -0.0335527563937706
5 11 1 3 -0.0335527563937706
4 10 4 2 0.04610579145435455
5 10 4 3 0.04610579145435455
4 11 5 2 0.04610579145435455
5 11 5 3 0.04610579145435455
4 0 0 4 0.16777781761166644
5 0 0 5 0.16777781761166644
4 1 1 4 0.16777781761166644
5 1 1 5 0.16777781761166644
4 0 4 4 -0.013081917679238202
5 0 4 5 -0.013081917679238202
4 1 5 4 -0.013081917679238202
5 1 5 5 -0.013081917679238202
4 2 2 4 0.17496297166789251
5 2 2 5 0.17496297166789251
4 3 3 4 0.17496297166789251
5 3 3 5 0.17496297166789251
4 2 10 4 0.011278352452277332
5 2 10 5 0.011278352452277332
4 3 11 4 0.011278352452277332
5 3 11 5 0.011278352452277332
4 4 0 4 -0.013081917679238185
5 4 0 5 -0.013081917679238185
4 5 1 4 -0.013081917679238185
5 5 1 5 -0.013081917679238185
4 4 4 4 0.17761596074148941
5 4 4 5 0.17761596074148941
4 5 5 4 0.17761596074148941
5 5 5 5 0.17761596074148941
4 6 6 4 0.15736461416722441
5 6 6 5 0.15736461416722441
4 7 7 4 0.15736461416722441
5 7 7 5 0.15736461416722441
4 8 8 4 0.15736461416722441
5 8 8 5 0.15736461416722441
4 9 9 4 0.15736461416722441
5 9 9 5 0.15736461416722441
4 10 2 4 0.01127835245227736
5 10 2 5 0.01127835245227736
4 11 3 4 0.01127835245227736
5 11 3 5 0.01127835245227736
4 10 10 4 0.17945308477795077
5 10 10 5 0.17945308477795077
4 11 11 4 0.17945308477795077
5 11 11 5 0.17945308477795077
4 0 6 6 0.022367202924183913
5 0 6 7 0.022367202924183913
4 1 7 6 0.022367202924183913
5 1 7 7 0.022367202924183913
4 4 6 6 0.021413335323441005
5 4 6 7 0.021413335323441005
4 5 7 6 0.021413335323441005
5 5 7 7 0.021413335323441005
4 6 0 6 0.022367202924183913
5 6 0 7 0.022367202924183913
4 7 1 6 0.022367202924183913
5 7 1 7 0.022367202924183913
4 6 4 6 0.021413335323441005
5 6 4 7 0.021413335323441005
4 7 5 6 0.021413335323441005
5 7 5 7 0.021413335323441005
4 0 8 8 0.022367202924183913
5 0 8 9 0.022367202924183913
4 1 9 8 0.022367202924183913
5 1 9 9 0.022367202924183913
4 4 8 8 0.021413335323441005
5 4 8 9 0.021413335323441005
4 5 9 8 0.021413335323441005
5 5 9 9 0.021413335323441005
4 8 0 8 0.022367202924183913
5 8 0 9 0.022367202924183913
4 9 1 8 0.022367202924183913
5 9 1 9 0.022367202924183913
4 8 4 8 0.021413335323441005
5 8 4 9 0.021413335323441005
4 9 5 8 0.021413335323441005
5 9 5 9 0.021413335323441005
4 0 2 10 -0.06438762847178478
5 0 2 11 -0.06438762847178478
4 1 3 10 -0.06438762847178478
5 1 3 11 -0.06438762847178478
4 0 10 10 -0.01556840145073748
5 0 10 11 -0.01556840145073748
4 1 11 10 -0.01556840145073748
5 1 11 11 -0.01556840145073748
4 2 0 10 -0.06438762847178478
5 2 0 11 -0.06438762847178478
4 3 1 10 -0.06438762847178478
5 3 1 11 -0.06438762847178478
4 2 4 10 0.04610579145435455
5 2 4 11 0.04610579145435455
4 3 5 10 0.04610579145435455
5 3 5 11 0.04610579145435455
4 4 2 10 0.04610579145435455
5 4 2 11 0.04610579145435455
4 5 3 10 0.04610579145435455
5 5 3 11 0.04610579145435455
4 4 10 10 0.06243762574214855
5 4 10 11 0.06243762574214855
4 5 11 10 0.06243762574214855
5 5 11 11 0.06243762574214855
4 10 0 10 -0.015568401450737488
5 10 0 11 -0.015568401450737488
4 11 1 10 -0.015568401450737488
5 11 1 11 -0.015568401450737488
4 10 4 10 0.062437625742148534
5 10 4 11 0.062437625742148534
4 11 5 10 0.062437625742148534
5 11 5 11 0.062437625742148534
6 0 6 0 0.02394540310667209
7 0 6 1 0.02394540310667209
6 1 7 0 0.02394540310667209
7 1 7 1 0.02394540310667209
6 4 6 0 0.02236720292418392
7 4 6 1 0.02236720292418392
6 5 7 0 0.02236720292418392
7 5 7 1 0.02236720292418392
6 6 0 0 0.02394540310667209
7 6 0 1 0.02394540310667209
6 7 1 0 0.02394540310667209
7 7 1 1 0.02394540310667209
6 6 4 0 0.02236720292418392
7 6 4 1 0.02236720292418392
6 7 5 0 0.02236720292418392
7 7 5 1 0.02236720292418392
6 2 6 2 0.004447246911445362
7 2 6 3 0.004447246911445362
6 3 7 2 0.004447246911445362
7 3 7 3 0.004447246911445362
6 6 2 2 0.004447246911445362
7 6 2 3 0.004447246911445362
6 7 3 2 0.004447246911445362
7 7 3 3 0.004447246911445362
6 6 10 2 -0.00601058532435071
7 6 10 3 -0.00601058532435071
6 7 11 2 -0.00601058532435071
7 7 11 3 -0.00601058532435071
6 10 6 2 -0.00601058532435071
7 10 6 3 -0.00601058532435071
6 11 7 2 -0.00601058532435071
7 11 7 3 -0.00601058532435071
6 0 6 4 0.022367202924183913
7 0 6 5 0.022367202924183913
6 1 7 4 0.022367202924183913
7 1 7 5 0.022367202924183913
6 4 6 4 0.021413335323441005
7 4 6 5 0.021413335323441005
6 5 7 4 0.021413335323441005
7 5 7 5 0.021413335323441005
6 6 0 4 0.022367202924183913
7 6 0 5 0.022367202924183913
6 7 1 4 0.022367202924183913
7 7 1 5 0.022367202924183913
6 6 4 4 0.021413335323441005
7 6 4 5 0.021413335323441005
6 7 5 4 0.021413335323441005
7 7 5 5 0.021413335323441005
6 0 0 6 0.1658225312643589
7 0 0 7 0.1658225312643589
6 1 1 6 0.1658225312643589
7 1 1 7 0.1658225312643589
6 0 4 6 0.045929655378773915
7 0 4 7 0.045929655378773915
6 1 5 6 0.045929655378773915
7 1 5 7 0.045929655378773915
6 2 2 6 0.14468802930871671
7 2 2 7 0.14468802930871671
6 3 3 6 0.14468802930871671
7 3 3 7 0.14468802930871671
6 2 10 6 -0.043178040117301045
7 2 10 7 -0.043178040117301045
6 3 11 6 -0.043178040117301045
7 3 11 7 -0.043178040117301045
6 4 0 6 0.0459296553787739
7 4 0 7 0.0459296553787739
6 5 1 6 0.0459296553787739
7 5 1 7 0.0459296553787739
6 4 4 6 0.15736461416722441
7 4 4 7 0.15736461416722441
6 5 5 6 0.15736461416722441
7 5 5 7 0.15736461416722441
6 6 6 6 0.224929545
7 6 6 7 0.224929545
6 7 7 6 0.224929545
7 7 7 7 0.224929545
6 8 8 6 0.2006801625
7 8 8 7 0.2006801625
6 9 9 6 0.2006801625
7 9 9 7 0.2006801625
6 10 2 6 -0.04317804011730103
7 10 2 7 -0.04317804011730103
6 11 3 6 -0.04317804011730103
7 11 3 7 -0.04317804011730103
6 10 10 6 0.1775730610879975
7 10 10 7 0.1775730610879975
6 11 11 6 0.1775730610879975
7 11 11 7 0.1775730610879975
6 6 8 8 0.0121246915
7 6 8 9 0.0121246915
6 7 9 8 0.0121246915
7 7 9 9 0.0121246915
6 8 6 8 0.0121246915
7 8 6 9 0.0121246915
6 9 7 8 0.0121246915
7 9 7 9 0.0121246915
6 2 6 10 -0.006010585324350711
7 2 6 11 -0.006010585324350711
6 3 7 10 -0.006010585324350711
7 3 7 11 -0.006010585324350711
6 6 2 10 -0.006010585324350711
7 6 2 11 -0.006010585324350711
6 7 3 10 -0.006010585324350711
7 7 3 11 -0.006010585324350711
6 6 10 10 0.008740341344410714
7 6 10 11 0.008740341344410714
6 7 11 10 0.008740341344410714
7 7 11 11 0.008740341344410714
6 10 6 10 0.008740341344410714
7 10 6 11 0.008740341344410714
6 11 7 10 0.008740341344410714
7 11 7 11 0.008740341344410714
8 0 8 0 0.02394540310667209
9 0 8 1 0.02394540310667209
8 1 9 0 0.02394540310667209
9 1 9 1 0.02394540310667209
8 4 8 0 0.02236720292418392
9 4 8 1 0.02236720292418392
8 5 9 0 0.02236720292418392
9 5 9 1 0.02236720292418392
8 8 0 0 0.02394540310667209
9 8 0 1 0.02394540310667209
8 9 1 0 0.02394540310667209
9 9 1 1 0.02394540310667209
8 8 4 0 0.02236720292418392
9 8 4 1 0.02236720292418392
8 9 5 0 0.02236720292418392
9 9 5 1 0.02236720292418392
8 2 8 2 0.004447246911445362
9 2 8 3 0.004447246911445362
8 3 9 2 0.004447246911445362
9 3 9 3 0.004447246911445362
8 8 2 2 0.004447246911445362
9 8 2 3 0.004447246911445362
8 9 3 2 0.004447246911445362
9 9 3 3 0.004447246911445362
8 8 10 2 -0.00601058532435071
9 8 10 3 -0.00601058532435071
8 9 11 2 -0.00601058532435071
9 9 11 3 -0.00601058532435071
8 10 8 2 -0.00601058532435071
9 10 8 3 -0.00601058532435071
8 11 9 2 -0.00601058532435071
9 11 9 3 -0.00601058532435071
8 0 8 4 0.022367202924183913
9 0 8 5 0.022367202924183913
8 1 9 4 0.022367202924183913
9 1 9 5 0.022367202924183913
8 4 8 4 0.021413335323441005
9 4 8 5 0.021413335323441005
8 5 9 4 0.021413335323441005
9 5 9 5 0.021413335323441005
8 8 0 4 0.022367202924183913
9 8 0 5 0.022367202924183913
8 9 1 4 0.022367202924183913
9 9 1 5 0.022367202924183913
8 8 4 4 0.021413335323441005
9 8 4 5 0.021413335323441005
8 9 5 4 0.021413335323441005
9 9 5 5 0.021413335323441005
8 6 8 6 0.0121246915
9 6 8 7 0.0121246915
8 7 9 6 0.0121246915
9 7 9 7 0.0121246915
8 8 6 6 0.0121246915
9 8 6 7 0.0121246915
8 9 7 6 0.0121246915
9 9 7 7 0.0121246915
8 0 0 8 0.1658225312643589
9 0 0 9 0.1658225312643589
8 1 1 8 0.1658225312643589
9 1 1 9 0.1658225312643589
8 0 4 8 0.045929655378773915
9 0 4 9 0.045929655378773915
8 1 5 8 0.045929655378773915
9 1 5 9 0.045929655378773915
8 2 2 8 0.14468802930871671
9 2 2 9 0.14468802930871671
8 3 3 8 0.14468802930871671
9 3 3 9 0.14468802930871671
8 2 10 8 -0.043178040117301045
9 2 10 9 -0.043178040117301045
8 3 11 8 -0.043178040117301045
9 3 11 9 -0.043178040117301045
8 4 0 8 0.0459296553787739
9 4 0 9 0.0459296553787739
8 5 1 8 0.0459296553787739
9 5 1 9 0.0459296553787739
8 4 4 8 0.15736461416722441
9 4 4 9 0.15736461416722441
8 5 5 8 0.15736461416722441
9 5 5 9 0.15736461416722441
8 6 6 8 0.2006801625
9 6 6 9 0.2006801625
8 7 7 8 0.2006801625
9 7 7 9 0.2006801625
8 8 8 8 0.224929545
9 8 8 9 0.224929545
8 9 9 8 0.224929545
9 9 9 9 0.224929545
8 10 2 8 -0.04317804011730103
9 10 2 9 -0.04317804011730103
8 11 3 8 -0.04317804011730103
9 11 3 9 -0.04317804011730103
8 10 10 8 0.1775730610879975
9 10 10 9 0.1775730610879975
8 11 11 8 0.1775730610879975
9 11 11 9 0.1775730610879975
8 2 8 10 -0.006010585324350711
9 2 8 11 -0.006010585324350711
8 3 9 10 -0.006010585324350711
9 3 9 11 -0.006010585324350711
8 8 2 10 -0.006010585324350711
9 8 2 11 -0.006010585324350711
8 9 3 10 -0.006010585324350711
9 9 3 11 -0.006010585324350711
8 8 10 10 0.008740341344410714
9 8 10 11 0.008740341344410714
8 9 11 10 0.008740341344410714
9 9 11 11 0.008740341344410714
8 10 8 10 0.008740341344410714
9 10 8 11 0.008740341344410714
8 11 9 10 0.008740341344410714
9 11 9 11 0.008740341344410714
10 0 2 0 0.01484496677652903
11 0 2 1 0.01484496677652903
10 1 3 0 0.01484496677652903
11 1 3 1 0.01484496677652903
10 0 10 0 0.029257233949998962
11 0 10 1 0.029257233949998962
10 1 11 0 0.029257233949998962
11 1 11 1 0.029257233949998962
10 2 0 0 0.014844966776529037
11 2 0 1 0.014844966776529037
10 3 1 0 0.014844966776529037
11 3 1 1 0.014844966776529037
10 2 4 0 -0.03355275639377061
11 2 4 1 -0.03355275639377061
10 3 5 0 -0.03355275639377061
11 3 5 1 -0.03355275639377061
10 4 2 0 -0.0335527563937706
11 4 2 1 -0.0335527563937706
10 5 3 0 -0.0335527563937706
11 5 3 1 -0.0335527563937706
10 4 10 0 -0.015568401450737478
11 4 10 1 -0.015568401450737478
10 5 11 0 -0.015568401450737478
11 5 11 1 -0.015568401450737478
10 10 0 0 0.029257233949998955
11 10 0 1 0.029257233949998955
10 11 1 0 0.029257233949998955
11 11 1 1 0.029257233949998955
10 10 4 0 -0.015568401450737492
11 10 4 1 -0.015568401450737492
10 11 5 0 -0.015568401450737492
11 11 5 1 -0.015568401450737492
10 0 0 2 -0.005559595230398541
11 0 0 3 -0.005559595230398541
10 1 1 2 -0.005559595230398541
11 1 1 3 -0.005559595230398541
10 0 4 2 -0.045513360165917185
11 0 4 3 -0.045513360165917185
10 1 5 2 -0.045513360165917185
11 1 5 3 -0.045513360165917185
10 2 2 2 0.01299632840862347
11 2 2 3 0.01299632840862347
10 3 3 2 0.01299632840862347
11 3 3 3 0.01299632840862347
10 2 10 2 0.04834434246402455
11 2 10 3 0.04834434246402455
10 3 11 2 0.04834434246402455
11 3 11 3 0.04834434246402455
10 4 0 2 -0.045513360165917185
11 4 0 3 -0.045513360165917185
10 5 1 2 -0.045513360165917185
11 5 1 3 -0.045513360165917185
10 4 4 2 0.01127835245227736
11 4 4 3 0.01127835245227736
10 5 5 2 0.01127835245227736
11 5 5 3 0.01127835245227736
10 6 6 2 -0.04317804011730103
11 6 6 3 -0.04317804011730103
10 7 7 2 -0.04317804011730103
11 7 7 3 -0.04317804011730103
10 8 8 2 -0.04317804011730103
11 8 8 3 -0.04317804011730103
10 9 9 2 -0.04317804011730103
11 9 9 3 -0.04317804011730103
10 10 2 2 0.04834434246402457
11 10 2 3 0.04834434246402457
10 11 3 2 0.04834434246402457
11 11 3 3 0.04834434246402457
10 10 10 2 -0.012097806899063951
11 10 10 3 -0.012097806899063951
10 11 11 2 -0.012097806899063951
11 11 11 3 -0.012097806899063951
10 0 2 4 -0.06438762847178478
11 0 2 5 -0.06438762847178478
10 1 3 4 -0.06438762847178478
11 1 3 5 -0.06438762847178478
10 0 10 4 -0.015568401450737483
11 0 10 5 -0.015568401450737483
10 1 11 4 -0.015568401450737483
11 1 11 5 -0.015568401450737483
10 2 0 4 -0.06438762847178478
11 2 0 5 -0.06438762847178478
10 3 1 4 -0.06438762847178478
11 3 1 5 -0.06438762847178478
10 2 4 4 0.04610579145435455
11 2 4 5 0.04610579145435455
10 3 5 4 0.04610579145435455
11 3 5 5 0.04610579145435455
10 4 2 4 0.04610579145435455
11 4 2 5 0.04610579145435455
10 5 3 4 0.04610579145435455
11 5 3 5 0.04610579145435455
10 4 10 4 0.062437625742148534
11 4 10 5 0.062437625742148534
10 5 11 4 0.062437625742148534
11 5 11 5 0.062437625742148534
10 10 0 4 -0.015568401450737492
11 10 0 5 -0.015568401450737492
10 11 1 4 -0.015568401450737492
11 11 1 5 -0.015568401450737492
10 10 4 4 0.062437625742148534
11 10 4 5 0.062437625742148534
10 11 5 4 0.062437625742148534
11 11 5 5 0.062437625742148534
10 2 6 6 -0.006010585324350711
11 2 6 7 -0.006010585324350711
10 3 7 6 -0.006010585324350711
11 3 7 7 -0.006010585324350711
10 6 2 6 -0.006010585324350711
11 6 2 7 -0.006010585324350711
10 7 3 6 -0.006010585324350711
11 7 3 7 -0.006010585324350711
10 6 10 6 0.008740341344410714
11 6 10 7 0.008740341344410714
10 7 11 6 0.008740341344410714
11 7 11 7 0.008740341344410714
10 10 6 6 0.008740341344410714
11 10 6 7 0.008740341344410714
10 11 7 6 0.008740341344410714
11 11 7 7 0.008740341344410714
10 2 8 8 -0.006010585324350711
11 2 8 9 -0.006010585324350711
10 3 9 8 -0.006010585324350711
11 3 9 9 -0.006010585324350711
10 8 2 8 -0.006010585324350711
11 8 2 9 -0.006010585324350711
10 9 3 8 -0.006010585324350711
11 9 3 9 -0.006010585324350711
10 8 10 8 0.008740341344410714
11 8 10 9 0.008740341344410714
10 9 11 8 0.008740341344410714
11 9 11 9 0.008740341344410714
10 10 8 8 0.008740341344410714
11 10 8 9 0.008740341344410714
10 11 9 8 0.008740341344410714
11 11 9 9 0.008740341344410714
10 0 0 10 0.17692723523849205
11 0 0 11 0.17692723523849205
10 1 1 10 0.17692723523849205
11 1 1 11 0.17692723523849205
10 0 4 10 0.004347511851992416
11 0 4 11 0.004347511851992416
10 1 5 10 0.004347511851992416
11 1 5 11 0.004347511851992416
10 2 2 10 0.17959849289960222
11 2 2 11 0.17959849289960222
10 3 3 10 0.17959849289960222
11 3 3 11 0.17959849289960222
10 2 10 10 -0.012097806899063934
11 2 10 11 -0.012097806899063934
10 3 11 10 -0.012097806899063934
11 3 11 11 -0.012097806899063934
10 4 0 10 0.004347511851992399
11 4 0 11 0.004347511851992399
10 5 1 10 0.004347511851992399
11 5 1 11 0.004347511851992399
10 4 4 10 0.1794530847779508
11 4 4 11 0.1794530847779508
10 5 5 10 0.1794530847779508
11 5 5 11 0.1794530847779508
10 6 6 10 0.1775730610879975
11 6 6 11 0.1775730610879975
10 7 7 10 0.1775730610879975
11 7 7 11 0.1775730610879975
10 8 8 10 0.1775730610879975
11 8 8 11 0.1775730610879975
10 9 9 10 0.1775730610879975
11 9 9 11 0.1775730610879975
10 10 2 10 -0.012097806899063937
11 10 2 11 -0.012097806899063937
10 11 3 10 -0.012097806899063937
11 11 3 11 -0.012097806899063937
10 10 10 10 0.1983752501240313
11 10 10 11 0.1983752501240313
10 11 11 10 0.1983752501240313
11 11 11 11 0.1983752501240313
