-11.454786648831064
0 0 -1.582303062914487
1 1 -1.582303062914487
0 8 0.042751734322054785
1 9 0.042751734322054785
2 2 -1.5871506074314348
3 3 -1.5871506074314348
2 10 0.0025280420166884643
3 11 0.0025280420166884643
4 4 -1.2213054120783202
5 5 -1.2213054120783202
6 6 -1.2213054120783202
7 7 -1.2213054120783202
8 0 0.04275173432205395
9 1 0.04275173432205395
8 8 -0.9771631776393371
9 9 -0.9771631776393371
10 2 0.0025280420166880757
11 3 0.0025280420166880757
10 10 -0.5513617607679653
11 11 -0.5513617607679653
0 0 0 0 0.2069460135752476
1 0 0 1 0.2069460135752476
0 1 1 0 0.2069460135752476
1 1 1 1 0.2069460135752476
0 0 8 0 -0.01599990831191375
1 0 8 1 -0.01599990831191375
0 1 9 0 -0.01599990831191375
1 1 9 1 -0.01599990831191375
0 2 2 0 0.21367398077263744
1 2 2 1 0.21367398077263744
0 3 3 0 0.21367398077263744
1 3 3 1 0.21367398077263744
0 2 10 0 -0.00599926612487565
1 2 10 1 -0.00599926612487565
0 3 11 0 -0.00599926612487565
1 3 11 1 -0.00599926612487565
0 4 4 0 0.18968012160873143
1 4 4 1 0.18968012160873143
0 5 5 0 0.18968012160873143
1 5 5 1 0.18968012160873143
0 6 6 0 0.18968012160873143
1 6 6 1 0.18968012160873143
0 7 7 0 0.18968012160873143
1 7 7 1 0.18968012160873143
0 8 0 0 -0.015999908311913728
1 8 0 1 -0.015999908311913728
0 9 1 0 -0.015999908311913728
1 9 1 1 -0.015999908311913728
0 8 8 0 0.20456522096913246
1 8 8 1 0.20456522096913246
0 9 9 0 0.20456522096913246
1 9 9 1 0.20456522096913246
0 10 2 0 -0.005999266124875659
1 10 2 1 -0.005999266124875659
0 11 3 0 -0.005999266124875659
1 11 3 1 -0.005999266124875659
0 10 10 0 0.22273162229314653
1 10 10 1 0.22273162229314653
0 11 11 0 0.22273162229314653
1 11 11 1 0.22273162229314653
0 0 2 2 0.08333256281274587
1 0 2 3 0.08333256281274587
0 1 3 2 0.08333256281274587
1 1 3 3 0.08333256281274587
0 0 10 2 -0.02407884199834638
1 0 10 3 -0.02407884199834638
0 1 11 2 -0.02407884199834638
1 1 11 3 -0.02407884199834638
0 2 0 2 0.08333256281274587
1 2 0 3 0.08333256281274587
0 3 1 2 0.08333256281274587
1 3 1 3 0.08333256281274587
0 2 8 2 -0.04882410727675813
1 2 8 3 -0.04882410727675813
0 3 9 2 -0.04882410727675813
1 3 9 3 -0.04882410727675813
0 8 2 2 -0.04882410727675815
1 8 2 3 -0.04882410727675815
0 9 3 2 -0.04882410727675815
1 9 3 3 -0.04882410727675815
0 8 10 2 0.07212088090929687
1 8 10 3 0.07212088090929687
0 9 11 2 0.07212088090929687
1 9 11 3 0.07212088090929687
0 10 0 2 -0.02407884199834639
1 10 0 3 -0.02407884199834639
0 11 1 2 -0.02407884199834639
1 11 1 3 -0.02407884199834639
0 10 8 2 0.07212088090929689
1 10 8 3 0.07212088090929689
0 11 9 2 0.07212088090929689
1 11 9 3 0.07212088090929689
0 0 4 4 0.025600188114195233
1 0 4 5 0.025600188114195233
0 1 5 4 0.025600188114195233
1 1 5 5 0.025600188114195233
0 4 0 4 0.025600188114195233
1 4 0 5 0.025600188114195233
0 5 1 4 0.025600188114195233
1 5 1 5 0.025600188114195233
0 4 8 4 0.023863007098246264
1 4 8 5 0.023863007098246264
0 5 9 4 0.023863007098246264
1 5 9 5 0.023863007098246264
0 8 4 4 0.023863007098246264
1 8 4 5 0.023863007098246264
0 9 5 4 0.023863007098246264
1 9 5 5 0.023863007098246264
0 0 6 6 0.025600188114195233
1 0 6 7 0.025600188114195233
0 1 7 6 0.025600188114195233
1 1 7 7 0.025600188114195233
0 6 0 6 0.025600188114195233
1 6 0 7 0.025600188114195233
0 7 1 6 0.025600188114195233
1 7 1 7 0.025600188114195233
0 6 8 6 0.023863007098246264
1 6 8 7 0.023863007098246264
0 7 9 6 0.023863007098246264
1 7 9 7 0.023863007098246264
0 8 6 6 0.023863007098246264
1 8 6 7 0.023863007098246264
0 9 7 6 0.023863007098246264
1 9 7 7 0.023863007098246264
0 0 0 8 -0.015999908311913766
1 0 0 9 -0.015999908311913766
0 1 1 8 -0.015999908311913766
1 1 1 9 -0.015999908311913766
0 0 8 8 0.03748836624635306
1 0 8 9 0.03748836624635306
0 1 9 8 0.03748836624635306
1 1 9 9 0.03748836624635306
0 2 2 8 -0.02709996895600156
1 2 2 9 -0.02709996895600156
0 3 3 8 -0.02709996895600156
1 3 3 9 -0.02709996895600156
0 2 10 8 0.034976688556457795
1 2 10 9 0.034976688556457795
0 3 11 8 0.034976688556457795
1 3 11 9 0.034976688556457795
0 4 4 8 0.020889872094132338
1 4 4 9 0.020889872094132338
0 5 5 8 0.020889872094132338
1 5 5 9 0.020889872094132338
0 6 6 8 0.020889872094132338
1 6 6 9 0.020889872094132338
0 7 7 8 0.020889872094132338
1 7 7 9 0.020889872094132338
0 8 0 8 0.037488366246353114
1 8 0 9 0.037488366246353114
0 9 1 8 0.037488366246353114
1 9 1 9 0.037488366246353114
0 8 8 8 -0.020652824041847522
1 8 8 9 -0.020652824041847522
0 9 9 8 -0.020652824041847522
1 9 9 9 -0.020652824041847522
0 10 2 8 0.03497668855645778
1 10 2 9 0.03497668855645778
0 11 3 8 0.03497668855645778
1 11 3 9 0.03497668855645778
0 10 10 8 -0.02507755892711265
1 10 10 9 -0.02507755892711265
0 11 11 8 -0.02507755892711265
1 11 11 9 -0.02507755892711265
0 0 2 10 -0.024078841998346378
1 0 2 11 -0.024078841998346378
0 1 3 10 -0.024078841998346378
1 1 3 11 -0.024078841998346378
0 0 10 10 0.0282686256555126
1 0 10 11 0.0282686256555126
0 1 11 10 0.0282686256555126
1 1 11 11 0.0282686256555126
0 2 0 10 -0.02407884199834638
1 2 0 11 -0.02407884199834638
0 3 1 10 -0.02407884199834638
1 3 1 11 -0.02407884199834638
0 2 8 10 0.030581119013366416
1 2 8 11 0.030581119013366416
0 3 9 10 0.030581119013366416
1 3 9 11 0.030581119013366416
0 8 2 10 0.030581119013366416
1 8 2 11 0.030581119013366416
0 9 3 10 0.030581119013366416
1 9 3 11 0.030581119013366416
0 8 10 10 -0.03067516183718179
1 8 10 11 -0.03067516183718179
0 9 11 10 -0.03067516183718179
1 9 11 11 -0.03067516183718179
0 10 0 10 0.028268625655512573
1 10 0 11 0.028268625655512573
0 11 1 10 0.028268625655512573
1 11 1 11 0.028268625655512573
0 10 8 10 -0.03067516183718185
1 10 8 11 -0.03067516183718185
0 11 9 10 -0.03067516183718185
1 11 9 11 -0.03067516183718185
2 0 2 0 0.08333256281274587
3 0 2 1 0.08333256281274587
2 1 3 0 0.08333256281274587
3 1 3 1 0.08333256281274587
2 0 10 0 -0.02407884199834638
3 0 10 1 -0.02407884199834638
2 1 11 0 -0.02407884199834638
3 1 11 1 -0.02407884199834638
2 2 0 0 0.08333256281274587
3 2 0 1 0.08333256281274587
2 3 1 0 0.08333256281274587
3 3 1 1 0.08333256281274587
2 2 8 0 -0.048824107276758136
3 2 8 1 -0.048824107276758136
2 3 9 0 -0.048824107276758136
3 3 9 1 -0.048824107276758136
2 8 2 0 -0.04882410727675814
3 8 2 1 -0.04882410727675814
2 9 3 0 -0.04882410727675814
3 9 3 1 -0.04882410727675814
2 8 10 0 0.07212088090929687
3 8 10 1 0.07212088090929687
2 9 11 0 0.07212088090929687
3 9 11 1 0.07212088090929687
2 10 0 0 -0.02407884199834639
3 10 0 1 -0.02407884199834639
2 11 1 0 -0.02407884199834639
3 11 1 1 -0.02407884199834639
2 10 8 0 0.07212088090929689
3 10 8 1 0.07212088090929689
2 11 9 0 0.07212088090929689
3 11 9 1 0.07212088090929689
2 0 0 2 0.2136739807726374
3 0 0 3 0.2136739807726374
2 1 1 2 0.2136739807726374
3 1 1 3 0.2136739807726374
2 0 8 2 -0.027099968956001495
3 0 8 3 -0.027099968956001495
2 1 9 2 -0.027099968956001495
3 1 9 3 -0.027099968956001495
2 2 2 2 0.22507711521053975
3 2 2 3 0.22507711521053975
2 3 3 2 0.22507711521053975
3 3 3 3 0.22507711521053975
2 2 10 2 -0.013344201665269294
3 2 10 3 -0.013344201665269294
2 3 11 2 -0.013344201665269294
3 3 11 3 -0.013344201665269294
2 4 4 2 0.18429527501761786
3 4 4 3 0.18429527501761786
2 5 5 2 0.18429527501761786
3 5 5 3 0.18429527501761786
2 6 6 2 0.18429527501761786
3 6 6 3 0.18429527501761786
2 7 7 2 0.18429527501761786
3 7 7 3 0.18429527501761786
2 8 0 2 -0.02709996895600151
3 8 0 3 -0.02709996895600151
2 9 1 2 -0.02709996895600151
3 9 1 3 -0.02709996895600151
2 8 8 2 0.21000668264198938
3 8 8 3 0.21000668264198938
2 9 9 2 0.21000668264198938
3 9 9 3 0.21000668264198938
2 10 2 2 -0.013344201665269307
3 10 2 3 -0.013344201665269307
2 11 3 2 -0.013344201665269307
3 11 3 3 -0.013344201665269307
2 10 10 2 0.23259003530643976
3 10 10 3 0.23259003530643976
2 11 11 2 0.23259003530643976
3 11 11 3 0.23259003530643976
2 2 4 4 0.00800322827782477
3 2 4 5 0.00800322827782477
2 3 5 4 0.00800322827782477
3 3 5 5 0.00800322827782477
2 4 2 4 0.00800322827782477
3 4 2 5 0.00800322827782477
2 5 3 4 0.00800322827782477
3 5 3 5 0.00800322827782477
2 4 10 4 0.006974922822170647
3 4 10 5 0.006974922822170647
2 5 11 4 0.006974922822170647
3 5 11 5 0.006974922822170647
2 10 4 4 0.006974922822170647
3 10 4 5 0.006974922822170647
2 11 5 4 0.006974922822170647
3 11 5 5 0.006974922822170647
2 2 6 6 0.00800322827782477
3 2 6 7 0.00800322827782477
2 3 7 6 0.00800322827782477
3 3 7 7 0.00800322827782477
2 6 2 6 0.00800322827782477
3 6 2 7 0.00800322827782477
2 7 3 6 0.00800322827782477
3 7 3 7 0.00800322827782477
2 6 10 6 0.006974922822170647
3 6 10 7 0.006974922822170647
2 7 11 6 0.006974922822170647
3 7 11 7 0.006974922822170647
2 10 6 6 0.006974922822170647
3 10 6 7 0.006974922822170647
2 11 7 6 0.006974922822170647
3 11 7 7 0.006974922822170647
2 0 2 8 -0.048824107276758115
3 0 2 9 -0.048824107276758115
2 1 3 8 -0.048824107276758115
3 1 3 9 -0.048824107276758115
2 0 10 8 0.03058111901336642
3 0 10 9 0.03058111901336642
2 1 11 8 0.03058111901336642
3 1 11 9 0.03058111901336642
2 2 0 8 -0.04882410727675815
3 2 0 9 -0.04882410727675815
2 3 1 8 -0.04882410727675815
3 3 1 9 -0.04882410727675815
2 2 8 8 0.04159448431582589
3 2 8 9 0.04159448431582589
2 3 9 8 0.04159448431582589
3 3 9 9 0.04159448431582589
2 8 2 8 0.0415944843158259
3 8 2 9 0.0415944843158259
2 9 3 8 0.0415944843158259
3 9 3 9 0.0415944843158259
2 8 10 8 -0.049432824419553635
3 8 10 9 -0.049432824419553635
2 9 11 8 -0.049432824419553635
3 9 11 9 -0.049432824419553635
2 10 0 8 0.030581119013366406
3 10 0 9 0.030581119013366406
2 11 1 8 0.030581119013366406
3 11 1 9 0.030581119013366406
2 10 8 8 -0.04943282441955368
3 10 8 9 -0.04943282441955368
2 11 9 8 -0.04943282441955368
3 11 9 9 -0.04943282441955368
2 0 0 10 -0.005999266124875644
3 0 0 11 -0.005999266124875644
2 1 1 10 -0.005999266124875644
3 1 1 11 -0.005999266124875644
2 0 8 10 0.03497668855645778
3 0 8 11 0.03497668855645778
2 1 9 10 0.03497668855645778
3 1 9 11 0.03497668855645778
2 2 2 10 -0.013344201665269343
3 2 2 11 -0.013344201665269343
2 3 3 10 -0.013344201665269343
3 3 3 11 -0.013344201665269343
2 2 10 10 0.039811655243073216
3 2 10 11 0.039811655243073216
2 3 11 10 0.039811655243073216
3 3 11 11 0.039811655243073216
2 4 4 10 0.025328378178925928
3 4 4 11 0.025328378178925928
2 5 5 10 0.025328378178925928
3 5 5 11 0.025328378178925928
2 6 6 10 0.025328378178925928
3 6 6 11 0.025328378178925928
2 7 7 10 0.025328378178925928
3 7 7 11 0.025328378178925928
2 8 0 10 0.034976688556457754
3 8 0 11 0.034976688556457754
2 9 1 10 0.034976688556457754
3 9 1 11 0.034976688556457754
2 8 8 10 -0.016407430411955238
3 8 8 11 -0.016407430411955238
2 9 9 10 -0.016407430411955238
3 9 9 11 -0.016407430411955238
2 10 2 10 0.039811655243073174
3 10 2 11 0.039811655243073174
2 11 3 10 0.039811655243073174
3 11 3 11 0.039811655243073174
2 10 10 10 -0.012054596585362409
3 10 10 11 -0.012054596585362409
2 11 11 10 -0.012054596585362409
3 11 11 11 -0.012054596585362409
4 0 4 0 0.025600188114195233
5 0 4 1 0.025600188114195233
4 1 5 0 0.025600188114195233
5 1 5 1 0.025600188114195233
4 4 0 0 0.025600188114195233
5 4 0 1 0.025600188114195233
4 5 1 0 0.025600188114195233
5 5 1 1 0.025600188114195233
4 4 8 0 0.023863007098246264
5 4 8 1 0.023863007098246264
4 5 9 0 0.023863007098246264
5 5 9 1 0.023863007098246264
4 8 4 0 0.023863007098246264
5 8 4 1 0.023863007098246264
4 9 5 0 0.023863007098246264
5 9 5 1 0.023863007098246264
4 2 4 2 0.00800322827782477
5 2 4 3 0.00800322827782477
4 3 5 2 0.00800322827782477
5 3 5 3 0.00800322827782477
4 4 2 2 0.00800322827782477
5 4 2 3 0.00800322827782477
4 5 3 2 0.00800322827782477
5 5 3 3 0.00800322827782477
4 4 10 2 0.006974922822170647
5 4 10 3 0.006974922822170647
4 5 11 2 0.006974922822170647
5 5 11 3 0.006974922822170647
4 10 4 2 0.006974922822170647
5 10 4 3 0.006974922822170647
4 11 5 2 0.006974922822170647
5 11 5 3 0.006974922822170647
4 0 0 4 0.18968012160873143
5 0 0 5 0.18968012160873143
4 1 1 4 0.18968012160873143
5 1 1 5 0.18968012160873143
4 0 8 4 0.020889872094132338
5 0 8 5 0.020889872094132338
4 1 9 4 0.020889872094132338
5 1 9 5 0.020889872094132338
4 2 2 4 0.18429527501761786
5 2 2 5 0.18429527501761786
4 3 3 4 0.18429527501761786
5 3 3 5 0.18429527501761786
4 2 10 4 0.025328378178925928
5 2 10 5 0.025328378178925928
4 3 11 4 0.025328378178925928
5 3 11 5 0.025328378178925928
4 4 4 4 0.224929545
5 4 4 5 0.224929545
4 5 5 4 0.224929545
5 5 5 5 0.224929545
4 6 6 4 0.2006801625
5 6 6 5 0.2006801625
4 7 7 4 0.2006801625
5 7 7 5 0.2006801625
4 8 0 4 0.020889872094132345
5 8 0 5 0.020889872094132345
4 9 1 4 0.020889872094132345
5 9 1 5 0.020889872094132345
4 8 8 4 0.1874210380860619
5 8 8 5 0.1874210380860619
4 9 9 4 0.1874210380860619
5 9 9 5 0.1874210380860619
4 10 2 4 0.025328378178925914
5 10 2 5 0.025328378178925914
4 11 3 4 0.025328378178925914
5 11 3 5 0.025328378178925914
4 10 10 4 0.19915636168307513
5 10 10 5 0.19915636168307513
4 11 11 4 0.19915636168307513
5 11 11 5 0.19915636168307513
4 4 6 6 0.0121246915
5 4 6 7 0.0121246915
4 5 7 6 0.0121246915
5 5 7 7 0.0121246915
4 6 4 6 0.0121246915
5 6 4 7 0.0121246915
4 7 5 6 0.0121246915
5 7 5 7 0.0121246915
4 0 4 8 0.023863007098246264
5 0 4 9 0.023863007098246264
4 1 5 8 0.023863007098246264
5 1 5 9 0.023863007098246264
4 4 0 8 0.023863007098246264
5 4 0 9 0.023863007098246264
4 5 1 8 0.023863007098246264
5 5 1 9 0.023863007098246264
4 4 8 8 0.025561087083577898
5 4 8 9 0.025561087083577898
4 5 9 8 0.025561087083577898
5 5 9 9 0.025561087083577898
4 8 4 8 0.025561087083577898
5 8 4 9 0.025561087083577898
4 9 5 8 0.025561087083577898
5 9 5 9 0.025561087083577898
4 2 4 10 0.006974922822170645
5 2 4 11 0.006974922822170645
4 3 5 10 0.006974922822170645
5 3 5 11 0.006974922822170645
4 4 2 10 0.006974922822170645
5 4 2 11 0.006974922822170645
4 5 3 10 0.006974922822170645
5 5 3 11 0.006974922822170645
4 4 10 10 0.008044515621760074
5 4 10 11 0.008044515621760074
4 5 11 10 0.008044515621760074
5 5 11 11 0.008044515621760074
4 10 4 10 0.008044515621760074
5 10 4 11 0.008044515621760074
4 11 5 10 0.008044515621760074
5 11 5 11 0.008044515621760074
6 0 6 0 0.025600188114195233
7 0 6 1 0.025600188114195233
6 1 7 0 0.025600188114195233
7 1 7 1 0.025600188114195233
6 6 0 0 0.025600188114195233
7 6 0 1 0.025600188114195233
6 7 1 0 0.025600188114195233
7 7 1 1 0.025600188114195233
6 6 8 0 0.023863007098246264
7 6 8 1 0.023863007098246264
6 7 9 0 0.023863007098246264
7 7 9 1 0.023863007098246264
6 8 6 0 0.023863007098246264
7 8 6 1 0.023863007098246264
6 9 7 0 0.023863007098246264
7 9 7 1 0.023863007098246264
6 2 6 2 0.00800322827782477
7 2 6 3 0.00800322827782477
6 3 7 2 0.00800322827782477
7 3 7 3 0.00800322827782477
6 6 2 2 0.00800322827782477
7 6 2 3 0.00800322827782477
6 7 3 2 0.00800322827782477
7 7 3 3 0.00800322827782477
6 6 10 2 0.006974922822170647
7 6 10 3 0.006974922822170647
6 7 11 2 0.006974922822170647
7 7 11 3 0.006974922822170647
6 10 6 2 0.006974922822170647
7 10 6 3 0.006974922822170647
6 11 7 2 0.006974922822170647
7 11 7 3 0.006974922822170647
6 4 6 4 0.0121246915
7 4 6 5 0.0121246915
6 5 7 4 0.0121246915
7 5 7 5 0.0121246915
6 6 4 4 0.0121246915
7 6 4 5 0.0121246915
6 7 5 4 0.0121246915
7 7 5 5 0.0121246915
6 0 0 6 0.18968012160873143
7 0 0 7 0.18968012160873143
6 1 1 6 0.18968012160873143
7 1 1 7 0.18968012160873143
6 0 8 6 0.020889872094132338
7 0 8 7 0.020889872094132338
6 1 9 6 0.020889872094132338
7 1 9 7 0.020889872094132338
6 2 2 6 0.18429527501761786
7 2 2 7 0.18429527501761786
6 3 3 6 0.18429527501761786
7 3 3 7 0.18429527501761786
6 2 10 6 0.025328378178925928
7 2 10 7 0.025328378178925928
6 3 11 6 0.025328378178925928
7 3 11 7 0.025328378178925928
6 4 4 6 0.2006801625
7 4 4 7 0.2006801625
6 5 5 6 0.2006801625
7 5 5 7 0.2006801625
6 6 6 6 0.224929545
7 6 6 7 0.224929545
6 7 7 6 0.224929545
7 7 7 7 0.224929545
6 8 0 6 0.020889872094132345
7 8 0 7 0.020889872094132345
6 9 1 6 0.020889872094132345
7 9 1 7 0.020889872094132345
6 8 8 6 0.1874210380860619
7 8 8 7 0.1874210380860619
6 9 9 6 0.1874210380860619
7 9 9 7 0.1874210380860619
6 10 2 6 0.025328378178925914
7 10 2 7 0.025328378178925914
6 11 3 6 0.025328378178925914
7 11 3 7 0.025328378178925914
6 10 10 6 0.19915636168307513
7 10 10 7 0.19915636168307513
6 11 11 6 0.19915636168307513
7 11 11 7 0.19915636168307513
6 0 6 8 0.023863007098246264
7 0 6 9 0.023863007098246264
6 1 7 8 0.023863007098246264
7 1 7 9 0.023863007098246264
6 6 0 8 0.023863007098246264
7 6 0 9 0.023863007098246264
6 7 1 8 0.023863007098246264
7 7 1 9 0.023863007098246264
6 6 8 8 0.025561087083577898
7 6 8 9 0.025561087083577898
6 7 9 8 0.025561087083577898
7 7 9 9 0.025561087083577898
6 8 6 8 0.025561087083577898
7 8 6 9 0.025561087083577898
6 9 7 8 0.025561087083577898
7 9 7 9 0.025561087083577898
6 2 6 10 0.006974922822170645
7 2 6 11 0.006974922822170645
6 3 7 10 0.006974922822170645
7 3 7 11 0.006974922822170645
6 6 2 10 0.006974922822170645
7 6 2 11 0.006974922822170645
6 7 3 10 0.006974922822170645
7 7 3 11 0.006974922822170645
6 6 10 10 0.008044515621760074
7 6 10 11 0.008044515621760074
6 7 11 10 0.008044515621760074
7 7 11 11 0.008044515621760074
6 10 6 10 0.008044515621760074
7 10 6 11 0.008044515621760074
6 11 7 10 0.008044515621760074
7 11 7 11 0.008044515621760074
8 0 0 0 -0.015999908311913696
9 0 0 1 -0.015999908311913696
8 1 1 0 -0.015999908311913696
9 1 1 1 -0.015999908311913696
8 0 8 0 0.03748836624635306
9 0 8 1 0.03748836624635306
8 1 9 0 0.03748836624635306
9 1 9 1 0.03748836624635306
8 2 2 0 -0.027099968956001558
9 2 2 1 -0.027099968956001558
8 3 3 0 -0.027099968956001558
9 3 3 1 -0.027099968956001558
8 2 10 0 0.0349766885564578
9 2 10 1 0.0349766885564578
8 3 11 0 0.0349766885564578
9 3 11 1 0.0349766885564578
8 4 4 0 0.020889872094132345
9 4 4 1 0.020889872094132345
8 5 5 0 0.020889872094132345
9 5 5 1 0.020889872094132345
8 6 6 0 0.020889872094132345
9 6 6 1 0.020889872094132345
8 7 7 0 0.020889872094132345
9 7 7 1 0.020889872094132345
8 8 0 0 0.037488366246353114
9 8 0 1 0.037488366246353114
8 9 1 0 0.037488366246353114
9 9 1 1 0.037488366246353114
8 8 8 0 -0.020652824041847484
9 8 8 1 -0.020652824041847484
8 9 9 0 -0.020652824041847484
9 9 9 1 -0.020652824041847484
8 10 2 0 0.03497668855645778
9 10 2 1 0.03497668855645778
8 11 3 0 0.03497668855645778
9 11 3 1 0.03497668855645778
8 10 10 0 -0.025077558927112664
9 10 10 1 -0.025077558927112664
8 11 11 0 -0.025077558927112664
9 11 11 1 -0.025077558927112664
8 0 2 2 -0.04882410727675812
9 0 2 3 -0.04882410727675812
8 1 3 2 -0.04882410727675812
9 1 3 3 -0.04882410727675812
8 0 10 2 0.03058111901336642
9 0 10 3 0.03058111901336642
8 1 11 2 0.03058111901336642
9 1 11 3 0.03058111901336642
8 2 0 2 -0.04882410727675815
9 2 0 3 -0.04882410727675815
8 3 1 2 -0.04882410727675815
9 3 1 3 -0.04882410727675815
8 2 8 2 0.04159448431582588
9 2 8 3 0.04159448431582588
8 3 9 2 0.04159448431582588
9 3 9 3 0.04159448431582588
8 8 2 2 0.0415944843158259
9 8 2 3 0.0415944843158259
8 9 3 2 0.0415944843158259
9 9 3 3 0.0415944843158259
8 8 10 2 -0.049432824419553635
9 8 10 3 -0.049432824419553635
8 9 11 2 -0.049432824419553635
9 9 11 3 -0.049432824419553635
8 10 0 2 0.030581119013366406
9 10 0 3 0.030581119013366406
8 11 1 2 0.030581119013366406
9 11 1 3 0.030581119013366406
8 10 8 2 -0.04943282441955367
9 10 8 3 -0.04943282441955367
8 11 9 2 -0.04943282441955367
9 11 9 3 -0.04943282441955367
8 0 4 4 0.023863007098246264
9 0 4 5 0.023863007098246264
8 1 5 4 0.023863007098246264
9 1 5 5 0.023863007098246264
8 4 0 4 0.023863007098246264
9 4 0 5 0.023863007098246264
8 5 1 4 0.023863007098246264
9 5 1 5 0.023863007098246264
8 4 8 4 0.025561087083577898
9 4 8 5 0.025561087083577898
8 5 9 4 0.025561087083577898
9 5 9 5 0.025561087083577898
8 8 4 4 0.025561087083577898
9 8 4 5 0.025561087083577898
8 9 5 4 0.025561087083577898
9 9 5 5 0.025561087083577898
8 0 6 6 0.023863007098246264
9 0 6 7 0.023863007098246264
8 1 7 6 0.023863007098246264
9 1 7 7 0.023863007098246264
8 6 0 6 0.023863007098246264
9 6 0 7 0.023863007098246264
8 7 1 6 0.023863007098246264
9 7 1 7 0.023863007098246264
8 6 8 6 0.025561087083577898
9 6 8 7 0.025561087083577898
8 7 9 6 0.025561087083577898
9 7 9 7 0.025561087083577898
8 8 6 6 0.025561087083577898
9 8 6 7 0.025561087083577898
8 9 7 6 0.025561087083577898
9 9 7 7 0.025561087083577898
8 0 0 8 0.20456522096913254
9 0 0 9 0.20456522096913254
8 1 1 8 0.20456522096913254
9 1 1 9 0.20456522096913254
8 0 8 8 -0.020652824041847425
9 0 8 9 -0.020652824041847425
8 1 9 8 -0.020652824041847425
9 1 9 9 -0.020652824041847425
8 2 2 8 0.21000668264198924
9 2 2 9 0.21000668264198924
8 3 3 8 0.21000668264198924
9 3 3 9 0.21000668264198924
8 2 10 8 -0.016407430411955123
9 2 10 9 -0.016407430411955123
8 3 11 8 -0.016407430411955123
9 3 11 9 -0.016407430411955123
8 4 4 8 0.1874210380860619
9 4 4 9 0.1874210380860619
8 5 5 8 0.1874210380860619
9 5 5 9 0.1874210380860619
8 6 6 8 0.1874210380860619
9 6 6 9 0.1874210380860619
8 7 7 8 0.1874210380860619
9 7 7 9 0.1874210380860619
8 8 0 8 -0.020652824041847387
9 8 0 9 -0.020652824041847387
8 9 1 8 -0.020652824041847387
9 9 1 9 -0.020652824041847387
8 8 8 8 0.2108598662835749
9 8 8 9 0.2108598662835749
8 9 9 8 0.2108598662835749
9 9 9 9 0.2108598662835749
8 10 2 8 -0.016407430411955234
9 10 2 9 -0.016407430411955234
8 11 3 8 -0.016407430411955234
9 11 3 9 -0.016407430411955234
8 10 10 8 0.22535903147495065
9 10 10 9 0.22535903147495065
8 11 11 8 0.22535903147495065
9 11 11 9 0.22535903147495065
8 0 2 10 0.07212088090929686
9 0 2 11 0.07212088090929686
8 1 3 10 0.07212088090929686
9 1 3 11 0.07212088090929686
8 0 10 10 -0.030675161837181705
9 0 10 11 -0.030675161837181705
8 1 11 10 -0.030675161837181705
9 1 11 11 -0.030675161837181705
8 2 0 10 0.0721208809092968
9 2 0 11 0.0721208809092968
8 3 1 10 0.0721208809092968
9 3 1 11 0.0721208809092968
8 2 8 10 -0.049432824419553656
9 2 8 11 -0.049432824419553656
8 3 9 10 -0.049432824419553656
9 3 9 11 -0.049432824419553656
8 8 2 10 -0.049432824419553614
9 8 2 11 -0.049432824419553614
8 9 3 10 -0.049432824419553614
9 9 3 11 -0.049432824419553614
8 8 10 10 0.07178191454696178
9 8 10 11 0.07178191454696178
8 9 11 10 0.07178191454696178
9 9 11 11 0.07178191454696178
8 10 0 10 -0.030675161837181622
9 10 0 11 -0.030675161837181622
8 11 1 10 -0.030675161837181622
9 11 1 11 -0.030675161837181622
8 10 8 10 0.07178191454696187
9 10 8 11 0.07178191454696187
8 11 9 10 0.07178191454696187
9 11 9 11 0.07178191454696187
10 0 2 0 -0.024078841998346368
11 0 2 1 -0.024078841998346368
10 1 3 0 -0.024078841998346368
11 1 3 1 -0.024078841998346368
10 0 10 0 0.028268625655512598
11 0 10 1 0.028268625655512598
10 1 11 0 0.028268625655512598
11 1 11 1 0.028268625655512598
10 2 0 0 -0.024078841998346368
11 2 0 1 -0.024078841998346368
10 3 1 0 -0.024078841998346368
11 3 1 1 -0.024078841998346368
10 2 8 0 0.030581119013366423
11 2 8 1 0.030581119013366423
10 3 9 0 0.030581119013366423
11 3 9 1 0.030581119013366423
10 8 2 0 0.030581119013366416
11 8 2 1 0.030581119013366416
10 9 3 0 0.030581119013366416
11 9 3 1 0.030581119013366416
10 8 10 0 -0.030675161837181775
11 8 10 1 -0.030675161837181775
10 9 11 0 -0.030675161837181775
11 9 11 1 -0.030675161837181775
10 10 0 0 0.028268625655512577
11 10 0 1 0.028268625655512577
10 11 1 0 0.028268625655512577
11 11 1 1 0.028268625655512577
10 10 8 0 -0.03067516183718183
11 10 8 1 -0.03067516183718183
10 11 9 0 -0.03067516183718183
11 11 9 1 -0.03067516183718183
10 0 0 2 -0.005999266124875613
11 0 0 3 -0.005999266124875613
10 1 1 2 -0.005999266124875613
11 1 1 3 -0.005999266124875613
10 0 8 2 0.03497668855645778
11 0 8 3 0.03497668855645778
10 1 9 2 0.03497668855645778
11 1 9 3 0.03497668855645778
10 2 2 2 -0.01334420166526934
11 2 2 3 -0.01334420166526934
10 3 3 2 -0.01334420166526934
11 3 3 3 -0.01334420166526934
10 2 10 2 0.039811655243073216
11 2 10 3 0.039811655243073216
10 3 11 2 0.039811655243073216
11 3 11 3 0.039811655243073216
10 4 4 2 0.025328378178925914
11 4 4 3 0.025328378178925914
10 5 5 2 0.025328378178925914
11 5 5 3 0.025328378178925914
10 6 6 2 0.025328378178925914
11 6 6 3 0.025328378178925914
10 7 7 2 0.025328378178925914
11 7 7 3 0.025328378178925914
10 8 0 2 0.03497668855645776
11 8 0 3 0.03497668855645776
10 9 1 2 0.03497668855645776
11 9 1 3 0.03497668855645776
10 8 8 2 -0.016407430411955193
11 8 8 3 -0.016407430411955193
10 9 9 2 -0.016407430411955193
11 9 9 3 -0.016407430411955193
10 10 2 2 0.03981165524307318
11 10 2 3 0.03981165524307318
10 11 3 2 0.03981165524307318
11 11 3 3 0.03981165524307318
10 10 10 2 -0.012054596585362398
11 10 10 3 -0.012054596585362398
10 11 11 2 -0.012054596585362398
11 11 11 3 -0.012054596585362398
10 2 4 4 0.006974922822170645
11 2 4 5 0.006974922822170645
10 3 5 4 0.006974922822170645
11 3 5 5 0.006974922822170645
10 4 2 4 0.006974922822170645
11 4 2 5 0.006974922822170645
10 5 3 4 0.006974922822170645
11 5 3 5 0.006974922822170645
10 4 10 4 0.008044515621760074
11 4 10 5 0.008044515621760074
10 5 11 4 0.008044515621760074
11 5 11 5 0.008044515621760074
10 10 4 4 0.008044515621760074
11 10 4 5 0.008044515621760074
10 11 5 4 0.008044515621760074
11 11 5 5 0.008044515621760074
10 2 6 6 0.006974922822170645
11 2 6 7 0.006974922822170645
10 3 7 6 0.006974922822170645
11 3 7 7 0.006974922822170645
10 6 2 6 0.006974922822170645
11 6 2 7 0.006974922822170645
10 7 3 6 0.006974922822170645
11 7 3 7 0.006974922822170645
10 6 10 6 0.008044515621760074
11 6 10 7 0.008044515621760074
10 7 11 6 0.008044515621760074
11 7 11 7 0.008044515621760074
10 10 6 6 0.008044515621760074
11 10 6 7 0.008044515621760074
10 11 7 6 0.008044515621760074
11 11 7 7 0.008044515621760074
10 0 2 8 0.07212088090929687
11 0 2 9 0.07212088090929687
10 1 3 8 0.07212088090929687
11 1 3 9 0.07212088090929687
10 0 10 8 -0.03067516183718172
11 0 10 9 -0.03067516183718172
10 1 11 8 -0.03067516183718172
11 1 11 9 -0.03067516183718172
10 2 0 8 0.07212088090929682
11 2 0 9 0.07212088090929682
10 3 1 8 0.07212088090929682
11 3 1 9 0.07212088090929682
10 2 8 8 -0.04943282441955367
11 2 8 9 -0.04943282441955367
10 3 9 8 -0.04943282441955367
11 3 9 9 -0.04943282441955367
10 8 2 8 -0.04943282441955363
11 8 2 9 -0.04943282441955363
10 9 3 8 -0.04943282441955363
11 9 3 9 -0.04943282441955363
10 8 10 8 0.07178191454696176
11 8 10 9 0.07178191454696176
10 9 11 8 0.07178191454696176
11 9 11 9 0.07178191454696176
10 10 0 8 -0.030675161837181622
11 10 0 9 -0.030675161837181622
10 11 1 8 -0.030675161837181622
11 11 1 9 -0.030675161837181622
10 10 8 8 0.0717819145469619
11 10 8 9 0.0717819145469619
10 11 9 8 0.0717819145469619
11 11 9 9 0.0717819145469619
10 0 0 10 0.22273162229314641
11 0 0 11 0.22273162229314641
10 1 1 10 0.22273162229314641
11 1 1 11 0.22273162229314641
10 0 8 10 -0.025077558927112685
11 0 8 11 -0.025077558927112685
10 1 9 10 -0.025077558927112685
11 1 9 11 -0.025077558927112685
10 2 2 10 0.23259003530643985
11 2 2 11 0.23259003530643985
10 3 3 10 0.23259003530643985
11 3 3 11 0.23259003530643985
10 2 10 10 -0.012054596585362266
11 2 10 11 -0.012054596585362266
10 3 11 10 -0.012054596585362266
11 3 11 11 -0.012054596585362266
10 4 4 10 0.19915636168307513
11 4 4 11 0.19915636168307513
10 5 5 10 0.19915636168307513
11 5 5 11 0.19915636168307513
10 6 6 10 0.19915636168307513
11 6 6 11 0.19915636168307513
10 7 7 10 0.19915636168307513
11 7 7 11 0.19915636168307513
10 8 0 10 -0.02507755892711288
11 8 0 11 -0.02507755892711288
10 9 1 10 -0.02507755892711288
11 9 1 11 -0.02507755892711288
10 8 8 10 0.2253590314749504
11 8 8 11 0.2253590314749504
10 9 9 10 0.2253590314749504
11 9 9 11 0.2253590314749504
10 10 2 10 -0.012054596585362565
11 10 2 11 -0.012054596585362565
10 11 3 10 -0.012054596585362565
11 11 3 11 -0.012054596585362565
10 10 10 10 0.2549430688028808
11 10 10 11 0.2549430688028808
10 11 11 10 0.2549430688028808
11 11 11 11 0.2549430688028808
