-11.95140107137724
0 0 -1.389979464692494
1 1 -1.389979464692494
0 8 0.002736843946536338
1 9 0.002736843946536338
2 2 -1.3814397867591957
3 3 -1.3814397867591957
2 10 -0.02354580642311227
3 11 -0.02354580642311227
4 4 -1.093837547647932
5 5 -1.093837547647932
6 6 -1.093837547647932
7 7 -1.093837547647932
8 0 0.002736843946536005
9 1 0.002736843946536005
8 8 -1.0001700622511949
9 9 -1.0001700622511949
10 2 -0.02354580642311238
11 3 -0.02354580642311238
10 10 -0.7967893415982663
11 11 -0.7967893415982663
0 0 0 0 0.18543180181304542
1 0 0 1 0.18543180181304542
0 1 1 0 0.18543180181304542
1 1 1 1 0.18543180181304542
0 0 8 0 -0.006742607216981352
1 0 8 1 -0.006742607216981352
0 1 9 0 -0.006742607216981352
1 1 9 1 -0.006742607216981352
0 2 2 0 0.19112808702165726
1 2 2 1 0.19112808702165726
0 3 3 0 0.19112808702165726
1 3 3 1 0.19112808702165726
0 2 10 0 0.000748036440164134
1 2 10 1 0.000748036440164134
0 3 11 0 0.000748036440164134
1 3 11 1 0.000748036440164134
0 4 4 0 0.1757851015713644
1 4 4 1 0.1757851015713644
0 5 5 0 0.1757851015713644
1 5 5 1 0.1757851015713644
0 6 6 0 0.1757851015713644
1 6 6 1 0.1757851015713644
0 7 7 0 0.1757851015713644
1 7 7 1 0.1757851015713644
0 8 0 0 -0.006742607216981364
1 8 0 1 -0.006742607216981364
0 9 1 0 -0.006742607216981364
1 9 1 1 -0.006742607216981364
0 8 8 0 0.1865429253906846
1 8 8 1 0.1865429253906846
0 9 9 0 0.1865429253906846
1 9 9 1 0.1865429253906846
0 10 2 0 0.0007480364401641262
1 10 2 1 0.0007480364401641262
0 11 3 0 0.0007480364401641262
1 11 3 1 0.0007480364401641262
0 10 10 0 0.19832115935762126
1 10 10 1 0.19832115935762126
0 11 11 0 0.19832115935762126
1 11 11 1 0.19832115935762126
0 0 2 2 0.0788510989627196
1 0 2 3 0.0788510989627196
0 1 3 2 0.0788510989627196
1 1 3 3 0.0788510989627196
0 0 10 2 -0.0192669211321443
1 0 10 3 -0.0192669211321443
0 1 11 2 -0.0192669211321443
1 1 11 3 -0.0192669211321443
0 2 0 2 0.0788510989627196
1 2 0 3 0.0788510989627196
0 3 1 2 0.0788510989627196
1 3 1 3 0.0788510989627196
0 2 8 2 -0.04602840519823699
1 2 8 3 -0.04602840519823699
0 3 9 2 -0.04602840519823699
1 3 9 3 -0.04602840519823699
0 8 2 2 -0.046028405198237
1 8 2 3 -0.046028405198237
0 9 3 2 -0.046028405198237
1 9 3 3 -0.046028405198237
0 8 10 2 0.06958611208153762
1 8 10 3 0.06958611208153762
0 9 11 2 0.06958611208153762
1 9 11 3 0.06958611208153762
0 10 0 2 -0.019266921132144305
1 10 0 3 -0.019266921132144305
0 11 1 2 -0.019266921132144305
1 11 1 3 -0.019266921132144305
0 10 8 2 0.06958611208153764
1 10 8 3 0.06958611208153764
0 11 9 2 0.06958611208153764
1 11 9 3 0.06958611208153764
0 0 4 4 0.023622960406346677
1 0 4 5 0.023622960406346677
0 1 5 4 0.023622960406346677
1 1 5 5 0.023622960406346677
0 4 0 4 0.023622960406346677
1 4 0 5 0.023622960406346677
0 5 1 4 0.023622960406346677
1 5 1 5 0.023622960406346677
0 4 8 4 0.023220509447084703
1 4 8 5 0.023220509447084703
0 5 9 4 0.023220509447084703
1 5 9 5 0.023220509447084703
0 8 4 4 0.023220509447084703
1 8 4 5 0.023220509447084703
0 9 5 4 0.023220509447084703
1 9 5 5 0.023220509447084703
0 0 6 6 0.023622960406346677
1 0 6 7 0.023622960406346677
0 1 7 6 0.023622960406346677
1 1 7 7 0.023622960406346677
0 6 0 6 0.023622960406346677
1 6 0 7 0.023622960406346677
0 7 1 6 0.023622960406346677
1 7 1 7 0.023622960406346677
0 6 8 6 0.023220509447084703
1 6 8 7 0.023220509447084703
0 7 9 6 0.023220509447084703
1 7 9 7 0.023220509447084703
0 8 6 6 0.023220509447084703
1 8 6 7 0.023220509447084703
0 9 7 6 0.023220509447084703
1 9 7 7 0.023220509447084703
0 0 0 8 -0.006742607216981361
1 0 0 9 -0.006742607216981361
0 1 1 8 -0.006742607216981361
1 1 1 9 -0.006742607216981361
0 0 8 8 0.04202482805943119
1 0 8 9 0.04202482805943119
0 1 9 8 0.04202482805943119
1 1 9 9 0.04202482805943119
0 2 2 8 -0.020327098387497085
1 2 2 9 -0.020327098387497085
0 3 3 8 -0.020327098387497085
1 3 3 9 -0.020327098387497085
0 2 10 8 0.03985385426441324
1 2 10 9 0.03985385426441324
0 3 11 8 0.03985385426441324
1 3 11 9 0.03985385426441324
0 4 4 8 0.03469202689030408
1 4 4 9 0.03469202689030408
0 5 5 8 0.03469202689030408
1 5 5 9 0.03469202689030408
0 6 6 8 0.03469202689030408
1 6 6 9 0.03469202689030408
0 7 7 8 0.03469202689030408
1 7 7 9 0.03469202689030408
0 8 0 8 0.04202482805943116
1 8 0 9 0.04202482805943116
0 9 1 8 0.04202482805943116
1 9 1 9 0.04202482805943116
0 8 8 8 -0.013558938925354452
1 8 8 9 -0.013558938925354452
0 9 9 8 -0.013558938925354452
1 9 9 9 -0.013558938925354452
0 10 2 8 0.03985385426441324
1 10 2 9 0.03985385426441324
0 11 3 8 0.03985385426441324
1 11 3 9 0.03985385426441324
0 10 10 8 -0.008504724155875693
1 10 10 9 -0.008504724155875693
0 11 11 8 -0.008504724155875693
1 11 11 9 -0.008504724155875693
0 0 2 10 -0.01926692113214431
1 0 2 11 -0.01926692113214431
0 1 3 10 -0.01926692113214431
1 1 3 11 -0.01926692113214431
0 0 10 10 0.028728805100370958
1 0 10 11 0.028728805100370958
0 1 11 10 0.028728805100370958
1 1 11 11 0.028728805100370958
0 2 0 10 -0.019266921132144295
1 2 0 11 -0.019266921132144295
0 3 1 10 -0.019266921132144295
1 3 1 11 -0.019266921132144295
0 2 8 10 0.03151281456299809
1 2 8 11 0.03151281456299809
0 3 9 10 0.03151281456299809
1 3 9 11 0.03151281456299809
0 8 2 10 0.031512814562998086
1 8 2 11 0.031512814562998086
0 9 3 10 0.031512814562998086
1 9 3 11 0.031512814562998086
0 8 10 10 -0.023141537549069717
1 8 10 11 -0.023141537549069717
0 9 11 10 -0.023141537549069717
1 9 11 11 -0.023141537549069717
0 10 0 10 0.02872880510037097
1 10 0 11 0.02872880510037097
0 11 1 10 0.02872880510037097
1 11 1 11 0.02872880510037097
0 10 8 10 -0.023141537549069766
1 10 8 11 -0.023141537549069766
0 11 9 10 -0.023141537549069766
1 11 9 11 -0.023141537549069766
2 0 2 0 0.07885109896271959
3 0 2 1 0.07885109896271959
2 1 3 0 0.07885109896271959
3 1 3 1 0.07885109896271959
2 0 10 0 -0.0192669211321443
3 0 10 1 -0.0192669211321443
2 1 11 0 -0.0192669211321443
3 1 11 1 -0.0192669211321443
2 2 0 0 0.07885109896271959
3 2 0 1 0.07885109896271959
2 3 1 0 0.07885109896271959
3 3 1 1 0.07885109896271959
2 2 8 0 -0.04602840519823699
3 2 8 1 -0.04602840519823699
2 3 9 0 -0.04602840519823699
3 3 9 1 -0.04602840519823699
2 8 2 0 -0.04602840519823699
3 8 2 1 -0.04602840519823699
2 9 3 0 -0.04602840519823699
3 9 3 1 -0.04602840519823699
2 8 10 0 0.06958611208153762
3 8 10 1 0.06958611208153762
2 9 11 0 0.06958611208153762
3 9 11 1 0.06958611208153762
2 10 0 0 -0.01926692113214431
3 10 0 1 -0.01926692113214431
2 11 1 0 -0.01926692113214431
3 11 1 1 -0.01926692113214431
2 10 8 0 0.06958611208153764
3 10 8 1 0.06958611208153764
2 11 9 0 0.06958611208153764
3 11 9 1 0.06958611208153764
2 0 0 2 0.1911280870216573
3 0 0 3 0.1911280870216573
2 1 1 2 0.1911280870216573
3 1 1 3 0.1911280870216573
2 0 8 2 -0.02032709838749707
3 0 8 3 -0.02032709838749707
2 1 9 2 -0.02032709838749707
3 1 9 3 -0.02032709838749707
2 2 2 2 0.20283438651858662
3 2 2 3 0.20283438651858662
2 3 3 2 0.20283438651858662
3 3 3 3 0.20283438651858662
2 2 10 2 -0.00899000150722585
3 2 10 3 -0.00899000150722585
2 3 11 2 -0.00899000150722585
3 3 11 3 -0.00899000150722585
2 4 4 2 0.16594175489265617
3 4 4 3 0.16594175489265617
2 5 5 2 0.16594175489265617
3 5 5 3 0.16594175489265617
2 6 6 2 0.16594175489265617
3 6 6 3 0.16594175489265617
2 7 7 2 0.16594175489265617
3 7 7 3 0.16594175489265617
2 8 0 2 -0.020327098387497067
3 8 0 3 -0.020327098387497067
2 9 1 2 -0.020327098387497067
3 9 1 3 -0.020327098387497067
2 8 8 2 0.19212010284307313
3 8 8 3 0.19212010284307313
2 9 9 2 0.19212010284307313
3 9 9 3 0.19212010284307313
2 10 2 2 -0.008990001507225866
3 10 2 3 -0.008990001507225866
2 11 3 2 -0.008990001507225866
3 11 3 3 -0.008990001507225866
2 10 10 2 0.20610445730697274
3 10 10 3 0.20610445730697274
2 11 11 2 0.20610445730697274
3 11 11 3 0.20610445730697274
2 2 4 4 0.006087867892291539
3 2 4 5 0.006087867892291539
2 3 5 4 0.006087867892291539
3 3 5 5 0.006087867892291539
2 4 2 4 0.006087867892291539
3 4 2 5 0.006087867892291539
2 5 3 4 0.006087867892291539
3 5 3 5 0.006087867892291539
2 4 10 4 0.006590952579727452
3 4 10 5 0.006590952579727452
2 5 11 4 0.006590952579727452
3 5 11 5 0.006590952579727452
2 10 4 4 0.006590952579727452
3 10 4 5 0.006590952579727452
2 11 5 4 0.006590952579727452
3 11 5 5 0.006590952579727452
2 2 6 6 0.006087867892291539
3 2 6 7 0.006087867892291539
2 3 7 6 0.006087867892291539
3 3 7 7 0.006087867892291539
2 6 2 6 0.006087867892291539
3 6 2 7 0.006087867892291539
2 7 3 6 0.006087867892291539
3 7 3 7 0.006087867892291539
2 6 10 6 0.006590952579727452
3 6 10 7 0.006590952579727452
2 7 11 6 0.006590952579727452
3 7 11 7 0.006590952579727452
2 10 6 6 0.006590952579727452
3 10 6 7 0.006590952579727452
2 11 7 6 0.006590952579727452
3 11 7 7 0.006590952579727452
2 0 2 8 -0.046028405198237
3 0 2 9 -0.046028405198237
2 1 3 8 -0.046028405198237
3 1 3 9 -0.046028405198237
2 0 10 8 0.03151281456299808
3 0 10 9 0.03151281456299808
2 1 11 8 0.03151281456299808
3 1 11 9 0.03151281456299808
2 2 0 8 -0.04602840519823699
3 2 0 9 -0.04602840519823699
2 3 1 8 -0.04602840519823699
3 3 1 9 -0.04602840519823699
2 2 8 8 0.04405429899173052
3 2 8 9 0.04405429899173052
2 3 9 8 0.04405429899173052
3 3 9 9 0.04405429899173052
2 8 2 8 0.044054298991730516
3 8 2 9 0.044054298991730516
2 9 3 8 0.044054298991730516
3 9 3 9 0.044054298991730516
2 8 10 8 -0.04560624342816565
3 8 10 9 -0.04560624342816565
2 9 11 8 -0.04560624342816565
3 9 11 9 -0.04560624342816565
2 10 0 8 0.03151281456299808
3 10 0 9 0.03151281456299808
2 11 1 8 0.03151281456299808
3 11 1 9 0.03151281456299808
2 10 8 8 -0.04560624342816569
3 10 8 9 -0.04560624342816569
2 11 9 8 -0.04560624342816569
3 11 9 9 -0.04560624342816569
2 0 0 10 0.0007480364401641418
3 0 0 11 0.0007480364401641418
2 1 1 10 0.0007480364401641418
3 1 1 11 0.0007480364401641418
2 0 8 10 0.03985385426441325
3 0 8 11 0.03985385426441325
2 1 9 10 0.03985385426441325
3 1 9 11 0.03985385426441325
2 2 2 10 -0.008990001507225877
3 2 2 11 -0.008990001507225877
2 3 3 10 -0.008990001507225877
3 3 3 11 -0.008990001507225877
2 2 10 10 0.04395437406003445
3 2 10 11 0.04395437406003445
2 3 11 10 0.04395437406003445
3 3 11 11 0.04395437406003445
2 4 4 10 0.03576898714484382
3 4 4 11 0.03576898714484382
2 5 5 10 0.03576898714484382
3 5 5 11 0.03576898714484382
2 6 6 10 0.03576898714484382
3 6 6 11 0.03576898714484382
2 7 7 10 0.03576898714484382
3 7 7 11 0.03576898714484382
2 8 0 10 0.039853854264413235
3 8 0 11 0.039853854264413235
2 9 1 10 0.039853854264413235
3 9 1 11 0.039853854264413235
2 8 8 10 -0.010124172200354623
3 8 8 11 -0.010124172200354623
2 9 9 10 -0.010124172200354623
3 9 9 11 -0.010124172200354623
2 10 2 10 0.04395437406003445
3 10 2 11 0.04395437406003445
2 11 3 10 0.04395437406003445
3 11 3 11 0.04395437406003445
2 10 10 10 0.002424067736423244
3 10 10 11 0.002424067736423244
2 11 11 10 0.002424067736423244
3 11 11 11 0.002424067736423244
4 0 4 0 0.023622960406346677
5 0 4 1 0.023622960406346677
4 1 5 0 0.023622960406346677
5 1 5 1 0.023622960406346677
4 4 0 0 0.023622960406346677
5 4 0 1 0.023622960406346677
4 5 1 0 0.023622960406346677
5 5 1 1 0.023622960406346677
4 4 8 0 0.023220509447084703
5 4 8 1 0.023220509447084703
4 5 9 0 0.023220509447084703
5 5 9 1 0.023220509447084703
4 8 4 0 0.023220509447084703
5 8 4 1 0.023220509447084703
4 9 5 0 0.023220509447084703
5 9 5 1 0.023220509447084703
4 2 4 2 0.006087867892291539
5 2 4 3 0.006087867892291539
4 3 5 2 0.006087867892291539
5 3 5 3 0.006087867892291539
4 4 2 2 0.006087867892291539
5 4 2 3 0.006087867892291539
4 5 3 2 0.006087867892291539
5 5 3 3 0.006087867892291539
4 4 10 2 0.006590952579727452
5 4 10 3 0.006590952579727452
4 5 11 2 0.006590952579727452
5 5 11 3 0.006590952579727452
4 10 4 2 0.006590952579727452
5 10 4 3 0.006590952579727452
4 11 5 2 0.006590952579727452
5 11 5 3 0.006590952579727452
4 0 0 4 0.1757851015713644
5 0 0 5 0.1757851015713644
4 1 1 4 0.1757851015713644
5 1 1 5 0.1757851015713644
4 0 8 4 0.03469202689030408
5 0 8 5 0.03469202689030408
4 1 9 4 0.03469202689030408
5 1 9 5 0.03469202689030408
4 2 2 4 0.16594175489265617
5 2 2 5 0.16594175489265617
4 3 3 4 0.16594175489265617
5 3 3 5 0.16594175489265617
4 2 10 4 0.03576898714484382
5 2 10 5 0.03576898714484382
4 3 11 4 0.03576898714484382
5 3 11 5 0.03576898714484382
4 4 4 4 0.224929545
5 4 4 5 0.224929545
4 5 5 4 0.224929545
5 5 5 5 0.224929545
4 6 6 4 0.2006801625
5 6 6 5 0.2006801625
4 7 7 4 0.2006801625
5 7 7 5 0.2006801625
4 8 0 4 0.03469202689030411
5 8 0 5 0.03469202689030411
4 9 1 4 0.03469202689030411
5 9 1 5 0.03469202689030411
4 8 8 4 0.17502590251579114
5 8 8 5 0.17502590251579114
4 9 9 4 0.17502590251579114
5 9 9 5 0.17502590251579114
4 10 2 4 0.03576898714484385
5 10 2 5 0.03576898714484385
4 11 3 4 0.03576898714484385
5 11 3 5 0.03576898714484385
4 10 10 4 0.18780601710105657
5 10 10 5 0.18780601710105657
4 11 11 4 0.18780601710105657
5 11 11 5 0.18780601710105657
4 4 6 6 0.0121246915
5 4 6 7 0.0121246915
4 5 7 6 0.0121246915
5 5 7 7 0.0121246915
4 6 4 6 0.0121246915
5 6 4 7 0.0121246915
4 7 5 6 0.0121246915
5 7 5 7 0.0121246915
4 0 4 8 0.02322050944708471
5 0 4 9 0.02322050944708471
4 1 5 8 0.02322050944708471
5 1 5 9 0.02322050944708471
4 4 0 8 0.02322050944708471
5 4 0 9 0.02322050944708471
4 5 1 8 0.02322050944708471
5 5 1 9 0.02322050944708471
4 4 8 8 0.02447006388581722
5 4 8 9 0.02447006388581722
4 5 9 8 0.02447006388581722
5 5 9 9 0.02447006388581722
4 8 4 8 0.02447006388581722
5 8 4 9 0.02447006388581722
4 9 5 8 0.02447006388581722
5 9 5 9 0.02447006388581722
4 2 4 10 0.0065909525797274516
5 2 4 11 0.0065909525797274516
4 3 5 10 0.0065909525797274516
5 3 5 11 0.0065909525797274516
4 4 2 10 0.0065909525797274516
5 4 2 11 0.0065909525797274516
4 5 3 10 0.0065909525797274516
5 5 3 11 0.0065909525797274516
4 4 10 10 0.008492225917810386
5 4 10 11 0.008492225917810386
4 5 11 10 0.008492225917810386
5 5 11 11 0.008492225917810386
4 10 4 10 0.008492225917810386
5 10 4 11 0.008492225917810386
4 11 5 10 0.008492225917810386
5 11 5 11 0.008492225917810386
6 0 6 0 0.023622960406346677
7 0 6 1 0.023622960406346677
6 1 7 0 0.023622960406346677
7 1 7 1 0.023622960406346677
6 6 0 0 0.023622960406346677
7 6 0 1 0.023622960406346677
6 7 1 0 0.023622960406346677
7 7 1 1 0.023622960406346677
6 6 8 0 0.023220509447084703
7 6 8 1 0.023220509447084703
6 7 9 0 0.023220509447084703
7 7 9 1 0.023220509447084703
6 8 6 0 0.023220509447084703
7 8 6 1 0.023220509447084703
6 9 7 0 0.023220509447084703
7 9 7 1 0.023220509447084703
6 2 6 2 0.006087867892291539
7 2 6 3 0.006087867892291539
6 3 7 2 0.006087867892291539
7 3 7 3 0.006087867892291539
6 6 2 2 0.006087867892291539
7 6 2 3 0.006087867892291539
6 7 3 2 0.006087867892291539
7 7 3 3 0.006087867892291539
6 6 10 2 0.006590952579727452
7 6 10 3 0.006590952579727452
6 7 11 2 0.006590952579727452
7 7 11 3 0.006590952579727452
6 10 6 2 0.006590952579727452
7 10 6 3 0.006590952579727452
6 11 7 2 0.006590952579727452
7 11 7 3 0.006590952579727452
6 4 6 4 0.0121246915
7 4 6 5 0.0121246915
6 5 7 4 0.0121246915
7 5 7 5 0.0121246915
6 6 4 4 0.0121246915
7 6 4 5 0.0121246915
6 7 5 4 0.0121246915
7 7 5 5 0.0121246915
6 0 0 6 0.1757851015713644
7 0 0 7 0.1757851015713644
6 1 1 6 0.1757851015713644
7 1 1 7 0.1757851015713644
6 0 8 6 0.03469202689030408
7 0 8 7 0.03469202689030408
6 1 9 6 0.03469202689030408
7 1 9 7 0.03469202689030408
6 2 2 6 0.16594175489265617
7 2 2 7 0.16594175489265617
6 3 3 6 0.16594175489265617
7 3 3 7 0.16594175489265617
6 2 10 6 0.03576898714484382
7 2 10 7 0.03576898714484382
6 3 11 6 0.03576898714484382
7 3 11 7 0.03576898714484382
6 4 4 6 0.2006801625
7 4 4 7 0.2006801625
6 5 5 6 0.2006801625
7 5 5 7 0.2006801625
6 6 6 6 0.224929545
7 6 6 7 0.224929545
6 7 7 6 0.224929545
7 7 7 7 0.224929545
6 8 0 6 0.03469202689030411
7 8 0 7 0.03469202689030411
6 9 1 6 0.03469202689030411
7 9 1 7 0.03469202689030411
6 8 8 6 0.17502590251579114
7 8 8 7 0.17502590251579114
6 9 9 6 0.17502590251579114
7 9 9 7 0.17502590251579114
6 10 2 6 0.03576898714484385
7 10 2 7 0.03576898714484385
6 11 3 6 0.03576898714484385
7 11 3 7 0.03576898714484385
6 10 10 6 0.18780601710105657
7 10 10 7 0.18780601710105657
6 11 11 6 0.18780601710105657
7 11 11 7 0.18780601710105657
6 0 6 8 0.02322050944708471
7 0 6 9 0.02322050944708471
6 1 7 8 0.02322050944708471
7 1 7 9 0.02322050944708471
6 6 0 8 0.02322050944708471
7 6 0 9 0.02322050944708471
6 7 1 8 0.02322050944708471
7 7 1 9 0.02322050944708471
6 6 8 8 0.02447006388581722
7 6 8 9 0.02447006388581722
6 7 9 8 0.02447006388581722
7 7 9 9 0.02447006388581722
6 8 6 8 0.02447006388581722
7 8 6 9 0.02447006388581722
6 9 7 8 0.02447006388581722
7 9 7 9 0.02447006388581722
6 2 6 10 0.0065909525797274516
7 2 6 11 0.0065909525797274516
6 3 7 10 0.0065909525797274516
7 3 7 11 0.0065909525797274516
6 6 2 10 0.0065909525797274516
7 6 2 11 0.0065909525797274516
6 7 3 10 0.0065909525797274516
7 7 3 11 0.0065909525797274516
6 6 10 10 0.008492225917810386
7 6 10 11 0.008492225917810386
6 7 11 10 0.008492225917810386
7 7 11 11 0.008492225917810386
6 10 6 10 0.008492225917810386
7 10 6 11 0.008492225917810386
6 11 7 10 0.008492225917810386
7 11 7 11 0.008492225917810386
8 0 0 0 -0.006742607216981361
9 0 0 1 -0.006742607216981361
8 1 1 0 -0.006742607216981361
9 1 1 1 -0.006742607216981361
8 0 8 0 0.04202482805943119
9 0 8 1 0.04202482805943119
8 1 9 0 0.04202482805943119
9 1 9 1 0.04202482805943119
8 2 2 0 -0.020327098387497078
9 2 2 1 -0.020327098387497078
8 3 3 0 -0.020327098387497078
9 3 3 1 -0.020327098387497078
8 2 10 0 0.03985385426441324
9 2 10 1 0.03985385426441324
8 3 11 0 0.03985385426441324
9 3 11 1 0.03985385426441324
8 4 4 0 0.03469202689030411
9 4 4 1 0.03469202689030411
8 5 5 0 0.03469202689030411
9 5 5 1 0.03469202689030411
8 6 6 0 0.03469202689030411
9 6 6 1 0.03469202689030411
8 7 7 0 0.03469202689030411
9 7 7 1 0.03469202689030411
8 8 0 0 0.042024828059431155
9 8 0 1 0.042024828059431155
8 9 1 0 0.042024828059431155
9 9 1 1 0.042024828059431155
8 8 8 0 -0.013558938925354425
9 8 8 1 -0.013558938925354425
8 9 9 0 -0.013558938925354425
9 9 9 1 -0.013558938925354425
8 10 2 0 0.03985385426441324
9 10 2 1 0.03985385426441324
8 11 3 0 0.03985385426441324
9 11 3 1 0.03985385426441324
8 10 10 0 -0.008504724155875665
9 10 10 1 -0.008504724155875665
8 11 11 0 -0.008504724155875665
9 11 11 1 -0.008504724155875665
8 0 2 2 -0.04602840519823699
9 0 2 3 -0.04602840519823699
8 1 3 2 -0.04602840519823699
9 1 3 3 -0.04602840519823699
8 0 10 2 0.03151281456299808
9 0 10 3 0.03151281456299808
8 1 11 2 0.03151281456299808
9 1 11 3 0.03151281456299808
8 2 0 2 -0.04602840519823699
9 2 0 3 -0.04602840519823699
8 3 1 2 -0.04602840519823699
9 3 1 3 -0.04602840519823699
8 2 8 2 0.04405429899173052
9 2 8 3 0.04405429899173052
8 3 9 2 0.04405429899173052
9 3 9 3 0.04405429899173052
8 8 2 2 0.04405429899173052
9 8 2 3 0.04405429899173052
8 9 3 2 0.04405429899173052
9 9 3 3 0.04405429899173052
8 8 10 2 -0.04560624342816567
9 8 10 3 -0.04560624342816567
8 9 11 2 -0.04560624342816567
9 9 11 3 -0.04560624342816567
8 10 0 2 0.03151281456299808
9 10 0 3 0.03151281456299808
8 11 1 2 0.03151281456299808
9 11 1 3 0.03151281456299808
8 10 8 2 -0.045606243428165695
9 10 8 3 -0.045606243428165695
8 11 9 2 -0.045606243428165695
9 11 9 3 -0.045606243428165695
8 0 4 4 0.02322050944708471
9 0 4 5 0.02322050944708471
8 1 5 4 0.02322050944708471
9 1 5 5 0.02322050944708471
8 4 0 4 0.02322050944708471
9 4 0 5 0.02322050944708471
8 5 1 4 0.02322050944708471
9 5 1 5 0.02322050944708471
8 4 8 4 0.02447006388581722
9 4 8 5 0.02447006388581722
8 5 9 4 0.02447006388581722
9 5 9 5 0.02447006388581722
8 8 4 4 0.02447006388581722
9 8 4 5 0.02447006388581722
8 9 5 4 0.02447006388581722
9 9 5 5 0.02447006388581722
8 0 6 6 0.02322050944708471
9 0 6 7 0.02322050944708471
8 1 7 6 0.02322050944708471
9 1 7 7 0.02322050944708471
8 6 0 6 0.02322050944708471
9 6 0 7 0.02322050944708471
8 7 1 6 0.02322050944708471
9 7 1 7 0.02322050944708471
8 6 8 6 0.02447006388581722
9 6 8 7 0.02447006388581722
8 7 9 6 0.02447006388581722
9 7 9 7 0.02447006388581722
8 8 6 6 0.02447006388581722
9 8 6 7 0.02447006388581722
8 9 7 6 0.02447006388581722
9 9 7 7 0.02447006388581722
8 0 0 8 0.18654292539068457
9 0 0 9 0.18654292539068457
8 1 1 8 0.18654292539068457
9 1 1 9 0.18654292539068457
8 0 8 8 -0.013558938925354432
9 0 8 9 -0.013558938925354432
8 1 9 8 -0.013558938925354432
9 1 9 9 -0.013558938925354432
8 2 2 8 0.19212010284307307
9 2 2 9 0.19212010284307307
8 3 3 8 0.19212010284307307
9 3 3 9 0.19212010284307307
8 2 10 8 -0.01012417220035464
9 2 10 9 -0.01012417220035464
8 3 11 8 -0.01012417220035464
9 3 11 9 -0.01012417220035464
8 4 4 8 0.17502590251579114
9 4 4 9 0.17502590251579114
8 5 5 8 0.17502590251579114
9 5 5 9 0.17502590251579114
8 6 6 8 0.17502590251579114
9 6 6 9 0.17502590251579114
8 7 7 8 0.17502590251579114
9 7 7 9 0.17502590251579114
8 8 0 8 -0.013558938925354404
9 8 0 9 -0.013558938925354404
8 9 1 8 -0.013558938925354404
9 9 1 9 -0.013558938925354404
8 8 8 8 0.19503076679381753
9 8 8 9 0.19503076679381753
8 9 9 8 0.19503076679381753
9 9 9 9 0.19503076679381753
8 10 2 8 -0.010124172200354685
9 10 2 9 -0.010124172200354685
8 11 3 8 -0.010124172200354685
9 11 3 9 -0.010124172200354685
8 10 10 8 0.20327531170317348
9 10 10 9 0.20327531170317348
8 11 11 8 0.20327531170317348
9 11 11 9 0.20327531170317348
8 0 2 10 0.06958611208153764
9 0 2 11 0.06958611208153764
8 1 3 10 0.06958611208153764
9 1 3 11 0.06958611208153764
8 0 10 10 -0.02314153754906972
9 0 10 11 -0.02314153754906972
8 1 11 10 -0.02314153754906972
9 1 11 11 -0.02314153754906972
8 2 0 10 0.06958611208153762
9 2 0 11 0.06958611208153762
8 3 1 10 0.06958611208153762
9 3 1 11 0.06958611208153762
8 2 8 10 -0.045606243428165674
9 2 8 11 -0.045606243428165674
8 3 9 10 -0.045606243428165674
9 3 9 11 -0.045606243428165674
8 8 2 10 -0.04560624342816571
9 8 2 11 -0.04560624342816571
8 9 3 10 -0.04560624342816571
9 9 3 11 -0.04560624342816571
8 8 10 10 0.06797815705005684
9 8 10 11 0.06797815705005684
8 9 11 10 0.06797815705005684
9 9 11 11 0.06797815705005684
8 10 0 10 -0.023141537549069734
9 10 0 11 -0.023141537549069734
8 11 1 10 -0.023141537549069734
9 11 1 11 -0.023141537549069734
8 10 8 10 0.0679781570500569
9 10 8 11 0.0679781570500569
8 11 9 10 0.0679781570500569
9 11 9 11 0.0679781570500569
10 0 2 0 -0.01926692113214433
11 0 2 1 -0.01926692113214433
10 1 3 0 -0.01926692113214433
11 1 3 1 -0.01926692113214433
10 0 10 0 0.028728805100370958
11 0 10 1 0.028728805100370958
10 1 11 0 0.028728805100370958
11 1 11 1 0.028728805100370958
10 2 0 0 -0.01926692113214431
11 2 0 1 -0.01926692113214431
10 3 1 0 -0.01926692113214431
11 3 1 1 -0.01926692113214431
10 2 8 0 0.03151281456299809
11 2 8 1 0.03151281456299809
10 3 9 0 0.03151281456299809
11 3 9 1 0.03151281456299809
10 8 2 0 0.031512814562998086
11 8 2 1 0.031512814562998086
10 9 3 0 0.031512814562998086
11 9 3 1 0.031512814562998086
10 8 10 0 -0.023141537549069717
11 8 10 1 -0.023141537549069717
10 9 11 0 -0.023141537549069717
11 9 11 1 -0.023141537549069717
10 10 0 0 0.02872880510037097
11 10 0 1 0.02872880510037097
10 11 1 0 0.02872880510037097
11 11 1 1 0.02872880510037097
10 10 8 0 -0.023141537549069766
11 10 8 1 -0.023141537549069766
10 11 9 0 -0.023141537549069766
11 11 9 1 -0.023141537549069766
10 0 0 2 0.000748036440164121
11 0 0 3 0.000748036440164121
10 1 1 2 0.000748036440164121
11 1 1 3 0.000748036440164121
10 0 8 2 0.03985385426441325
11 0 8 3 0.03985385426441325
10 1 9 2 0.03985385426441325
11 1 9 3 0.03985385426441325
10 2 2 2 -0.008990001507225898
11 2 2 3 -0.008990001507225898
10 3 3 2 -0.008990001507225898
11 3 3 3 -0.008990001507225898
10 2 10 2 0.04395437406003444
11 2 10 3 0.04395437406003444
10 3 11 2 0.04395437406003444
11 3 11 3 0.04395437406003444
10 4 4 2 0.03576898714484385
11 4 4 3 0.03576898714484385
10 5 5 2 0.03576898714484385
11 5 5 3 0.03576898714484385
10 6 6 2 0.03576898714484385
11 6 6 3 0.03576898714484385
10 7 7 2 0.03576898714484385
11 7 7 3 0.03576898714484385
10 8 0 2 0.039853854264413235
11 8 0 3 0.039853854264413235
10 9 1 2 0.039853854264413235
11 9 1 3 0.039853854264413235
10 8 8 2 -0.010124172200354664
11 8 8 3 -0.010124172200354664
10 9 9 2 -0.010124172200354664
11 9 9 3 -0.010124172200354664
10 10 2 2 0.04395437406003445
11 10 2 3 0.04395437406003445
10 11 3 2 0.04395437406003445
11 11 3 3 0.04395437406003445
10 10 10 2 0.0024240677364232577
11 10 10 3 0.0024240677364232577
10 11 11 2 0.0024240677364232577
11 11 11 3 0.0024240677364232577
10 2 4 4 0.0065909525797274516
11 2 4 5 0.0065909525797274516
10 3 5 4 0.0065909525797274516
11 3 5 5 0.0065909525797274516
10 4 2 4 0.0065909525797274516
11 4 2 5 0.0065909525797274516
10 5 3 4 0.0065909525797274516
11 5 3 5 0.0065909525797274516
10 4 10 4 0.008492225917810386
11 4 10 5 0.008492225917810386
10 5 11 4 0.008492225917810386
11 5 11 5 0.008492225917810386
10 10 4 4 0.008492225917810386
11 10 4 5 0.008492225917810386
10 11 5 4 0.008492225917810386
11 11 5 5 0.008492225917810386
10 2 6 6 0.0065909525797274516
11 2 6 7 0.0065909525797274516
10 3 7 6 0.0065909525797274516
11 3 7 7 0.0065909525797274516
10 6 2 6 0.0065909525797274516
11 6 2 7 0.0065909525797274516
10 7 3 6 0.0065909525797274516
11 7 3 7 0.0065909525797274516
10 6 10 6 0.008492225917810386
11 6 10 7 0.008492225917810386
10 7 11 6 0.008492225917810386
11 7 11 7 0.008492225917810386
10 10 6 6 0.008492225917810386
11 10 6 7 0.008492225917810386
10 11 7 6 0.008492225917810386
11 11 7 7 0.008492225917810386
10 0 2 8 0.06958611208153766
11 0 2 9 0.06958611208153766
10 1 3 8 0.06958611208153766
11 1 3 9 0.06958611208153766
10 0 10 8 -0.023141537549069724
11 0 10 9 -0.023141537549069724
10 1 11 8 -0.023141537549069724
11 1 11 9 -0.023141537549069724
10 2 0 8 0.06958611208153762
11 2 0 9 0.06958611208153762
10 3 1 8 0.06958611208153762
11 3 1 9 0.06958611208153762
10 2 8 8 -0.045606243428165674
11 2 8 9 -0.045606243428165674
10 3 9 8 -0.045606243428165674
11 3 9 9 -0.045606243428165674
10 8 2 8 -0.0456062434281657
11 8 2 9 -0.0456062434281657
10 9 3 8 -0.0456062434281657
11 9 3 9 -0.0456062434281657
10 8 10 8 0.06797815705005683
11 8 10 9 0.06797815705005683
10 9 11 8 0.06797815705005683
11 9 11 9 0.06797815705005683
10 10 0 8 -0.02314153754906973
11 10 0 9 -0.02314153754906973
10 11 1 8 -0.02314153754906973
11 11 1 9 -0.02314153754906973
10 10 8 8 0.06797815705005689
11 10 8 9 0.06797815705005689
10 11 9 8 0.06797815705005689
11 11 9 9 0.06797815705005689
10 0 0 10 0.19832115935762126
11 0 0 11 0.19832115935762126
10 1 1 10 0.19832115935762126
11 1 1 11 0.19832115935762126
10 0 8 10 -0.008504724155875762
11 0 8 11 -0.008504724155875762
10 1 9 10 -0.008504724155875762
11 1 9 11 -0.008504724155875762
10 2 2 10 0.20610445730697274
11 2 2 11 0.20610445730697274
10 3 3 10 0.20610445730697274
11 3 3 11 0.20610445730697274
10 2 10 10 0.002424067736423237
11 2 10 11 0.002424067736423237
10 3 11 10 0.002424067736423237
11 3 11 11 0.002424067736423237
10 4 4 10 0.18780601710105657
11 4 4 11 0.18780601710105657
10 5 5 10 0.18780601710105657
11 5 5 11 0.18780601710105657
10 6 6 10 0.18780601710105657
11 6 6 11 0.18780601710105657
10 7 7 10 0.18780601710105657
11 7 7 11 0.18780601710105657
10 8 0 10 -0.008504724155875654
11 8 0 11 -0.008504724155875654
10 9 1 10 -0.008504724155875654
11 9 1 11 -0.008504724155875654
10 8 8 10 0.2032753117031734
11 8 8 11 0.2032753117031734
10 9 9 10 0.2032753117031734
11 9 9 11 0.2032753117031734
10 10 2 10 0.0024240677364231918
11 10 2 11 0.0024240677364231918
10 11 3 10 0.0024240677364231918
11 11 3 11 0.0024240677364231918
10 10 10 10 0.2247813387503136
11 10 10 11 0.2247813387503136
10 11 11 10 0.2247813387503136
11 11 11 11 0.2247813387503136
