-12.116821348717169
0 0 -1.3086678208411766
1 1 -1.3086678208411766
0 8 -0.007237139200194975
1 9 -0.007237139200194975
2 2 -1.292979293057678
3 3 -1.292979293057678
2 10 -0.02590134303975805
3 11 -0.02590134303975805
4 4 -1.042869781657937
5 5 -1.042869781657937
6 6 -1.042869781657937
7 7 -1.042869781657937
8 0 -0.007237139200195142
9 1 -0.007237139200195142
8 8 -1.0004788665241717
9 9 -1.0004788665241717
10 2 -0.02590134303975833
11 3 -0.02590134303975833
10 10 -0.8425641627737293
11 11 -0.8425641627737293
0 0 0 0 0.17676831347983007
1 0 0 1 0.17676831347983007
0 1 1 0 0.17676831347983007
1 1 1 1 0.17676831347983007
0 0 8 0 -0.0034134944897986387
1 0 8 1 -0.0034134944897986387
0 1 9 0 -0.0034134944897986387
1 1 9 1 -0.0034134944897986387
0 2 2 0 0.1812225157310126
1 2 2 1 0.1812225157310126
0 3 3 0 0.1812225157310126
1 3 3 1 0.1812225157310126
0 2 10 0 0.0025968791953987326
1 2 10 1 0.0025968791953987326
0 3 11 0 0.0025968791953987326
1 3 11 1 0.0025968791953987326
0 4 4 0 0.17073694672347614
1 4 4 1 0.17073694672347614
0 5 5 0 0.17073694672347614
1 5 5 1 0.17073694672347614
0 6 6 0 0.17073694672347614
1 6 6 1 0.17073694672347614
0 7 7 0 0.17073694672347614
1 7 7 1 0.17073694672347614
0 8 0 0 -0.003413494489798618
1 8 0 1 -0.003413494489798618
0 9 1 0 -0.003413494489798618
1 9 1 1 -0.003413494489798618
0 8 8 0 0.17852846929709112
1 8 8 1 0.17852846929709112
0 9 9 0 0.17852846929709112
1 9 9 1 0.17852846929709112
0 10 2 0 0.0025968791953987318
1 10 2 1 0.0025968791953987318
0 11 3 0 0.0025968791953987318
1 11 3 1 0.0025968791953987318
0 10 10 0 0.18858767680640295
1 10 10 1 0.18858767680640295
0 11 11 0 0.18858767680640295
1 11 11 1 0.18858767680640295
0 0 2 2 0.07579162515641352
1 0 2 3 0.07579162515641352
0 1 3 2 0.07579162515641352
1 1 3 3 0.07579162515641352
0 0 10 2 -0.01759700590073808
1 0 10 3 -0.01759700590073808
0 1 11 2 -0.01759700590073808
1 1 11 3 -0.01759700590073808
0 2 0 2 0.07579162515641354
1 2 0 3 0.07579162515641354
0 3 1 2 0.07579162515641354
1 3 1 3 0.07579162515641354
0 2 8 2 -0.046318922283612306
1 2 8 3 -0.046318922283612306
0 3 9 2 -0.046318922283612306
1 3 9 3 -0.046318922283612306
0 8 2 2 -0.0463189222836123
1 8 2 3 -0.0463189222836123
0 9 3 2 -0.0463189222836123
1 9 3 3 -0.0463189222836123
0 8 10 2 0.06780306339079134
1 8 10 3 0.06780306339079134
0 9 11 2 0.06780306339079134
1 9 11 3 0.06780306339079134
0 10 0 2 -0.017597005900738087
1 10 0 3 -0.017597005900738087
0 11 1 2 -0.017597005900738087
1 11 1 3 -0.017597005900738087
0 10 8 2 0.06780306339079134
1 10 8 3 0.06780306339079134
0 11 9 2 0.06780306339079134
1 11 9 3 0.06780306339079134
0 0 4 4 0.023392619607333985
1 0 4 5 0.023392619607333985
0 1 5 4 0.023392619607333985
1 1 5 5 0.023392619607333985
0 4 0 4 0.023392619607333985
1 4 0 5 0.023392619607333985
0 5 1 4 0.023392619607333985
1 5 1 5 0.023392619607333985
0 4 8 4 0.022855564828834298
1 4 8 5 0.022855564828834298
0 5 9 4 0.022855564828834298
1 5 9 5 0.022855564828834298
0 8 4 4 0.022855564828834298
1 8 4 5 0.022855564828834298
0 9 5 4 0.022855564828834298
1 9 5 5 0.022855564828834298
0 0 6 6 0.023392619607333985
1 0 6 7 0.023392619607333985
0 1 7 6 0.023392619607333985
1 1 7 7 0.023392619607333985
0 6 0 6 0.023392619607333985
1 6 0 7 0.023392619607333985
0 7 1 6 0.023392619607333985
1 7 1 7 0.023392619607333985
0 6 8 6 0.022855564828834298
1 6 8 7 0.022855564828834298
0 7 9 6 0.022855564828834298
1 7 9 7 0.022855564828834298
0 8 6 6 0.022855564828834298
1 8 6 7 0.022855564828834298
0 9 7 6 0.022855564828834298
1 9 7 7 0.022855564828834298
0 0 0 8 -0.0034134944897986387
1 0 0 9 -0.0034134944897986387
0 1 1 8 -0.0034134944897986387
1 1 1 9 -0.0034134944897986387
0 0 8 8 0.04449597997694867
1 0 8 9 0.04449597997694867
0 1 9 8 0.04449597997694867
1 1 9 9 0.04449597997694867
0 2 2 8 -0.01964339454995985
1 2 2 9 -0.01964339454995985
0 3 3 8 -0.01964339454995985
1 3 3 9 -0.01964339454995985
0 2 10 8 0.04229299837660901
1 2 10 9 0.04229299837660901
0 3 11 8 0.04229299837660901
1 3 11 9 0.04229299837660901
0 4 4 8 0.039736178808153874
1 4 4 9 0.039736178808153874
0 5 5 8 0.039736178808153874
1 5 5 9 0.039736178808153874
0 6 6 8 0.039736178808153874
1 6 6 9 0.039736178808153874
0 7 7 8 0.039736178808153874
1 7 7 9 0.039736178808153874
0 8 0 8 0.044495979976948694
1 8 0 9 0.044495979976948694
0 9 1 8 0.044495979976948694
1 9 1 9 0.044495979976948694
0 8 8 8 -0.01245045706710296
1 8 8 9 -0.01245045706710296
0 9 9 8 -0.01245045706710296
1 9 9 9 -0.01245045706710296
0 10 2 8 0.042292998376609034
1 10 2 9 0.042292998376609034
0 11 3 8 0.042292998376609034
1 11 3 9 0.042292998376609034
0 10 10 8 -0.003042134081842722
1 10 10 9 -0.003042134081842722
0 11 11 8 -0.003042134081842722
1 11 11 9 -0.003042134081842722
0 0 2 10 -0.017597005900738087
1 0 2 11 -0.017597005900738087
0 1 3 10 -0.017597005900738087
1 1 3 11 -0.017597005900738087
0 0 10 10 0.029079697399221477
1 0 10 11 0.029079697399221477
0 1 11 10 0.029079697399221477
1 1 11 11 0.029079697399221477
0 2 0 10 -0.017597005900738094
1 2 0 11 -0.017597005900738094
0 3 1 10 -0.017597005900738094
1 3 1 11 -0.017597005900738094
0 2 8 10 0.032448006564662124
1 2 8 11 0.032448006564662124
0 3 9 10 0.032448006564662124
1 3 9 11 0.032448006564662124
0 8 2 10 0.03244800656466213
1 8 2 11 0.03244800656466213
0 9 3 10 0.03244800656466213
1 9 3 11 0.03244800656466213
0 8 10 10 -0.020133034484787354
1 8 10 11 -0.020133034484787354
0 9 11 10 -0.020133034484787354
1 9 11 11 -0.020133034484787354
0 10 0 10 0.02907969739922147
1 10 0 11 0.02907969739922147
0 11 1 10 0.02907969739922147
1 11 1 11 0.02907969739922147
0 10 8 10 -0.020133034484787347
1 10 8 11 -0.020133034484787347
0 11 9 10 -0.020133034484787347
1 11 9 11 -0.020133034484787347
2 0 2 0 0.07579162515641354
3 0 2 1 0.07579162515641354
2 1 3 0 0.07579162515641354
3 1 3 1 0.07579162515641354
2 0 10 0 -0.01759700590073808
3 0 10 1 -0.01759700590073808
2 1 11 0 -0.01759700590073808
3 1 11 1 -0.01759700590073808
2 2 0 0 0.07579162515641355
3 2 0 1 0.07579162515641355
2 3 1 0 0.07579162515641355
3 3 1 1 0.07579162515641355
2 2 8 0 -0.04631892228361231
3 2 8 1 -0.04631892228361231
2 3 9 0 -0.04631892228361231
3 3 9 1 -0.04631892228361231
2 8 2 0 -0.0463189222836123
3 8 2 1 -0.0463189222836123
2 9 3 0 -0.0463189222836123
3 9 3 1 -0.0463189222836123
2 8 10 0 0.06780306339079134
3 8 10 1 0.06780306339079134
2 9 11 0 0.06780306339079134
3 9 11 1 0.06780306339079134
2 10 0 0 -0.017597005900738087
3 10 0 1 -0.017597005900738087
2 11 1 0 -0.017597005900738087
3 11 1 1 -0.017597005900738087
2 10 8 0 0.06780306339079134
3 10 8 1 0.06780306339079134
2 11 9 0 0.06780306339079134
3 11 9 1 0.06780306339079134
2 0 0 2 0.1812225157310126
3 0 0 3 0.1812225157310126
2 1 1 2 0.1812225157310126
3 1 1 3 0.1812225157310126
2 0 8 2 -0.01964339454995987
3 0 8 3 -0.01964339454995987
2 1 9 2 -0.01964339454995987
3 1 9 3 -0.01964339454995987
2 2 2 2 0.193169601234006
3 2 2 3 0.193169601234006
2 3 3 2 0.193169601234006
3 3 3 3 0.193169601234006
2 2 10 2 -0.009840009209822038
3 2 10 3 -0.009840009209822038
2 3 11 2 -0.009840009209822038
3 3 11 3 -0.009840009209822038
2 4 4 2 0.15717104743171156
3 4 4 3 0.15717104743171156
2 5 5 2 0.15717104743171156
3 5 5 3 0.15717104743171156
2 6 6 2 0.15717104743171156
3 6 6 3 0.15717104743171156
2 7 7 2 0.15717104743171156
3 7 7 3 0.15717104743171156
2 8 0 2 -0.019643394549959878
3 8 0 3 -0.019643394549959878
2 9 1 2 -0.019643394549959878
3 9 1 3 -0.019643394549959878
2 8 8 2 0.18432074991433017
3 8 8 3 0.18432074991433017
2 9 9 2 0.18432074991433017
3 9 9 3 0.18432074991433017
2 10 2 2 -0.00984000920982206
3 10 2 3 -0.00984000920982206
2 11 3 2 -0.00984000920982206
3 11 3 3 -0.00984000920982206
2 10 10 2 0.19473443655362482
3 10 10 3 0.19473443655362482
2 11 11 2 0.19473443655362482
3 11 11 3 0.19473443655362482
2 2 4 4 0.005340883270237876
3 2 4 5 0.005340883270237876
2 3 5 4 0.005340883270237876
3 3 5 5 0.005340883270237876
2 4 2 4 0.005340883270237876
3 4 2 5 0.005340883270237876
2 5 3 4 0.005340883270237876
3 5 3 5 0.005340883270237876
2 4 10 4 0.006354116120832248
3 4 10 5 0.006354116120832248
2 5 11 4 0.006354116120832248
3 5 11 5 0.006354116120832248
2 10 4 4 0.006354116120832248
3 10 4 5 0.006354116120832248
2 11 5 4 0.006354116120832248
3 11 5 5 0.006354116120832248
2 2 6 6 0.005340883270237876
3 2 6 7 0.005340883270237876
2 3 7 6 0.005340883270237876
3 3 7 7 0.005340883270237876
2 6 2 6 0.005340883270237876
3 6 2 7 0.005340883270237876
2 7 3 6 0.005340883270237876
3 7 3 7 0.005340883270237876
2 6 10 6 0.006354116120832248
3 6 10 7 0.006354116120832248
2 7 11 6 0.006354116120832248
3 7 11 7 0.006354116120832248
2 10 6 6 0.006354116120832248
3 10 6 7 0.006354116120832248
2 11 7 6 0.006354116120832248
3 11 7 7 0.006354116120832248
2 0 2 8 -0.04631892228361231
3 0 2 9 -0.04631892228361231
2 1 3 8 -0.04631892228361231
3 1 3 9 -0.04631892228361231
2 0 10 8 0.032448006564662124
3 0 10 9 0.032448006564662124
2 1 11 8 0.032448006564662124
3 1 11 9 0.032448006564662124
2 2 0 8 -0.0463189222836123
3 2 0 9 -0.0463189222836123
2 3 1 8 -0.0463189222836123
3 3 1 9 -0.0463189222836123
2 2 8 8 0.047183243741051914
3 2 8 9 0.047183243741051914
2 3 9 8 0.047183243741051914
3 3 9 9 0.047183243741051914
2 8 2 8 0.047183243741051914
3 8 2 9 0.047183243741051914
2 9 3 8 0.047183243741051914
3 9 3 9 0.047183243741051914
2 8 10 8 -0.045181723560292625
3 8 10 9 -0.045181723560292625
2 9 11 8 -0.045181723560292625
3 9 11 9 -0.045181723560292625
2 10 0 8 0.03244800656466213
3 10 0 9 0.03244800656466213
2 11 1 8 0.03244800656466213
3 11 1 9 0.03244800656466213
2 10 8 8 -0.04518172356029261
3 10 8 9 -0.04518172356029261
2 11 9 8 -0.04518172356029261
3 11 9 9 -0.04518172356029261
2 0 0 10 0.0025968791953987352
3 0 0 11 0.0025968791953987352
2 1 1 10 0.0025968791953987352
3 1 1 11 0.0025968791953987352
2 0 8 10 0.042292998376609006
3 0 8 11 0.042292998376609006
2 1 9 10 0.042292998376609006
3 1 9 11 0.042292998376609006
2 2 2 10 -0.009840009209822007
3 2 2 11 -0.009840009209822007
2 3 3 10 -0.009840009209822007
3 3 3 11 -0.009840009209822007
2 2 10 10 0.045906921669419995
3 2 10 11 0.045906921669419995
2 3 11 10 0.045906921669419995
3 3 11 11 0.045906921669419995
2 4 4 10 0.03915308782701765
3 4 4 11 0.03915308782701765
2 5 5 10 0.03915308782701765
3 5 5 11 0.03915308782701765
2 6 6 10 0.03915308782701765
3 6 6 11 0.03915308782701765
2 7 7 10 0.03915308782701765
3 7 7 11 0.03915308782701765
2 8 0 10 0.04229299837660899
3 8 0 11 0.04229299837660899
2 9 1 10 0.04229299837660899
3 9 1 11 0.04229299837660899
2 8 8 10 -0.009749323812938686
3 8 8 11 -0.009749323812938686
2 9 9 10 -0.009749323812938686
3 9 9 11 -0.009749323812938686
2 10 2 10 0.04590692166942
3 10 2 11 0.04590692166942
2 11 3 10 0.04590692166942
3 11 3 11 0.04590692166942
2 10 10 10 0.006469447494026174
3 10 10 11 0.006469447494026174
2 11 11 10 0.006469447494026174
3 11 11 11 0.006469447494026174
4 0 4 0 0.023392619607333985
5 0 4 1 0.023392619607333985
4 1 5 0 0.023392619607333985
5 1 5 1 0.023392619607333985
4 4 0 0 0.023392619607333985
5 4 0 1 0.023392619607333985
4 5 1 0 0.023392619607333985
5 5 1 1 0.023392619607333985
4 4 8 0 0.022855564828834298
5 4 8 1 0.022855564828834298
4 5 9 0 0.022855564828834298
5 5 9 1 0.022855564828834298
4 8 4 0 0.022855564828834298
5 8 4 1 0.022855564828834298
4 9 5 0 0.022855564828834298
5 9 5 1 0.022855564828834298
4 2 4 2 0.005340883270237876
5 2 4 3 0.005340883270237876
4 3 5 2 0.005340883270237876
5 3 5 3 0.005340883270237876
4 4 2 2 0.005340883270237876
5 4 2 3 0.005340883270237876
4 5 3 2 0.005340883270237876
5 5 3 3 0.005340883270237876
4 4 10 2 0.006354116120832248
5 4 10 3 0.006354116120832248
4 5 11 2 0.006354116120832248
5 5 11 3 0.006354116120832248
4 10 4 2 0.006354116120832248
5 10 4 3 0.006354116120832248
4 11 5 2 0.006354116120832248
5 11 5 3 0.006354116120832248
4 0 0 4 0.17073694672347614
5 0 0 5 0.17073694672347614
4 1 1 4 0.17073694672347614
5 1 1 5 0.17073694672347614
4 0 8 4 0.039736178808153874
5 0 8 5 0.039736178808153874
4 1 9 4 0.039736178808153874
5 1 9 5 0.039736178808153874
4 2 2 4 0.15717104743171156
5 2 2 5 0.15717104743171156
4 3 3 4 0.15717104743171156
5 3 3 5 0.15717104743171156
4 2 10 4 0.03915308782701765
5 2 10 5 0.03915308782701765
4 3 11 4 0.03915308782701765
5 3 11 5 0.03915308782701765
4 4 4 4 0.224929545
5 4 4 5 0.224929545
4 5 5 4 0.224929545
5 5 5 5 0.224929545
4 6 6 4 0.2006801625
5 6 6 5 0.2006801625
4 7 7 4 0.2006801625
5 7 7 5 0.2006801625
4 8 0 4 0.039736178808153874
5 8 0 5 0.039736178808153874
4 9 1 4 0.039736178808153874
5 9 1 5 0.039736178808153874
4 8 8 4 0.16817435451294568
5 8 8 5 0.16817435451294568
4 9 9 4 0.16817435451294568
5 9 9 5 0.16817435451294568
4 10 2 4 0.03915308782701765
5 10 2 5 0.03915308782701765
4 11 3 4 0.03915308782701765
5 11 3 5 0.03915308782701765
4 10 10 4 0.18284637565780845
5 10 10 5 0.18284637565780845
4 11 11 4 0.18284637565780845
5 11 11 5 0.18284637565780845
4 4 6 6 0.0121246915
5 4 6 7 0.0121246915
4 5 7 6 0.0121246915
5 5 7 7 0.0121246915
4 6 4 6 0.0121246915
5 6 4 7 0.0121246915
4 7 5 6 0.0121246915
5 7 5 7 0.0121246915
4 0 4 8 0.02285556482883431
5 0 4 9 0.02285556482883431
4 1 5 8 0.02285556482883431
5 1 5 9 0.02285556482883431
4 4 0 8 0.02285556482883431
5 4 0 9 0.02285556482883431
4 5 1 8 0.02285556482883431
5 5 1 9 0.02285556482883431
4 4 8 8 0.023404161671742814
5 4 8 9 0.023404161671742814
4 5 9 8 0.023404161671742814
5 5 9 9 0.023404161671742814
4 8 4 8 0.023404161671742814
5 8 4 9 0.023404161671742814
4 9 5 8 0.023404161671742814
5 9 5 9 0.023404161671742814
4 2 4 10 0.006354116120832247
5 2 4 11 0.006354116120832247
4 3 5 10 0.006354116120832247
5 3 5 11 0.006354116120832247
4 4 2 10 0.006354116120832247
5 4 2 11 0.006354116120832247
4 5 3 10 0.006354116120832247
5 5 3 11 0.006354116120832247
4 4 10 10 0.008579545543119214
5 4 10 11 0.008579545543119214
4 5 11 10 0.008579545543119214
5 5 11 11 0.008579545543119214
4 10 4 10 0.008579545543119214
5 10 4 11 0.008579545543119214
4 11 5 10 0.008579545543119214
5 11 5 11 0.008579545543119214
6 0 6 0 0.023392619607333985
7 0 6 1 0.023392619607333985
6 1 7 0 0.023392619607333985
7 1 7 1 0.023392619607333985
6 6 0 0 0.023392619607333985
7 6 0 1 0.023392619607333985
6 7 1 0 0.023392619607333985
7 7 1 1 0.023392619607333985
6 6 8 0 0.022855564828834298
7 6 8 1 0.022855564828834298
6 7 9 0 0.022855564828834298
7 7 9 1 0.022855564828834298
6 8 6 0 0.022855564828834298
7 8 6 1 0.022855564828834298
6 9 7 0 0.022855564828834298
7 9 7 1 0.022855564828834298
6 2 6 2 0.005340883270237876
7 2 6 3 0.005340883270237876
6 3 7 2 0.005340883270237876
7 3 7 3 0.005340883270237876
6 6 2 2 0.005340883270237876
7 6 2 3 0.005340883270237876
6 7 3 2 0.005340883270237876
7 7 3 3 0.005340883270237876
6 6 10 2 0.006354116120832248
7 6 10 3 0.006354116120832248
6 7 11 2 0.006354116120832248
7 7 11 3 0.006354116120832248
6 10 6 2 0.006354116120832248
7 10 6 3 0.006354116120832248
6 11 7 2 0.006354116120832248
7 11 7 3 0.006354116120832248
6 4 6 4 0.0121246915
7 4 6 5 0.0121246915
6 5 7 4 0.0121246915
7 5 7 5 0.0121246915
6 6 4 4 0.0121246915
7 6 4 5 0.0121246915
6 7 5 4 0.0121246915
7 7 5 5 0.0121246915
6 0 0 6 0.17073694672347614
7 0 0 7 0.17073694672347614
6 1 1 6 0.17073694672347614
7 1 1 7 0.17073694672347614
6 0 8 6 0.039736178808153874
7 0 8 7 0.039736178808153874
6 1 9 6 0.039736178808153874
7 1 9 7 0.039736178808153874
6 2 2 6 0.15717104743171156
7 2 2 7 0.15717104743171156
6 3 3 6 0.15717104743171156
7 3 3 7 0.15717104743171156
6 2 10 6 0.03915308782701765
7 2 10 7 0.03915308782701765
6 3 11 6 0.03915308782701765
7 3 11 7 0.03915308782701765
6 4 4 6 0.2006801625
7 4 4 7 0.2006801625
6 5 5 6 0.2006801625
7 5 5 7 0.2006801625
6 6 6 6 0.224929545
7 6 6 7 0.224929545
6 7 7 6 0.224929545
7 7 7 7 0.224929545
6 8 0 6 0.039736178808153874
7 8 0 7 0.039736178808153874
6 9 1 6 0.039736178808153874
7 9 1 7 0.039736178808153874
6 8 8 6 0.16817435451294568
7 8 8 7 0.16817435451294568
6 9 9 6 0.16817435451294568
7 9 9 7 0.16817435451294568
6 10 2 6 0.03915308782701765
7 10 2 7 0.03915308782701765
6 11 3 6 0.03915308782701765
7 11 3 7 0.03915308782701765
6 10 10 6 0.18284637565780845
7 10 10 7 0.18284637565780845
6 11 11 6 0.18284637565780845
7 11 11 7 0.18284637565780845
6 0 6 8 0.02285556482883431
7 0 6 9 0.02285556482883431
6 1 7 8 0.02285556482883431
7 1 7 9 0.02285556482883431
6 6 0 8 0.02285556482883431
7 6 0 9 0.02285556482883431
6 7 1 8 0.02285556482883431
7 7 1 9 0.02285556482883431
6 6 8 8 0.023404161671742814
7 6 8 9 0.023404161671742814
6 7 9 8 0.023404161671742814
7 7 9 9 0.023404161671742814
6 8 6 8 0.023404161671742814
7 8 6 9 0.023404161671742814
6 9 7 8 0.023404161671742814
7 9 7 9 0.023404161671742814
6 2 6 10 0.006354116120832247
7 2 6 11 0.006354116120832247
6 3 7 10 0.006354116120832247
7 3 7 11 0.006354116120832247
6 6 2 10 0.006354116120832247
7 6 2 11 0.006354116120832247
6 7 3 10 0.006354116120832247
7 7 3 11 0.006354116120832247
6 6 10 10 0.008579545543119214
7 6 10 11 0.008579545543119214
6 7 11 10 0.008579545543119214
7 7 11 11 0.008579545543119214
6 10 6 10 0.008579545543119214
7 10 6 11 0.008579545543119214
6 11 7 10 0.008579545543119214
7 11 7 11 0.008579545543119214
8 0 0 0 -0.0034134944897986352
9 0 0 1 -0.0034134944897986352
8 1 1 0 -0.0034134944897986352
9 1 1 1 -0.0034134944897986352
8 0 8 0 0.04449597997694867
9 0 8 1 0.04449597997694867
8 1 9 0 0.04449597997694867
9 1 9 1 0.04449597997694867
8 2 2 0 -0.019643394549959836
9 2 2 1 -0.019643394549959836
8 3 3 0 -0.019643394549959836
9 3 3 1 -0.019643394549959836
8 2 10 0 0.04229299837660901
9 2 10 1 0.04229299837660901
8 3 11 0 0.04229299837660901
9 3 11 1 0.04229299837660901
8 4 4 0 0.039736178808153874
9 4 4 1 0.039736178808153874
8 5 5 0 0.039736178808153874
9 5 5 1 0.039736178808153874
8 6 6 0 0.039736178808153874
9 6 6 1 0.039736178808153874
8 7 7 0 0.039736178808153874
9 7 7 1 0.039736178808153874
8 8 0 0 0.044495979976948694
9 8 0 1 0.044495979976948694
8 9 1 0 0.044495979976948694
9 9 1 1 0.044495979976948694
8 8 8 0 -0.01245045706710296
9 8 8 1 -0.01245045706710296
8 9 9 0 -0.01245045706710296
9 9 9 1 -0.01245045706710296
8 10 2 0 0.04229299837660903
9 10 2 1 0.04229299837660903
8 11 3 0 0.04229299837660903
9 11 3 1 0.04229299837660903
8 10 10 0 -0.003042134081842729
9 10 10 1 -0.003042134081842729
8 11 11 0 -0.003042134081842729
9 11 11 1 -0.003042134081842729
8 0 2 2 -0.04631892228361231
9 0 2 3 -0.04631892228361231
8 1 3 2 -0.04631892228361231
9 1 3 3 -0.04631892228361231
8 0 10 2 0.032448006564662124
9 0 10 3 0.032448006564662124
8 1 11 2 0.032448006564662124
9 1 11 3 0.032448006564662124
8 2 0 2 -0.046318922283612306
9 2 0 3 -0.046318922283612306
8 3 1 2 -0.046318922283612306
9 3 1 3 -0.046318922283612306
8 2 8 2 0.047183243741051914
9 2 8 3 0.047183243741051914
8 3 9 2 0.047183243741051914
9 3 9 3 0.047183243741051914
8 8 2 2 0.047183243741051914
9 8 2 3 0.047183243741051914
8 9 3 2 0.047183243741051914
9 9 3 3 0.047183243741051914
8 8 10 2 -0.045181723560292625
9 8 10 3 -0.045181723560292625
8 9 11 2 -0.045181723560292625
9 9 11 3 -0.045181723560292625
8 10 0 2 0.03244800656466214
9 10 0 3 0.03244800656466214
8 11 1 2 0.03244800656466214
9 11 1 3 0.03244800656466214
8 10 8 2 -0.04518172356029261
9 10 8 3 -0.04518172356029261
8 11 9 2 -0.04518172356029261
9 11 9 3 -0.04518172356029261
8 0 4 4 0.02285556482883431
9 0 4 5 0.02285556482883431
8 1 5 4 0.02285556482883431
9 1 5 5 0.02285556482883431
8 4 0 4 0.02285556482883431
9 4 0 5 0.02285556482883431
8 5 1 4 0.02285556482883431
9 5 1 5 0.02285556482883431
8 4 8 4 0.023404161671742814
9 4 8 5 0.023404161671742814
8 5 9 4 0.023404161671742814
9 5 9 5 0.023404161671742814
8 8 4 4 0.023404161671742814
9 8 4 5 0.023404161671742814
8 9 5 4 0.023404161671742814
9 9 5 5 0.023404161671742814
8 0 6 6 0.02285556482883431
9 0 6 7 0.02285556482883431
8 1 7 6 0.02285556482883431
9 1 7 7 0.02285556482883431
8 6 0 6 0.02285556482883431
9 6 0 7 0.02285556482883431
8 7 1 6 0.02285556482883431
9 7 1 7 0.02285556482883431
8 6 8 6 0.023404161671742814
9 6 8 7 0.023404161671742814
8 7 9 6 0.023404161671742814
9 7 9 7 0.023404161671742814
8 8 6 6 0.023404161671742814
9 8 6 7 0.023404161671742814
8 9 7 6 0.023404161671742814
9 9 7 7 0.023404161671742814
8 0 0 8 0.1785284692970911
9 0 0 9 0.1785284692970911
8 1 1 8 0.1785284692970911
9 1 1 9 0.1785284692970911
8 0 8 8 -0.012450457067102953
9 0 8 9 -0.012450457067102953
8 1 9 8 -0.012450457067102953
9 1 9 9 -0.012450457067102953
8 2 2 8 0.1843207499143302
9 2 2 9 0.1843207499143302
8 3 3 8 0.1843207499143302
9 3 3 9 0.1843207499143302
8 2 10 8 -0.009749323812938738
9 2 10 9 -0.009749323812938738
8 3 11 8 -0.009749323812938738
9 3 11 9 -0.009749323812938738
8 4 4 8 0.16817435451294568
9 4 4 9 0.16817435451294568
8 5 5 8 0.16817435451294568
9 5 5 9 0.16817435451294568
8 6 6 8 0.16817435451294568
9 6 6 9 0.16817435451294568
8 7 7 8 0.16817435451294568
9 7 7 9 0.16817435451294568
8 8 0 8 -0.012450457067102936
9 8 0 9 -0.012450457067102936
8 9 1 8 -0.012450457067102936
9 9 1 9 -0.012450457067102936
8 8 8 8 0.18739589870890377
9 8 8 9 0.18739589870890377
8 9 9 8 0.18739589870890377
9 9 9 9 0.18739589870890377
8 10 2 8 -0.009749323812938762
9 10 2 9 -0.009749323812938762
8 11 3 8 -0.009749323812938762
9 11 3 9 -0.009749323812938762
8 10 10 8 0.19321130055611357
9 10 10 9 0.19321130055611357
8 11 11 8 0.19321130055611357
9 11 11 9 0.19321130055611357
8 0 2 10 0.06780306339079134
9 0 2 11 0.06780306339079134
8 1 3 10 0.06780306339079134
9 1 3 11 0.06780306339079134
8 0 10 10 -0.02013303448478736
9 0 10 11 -0.02013303448478736
8 1 11 10 -0.02013303448478736
9 1 11 11 -0.02013303448478736
8 2 0 10 0.06780306339079135
9 2 0 11 0.06780306339079135
8 3 1 10 0.06780306339079135
9 3 1 11 0.06780306339079135
8 2 8 10 -0.045181723560292625
9 2 8 11 -0.045181723560292625
8 3 9 10 -0.045181723560292625
9 3 9 11 -0.045181723560292625
8 8 2 10 -0.04518172356029261
9 8 2 11 -0.04518172356029261
8 9 3 10 -0.04518172356029261
9 9 3 11 -0.04518172356029261
8 8 10 10 0.06603199358414233
9 8 10 11 0.06603199358414233
8 9 11 10 0.06603199358414233
9 9 11 11 0.06603199358414233
8 10 0 10 -0.020133034484787347
9 10 0 11 -0.020133034484787347
8 11 1 10 -0.020133034484787347
9 11 1 11 -0.020133034484787347
8 10 8 10 0.0660319935841423
9 10 8 11 0.0660319935841423
8 11 9 10 0.0660319935841423
9 11 9 11 0.0660319935841423
10 0 2 0 -0.01759700590073808
11 0 2 1 -0.01759700590073808
10 1 3 0 -0.01759700590073808
11 1 3 1 -0.01759700590073808
10 0 10 0 0.029079697399221477
11 0 10 1 0.029079697399221477
10 1 11 0 0.029079697399221477
11 1 11 1 0.029079697399221477
10 2 0 0 -0.017597005900738094
11 2 0 1 -0.017597005900738094
10 3 1 0 -0.017597005900738094
11 3 1 1 -0.017597005900738094
10 2 8 0 0.032448006564662124
11 2 8 1 0.032448006564662124
10 3 9 0 0.032448006564662124
11 3 9 1 0.032448006564662124
10 8 2 0 0.03244800656466213
11 8 2 1 0.03244800656466213
10 9 3 0 0.03244800656466213
11 9 3 1 0.03244800656466213
10 8 10 0 -0.020133034484787357
11 8 10 1 -0.020133034484787357
10 9 11 0 -0.020133034484787357
11 9 11 1 -0.020133034484787357
10 10 0 0 0.029079697399221466
11 10 0 1 0.029079697399221466
10 11 1 0 0.029079697399221466
11 11 1 1 0.029079697399221466
10 10 8 0 -0.02013303448478735
11 10 8 1 -0.02013303448478735
10 11 9 0 -0.02013303448478735
11 11 9 1 -0.02013303448478735
10 0 0 2 0.0025968791953987352
11 0 0 3 0.0025968791953987352
10 1 1 2 0.0025968791953987352
11 1 1 3 0.0025968791953987352
10 0 8 2 0.042292998376609006
11 0 8 3 0.042292998376609006
10 1 9 2 0.042292998376609006
11 1 9 3 0.042292998376609006
10 2 2 2 -0.009840009209822018
11 2 2 3 -0.009840009209822018
10 3 3 2 -0.009840009209822018
11 3 3 3 -0.009840009209822018
10 2 10 2 0.04590692166941998
11 2 10 3 0.04590692166941998
10 3 11 2 0.04590692166941998
11 3 11 3 0.04590692166941998
10 4 4 2 0.03915308782701765
11 4 4 3 0.03915308782701765
10 5 5 2 0.03915308782701765
11 5 5 3 0.03915308782701765
10 6 6 2 0.03915308782701765
11 6 6 3 0.03915308782701765
10 7 7 2 0.03915308782701765
11 7 7 3 0.03915308782701765
10 8 0 2 0.04229299837660899
11 8 0 3 0.04229299837660899
10 9 1 2 0.04229299837660899
11 9 1 3 0.04229299837660899
10 8 8 2 -0.00974932381293872
11 8 8 3 -0.00974932381293872
10 9 9 2 -0.00974932381293872
11 9 9 3 -0.00974932381293872
10 10 2 2 0.045906921669419995
11 10 2 3 0.045906921669419995
10 11 3 2 0.045906921669419995
11 11 3 3 0.045906921669419995
10 10 10 2 0.006469447494026184
11 10 10 3 0.006469447494026184
10 11 11 2 0.006469447494026184
11 11 11 3 0.006469447494026184
10 2 4 4 0.006354116120832247
11 2 4 5 0.006354116120832247
10 3 5 4 0.006354116120832247
11 3 5 5 0.006354116120832247
10 4 2 4 0.006354116120832247
11 4 2 5 0.006354116120832247
10 5 3 4 0.006354116120832247
11 5 3 5 0.006354116120832247
10 4 10 4 0.008579545543119214
11 4 10 5 0.008579545543119214
10 5 11 4 0.008579545543119214
11 5 11 5 0.008579545543119214
10 10 4 4 0.008579545543119214
11 10 4 5 0.008579545543119214
10 11 5 4 0.008579545543119214
11 11 5 5 0.008579545543119214
10 2 6 6 0.006354116120832247
11 2 6 7 0.006354116120832247
10 3 7 6 0.006354116120832247
11 3 7 7 0.006354116120832247
10 6 2 6 0.006354116120832247
11 6 2 7 0.006354116120832247
10 7 3 6 0.006354116120832247
11 7 3 7 0.006354116120832247
10 6 10 6 0.008579545543119214
11 6 10 7 0.008579545543119214
10 7 11 6 0.008579545543119214
11 7 11 7 0.008579545543119214
10 10 6 6 0.008579545543119214
11 10 6 7 0.008579545543119214
10 11 7 6 0.008579545543119214
11 11 7 7 0.008579545543119214
10 0 2 8 0.06780306339079134
11 0 2 9 0.06780306339079134
10 1 3 8 0.06780306339079134
11 1 3 9 0.06780306339079134
10 0 10 8 -0.02013303448478736
11 0 10 9 -0.02013303448478736
10 1 11 8 -0.02013303448478736
11 1 11 9 -0.02013303448478736
10 2 0 8 0.06780306339079134
11 2 0 9 0.06780306339079134
10 3 1 8 0.06780306339079134
11 3 1 9 0.06780306339079134
10 2 8 8 -0.04518172356029262
11 2 8 9 -0.04518172356029262
10 3 9 8 -0.04518172356029262
11 3 9 9 -0.04518172356029262
10 8 2 8 -0.04518172356029261
11 8 2 9 -0.04518172356029261
10 9 3 8 -0.04518172356029261
11 9 3 9 -0.04518172356029261
10 8 10 8 0.06603199358414234
11 8 10 9 0.06603199358414234
10 9 11 8 0.06603199358414234
11 9 11 9 0.06603199358414234
10 10 0 8 -0.020133034484787347
11 10 0 9 -0.020133034484787347
10 11 1 8 -0.020133034484787347
11 11 1 9 -0.020133034484787347
10 10 8 8 0.06603199358414232
11 10 8 9 0.06603199358414232
10 11 9 8 0.06603199358414232
11 11 9 9 0.06603199358414232
10 0 0 10 0.188587676806403
11 0 0 11 0.188587676806403
10 1 1 10 0.188587676806403
11 1 1 11 0.188587676806403
10 0 8 10 -0.0030421340818427497
11 0 8 11 -0.0030421340818427497
10 1 9 10 -0.0030421340818427497
11 1 9 11 -0.0030421340818427497
10 2 2 10 0.1947344365536248
11 2 2 11 0.1947344365536248
10 3 3 10 0.1947344365536248
11 3 3 11 0.1947344365536248
10 2 10 10 0.006469447494026191
11 2 10 11 0.006469447494026191
10 3 11 10 0.006469447494026191
11 3 11 11 0.006469447494026191
10 4 4 10 0.18284637565780845
11 4 4 11 0.18284637565780845
10 5 5 10 0.18284637565780845
11 5 5 11 0.18284637565780845
10 6 6 10 0.18284637565780845
11 6 6 11 0.18284637565780845
10 7 7 10 0.18284637565780845
11 7 7 11 0.18284637565780845
10 8 0 10 -0.0030421340818428053
11 8 0 11 -0.0030421340818428053
10 9 1 10 -0.0030421340818428053
11 9 1 11 -0.0030421340818428053
10 8 8 10 0.19321130055611357
11 8 8 11 0.19321130055611357
10 9 9 10 0.19321130055611357
11 9 9 11 0.19321130055611357
10 10 2 10 0.006469447494026153
11 10 2 11 0.006469447494026153
10 11 3 10 0.006469447494026153
11 11 3 11 0.006469447494026153
10 10 10 10 0.21260451312791506
11 10 10 11 0.21260451312791506
10 11 11 10 0.21260451312791506
11 11 11 11 0.21260451312791506
