-12.357316457930883
0 0 -1.175030957983906
1 1 -1.175030957983906
0 4 -0.019348523843872756
1 5 -0.019348523843872756
2 2 -1.1431214290529825
3 3 -1.1431214290529825
2 10 0.0256007905406217
3 11 0.0256007905406217
4 0 -0.019348523843872756
5 1 -0.019348523843872756
4 4 -0.9815597588818593
5 5 -0.9815597588818593
6 6 -0.9610175223821833
7 7 -0.9610175223821833
8 8 -0.9610175223821833
9 9 -0.9610175223821833
10 2 0.025600790540621476
11 3 0.025600790540621476
10 10 -0.8736821615137166
11 11 -0.8736821615137166
0 0 0 0 0.16341169199108144
1 0 0 1 0.16341169199108144
0 1 1 0 0.16341169199108144
1 1 1 1 0.16341169199108144
0 0 4 0 0.003464847897790226
1 0 4 1 0.003464847897790226
0 1 5 0 0.003464847897790226
1 1 5 1 0.003464847897790226
0 2 2 0 0.16384789079815154
1 2 2 1 0.16384789079815154
0 3 3 0 0.16384789079815154
1 3 3 1 0.16384789079815154
0 2 10 0 -0.006794217536904172
1 2 10 1 -0.006794217536904172
0 3 11 0 -0.006794217536904172
1 3 11 1 -0.006794217536904172
0 4 0 0 0.003464847897790226
1 4 0 1 0.003464847897790226
0 5 1 0 0.003464847897790226
1 5 1 1 0.003464847897790226
0 4 4 0 0.16442358989138728
1 4 4 1 0.16442358989138728
0 5 5 0 0.16442358989138728
1 5 5 1 0.16442358989138728
0 6 6 0 0.16496755118899023
1 6 6 1 0.16496755118899023
0 7 7 0 0.16496755118899023
1 7 7 1 0.16496755118899023
0 8 8 0 0.16496755118899023
1 8 8 1 0.16496755118899023
0 9 9 0 0.16496755118899023
1 9 9 1 0.16496755118899023
0 10 2 0 -0.006794217536904176
1 10 2 1 -0.006794217536904176
0 11 3 0 -0.006794217536904176
1 11 3 1 -0.006794217536904176
0 10 10 0 0.1738292816785884
1 10 10 1 0.1738292816785884
0 11 11 0 0.1738292816785884
1 11 11 1 0.1738292816785884
0 0 2 2 0.06880728864648794
1 0 2 3 0.06880728864648794
0 1 3 2 0.06880728864648794
1 1 3 3 0.06880728864648794
0 0 10 2 0.013682800040408241
1 0 10 3 0.013682800040408241
0 1 11 2 0.013682800040408241
1 1 11 3 0.013682800040408241
0 2 0 2 0.06880728864648795
1 2 0 3 0.06880728864648795
0 3 1 2 0.06880728864648795
1 3 1 3 0.06880728864648795
0 2 4 2 -0.04954388498785757
1 2 4 3 -0.04954388498785757
0 3 5 2 -0.04954388498785757
1 3 5 3 -0.04954388498785757
0 4 2 2 -0.049543884987857556
1 4 2 3 -0.049543884987857556
0 5 3 2 -0.049543884987857556
1 5 3 3 -0.049543884987857556
0 4 10 2 -0.0630054226829806
1 4 10 3 -0.0630054226829806
0 5 11 2 -0.0630054226829806
1 5 11 3 -0.0630054226829806
0 10 0 2 0.013682800040408243
1 10 0 3 0.013682800040408243
0 11 1 2 0.013682800040408243
1 11 1 3 0.013682800040408243
0 10 4 2 -0.0630054226829806
1 10 4 3 -0.0630054226829806
0 11 5 2 -0.0630054226829806
1 11 5 3 -0.0630054226829806
0 0 0 4 0.0034648478977902415
1 0 0 5 0.0034648478977902415
0 1 1 4 0.0034648478977902415
1 1 1 5 0.0034648478977902415
0 0 4 4 0.048964799925308077
1 0 4 5 0.048964799925308077
0 1 5 4 0.048964799925308077
1 1 5 5 0.048964799925308077
0 2 2 4 -0.021667262823010763
1 2 2 5 -0.021667262823010763
0 3 3 4 -0.021667262823010763
1 3 3 5 -0.021667262823010763
0 2 10 4 -0.046342848576649595
1 2 10 5 -0.046342848576649595
0 3 11 4 -0.046342848576649595
1 3 11 5 -0.046342848576649595
0 4 0 4 0.04896479992530808
1 4 0 5 0.04896479992530808
0 5 1 4 0.04896479992530808
1 5 1 5 0.04896479992530808
0 4 4 4 -0.013875196455715506
1 4 4 5 -0.013875196455715506
0 5 5 4 -0.013875196455715506
1 5 5 5 -0.013875196455715506
0 6 6 4 0.04766809897335368
1 6 6 5 0.04766809897335368
0 7 7 4 0.04766809897335368
1 7 7 5 0.04766809897335368
0 8 8 4 0.04766809897335368
1 8 8 5 0.04766809897335368
0 9 9 4 0.04766809897335368
1 9 9 5 0.04766809897335368
0 10 2 4 -0.04634284857664961
1 10 2 5 -0.04634284857664961
0 11 3 4 -0.04634284857664961
1 11 3 5 -0.04634284857664961
0 10 10 4 0.006844420495507292
1 10 10 5 0.006844420495507292
0 11 11 4 0.006844420495507292
1 11 11 5 0.006844420495507292
0 0 6 6 0.02437158040546842
1 0 6 7 0.02437158040546842
0 1 7 6 0.02437158040546842
1 1 7 7 0.02437158040546842
0 4 6 6 0.02220506098773929
1 4 6 7 0.02220506098773929
0 5 7 6 0.02220506098773929
1 5 7 7 0.02220506098773929
0 6 0 6 0.02437158040546842
1 6 0 7 0.02437158040546842
0 7 1 6 0.02437158040546842
1 7 1 7 0.02437158040546842
0 6 4 6 0.02220506098773929
1 6 4 7 0.02220506098773929
0 7 5 6 0.02220506098773929
1 7 5 7 0.02220506098773929
0 0 8 8 0.02437158040546842
1 0 8 9 0.02437158040546842
0 1 9 8 0.02437158040546842
1 1 9 9 0.02437158040546842
0 4 8 8 0.02220506098773929
1 4 8 9 0.02220506098773929
0 5 9 8 0.02220506098773929
1 5 9 9 0.02220506098773929
0 8 0 8 0.02437158040546842
1 8 0 9 0.02437158040546842
0 9 1 8 0.02437158040546842
1 9 1 9 0.02437158040546842
0 8 4 8 0.02220506098773929
1 8 4 9 0.02220506098773929
0 9 5 8 0.02220506098773929
1 9 5 9 0.02220506098773929
0 0 2 10 0.013682800040408246
1 0 2 11 0.013682800040408246
0 1 3 10 0.013682800040408246
1 1 3 11 0.013682800040408246
0 0 10 10 0.029189795836478433
1 0 10 11 0.029189795836478433
0 1 11 10 0.029189795836478433
1 1 11 11 0.029189795836478433
0 2 0 10 0.013682800040408248
1 2 0 11 0.013682800040408248
0 3 1 10 0.013682800040408248
1 3 1 11 0.013682800040408248
0 2 4 10 -0.033689629477955355
1 2 4 11 -0.033689629477955355
0 3 5 10 -0.033689629477955355
1 3 5 11 -0.033689629477955355
0 4 2 10 -0.033689629477955355
1 4 2 11 -0.033689629477955355
0 5 3 10 -0.033689629477955355
1 5 3 11 -0.033689629477955355
0 4 10 10 -0.013879779199389394
1 4 10 11 -0.013879779199389394
0 5 11 10 -0.013879779199389394
1 5 11 11 -0.013879779199389394
0 10 0 10 0.029189795836478426
1 10 0 11 0.029189795836478426
0 11 1 10 0.029189795836478426
1 11 1 11 0.029189795836478426
0 10 4 10 -0.013879779199389401
1 10 4 11 -0.013879779199389401
0 11 5 10 -0.013879779199389401
1 11 5 11 -0.013879779199389401
2 0 2 0 0.06880728864648794
3 0 2 1 0.06880728864648794
2 1 3 0 0.06880728864648794
3 1 3 1 0.06880728864648794
2 0 10 0 0.013682800040408241
3 0 10 1 0.013682800040408241
2 1 11 0 0.013682800040408241
3 1 11 1 0.013682800040408241
2 2 0 0 0.06880728864648795
3 2 0 1 0.06880728864648795
2 3 1 0 0.06880728864648795
3 3 1 1 0.06880728864648795
2 2 4 0 -0.04954388498785757
3 2 4 1 -0.04954388498785757
2 3 5 0 -0.04954388498785757
3 3 5 1 -0.04954388498785757
2 4 2 0 -0.04954388498785756
3 4 2 1 -0.04954388498785756
2 5 3 0 -0.04954388498785756
3 5 3 1 -0.04954388498785756
2 4 10 0 -0.0630054226829806
3 4 10 1 -0.0630054226829806
2 5 11 0 -0.0630054226829806
3 5 11 1 -0.0630054226829806
2 10 0 0 0.013682800040408241
3 10 0 1 0.013682800040408241
2 11 1 0 0.013682800040408241
3 11 1 1 0.013682800040408241
2 10 4 0 -0.0630054226829806
3 10 4 1 -0.0630054226829806
2 11 5 0 -0.0630054226829806
3 11 5 1 -0.0630054226829806
2 0 0 2 0.16384789079815154
3 0 0 3 0.16384789079815154
2 1 1 2 0.16384789079815154
3 1 1 3 0.16384789079815154
2 0 4 2 -0.021667262823010753
3 0 4 3 -0.021667262823010753
2 1 5 2 -0.021667262823010753
3 1 5 3 -0.021667262823010753
2 2 2 2 0.1784667345691529
3 2 2 3 0.1784667345691529
2 3 3 2 0.1784667345691529
3 3 3 3 0.1784667345691529
2 2 10 2 0.014471034718949524
3 2 10 3 0.014471034718949524
2 3 11 2 0.014471034718949524
3 3 11 3 0.014471034718949524
2 4 0 2 -0.021667262823010763
3 4 0 3 -0.021667262823010763
2 5 1 2 -0.021667262823010763
3 5 1 3 -0.021667262823010763
2 4 4 2 0.17257760867865976
3 4 4 3 0.17257760867865976
2 5 5 2 0.17257760867865976
3 5 5 3 0.17257760867865976
2 6 6 2 0.14061387229180244
3 6 6 3 0.14061387229180244
2 7 7 2 0.14061387229180244
3 7 7 3 0.14061387229180244
2 8 8 2 0.14061387229180244
3 8 8 3 0.14061387229180244
2 9 9 2 0.14061387229180244
3 9 9 3 0.14061387229180244
2 10 2 2 0.014471034718949529
3 10 2 3 0.014471034718949529
2 11 3 2 0.014471034718949529
3 11 3 3 0.014471034718949529
2 10 10 2 0.17487674553296384
3 10 10 3 0.17487674553296384
2 11 11 2 0.17487674553296384
3 11 11 3 0.17487674553296384
2 0 2 4 -0.049543884987857556
3 0 2 5 -0.049543884987857556
2 1 3 4 -0.049543884987857556
3 1 3 5 -0.049543884987857556
2 0 10 4 -0.03368962947795534
3 0 10 5 -0.03368962947795534
2 1 11 4 -0.03368962947795534
3 1 11 5 -0.03368962947795534
2 2 0 4 -0.04954388498785757
3 2 0 5 -0.04954388498785757
2 3 1 4 -0.04954388498785757
3 3 1 5 -0.04954388498785757
2 2 4 4 0.05716788636898647
3 2 4 5 0.05716788636898647
2 3 5 4 0.05716788636898647
3 3 5 5 0.05716788636898647
2 4 2 4 0.057167886368986454
3 4 2 5 0.057167886368986454
2 5 3 4 0.057167886368986454
3 5 3 5 0.057167886368986454
2 4 10 4 0.04679128569514073
3 4 10 5 0.04679128569514073
2 5 11 4 0.04679128569514073
3 5 11 5 0.04679128569514073
2 10 0 4 -0.03368962947795535
3 10 0 5 -0.03368962947795535
2 11 1 4 -0.03368962947795535
3 11 1 5 -0.03368962947795535
2 10 4 4 0.04679128569514074
3 10 4 5 0.04679128569514074
2 11 5 4 0.04679128569514074
3 11 5 5 0.04679128569514074
2 2 6 6 0.0041862259705114585
3 2 6 7 0.0041862259705114585
2 3 7 6 0.0041862259705114585
3 3 7 7 0.0041862259705114585
2 6 2 6 0.0041862259705114585
3 6 2 7 0.0041862259705114585
2 7 3 6 0.0041862259705114585
3 7 3 7 0.0041862259705114585
2 6 10 6 -0.005896435338739718
3 6 10 7 -0.005896435338739718
2 7 11 6 -0.005896435338739718
3 7 11 7 -0.005896435338739718
2 10 6 6 -0.005896435338739718
3 10 6 7 -0.005896435338739718
2 11 7 6 -0.005896435338739718
3 11 7 7 -0.005896435338739718
2 2 8 8 0.0041862259705114585
3 2 8 9 0.0041862259705114585
2 3 9 8 0.0041862259705114585
3 3 9 9 0.0041862259705114585
2 8 2 8 0.0041862259705114585
3 8 2 9 0.0041862259705114585
2 9 3 8 0.0041862259705114585
3 9 3 9 0.0041862259705114585
2 8 10 8 -0.005896435338739718
3 8 10 9 -0.005896435338739718
2 9 11 8 -0.005896435338739718
3 9 11 9 -0.005896435338739718
2 10 8 8 -0.005896435338739718
3 10 8 9 -0.005896435338739718
2 11 9 8 -0.005896435338739718
3 11 9 9 -0.005896435338739718
2 0 0 10 -0.006794217536904176
3 0 0 11 -0.006794217536904176
2 1 1 10 -0.006794217536904176
3 1 1 11 -0.006794217536904176
2 0 4 10 -0.04634284857664962
3 0 4 11 -0.04634284857664962
2 1 5 10 -0.04634284857664962
3 1 5 11 -0.04634284857664962
2 2 2 10 0.014471034718949505
3 2 2 11 0.014471034718949505
2 3 3 10 0.014471034718949505
3 3 3 11 0.014471034718949505
2 2 10 10 0.048879077683878114
3 2 10 11 0.048879077683878114
2 3 11 10 0.048879077683878114
3 3 11 11 0.048879077683878114
2 4 0 10 -0.04634284857664963
3 4 0 11 -0.04634284857664963
2 5 1 10 -0.04634284857664963
3 5 1 11 -0.04634284857664963
2 4 4 10 0.012291855136387392
3 4 4 11 0.012291855136387392
2 5 5 10 0.012291855136387392
3 5 5 11 0.012291855136387392
2 6 6 10 -0.04425197226619185
3 6 6 11 -0.04425197226619185
2 7 7 10 -0.04425197226619185
3 7 7 11 -0.04425197226619185
2 8 8 10 -0.04425197226619185
3 8 8 11 -0.04425197226619185
2 9 9 10 -0.04425197226619185
3 9 9 11 -0.04425197226619185
2 10 2 10 0.048879077683878114
3 10 2 11 0.048879077683878114
2 11 3 10 0.048879077683878114
3 11 3 11 0.048879077683878114
2 10 10 10 -0.014078314103276295
3 10 10 11 -0.014078314103276295
2 11 11 10 -0.014078314103276295
3 11 11 11 -0.014078314103276295
4 0 0 0 0.003464847897790245
5 0 0 1 0.003464847897790245
4 1 1 0 0.003464847897790245
5 1 1 1 0.003464847897790245
4 0 4 0 0.048964799925308077
5 0 4 1 0.048964799925308077
4 1 5 0 0.048964799925308077
5 1 5 1 0.048964799925308077
4 2 2 0 -0.021667262823010777
5 2 2 1 -0.021667262823010777
4 3 3 0 -0.021667262823010777
5 3 3 1 -0.021667262823010777
4 2 10 0 -0.0463428485766496
5 2 10 1 -0.0463428485766496
4 3 11 0 -0.0463428485766496
5 3 11 1 -0.0463428485766496
4 4 0 0 0.04896479992530808
5 4 0 1 0.04896479992530808
4 5 1 0 0.04896479992530808
5 5 1 1 0.04896479992530808
4 4 4 0 -0.013875196455715513
5 4 4 1 -0.013875196455715513
4 5 5 0 -0.013875196455715513
5 5 5 1 -0.013875196455715513
4 6 6 0 0.04766809897335373
5 6 6 1 0.04766809897335373
4 7 7 0 0.04766809897335373
5 7 7 1 0.04766809897335373
4 8 8 0 0.04766809897335373
5 8 8 1 0.04766809897335373
4 9 9 0 0.04766809897335373
5 9 9 1 0.04766809897335373
4 10 2 0 -0.04634284857664961
5 10 2 1 -0.04634284857664961
4 11 3 0 -0.04634284857664961
5 11 3 1 -0.04634284857664961
4 10 10 0 0.006844420495507236
5 10 10 1 0.006844420495507236
4 11 11 0 0.006844420495507236
5 11 11 1 0.006844420495507236
4 0 2 2 -0.049543884987857556
5 0 2 3 -0.049543884987857556
4 1 3 2 -0.049543884987857556
5 1 3 3 -0.049543884987857556
4 0 10 2 -0.03368962947795534
5 0 10 3 -0.03368962947795534
4 1 11 2 -0.03368962947795534
5 1 11 3 -0.03368962947795534
4 2 0 2 -0.04954388498785757
5 2 0 3 -0.04954388498785757
4 3 1 2 -0.04954388498785757
5 3 1 3 -0.04954388498785757
4 2 4 2 0.05716788636898647
5 2 4 3 0.05716788636898647
4 3 5 2 0.05716788636898647
5 3 5 3 0.05716788636898647
4 4 2 2 0.057167886368986454
5 4 2 3 0.057167886368986454
4 5 3 2 0.057167886368986454
5 5 3 3 0.057167886368986454
4 4 10 2 0.04679128569514074
5 4 10 3 0.04679128569514074
4 5 11 2 0.04679128569514074
5 5 11 3 0.04679128569514074
4 10 0 2 -0.033689629477955355
5 10 0 3 -0.033689629477955355
4 11 1 2 -0.033689629477955355
5 11 1 3 -0.033689629477955355
4 10 4 2 0.04679128569514075
5 10 4 3 0.04679128569514075
4 11 5 2 0.04679128569514075
5 11 5 3 0.04679128569514075
4 0 0 4 0.16442358989138733
5 0 0 5 0.16442358989138733
4 1 1 4 0.16442358989138733
5 1 1 5 0.16442358989138733
4 0 4 4 -0.013875196455715489
5 0 4 5 -0.013875196455715489
4 1 5 4 -0.013875196455715489
5 1 5 5 -0.013875196455715489
4 2 2 4 0.17257760867865973
5 2 2 5 0.17257760867865973
4 3 3 4 0.17257760867865973
5 3 3 5 0.17257760867865973
4 2 10 4 0.012291855136387399
5 2 10 5 0.012291855136387399
4 3 11 4 0.012291855136387399
5 3 11 5 0.012291855136387399
4 4 0 4 -0.013875196455715496
5 4 0 5 -0.013875196455715496
4 5 1 4 -0.013875196455715496
5 5 1 5 -0.013875196455715496
4 4 4 4 0.17493670236146228
5 4 4 5 0.17493670236146228
4 5 5 4 0.17493670236146228
5 5 5 5 0.17493670236146228
4 6 6 4 0.15355694948370713
5 6 6 5 0.15355694948370713
4 7 7 4 0.15355694948370713
5 7 7 5 0.15355694948370713
4 8 8 4 0.15355694948370713
5 8 8 5 0.15355694948370713
4 9 9 4 0.15355694948370713
5 9 9 5 0.15355694948370713
4 10 2 4 0.012291855136387392
5 10 2 5 0.012291855136387392
4 11 3 4 0.012291855136387392
5 11 3 5 0.012291855136387392
4 10 10 4 0.17511579007811168
5 10 10 5 0.17511579007811168
4 11 11 4 0.17511579007811168
5 11 11 5 0.17511579007811168
4 0 6 6 0.02220506098773929
5 0 6 7 0.02220506098773929
4 1 7 6 0.02220506098773929
5 1 7 7 0.02220506098773929
4 4 6 6 0.02063113640321512
5 4 6 7 0.02063113640321512
4 5 7 6 0.02063113640321512
5 5 7 7 0.02063113640321512
4 6 0 6 0.02220506098773929
5 6 0 7 0.02220506098773929
4 7 1 6 0.02220506098773929
5 7 1 7 0.02220506098773929
4 6 4 6 0.02063113640321512
5 6 4 7 0.02063113640321512
4 7 5 6 0.02063113640321512
5 7 5 7 0.02063113640321512
4 0 8 8 0.02220506098773929
5 0 8 9 0.02220506098773929
4 1 9 8 0.02220506098773929
5 1 9 9 0.02220506098773929
4 4 8 8 0.02063113640321512
5 4 8 9 0.02063113640321512
4 5 9 8 0.02063113640321512
5 5 9 9 0.02063113640321512
4 8 0 8 0.02220506098773929
5 8 0 9 0.02220506098773929
4 9 1 8 0.02220506098773929
5 9 1 9 0.02220506098773929
4 8 4 8 0.02063113640321512
5 8 4 9 0.02063113640321512
4 9 5 8 0.02063113640321512
5 9 5 9 0.02063113640321512
4 0 2 10 -0.0630054226829806
5 0 2 11 -0.0630054226829806
4 1 3 10 -0.0630054226829806
5 1 3 11 -0.0630054226829806
4 0 10 10 -0.013879779199389404
5 0 10 11 -0.013879779199389404
4 1 11 10 -0.013879779199389404
5 1 11 11 -0.013879779199389404
4 2 0 10 -0.06300542268298061
5 2 0 11 -0.06300542268298061
4 3 1 10 -0.06300542268298061
5 3 1 11 -0.06300542268298061
4 2 4 10 0.04679128569514074
5 2 4 11 0.04679128569514074
4 3 5 10 0.04679128569514074
5 3 5 11 0.04679128569514074
4 4 2 10 0.04679128569514074
5 4 2 11 0.04679128569514074
4 5 3 10 0.04679128569514074
5 5 3 11 0.04679128569514074
4 4 10 10 0.061004236256153775
5 4 10 11 0.061004236256153775
4 5 11 10 0.061004236256153775
5 5 11 11 0.061004236256153775
4 10 0 10 -0.013879779199389394
5 10 0 11 -0.013879779199389394
4 11 1 10 -0.013879779199389394
5 11 1 11 -0.013879779199389394
4 10 4 10 0.06100423625615377
5 10 4 11 0.06100423625615377
4 11 5 10 0.06100423625615377
5 11 5 11 0.06100423625615377
6 0 6 0 0.02437158040546842
7 0 6 1 0.02437158040546842
6 1 7 0 0.02437158040546842
7 1 7 1 0.02437158040546842
6 4 6 0 0.02220506098773929
7 4 6 1 0.02220506098773929
6 5 7 0 0.02220506098773929
7 5 7 1 0.02220506098773929
6 6 0 0 0.02437158040546842
7 6 0 1 0.02437158040546842
6 7 1 0 0.02437158040546842
7 7 1 1 0.02437158040546842
6 6 4 0 0.02220506098773929
7 6 4 1 0.02220506098773929
6 7 5 0 0.02220506098773929
7 7 5 1 0.02220506098773929
6 2 6 2 0.0041862259705114585
7 2 6 3 0.0041862259705114585
6 3 7 2 0.0041862259705114585
7 3 7 3 0.0041862259705114585
6 6 2 2 0.0041862259705114585
7 6 2 3 0.0041862259705114585
6 7 3 2 0.0041862259705114585
7 7 3 3 0.0041862259705114585
6 6 10 2 -0.005896435338739718
7 6 10 3 -0.005896435338739718
6 7 11 2 -0.005896435338739718
7 7 11 3 -0.005896435338739718
6 10 6 2 -0.005896435338739718
7 10 6 3 -0.005896435338739718
6 11 7 2 -0.005896435338739718
7 11 7 3 -0.005896435338739718
6 0 6 4 0.02220506098773929
7 0 6 5 0.02220506098773929
6 1 7 4 0.02220506098773929
7 1 7 5 0.02220506098773929
6 4 6 4 0.02063113640321512
7 4 6 5 0.02063113640321512
6 5 7 4 0.02063113640321512
7 5 7 5 0.02063113640321512
6 6 0 4 0.02220506098773929
7 6 0 5 0.02220506098773929
6 7 1 4 0.02220506098773929
7 7 1 5 0.02220506098773929
6 6 4 4 0.02063113640321512
7 6 4 5 0.02063113640321512
6 7 5 4 0.02063113640321512
7 7 5 5 0.02063113640321512
6 0 0 6 0.16496755118899023
7 0 0 7 0.16496755118899023
6 1 1 6 0.16496755118899023
7 1 1 7 0.16496755118899023
6 0 4 6 0.04766809897335368
7 0 4 7 0.04766809897335368
6 1 5 6 0.04766809897335368
7 1 5 7 0.04766809897335368
6 2 2 6 0.14061387229180244
7 2 2 7 0.14061387229180244
6 3 3 6 0.14061387229180244
7 3 3 7 0.14061387229180244
6 2 10 6 -0.04425197226619185
7 2 10 7 -0.04425197226619185
6 3 11 6 -0.04425197226619185
7 3 11 7 -0.04425197226619185
6 4 0 6 0.04766809897335373
7 4 0 7 0.04766809897335373
6 5 1 6 0.04766809897335373
7 5 1 7 0.04766809897335373
6 4 4 6 0.15355694948370713
7 4 4 7 0.15355694948370713
6 5 5 6 0.15355694948370713
7 5 5 7 0.15355694948370713
6 6 6 6 0.224929545
7 6 6 7 0.224929545
6 7 7 6 0.224929545
7 7 7 7 0.224929545
6 8 8 6 0.2006801625
7 8 8 7 0.2006801625
6 9 9 6 0.2006801625
7 9 9 7 0.2006801625
6 10 2 6 -0.04425197226619185
7 10 2 7 -0.04425197226619185
6 11 3 6 -0.04425197226619185
7 11 3 7 -0.04425197226619185
6 10 10 6 0.17648598533858822
7 10 10 7 0.17648598533858822
6 11 11 6 0.17648598533858822
7 11 11 7 0.17648598533858822
6 6 8 8 0.0121246915
7 6 8 9 0.0121246915
6 7 9 8 0.0121246915
7 7 9 9 0.0121246915
6 8 6 8 0.0121246915
7 8 6 9 0.0121246915
6 9 7 8 0.0121246915
7 9 7 9 0.0121246915
6 2 6 10 -0.005896435338739718
7 2 6 11 -0.005896435338739718
6 3 7 10 -0.005896435338739718
7 3 7 11 -0.005896435338739718
6 6 2 10 -0.005896435338739718
7 6 2 11 -0.005896435338739718
6 7 3 10 -0.005896435338739718
7 7 3 11 -0.005896435338739718
6 6 10 10 0.008820467531792936
7 6 10 11 0.008820467531792936
6 7 11 10 0.008820467531792936
7 7 11 11 0.008820467531792936
6 10 6 10 0.008820467531792936
7 10 6 11 0.008820467531792936
6 11 7 10 0.008820467531792936
7 11 7 11 0.008820467531792936
8 0 8 0 0.02437158040546842
9 0 8 1 0.02437158040546842
8 1 9 0 0.02437158040546842
9 1 9 1 0.02437158040546842
8 4 8 0 0.02220506098773929
9 4 8 1 0.02220506098773929
8 5 9 0 0.02220506098773929
9 5 9 1 0.02220506098773929
8 8 0 0 0.02437158040546842
9 8 0 1 0.02437158040546842
8 9 1 0 0.02437158040546842
9 9 1 1 0.02437158040546842
8 8 4 0 0.02220506098773929
9 8 4 1 0.02220506098773929
8 9 5 0 0.02220506098773929
9 9 5 1 0.02220506098773929
8 2 8 2 0.0041862259705114585
9 2 8 3 0.0041862259705114585
8 3 9 2 0.0041862259705114585
9 3 9 3 0.0041862259705114585
8 8 2 2 0.0041862259705114585
9 8 2 3 0.0041862259705114585
8 9 3 2 0.0041862259705114585
9 9 3 3 0.0041862259705114585
8 8 10 2 -0.005896435338739718
9 8 10 3 -0.005896435338739718
8 9 11 2 -0.005896435338739718
9 9 11 3 -0.005896435338739718
8 10 8 2 -0.005896435338739718
9 10 8 3 -0.005896435338739718
8 11 9 2 -0.005896435338739718
9 11 9 3 -0.005896435338739718
8 0 8 4 0.02220506098773929
9 0 8 5 0.02220506098773929
8 1 9 4 0.02220506098773929
9 1 9 5 0.02220506098773929
8 4 8 4 0.02063113640321512
9 4 8 5 0.02063113640321512
8 5 9 4 0.02063113640321512
9 5 9 5 0.02063113640321512
8 8 0 4 0.02220506098773929
9 8 0 5 0.02220506098773929
8 9 1 4 0.02220506098773929
9 9 1 5 0.02220506098773929
8 8 4 4 0.02063113640321512
9 8 4 5 0.02063113640321512
8 9 5 4 0.02063113640321512
9 9 5 5 0.02063113640321512
8 6 8 6 0.0121246915
9 6 8 7 0.0121246915
8 7 9 6 0.0121246915
9 7 9 7 0.0121246915
8 8 6 6 0.0121246915
9 8 6 7 0.0121246915
8 9 7 6 0.0121246915
9 9 7 7 0.0121246915
8 0 0 8 0.16496755118899023
9 0 0 9 0.16496755118899023
8 1 1 8 0.16496755118899023
9 1 1 9 0.16496755118899023
8 0 4 8 0.04766809897335368
9 0 4 9 0.04766809897335368
8 1 5 8 0.04766809897335368
9 1 5 9 0.04766809897335368
8 2 2 8 0.14061387229180244
9 2 2 9 0.14061387229180244
8 3 3 8 0.14061387229180244
9 3 3 9 0.14061387229180244
8 2 10 8 -0.04425197226619185
9 2 10 9 -0.04425197226619185
8 3 11 8 -0.04425197226619185
9 3 11 9 -0.04425197226619185
8 4 0 8 0.04766809897335373
9 4 0 9 0.04766809897335373
8 5 1 8 0.04766809897335373
9 5 1 9 0.04766809897335373
8 4 4 8 0.15355694948370713
9 4 4 9 0.15355694948370713
8 5 5 8 0.15355694948370713
9 5 5 9 0.15355694948370713
8 6 6 8 0.2006801625
9 6 6 9 0.2006801625
8 7 7 8 0.2006801625
9 7 7 9 0.2006801625
8 8 8 8 0.224929545
9 8 8 9 0.224929545
8 9 9 8 0.224929545
9 9 9 9 0.224929545
8 10 2 8 -0.04425197226619185
9 10 2 9 -0.04425197226619185
8 11 3 8 -0.04425197226619185
9 11 3 9 -0.04425197226619185
8 10 10 8 0.17648598533858822
9 10 10 9 0.17648598533858822
8 11 11 8 0.17648598533858822
9 11 11 9 0.17648598533858822
8 2 8 10 -0.005896435338739718
9 2 8 11 -0.005896435338739718
8 3 9 10 -0.005896435338739718
9 3 9 11 -0.005896435338739718
8 8 2 10 -0.005896435338739718
9 8 2 11 -0.005896435338739718
8 9 3 10 -0.005896435338739718
9 9 3 11 -0.005896435338739718
8 8 10 10 0.008820467531792936
9 8 10 11 0.008820467531792936
8 9 11 10 0.008820467531792936
9 9 11 11 0.008820467531792936
8 10 8 10 0.008820467531792936
9 10 8 11 0.008820467531792936
8 11 9 10 0.008820467531792936
9 11 9 11 0.008820467531792936
10 0 2 0 0.013682800040408245
11 0 2 1 0.013682800040408245
10 1 3 0 0.013682800040408245
11 1 3 1 0.013682800040408245
10 0 10 0 0.029189795836478426
11 0 10 1 0.029189795836478426
10 1 11 0 0.029189795836478426
11 1 11 1 0.029189795836478426
10 2 0 0 0.013682800040408241
11 2 0 1 0.013682800040408241
10 3 1 0 0.013682800040408241
11 3 1 1 0.013682800040408241
10 2 4 0 -0.033689629477955355
11 2 4 1 -0.033689629477955355
10 3 5 0 -0.033689629477955355
11 3 5 1 -0.033689629477955355
10 4 2 0 -0.033689629477955355
11 4 2 1 -0.033689629477955355
10 5 3 0 -0.033689629477955355
11 5 3 1 -0.033689629477955355
10 4 10 0 -0.01387977919938941
11 4 10 1 -0.01387977919938941
10 5 11 0 -0.01387977919938941
11 5 11 1 -0.01387977919938941
10 10 0 0 0.029189795836478426
11 10 0 1 0.029189795836478426
10 11 1 0 0.029189795836478426
11 11 1 1 0.029189795836478426
10 10 4 0 -0.01387977919938941
11 10 4 1 -0.01387977919938941
10 11 5 0 -0.01387977919938941
11 11 5 1 -0.01387977919938941
10 0 0 2 -0.006794217536904179
11 0 0 3 -0.006794217536904179
10 1 1 2 -0.006794217536904179
11 1 1 3 -0.006794217536904179
10 0 4 2 -0.04634284857664962
11 0 4 3 -0.04634284857664962
10 1 5 2 -0.04634284857664962
11 1 5 3 -0.04634284857664962
10 2 2 2 0.014471034718949519
11 2 2 3 0.014471034718949519
10 3 3 2 0.014471034718949519
11 3 3 3 0.014471034718949519
10 2 10 2 0.04887907768387811
11 2 10 3 0.04887907768387811
10 3 11 2 0.04887907768387811
11 3 11 3 0.04887907768387811
10 4 0 2 -0.04634284857664962
11 4 0 3 -0.04634284857664962
10 5 1 2 -0.04634284857664962
11 5 1 3 -0.04634284857664962
10 4 4 2 0.012291855136387392
11 4 4 3 0.012291855136387392
10 5 5 2 0.012291855136387392
11 5 5 3 0.012291855136387392
10 6 6 2 -0.04425197226619185
11 6 6 3 -0.04425197226619185
10 7 7 2 -0.04425197226619185
11 7 7 3 -0.04425197226619185
10 8 8 2 -0.04425197226619185
11 8 8 3 -0.04425197226619185
10 9 9 2 -0.04425197226619185
11 9 9 3 -0.04425197226619185
10 10 2 2 0.04887907768387811
11 10 2 3 0.04887907768387811
10 11 3 2 0.04887907768387811
11 11 3 3 0.04887907768387811
10 10 10 2 -0.014078314103276285
11 10 10 3 -0.014078314103276285
10 11 11 2 -0.014078314103276285
11 11 11 3 -0.014078314103276285
10 0 2 4 -0.06300542268298058
11 0 2 5 -0.06300542268298058
10 1 3 4 -0.06300542268298058
11 1 3 5 -0.06300542268298058
10 0 10 4 -0.013879779199389401
11 0 10 5 -0.013879779199389401
10 1 11 4 -0.013879779199389401
11 1 11 5 -0.013879779199389401
10 2 0 4 -0.0630054226829806
11 2 0 5 -0.0630054226829806
10 3 1 4 -0.0630054226829806
11 3 1 5 -0.0630054226829806
10 2 4 4 0.046791285695140745
11 2 4 5 0.046791285695140745
10 3 5 4 0.046791285695140745
11 3 5 5 0.046791285695140745
10 4 2 4 0.04679128569514074
11 4 2 5 0.04679128569514074
10 5 3 4 0.04679128569514074
11 5 3 5 0.04679128569514074
10 4 10 4 0.061004236256153775
11 4 10 5 0.061004236256153775
10 5 11 4 0.061004236256153775
11 5 11 5 0.061004236256153775
10 10 0 4 -0.013879779199389392
11 10 0 5 -0.013879779199389392
10 11 1 4 -0.013879779199389392
11 11 1 5 -0.013879779199389392
10 10 4 4 0.06100423625615377
11 10 4 5 0.06100423625615377
10 11 5 4 0.06100423625615377
11 11 5 5 0.06100423625615377
10 2 6 6 -0.005896435338739718
11 2 6 7 -0.005896435338739718
10 3 7 6 -0.005896435338739718
11 3 7 7 -0.005896435338739718
10 6 2 6 -0.005896435338739718
11 6 2 7 -0.005896435338739718
10 7 3 6 -0.005896435338739718
11 7 3 7 -0.005896435338739718
10 6 10 6 0.008820467531792936
11 6 10 7 0.008820467531792936
10 7 11 6 0.008820467531792936
11 7 11 7 0.008820467531792936
10 10 6 6 0.008820467531792936
11 10 6 7 0.008820467531792936
10 11 7 6 0.008820467531792936
11 11 7 7 0.008820467531792936
10 2 8 8 -0.005896435338739718
11 2 8 9 -0.005896435338739718
10 3 9 8 -0.005896435338739718
11 3 9 9 -0.005896435338739718
10 8 2 8 -0.005896435338739718
11 8 2 9 -0.005896435338739718
10 9 3 8 -0.005896435338739718
11 9 3 9 -0.005896435338739718
10 8 10 8 0.008820467531792936
11 8 10 9 0.008820467531792936
10 9 11 8 0.008820467531792936
11 9 11 9 0.008820467531792936
10 10 8 8 0.008820467531792936
11 10 8 9 0.008820467531792936
10 11 9 8 0.008820467531792936
11 11 9 9 0.008820467531792936
10 0 0 10 0.17382928167858844
11 0 0 11 0.17382928167858844
10 1 1 10 0.17382928167858844
11 1 1 11 0.17382928167858844
10 0 4 10 0.006844420495507273
11 0 4 11 0.006844420495507273
10 1 5 10 0.006844420495507273
11 1 5 11 0.006844420495507273
10 2 2 10 0.17487674553296384
11 2 2 11 0.17487674553296384
10 3 3 10 0.17487674553296384
11 3 3 11 0.17487674553296384
10 2 10 10 -0.014078314103276306
11 2 10 11 -0.014078314103276306
10 3 11 10 -0.014078314103276306
11 3 11 11 -0.014078314103276306
10 4 0 10 0.006844420495507269
11 4 0 11 0.006844420495507269
10 5 1 10 0.006844420495507269
11 5 1 11 0.006844420495507269
10 4 4 10 0.17511579007811168
11 4 4 11 0.17511579007811168
10 5 5 10 0.17511579007811168
11 5 5 11 0.17511579007811168
10 6 6 10 0.17648598533858822
11 6 6 11 0.17648598533858822
10 7 7 10 0.17648598533858822
11 7 7 11 0.17648598533858822
10 8 8 10 0.17648598533858822
11 8 8 11 0.17648598533858822
10 9 9 10 0.17648598533858822
11 9 9 11 0.17648598533858822
10 10 2 10 -0.014078314103276299
11 10 2 11 -0.014078314103276299
10 11 3 10 -0.014078314103276299
11 11 3 11 -0.014078314103276299
10 10 10 10 0.19473174183941738
11 10 10 11 0.19473174183941738
10 11 11 10 0.19473174183941738
11 11 11 11 0.19473174183941738
