-12.695507053336279
0 0 -0.9860894562799862
1 1 -0.9860894562799862
0 4 0.02546858164521737
1 5 0.02546858164521737
2 2 -0.8979765683186969
3 3 -0.8979765683186969
2 10 0.02134143000670527
3 11 0.02134143000670527
4 0 0.02546858164521748
5 1 0.02546858164521748
4 4 -0.8800561315807791
5 5 -0.8800561315807791
6 6 -0.8317749699821808
7 7 -0.8317749699821808
8 8 -0.8317749699821808
9 9 -0.8317749699821808
10 2 0.021341430006705325
11 3 0.021341430006705325
10 10 -0.8372871737846443
11 11 -0.8372871737846443
0 0 0 0 0.1683054349474667
1 0 0 1 0.1683054349474667
0 1 1 0 0.1683054349474667
1 1 1 1 0.1683054349474667
0 0 4 0 -0.02980558221523146
1 0 4 1 -0.02980558221523146
0 1 5 0 -0.02980558221523146
1 1 5 1 -0.02980558221523146
0 2 2 0 0.11201427221551384
1 2 2 1 0.11201427221551384
0 3 3 0 0.11201427221551384
1 3 3 1 0.11201427221551384
0 2 10 0 -0.025269886138137604
1 2 10 1 -0.025269886138137604
0 3 11 0 -0.025269886138137604
1 3 11 1 -0.025269886138137604
0 4 0 0 -0.02980558221523146
1 4 0 1 -0.02980558221523146
0 5 1 0 -0.02980558221523146
1 5 1 1 -0.02980558221523146
0 4 4 0 0.11704639205440576
1 4 4 1 0.11704639205440576
0 5 5 0 0.11704639205440576
1 5 5 1 0.11704639205440576
0 6 6 0 0.18347543047769269
1 6 6 1 0.18347543047769269
0 7 7 0 0.18347543047769269
1 7 7 1 0.18347543047769269
0 8 8 0 0.18347543047769269
1 8 8 1 0.18347543047769269
0 9 9 0 0.18347543047769269
1 9 9 1 0.18347543047769269
0 10 2 0 -0.025269886138137618
1 10 2 1 -0.025269886138137618
0 11 3 0 -0.025269886138137618
1 11 3 1 -0.025269886138137618
0 10 10 0 0.17705163397893153
1 10 10 1 0.17705163397893153
0 11 11 0 0.17705163397893153
1 11 11 1 0.17705163397893153
0 0 2 2 0.0325506412747231
1 0 2 3 0.0325506412747231
0 1 3 2 0.0325506412747231
1 1 3 3 0.0325506412747231
0 0 10 2 -0.0074383524001895
1 0 10 3 -0.0074383524001895
0 1 11 2 -0.0074383524001895
1 1 11 3 -0.0074383524001895
0 2 0 2 0.0325506412747231
1 2 0 3 0.0325506412747231
0 3 1 2 0.0325506412747231
1 3 1 3 0.0325506412747231
0 2 4 2 0.05762211204456777
1 2 4 3 0.05762211204456777
0 3 5 2 0.05762211204456777
1 3 5 3 0.05762211204456777
0 4 2 2 0.057622112044567755
1 4 2 3 0.057622112044567755
0 5 3 2 0.057622112044567755
1 5 3 3 0.057622112044567755
0 4 10 2 0.029778708793372154
1 4 10 3 0.029778708793372154
0 5 11 2 0.029778708793372154
1 5 11 3 0.029778708793372154
0 10 0 2 -0.0074383524001895
1 10 0 3 -0.0074383524001895
0 11 1 2 -0.0074383524001895
1 11 1 3 -0.0074383524001895
0 10 4 2 0.029778708793372154
1 10 4 3 0.029778708793372154
0 11 5 2 0.029778708793372154
1 11 5 3 0.029778708793372154
0 0 0 4 -0.029805582215231455
1 0 0 5 -0.029805582215231455
0 1 1 4 -0.029805582215231455
1 1 1 5 -0.029805582215231455
0 0 4 4 0.034630843430476274
1 0 4 5 0.034630843430476274
0 1 5 4 0.034630843430476274
1 1 5 5 0.034630843430476274
0 2 2 4 0.03734658761008686
1 2 2 5 0.03734658761008686
0 3 3 4 0.03734658761008686
1 3 3 5 0.03734658761008686
0 2 10 4 0.02984989719001206
1 2 10 5 0.02984989719001206
0 3 11 4 0.02984989719001206
1 3 11 5 0.02984989719001206
0 4 0 4 0.034630843430476274
1 4 0 5 0.034630843430476274
0 5 1 4 0.034630843430476274
1 5 1 5 0.034630843430476274
0 4 4 4 0.03280482599578366
1 4 4 5 0.03280482599578366
0 5 5 4 0.03280482599578366
1 5 5 5 0.03280482599578366
0 6 6 4 -0.047232419487460514
1 6 6 5 -0.047232419487460514
0 7 7 4 -0.047232419487460514
1 7 7 5 -0.047232419487460514
0 8 8 4 -0.047232419487460514
1 8 8 5 -0.047232419487460514
0 9 9 4 -0.047232419487460514
1 9 9 5 -0.047232419487460514
0 10 2 4 0.029849897190012065
1 10 2 5 0.029849897190012065
0 11 3 4 0.029849897190012065
1 11 3 5 0.029849897190012065
0 10 10 4 -0.03333459703695016
1 10 10 5 -0.03333459703695016
0 11 11 4 -0.03333459703695016
1 11 11 5 -0.03333459703695016
0 0 6 6 0.0357454900011625
1 0 6 7 0.0357454900011625
0 1 7 6 0.0357454900011625
1 1 7 7 0.0357454900011625
0 4 6 6 -0.016665768674456974
1 4 6 7 -0.016665768674456974
0 5 7 6 -0.016665768674456974
1 5 7 7 -0.016665768674456974
0 6 0 6 0.0357454900011625
1 6 0 7 0.0357454900011625
0 7 1 6 0.0357454900011625
1 7 1 7 0.0357454900011625
0 6 4 6 -0.016665768674456974
1 6 4 7 -0.016665768674456974
0 7 5 6 -0.016665768674456974
1 7 5 7 -0.016665768674456974
0 0 8 8 0.0357454900011625
1 0 8 9 0.0357454900011625
0 1 9 8 0.0357454900011625
1 1 9 9 0.0357454900011625
0 4 8 8 -0.016665768674456974
1 4 8 9 -0.016665768674456974
0 5 9 8 -0.016665768674456974
1 5 9 9 -0.016665768674456974
0 8 0 8 0.0357454900011625
1 8 0 9 0.0357454900011625
0 9 1 8 0.0357454900011625
1 9 1 9 0.0357454900011625
0 8 4 8 -0.016665768674456974
1 8 4 9 -0.016665768674456974
0 9 5 8 -0.016665768674456974
1 9 5 9 -0.016665768674456974
0 0 2 10 -0.007438352400189497
1 0 2 11 -0.007438352400189497
0 1 3 10 -0.007438352400189497
1 1 3 11 -0.007438352400189497
0 0 10 10 0.03217560389920119
1 0 10 11 0.03217560389920119
0 1 11 10 0.03217560389920119
1 1 11 11 0.03217560389920119
0 2 0 10 -0.007438352400189495
1 2 0 11 -0.007438352400189495
0 3 1 10 -0.007438352400189495
1 3 1 11 -0.007438352400189495
0 2 4 10 0.012946944262403554
1 2 4 11 0.012946944262403554
0 3 5 10 0.012946944262403554
1 3 5 11 0.012946944262403554
0 4 2 10 0.012946944262403554
1 4 2 11 0.012946944262403554
0 5 3 10 0.012946944262403554
1 5 3 11 0.012946944262403554
0 4 10 10 -0.00963202037084912
1 4 10 11 -0.00963202037084912
0 5 11 10 -0.00963202037084912
1 5 11 11 -0.00963202037084912
0 10 0 10 0.0321756038992012
1 10 0 11 0.0321756038992012
0 11 1 10 0.0321756038992012
1 11 1 11 0.0321756038992012
0 10 4 10 -0.009632020370849124
1 10 4 11 -0.009632020370849124
0 11 5 10 -0.009632020370849124
1 11 5 11 -0.009632020370849124
2 0 2 0 0.0325506412747231
3 0 2 1 0.0325506412747231
2 1 3 0 0.0325506412747231
3 1 3 1 0.0325506412747231
2 0 10 0 -0.007438352400189503
3 0 10 1 -0.007438352400189503
2 1 11 0 -0.007438352400189503
3 1 11 1 -0.007438352400189503
2 2 0 0 0.0325506412747231
3 2 0 1 0.0325506412747231
2 3 1 0 0.0325506412747231
3 3 1 1 0.0325506412747231
2 2 4 0 0.05762211204456776
3 2 4 1 0.05762211204456776
2 3 5 0 0.05762211204456776
3 3 5 1 0.05762211204456776
2 4 2 0 0.057622112044567755
3 4 2 1 0.057622112044567755
2 5 3 0 0.057622112044567755
3 5 3 1 0.057622112044567755
2 4 10 0 0.029778708793372154
3 4 10 1 0.029778708793372154
2 5 11 0 0.029778708793372154
3 5 11 1 0.029778708793372154
2 10 0 0 -0.007438352400189501
3 10 0 1 -0.007438352400189501
2 11 1 0 -0.007438352400189501
3 11 1 1 -0.007438352400189501
2 10 4 0 0.029778708793372154
3 10 4 1 0.029778708793372154
2 11 5 0 0.029778708793372154
3 11 5 1 0.029778708793372154
2 0 0 2 0.1120142722155138
3 0 0 3 0.1120142722155138
2 1 1 2 0.1120142722155138
3 1 1 3 0.1120142722155138
2 0 4 2 0.03734658761008687
3 0 4 3 0.03734658761008687
2 1 5 2 0.03734658761008687
3 1 5 3 0.03734658761008687
2 2 2 2 0.18615105015647823
3 2 2 3 0.18615105015647823
2 3 3 2 0.18615105015647823
3 3 3 3 0.18615105015647823
2 2 10 2 0.03243086770188222
3 2 10 3 0.03243086770188222
2 3 11 2 0.03243086770188222
3 3 11 3 0.03243086770188222
2 4 0 2 0.03734658761008686
3 4 0 3 0.03734658761008686
2 5 1 2 0.03734658761008686
3 5 1 3 0.03734658761008686
2 4 4 2 0.18241360521325367
3 4 4 3 0.18241360521325367
2 5 5 2 0.18241360521325367
3 5 5 3 0.18241360521325367
2 6 6 2 0.09312989253214204
3 6 6 3 0.09312989253214204
2 7 7 2 0.09312989253214204
3 7 7 3 0.09312989253214204
2 8 8 2 0.09312989253214204
3 8 8 3 0.09312989253214204
2 9 9 2 0.09312989253214204
3 9 9 3 0.09312989253214204
2 10 2 2 0.03243086770188222
3 10 2 3 0.03243086770188222
2 11 3 2 0.03243086770188222
3 11 3 3 0.03243086770188222
2 10 10 2 0.11515985057232182
3 10 10 3 0.11515985057232182
2 11 11 2 0.11515985057232182
3 11 11 3 0.11515985057232182
2 0 2 4 0.05762211204456775
3 0 2 5 0.05762211204456775
2 1 3 4 0.05762211204456775
3 1 3 5 0.05762211204456775
2 0 10 4 0.012946944262403552
3 0 10 5 0.012946944262403552
2 1 11 4 0.012946944262403552
3 1 11 5 0.012946944262403552
2 2 0 4 0.057622112044567755
3 2 0 5 0.057622112044567755
2 3 1 4 0.057622112044567755
3 3 1 5 0.057622112044567755
2 2 4 4 0.12466233708471816
3 2 4 5 0.12466233708471816
2 3 5 4 0.12466233708471816
3 3 5 5 0.12466233708471816
2 4 2 4 0.12466233708471816
3 4 2 5 0.12466233708471816
2 5 3 4 0.12466233708471816
3 5 3 5 0.12466233708471816
2 4 10 4 0.05068762754248837
3 4 10 5 0.05068762754248837
2 5 11 4 0.05068762754248837
3 5 11 5 0.05068762754248837
2 10 0 4 0.012946944262403552
3 10 0 5 0.012946944262403552
2 11 1 4 0.012946944262403552
3 11 1 5 0.012946944262403552
2 10 4 4 0.05068762754248837
3 10 4 5 0.05068762754248837
2 11 5 4 0.05068762754248837
3 11 5 5 0.05068762754248837
2 2 6 6 0.0012693465919765233
3 2 6 7 0.0012693465919765233
2 3 7 6 0.0012693465919765233
3 3 7 7 0.0012693465919765233
2 6 2 6 0.0012693465919765233
3 6 2 7 0.0012693465919765233
2 7 3 6 0.0012693465919765233
3 7 3 7 0.0012693465919765233
2 6 10 6 -0.003709670227556552
3 6 10 7 -0.003709670227556552
2 7 11 6 -0.003709670227556552
3 7 11 7 -0.003709670227556552
2 10 6 6 -0.003709670227556552
3 10 6 7 -0.003709670227556552
2 11 7 6 -0.003709670227556552
3 11 7 7 -0.003709670227556552
2 2 8 8 0.0012693465919765233
3 2 8 9 0.0012693465919765233
2 3 9 8 0.0012693465919765233
3 3 9 9 0.0012693465919765233
2 8 2 8 0.0012693465919765233
3 8 2 9 0.0012693465919765233
2 9 3 8 0.0012693465919765233
3 9 3 9 0.0012693465919765233
2 8 10 8 -0.003709670227556552
3 8 10 9 -0.003709670227556552
2 9 11 8 -0.003709670227556552
3 9 11 9 -0.003709670227556552
2 10 8 8 -0.003709670227556552
3 10 8 9 -0.003709670227556552
2 11 9 8 -0.003709670227556552
3 11 9 9 -0.003709670227556552
2 0 0 10 -0.02526988613813759
3 0 0 11 -0.02526988613813759
2 1 1 10 -0.02526988613813759
3 1 1 11 -0.02526988613813759
2 0 4 10 0.02984989719001207
3 0 4 11 0.02984989719001207
2 1 5 10 0.02984989719001207
3 1 5 11 0.02984989719001207
2 2 2 10 0.03243086770188223
3 2 2 11 0.03243086770188223
2 3 3 10 0.03243086770188223
3 3 3 11 0.03243086770188223
2 2 10 10 0.028027394203627022
3 2 10 11 0.028027394203627022
2 3 11 10 0.028027394203627022
3 3 11 11 0.028027394203627022
2 4 0 10 0.029849897190012062
3 4 0 11 0.029849897190012062
2 5 1 10 0.029849897190012062
3 5 1 11 0.029849897190012062
2 4 4 10 0.029592734309877747
3 4 4 11 0.029592734309877747
2 5 5 10 0.029592734309877747
3 5 5 11 0.029592734309877747
2 6 6 10 -0.03765487163827612
3 6 6 11 -0.03765487163827612
2 7 7 10 -0.03765487163827612
3 7 7 11 -0.03765487163827612
2 8 8 10 -0.03765487163827612
3 8 8 11 -0.03765487163827612
2 9 9 10 -0.03765487163827612
3 9 9 11 -0.03765487163827612
2 10 2 10 0.028027394203627022
3 10 2 11 0.028027394203627022
2 11 3 10 0.028027394203627022
3 11 3 11 0.028027394203627022
2 10 10 10 -0.03305908013495444
3 10 10 11 -0.03305908013495444
2 11 11 10 -0.03305908013495444
3 11 11 11 -0.03305908013495444
4 0 0 0 -0.029805582215231444
5 0 0 1 -0.029805582215231444
4 1 1 0 -0.029805582215231444
5 1 1 1 -0.029805582215231444
4 0 4 0 0.03463084343047627
5 0 4 1 0.03463084343047627
4 1 5 0 0.03463084343047627
5 1 5 1 0.03463084343047627
4 2 2 0 0.03734658761008686
5 2 2 1 0.03734658761008686
4 3 3 0 0.03734658761008686
5 3 3 1 0.03734658761008686
4 2 10 0 0.029849897190012055
5 2 10 1 0.029849897190012055
4 3 11 0 0.029849897190012055
5 3 11 1 0.029849897190012055
4 4 0 0 0.03463084343047626
5 4 0 1 0.03463084343047626
4 5 1 0 0.03463084343047626
5 5 1 1 0.03463084343047626
4 4 4 0 0.032804825995783625
5 4 4 1 0.032804825995783625
4 5 5 0 0.032804825995783625
5 5 5 1 0.032804825995783625
4 6 6 0 -0.04723241948746049
5 6 6 1 -0.04723241948746049
4 7 7 0 -0.04723241948746049
5 7 7 1 -0.04723241948746049
4 8 8 0 -0.04723241948746049
5 8 8 1 -0.04723241948746049
4 9 9 0 -0.04723241948746049
5 9 9 1 -0.04723241948746049
4 10 2 0 0.029849897190012062
5 10 2 1 0.029849897190012062
4 11 3 0 0.029849897190012062
5 11 3 1 0.029849897190012062
4 10 10 0 -0.033334597036950145
5 10 10 1 -0.033334597036950145
4 11 11 0 -0.033334597036950145
5 11 11 1 -0.033334597036950145
4 0 2 2 0.057622112044567755
5 0 2 3 0.057622112044567755
4 1 3 2 0.057622112044567755
5 1 3 3 0.057622112044567755
4 0 10 2 0.012946944262403554
5 0 10 3 0.012946944262403554
4 1 11 2 0.012946944262403554
5 1 11 3 0.012946944262403554
4 2 0 2 0.057622112044567755
5 2 0 3 0.057622112044567755
4 3 1 2 0.057622112044567755
5 3 1 3 0.057622112044567755
4 2 4 2 0.12466233708471816
5 2 4 3 0.12466233708471816
4 3 5 2 0.12466233708471816
5 3 5 3 0.12466233708471816
4 4 2 2 0.12466233708471816
5 4 2 3 0.12466233708471816
4 5 3 2 0.12466233708471816
5 5 3 3 0.12466233708471816
4 4 10 2 0.05068762754248837
5 4 10 3 0.05068762754248837
4 5 11 2 0.05068762754248837
5 5 11 3 0.05068762754248837
4 10 0 2 0.012946944262403556
5 10 0 3 0.012946944262403556
4 11 1 2 0.012946944262403556
5 11 1 3 0.012946944262403556
4 10 4 2 0.05068762754248837
5 10 4 3 0.05068762754248837
4 11 5 2 0.05068762754248837
5 11 5 3 0.05068762754248837
4 0 0 4 0.11704639205440573
5 0 0 5 0.11704639205440573
4 1 1 4 0.11704639205440573
5 1 1 5 0.11704639205440573
4 0 4 4 0.032804825995783646
5 0 4 5 0.032804825995783646
4 1 5 4 0.032804825995783646
5 1 5 5 0.032804825995783646
4 2 2 4 0.18241360521325362
5 2 2 5 0.18241360521325362
4 3 3 4 0.18241360521325362
5 3 3 5 0.18241360521325362
4 2 10 4 0.029592734309877716
5 2 10 5 0.029592734309877716
4 3 11 4 0.029592734309877716
5 3 11 5 0.029592734309877716
4 4 0 4 0.03280482599578364
5 4 0 5 0.03280482599578364
4 5 1 4 0.03280482599578364
5 5 1 5 0.03280482599578364
4 4 4 4 0.17985073607829594
5 4 4 5 0.17985073607829594
4 5 5 4 0.17985073607829594
5 5 5 5 0.17985073607829594
4 6 6 4 0.10164199686429187
5 6 6 5 0.10164199686429187
4 7 7 4 0.10164199686429187
5 7 7 5 0.10164199686429187
4 8 8 4 0.10164199686429187
5 8 8 5 0.10164199686429187
4 9 9 4 0.10164199686429187
5 9 9 5 0.10164199686429187
4 10 2 4 0.02959273430987773
5 10 2 5 0.02959273430987773
4 11 3 4 0.02959273430987773
5 11 3 5 0.02959273430987773
4 10 10 4 0.11896316132552007
5 10 10 5 0.11896316132552007
4 11 11 4 0.11896316132552007
5 11 11 5 0.11896316132552007
4 0 6 6 -0.01666576867445697
5 0 6 7 -0.01666576867445697
4 1 7 6 -0.01666576867445697
5 1 7 7 -0.01666576867445697
4 4 6 6 0.00778589765317949
5 4 6 7 0.00778589765317949
4 5 7 6 0.00778589765317949
5 5 7 7 0.00778589765317949
4 6 0 6 -0.01666576867445697
5 6 0 7 -0.01666576867445697
4 7 1 6 -0.01666576867445697
5 7 1 7 -0.01666576867445697
4 6 4 6 0.00778589765317949
5 6 4 7 0.00778589765317949
4 7 5 6 0.00778589765317949
5 7 5 7 0.00778589765317949
4 0 8 8 -0.01666576867445697
5 0 8 9 -0.01666576867445697
4 1 9 8 -0.01666576867445697
5 1 9 9 -0.01666576867445697
4 4 8 8 0.00778589765317949
5 4 8 9 0.00778589765317949
4 5 9 8 0.00778589765317949
5 5 9 9 0.00778589765317949
4 8 0 8 -0.01666576867445697
5 8 0 9 -0.01666576867445697
4 9 1 8 -0.01666576867445697
5 9 1 9 -0.01666576867445697
4 8 4 8 0.00778589765317949
5 8 4 9 0.00778589765317949
4 9 5 8 0.00778589765317949
5 9 5 9 0.00778589765317949
4 0 2 10 0.029778708793372147
5 0 2 11 0.029778708793372147
4 1 3 10 0.029778708793372147
5 1 3 11 0.029778708793372147
4 0 10 10 -0.009632020370849127
5 0 10 11 -0.009632020370849127
4 1 11 10 -0.009632020370849127
5 1 11 11 -0.009632020370849127
4 2 0 10 0.029778708793372154
5 2 0 11 0.029778708793372154
4 3 1 10 0.029778708793372154
5 3 1 11 0.029778708793372154
4 2 4 10 0.05068762754248837
5 2 4 11 0.05068762754248837
4 3 5 10 0.05068762754248837
5 3 5 11 0.05068762754248837
4 4 2 10 0.050687627542488366
5 4 2 11 0.050687627542488366
4 5 3 10 0.050687627542488366
5 5 3 11 0.050687627542488366
4 4 10 10 0.02806300754664182
5 4 10 11 0.02806300754664182
4 5 11 10 0.02806300754664182
5 5 11 11 0.02806300754664182
4 10 0 10 -0.009632020370849124
5 10 0 11 -0.009632020370849124
4 11 1 10 -0.009632020370849124
5 11 1 11 -0.009632020370849124
4 10 4 10 0.028063007546641823
5 10 4 11 0.028063007546641823
4 11 5 10 0.028063007546641823
5 11 5 11 0.028063007546641823
6 0 6 0 0.0357454900011625
7 0 6 1 0.0357454900011625
6 1 7 0 0.0357454900011625
7 1 7 1 0.0357454900011625
6 4 6 0 -0.016665768674456974
7 4 6 1 -0.016665768674456974
6 5 7 0 -0.016665768674456974
7 5 7 1 -0.016665768674456974
6 6 0 0 0.0357454900011625
7 6 0 1 0.0357454900011625
6 7 1 0 0.0357454900011625
7 7 1 1 0.0357454900011625
6 6 4 0 -0.016665768674456974
7 6 4 1 -0.016665768674456974
6 7 5 0 -0.016665768674456974
7 7 5 1 -0.016665768674456974
6 2 6 2 0.0012693465919765233
7 2 6 3 0.0012693465919765233
6 3 7 2 0.0012693465919765233
7 3 7 3 0.0012693465919765233
6 6 2 2 0.0012693465919765233
7 6 2 3 0.0012693465919765233
6 7 3 2 0.0012693465919765233
7 7 3 3 0.0012693465919765233
6 6 10 2 -0.003709670227556552
7 6 10 3 -0.003709670227556552
6 7 11 2 -0.003709670227556552
7 7 11 3 -0.003709670227556552
6 10 6 2 -0.003709670227556552
7 10 6 3 -0.003709670227556552
6 11 7 2 -0.003709670227556552
7 11 7 3 -0.003709670227556552
6 0 6 4 -0.01666576867445697
7 0 6 5 -0.01666576867445697
6 1 7 4 -0.01666576867445697
7 1 7 5 -0.01666576867445697
6 4 6 4 0.00778589765317949
7 4 6 5 0.00778589765317949
6 5 7 4 0.00778589765317949
7 5 7 5 0.00778589765317949
6 6 0 4 -0.01666576867445697
7 6 0 5 -0.01666576867445697
6 7 1 4 -0.01666576867445697
7 7 1 5 -0.01666576867445697
6 6 4 4 0.00778589765317949
7 6 4 5 0.00778589765317949
6 7 5 4 0.00778589765317949
7 7 5 5 0.00778589765317949
6 0 0 6 0.18347543047769269
7 0 0 7 0.18347543047769269
6 1 1 6 0.18347543047769269
7 1 1 7 0.18347543047769269
6 0 4 6 -0.047232419487460514
7 0 4 7 -0.047232419487460514
6 1 5 6 -0.047232419487460514
7 1 5 7 -0.047232419487460514
6 2 2 6 0.09312989253214204
7 2 2 7 0.09312989253214204
6 3 3 6 0.09312989253214204
7 3 3 7 0.09312989253214204
6 2 10 6 -0.03765487163827612
7 2 10 7 -0.03765487163827612
6 3 11 6 -0.03765487163827612
7 3 11 7 -0.03765487163827612
6 4 0 6 -0.04723241948746049
7 4 0 7 -0.04723241948746049
6 5 1 6 -0.04723241948746049
7 5 1 7 -0.04723241948746049
6 4 4 6 0.10164199686429187
7 4 4 7 0.10164199686429187
6 5 5 6 0.10164199686429187
7 5 5 7 0.10164199686429187
6 6 6 6 0.224929545
7 6 6 7 0.224929545
6 7 7 6 0.224929545
7 7 7 7 0.224929545
6 8 8 6 0.2006801625
7 8 8 7 0.2006801625
6 9 9 6 0.2006801625
7 9 9 7 0.2006801625
6 10 2 6 -0.03765487163827613
7 10 2 7 -0.03765487163827613
6 11 3 6 -0.03765487163827613
7 11 3 7 -0.03765487163827613
6 10 10 6 0.1882549378856993
7 10 10 7 0.1882549378856993
6 11 11 6 0.1882549378856993
7 11 11 7 0.1882549378856993
6 6 8 8 0.0121246915
7 6 8 9 0.0121246915
6 7 9 8 0.0121246915
7 7 9 9 0.0121246915
6 8 6 8 0.0121246915
7 8 6 9 0.0121246915
6 9 7 8 0.0121246915
7 9 7 9 0.0121246915
6 2 6 10 -0.003709670227556552
7 2 6 11 -0.003709670227556552
6 3 7 10 -0.003709670227556552
7 3 7 11 -0.003709670227556552
6 6 2 10 -0.003709670227556552
7 6 2 11 -0.003709670227556552
6 7 3 10 -0.003709670227556552
7 7 3 11 -0.003709670227556552
6 6 10 10 0.010949529737945558
7 6 10 11 0.010949529737945558
6 7 11 10 0.010949529737945558
7 7 11 11 0.010949529737945558
6 10 6 10 0.010949529737945558
7 10 6 11 0.010949529737945558
6 11 7 10 0.010949529737945558
7 11 7 11 0.010949529737945558
8 0 8 0 0.0357454900011625
9 0 8 1 0.0357454900011625
8 1 9 0 0.0357454900011625
9 1 9 1 0.0357454900011625
8 4 8 0 -0.016665768674456974
9 4 8 1 -0.016665768674456974
8 5 9 0 -0.016665768674456974
9 5 9 1 -0.016665768674456974
8 8 0 0 0.0357454900011625
9 8 0 1 0.0357454900011625
8 9 1 0 0.0357454900011625
9 9 1 1 0.0357454900011625
8 8 4 0 -0.016665768674456974
9 8 4 1 -0.016665768674456974
8 9 5 0 -0.016665768674456974
9 9 5 1 -0.016665768674456974
8 2 8 2 0.0012693465919765233
9 2 8 3 0.0012693465919765233
8 3 9 2 0.0012693465919765233
9 3 9 3 0.0012693465919765233
8 8 2 2 0.0012693465919765233
9 8 2 3 0.0012693465919765233
8 9 3 2 0.0012693465919765233
9 9 3 3 0.0012693465919765233
8 8 10 2 -0.003709670227556552
9 8 10 3 -0.003709670227556552
8 9 11 2 -0.003709670227556552
9 9 11 3 -0.003709670227556552
8 10 8 2 -0.003709670227556552
9 10 8 3 -0.003709670227556552
8 11 9 2 -0.003709670227556552
9 11 9 3 -0.003709670227556552
8 0 8 4 -0.01666576867445697
9 0 8 5 -0.01666576867445697
8 1 9 4 -0.01666576867445697
9 1 9 5 -0.01666576867445697
8 4 8 4 0.00778589765317949
9 4 8 5 0.00778589765317949
8 5 9 4 0.00778589765317949
9 5 9 5 0.00778589765317949
8 8 0 4 -0.01666576867445697
9 8 0 5 -0.01666576867445697
8 9 1 4 -0.01666576867445697
9 9 1 5 -0.01666576867445697
8 8 4 4 0.00778589765317949
9 8 4 5 0.00778589765317949
8 9 5 4 0.00778589765317949
9 9 5 5 0.00778589765317949
8 6 8 6 0.0121246915
9 6 8 7 0.0121246915
8 7 9 6 0.0121246915
9 7 9 7 0.0121246915
8 8 6 6 0.0121246915
9 8 6 7 0.0121246915
8 9 7 6 0.0121246915
9 9 7 7 0.0121246915
8 0 0 8 0.18347543047769269
9 0 0 9 0.18347543047769269
8 1 1 8 0.18347543047769269
9 1 1 9 0.18347543047769269
8 0 4 8 -0.047232419487460514
9 0 4 9 -0.047232419487460514
8 1 5 8 -0.047232419487460514
9 1 5 9 -0.047232419487460514
8 2 2 8 0.09312989253214204
9 2 2 9 0.09312989253214204
8 3 3 8 0.09312989253214204
9 3 3 9 0.09312989253214204
8 2 10 8 -0.03765487163827612
9 2 10 9 -0.03765487163827612
8 3 11 8 -0.03765487163827612
9 3 11 9 -0.03765487163827612
8 4 0 8 -0.04723241948746049
9 4 0 9 -0.04723241948746049
8 5 1 8 -0.04723241948746049
9 5 1 9 -0.04723241948746049
8 4 4 8 0.10164199686429187
9 4 4 9 0.10164199686429187
8 5 5 8 0.10164199686429187
9 5 5 9 0.10164199686429187
8 6 6 8 0.2006801625
9 6 6 9 0.2006801625
8 7 7 8 0.2006801625
9 7 7 9 0.2006801625
8 8 8 8 0.224929545
9 8 8 9 0.224929545
8 9 9 8 0.224929545
9 9 9 9 0.224929545
8 10 2 8 -0.03765487163827613
9 10 2 9 -0.03765487163827613
8 11 3 8 -0.03765487163827613
9 11 3 9 -0.03765487163827613
8 10 10 8 0.1882549378856993
9 10 10 9 0.1882549378856993
8 11 11 8 0.1882549378856993
9 11 11 9 0.1882549378856993
8 2 8 10 -0.003709670227556552
9 2 8 11 -0.003709670227556552
8 3 9 10 -0.003709670227556552
9 3 9 11 -0.003709670227556552
8 8 2 10 -0.003709670227556552
9 8 2 11 -0.003709670227556552
8 9 3 10 -0.003709670227556552
9 9 3 11 -0.003709670227556552
8 8 10 10 0.010949529737945558
9 8 10 11 0.010949529737945558
8 9 11 10 0.010949529737945558
9 9 11 11 0.010949529737945558
8 10 8 10 0.010949529737945558
9 10 8 11 0.010949529737945558
8 11 9 10 0.010949529737945558
9 11 9 11 0.010949529737945558
10 0 2 0 -0.0074383524001894975
11 0 2 1 -0.0074383524001894975
10 1 3 0 -0.0074383524001894975
11 1 3 1 -0.0074383524001894975
10 0 10 0 0.0321756038992012
11 0 10 1 0.0321756038992012
10 1 11 0 0.0321756038992012
11 1 11 1 0.0321756038992012
10 2 0 0 -0.007438352400189496
11 2 0 1 -0.007438352400189496
10 3 1 0 -0.007438352400189496
11 3 1 1 -0.007438352400189496
10 2 4 0 0.012946944262403554
11 2 4 1 0.012946944262403554
10 3 5 0 0.012946944262403554
11 3 5 1 0.012946944262403554
10 4 2 0 0.012946944262403554
11 4 2 1 0.012946944262403554
10 5 3 0 0.012946944262403554
11 5 3 1 0.012946944262403554
10 4 10 0 -0.009632020370849113
11 4 10 1 -0.009632020370849113
10 5 11 0 -0.009632020370849113
11 5 11 1 -0.009632020370849113
10 10 0 0 0.0321756038992012
11 10 0 1 0.0321756038992012
10 11 1 0 0.0321756038992012
11 11 1 1 0.0321756038992012
10 10 4 0 -0.009632020370849117
11 10 4 1 -0.009632020370849117
10 11 5 0 -0.009632020370849117
11 11 5 1 -0.009632020370849117
10 0 0 2 -0.02526988613813759
11 0 0 3 -0.02526988613813759
10 1 1 2 -0.02526988613813759
11 1 1 3 -0.02526988613813759
10 0 4 2 0.02984989719001207
11 0 4 3 0.02984989719001207
10 1 5 2 0.02984989719001207
11 1 5 3 0.02984989719001207
10 2 2 2 0.032430867701882214
11 2 2 3 0.032430867701882214
10 3 3 2 0.032430867701882214
11 3 3 3 0.032430867701882214
10 2 10 2 0.028027394203627026
11 2 10 3 0.028027394203627026
10 3 11 2 0.028027394203627026
11 3 11 3 0.028027394203627026
10 4 0 2 0.029849897190012062
11 4 0 3 0.029849897190012062
10 5 1 2 0.029849897190012062
11 5 1 3 0.029849897190012062
10 4 4 2 0.02959273430987775
11 4 4 3 0.02959273430987775
10 5 5 2 0.02959273430987775
11 5 5 3 0.02959273430987775
10 6 6 2 -0.03765487163827613
11 6 6 3 -0.03765487163827613
10 7 7 2 -0.03765487163827613
11 7 7 3 -0.03765487163827613
10 8 8 2 -0.03765487163827613
11 8 8 3 -0.03765487163827613
10 9 9 2 -0.03765487163827613
11 9 9 3 -0.03765487163827613
10 10 2 2 0.02802739420362702
11 10 2 3 0.02802739420362702
10 11 3 2 0.02802739420362702
11 11 3 3 0.02802739420362702
10 10 10 2 -0.03305908013495443
11 10 10 3 -0.03305908013495443
10 11 11 2 -0.03305908013495443
11 11 11 3 -0.03305908013495443
10 0 2 4 0.029778708793372147
11 0 2 5 0.029778708793372147
10 1 3 4 0.029778708793372147
11 1 3 5 0.029778708793372147
10 0 10 4 -0.009632020370849126
11 0 10 5 -0.009632020370849126
10 1 11 4 -0.009632020370849126
11 1 11 5 -0.009632020370849126
10 2 0 4 0.029778708793372154
11 2 0 5 0.029778708793372154
10 3 1 4 0.029778708793372154
11 3 1 5 0.029778708793372154
10 2 4 4 0.05068762754248837
11 2 4 5 0.05068762754248837
10 3 5 4 0.05068762754248837
11 3 5 5 0.05068762754248837
10 4 2 4 0.05068762754248837
11 4 2 5 0.05068762754248837
10 5 3 4 0.05068762754248837
11 5 3 5 0.05068762754248837
10 4 10 4 0.028063007546641823
11 4 10 5 0.028063007546641823
10 5 11 4 0.028063007546641823
11 5 11 5 0.028063007546641823
10 10 0 4 -0.009632020370849124
11 10 0 5 -0.009632020370849124
10 11 1 4 -0.009632020370849124
11 11 1 5 -0.009632020370849124
10 10 4 4 0.02806300754664183
11 10 4 5 0.02806300754664183
10 11 5 4 0.02806300754664183
11 11 5 5 0.02806300754664183
10 2 6 6 -0.003709670227556552
11 2 6 7 -0.003709670227556552
10 3 7 6 -0.003709670227556552
11 3 7 7 -0.003709670227556552
10 6 2 6 -0.003709670227556552
11 6 2 7 -0.003709670227556552
10 7 3 6 -0.003709670227556552
11 7 3 7 -0.003709670227556552
10 6 10 6 0.010949529737945558
11 6 10 7 0.010949529737945558
10 7 11 6 0.010949529737945558
11 7 11 7 0.010949529737945558
10 10 6 6 0.010949529737945558
11 10 6 7 0.010949529737945558
10 11 7 6 0.010949529737945558
11 11 7 7 0.010949529737945558
10 2 8 8 -0.003709670227556552
11 2 8 9 -0.003709670227556552
10 3 9 8 -0.003709670227556552
11 3 9 9 -0.003709670227556552
10 8 2 8 -0.003709670227556552
11 8 2 9 -0.003709670227556552
10 9 3 8 -0.003709670227556552
11 9 3 9 -0.003709670227556552
10 8 10 8 0.010949529737945558
11 8 10 9 0.010949529737945558
10 9 11 8 0.010949529737945558
11 9 11 9 0.010949529737945558
10 10 8 8 0.010949529737945558
11 10 8 9 0.010949529737945558
10 11 9 8 0.010949529737945558
11 11 9 9 0.010949529737945558
10 0 0 10 0.17705163397893148
11 0 0 11 0.17705163397893148
10 1 1 10 0.17705163397893148
11 1 1 11 0.17705163397893148
10 0 4 10 -0.033334597036950166
11 0 4 11 -0.033334597036950166
10 1 5 10 -0.033334597036950166
11 1 5 11 -0.033334597036950166
10 2 2 10 0.11515985057232182
11 2 2 11 0.11515985057232182
10 3 3 10 0.11515985057232182
11 3 3 11 0.11515985057232182
10 2 10 10 -0.033059080134954434
11 2 10 11 -0.033059080134954434
10 3 11 10 -0.033059080134954434
11 3 11 11 -0.033059080134954434
10 4 0 10 -0.03333459703695016
11 4 0 11 -0.03333459703695016
10 5 1 10 -0.03333459703695016
11 5 1 11 -0.03333459703695016
10 4 4 10 0.11896316132552008
11 4 4 11 0.11896316132552008
10 5 5 10 0.11896316132552008
11 5 5 11 0.11896316132552008
10 6 6 10 0.1882549378856993
11 6 6 11 0.1882549378856993
10 7 7 10 0.1882549378856993
11 7 7 11 0.1882549378856993
10 8 8 10 0.1882549378856993
11 8 8 11 0.1882549378856993
10 9 9 10 0.1882549378856993
11 9 9 11 0.1882549378856993
10 10 2 10 -0.03305908013495442
11 10 2 11 -0.03305908013495442
10 11 3 10 -0.03305908013495442
11 11 3 11 -0.03305908013495442
10 10 10 10 0.19975807125967737
11 10 10 11 0.19975807125967737
10 11 11 10 0.19975807125967737
11 11 11 11 0.19975807125967737
