-12.829078796365945
0 0 -0.928834239092301
1 1 -0.928834239092301
0 4 0.011010459278913018
1 5 0.011010459278913018
2 2 -0.8080145635956557
3 3 -0.8080145635956557
2 10 0.010886698570714282
3 11 0.010886698570714282
4 0 0.011010459278913018
5 1 0.011010459278913018
4 4 -0.8062613875237514
5 5 -0.8062613875237514
6 6 -0.7769912758045476
7 7 -0.7769912758045476
8 8 -0.7769912758045476
9 9 -0.7769912758045476
10 2 0.010886698570714198
11 3 0.010886698570714198
10 10 -0.7910011754825734
11 11 -0.7910011754825734
0 0 0 0 0.19635107517686573
1 0 0 1 0.19635107517686573
0 1 1 0 0.19635107517686573
1 1 1 1 0.19635107517686573
0 0 4 0 -0.01883467695251116
1 0 4 1 -0.01883467695251116
0 1 5 0 -0.01883467695251116
1 1 5 1 -0.01883467695251116
0 2 2 0 0.07203281863566821
1 2 2 1 0.07203281863566821
0 3 3 0 0.07203281863566821
1 3 3 1 0.07203281863566821
0 2 10 0 -0.01333785723233982
1 2 10 1 -0.01333785723233982
0 3 11 0 -0.01333785723233982
1 3 11 1 -0.01333785723233982
0 4 0 0 -0.01883467695251117
1 4 0 1 -0.01883467695251117
0 5 1 0 -0.01883467695251117
1 5 1 1 -0.01883467695251117
0 4 4 0 0.07349007666153308
1 4 4 1 0.07349007666153308
0 5 5 0 0.07349007666153308
1 5 5 1 0.07349007666153308
0 6 6 0 0.20177165799775204
1 6 6 1 0.20177165799775204
0 7 7 0 0.20177165799775204
1 7 7 1 0.20177165799775204
0 8 8 0 0.20177165799775204
1 8 8 1 0.20177165799775204
0 9 9 0 0.20177165799775204
1 9 9 1 0.20177165799775204
0 10 2 0 -0.013337857232339817
1 10 2 1 -0.013337857232339817
0 11 3 0 -0.013337857232339817
1 11 3 1 -0.013337857232339817
0 10 10 0 0.20062464960857085
1 10 10 1 0.20062464960857085
0 11 11 0 0.20062464960857085
1 11 11 1 0.20062464960857085
0 0 2 2 0.004321653398060687
1 0 2 3 0.004321653398060687
0 1 3 2 0.004321653398060687
1 1 3 3 0.004321653398060687
0 0 10 2 -0.005592624073408964
1 0 10 3 -0.005592624073408964
0 1 11 2 -0.005592624073408964
1 1 11 3 -0.005592624073408964
0 2 0 2 0.004321653398060686
1 2 0 3 0.004321653398060686
0 3 1 2 0.004321653398060686
1 3 1 3 0.004321653398060686
0 2 4 2 0.025598217100779117
1 2 4 3 0.025598217100779117
0 3 5 2 0.025598217100779117
1 3 5 3 0.025598217100779117
0 4 2 2 0.025598217100779117
1 4 2 3 0.025598217100779117
0 5 3 2 0.025598217100779117
1 5 3 3 0.025598217100779117
0 4 10 2 0.0037456390981349197
1 4 10 3 0.0037456390981349197
0 5 11 2 0.0037456390981349197
1 5 11 3 0.0037456390981349197
0 10 0 2 -0.005592624073408963
1 10 0 3 -0.005592624073408963
0 11 1 2 -0.005592624073408963
1 11 1 3 -0.005592624073408963
0 10 4 2 0.0037456390981349197
1 10 4 3 0.0037456390981349197
0 11 5 2 0.0037456390981349197
1 11 5 3 0.0037456390981349197
0 0 0 4 -0.01883467695251117
1 0 0 5 -0.01883467695251117
0 1 1 4 -0.01883467695251117
1 1 1 5 -0.01883467695251117
0 0 4 4 0.005670025983429839
1 0 4 5 0.005670025983429839
0 1 5 4 0.005670025983429839
1 1 5 5 0.005670025983429839
0 2 2 4 0.01946381160765607
1 2 2 5 0.01946381160765607
0 3 3 4 0.01946381160765607
1 3 3 5 0.01946381160765607
0 2 10 4 0.0042474294800751485
1 2 10 5 0.0042474294800751485
0 3 11 4 0.0042474294800751485
1 3 11 5 0.0042474294800751485
0 4 0 4 0.00567002598342984
1 4 0 5 0.00567002598342984
0 5 1 4 0.00567002598342984
1 5 1 5 0.00567002598342984
0 4 4 4 0.019092351987250074
1 4 4 5 0.019092351987250074
0 5 5 4 0.019092351987250074
1 5 5 5 0.019092351987250074
0 6 6 4 -0.020330556376168808
1 6 6 5 -0.020330556376168808
0 7 7 4 -0.020330556376168808
1 7 7 5 -0.020330556376168808
0 8 8 4 -0.020330556376168808
1 8 8 5 -0.020330556376168808
0 9 9 4 -0.020330556376168808
1 9 9 5 -0.020330556376168808
0 10 2 4 0.0042474294800751485
1 10 2 5 0.0042474294800751485
0 11 3 4 0.0042474294800751485
1 11 3 5 0.0042474294800751485
0 10 10 4 -0.019105936383704933
1 10 10 5 -0.019105936383704933
0 11 11 4 -0.019105936383704933
1 11 11 5 -0.019105936383704933
0 0 6 6 0.04242490391828795
1 0 6 7 0.04242490391828795
0 1 7 6 0.04242490391828795
1 1 7 7 0.04242490391828795
0 4 6 6 -0.006484896811513675
1 4 6 7 -0.006484896811513675
0 5 7 6 -0.006484896811513675
1 5 7 7 -0.006484896811513675
0 6 0 6 0.04242490391828795
1 6 0 7 0.04242490391828795
0 7 1 6 0.04242490391828795
1 7 1 7 0.04242490391828795
0 6 4 6 -0.006484896811513675
1 6 4 7 -0.006484896811513675
0 7 5 6 -0.006484896811513675
1 7 5 7 -0.006484896811513675
0 0 8 8 0.04242490391828795
1 0 8 9 0.04242490391828795
0 1 9 8 0.04242490391828795
1 1 9 9 0.04242490391828795
0 4 8 8 -0.006484896811513675
1 4 8 9 -0.006484896811513675
0 5 9 8 -0.006484896811513675
1 5 9 9 -0.006484896811513675
0 8 0 8 0.04242490391828795
1 8 0 9 0.04242490391828795
0 9 1 8 0.04242490391828795
1 9 1 9 0.04242490391828795
0 8 4 8 -0.006484896811513675
1 8 4 9 -0.006484896811513675
0 9 5 8 -0.006484896811513675
1 9 5 9 -0.006484896811513675
0 0 2 10 -0.005592624073408964
1 0 2 11 -0.005592624073408964
0 1 3 10 -0.005592624073408964
1 1 3 11 -0.005592624073408964
0 0 10 10 0.04180555062868523
1 0 10 11 0.04180555062868523
0 1 11 10 0.04180555062868523
1 1 11 11 0.04180555062868523
0 2 0 10 -0.005592624073408962
1 2 0 11 -0.005592624073408962
0 3 1 10 -0.005592624073408962
1 3 1 11 -0.005592624073408962
0 2 4 10 -0.007851744748137345
1 2 4 11 -0.007851744748137345
0 3 5 10 -0.007851744748137345
1 3 5 11 -0.007851744748137345
0 4 2 10 -0.007851744748137345
1 4 2 11 -0.007851744748137345
0 5 3 10 -0.007851744748137345
1 5 3 11 -0.007851744748137345
0 4 10 10 -0.006857713326706729
1 4 10 11 -0.006857713326706729
0 5 11 10 -0.006857713326706729
1 5 11 11 -0.006857713326706729
0 10 0 10 0.041805550628685226
1 10 0 11 0.041805550628685226
0 11 1 10 0.041805550628685226
1 11 1 11 0.041805550628685226
0 10 4 10 -0.006857713326706731
1 10 4 11 -0.006857713326706731
0 11 5 10 -0.006857713326706731
1 11 5 11 -0.006857713326706731
2 0 2 0 0.004321653398060686
3 0 2 1 0.004321653398060686
2 1 3 0 0.004321653398060686
3 1 3 1 0.004321653398060686
2 0 10 0 -0.005592624073408963
3 0 10 1 -0.005592624073408963
2 1 11 0 -0.005592624073408963
3 1 11 1 -0.005592624073408963
2 2 0 0 0.004321653398060685
3 2 0 1 0.004321653398060685
2 3 1 0 0.004321653398060685
3 3 1 1 0.004321653398060685
2 2 4 0 0.02559821710077912
3 2 4 1 0.02559821710077912
2 3 5 0 0.02559821710077912
3 3 5 1 0.02559821710077912
2 4 2 0 0.02559821710077912
3 4 2 1 0.02559821710077912
2 5 3 0 0.02559821710077912
3 5 3 1 0.02559821710077912
2 4 10 0 0.0037456390981349197
3 4 10 1 0.0037456390981349197
2 5 11 0 0.0037456390981349197
3 5 11 1 0.0037456390981349197
2 10 0 0 -0.005592624073408963
3 10 0 1 -0.005592624073408963
2 11 1 0 -0.005592624073408963
3 11 1 1 -0.005592624073408963
2 10 4 0 0.0037456390981349197
3 10 4 1 0.0037456390981349197
2 11 5 0 0.0037456390981349197
3 11 5 1 0.0037456390981349197
2 0 0 2 0.07203281863566822
3 0 0 3 0.07203281863566822
2 1 1 2 0.07203281863566822
3 1 1 3 0.07203281863566822
2 0 4 2 0.01946381160765607
3 0 4 3 0.01946381160765607
2 1 5 2 0.01946381160765607
3 1 5 3 0.01946381160765607
2 2 2 2 0.20705326626898996
3 2 2 3 0.20705326626898996
2 3 3 2 0.20705326626898996
3 3 3 3 0.20705326626898996
2 2 10 2 0.015639578953992175
3 2 10 3 0.015639578953992175
2 3 11 2 0.015639578953992175
3 3 11 3 0.015639578953992175
2 4 0 2 0.01946381160765607
3 4 0 3 0.01946381160765607
2 5 1 2 0.01946381160765607
3 5 1 3 0.01946381160765607
2 4 4 2 0.20606321407814843
3 4 4 3 0.20606321407814843
2 5 5 2 0.20606321407814843
3 5 5 3 0.20606321407814843
2 6 6 2 0.06781206491194364
3 6 6 3 0.06781206491194364
2 7 7 2 0.06781206491194364
3 7 7 3 0.06781206491194364
2 8 8 2 0.06781206491194364
3 8 8 3 0.06781206491194364
2 9 9 2 0.06781206491194364
3 9 9 3 0.06781206491194364
2 10 2 2 0.015639578953992175
3 10 2 3 0.015639578953992175
2 11 3 2 0.015639578953992175
3 11 3 3 0.015639578953992175
2 10 10 2 0.07408251385940806
3 10 10 3 0.07408251385940806
2 11 11 2 0.07408251385940806
3 11 11 3 0.07408251385940806
2 0 2 4 0.02559821710077912
3 0 2 5 0.02559821710077912
2 1 3 4 0.02559821710077912
3 1 3 5 0.02559821710077912
2 0 10 4 -0.007851744748137343
3 0 10 5 -0.007851744748137343
2 1 11 4 -0.007851744748137343
3 1 11 5 -0.007851744748137343
2 2 0 4 0.025598217100779114
3 2 0 5 0.025598217100779114
2 3 1 4 0.025598217100779114
3 3 1 5 0.025598217100779114
2 2 4 4 0.1706734144409704
3 2 4 5 0.1706734144409704
2 3 5 4 0.1706734144409704
3 3 5 5 0.1706734144409704
2 4 2 4 0.1706734144409704
3 4 2 5 0.1706734144409704
2 5 3 4 0.1706734144409704
3 5 3 5 0.1706734144409704
2 4 10 4 0.020928074417659488
3 4 10 5 0.020928074417659488
2 5 11 4 0.020928074417659488
3 5 11 5 0.020928074417659488
2 10 0 4 -0.007851744748137343
3 10 0 5 -0.007851744748137343
2 11 1 4 -0.007851744748137343
3 11 1 5 -0.007851744748137343
2 10 4 4 0.020928074417659488
3 10 4 5 0.020928074417659488
2 11 5 4 0.020928074417659488
3 11 5 5 0.020928074417659488
2 2 6 6 0.00011808987111186178
3 2 6 7 0.00011808987111186178
2 3 7 6 0.00011808987111186178
3 3 7 7 0.00011808987111186178
2 6 2 6 0.00011808987111186178
3 6 2 7 0.00011808987111186178
2 7 3 6 0.00011808987111186178
3 7 3 7 0.00011808987111186178
2 6 10 6 -0.0011861225142765154
3 6 10 7 -0.0011861225142765154
2 7 11 6 -0.0011861225142765154
3 7 11 7 -0.0011861225142765154
2 10 6 6 -0.0011861225142765154
3 10 6 7 -0.0011861225142765154
2 11 7 6 -0.0011861225142765154
3 11 7 7 -0.0011861225142765154
2 2 8 8 0.00011808987111186178
3 2 8 9 0.00011808987111186178
2 3 9 8 0.00011808987111186178
3 3 9 9 0.00011808987111186178
2 8 2 8 0.00011808987111186178
3 8 2 9 0.00011808987111186178
2 9 3 8 0.00011808987111186178
3 9 3 9 0.00011808987111186178
2 8 10 8 -0.0011861225142765154
3 8 10 9 -0.0011861225142765154
2 9 11 8 -0.0011861225142765154
3 9 11 9 -0.0011861225142765154
2 10 8 8 -0.0011861225142765154
3 10 8 9 -0.0011861225142765154
2 11 9 8 -0.0011861225142765154
3 11 9 9 -0.0011861225142765154
2 0 0 10 -0.013337857232339817
3 0 0 11 -0.013337857232339817
2 1 1 10 -0.013337857232339817
3 1 1 11 -0.013337857232339817
2 0 4 10 0.0042474294800751485
3 0 4 11 0.0042474294800751485
2 1 5 10 0.0042474294800751485
3 1 5 11 0.0042474294800751485
2 2 2 10 0.01563957895399217
3 2 2 11 0.01563957895399217
2 3 3 10 0.01563957895399217
3 3 3 11 0.01563957895399217
2 2 10 10 0.0034723697956044507
3 2 10 11 0.0034723697956044507
2 3 11 10 0.0034723697956044507
3 3 11 11 0.0034723697956044507
2 4 0 10 0.0042474294800751485
3 4 0 11 0.0042474294800751485
2 5 1 10 0.0042474294800751485
3 5 1 11 0.0042474294800751485
2 4 4 10 0.015404980031487884
3 4 4 11 0.015404980031487884
2 5 5 10 0.015404980031487884
3 5 5 11 0.015404980031487884
2 6 6 10 -0.013622379222929876
3 6 6 11 -0.013622379222929876
2 7 7 10 -0.013622379222929876
3 7 7 11 -0.013622379222929876
2 8 8 10 -0.013622379222929876
3 8 8 11 -0.013622379222929876
2 9 9 10 -0.013622379222929876
3 9 9 11 -0.013622379222929876
2 10 2 10 0.00347236979560445
3 10 2 11 0.00347236979560445
2 11 3 10 0.00347236979560445
3 11 3 11 0.00347236979560445
2 10 10 10 -0.015366597557647476
3 10 10 11 -0.015366597557647476
2 11 11 10 -0.015366597557647476
3 11 11 11 -0.015366597557647476
4 0 0 0 -0.018834676952511176
5 0 0 1 -0.018834676952511176
4 1 1 0 -0.018834676952511176
5 1 1 1 -0.018834676952511176
4 0 4 0 0.005670025983429838
5 0 4 1 0.005670025983429838
4 1 5 0 0.005670025983429838
5 1 5 1 0.005670025983429838
4 2 2 0 0.01946381160765607
5 2 2 1 0.01946381160765607
4 3 3 0 0.01946381160765607
5 3 3 1 0.01946381160765607
4 2 10 0 0.004247429480075149
5 2 10 1 0.004247429480075149
4 3 11 0 0.004247429480075149
5 3 11 1 0.004247429480075149
4 4 0 0 0.00567002598342984
5 4 0 1 0.00567002598342984
4 5 1 0 0.00567002598342984
5 5 1 1 0.00567002598342984
4 4 4 0 0.01909235198725008
5 4 4 1 0.01909235198725008
4 5 5 0 0.01909235198725008
5 5 5 1 0.01909235198725008
4 6 6 0 -0.020330556376168804
5 6 6 1 -0.020330556376168804
4 7 7 0 -0.020330556376168804
5 7 7 1 -0.020330556376168804
4 8 8 0 -0.020330556376168804
5 8 8 1 -0.020330556376168804
4 9 9 0 -0.020330556376168804
5 9 9 1 -0.020330556376168804
4 10 2 0 0.004247429480075149
5 10 2 1 0.004247429480075149
4 11 3 0 0.004247429480075149
5 11 3 1 0.004247429480075149
4 10 10 0 -0.019105936383704933
5 10 10 1 -0.019105936383704933
4 11 11 0 -0.019105936383704933
5 11 11 1 -0.019105936383704933
4 0 2 2 0.025598217100779128
5 0 2 3 0.025598217100779128
4 1 3 2 0.025598217100779128
5 1 3 3 0.025598217100779128
4 0 10 2 -0.007851744748137343
5 0 10 3 -0.007851744748137343
4 1 11 2 -0.007851744748137343
5 1 11 3 -0.007851744748137343
4 2 0 2 0.02559821710077912
5 2 0 3 0.02559821710077912
4 3 1 2 0.02559821710077912
5 3 1 3 0.02559821710077912
4 2 4 2 0.1706734144409704
5 2 4 3 0.1706734144409704
4 3 5 2 0.1706734144409704
5 3 5 3 0.1706734144409704
4 4 2 2 0.1706734144409704
5 4 2 3 0.1706734144409704
4 5 3 2 0.1706734144409704
5 5 3 3 0.1706734144409704
4 4 10 2 0.020928074417659488
5 4 10 3 0.020928074417659488
4 5 11 2 0.020928074417659488
5 5 11 3 0.020928074417659488
4 10 0 2 -0.007851744748137343
5 10 0 3 -0.007851744748137343
4 11 1 2 -0.007851744748137343
5 11 1 3 -0.007851744748137343
4 10 4 2 0.020928074417659488
5 10 4 3 0.020928074417659488
4 11 5 2 0.020928074417659488
5 11 5 3 0.020928074417659488
4 0 0 4 0.07349007666153312
5 0 0 5 0.07349007666153312
4 1 1 4 0.07349007666153312
5 1 1 5 0.07349007666153312
4 0 4 4 0.019092351987250067
5 0 4 5 0.019092351987250067
4 1 5 4 0.019092351987250067
5 1 5 5 0.019092351987250067
4 2 2 4 0.20606321407814843
5 2 2 5 0.20606321407814843
4 3 3 4 0.20606321407814843
5 3 3 5 0.20606321407814843
4 2 10 4 0.015404980031487886
5 2 10 5 0.015404980031487886
4 3 11 4 0.015404980031487886
5 3 11 5 0.015404980031487886
4 4 0 4 0.019092351987250067
5 4 0 5 0.019092351987250067
4 5 1 4 0.019092351987250067
5 5 1 5 0.019092351987250067
4 4 4 4 0.20510499650678105
5 4 4 5 0.20510499650678105
4 5 5 4 0.20510499650678105
5 5 5 5 0.20510499650678105
4 6 6 4 0.06947375576190615
5 6 6 5 0.06947375576190615
4 7 7 4 0.06947375576190615
5 7 7 5 0.06947375576190615
4 8 8 4 0.06947375576190615
5 8 8 5 0.06947375576190615
4 9 9 4 0.06947375576190615
5 9 9 5 0.06947375576190615
4 10 2 4 0.015404980031487886
5 10 2 5 0.015404980031487886
4 11 3 4 0.015404980031487886
5 11 3 5 0.015404980031487886
4 10 10 4 0.07535541449693128
5 10 10 5 0.07535541449693128
4 11 11 4 0.07535541449693128
5 11 11 5 0.07535541449693128
4 0 6 6 -0.006484896811513675
5 0 6 7 -0.006484896811513675
4 1 7 6 -0.006484896811513675
5 1 7 7 -0.006484896811513675
4 4 6 6 0.0009923721826385877
5 4 6 7 0.0009923721826385877
4 5 7 6 0.0009923721826385877
5 5 7 7 0.0009923721826385877
4 6 0 6 -0.006484896811513675
5 6 0 7 -0.006484896811513675
4 7 1 6 -0.006484896811513675
5 7 1 7 -0.006484896811513675
4 6 4 6 0.0009923721826385877
5 6 4 7 0.0009923721826385877
4 7 5 6 0.0009923721826385877
5 7 5 7 0.0009923721826385877
4 0 8 8 -0.006484896811513675
5 0 8 9 -0.006484896811513675
4 1 9 8 -0.006484896811513675
5 1 9 9 -0.006484896811513675
4 4 8 8 0.0009923721826385877
5 4 8 9 0.0009923721826385877
4 5 9 8 0.0009923721826385877
5 5 9 9 0.0009923721826385877
4 8 0 8 -0.006484896811513675
5 8 0 9 -0.006484896811513675
4 9 1 8 -0.006484896811513675
5 9 1 9 -0.006484896811513675
4 8 4 8 0.0009923721826385877
5 8 4 9 0.0009923721826385877
4 9 5 8 0.0009923721826385877
5 9 5 9 0.0009923721826385877
4 0 2 10 0.0037456390981349206
5 0 2 11 0.0037456390981349206
4 1 3 10 0.0037456390981349206
5 1 3 11 0.0037456390981349206
4 0 10 10 -0.006857713326706732
5 0 10 11 -0.006857713326706732
4 1 11 10 -0.006857713326706732
5 1 11 11 -0.006857713326706732
4 2 0 10 0.0037456390981349197
5 2 0 11 0.0037456390981349197
4 3 1 10 0.0037456390981349197
5 3 1 11 0.0037456390981349197
4 2 4 10 0.020928074417659485
5 2 4 11 0.020928074417659485
4 3 5 10 0.020928074417659485
5 3 5 11 0.020928074417659485
4 4 2 10 0.020928074417659485
5 4 2 11 0.020928074417659485
4 5 3 10 0.020928074417659485
5 5 3 11 0.020928074417659485
4 4 10 10 0.003442370114420567
5 4 10 11 0.003442370114420567
4 5 11 10 0.003442370114420567
5 5 11 11 0.003442370114420567
4 10 0 10 -0.006857713326706731
5 10 0 11 -0.006857713326706731
4 11 1 10 -0.006857713326706731
5 11 1 11 -0.006857713326706731
4 10 4 10 0.003442370114420568
5 10 4 11 0.003442370114420568
4 11 5 10 0.003442370114420568
5 11 5 11 0.003442370114420568
6 0 6 0 0.04242490391828795
7 0 6 1 0.04242490391828795
6 1 7 0 0.04242490391828795
7 1 7 1 0.04242490391828795
6 4 6 0 -0.006484896811513675
7 4 6 1 -0.006484896811513675
6 5 7 0 -0.006484896811513675
7 5 7 1 -0.006484896811513675
6 6 0 0 0.04242490391828795
7 6 0 1 0.04242490391828795
6 7 1 0 0.04242490391828795
7 7 1 1 0.04242490391828795
6 6 4 0 -0.006484896811513675
7 6 4 1 -0.006484896811513675
6 7 5 0 -0.006484896811513675
7 7 5 1 -0.006484896811513675
6 2 6 2 0.00011808987111186178
7 2 6 3 0.00011808987111186178
6 3 7 2 0.00011808987111186178
7 3 7 3 0.00011808987111186178
6 6 2 2 0.00011808987111186178
7 6 2 3 0.00011808987111186178
6 7 3 2 0.00011808987111186178
7 7 3 3 0.00011808987111186178
6 6 10 2 -0.0011861225142765154
7 6 10 3 -0.0011861225142765154
6 7 11 2 -0.0011861225142765154
7 7 11 3 -0.0011861225142765154
6 10 6 2 -0.0011861225142765154
7 10 6 3 -0.0011861225142765154
6 11 7 2 -0.0011861225142765154
7 11 7 3 -0.0011861225142765154
6 0 6 4 -0.006484896811513675
7 0 6 5 -0.006484896811513675
6 1 7 4 -0.006484896811513675
7 1 7 5 -0.006484896811513675
6 4 6 4 0.0009923721826385877
7 4 6 5 0.0009923721826385877
6 5 7 4 0.0009923721826385877
7 5 7 5 0.0009923721826385877
6 6 0 4 -0.006484896811513675
7 6 0 5 -0.006484896811513675
6 7 1 4 -0.006484896811513675
7 7 1 5 -0.006484896811513675
6 6 4 4 0.0009923721826385877
7 6 4 5 0.0009923721826385877
6 7 5 4 0.0009923721826385877
7 7 5 5 0.0009923721826385877
6 0 0 6 0.20177165799775204
7 0 0 7 0.20177165799775204
6 1 1 6 0.20177165799775204
7 1 1 7 0.20177165799775204
6 0 4 6 -0.020330556376168808
7 0 4 7 -0.020330556376168808
6 1 5 6 -0.020330556376168808
7 1 5 7 -0.020330556376168808
6 2 2 6 0.06781206491194364
7 2 2 7 0.06781206491194364
6 3 3 6 0.06781206491194364
7 3 3 7 0.06781206491194364
6 2 10 6 -0.013622379222929876
7 2 10 7 -0.013622379222929876
6 3 11 6 -0.013622379222929876
7 3 11 7 -0.013622379222929876
6 4 0 6 -0.020330556376168804
7 4 0 7 -0.020330556376168804
6 5 1 6 -0.020330556376168804
7 5 1 7 -0.020330556376168804
6 4 4 6 0.06947375576190615
7 4 4 7 0.06947375576190615
6 5 5 6 0.06947375576190615
7 5 5 7 0.06947375576190615
6 6 6 6 0.224929545
7 6 6 7 0.224929545
6 7 7 6 0.224929545
7 7 7 7 0.224929545
6 8 8 6 0.2006801625
7 8 8 7 0.2006801625
6 9 9 6 0.2006801625
7 9 9 7 0.2006801625
6 10 2 6 -0.013622379222929875
7 10 2 7 -0.013622379222929875
6 11 3 6 -0.013622379222929875
7 11 3 7 -0.013622379222929875
6 10 10 6 0.19937405045775236
7 10 10 7 0.19937405045775236
6 11 11 6 0.19937405045775236
7 11 11 7 0.19937405045775236
6 6 8 8 0.0121246915
7 6 8 9 0.0121246915
6 7 9 8 0.0121246915
7 7 9 9 0.0121246915
6 8 6 8 0.0121246915
7 8 6 9 0.0121246915
6 9 7 8 0.0121246915
7 9 7 9 0.0121246915
6 2 6 10 -0.0011861225142765159
7 2 6 11 -0.0011861225142765159
6 3 7 10 -0.0011861225142765159
7 3 7 11 -0.0011861225142765159
6 6 2 10 -0.0011861225142765159
7 6 2 11 -0.0011861225142765159
6 7 3 10 -0.0011861225142765159
7 7 3 11 -0.0011861225142765159
6 6 10 10 0.012018205793397492
7 6 10 11 0.012018205793397492
6 7 11 10 0.012018205793397492
7 7 11 11 0.012018205793397492
6 10 6 10 0.012018205793397492
7 10 6 11 0.012018205793397492
6 11 7 10 0.012018205793397492
7 11 7 11 0.012018205793397492
8 0 8 0 0.04242490391828795
9 0 8 1 0.04242490391828795
8 1 9 0 0.04242490391828795
9 1 9 1 0.04242490391828795
8 4 8 0 -0.006484896811513675
9 4 8 1 -0.006484896811513675
8 5 9 0 -0.006484896811513675
9 5 9 1 -0.006484896811513675
8 8 0 0 0.04242490391828795
9 8 0 1 0.04242490391828795
8 9 1 0 0.04242490391828795
9 9 1 1 0.04242490391828795
8 8 4 0 -0.006484896811513675
9 8 4 1 -0.006484896811513675
8 9 5 0 -0.006484896811513675
9 9 5 1 -0.006484896811513675
8 2 8 2 0.00011808987111186178
9 2 8 3 0.00011808987111186178
8 3 9 2 0.00011808987111186178
9 3 9 3 0.00011808987111186178
8 8 2 2 0.00011808987111186178
9 8 2 3 0.00011808987111186178
8 9 3 2 0.00011808987111186178
9 9 3 3 0.00011808987111186178
8 8 10 2 -0.0011861225142765154
9 8 10 3 -0.0011861225142765154
8 9 11 2 -0.0011861225142765154
9 9 11 3 -0.0011861225142765154
8 10 8 2 -0.0011861225142765154
9 10 8 3 -0.0011861225142765154
8 11 9 2 -0.0011861225142765154
9 11 9 3 -0.0011861225142765154
8 0 8 4 -0.006484896811513675
9 0 8 5 -0.006484896811513675
8 1 9 4 -0.006484896811513675
9 1 9 5 -0.006484896811513675
8 4 8 4 0.0009923721826385877
9 4 8 5 0.0009923721826385877
8 5 9 4 0.0009923721826385877
9 5 9 5 0.0009923721826385877
8 8 0 4 -0.006484896811513675
9 8 0 5 -0.006484896811513675
8 9 1 4 -0.006484896811513675
9 9 1 5 -0.006484896811513675
8 8 4 4 0.0009923721826385877
9 8 4 5 0.0009923721826385877
8 9 5 4 0.0009923721826385877
9 9 5 5 0.0009923721826385877
8 6 8 6 0.0121246915
9 6 8 7 0.0121246915
8 7 9 6 0.0121246915
9 7 9 7 0.0121246915
8 8 6 6 0.0121246915
9 8 6 7 0.0121246915
8 9 7 6 0.0121246915
9 9 7 7 0.0121246915
8 0 0 8 0.20177165799775204
9 0 0 9 0.20177165799775204
8 1 1 8 0.20177165799775204
9 1 1 9 0.20177165799775204
8 0 4 8 -0.020330556376168808
9 0 4 9 -0.020330556376168808
8 1 5 8 -0.020330556376168808
9 1 5 9 -0.020330556376168808
8 2 2 8 0.06781206491194364
9 2 2 9 0.06781206491194364
8 3 3 8 0.06781206491194364
9 3 3 9 0.06781206491194364
8 2 10 8 -0.013622379222929876
9 2 10 9 -0.013622379222929876
8 3 11 8 -0.013622379222929876
9 3 11 9 -0.013622379222929876
8 4 0 8 -0.020330556376168804
9 4 0 9 -0.020330556376168804
8 5 1 8 -0.020330556376168804
9 5 1 9 -0.020330556376168804
8 4 4 8 0.06947375576190615
9 4 4 9 0.06947375576190615
8 5 5 8 0.06947375576190615
9 5 5 9 0.06947375576190615
8 6 6 8 0.2006801625
9 6 6 9 0.2006801625
8 7 7 8 0.2006801625
9 7 7 9 0.2006801625
8 8 8 8 0.224929545
9 8 8 9 0.224929545
8 9 9 8 0.224929545
9 9 9 9 0.224929545
8 10 2 8 -0.013622379222929875
9 10 2 9 -0.013622379222929875
8 11 3 8 -0.013622379222929875
9 11 3 9 -0.013622379222929875
8 10 10 8 0.19937405045775236
9 10 10 9 0.19937405045775236
8 11 11 8 0.19937405045775236
9 11 11 9 0.19937405045775236
8 2 8 10 -0.0011861225142765159
9 2 8 11 -0.0011861225142765159
8 3 9 10 -0.0011861225142765159
9 3 9 11 -0.0011861225142765159
8 8 2 10 -0.0011861225142765159
9 8 2 11 -0.0011861225142765159
8 9 3 10 -0.0011861225142765159
9 9 3 11 -0.0011861225142765159
8 8 10 10 0.012018205793397492
9 8 10 11 0.012018205793397492
8 9 11 10 0.012018205793397492
9 9 11 11 0.012018205793397492
8 10 8 10 0.012018205793397492
9 10 8 11 0.012018205793397492
8 11 9 10 0.012018205793397492
9 11 9 11 0.012018205793397492
10 0 2 0 -0.005592624073408964
11 0 2 1 -0.005592624073408964
10 1 3 0 -0.005592624073408964
11 1 3 1 -0.005592624073408964
10 0 10 0 0.041805550628685226
11 0 10 1 0.041805550628685226
10 1 11 0 0.041805550628685226
11 1 11 1 0.041805550628685226
10 2 0 0 -0.005592624073408962
11 2 0 1 -0.005592624073408962
10 3 1 0 -0.005592624073408962
11 3 1 1 -0.005592624073408962
10 2 4 0 -0.007851744748137345
11 2 4 1 -0.007851744748137345
10 3 5 0 -0.007851744748137345
11 3 5 1 -0.007851744748137345
10 4 2 0 -0.007851744748137345
11 4 2 1 -0.007851744748137345
10 5 3 0 -0.007851744748137345
11 5 3 1 -0.007851744748137345
10 4 10 0 -0.006857713326706729
11 4 10 1 -0.006857713326706729
10 5 11 0 -0.006857713326706729
11 5 11 1 -0.006857713326706729
10 10 0 0 0.041805550628685226
11 10 0 1 0.041805550628685226
10 11 1 0 0.041805550628685226
11 11 1 1 0.041805550628685226
10 10 4 0 -0.006857713326706731
11 10 4 1 -0.006857713326706731
10 11 5 0 -0.006857713326706731
11 11 5 1 -0.006857713326706731
10 0 0 2 -0.013337857232339819
11 0 0 3 -0.013337857232339819
10 1 1 2 -0.013337857232339819
11 1 1 3 -0.013337857232339819
10 0 4 2 0.004247429480075149
11 0 4 3 0.004247429480075149
10 1 5 2 0.004247429480075149
11 1 5 3 0.004247429480075149
10 2 2 2 0.015639578953992175
11 2 2 3 0.015639578953992175
10 3 3 2 0.015639578953992175
11 3 3 3 0.015639578953992175
10 2 10 2 0.0034723697956044503
11 2 10 3 0.0034723697956044503
10 3 11 2 0.0034723697956044503
11 3 11 3 0.0034723697956044503
10 4 0 2 0.004247429480075149
11 4 0 3 0.004247429480075149
10 5 1 2 0.004247429480075149
11 5 1 3 0.004247429480075149
10 4 4 2 0.015404980031487886
11 4 4 3 0.015404980031487886
10 5 5 2 0.015404980031487886
11 5 5 3 0.015404980031487886
10 6 6 2 -0.013622379222929875
11 6 6 3 -0.013622379222929875
10 7 7 2 -0.013622379222929875
11 7 7 3 -0.013622379222929875
10 8 8 2 -0.013622379222929875
11 8 8 3 -0.013622379222929875
10 9 9 2 -0.013622379222929875
11 9 9 3 -0.013622379222929875
10 10 2 2 0.00347236979560445
11 10 2 3 0.00347236979560445
10 11 3 2 0.00347236979560445
11 11 3 3 0.00347236979560445
10 10 10 2 -0.015366597557647476
11 10 10 3 -0.015366597557647476
10 11 11 2 -0.015366597557647476
11 11 11 3 -0.015366597557647476
10 0 2 4 0.00374563909813492
11 0 2 5 0.00374563909813492
10 1 3 4 0.00374563909813492
11 1 3 5 0.00374563909813492
10 0 10 4 -0.006857713326706731
11 0 10 5 -0.006857713326706731
10 1 11 4 -0.006857713326706731
11 1 11 5 -0.006857713326706731
10 2 0 4 0.0037456390981349197
11 2 0 5 0.0037456390981349197
10 3 1 4 0.0037456390981349197
11 3 1 5 0.0037456390981349197
10 2 4 4 0.020928074417659488
11 2 4 5 0.020928074417659488
10 3 5 4 0.020928074417659488
11 3 5 5 0.020928074417659488
10 4 2 4 0.020928074417659488
11 4 2 5 0.020928074417659488
10 5 3 4 0.020928074417659488
11 5 3 5 0.020928074417659488
10 4 10 4 0.003442370114420568
11 4 10 5 0.003442370114420568
10 5 11 4 0.003442370114420568
11 5 11 5 0.003442370114420568
10 10 0 4 -0.00685771332670673
11 10 0 5 -0.00685771332670673
10 11 1 4 -0.00685771332670673
11 11 1 5 -0.00685771332670673
10 10 4 4 0.003442370114420568
11 10 4 5 0.003442370114420568
10 11 5 4 0.003442370114420568
11 11 5 5 0.003442370114420568
10 2 6 6 -0.0011861225142765159
11 2 6 7 -0.0011861225142765159
10 3 7 6 -0.0011861225142765159
11 3 7 7 -0.0011861225142765159
10 6 2 6 -0.0011861225142765159
11 6 2 7 -0.0011861225142765159
10 7 3 6 -0.0011861225142765159
11 7 3 7 -0.0011861225142765159
10 6 10 6 0.012018205793397492
11 6 10 7 0.012018205793397492
10 7 11 6 0.012018205793397492
11 7 11 7 0.012018205793397492
10 10 6 6 0.012018205793397492
11 10 6 7 0.012018205793397492
10 11 7 6 0.012018205793397492
11 11 7 7 0.012018205793397492
10 2 8 8 -0.0011861225142765159
11 2 8 9 -0.0011861225142765159
10 3 9 8 -0.0011861225142765159
11 3 9 9 -0.0011861225142765159
10 8 2 8 -0.0011861225142765159
11 8 2 9 -0.0011861225142765159
10 9 3 8 -0.0011861225142765159
11 9 3 9 -0.0011861225142765159
10 8 10 8 0.012018205793397492
11 8 10 9 0.012018205793397492
10 9 11 8 0.012018205793397492
11 9 11 9 0.012018205793397492
10 10 8 8 0.012018205793397492
11 10 8 9 0.012018205793397492
10 11 9 8 0.012018205793397492
11 11 9 9 0.012018205793397492
10 0 0 10 0.20062464960857082
11 0 0 11 0.20062464960857082
10 1 1 10 0.20062464960857082
11 1 1 11 0.20062464960857082
10 0 4 10 -0.019105936383704926
11 0 4 11 -0.019105936383704926
10 1 5 10 -0.019105936383704926
11 1 5 11 -0.019105936383704926
10 2 2 10 0.07408251385940808
11 2 2 11 0.07408251385940808
10 3 3 10 0.07408251385940808
11 3 3 11 0.07408251385940808
10 2 10 10 -0.015366597557647478
11 2 10 11 -0.015366597557647478
10 3 11 10 -0.015366597557647478
11 3 11 11 -0.015366597557647478
10 4 0 10 -0.019105936383704922
11 4 0 11 -0.019105936383704922
10 5 1 10 -0.019105936383704922
11 5 1 11 -0.019105936383704922
10 4 4 10 0.0753554144969313
11 4 4 11 0.0753554144969313
10 5 5 10 0.0753554144969313
11 5 5 11 0.0753554144969313
10 6 6 10 0.19937405045775236
11 6 6 11 0.19937405045775236
10 7 7 10 0.19937405045775236
11 7 7 11 0.19937405045775236
10 8 8 10 0.19937405045775236
11 8 8 11 0.19937405045775236
10 9 9 10 0.19937405045775236
11 9 9 11 0.19937405045775236
10 10 2 10 -0.01536659755764747
11 10 2 11 -0.01536659755764747
10 11 3 10 -0.01536659755764747
11 11 3 11 -0.01536659755764747
10 10 10 10 0.22192305371586935
11 10 10 11 0.22192305371586935
10 11 11 10 0.22192305371586935
11 11 11 11 0.22192305371586935
