-12.249105646557059
0 0 -1.2371717198514678
1 1 -1.2371717198514678
0 4 -0.014198022448286052
1 5 -0.014198022448286052
2 2 -1.213723151164742
3 3 -1.213723151164742
2 10 -0.02616108931592387
3 11 -0.02616108931592387
4 0 -0.014198022448285774
5 1 -0.014198022448285774
4 4 -0.9936971759577207
5 5 -0.9936971759577207
6 6 -0.9989617561015751
7 7 -0.9989617561015751
8 8 -0.9989617561015751
9 9 -0.9989617561015751
10 2 -0.026161089315924146
11 3 -0.026161089315924146
10 10 -0.8651376744003136
11 11 -0.8651376744003136
0 0 0 0 0.16940937775714232
1 0 0 1 0.16940937775714232
0 1 1 0 0.16940937775714232
1 1 1 1 0.16940937775714232
0 0 4 0 -0.00015242182024689972
1 0 4 1 -0.00015242182024689972
0 1 5 0 -0.00015242182024689972
1 1 5 1 -0.00015242182024689972
0 2 2 0 0.17219234589496624
1 2 2 1 0.17219234589496624
0 3 3 0 0.17219234589496624
1 3 3 1 0.17219234589496624
0 2 10 0 0.004475222898736351
1 2 10 1 0.004475222898736351
0 3 11 0 0.004475222898736351
1 3 11 1 0.004475222898736351
0 4 0 0 -0.00015242182024689625
1 4 0 1 -0.00015242182024689625
0 5 1 0 -0.00015242182024689625
1 5 1 1 -0.00015242182024689625
0 4 4 0 0.1712216825557869
1 4 4 1 0.1712216825557869
0 5 5 0 0.1712216825557869
1 5 5 1 0.1712216825557869
0 6 6 0 0.16708296759652716
1 6 6 1 0.16708296759652716
0 7 7 0 0.16708296759652716
1 7 7 1 0.16708296759652716
0 8 8 0 0.16708296759652716
1 8 8 1 0.16708296759652716
0 9 9 0 0.16708296759652716
1 9 9 1 0.16708296759652716
0 10 2 0 0.004475222898736359
1 10 2 1 0.004475222898736359
0 11 3 0 0.004475222898736359
1 11 3 1 0.004475222898736359
0 10 10 0 0.1804268938736674
1 10 10 1 0.1804268938736674
0 11 11 0 0.1804268938736674
1 11 11 1 0.1804268938736674
0 0 2 2 0.07244383446326072
1 0 2 3 0.07244383446326072
0 1 3 2 0.07244383446326072
1 1 3 3 0.07244383446326072
0 0 10 2 -0.015857529357885758
1 0 10 3 -0.015857529357885758
0 1 11 2 -0.015857529357885758
1 1 11 3 -0.015857529357885758
0 2 0 2 0.07244383446326073
1 2 0 3 0.07244383446326073
0 3 1 2 0.07244383446326073
1 3 1 3 0.07244383446326073
0 2 4 2 -0.047525203817765475
1 2 4 3 -0.047525203817765475
0 3 5 2 -0.047525203817765475
1 3 5 3 -0.047525203817765475
0 4 2 2 -0.047525203817765475
1 4 2 3 -0.047525203817765475
0 5 3 2 -0.047525203817765475
1 5 3 3 -0.047525203817765475
0 4 10 2 0.06563528305335808
1 4 10 3 0.06563528305335808
0 5 11 2 0.06563528305335808
1 5 11 3 0.06563528305335808
0 10 0 2 -0.015857529357885758
1 10 0 3 -0.015857529357885758
0 11 1 2 -0.015857529357885758
1 11 1 3 -0.015857529357885758
0 10 4 2 0.06563528305335808
1 10 4 3 0.06563528305335808
0 11 5 2 0.06563528305335808
1 11 5 3 0.06563528305335808
0 0 0 4 -0.00015242182024687717
1 0 0 5 -0.00015242182024687717
0 1 1 4 -0.00015242182024687717
1 1 1 5 -0.00015242182024687717
0 0 4 4 0.04688850064647898
1 0 4 5 0.04688850064647898
0 1 5 4 0.04688850064647898
1 1 5 5 0.04688850064647898
0 2 2 4 -0.020137030237797282
1 2 2 5 -0.020137030237797282
0 3 3 4 -0.020137030237797282
1 3 3 5 -0.020137030237797282
0 2 10 4 0.04453604180522884
1 2 10 5 0.04453604180522884
0 3 11 4 0.04453604180522884
1 3 11 5 0.04453604180522884
0 4 0 4 0.046888500646479
1 4 0 5 0.046888500646479
0 5 1 4 0.046888500646479
1 5 1 5 0.046888500646479
0 4 4 4 -0.012579768215757535
1 4 4 5 -0.012579768215757535
0 5 5 4 -0.012579768215757535
1 5 5 5 -0.012579768215757535
0 6 6 4 0.04402823282094288
1 6 6 5 0.04402823282094288
0 7 7 4 0.04402823282094288
1 7 7 5 0.04402823282094288
0 8 8 4 0.04402823282094288
1 8 8 5 0.04402823282094288
0 9 9 4 0.04402823282094288
1 9 9 5 0.04402823282094288
0 10 2 4 0.04453604180522882
1 10 2 5 0.04453604180522882
0 11 3 4 0.04453604180522882
1 11 3 5 0.04453604180522882
0 10 10 4 0.0018998815992083834
1 10 10 5 0.0018998815992083834
0 11 11 4 0.0018998815992083834
1 11 11 5 0.0018998815992083834
0 0 6 6 0.023641164576046723
1 0 6 7 0.023641164576046723
0 1 7 6 0.023641164576046723
1 1 7 7 0.023641164576046723
0 4 6 6 0.022525555834023905
1 4 6 7 0.022525555834023905
0 5 7 6 0.022525555834023905
1 5 7 7 0.022525555834023905
0 6 0 6 0.023641164576046723
1 6 0 7 0.023641164576046723
0 7 1 6 0.023641164576046723
1 7 1 7 0.023641164576046723
0 6 4 6 0.022525555834023905
1 6 4 7 0.022525555834023905
0 7 5 6 0.022525555834023905
1 7 5 7 0.022525555834023905
0 0 8 8 0.023641164576046723
1 0 8 9 0.023641164576046723
0 1 9 8 0.023641164576046723
1 1 9 9 0.023641164576046723
0 4 8 8 0.022525555834023905
1 4 8 9 0.022525555834023905
0 5 9 8 0.022525555834023905
1 5 9 9 0.022525555834023905
0 8 0 8 0.023641164576046723
1 8 0 9 0.023641164576046723
0 9 1 8 0.023641164576046723
1 9 1 9 0.023641164576046723
0 8 4 8 0.022525555834023905
1 8 4 9 0.022525555834023905
0 9 5 8 0.022525555834023905
1 9 5 9 0.022525555834023905
0 0 2 10 -0.01585752935788575
1 0 2 11 -0.01585752935788575
0 1 3 10 -0.01585752935788575
1 1 3 11 -0.01585752935788575
0 0 10 10 0.029259833805405845
1 0 10 11 0.029259833805405845
0 1 11 10 0.029259833805405845
1 1 11 11 0.029259833805405845
0 2 0 10 -0.015857529357885765
1 2 0 11 -0.015857529357885765
0 3 1 10 -0.015857529357885765
1 3 1 11 -0.015857529357885765
0 2 4 10 0.033272751470736966
1 2 4 11 0.033272751470736966
0 3 5 10 0.033272751470736966
1 3 5 11 0.033272751470736966
0 4 2 10 0.03327275147073695
1 4 2 11 0.03327275147073695
0 5 3 10 0.03327275147073695
1 5 3 11 0.03327275147073695
0 4 10 10 -0.01714975596369404
1 4 10 11 -0.01714975596369404
0 5 11 10 -0.01714975596369404
1 5 11 11 -0.01714975596369404
0 10 0 10 0.02925983380540585
1 10 0 11 0.02925983380540585
0 11 1 10 0.02925983380540585
1 11 1 11 0.02925983380540585
0 10 4 10 -0.017149755963694033
1 10 4 11 -0.017149755963694033
0 11 5 10 -0.017149755963694033
1 11 5 11 -0.017149755963694033
2 0 2 0 0.07244383446326072
3 0 2 1 0.07244383446326072
2 1 3 0 0.07244383446326072
3 1 3 1 0.07244383446326072
2 0 10 0 -0.015857529357885758
3 0 10 1 -0.015857529357885758
2 1 11 0 -0.015857529357885758
3 1 11 1 -0.015857529357885758
2 2 0 0 0.07244383446326072
3 2 0 1 0.07244383446326072
2 3 1 0 0.07244383446326072
3 3 1 1 0.07244383446326072
2 2 4 0 -0.04752520381776548
3 2 4 1 -0.04752520381776548
2 3 5 0 -0.04752520381776548
3 3 5 1 -0.04752520381776548
2 4 2 0 -0.047525203817765475
3 4 2 1 -0.047525203817765475
2 5 3 0 -0.047525203817765475
3 5 3 1 -0.047525203817765475
2 4 10 0 0.06563528305335808
3 4 10 1 0.06563528305335808
2 5 11 0 0.06563528305335808
3 5 11 1 0.06563528305335808
2 10 0 0 -0.015857529357885758
3 10 0 1 -0.015857529357885758
2 11 1 0 -0.015857529357885758
3 11 1 1 -0.015857529357885758
2 10 4 0 0.06563528305335808
3 10 4 1 0.06563528305335808
2 11 5 0 0.06563528305335808
3 11 5 1 0.06563528305335808
2 0 0 2 0.17219234589496624
3 0 0 3 0.17219234589496624
2 1 1 2 0.17219234589496624
3 1 1 3 0.17219234589496624
2 0 4 2 -0.020137030237797303
3 0 4 3 -0.020137030237797303
2 1 5 2 -0.020137030237797303
3 1 5 3 -0.020137030237797303
2 2 2 2 0.18494794799654307
3 2 2 3 0.18494794799654307
2 3 3 2 0.18494794799654307
3 3 3 3 0.18494794799654307
2 2 10 2 -0.011727416031796358
3 2 10 3 -0.011727416031796358
2 3 11 2 -0.011727416031796358
3 3 11 3 -0.011727416031796358
2 4 0 2 -0.02013703023779731
3 4 0 3 -0.02013703023779731
2 5 1 2 -0.02013703023779731
3 5 1 3 -0.02013703023779731
2 4 4 2 0.1777334187811972
3 4 4 3 0.1777334187811972
2 5 5 2 0.1777334187811972
3 5 5 3 0.1777334187811972
2 6 6 2 0.1487844099613181
3 6 6 3 0.1487844099613181
2 7 7 2 0.1487844099613181
3 7 7 3 0.1487844099613181
2 8 8 2 0.1487844099613181
3 8 8 3 0.1487844099613181
2 9 9 2 0.1487844099613181
3 9 9 3 0.1487844099613181
2 10 2 2 -0.01172741603179634
3 10 2 3 -0.01172741603179634
2 11 3 2 -0.01172741603179634
3 11 3 3 -0.01172741603179634
2 10 10 2 0.1844458506522595
3 10 10 3 0.1844458506522595
2 11 11 2 0.1844458506522595
3 11 11 3 0.1844458506522595
2 0 2 4 -0.04752520381776548
3 0 2 5 -0.04752520381776548
2 1 3 4 -0.04752520381776548
3 1 3 5 -0.04752520381776548
2 0 10 4 0.033272751470736966
3 0 10 5 0.033272751470736966
2 1 11 4 0.033272751470736966
3 1 11 5 0.033272751470736966
2 2 0 4 -0.04752520381776548
3 2 0 5 -0.04752520381776548
2 3 1 4 -0.04752520381776548
3 3 1 5 -0.04752520381776548
2 2 4 4 0.05148557916246643
3 2 4 5 0.05148557916246643
2 3 5 4 0.05148557916246643
3 3 5 5 0.05148557916246643
2 4 2 4 0.05148557916246643
3 4 2 5 0.05148557916246643
2 5 3 4 0.05148557916246643
3 5 3 5 0.05148557916246643
2 4 10 4 -0.04560208352500654
3 4 10 5 -0.04560208352500654
2 5 11 4 -0.04560208352500654
3 5 11 5 -0.04560208352500654
2 10 0 4 0.03327275147073697
3 10 0 5 0.03327275147073697
2 11 1 4 0.03327275147073697
3 11 1 5 0.03327275147073697
2 10 4 4 -0.04560208352500654
3 10 4 5 -0.04560208352500654
2 11 5 4 -0.04560208352500654
3 11 5 5 -0.04560208352500654
2 2 6 6 0.004722408274448132
3 2 6 7 0.004722408274448132
2 3 7 6 0.004722408274448132
3 3 7 7 0.004722408274448132
2 6 2 6 0.004722408274448132
3 6 2 7 0.004722408274448132
2 7 3 6 0.004722408274448132
3 7 3 7 0.004722408274448132
2 6 10 6 0.006123819408663647
3 6 10 7 0.006123819408663647
2 7 11 6 0.006123819408663647
3 7 11 7 0.006123819408663647
2 10 6 6 0.006123819408663647
3 10 6 7 0.006123819408663647
2 11 7 6 0.006123819408663647
3 11 7 7 0.006123819408663647
2 2 8 8 0.004722408274448132
3 2 8 9 0.004722408274448132
2 3 9 8 0.004722408274448132
3 3 9 9 0.004722408274448132
2 8 2 8 0.004722408274448132
3 8 2 9 0.004722408274448132
2 9 3 8 0.004722408274448132
3 9 3 9 0.004722408274448132
2 8 10 8 0.006123819408663647
3 8 10 9 0.006123819408663647
2 9 11 8 0.006123819408663647
3 9 11 9 0.006123819408663647
2 10 8 8 0.006123819408663647
3 10 8 9 0.006123819408663647
2 11 9 8 0.006123819408663647
3 11 9 9 0.006123819408663647
2 0 0 10 0.0044752228987363155
3 0 0 11 0.0044752228987363155
2 1 1 10 0.0044752228987363155
3 1 1 11 0.0044752228987363155
2 0 4 10 0.04453604180522882
3 0 4 11 0.04453604180522882
2 1 5 10 0.04453604180522882
3 1 5 11 0.04453604180522882
2 2 2 10 -0.011727416031796334
3 2 2 11 -0.011727416031796334
2 3 3 10 -0.011727416031796334
3 3 3 11 -0.011727416031796334
2 2 10 10 0.04764118635812971
3 2 10 11 0.04764118635812971
2 3 11 10 0.04764118635812971
3 3 11 11 0.04764118635812971
2 4 0 10 0.044536041805228826
3 4 0 11 0.044536041805228826
2 5 1 10 0.044536041805228826
3 5 1 11 0.044536041805228826
2 4 4 10 -0.010513884709953885
3 4 4 11 -0.010513884709953885
2 5 5 10 -0.010513884709953885
3 5 5 11 -0.010513884709953885
2 6 6 10 0.04196465739094225
3 6 6 11 0.04196465739094225
2 7 7 10 0.04196465739094225
3 7 7 11 0.04196465739094225
2 8 8 10 0.04196465739094225
3 8 8 11 0.04196465739094225
2 9 9 10 0.04196465739094225
3 9 9 11 0.04196465739094225
2 10 2 10 0.04764118635812971
3 10 2 11 0.04764118635812971
2 11 3 10 0.04764118635812971
3 11 3 11 0.04764118635812971
2 10 10 10 0.010194638841416918
3 10 10 11 0.010194638841416918
2 11 11 10 0.010194638841416918
3 11 11 11 0.010194638841416918
4 0 0 0 -0.00015242182024689105
5 0 0 1 -0.00015242182024689105
4 1 1 0 -0.00015242182024689105
5 1 1 1 -0.00015242182024689105
4 0 4 0 0.04688850064647898
5 0 4 1 0.04688850064647898
4 1 5 0 0.04688850064647898
5 1 5 1 0.04688850064647898
4 2 2 0 -0.020137030237797268
5 2 2 1 -0.020137030237797268
4 3 3 0 -0.020137030237797268
5 3 3 1 -0.020137030237797268
4 2 10 0 0.04453604180522885
5 2 10 1 0.04453604180522885
4 3 11 0 0.04453604180522885
5 3 11 1 0.04453604180522885
4 4 0 0 0.046888500646478995
5 4 0 1 0.046888500646478995
4 5 1 0 0.046888500646478995
5 5 1 1 0.046888500646478995
4 4 4 0 -0.0125797682157575
5 4 4 1 -0.0125797682157575
4 5 5 0 -0.0125797682157575
5 5 5 1 -0.0125797682157575
4 6 6 0 0.04402823282094289
5 6 6 1 0.04402823282094289
4 7 7 0 0.04402823282094289
5 7 7 1 0.04402823282094289
4 8 8 0 0.04402823282094289
5 8 8 1 0.04402823282094289
4 9 9 0 0.04402823282094289
5 9 9 1 0.04402823282094289
4 10 2 0 0.044536041805228826
5 10 2 1 0.044536041805228826
4 11 3 0 0.044536041805228826
5 11 3 1 0.044536041805228826
4 10 10 0 0.0018998815992083973
5 10 10 1 0.0018998815992083973
4 11 11 0 0.0018998815992083973
5 11 11 1 0.0018998815992083973
4 0 2 2 -0.04752520381776548
5 0 2 3 -0.04752520381776548
4 1 3 2 -0.04752520381776548
5 1 3 3 -0.04752520381776548
4 0 10 2 0.033272751470736966
5 0 10 3 0.033272751470736966
4 1 11 2 0.033272751470736966
5 1 11 3 0.033272751470736966
4 2 0 2 -0.04752520381776548
5 2 0 3 -0.04752520381776548
4 3 1 2 -0.04752520381776548
5 3 1 3 -0.04752520381776548
4 2 4 2 0.05148557916246643
5 2 4 3 0.05148557916246643
4 3 5 2 0.05148557916246643
5 3 5 3 0.05148557916246643
4 4 2 2 0.051485579162466426
5 4 2 3 0.051485579162466426
4 5 3 2 0.051485579162466426
5 5 3 3 0.051485579162466426
4 4 10 2 -0.04560208352500653
5 4 10 3 -0.04560208352500653
4 5 11 2 -0.04560208352500653
5 5 11 3 -0.04560208352500653
4 10 0 2 0.033272751470736966
5 10 0 3 0.033272751470736966
4 11 1 2 0.033272751470736966
5 11 1 3 0.033272751470736966
4 10 4 2 -0.04560208352500653
5 10 4 3 -0.04560208352500653
4 11 5 2 -0.04560208352500653
5 11 5 3 -0.04560208352500653
4 0 0 4 0.1712216825557869
5 0 0 5 0.1712216825557869
4 1 1 4 0.1712216825557869
5 1 1 5 0.1712216825557869
4 0 4 4 -0.012579768215757563
5 0 4 5 -0.012579768215757563
4 1 5 4 -0.012579768215757563
5 1 5 5 -0.012579768215757563
4 2 2 4 0.17773341878119722
5 2 2 5 0.17773341878119722
4 3 3 4 0.17773341878119722
5 3 3 5 0.17773341878119722
4 2 10 4 -0.010513884709953868
5 2 10 5 -0.010513884709953868
4 3 11 4 -0.010513884709953868
5 3 11 5 -0.010513884709953868
4 4 0 4 -0.012579768215757566
5 4 0 5 -0.012579768215757566
4 5 1 4 -0.012579768215757566
5 5 1 5 -0.012579768215757566
4 4 4 4 0.18060705449948627
5 4 4 5 0.18060705449948627
4 5 5 4 0.18060705449948627
5 5 5 5 0.18060705449948627
4 6 6 4 0.16105429269254076
5 6 6 5 0.16105429269254076
4 7 7 4 0.16105429269254076
5 7 7 5 0.16105429269254076
4 8 8 4 0.16105429269254076
5 8 8 5 0.16105429269254076
4 9 9 4 0.16105429269254076
5 9 9 5 0.16105429269254076
4 10 2 4 -0.010513884709953868
5 10 2 5 -0.010513884709953868
4 11 3 4 -0.010513884709953868
5 11 3 5 -0.010513884709953868
4 10 10 4 0.1838895711175748
5 10 10 5 0.1838895711175748
4 11 11 4 0.1838895711175748
5 11 11 5 0.1838895711175748
4 0 6 6 0.0225255558340239
5 0 6 7 0.0225255558340239
4 1 7 6 0.0225255558340239
5 1 7 7 0.0225255558340239
4 4 6 6 0.02213214493145719
5 4 6 7 0.02213214493145719
4 5 7 6 0.02213214493145719
5 5 7 7 0.02213214493145719
4 6 0 6 0.0225255558340239
5 6 0 7 0.0225255558340239
4 7 1 6 0.0225255558340239
5 7 1 7 0.0225255558340239
4 6 4 6 0.02213214493145719
5 6 4 7 0.02213214493145719
4 7 5 6 0.02213214493145719
5 7 5 7 0.02213214493145719
4 0 8 8 0.0225255558340239
5 0 8 9 0.0225255558340239
4 1 9 8 0.0225255558340239
5 1 9 9 0.0225255558340239
4 4 8 8 0.02213214493145719
5 4 8 9 0.02213214493145719
4 5 9 8 0.02213214493145719
5 5 9 9 0.02213214493145719
4 8 0 8 0.0225255558340239
5 8 0 9 0.0225255558340239
4 9 1 8 0.0225255558340239
5 9 1 9 0.0225255558340239
4 8 4 8 0.02213214493145719
5 8 4 9 0.02213214493145719
4 9 5 8 0.02213214493145719
5 9 5 9 0.02213214493145719
4 0 2 10 0.06563528305335808
5 0 2 11 0.06563528305335808
4 1 3 10 0.06563528305335808
5 1 3 11 0.06563528305335808
4 0 10 10 -0.017149755963694033
5 0 10 11 -0.017149755963694033
4 1 11 10 -0.017149755963694033
5 1 11 11 -0.017149755963694033
4 2 0 10 0.0656352830533581
5 2 0 11 0.0656352830533581
4 3 1 10 0.0656352830533581
5 3 1 11 0.0656352830533581
4 2 4 10 -0.04560208352500653
5 2 4 11 -0.04560208352500653
4 3 5 10 -0.04560208352500653
5 3 5 11 -0.04560208352500653
4 4 2 10 -0.04560208352500651
5 4 2 11 -0.04560208352500651
4 5 3 10 -0.04560208352500651
5 5 3 11 -0.04560208352500651
4 4 10 10 0.0637409836194343
5 4 10 11 0.0637409836194343
4 5 11 10 0.0637409836194343
5 5 11 11 0.0637409836194343
4 10 0 10 -0.017149755963694037
5 10 0 11 -0.017149755963694037
4 11 1 10 -0.017149755963694037
5 11 1 11 -0.017149755963694037
4 10 4 10 0.06374098361943428
5 10 4 11 0.06374098361943428
4 11 5 10 0.06374098361943428
5 11 5 11 0.06374098361943428
6 0 6 0 0.023641164576046723
7 0 6 1 0.023641164576046723
6 1 7 0 0.023641164576046723
7 1 7 1 0.023641164576046723
6 4 6 0 0.022525555834023905
7 4 6 1 0.022525555834023905
6 5 7 0 0.022525555834023905
7 5 7 1 0.022525555834023905
6 6 0 0 0.023641164576046723
7 6 0 1 0.023641164576046723
6 7 1 0 0.023641164576046723
7 7 1 1 0.023641164576046723
6 6 4 0 0.022525555834023905
7 6 4 1 0.022525555834023905
6 7 5 0 0.022525555834023905
7 7 5 1 0.022525555834023905
6 2 6 2 0.004722408274448132
7 2 6 3 0.004722408274448132
6 3 7 2 0.004722408274448132
7 3 7 3 0.004722408274448132
6 6 2 2 0.004722408274448132
7 6 2 3 0.004722408274448132
6 7 3 2 0.004722408274448132
7 7 3 3 0.004722408274448132
6 6 10 2 0.006123819408663647
7 6 10 3 0.006123819408663647
6 7 11 2 0.006123819408663647
7 7 11 3 0.006123819408663647
6 10 6 2 0.006123819408663647
7 10 6 3 0.006123819408663647
6 11 7 2 0.006123819408663647
7 11 7 3 0.006123819408663647
6 0 6 4 0.0225255558340239
7 0 6 5 0.0225255558340239
6 1 7 4 0.0225255558340239
7 1 7 5 0.0225255558340239
6 4 6 4 0.02213214493145719
7 4 6 5 0.02213214493145719
6 5 7 4 0.02213214493145719
7 5 7 5 0.02213214493145719
6 6 0 4 0.0225255558340239
7 6 0 5 0.0225255558340239
6 7 1 4 0.0225255558340239
7 7 1 5 0.0225255558340239
6 6 4 4 0.02213214493145719
7 6 4 5 0.02213214493145719
6 7 5 4 0.02213214493145719
7 7 5 5 0.02213214493145719
6 0 0 6 0.16708296759652716
7 0 0 7 0.16708296759652716
6 1 1 6 0.16708296759652716
7 1 1 7 0.16708296759652716
6 0 4 6 0.04402823282094288
7 0 4 7 0.04402823282094288
6 1 5 6 0.04402823282094288
7 1 5 7 0.04402823282094288
6 2 2 6 0.1487844099613181
7 2 2 7 0.1487844099613181
6 3 3 6 0.1487844099613181
7 3 3 7 0.1487844099613181
6 2 10 6 0.04196465739094225
7 2 10 7 0.04196465739094225
6 3 11 6 0.04196465739094225
7 3 11 7 0.04196465739094225
6 4 0 6 0.04402823282094289
7 4 0 7 0.04402823282094289
6 5 1 6 0.04402823282094289
7 5 1 7 0.04402823282094289
6 4 4 6 0.16105429269254076
7 4 4 7 0.16105429269254076
6 5 5 6 0.16105429269254076
7 5 5 7 0.16105429269254076
6 6 6 6 0.224929545
7 6 6 7 0.224929545
6 7 7 6 0.224929545
7 7 7 7 0.224929545
6 8 8 6 0.2006801625
7 8 8 7 0.2006801625
6 9 9 6 0.2006801625
7 9 9 7 0.2006801625
6 10 2 6 0.04196465739094227
7 10 2 7 0.04196465739094227
6 11 3 6 0.04196465739094227
7 11 3 7 0.04196465739094227
6 10 10 6 0.17900892351470155
7 10 10 7 0.17900892351470155
6 11 11 6 0.17900892351470155
7 11 11 7 0.17900892351470155
6 6 8 8 0.0121246915
7 6 8 9 0.0121246915
6 7 9 8 0.0121246915
7 7 9 9 0.0121246915
6 8 6 8 0.0121246915
7 8 6 9 0.0121246915
6 9 7 8 0.0121246915
7 9 7 9 0.0121246915
6 2 6 10 0.006123819408663645
7 2 6 11 0.006123819408663645
6 3 7 10 0.006123819408663645
7 3 7 11 0.006123819408663645
6 6 2 10 0.006123819408663645
7 6 2 11 0.006123819408663645
6 7 3 10 0.006123819408663645
7 7 3 11 0.006123819408663645
6 6 10 10 0.00867599585348617
7 6 10 11 0.00867599585348617
6 7 11 10 0.00867599585348617
7 7 11 11 0.00867599585348617
6 10 6 10 0.00867599585348617
7 10 6 11 0.00867599585348617
6 11 7 10 0.00867599585348617
7 11 7 11 0.00867599585348617
8 0 8 0 0.023641164576046723
9 0 8 1 0.023641164576046723
8 1 9 0 0.023641164576046723
9 1 9 1 0.023641164576046723
8 4 8 0 0.022525555834023905
9 4 8 1 0.022525555834023905
8 5 9 0 0.022525555834023905
9 5 9 1 0.022525555834023905
8 8 0 0 0.023641164576046723
9 8 0 1 0.023641164576046723
8 9 1 0 0.023641164576046723
9 9 1 1 0.023641164576046723
8 8 4 0 0.022525555834023905
9 8 4 1 0.022525555834023905
8 9 5 0 0.022525555834023905
9 9 5 1 0.022525555834023905
8 2 8 2 0.004722408274448132
9 2 8 3 0.004722408274448132
8 3 9 2 0.004722408274448132
9 3 9 3 0.004722408274448132
8 8 2 2 0.004722408274448132
9 8 2 3 0.004722408274448132
8 9 3 2 0.004722408274448132
9 9 3 3 0.004722408274448132
8 8 10 2 0.006123819408663647
9 8 10 3 0.006123819408663647
8 9 11 2 0.006123819408663647
9 9 11 3 0.006123819408663647
8 10 8 2 0.006123819408663647
9 10 8 3 0.006123819408663647
8 11 9 2 0.006123819408663647
9 11 9 3 0.006123819408663647
8 0 8 4 0.0225255558340239
9 0 8 5 0.0225255558340239
8 1 9 4 0.0225255558340239
9 1 9 5 0.0225255558340239
8 4 8 4 0.02213214493145719
9 4 8 5 0.02213214493145719
8 5 9 4 0.02213214493145719
9 5 9 5 0.02213214493145719
8 8 0 4 0.0225255558340239
9 8 0 5 0.0225255558340239
8 9 1 4 0.0225255558340239
9 9 1 5 0.0225255558340239
8 8 4 4 0.02213214493145719
9 8 4 5 0.02213214493145719
8 9 5 4 0.02213214493145719
9 9 5 5 0.02213214493145719
8 6 8 6 0.0121246915
9 6 8 7 0.0121246915
8 7 9 6 0.0121246915
9 7 9 7 0.0121246915
8 8 6 6 0.0121246915
9 8 6 7 0.0121246915
8 9 7 6 0.0121246915
9 9 7 7 0.0121246915
8 0 0 8 0.16708296759652716
9 0 0 9 0.16708296759652716
8 1 1 8 0.16708296759652716
9 1 1 9 0.16708296759652716
8 0 4 8 0.04402823282094288
9 0 4 9 0.04402823282094288
8 1 5 8 0.04402823282094288
9 1 5 9 0.04402823282094288
8 2 2 8 0.1487844099613181
9 2 2 9 0.1487844099613181
8 3 3 8 0.1487844099613181
9 3 3 9 0.1487844099613181
8 2 10 8 0.04196465739094225
9 2 10 9 0.04196465739094225
8 3 11 8 0.04196465739094225
9 3 11 9 0.04196465739094225
8 4 0 8 0.04402823282094289
9 4 0 9 0.04402823282094289
8 5 1 8 0.04402823282094289
9 5 1 9 0.04402823282094289
8 4 4 8 0.16105429269254076
9 4 4 9 0.16105429269254076
8 5 5 8 0.16105429269254076
9 5 5 9 0.16105429269254076
8 6 6 8 0.2006801625
9 6 6 9 0.2006801625
8 7 7 8 0.2006801625
9 7 7 9 0.2006801625
8 8 8 8 0.224929545
9 8 8 9 0.224929545
8 9 9 8 0.224929545
9 9 9 9 0.224929545
8 10 2 8 0.04196465739094227
9 10 2 9 0.04196465739094227
8 11 3 8 0.04196465739094227
9 11 3 9 0.04196465739094227
8 10 10 8 0.17900892351470155
9 10 10 9 0.17900892351470155
8 11 11 8 0.17900892351470155
9 11 11 9 0.17900892351470155
8 2 8 10 0.006123819408663645
9 2 8 11 0.006123819408663645
8 3 9 10 0.006123819408663645
9 3 9 11 0.006123819408663645
8 8 2 10 0.006123819408663645
9 8 2 11 0.006123819408663645
8 9 3 10 0.006123819408663645
9 9 3 11 0.006123819408663645
8 8 10 10 0.00867599585348617
9 8 10 11 0.00867599585348617
8 9 11 10 0.00867599585348617
9 9 11 11 0.00867599585348617
8 10 8 10 0.00867599585348617
9 10 8 11 0.00867599585348617
8 11 9 10 0.00867599585348617
9 11 9 11 0.00867599585348617
10 0 2 0 -0.015857529357885758
11 0 2 1 -0.015857529357885758
10 1 3 0 -0.015857529357885758
11 1 3 1 -0.015857529357885758
10 0 10 0 0.02925983380540584
11 0 10 1 0.02925983380540584
10 1 11 0 0.02925983380540584
11 1 11 1 0.02925983380540584
10 2 0 0 -0.015857529357885765
11 2 0 1 -0.015857529357885765
10 3 1 0 -0.015857529357885765
11 3 1 1 -0.015857529357885765
10 2 4 0 0.03327275147073697
11 2 4 1 0.03327275147073697
10 3 5 0 0.03327275147073697
11 3 5 1 0.03327275147073697
10 4 2 0 0.03327275147073695
11 4 2 1 0.03327275147073695
10 5 3 0 0.03327275147073695
11 5 3 1 0.03327275147073695
10 4 10 0 -0.01714975596369403
11 4 10 1 -0.01714975596369403
10 5 11 0 -0.01714975596369403
11 5 11 1 -0.01714975596369403
10 10 0 0 0.029259833805405852
11 10 0 1 0.029259833805405852
10 11 1 0 0.029259833805405852
11 11 1 1 0.029259833805405852
10 10 4 0 -0.01714975596369403
11 10 4 1 -0.01714975596369403
10 11 5 0 -0.01714975596369403
11 11 5 1 -0.01714975596369403
10 0 0 2 0.004475222898736336
11 0 0 3 0.004475222898736336
10 1 1 2 0.004475222898736336
11 1 1 3 0.004475222898736336
10 0 4 2 0.04453604180522882
11 0 4 3 0.04453604180522882
10 1 5 2 0.04453604180522882
11 1 5 3 0.04453604180522882
10 2 2 2 -0.011727416031796362
11 2 2 3 -0.011727416031796362
10 3 3 2 -0.011727416031796362
11 3 3 3 -0.011727416031796362
10 2 10 2 0.04764118635812971
11 2 10 3 0.04764118635812971
10 3 11 2 0.04764118635812971
11 3 11 3 0.04764118635812971
10 4 0 2 0.044536041805228826
11 4 0 3 0.044536041805228826
10 5 1 2 0.044536041805228826
11 5 1 3 0.044536041805228826
10 4 4 2 -0.010513884709953875
11 4 4 3 -0.010513884709953875
10 5 5 2 -0.010513884709953875
11 5 5 3 -0.010513884709953875
10 6 6 2 0.04196465739094227
11 6 6 3 0.04196465739094227
10 7 7 2 0.04196465739094227
11 7 7 3 0.04196465739094227
10 8 8 2 0.04196465739094227
11 8 8 3 0.04196465739094227
10 9 9 2 0.04196465739094227
11 9 9 3 0.04196465739094227
10 10 2 2 0.04764118635812971
11 10 2 3 0.04764118635812971
10 11 3 2 0.04764118635812971
11 11 3 3 0.04764118635812971
10 10 10 2 0.010194638841416914
11 10 10 3 0.010194638841416914
10 11 11 2 0.010194638841416914
11 11 11 3 0.010194638841416914
10 0 2 4 0.06563528305335808
11 0 2 5 0.06563528305335808
10 1 3 4 0.06563528305335808
11 1 3 5 0.06563528305335808
10 0 10 4 -0.017149755963694037
11 0 10 5 -0.017149755963694037
10 1 11 4 -0.017149755963694037
11 1 11 5 -0.017149755963694037
10 2 0 4 0.06563528305335808
11 2 0 5 0.06563528305335808
10 3 1 4 0.06563528305335808
11 3 1 5 0.06563528305335808
10 2 4 4 -0.04560208352500653
11 2 4 5 -0.04560208352500653
10 3 5 4 -0.04560208352500653
11 3 5 5 -0.04560208352500653
10 4 2 4 -0.04560208352500652
11 4 2 5 -0.04560208352500652
10 5 3 4 -0.04560208352500652
11 5 3 5 -0.04560208352500652
10 4 10 4 0.06374098361943428
11 4 10 5 0.06374098361943428
10 5 11 4 0.06374098361943428
11 5 11 5 0.06374098361943428
10 10 0 4 -0.017149755963694044
11 10 0 5 -0.017149755963694044
10 11 1 4 -0.017149755963694044
11 11 1 5 -0.017149755963694044
10 10 4 4 0.06374098361943428
11 10 4 5 0.06374098361943428
10 11 5 4 0.06374098361943428
11 11 5 5 0.06374098361943428
10 2 6 6 0.006123819408663645
11 2 6 7 0.006123819408663645
10 3 7 6 0.006123819408663645
11 3 7 7 0.006123819408663645
10 6 2 6 0.006123819408663645
11 6 2 7 0.006123819408663645
10 7 3 6 0.006123819408663645
11 7 3 7 0.006123819408663645
10 6 10 6 0.00867599585348617
11 6 10 7 0.00867599585348617
10 7 11 6 0.00867599585348617
11 7 11 7 0.00867599585348617
10 10 6 6 0.00867599585348617
11 10 6 7 0.00867599585348617
10 11 7 6 0.00867599585348617
11 11 7 7 0.00867599585348617
10 2 8 8 0.006123819408663645
11 2 8 9 0.006123819408663645
10 3 9 8 0.006123819408663645
11 3 9 9 0.006123819408663645
10 8 2 8 0.006123819408663645
11 8 2 9 0.006123819408663645
10 9 3 8 0.006123819408663645
11 9 3 9 0.006123819408663645
10 8 10 8 0.00867599585348617
11 8 10 9 0.00867599585348617
10 9 11 8 0.00867599585348617
11 9 11 9 0.00867599585348617
10 10 8 8 0.00867599585348617
11 10 8 9 0.00867599585348617
10 11 9 8 0.00867599585348617
11 11 9 9 0.00867599585348617
10 0 0 10 0.18042689387366737
11 0 0 11 0.18042689387366737
10 1 1 10 0.18042689387366737
11 1 1 11 0.18042689387366737
10 0 4 10 0.0018998815992083348
11 0 4 11 0.0018998815992083348
10 1 5 10 0.0018998815992083348
11 1 5 11 0.0018998815992083348
10 2 2 10 0.1844458506522595
11 2 2 11 0.1844458506522595
10 3 3 10 0.1844458506522595
11 3 3 11 0.1844458506522595
10 2 10 10 0.01019463884141691
11 2 10 11 0.01019463884141691
10 3 11 10 0.01019463884141691
11 3 11 11 0.01019463884141691
10 4 0 10 0.0018998815992083348
11 4 0 11 0.0018998815992083348
10 5 1 10 0.0018998815992083348
11 5 1 11 0.0018998815992083348
10 4 4 10 0.18388957111757473
11 4 4 11 0.18388957111757473
10 5 5 10 0.18388957111757473
11 5 5 11 0.18388957111757473
10 6 6 10 0.17900892351470155
11 6 6 11 0.17900892351470155
10 7 7 10 0.17900892351470155
11 7 7 11 0.17900892351470155
10 8 8 10 0.17900892351470155
11 8 8 11 0.17900892351470155
10 9 9 10 0.17900892351470155
11 9 9 11 0.17900892351470155
10 10 2 10 0.010194638841416949
11 10 2 11 0.010194638841416949
10 11 3 10 0.010194638841416949
11 11 3 11 0.010194638841416949
10 10 10 10 0.20257661466996413
11 10 10 11 0.20257661466996413
10 11 11 10 0.20257661466996413
11 11 11 11 0.20257661466996413
