-11.738609097740236
0 0 -1.48137197414714
1 1 -1.48137197414714
0 8 0.01803631885995377
1 9 0.01803631885995377
2 2 -1.4794986311544145
3 3 -1.4794986311544145
2 10 -0.016262970537663124
3 11 -0.016262970537663124
4 4 -1.1529948531990053
5 5 -1.1529948531990053
6 6 -1.1529948531990053
7 7 -1.1529948531990053
8 0 0.018036318859953576
9 1 0.018036318859953576
8 8 -0.9917364028563401
9 9 -0.9917364028563401
10 2 -0.016262970537663235
11 3 -0.016262970537663235
10 10 -0.7108516937795353
11 11 -0.7108516937795353
0 0 0 0 0.1954440798092228
1 0 0 1 0.1954440798092228
0 1 1 0 0.1954440798092228
1 1 1 1 0.1954440798092228
0 0 8 0 -0.010690686299074981
1 0 8 1 -0.010690686299074981
0 1 9 0 -0.010690686299074981
1 1 9 1 -0.010690686299074981
0 2 2 0 0.20195814754699465
1 2 2 1 0.20195814754699465
0 3 3 0 0.20195814754699465
1 3 3 1 0.20195814754699465
0 2 10 0 -0.00171957508527798
1 2 10 1 -0.00171957508527798
0 3 11 0 -0.00171957508527798
1 3 11 1 -0.00171957508527798
0 4 4 0 0.18211895935190323
1 4 4 1 0.18211895935190323
0 5 5 0 0.18211895935190323
1 5 5 1 0.18211895935190323
0 6 6 0 0.18211895935190323
1 6 6 1 0.18211895935190323
0 7 7 0 0.18211895935190323
1 7 7 1 0.18211895935190323
0 8 0 0 -0.010690686299074981
1 8 0 1 -0.010690686299074981
0 9 1 0 -0.010690686299074981
1 9 1 1 -0.010690686299074981
0 8 8 0 0.1952953104890633
1 8 8 1 0.1952953104890633
0 9 9 0 0.1952953104890633
1 9 9 1 0.1952953104890633
0 10 2 0 -0.0017195750852779645
1 10 2 1 -0.0017195750852779645
0 11 3 0 -0.0017195750852779645
1 11 3 1 -0.0017195750852779645
0 10 10 0 0.2097397589329982
1 10 10 1 0.2097397589329982
0 11 11 0 0.2097397589329982
1 11 11 1 0.2097397589329982
0 0 2 2 0.08146165801760001
1 0 2 3 0.08146165801760001
0 1 3 2 0.08146165801760001
1 1 3 3 0.08146165801760001
0 0 10 2 -0.021286335570318397
1 0 10 3 -0.021286335570318397
0 1 11 2 -0.021286335570318397
1 1 11 3 -0.021286335570318397
0 2 0 2 0.08146165801760002
1 2 0 3 0.08146165801760002
0 3 1 2 0.08146165801760002
1 3 1 3 0.08146165801760002
0 2 8 2 -0.046802410689955457
1 2 8 3 -0.046802410689955457
0 3 9 2 -0.046802410689955457
1 3 9 3 -0.046802410689955457
0 8 2 2 -0.046802410689955457
1 8 2 3 -0.046802410689955457
0 9 3 2 -0.046802410689955457
1 9 3 3 -0.046802410689955457
0 8 10 2 0.07099953224350973
1 8 10 3 0.07099953224350973
0 9 11 2 0.07099953224350973
1 9 11 3 0.07099953224350973
0 10 0 2 -0.021286335570318407
1 10 0 3 -0.021286335570318407
0 11 1 2 -0.021286335570318407
1 11 1 3 -0.021286335570318407
0 10 8 2 0.07099953224350973
1 10 8 3 0.07099953224350973
0 11 9 2 0.07099953224350973
1 11 9 3 0.07099953224350973
0 0 4 4 0.02434470421536123
1 0 4 5 0.02434470421536123
0 1 5 4 0.02434470421536123
1 1 5 5 0.02434470421536123
0 4 0 4 0.02434470421536123
1 4 0 5 0.02434470421536123
0 5 1 4 0.02434470421536123
1 5 1 5 0.02434470421536123
0 4 8 4 0.023596161762004873
1 4 8 5 0.023596161762004873
0 5 9 4 0.023596161762004873
1 5 9 5 0.023596161762004873
0 8 4 4 0.023596161762004873
1 8 4 5 0.023596161762004873
0 9 5 4 0.023596161762004873
1 9 5 5 0.023596161762004873
0 0 6 6 0.02434470421536123
1 0 6 7 0.02434470421536123
0 1 7 6 0.02434470421536123
1 1 7 7 0.02434470421536123
0 6 0 6 0.02434470421536123
1 6 0 7 0.02434470421536123
0 7 1 6 0.02434470421536123
1 7 1 7 0.02434470421536123
0 6 8 6 0.023596161762004873
1 6 8 7 0.023596161762004873
0 7 9 6 0.023596161762004873
1 7 9 7 0.023596161762004873
0 8 6 6 0.023596161762004873
1 8 6 7 0.023596161762004873
0 9 7 6 0.023596161762004873
1 9 7 7 0.023596161762004873
0 0 0 8 -0.010690686299074981
1 0 0 9 -0.010690686299074981
0 1 1 8 -0.010690686299074981
1 1 1 9 -0.010690686299074981
0 0 8 8 0.03963971277205519
1 0 8 9 0.03963971277205519
0 1 9 8 0.03963971277205519
1 1 9 9 0.03963971277205519
0 2 2 8 -0.022564840171569213
1 2 2 9 -0.022564840171569213
0 3 3 8 -0.022564840171569213
1 3 3 9 -0.022564840171569213
0 2 10 8 0.037371052553341666
1 2 10 9 0.037371052553341666
0 3 11 8 0.037371052553341666
1 3 11 9 0.037371052553341666
0 4 4 8 0.02860091968323322
1 4 4 9 0.02860091968323322
0 5 5 8 0.02860091968323322
1 5 5 9 0.02860091968323322
0 6 6 8 0.02860091968323322
1 6 6 9 0.02860091968323322
0 7 7 8 0.02860091968323322
1 7 7 9 0.02860091968323322
0 8 0 8 0.0396397127720552
1 8 0 9 0.0396397127720552
0 9 1 8 0.0396397127720552
1 9 1 9 0.0396397127720552
0 8 8 8 -0.0161361918097018
1 8 8 9 -0.0161361918097018
0 9 9 8 -0.0161361918097018
1 9 9 9 -0.0161361918097018
0 10 2 8 0.03737105255334168
1 10 2 9 0.03737105255334168
0 11 3 8 0.03737105255334168
1 11 3 9 0.03737105255334168
0 10 10 8 -0.015363610666153785
1 10 10 9 -0.015363610666153785
0 11 11 8 -0.015363610666153785
1 11 11 9 -0.015363610666153785
0 0 2 10 -0.021286335570318386
1 0 2 11 -0.021286335570318386
0 1 3 10 -0.021286335570318386
1 1 3 11 -0.021286335570318386
0 0 10 10 0.028375909702003536
1 0 10 11 0.028375909702003536
0 1 11 10 0.028375909702003536
1 1 11 11 0.028375909702003536
0 2 0 10 -0.021286335570318397
1 2 0 11 -0.021286335570318397
0 3 1 10 -0.021286335570318397
1 3 1 11 -0.021286335570318397
0 2 8 10 0.03076200862825225
1 2 8 11 0.03076200862825225
0 3 9 10 0.03076200862825225
1 3 9 11 0.03076200862825225
0 8 2 10 0.030762008628252242
1 8 2 11 0.030762008628252242
0 9 3 10 0.030762008628252242
1 9 3 11 0.030762008628252242
0 8 10 10 -0.02652941737073583
1 8 10 11 -0.02652941737073583
0 9 11 10 -0.02652941737073583
1 9 11 11 -0.02652941737073583
0 10 0 10 0.028375909702003564
1 10 0 11 0.028375909702003564
0 11 1 10 0.028375909702003564
1 11 1 11 0.028375909702003564
0 10 8 10 -0.026529417370735806
1 10 8 11 -0.026529417370735806
0 11 9 10 -0.026529417370735806
1 11 9 11 -0.026529417370735806
2 0 2 0 0.08146165801760002
3 0 2 1 0.08146165801760002
2 1 3 0 0.08146165801760002
3 1 3 1 0.08146165801760002
2 0 10 0 -0.0212863355703184
3 0 10 1 -0.0212863355703184
2 1 11 0 -0.0212863355703184
3 1 11 1 -0.0212863355703184
2 2 0 0 0.08146165801760002
3 2 0 1 0.08146165801760002
2 3 1 0 0.08146165801760002
3 3 1 1 0.08146165801760002
2 2 8 0 -0.046802410689955457
3 2 8 1 -0.046802410689955457
2 3 9 0 -0.046802410689955457
3 3 9 1 -0.046802410689955457
2 8 2 0 -0.04680241068995546
3 8 2 1 -0.04680241068995546
2 9 3 0 -0.04680241068995546
3 9 3 1 -0.04680241068995546
2 8 10 0 0.07099953224350973
3 8 10 1 0.07099953224350973
2 9 11 0 0.07099953224350973
3 9 11 1 0.07099953224350973
2 10 0 0 -0.021286335570318407
3 10 0 1 -0.021286335570318407
2 11 1 0 -0.021286335570318407
3 11 1 1 -0.021286335570318407
2 10 8 0 0.07099953224350973
3 10 8 1 0.07099953224350973
2 11 9 0 0.07099953224350973
3 11 9 1 0.07099953224350973
2 0 0 2 0.20195814754699468
3 0 0 3 0.20195814754699468
2 1 1 2 0.20195814754699468
3 1 1 3 0.20195814754699468
2 0 8 2 -0.0225648401715692
3 0 8 3 -0.0225648401715692
2 1 9 2 -0.0225648401715692
3 1 9 3 -0.0225648401715692
2 2 2 2 0.21359085987987844
3 2 2 3 0.21359085987987844
2 3 3 2 0.21359085987987844
3 3 3 3 0.21359085987987844
2 2 10 2 -0.009715782114996106
3 2 10 3 -0.009715782114996106
2 3 11 2 -0.009715782114996106
3 3 11 3 -0.009715782114996106
2 4 4 2 0.17507278429576384
3 4 4 3 0.17507278429576384
2 5 5 2 0.17507278429576384
3 5 5 3 0.17507278429576384
2 6 6 2 0.17507278429576384
3 6 6 3 0.17507278429576384
2 7 7 2 0.17507278429576384
3 7 7 3 0.17507278429576384
2 8 0 2 -0.022564840171569216
3 8 0 3 -0.022564840171569216
2 9 1 2 -0.022564840171569216
3 9 1 3 -0.022564840171569216
2 8 8 2 0.20083402727208866
3 8 8 3 0.20083402727208866
2 9 9 2 0.20083402727208866
3 9 9 3 0.20083402727208866
2 10 2 2 -0.009715782114996095
3 10 2 3 -0.009715782114996095
2 11 3 2 -0.009715782114996095
3 11 3 3 -0.009715782114996095
2 10 10 2 0.21878439492579635
3 10 10 3 0.21878439492579635
2 11 11 2 0.21878439492579635
3 11 11 3 0.21878439492579635
2 2 4 4 0.006985790169051658
3 2 4 5 0.006985790169051658
2 3 5 4 0.006985790169051658
3 3 5 5 0.006985790169051658
2 4 2 4 0.006985790169051658
3 4 2 5 0.006985790169051658
2 5 3 4 0.006985790169051658
3 5 3 5 0.006985790169051658
2 4 10 4 0.0068167628419526245
3 4 10 5 0.0068167628419526245
2 5 11 4 0.0068167628419526245
3 5 11 5 0.0068167628419526245
2 10 4 4 0.0068167628419526245
3 10 4 5 0.0068167628419526245
2 11 5 4 0.0068167628419526245
3 11 5 5 0.0068167628419526245
2 2 6 6 0.006985790169051658
3 2 6 7 0.006985790169051658
2 3 7 6 0.006985790169051658
3 3 7 7 0.006985790169051658
2 6 2 6 0.006985790169051658
3 6 2 7 0.006985790169051658
2 7 3 6 0.006985790169051658
3 7 3 7 0.006985790169051658
2 6 10 6 0.0068167628419526245
3 6 10 7 0.0068167628419526245
2 7 11 6 0.0068167628419526245
3 7 11 7 0.0068167628419526245
2 10 6 6 0.0068167628419526245
3 10 6 7 0.0068167628419526245
2 11 7 6 0.0068167628419526245
3 11 7 7 0.0068167628419526245
2 0 2 8 -0.04680241068995546
3 0 2 9 -0.04680241068995546
2 1 3 8 -0.04680241068995546
3 1 3 9 -0.04680241068995546
2 0 10 8 0.03076200862825225
3 0 10 9 0.03076200862825225
2 1 11 8 0.03076200862825225
3 1 11 9 0.03076200862825225
2 2 0 8 -0.04680241068995547
3 2 0 9 -0.04680241068995547
2 3 1 8 -0.04680241068995547
3 3 1 9 -0.04680241068995547
2 2 8 8 0.04209664254808431
3 2 8 9 0.04209664254808431
2 3 9 8 0.04209664254808431
3 3 9 9 0.04209664254808431
2 8 2 8 0.04209664254808432
3 8 2 9 0.04209664254808432
2 9 3 8 0.04209664254808432
3 9 3 9 0.04209664254808432
2 8 10 8 -0.04697544295187596
3 8 10 9 -0.04697544295187596
2 9 11 8 -0.04697544295187596
3 9 11 9 -0.04697544295187596
2 10 0 8 0.03076200862825225
3 10 0 9 0.03076200862825225
2 11 1 8 0.03076200862825225
3 11 1 9 0.03076200862825225
2 10 8 8 -0.04697544295187593
3 10 8 9 -0.04697544295187593
2 11 9 8 -0.04697544295187593
3 11 9 9 -0.04697544295187593
2 0 0 10 -0.0017195750852780044
3 0 0 11 -0.0017195750852780044
2 1 1 10 -0.0017195750852780044
3 1 1 11 -0.0017195750852780044
2 0 8 10 0.037371052553341666
3 0 8 11 0.037371052553341666
2 1 9 10 0.037371052553341666
3 1 9 11 0.037371052553341666
2 2 2 10 -0.009715782114996109
3 2 2 11 -0.009715782114996109
2 3 3 10 -0.009715782114996109
3 3 3 11 -0.009715782114996109
2 2 10 10 0.04193305328117323
3 2 10 11 0.04193305328117323
2 3 11 10 0.04193305328117323
3 3 11 11 0.04193305328117323
2 4 4 10 0.03147628524092381
3 4 4 11 0.03147628524092381
2 5 5 10 0.03147628524092381
3 5 5 11 0.03147628524092381
2 6 6 10 0.03147628524092381
3 6 6 11 0.03147628524092381
2 7 7 10 0.03147628524092381
3 7 7 11 0.03147628524092381
2 8 0 10 0.03737105255334166
3 8 0 11 0.03737105255334166
2 9 1 10 0.03737105255334166
3 9 1 11 0.03737105255334166
2 8 8 10 -0.012027931551677761
3 8 8 11 -0.012027931551677761
2 9 9 10 -0.012027931551677761
3 9 9 11 -0.012027931551677761
2 10 2 10 0.04193305328117323
3 10 2 11 0.04193305328117323
2 11 3 10 0.04193305328117323
3 11 3 11 0.04193305328117323
2 10 10 10 -0.0029727899023401123
3 10 10 11 -0.0029727899023401123
2 11 11 10 -0.0029727899023401123
3 11 11 11 -0.0029727899023401123
4 0 4 0 0.02434470421536123
5 0 4 1 0.02434470421536123
4 1 5 0 0.02434470421536123
5 1 5 1 0.02434470421536123
4 4 0 0 0.02434470421536123
5 4 0 1 0.02434470421536123
4 5 1 0 0.02434470421536123
5 5 1 1 0.02434470421536123
4 4 8 0 0.023596161762004873
5 4 8 1 0.023596161762004873
4 5 9 0 0.023596161762004873
5 5 9 1 0.023596161762004873
4 8 4 0 0.023596161762004873
5 8 4 1 0.023596161762004873
4 9 5 0 0.023596161762004873
5 9 5 1 0.023596161762004873
4 2 4 2 0.006985790169051658
5 2 4 3 0.006985790169051658
4 3 5 2 0.006985790169051658
5 3 5 3 0.006985790169051658
4 4 2 2 0.006985790169051658
5 4 2 3 0.006985790169051658
4 5 3 2 0.006985790169051658
5 5 3 3 0.006985790169051658
4 4 10 2 0.0068167628419526245
5 4 10 3 0.0068167628419526245
4 5 11 2 0.0068167628419526245
5 5 11 3 0.0068167628419526245
4 10 4 2 0.0068167628419526245
5 10 4 3 0.0068167628419526245
4 11 5 2 0.0068167628419526245
5 11 5 3 0.0068167628419526245
4 0 0 4 0.18211895935190323
5 0 0 5 0.18211895935190323
4 1 1 4 0.18211895935190323
5 1 1 5 0.18211895935190323
4 0 8 4 0.02860091968323322
5 0 8 5 0.02860091968323322
4 1 9 4 0.02860091968323322
5 1 9 5 0.02860091968323322
4 2 2 4 0.17507278429576384
5 2 2 5 0.17507278429576384
4 3 3 4 0.17507278429576384
5 3 3 5 0.17507278429576384
4 2 10 4 0.03147628524092381
5 2 10 5 0.03147628524092381
4 3 11 4 0.03147628524092381
5 3 11 5 0.03147628524092381
4 4 4 4 0.224929545
5 4 4 5 0.224929545
4 5 5 4 0.224929545
5 5 5 5 0.224929545
4 6 6 4 0.2006801625
5 6 6 5 0.2006801625
4 7 7 4 0.2006801625
5 7 7 5 0.2006801625
4 8 0 4 0.028600919683233195
5 8 0 5 0.028600919683233195
4 9 1 4 0.028600919683233195
5 9 1 5 0.028600919683233195
4 8 8 4 0.1815495809190223
5 8 8 5 0.1815495809190223
4 9 9 4 0.1815495809190223
5 9 9 5 0.1815495809190223
4 10 2 4 0.03147628524092386
5 10 2 5 0.03147628524092386
4 11 3 4 0.03147628524092386
5 11 3 5 0.03147628524092386
4 10 10 4 0.193535285137567
5 10 10 5 0.193535285137567
4 11 11 4 0.193535285137567
5 11 11 5 0.193535285137567
4 4 6 6 0.0121246915
5 4 6 7 0.0121246915
4 5 7 6 0.0121246915
5 5 7 7 0.0121246915
4 6 4 6 0.0121246915
5 6 4 7 0.0121246915
4 7 5 6 0.0121246915
5 7 5 7 0.0121246915
4 0 4 8 0.023596161762004873
5 0 4 9 0.023596161762004873
4 1 5 8 0.023596161762004873
5 1 5 9 0.023596161762004873
4 4 0 8 0.023596161762004873
5 4 0 9 0.023596161762004873
4 5 1 8 0.023596161762004873
5 5 1 9 0.023596161762004873
4 4 8 8 0.02527184309225896
5 4 8 9 0.02527184309225896
4 5 9 8 0.02527184309225896
5 5 9 9 0.02527184309225896
4 8 4 8 0.02527184309225896
5 8 4 9 0.02527184309225896
4 9 5 8 0.02527184309225896
5 9 5 9 0.02527184309225896
4 2 4 10 0.006816762841952623
5 2 4 11 0.006816762841952623
4 3 5 10 0.006816762841952623
5 3 5 11 0.006816762841952623
4 4 2 10 0.006816762841952623
5 4 2 11 0.006816762841952623
4 5 3 10 0.006816762841952623
5 5 3 11 0.006816762841952623
4 4 10 10 0.008351357123633087
5 4 10 11 0.008351357123633087
4 5 11 10 0.008351357123633087
5 5 11 11 0.008351357123633087
4 10 4 10 0.008351357123633087
5 10 4 11 0.008351357123633087
4 11 5 10 0.008351357123633087
5 11 5 11 0.008351357123633087
6 0 6 0 0.02434470421536123
7 0 6 1 0.02434470421536123
6 1 7 0 0.02434470421536123
7 1 7 1 0.02434470421536123
6 6 0 0 0.02434470421536123
7 6 0 1 0.02434470421536123
6 7 1 0 0.02434470421536123
7 7 1 1 0.02434470421536123
6 6 8 0 0.023596161762004873
7 6 8 1 0.023596161762004873
6 7 9 0 0.023596161762004873
7 7 9 1 0.023596161762004873
6 8 6 0 0.023596161762004873
7 8 6 1 0.023596161762004873
6 9 7 0 0.023596161762004873
7 9 7 1 0.023596161762004873
6 2 6 2 0.006985790169051658
7 2 6 3 0.006985790169051658
6 3 7 2 0.006985790169051658
7 3 7 3 0.006985790169051658
6 6 2 2 0.006985790169051658
7 6 2 3 0.006985790169051658
6 7 3 2 0.006985790169051658
7 7 3 3 0.006985790169051658
6 6 10 2 0.0068167628419526245
7 6 10 3 0.0068167628419526245
6 7 11 2 0.0068167628419526245
7 7 11 3 0.0068167628419526245
6 10 6 2 0.0068167628419526245
7 10 6 3 0.0068167628419526245
6 11 7 2 0.0068167628419526245
7 11 7 3 0.0068167628419526245
6 4 6 4 0.0121246915
7 4 6 5 0.0121246915
6 5 7 4 0.0121246915
7 5 7 5 0.0121246915
6 6 4 4 0.0121246915
7 6 4 5 0.0121246915
6 7 5 4 0.0121246915
7 7 5 5 0.0121246915
6 0 0 6 0.18211895935190323
7 0 0 7 0.18211895935190323
6 1 1 6 0.18211895935190323
7 1 1 7 0.18211895935190323
6 0 8 6 0.02860091968323322
7 0 8 7 0.02860091968323322
6 1 9 6 0.02860091968323322
7 1 9 7 0.02860091968323322
6 2 2 6 0.17507278429576384
7 2 2 7 0.17507278429576384
6 3 3 6 0.17507278429576384
7 3 3 7 0.17507278429576384
6 2 10 6 0.03147628524092381
7 2 10 7 0.03147628524092381
6 3 11 6 0.03147628524092381
7 3 11 7 0.03147628524092381
6 4 4 6 0.2006801625
7 4 4 7 0.2006801625
6 5 5 6 0.2006801625
7 5 5 7 0.2006801625
6 6 6 6 0.224929545
7 6 6 7 0.224929545
6 7 7 6 0.224929545
7 7 7 7 0.224929545
6 8 0 6 0.028600919683233195
7 8 0 7 0.028600919683233195
6 9 1 6 0.028600919683233195
7 9 1 7 0.028600919683233195
6 8 8 6 0.1815495809190223
7 8 8 7 0.1815495809190223
6 9 9 6 0.1815495809190223
7 9 9 7 0.1815495809190223
6 10 2 6 0.03147628524092386
7 10 2 7 0.03147628524092386
6 11 3 6 0.03147628524092386
7 11 3 7 0.03147628524092386
6 10 10 6 0.193535285137567
7 10 10 7 0.193535285137567
6 11 11 6 0.193535285137567
7 11 11 7 0.193535285137567
6 0 6 8 0.023596161762004873
7 0 6 9 0.023596161762004873
6 1 7 8 0.023596161762004873
7 1 7 9 0.023596161762004873
6 6 0 8 0.023596161762004873
7 6 0 9 0.023596161762004873
6 7 1 8 0.023596161762004873
7 7 1 9 0.023596161762004873
6 6 8 8 0.02527184309225896
7 6 8 9 0.02527184309225896
6 7 9 8 0.02527184309225896
7 7 9 9 0.02527184309225896
6 8 6 8 0.02527184309225896
7 8 6 9 0.02527184309225896
6 9 7 8 0.02527184309225896
7 9 7 9 0.02527184309225896
6 2 6 10 0.006816762841952623
7 2 6 11 0.006816762841952623
6 3 7 10 0.006816762841952623
7 3 7 11 0.006816762841952623
6 6 2 10 0.006816762841952623
7 6 2 11 0.006816762841952623
6 7 3 10 0.006816762841952623
7 7 3 11 0.006816762841952623
6 6 10 10 0.008351357123633087
7 6 10 11 0.008351357123633087
6 7 11 10 0.008351357123633087
7 7 11 11 0.008351357123633087
6 10 6 10 0.008351357123633087
7 10 6 11 0.008351357123633087
6 11 7 10 0.008351357123633087
7 11 7 11 0.008351357123633087
8 0 0 0 -0.010690686299074992
9 0 0 1 -0.010690686299074992
8 1 1 0 -0.010690686299074992
9 1 1 1 -0.010690686299074992
8 0 8 0 0.039639712772055184
9 0 8 1 0.039639712772055184
8 1 9 0 0.039639712772055184
9 1 9 1 0.039639712772055184
8 2 2 0 -0.022564840171569206
9 2 2 1 -0.022564840171569206
8 3 3 0 -0.022564840171569206
9 3 3 1 -0.022564840171569206
8 2 10 0 0.037371052553341666
9 2 10 1 0.037371052553341666
8 3 11 0 0.037371052553341666
9 3 11 1 0.037371052553341666
8 4 4 0 0.028600919683233195
9 4 4 1 0.028600919683233195
8 5 5 0 0.028600919683233195
9 5 5 1 0.028600919683233195
8 6 6 0 0.028600919683233195
9 6 6 1 0.028600919683233195
8 7 7 0 0.028600919683233195
9 7 7 1 0.028600919683233195
8 8 0 0 0.0396397127720552
9 8 0 1 0.0396397127720552
8 9 1 0 0.0396397127720552
9 9 1 1 0.0396397127720552
8 8 8 0 -0.016136191809701814
9 8 8 1 -0.016136191809701814
8 9 9 0 -0.016136191809701814
9 9 9 1 -0.016136191809701814
8 10 2 0 0.03737105255334168
9 10 2 1 0.03737105255334168
8 11 3 0 0.03737105255334168
9 11 3 1 0.03737105255334168
8 10 10 0 -0.015363610666153826
9 10 10 1 -0.015363610666153826
8 11 11 0 -0.015363610666153826
9 11 11 1 -0.015363610666153826
8 0 2 2 -0.04680241068995547
9 0 2 3 -0.04680241068995547
8 1 3 2 -0.04680241068995547
9 1 3 3 -0.04680241068995547
8 0 10 2 0.030762008628252253
9 0 10 3 0.030762008628252253
8 1 11 2 0.030762008628252253
9 1 11 3 0.030762008628252253
8 2 0 2 -0.046802410689955484
9 2 0 3 -0.046802410689955484
8 3 1 2 -0.046802410689955484
9 3 1 3 -0.046802410689955484
8 2 8 2 0.04209664254808431
9 2 8 3 0.04209664254808431
8 3 9 2 0.04209664254808431
9 3 9 3 0.04209664254808431
8 8 2 2 0.042096642548084304
9 8 2 3 0.042096642548084304
8 9 3 2 0.042096642548084304
9 9 3 3 0.042096642548084304
8 8 10 2 -0.04697544295187597
9 8 10 3 -0.04697544295187597
8 9 11 2 -0.04697544295187597
9 9 11 3 -0.04697544295187597
8 10 0 2 0.03076200862825225
9 10 0 3 0.03076200862825225
8 11 1 2 0.03076200862825225
9 11 1 3 0.03076200862825225
8 10 8 2 -0.04697544295187593
9 10 8 3 -0.04697544295187593
8 11 9 2 -0.04697544295187593
9 11 9 3 -0.04697544295187593
8 0 4 4 0.023596161762004873
9 0 4 5 0.023596161762004873
8 1 5 4 0.023596161762004873
9 1 5 5 0.023596161762004873
8 4 0 4 0.023596161762004873
9 4 0 5 0.023596161762004873
8 5 1 4 0.023596161762004873
9 5 1 5 0.023596161762004873
8 4 8 4 0.02527184309225896
9 4 8 5 0.02527184309225896
8 5 9 4 0.02527184309225896
9 5 9 5 0.02527184309225896
8 8 4 4 0.02527184309225896
9 8 4 5 0.02527184309225896
8 9 5 4 0.02527184309225896
9 9 5 5 0.02527184309225896
8 0 6 6 0.023596161762004873
9 0 6 7 0.023596161762004873
8 1 7 6 0.023596161762004873
9 1 7 7 0.023596161762004873
8 6 0 6 0.023596161762004873
9 6 0 7 0.023596161762004873
8 7 1 6 0.023596161762004873
9 7 1 7 0.023596161762004873
8 6 8 6 0.02527184309225896
9 6 8 7 0.02527184309225896
8 7 9 6 0.02527184309225896
9 7 9 7 0.02527184309225896
8 8 6 6 0.02527184309225896
9 8 6 7 0.02527184309225896
8 9 7 6 0.02527184309225896
9 9 7 7 0.02527184309225896
8 0 0 8 0.19529531048906335
9 0 0 9 0.19529531048906335
8 1 1 8 0.19529531048906335
9 1 1 9 0.19529531048906335
8 0 8 8 -0.01613619180970185
9 0 8 9 -0.01613619180970185
8 1 9 8 -0.01613619180970185
9 1 9 9 -0.01613619180970185
8 2 2 8 0.20083402727208863
9 2 2 9 0.20083402727208863
8 3 3 8 0.20083402727208863
9 3 3 9 0.20083402727208863
8 2 10 8 -0.012027931551677778
9 2 10 9 -0.012027931551677778
8 3 11 8 -0.012027931551677778
9 3 11 9 -0.012027931551677778
8 4 4 8 0.1815495809190223
9 4 4 9 0.1815495809190223
8 5 5 8 0.1815495809190223
9 5 5 9 0.1815495809190223
8 6 6 8 0.1815495809190223
9 6 6 9 0.1815495809190223
8 7 7 8 0.1815495809190223
9 7 7 9 0.1815495809190223
8 8 0 8 -0.01613619180970185
9 8 0 9 -0.01613619180970185
8 9 1 8 -0.01613619180970185
9 9 1 9 -0.01613619180970185
8 8 8 8 0.20309912813763653
9 8 8 9 0.20309912813763653
8 9 9 8 0.20309912813763653
9 9 9 9 0.20309912813763653
8 10 2 8 -0.012027931551677726
9 10 2 9 -0.012027931551677726
8 11 3 8 -0.012027931551677726
9 11 3 9 -0.012027931551677726
8 10 10 8 0.21409636438678514
9 10 10 9 0.21409636438678514
8 11 11 8 0.21409636438678514
9 11 11 9 0.21409636438678514
8 0 2 10 0.07099953224350974
9 0 2 11 0.07099953224350974
8 1 3 10 0.07099953224350974
9 1 3 11 0.07099953224350974
8 0 10 10 -0.02652941737073582
9 0 10 11 -0.02652941737073582
8 1 11 10 -0.02652941737073582
9 1 11 11 -0.02652941737073582
8 2 0 10 0.07099953224350973
9 2 0 11 0.07099953224350973
8 3 1 10 0.07099953224350973
9 3 1 11 0.07099953224350973
8 2 8 10 -0.046975442951875945
9 2 8 11 -0.046975442951875945
8 3 9 10 -0.046975442951875945
9 3 9 11 -0.046975442951875945
8 8 2 10 -0.046975442951875904
9 8 2 11 -0.046975442951875904
8 9 3 10 -0.046975442951875904
9 9 3 11 -0.046975442951875904
8 8 10 10 0.06972977444624165
9 8 10 11 0.06972977444624165
8 9 11 10 0.06972977444624165
9 9 11 11 0.06972977444624165
8 10 0 10 -0.026529417370735917
9 10 0 11 -0.026529417370735917
8 11 1 10 -0.026529417370735917
9 11 1 11 -0.026529417370735917
8 10 8 10 0.06972977444624166
9 10 8 11 0.06972977444624166
8 11 9 10 0.06972977444624166
9 11 9 11 0.06972977444624166
10 0 2 0 -0.021286335570318407
11 0 2 1 -0.021286335570318407
10 1 3 0 -0.021286335570318407
11 1 3 1 -0.021286335570318407
10 0 10 0 0.028375909702003536
11 0 10 1 0.028375909702003536
10 1 11 0 0.028375909702003536
11 1 11 1 0.028375909702003536
10 2 0 0 -0.021286335570318407
11 2 0 1 -0.021286335570318407
10 3 1 0 -0.021286335570318407
11 3 1 1 -0.021286335570318407
10 2 8 0 0.03076200862825225
11 2 8 1 0.03076200862825225
10 3 9 0 0.03076200862825225
11 3 9 1 0.03076200862825225
10 8 2 0 0.030762008628252235
11 8 2 1 0.030762008628252235
10 9 3 0 0.030762008628252235
11 9 3 1 0.030762008628252235
10 8 10 0 -0.02652941737073583
11 8 10 1 -0.02652941737073583
10 9 11 0 -0.02652941737073583
11 9 11 1 -0.02652941737073583
10 10 0 0 0.02837590970200356
11 10 0 1 0.02837590970200356
10 11 1 0 0.02837590970200356
11 11 1 1 0.02837590970200356
10 10 8 0 -0.02652941737073581
11 10 8 1 -0.02652941737073581
10 11 9 0 -0.02652941737073581
11 11 9 1 -0.02652941737073581
10 0 0 2 -0.0017195750852780356
11 0 0 3 -0.0017195750852780356
10 1 1 2 -0.0017195750852780356
11 1 1 3 -0.0017195750852780356
10 0 8 2 0.037371052553341666
11 0 8 3 0.037371052553341666
10 1 9 2 0.037371052553341666
11 1 9 3 0.037371052553341666
10 2 2 2 -0.009715782114996185
11 2 2 3 -0.009715782114996185
10 3 3 2 -0.009715782114996185
11 3 3 3 -0.009715782114996185
10 2 10 2 0.04193305328117323
11 2 10 3 0.04193305328117323
10 3 11 2 0.04193305328117323
11 3 11 3 0.04193305328117323
10 4 4 2 0.03147628524092386
11 4 4 3 0.03147628524092386
10 5 5 2 0.03147628524092386
11 5 5 3 0.03147628524092386
10 6 6 2 0.03147628524092386
11 6 6 3 0.03147628524092386
10 7 7 2 0.03147628524092386
11 7 7 3 0.03147628524092386
10 8 0 2 0.03737105255334166
11 8 0 3 0.03737105255334166
10 9 1 2 0.03737105255334166
11 9 1 3 0.03737105255334166
10 8 8 2 -0.012027931551677778
11 8 8 3 -0.012027931551677778
10 9 9 2 -0.012027931551677778
11 9 9 3 -0.012027931551677778
10 10 2 2 0.04193305328117323
11 10 2 3 0.04193305328117323
10 11 3 2 0.04193305328117323
11 11 3 3 0.04193305328117323
10 10 10 2 -0.0029727899023401505
11 10 10 3 -0.0029727899023401505
10 11 11 2 -0.0029727899023401505
11 11 11 3 -0.0029727899023401505
10 2 4 4 0.006816762841952623
11 2 4 5 0.006816762841952623
10 3 5 4 0.006816762841952623
11 3 5 5 0.006816762841952623
10 4 2 4 0.006816762841952623
11 4 2 5 0.006816762841952623
10 5 3 4 0.006816762841952623
11 5 3 5 0.006816762841952623
10 4 10 4 0.008351357123633087
11 4 10 5 0.008351357123633087
10 5 11 4 0.008351357123633087
11 5 11 5 0.008351357123633087
10 10 4 4 0.008351357123633087
11 10 4 5 0.008351357123633087
10 11 5 4 0.008351357123633087
11 11 5 5 0.008351357123633087
10 2 6 6 0.006816762841952623
11 2 6 7 0.006816762841952623
10 3 7 6 0.006816762841952623
11 3 7 7 0.006816762841952623
10 6 2 6 0.006816762841952623
11 6 2 7 0.006816762841952623
10 7 3 6 0.006816762841952623
11 7 3 7 0.006816762841952623
10 6 10 6 0.008351357123633087
11 6 10 7 0.008351357123633087
10 7 11 6 0.008351357123633087
11 7 11 7 0.008351357123633087
10 10 6 6 0.008351357123633087
11 10 6 7 0.008351357123633087
10 11 7 6 0.008351357123633087
11 11 7 7 0.008351357123633087
10 0 2 8 0.07099953224350974
11 0 2 9 0.07099953224350974
10 1 3 8 0.07099953224350974
11 1 3 9 0.07099953224350974
10 0 10 8 -0.026529417370735813
11 0 10 9 -0.026529417370735813
10 1 11 8 -0.026529417370735813
11 1 11 9 -0.026529417370735813
10 2 0 8 0.07099953224350972
11 2 0 9 0.07099953224350972
10 3 1 8 0.07099953224350972
11 3 1 9 0.07099953224350972
10 2 8 8 -0.04697544295187595
11 2 8 9 -0.04697544295187595
10 3 9 8 -0.04697544295187595
11 3 9 9 -0.04697544295187595
10 8 2 8 -0.0469754429518759
11 8 2 9 -0.0469754429518759
10 9 3 8 -0.0469754429518759
11 9 3 9 -0.0469754429518759
10 8 10 8 0.06972977444624166
11 8 10 9 0.06972977444624166
10 9 11 8 0.06972977444624166
11 9 11 9 0.06972977444624166
10 10 0 8 -0.02652941737073591
11 10 0 9 -0.02652941737073591
10 11 1 8 -0.02652941737073591
11 11 1 9 -0.02652941737073591
10 10 8 8 0.06972977444624169
11 10 8 9 0.06972977444624169
10 11 9 8 0.06972977444624169
11 11 9 9 0.06972977444624169
10 0 0 10 0.20973975893299823
11 0 0 11 0.20973975893299823
10 1 1 10 0.20973975893299823
11 1 1 11 0.20973975893299823
10 0 8 10 -0.015363610666153812
11 0 8 11 -0.015363610666153812
10 1 9 10 -0.015363610666153812
11 1 9 11 -0.015363610666153812
10 2 2 10 0.21878439492579624
11 2 2 11 0.21878439492579624
10 3 3 10 0.21878439492579624
11 3 3 11 0.21878439492579624
10 2 10 10 -0.002972789902340116
11 2 10 11 -0.002972789902340116
10 3 11 10 -0.002972789902340116
11 3 11 11 -0.002972789902340116
10 4 4 10 0.193535285137567
11 4 4 11 0.193535285137567
10 5 5 10 0.193535285137567
11 5 5 11 0.193535285137567
10 6 6 10 0.193535285137567
11 6 6 11 0.193535285137567
10 7 7 10 0.193535285137567
11 7 7 11 0.193535285137567
10 8 0 10 -0.01536361066615377
11 8 0 11 -0.01536361066615377
10 9 1 10 -0.01536361066615377
11 9 1 11 -0.01536361066615377
10 8 8 10 0.21409636438678503
11 8 8 11 0.21409636438678503
10 9 9 10 0.21409636438678503
11 9 9 11 0.21409636438678503
10 10 2 10 -0.0029727899023400985
11 10 2 11 -0.0029727899023400985
10 11 3 10 -0.0029727899023400985
11 11 3 11 -0.0029727899023400985
10 10 10 10 0.23906829000296353
11 10 10 11 0.23906829000296353
10 11 11 10 0.23906829000296353
11 11 11 11 0.23906829000296353
