-12.8130121111438
0 0 -0.9356867969955713
1 1 -0.9356867969955713
0 4 0.012983006261504643
1 5 0.012983006261504643
2 2 -0.817829966455777
3 3 -0.817829966455777
2 10 0.012460053997442919
3 11 0.012460053997442919
4 0 0.012983006261504726
5 1 0.012983006261504726
4 4 -0.8153668304687149
5 5 -0.8153668304687149
6 6 -0.7836718660992288
7 7 -0.7836718660992288
8 8 -0.7836718660992288
9 9 -0.7836718660992288
10 2 0.01246005399744285
11 3 0.01246005399744285
10 10 -0.7978506474914653
11 11 -0.7978506474914653
0 0 0 0 0.1940680952982484
1 0 0 1 0.1940680952982484
0 1 1 0 0.1940680952982484
1 1 1 1 0.1940680952982484
0 0 4 0 -0.021702606645337037
1 0 4 1 -0.021702606645337037
0 1 5 0 -0.021702606645337037
1 1 5 1 -0.021702606645337037
0 2 2 0 0.0755715456428441
1 2 2 1 0.0755715456428441
0 3 3 0 0.0755715456428441
1 3 3 1 0.0755715456428441
0 2 10 0 -0.015547923854118833
1 2 10 1 -0.015547923854118833
0 3 11 0 -0.015547923854118833
1 3 11 1 -0.015547923854118833
0 4 0 0 -0.02170260664533704
1 4 0 1 -0.02170260664533704
0 5 1 0 -0.02170260664533704
1 5 1 1 -0.02170260664533704
0 4 4 0 0.07755805405728813
1 4 4 1 0.07755805405728813
0 5 5 0 0.07755805405728813
1 5 5 1 0.07755805405728813
0 6 6 0 0.20051726311250279
1 6 6 1 0.20051726311250279
0 7 7 0 0.20051726311250279
1 7 7 1 0.20051726311250279
0 8 8 0 0.20051726311250279
1 8 8 1 0.20051726311250279
0 9 9 0 0.20051726311250279
1 9 9 1 0.20051726311250279
0 10 2 0 -0.01554792385411884
1 10 2 1 -0.01554792385411884
0 11 3 0 -0.01554792385411884
1 11 3 1 -0.01554792385411884
0 10 10 0 0.19891121807528267
1 10 10 1 0.19891121807528267
0 11 11 0 0.19891121807528267
1 11 11 1 0.19891121807528267
0 0 2 2 0.006196470319724137
1 0 2 3 0.006196470319724137
0 1 3 2 0.006196470319724137
1 1 3 3 0.006196470319724137
0 0 10 2 -0.006555827436308662
1 0 10 3 -0.006555827436308662
0 1 11 2 -0.006555827436308662
1 1 11 3 -0.006555827436308662
0 2 0 2 0.006196470319724137
1 2 0 3 0.006196470319724137
0 3 1 2 0.006196470319724137
1 3 1 3 0.006196470319724137
0 2 4 2 0.030325707588600523
1 2 4 3 0.030325707588600523
0 3 5 2 0.030325707588600523
1 3 5 3 0.030325707588600523
0 4 2 2 0.030325707588600523
1 4 2 3 0.030325707588600523
0 5 3 2 0.030325707588600523
1 5 3 3 0.030325707588600523
0 4 10 2 0.005374490084180323
1 4 10 3 0.005374490084180323
0 5 11 2 0.005374490084180323
1 5 11 3 0.005374490084180323
0 10 0 2 -0.006555827436308661
1 10 0 3 -0.006555827436308661
0 11 1 2 -0.006555827436308661
1 11 1 3 -0.006555827436308661
0 10 4 2 0.005374490084180323
1 10 4 3 0.005374490084180323
0 11 5 2 0.005374490084180323
1 11 5 3 0.005374490084180323
0 0 0 4 -0.021702606645337054
1 0 0 5 -0.021702606645337054
0 1 1 4 -0.021702606645337054
1 1 1 5 -0.021702606645337054
0 0 4 4 0.007963104698563256
1 0 4 5 0.007963104698563256
0 1 5 4 0.007963104698563256
1 1 5 5 0.007963104698563256
0 2 2 4 0.02276827058721953
1 2 2 5 0.02276827058721953
0 3 3 4 0.02276827058721953
1 3 3 5 0.02276827058721953
0 2 10 4 0.0060072531813621655
1 2 10 5 0.0060072531813621655
0 3 11 4 0.0060072531813621655
1 3 11 5 0.0060072531813621655
0 4 0 4 0.007963104698563256
1 4 0 5 0.007963104698563256
0 5 1 4 0.007963104698563256
1 5 1 5 0.007963104698563256
0 4 4 4 0.02214956401581914
1 4 4 5 0.02214956401581914
0 5 5 4 0.02214956401581914
1 5 5 5 0.02214956401581914
0 6 6 4 -0.023916589907188833
1 6 6 5 -0.023916589907188833
0 7 7 4 -0.023916589907188833
1 7 7 5 -0.023916589907188833
0 8 8 4 -0.023916589907188833
1 8 8 5 -0.023916589907188833
0 9 9 4 -0.023916589907188833
1 9 9 5 -0.023916589907188833
0 10 2 4 0.006007253181362166
1 10 2 5 0.006007253181362166
0 11 3 4 0.006007253181362166
1 11 3 5 0.006007253181362166
0 10 10 4 -0.02216232073504905
1 10 10 5 -0.02216232073504905
0 11 11 4 -0.02216232073504905
1 11 11 5 -0.02216232073504905
0 0 6 6 0.04200213034329574
1 0 6 7 0.04200213034329574
0 1 7 6 0.04200213034329574
1 1 7 7 0.04200213034329574
0 4 6 6 -0.00772017869987948
1 4 6 7 -0.00772017869987948
0 5 7 6 -0.00772017869987948
1 5 7 7 -0.00772017869987948
0 6 0 6 0.04200213034329574
1 6 0 7 0.04200213034329574
0 7 1 6 0.04200213034329574
1 7 1 7 0.04200213034329574
0 6 4 6 -0.00772017869987948
1 6 4 7 -0.00772017869987948
0 7 5 6 -0.00772017869987948
1 7 5 7 -0.00772017869987948
0 0 8 8 0.04200213034329574
1 0 8 9 0.04200213034329574
0 1 9 8 0.04200213034329574
1 1 9 9 0.04200213034329574
0 4 8 8 -0.00772017869987948
1 4 8 9 -0.00772017869987948
0 5 9 8 -0.00772017869987948
1 5 9 9 -0.00772017869987948
0 8 0 8 0.04200213034329574
1 8 0 9 0.04200213034329574
0 9 1 8 0.04200213034329574
1 9 1 9 0.04200213034329574
0 8 4 8 -0.00772017869987948
1 8 4 9 -0.00772017869987948
0 9 5 8 -0.00772017869987948
1 9 5 9 -0.00772017869987948
0 0 2 10 -0.006555827436308663
1 0 2 11 -0.006555827436308663
0 1 3 10 -0.006555827436308663
1 1 3 11 -0.006555827436308663
0 0 10 10 0.04110941385274292
1 0 10 11 0.04110941385274292
0 1 11 10 0.04110941385274292
1 1 11 11 0.04110941385274292
0 2 0 10 -0.006555827436308661
1 2 0 11 -0.006555827436308661
0 3 1 10 -0.006555827436308661
1 3 1 11 -0.006555827436308661
0 2 4 10 -0.006824700032302517
1 2 4 11 -0.006824700032302517
0 3 5 10 -0.006824700032302517
1 3 5 11 -0.006824700032302517
0 4 2 10 -0.00682470003230252
1 4 2 11 -0.00682470003230252
0 5 3 10 -0.00682470003230252
1 5 3 11 -0.00682470003230252
0 4 10 10 -0.00802042903783377
1 4 10 11 -0.00802042903783377
0 5 11 10 -0.00802042903783377
1 5 11 11 -0.00802042903783377
0 10 0 10 0.041109413852742915
1 10 0 11 0.041109413852742915
0 11 1 10 0.041109413852742915
1 11 1 11 0.041109413852742915
0 10 4 10 -0.00802042903783377
1 10 4 11 -0.00802042903783377
0 11 5 10 -0.00802042903783377
1 11 5 11 -0.00802042903783377
2 0 2 0 0.006196470319724137
3 0 2 1 0.006196470319724137
2 1 3 0 0.006196470319724137
3 1 3 1 0.006196470319724137
2 0 10 0 -0.006555827436308663
3 0 10 1 -0.006555827436308663
2 1 11 0 -0.006555827436308663
3 1 11 1 -0.006555827436308663
2 2 0 0 0.006196470319724138
3 2 0 1 0.006196470319724138
2 3 1 0 0.006196470319724138
3 3 1 1 0.006196470319724138
2 2 4 0 0.030325707588600523
3 2 4 1 0.030325707588600523
2 3 5 0 0.030325707588600523
3 3 5 1 0.030325707588600523
2 4 2 0 0.030325707588600516
3 4 2 1 0.030325707588600516
2 5 3 0 0.030325707588600516
3 5 3 1 0.030325707588600516
2 4 10 0 0.005374490084180324
3 4 10 1 0.005374490084180324
2 5 11 0 0.005374490084180324
3 5 11 1 0.005374490084180324
2 10 0 0 -0.006555827436308662
3 10 0 1 -0.006555827436308662
2 11 1 0 -0.006555827436308662
3 11 1 1 -0.006555827436308662
2 10 4 0 0.005374490084180323
3 10 4 1 0.005374490084180323
2 11 5 0 0.005374490084180323
3 11 5 1 0.005374490084180323
2 0 0 2 0.0755715456428441
3 0 0 3 0.0755715456428441
2 1 1 2 0.0755715456428441
3 1 1 3 0.0755715456428441
2 0 4 2 0.022768270587219527
3 0 4 3 0.022768270587219527
2 1 5 2 0.022768270587219527
3 1 5 3 0.022768270587219527
2 2 2 2 0.20600683553875182
3 2 2 3 0.20600683553875182
2 3 3 2 0.20600683553875182
3 3 3 3 0.20600683553875182
2 2 10 2 0.018310172583560748
3 2 10 3 0.018310172583560748
2 3 11 2 0.018310172583560748
3 3 11 3 0.018310172583560748
2 4 0 2 0.02276827058721953
3 4 0 3 0.02276827058721953
2 5 1 2 0.02276827058721953
3 5 1 3 0.02276827058721953
2 4 4 2 0.2046191942978302
3 4 4 3 0.2046191942978302
2 5 5 2 0.2046191942978302
3 5 5 3 0.2046191942978302
2 6 6 2 0.07009329656360384
3 6 6 3 0.07009329656360384
2 7 7 2 0.07009329656360384
3 7 7 3 0.07009329656360384
2 8 8 2 0.07009329656360384
3 8 8 3 0.07009329656360384
2 9 9 2 0.07009329656360384
3 9 9 3 0.07009329656360384
2 10 2 2 0.018310172583560748
3 10 2 3 0.018310172583560748
2 11 3 2 0.018310172583560748
3 11 3 3 0.018310172583560748
2 10 10 2 0.07753837436361313
3 10 10 3 0.07753837436361313
2 11 11 2 0.07753837436361313
3 11 11 3 0.07753837436361313
2 0 2 4 0.030325707588600523
3 0 2 5 0.030325707588600523
2 1 3 4 0.030325707588600523
3 1 3 5 0.030325707588600523
2 0 10 4 -0.006824700032302517
3 0 10 5 -0.006824700032302517
2 1 11 4 -0.006824700032302517
3 1 11 5 -0.006824700032302517
2 2 0 4 0.030325707588600523
3 2 0 5 0.030325707588600523
2 3 1 4 0.030325707588600523
3 3 1 5 0.030325707588600523
2 2 4 4 0.16761625888273352
3 2 4 5 0.16761625888273352
2 3 5 4 0.16761625888273352
3 3 5 5 0.16761625888273352
2 4 2 4 0.16761625888273346
3 4 2 5 0.16761625888273346
2 5 3 4 0.16761625888273346
3 5 3 5 0.16761625888273346
2 4 10 4 0.024815323791366653
3 4 10 5 0.024815323791366653
2 5 11 4 0.024815323791366653
3 5 11 5 0.024815323791366653
2 10 0 4 -0.006824700032302518
3 10 0 5 -0.006824700032302518
2 11 1 4 -0.006824700032302518
3 11 1 5 -0.006824700032302518
2 10 4 4 0.02481532379136665
3 10 4 5 0.02481532379136665
2 11 5 4 0.02481532379136665
3 11 5 5 0.02481532379136665
2 2 6 6 0.00017280222392708245
3 2 6 7 0.00017280222392708245
2 3 7 6 0.00017280222392708245
3 3 7 7 0.00017280222392708245
2 6 2 6 0.00017280222392708245
3 6 2 7 0.00017280222392708245
2 7 3 6 0.00017280222392708245
3 7 3 7 0.00017280222392708245
2 6 10 6 -0.0014318683717660756
3 6 10 7 -0.0014318683717660756
2 7 11 6 -0.0014318683717660756
3 7 11 7 -0.0014318683717660756
2 10 6 6 -0.0014318683717660756
3 10 6 7 -0.0014318683717660756
2 11 7 6 -0.0014318683717660756
3 11 7 7 -0.0014318683717660756
2 2 8 8 0.00017280222392708245
3 2 8 9 0.00017280222392708245
2 3 9 8 0.00017280222392708245
3 3 9 9 0.00017280222392708245
2 8 2 8 0.00017280222392708245
3 8 2 9 0.00017280222392708245
2 9 3 8 0.00017280222392708245
3 9 3 9 0.00017280222392708245
2 8 10 8 -0.0014318683717660756
3 8 10 9 -0.0014318683717660756
2 9 11 8 -0.0014318683717660756
3 9 11 9 -0.0014318683717660756
2 10 8 8 -0.0014318683717660756
3 10 8 9 -0.0014318683717660756
2 11 9 8 -0.0014318683717660756
3 11 9 9 -0.0014318683717660756
2 0 0 10 -0.015547923854118835
3 0 0 11 -0.015547923854118835
2 1 1 10 -0.015547923854118835
3 1 1 11 -0.015547923854118835
2 0 4 10 0.0060072531813621655
3 0 4 11 0.0060072531813621655
2 1 5 10 0.0060072531813621655
3 1 5 11 0.0060072531813621655
2 2 2 10 0.018310172583560748
3 2 2 11 0.018310172583560748
2 3 3 10 0.018310172583560748
3 3 3 11 0.018310172583560748
2 2 10 10 0.004942802253975495
3 2 10 11 0.004942802253975495
2 3 11 10 0.004942802253975495
3 3 11 11 0.004942802253975495
2 4 0 10 0.006007253181362166
3 4 0 11 0.006007253181362166
2 5 1 10 0.006007253181362166
3 5 1 11 0.006007253181362166
2 4 4 10 0.01791713956493427
3 4 4 11 0.01791713956493427
2 5 5 10 0.01791713956493427
3 5 5 11 0.01791713956493427
2 6 6 10 -0.01620784613069559
3 6 6 11 -0.01620784613069559
2 7 7 10 -0.01620784613069559
3 7 7 11 -0.01620784613069559
2 8 8 10 -0.01620784613069559
3 8 8 11 -0.01620784613069559
2 9 9 10 -0.01620784613069559
3 9 9 11 -0.01620784613069559
2 10 2 10 0.004942802253975496
3 10 2 11 0.004942802253975496
2 11 3 10 0.004942802253975496
3 11 3 11 0.004942802253975496
2 10 10 10 -0.01807988535120519
3 10 10 11 -0.01807988535120519
2 11 11 10 -0.01807988535120519
3 11 11 11 -0.01807988535120519
4 0 0 0 -0.021702606645337054
5 0 0 1 -0.021702606645337054
4 1 1 0 -0.021702606645337054
5 1 1 1 -0.021702606645337054
4 0 4 0 0.007963104698563256
5 0 4 1 0.007963104698563256
4 1 5 0 0.007963104698563256
5 1 5 1 0.007963104698563256
4 2 2 0 0.022768270587219523
5 2 2 1 0.022768270587219523
4 3 3 0 0.022768270587219523
5 3 3 1 0.022768270587219523
4 2 10 0 0.0060072531813621655
5 2 10 1 0.0060072531813621655
4 3 11 0 0.0060072531813621655
5 3 11 1 0.0060072531813621655
4 4 0 0 0.007963104698563256
5 4 0 1 0.007963104698563256
4 5 1 0 0.007963104698563256
5 5 1 1 0.007963104698563256
4 4 4 0 0.022149564015819138
5 4 4 1 0.022149564015819138
4 5 5 0 0.022149564015819138
5 5 5 1 0.022149564015819138
4 6 6 0 -0.02391658990718884
5 6 6 1 -0.02391658990718884
4 7 7 0 -0.02391658990718884
5 7 7 1 -0.02391658990718884
4 8 8 0 -0.02391658990718884
5 8 8 1 -0.02391658990718884
4 9 9 0 -0.02391658990718884
5 9 9 1 -0.02391658990718884
4 10 2 0 0.006007253181362166
5 10 2 1 0.006007253181362166
4 11 3 0 0.006007253181362166
5 11 3 1 0.006007253181362166
4 10 10 0 -0.02216232073504904
5 10 10 1 -0.02216232073504904
4 11 11 0 -0.02216232073504904
5 11 11 1 -0.02216232073504904
4 0 2 2 0.03032570758860052
5 0 2 3 0.03032570758860052
4 1 3 2 0.03032570758860052
5 1 3 3 0.03032570758860052
4 0 10 2 -0.006824700032302518
5 0 10 3 -0.006824700032302518
4 1 11 2 -0.006824700032302518
5 1 11 3 -0.006824700032302518
4 2 0 2 0.03032570758860052
5 2 0 3 0.03032570758860052
4 3 1 2 0.03032570758860052
5 3 1 3 0.03032570758860052
4 2 4 2 0.16761625888273352
5 2 4 3 0.16761625888273352
4 3 5 2 0.16761625888273352
5 3 5 3 0.16761625888273352
4 4 2 2 0.1676162588827335
5 4 2 3 0.1676162588827335
4 5 3 2 0.1676162588827335
5 5 3 3 0.1676162588827335
4 4 10 2 0.02481532379136665
5 4 10 3 0.02481532379136665
4 5 11 2 0.02481532379136665
5 5 11 3 0.02481532379136665
4 10 0 2 -0.006824700032302518
5 10 0 3 -0.006824700032302518
4 11 1 2 -0.006824700032302518
5 11 1 3 -0.006824700032302518
4 10 4 2 0.02481532379136665
5 10 4 3 0.02481532379136665
4 11 5 2 0.02481532379136665
5 11 5 3 0.02481532379136665
4 0 0 4 0.07755805405728818
5 0 0 5 0.07755805405728818
4 1 1 4 0.07755805405728818
5 1 1 5 0.07755805405728818
4 0 4 4 0.022149564015819134
5 0 4 5 0.022149564015819134
4 1 5 4 0.022149564015819134
5 1 5 5 0.022149564015819134
4 2 2 4 0.20461919429783018
5 2 2 5 0.20461919429783018
4 3 3 4 0.20461919429783018
5 3 3 5 0.20461919429783018
4 2 10 4 0.01791713956493427
5 2 10 5 0.01791713956493427
4 3 11 4 0.01791713956493427
5 3 11 5 0.01791713956493427
4 4 0 4 0.022149564015819134
5 4 0 5 0.022149564015819134
4 5 1 4 0.022149564015819134
5 5 1 5 0.022149564015819134
4 4 4 4 0.20329473261874698
5 4 4 5 0.20329473261874698
4 5 5 4 0.20329473261874698
5 5 5 5 0.20329473261874698
4 6 6 4 0.0724081260766263
5 6 6 5 0.0724081260766263
4 7 7 4 0.0724081260766263
5 7 7 5 0.0724081260766263
4 8 8 4 0.0724081260766263
5 8 8 5 0.0724081260766263
4 9 9 4 0.0724081260766263
5 9 9 5 0.0724081260766263
4 10 2 4 0.01791713956493427
5 10 2 5 0.01791713956493427
4 11 3 4 0.01791713956493427
5 11 3 5 0.01791713956493427
4 10 10 4 0.07926794078020552
5 10 10 5 0.07926794078020552
4 11 11 4 0.07926794078020552
5 11 11 5 0.07926794078020552
4 0 6 6 -0.0077201786998794784
5 0 6 7 -0.0077201786998794784
4 1 7 6 -0.0077201786998794784
5 1 7 7 -0.0077201786998794784
4 4 6 6 0.0014206474617043327
5 4 6 7 0.0014206474617043327
4 5 7 6 0.0014206474617043327
5 5 7 7 0.0014206474617043327
4 6 0 6 -0.0077201786998794784
5 6 0 7 -0.0077201786998794784
4 7 1 6 -0.0077201786998794784
5 7 1 7 -0.0077201786998794784
4 6 4 6 0.0014206474617043327
5 6 4 7 0.0014206474617043327
4 7 5 6 0.0014206474617043327
5 7 5 7 0.0014206474617043327
4 0 8 8 -0.0077201786998794784
5 0 8 9 -0.0077201786998794784
4 1 9 8 -0.0077201786998794784
5 1 9 9 -0.0077201786998794784
4 4 8 8 0.0014206474617043327
5 4 8 9 0.0014206474617043327
4 5 9 8 0.0014206474617043327
5 5 9 9 0.0014206474617043327
4 8 0 8 -0.0077201786998794784
5 8 0 9 -0.0077201786998794784
4 9 1 8 -0.0077201786998794784
5 9 1 9 -0.0077201786998794784
4 8 4 8 0.0014206474617043327
5 8 4 9 0.0014206474617043327
4 9 5 8 0.0014206474617043327
5 9 5 9 0.0014206474617043327
4 0 2 10 0.005374490084180323
5 0 2 11 0.005374490084180323
4 1 3 10 0.005374490084180323
5 1 3 11 0.005374490084180323
4 0 10 10 -0.008020429037833766
5 0 10 11 -0.008020429037833766
4 1 11 10 -0.008020429037833766
5 1 11 11 -0.008020429037833766
4 2 0 10 0.005374490084180323
5 2 0 11 0.005374490084180323
4 3 1 10 0.005374490084180323
5 3 1 11 0.005374490084180323
4 2 4 10 0.024815323791366653
5 2 4 11 0.024815323791366653
4 3 5 10 0.024815323791366653
5 3 5 11 0.024815323791366653
4 4 2 10 0.024815323791366653
5 4 2 11 0.024815323791366653
4 5 3 10 0.024815323791366653
5 5 3 11 0.024815323791366653
4 4 10 10 0.0049279666106394875
5 4 10 11 0.0049279666106394875
4 5 11 10 0.0049279666106394875
5 5 11 11 0.0049279666106394875
4 10 0 10 -0.008020429037833766
5 10 0 11 -0.008020429037833766
4 11 1 10 -0.008020429037833766
5 11 1 11 -0.008020429037833766
4 10 4 10 0.004927966610639487
5 10 4 11 0.004927966610639487
4 11 5 10 0.004927966610639487
5 11 5 11 0.004927966610639487
6 0 6 0 0.04200213034329574
7 0 6 1 0.04200213034329574
6 1 7 0 0.04200213034329574
7 1 7 1 0.04200213034329574
6 4 6 0 -0.00772017869987948
7 4 6 1 -0.00772017869987948
6 5 7 0 -0.00772017869987948
7 5 7 1 -0.00772017869987948
6 6 0 0 0.04200213034329574
7 6 0 1 0.04200213034329574
6 7 1 0 0.04200213034329574
7 7 1 1 0.04200213034329574
6 6 4 0 -0.00772017869987948
7 6 4 1 -0.00772017869987948
6 7 5 0 -0.00772017869987948
7 7 5 1 -0.00772017869987948
6 2 6 2 0.00017280222392708245
7 2 6 3 0.00017280222392708245
6 3 7 2 0.00017280222392708245
7 3 7 3 0.00017280222392708245
6 6 2 2 0.00017280222392708245
7 6 2 3 0.00017280222392708245
6 7 3 2 0.00017280222392708245
7 7 3 3 0.00017280222392708245
6 6 10 2 -0.0014318683717660756
7 6 10 3 -0.0014318683717660756
6 7 11 2 -0.0014318683717660756
7 7 11 3 -0.0014318683717660756
6 10 6 2 -0.0014318683717660756
7 10 6 3 -0.0014318683717660756
6 11 7 2 -0.0014318683717660756
7 11 7 3 -0.0014318683717660756
6 0 6 4 -0.0077201786998794784
7 0 6 5 -0.0077201786998794784
6 1 7 4 -0.0077201786998794784
7 1 7 5 -0.0077201786998794784
6 4 6 4 0.0014206474617043327
7 4 6 5 0.0014206474617043327
6 5 7 4 0.0014206474617043327
7 5 7 5 0.0014206474617043327
6 6 0 4 -0.0077201786998794784
7 6 0 5 -0.0077201786998794784
6 7 1 4 -0.0077201786998794784
7 7 1 5 -0.0077201786998794784
6 6 4 4 0.0014206474617043327
7 6 4 5 0.0014206474617043327
6 7 5 4 0.0014206474617043327
7 7 5 5 0.0014206474617043327
6 0 0 6 0.20051726311250279
7 0 0 7 0.20051726311250279
6 1 1 6 0.20051726311250279
7 1 1 7 0.20051726311250279
6 0 4 6 -0.023916589907188833
7 0 4 7 -0.023916589907188833
6 1 5 6 -0.023916589907188833
7 1 5 7 -0.023916589907188833
6 2 2 6 0.07009329656360384
7 2 2 7 0.07009329656360384
6 3 3 6 0.07009329656360384
7 3 3 7 0.07009329656360384
6 2 10 6 -0.01620784613069559
7 2 10 7 -0.01620784613069559
6 3 11 6 -0.01620784613069559
7 3 11 7 -0.01620784613069559
6 4 0 6 -0.02391658990718884
7 4 0 7 -0.02391658990718884
6 5 1 6 -0.02391658990718884
7 5 1 7 -0.02391658990718884
6 4 4 6 0.0724081260766263
7 4 4 7 0.0724081260766263
6 5 5 6 0.0724081260766263
7 5 5 7 0.0724081260766263
6 6 6 6 0.224929545
7 6 6 7 0.224929545
6 7 7 6 0.224929545
7 7 7 7 0.224929545
6 8 8 6 0.2006801625
7 8 8 7 0.2006801625
6 9 9 6 0.2006801625
7 9 9 7 0.2006801625
6 10 2 6 -0.016207846130695584
7 10 2 7 -0.016207846130695584
6 11 3 6 -0.016207846130695584
7 11 3 7 -0.016207846130695584
6 10 10 6 0.19879345026691458
7 10 10 7 0.19879345026691458
6 11 11 6 0.19879345026691458
7 11 11 7 0.19879345026691458
6 6 8 8 0.0121246915
7 6 8 9 0.0121246915
6 7 9 8 0.0121246915
7 7 9 9 0.0121246915
6 8 6 8 0.0121246915
7 8 6 9 0.0121246915
6 9 7 8 0.0121246915
7 9 7 9 0.0121246915
6 2 6 10 -0.0014318683717660758
7 2 6 11 -0.0014318683717660758
6 3 7 10 -0.0014318683717660758
7 3 7 11 -0.0014318683717660758
6 6 2 10 -0.0014318683717660758
7 6 2 11 -0.0014318683717660758
6 7 3 10 -0.0014318683717660758
7 7 3 11 -0.0014318683717660758
6 6 10 10 0.011967995102629015
7 6 10 11 0.011967995102629015
6 7 11 10 0.011967995102629015
7 7 11 11 0.011967995102629015
6 10 6 10 0.011967995102629015
7 10 6 11 0.011967995102629015
6 11 7 10 0.011967995102629015
7 11 7 11 0.011967995102629015
8 0 8 0 0.04200213034329574
9 0 8 1 0.04200213034329574
8 1 9 0 0.04200213034329574
9 1 9 1 0.04200213034329574
8 4 8 0 -0.00772017869987948
9 4 8 1 -0.00772017869987948
8 5 9 0 -0.00772017869987948
9 5 9 1 -0.00772017869987948
8 8 0 0 0.04200213034329574
9 8 0 1 0.04200213034329574
8 9 1 0 0.04200213034329574
9 9 1 1 0.04200213034329574
8 8 4 0 -0.00772017869987948
9 8 4 1 -0.00772017869987948
8 9 5 0 -0.00772017869987948
9 9 5 1 -0.00772017869987948
8 2 8 2 0.00017280222392708245
9 2 8 3 0.00017280222392708245
8 3 9 2 0.00017280222392708245
9 3 9 3 0.00017280222392708245
8 8 2 2 0.00017280222392708245
9 8 2 3 0.00017280222392708245
8 9 3 2 0.00017280222392708245
9 9 3 3 0.00017280222392708245
8 8 10 2 -0.0014318683717660756
9 8 10 3 -0.0014318683717660756
8 9 11 2 -0.0014318683717660756
9 9 11 3 -0.0014318683717660756
8 10 8 2 -0.0014318683717660756
9 10 8 3 -0.0014318683717660756
8 11 9 2 -0.0014318683717660756
9 11 9 3 -0.0014318683717660756
8 0 8 4 -0.0077201786998794784
9 0 8 5 -0.0077201786998794784
8 1 9 4 -0.0077201786998794784
9 1 9 5 -0.0077201786998794784
8 4 8 4 0.0014206474617043327
9 4 8 5 0.0014206474617043327
8 5 9 4 0.0014206474617043327
9 5 9 5 0.0014206474617043327
8 8 0 4 -0.0077201786998794784
9 8 0 5 -0.0077201786998794784
8 9 1 4 -0.0077201786998794784
9 9 1 5 -0.0077201786998794784
8 8 4 4 0.0014206474617043327
9 8 4 5 0.0014206474617043327
8 9 5 4 0.0014206474617043327
9 9 5 5 0.0014206474617043327
8 6 8 6 0.0121246915
9 6 8 7 0.0121246915
8 7 9 6 0.0121246915
9 7 9 7 0.0121246915
8 8 6 6 0.0121246915
9 8 6 7 0.0121246915
8 9 7 6 0.0121246915
9 9 7 7 0.0121246915
8 0 0 8 0.20051726311250279
9 0 0 9 0.20051726311250279
8 1 1 8 0.20051726311250279
9 1 1 9 0.20051726311250279
8 0 4 8 -0.023916589907188833
9 0 4 9 -0.023916589907188833
8 1 5 8 -0.023916589907188833
9 1 5 9 -0.023916589907188833
8 2 2 8 0.07009329656360384
9 2 2 9 0.07009329656360384
8 3 3 8 0.07009329656360384
9 3 3 9 0.07009329656360384
8 2 10 8 -0.01620784613069559
9 2 10 9 -0.01620784613069559
8 3 11 8 -0.01620784613069559
9 3 11 9 -0.01620784613069559
8 4 0 8 -0.02391658990718884
9 4 0 9 -0.02391658990718884
8 5 1 8 -0.02391658990718884
9 5 1 9 -0.02391658990718884
8 4 4 8 0.0724081260766263
9 4 4 9 0.0724081260766263
8 5 5 8 0.0724081260766263
9 5 5 9 0.0724081260766263
8 6 6 8 0.2006801625
9 6 6 9 0.2006801625
8 7 7 8 0.2006801625
9 7 7 9 0.2006801625
8 8 8 8 0.224929545
9 8 8 9 0.224929545
8 9 9 8 0.224929545
9 9 9 9 0.224929545
8 10 2 8 -0.016207846130695584
9 10 2 9 -0.016207846130695584
8 11 3 8 -0.016207846130695584
9 11 3 9 -0.016207846130695584
8 10 10 8 0.19879345026691458
9 10 10 9 0.19879345026691458
8 11 11 8 0.19879345026691458
9 11 11 9 0.19879345026691458
8 2 8 10 -0.0014318683717660758
9 2 8 11 -0.0014318683717660758
8 3 9 10 -0.0014318683717660758
9 3 9 11 -0.0014318683717660758
8 8 2 10 -0.0014318683717660758
9 8 2 11 -0.0014318683717660758
8 9 3 10 -0.0014318683717660758
9 9 3 11 -0.0014318683717660758
8 8 10 10 0.011967995102629015
9 8 10 11 0.011967995102629015
8 9 11 10 0.011967995102629015
9 9 11 11 0.011967995102629015
8 10 8 10 0.011967995102629015
9 10 8 11 0.011967995102629015
8 11 9 10 0.011967995102629015
9 11 9 11 0.011967995102629015
10 0 2 0 -0.006555827436308663
11 0 2 1 -0.006555827436308663
10 1 3 0 -0.006555827436308663
11 1 3 1 -0.006555827436308663
10 0 10 0 0.04110941385274293
11 0 10 1 0.04110941385274293
10 1 11 0 0.04110941385274293
11 1 11 1 0.04110941385274293
10 2 0 0 -0.006555827436308661
11 2 0 1 -0.006555827436308661
10 3 1 0 -0.006555827436308661
11 3 1 1 -0.006555827436308661
10 2 4 0 -0.006824700032302521
11 2 4 1 -0.006824700032302521
10 3 5 0 -0.006824700032302521
11 3 5 1 -0.006824700032302521
10 4 2 0 -0.006824700032302525
11 4 2 1 -0.006824700032302525
10 5 3 0 -0.006824700032302525
11 5 3 1 -0.006824700032302525
10 4 10 0 -0.008020429037833768
11 4 10 1 -0.008020429037833768
10 5 11 0 -0.008020429037833768
11 5 11 1 -0.008020429037833768
10 10 0 0 0.041109413852742915
11 10 0 1 0.041109413852742915
10 11 1 0 0.041109413852742915
11 11 1 1 0.041109413852742915
10 10 4 0 -0.008020429037833768
11 10 4 1 -0.008020429037833768
10 11 5 0 -0.008020429037833768
11 11 5 1 -0.008020429037833768
10 0 0 2 -0.015547923854118845
11 0 0 3 -0.015547923854118845
10 1 1 2 -0.015547923854118845
11 1 1 3 -0.015547923854118845
10 0 4 2 0.006007253181362166
11 0 4 3 0.006007253181362166
10 1 5 2 0.006007253181362166
11 1 5 3 0.006007253181362166
10 2 2 2 0.018310172583560748
11 2 2 3 0.018310172583560748
10 3 3 2 0.018310172583560748
11 3 3 3 0.018310172583560748
10 2 10 2 0.004942802253975495
11 2 10 3 0.004942802253975495
10 3 11 2 0.004942802253975495
11 3 11 3 0.004942802253975495
10 4 0 2 0.006007253181362167
11 4 0 3 0.006007253181362167
10 5 1 2 0.006007253181362167
11 5 1 3 0.006007253181362167
10 4 4 2 0.01791713956493427
11 4 4 3 0.01791713956493427
10 5 5 2 0.01791713956493427
11 5 5 3 0.01791713956493427
10 6 6 2 -0.016207846130695584
11 6 6 3 -0.016207846130695584
10 7 7 2 -0.016207846130695584
11 7 7 3 -0.016207846130695584
10 8 8 2 -0.016207846130695584
11 8 8 3 -0.016207846130695584
10 9 9 2 -0.016207846130695584
11 9 9 3 -0.016207846130695584
10 10 2 2 0.004942802253975496
11 10 2 3 0.004942802253975496
10 11 3 2 0.004942802253975496
11 11 3 3 0.004942802253975496
10 10 10 2 -0.018079885351205197
11 10 10 3 -0.018079885351205197
10 11 11 2 -0.018079885351205197
11 11 11 3 -0.018079885351205197
10 0 2 4 0.005374490084180325
11 0 2 5 0.005374490084180325
10 1 3 4 0.005374490084180325
11 1 3 5 0.005374490084180325
10 0 10 4 -0.008020429037833766
11 0 10 5 -0.008020429037833766
10 1 11 4 -0.008020429037833766
11 1 11 5 -0.008020429037833766
10 2 0 4 0.005374490084180325
11 2 0 5 0.005374490084180325
10 3 1 4 0.005374490084180325
11 3 1 5 0.005374490084180325
10 2 4 4 0.024815323791366653
11 2 4 5 0.024815323791366653
10 3 5 4 0.024815323791366653
11 3 5 5 0.024815323791366653
10 4 2 4 0.024815323791366653
11 4 2 5 0.024815323791366653
10 5 3 4 0.024815323791366653
11 5 3 5 0.024815323791366653
10 4 10 4 0.004927966610639486
11 4 10 5 0.004927966610639486
10 5 11 4 0.004927966610639486
11 5 11 5 0.004927966610639486
10 10 0 4 -0.008020429037833766
11 10 0 5 -0.008020429037833766
10 11 1 4 -0.008020429037833766
11 11 1 5 -0.008020429037833766
10 10 4 4 0.004927966610639486
11 10 4 5 0.004927966610639486
10 11 5 4 0.004927966610639486
11 11 5 5 0.004927966610639486
10 2 6 6 -0.0014318683717660758
11 2 6 7 -0.0014318683717660758
10 3 7 6 -0.0014318683717660758
11 3 7 7 -0.0014318683717660758
10 6 2 6 -0.0014318683717660758
11 6 2 7 -0.0014318683717660758
10 7 3 6 -0.0014318683717660758
11 7 3 7 -0.0014318683717660758
10 6 10 6 0.011967995102629015
11 6 10 7 0.011967995102629015
10 7 11 6 0.011967995102629015
11 7 11 7 0.011967995102629015
10 10 6 6 0.011967995102629015
11 10 6 7 0.011967995102629015
10 11 7 6 0.011967995102629015
11 11 7 7 0.011967995102629015
10 2 8 8 -0.0014318683717660758
11 2 8 9 -0.0014318683717660758
10 3 9 8 -0.0014318683717660758
11 3 9 9 -0.0014318683717660758
10 8 2 8 -0.0014318683717660758
11 8 2 9 -0.0014318683717660758
10 9 3 8 -0.0014318683717660758
11 9 3 9 -0.0014318683717660758
10 8 10 8 0.011967995102629015
11 8 10 9 0.011967995102629015
10 9 11 8 0.011967995102629015
11 9 11 9 0.011967995102629015
10 10 8 8 0.011967995102629015
11 10 8 9 0.011967995102629015
10 11 9 8 0.011967995102629015
11 11 9 9 0.011967995102629015
10 0 0 10 0.19891121807528264
11 0 0 11 0.19891121807528264
10 1 1 10 0.19891121807528264
11 1 1 11 0.19891121807528264
10 0 4 10 -0.022162320735049035
11 0 4 11 -0.022162320735049035
10 1 5 10 -0.022162320735049035
11 1 5 11 -0.022162320735049035
10 2 2 10 0.07753837436361313
11 2 2 11 0.07753837436361313
10 3 3 10 0.07753837436361313
11 3 3 11 0.07753837436361313
10 2 10 10 -0.018079885351205194
11 2 10 11 -0.018079885351205194
10 3 11 10 -0.018079885351205194
11 3 11 11 -0.018079885351205194
10 4 0 10 -0.02216232073504904
11 4 0 11 -0.02216232073504904
10 5 1 10 -0.02216232073504904
11 5 1 11 -0.02216232073504904
10 4 4 10 0.07926794078020552
11 4 4 11 0.07926794078020552
10 5 5 10 0.07926794078020552
11 5 5 11 0.07926794078020552
10 6 6 10 0.19879345026691458
11 6 6 11 0.19879345026691458
10 7 7 10 0.19879345026691458
11 7 7 11 0.19879345026691458
10 8 8 10 0.19879345026691458
11 8 8 11 0.19879345026691458
10 9 9 10 0.19879345026691458
11 9 9 11 0.19879345026691458
10 10 2 10 -0.018079885351205197
11 10 2 11 -0.018079885351205197
10 11 3 10 -0.018079885351205197
11 11 3 11 -0.018079885351205197
10 10 10 10 0.2206116696933211
11 10 10 11 0.2206116696933211
10 11 11 10 0.2206116696933211
11 11 11 11 0.2206116696933211
