-11.607617241665327
0 0 -1.5307435855501774
1 1 -1.5307435855501774
0 8 0.02887248317822344
1 9 0.02887248317822344
2 2 -1.532154996613265
3 3 -1.532154996613265
2 10 -0.008972832844925505
3 11 -0.008972832844925505
4 4 -1.1859604382216167
5 5 -1.1859604382216167
6 6 -1.1859604382216167
7 7 -1.1859604382216167
8 0 0.02887248317822405
9 1 0.02887248317822405
8 8 -0.9848644321020885
9 9 -0.9848644321020885
10 2 -0.008972832844926337
11 3 -0.008972832844926337
10 10 -0.643332961153787
11 11 -0.643332961153787
0 0 0 0 0.20099662392625103
1 0 0 1 0.20099662392625103
0 1 1 0 0.20099662392625103
1 1 1 1 0.20099662392625103
0 0 8 0 -0.013119833808521407
1 0 8 1 -0.013119833808521407
0 1 9 0 -0.013119833808521407
1 1 9 1 -0.013119833808521407
0 2 2 0 0.20770924498381202
1 2 2 1 0.20770924498381202
0 3 3 0 0.20770924498381202
1 3 3 1 0.20770924498381202
0 2 10 0 -0.003520939994540906
1 2 10 1 -0.003520939994540906
0 3 11 0 -0.003520939994540906
1 3 11 1 -0.003520939994540906
0 4 4 0 0.18574722427188273
1 4 4 1 0.18574722427188273
0 5 5 0 0.18574722427188273
1 5 5 1 0.18574722427188273
0 6 6 0 0.18574722427188273
1 6 6 1 0.18574722427188273
0 7 7 0 0.18574722427188273
1 7 7 1 0.18574722427188273
0 8 0 0 -0.01311983380852141
1 8 0 1 -0.01311983380852141
0 9 1 0 -0.01311983380852141
1 9 1 1 -0.01311983380852141
0 8 8 0 0.1998945105261944
1 8 8 1 0.1998945105261944
0 9 9 0 0.1998945105261944
1 9 9 1 0.1998945105261944
0 10 2 0 -0.003520939994540906
1 10 2 1 -0.003520939994540906
0 11 3 0 -0.003520939994540906
1 11 3 1 -0.003520939994540906
0 10 10 0 0.21608120546393791
1 10 10 1 0.21608120546393791
0 11 11 0 0.21608120546393791
1 11 11 1 0.21608120546393791
0 0 2 2 0.08251288792208844
1 0 2 3 0.08251288792208844
0 1 3 2 0.08251288792208844
1 1 3 3 0.08251288792208844
0 0 10 2 -0.02256288197251407
1 0 10 3 -0.02256288197251407
0 1 11 2 -0.02256288197251407
1 1 11 3 -0.02256288197251407
0 2 0 2 0.08251288792208844
1 2 0 3 0.08251288792208844
0 3 1 2 0.08251288792208844
1 3 1 3 0.08251288792208844
0 2 8 2 -0.04764953817699562
1 2 8 3 -0.04764953817699562
0 3 9 2 -0.04764953817699562
1 3 9 3 -0.04764953817699562
0 8 2 2 -0.04764953817699561
1 8 2 3 -0.04764953817699561
0 9 3 2 -0.04764953817699561
1 9 3 3 -0.04764953817699561
0 8 10 2 0.07158482063370472
1 8 10 3 0.07158482063370472
0 9 11 2 0.07158482063370472
1 9 11 3 0.07158482063370472
0 10 0 2 -0.022562881972514062
1 10 0 3 -0.022562881972514062
0 11 1 2 -0.022562881972514062
1 11 1 3 -0.022562881972514062
0 10 8 2 0.07158482063370471
1 10 8 3 0.07158482063370471
0 11 9 2 0.07158482063370471
1 11 9 3 0.07158482063370471
0 0 4 4 0.024900944085327063
1 0 4 5 0.024900944085327063
0 1 5 4 0.024900944085327063
1 1 5 5 0.024900944085327063
0 4 0 4 0.024900944085327063
1 4 0 5 0.024900944085327063
0 5 1 4 0.024900944085327063
1 5 1 5 0.024900944085327063
0 4 8 4 0.023756937776908398
1 4 8 5 0.023756937776908398
0 5 9 4 0.023756937776908398
1 5 9 5 0.023756937776908398
0 8 4 4 0.023756937776908398
1 8 4 5 0.023756937776908398
0 9 5 4 0.023756937776908398
1 9 5 5 0.023756937776908398
0 0 6 6 0.024900944085327063
1 0 6 7 0.024900944085327063
0 1 7 6 0.024900944085327063
1 1 7 7 0.024900944085327063
0 6 0 6 0.024900944085327063
1 6 0 7 0.024900944085327063
0 7 1 6 0.024900944085327063
1 7 1 7 0.024900944085327063
0 6 8 6 0.023756937776908398
1 6 8 7 0.023756937776908398
0 7 9 6 0.023756937776908398
1 7 9 7 0.023756937776908398
0 8 6 6 0.023756937776908398
1 8 6 7 0.023756937776908398
0 9 7 6 0.023756937776908398
1 9 7 7 0.023756937776908398
0 0 0 8 -0.013119833808521393
1 0 0 9 -0.013119833808521393
0 1 1 8 -0.013119833808521393
1 1 1 9 -0.013119833808521393
0 0 8 8 0.03852403792359377
1 0 8 9 0.03852403792359377
0 1 9 8 0.03852403792359377
1 1 9 9 0.03852403792359377
0 2 2 8 -0.024482926776556196
1 2 2 9 -0.024482926776556196
0 3 3 8 -0.024482926776556196
1 3 3 9 -0.024482926776556196
0 2 10 8 0.036150378215577705
1 2 10 9 0.036150378215577705
0 3 11 8 0.036150378215577705
1 3 11 9 0.036150378215577705
0 4 4 8 0.024997248446874232
1 4 4 9 0.024997248446874232
0 5 5 8 0.024997248446874232
1 5 5 9 0.024997248446874232
0 6 6 8 0.024997248446874232
1 6 6 9 0.024997248446874232
0 7 7 8 0.024997248446874232
1 7 7 9 0.024997248446874232
0 8 0 8 0.03852403792359373
1 8 0 9 0.03852403792359373
0 9 1 8 0.03852403792359373
1 9 1 9 0.03852403792359373
0 8 8 8 -0.018111857867046756
1 8 8 9 -0.018111857867046756
0 9 9 8 -0.018111857867046756
1 9 9 9 -0.018111857867046756
0 10 2 8 0.03615037821557772
1 10 2 9 0.03615037821557772
0 11 3 8 0.03615037821557772
1 11 3 9 0.03615037821557772
0 10 10 8 -0.019747857734129973
1 10 10 9 -0.019747857734129973
0 11 11 8 -0.019747857734129973
1 11 11 9 -0.019747857734129973
0 0 2 10 -0.022562881972514045
1 0 2 11 -0.022562881972514045
0 1 3 10 -0.022562881972514045
1 1 3 11 -0.022562881972514045
0 0 10 10 0.028273498612060084
1 0 10 11 0.028273498612060084
0 1 11 10 0.028273498612060084
1 1 11 11 0.028273498612060084
0 2 0 10 -0.022562881972514062
1 2 0 11 -0.022562881972514062
0 3 1 10 -0.022562881972514062
1 3 1 11 -0.022562881972514062
0 2 8 10 0.03056919794729917
1 2 8 11 0.03056919794729917
0 3 9 10 0.03056919794729917
1 3 9 11 0.03056919794729917
0 8 2 10 0.03056919794729919
1 8 2 11 0.03056919794729919
0 9 3 10 0.03056919794729919
1 9 3 11 0.03056919794729919
0 8 10 10 -0.028485213828451424
1 8 10 11 -0.028485213828451424
0 9 11 10 -0.028485213828451424
1 9 11 11 -0.028485213828451424
0 10 0 10 0.028273498612060074
1 10 0 11 0.028273498612060074
0 11 1 10 0.028273498612060074
1 11 1 11 0.028273498612060074
0 10 8 10 -0.028485213828451365
1 10 8 11 -0.028485213828451365
0 11 9 10 -0.028485213828451365
1 11 9 11 -0.028485213828451365
2 0 2 0 0.08251288792208844
3 0 2 1 0.08251288792208844
2 1 3 0 0.08251288792208844
3 1 3 1 0.08251288792208844
2 0 10 0 -0.02256288197251407
3 0 10 1 -0.02256288197251407
2 1 11 0 -0.02256288197251407
3 1 11 1 -0.02256288197251407
2 2 0 0 0.08251288792208845
3 2 0 1 0.08251288792208845
2 3 1 0 0.08251288792208845
3 3 1 1 0.08251288792208845
2 2 8 0 -0.04764953817699562
3 2 8 1 -0.04764953817699562
2 3 9 0 -0.04764953817699562
3 3 9 1 -0.04764953817699562
2 8 2 0 -0.04764953817699561
3 8 2 1 -0.04764953817699561
2 9 3 0 -0.04764953817699561
3 9 3 1 -0.04764953817699561
2 8 10 0 0.07158482063370472
3 8 10 1 0.07158482063370472
2 9 11 0 0.07158482063370472
3 9 11 1 0.07158482063370472
2 10 0 0 -0.022562881972514066
3 10 0 1 -0.022562881972514066
2 11 1 0 -0.022562881972514066
3 11 1 1 -0.022562881972514066
2 10 8 0 0.07158482063370471
3 10 8 1 0.07158482063370471
2 11 9 0 0.07158482063370471
3 11 9 1 0.07158482063370471
2 0 0 2 0.20770924498381202
3 0 0 3 0.20770924498381202
2 1 1 2 0.20770924498381202
3 1 1 3 0.20770924498381202
2 0 8 2 -0.0244829267765562
3 0 8 3 -0.0244829267765562
2 1 9 2 -0.0244829267765562
3 1 9 3 -0.0244829267765562
2 2 2 2 0.21926068463225123
3 2 2 3 0.21926068463225123
2 3 3 2 0.21926068463225123
3 3 3 3 0.21926068463225123
2 2 10 2 -0.01103448922390594
3 2 10 3 -0.01103448922390594
2 3 11 2 -0.01103448922390594
3 3 11 3 -0.01103448922390594
2 4 4 2 0.17969811748438175
3 4 4 3 0.17969811748438175
2 5 5 2 0.17969811748438175
3 5 5 3 0.17969811748438175
2 6 6 2 0.17969811748438175
3 6 6 3 0.17969811748438175
2 7 7 2 0.17969811748438175
3 7 7 3 0.17969811748438175
2 8 0 2 -0.02448292677655619
3 8 0 3 -0.02448292677655619
2 9 1 2 -0.02448292677655619
3 9 1 3 -0.02448292677655619
2 8 8 2 0.20539852116755242
3 8 8 3 0.20539852116755242
2 9 9 2 0.20539852116755242
3 9 9 3 0.20539852116755242
2 10 2 2 -0.011034489223905961
3 10 2 3 -0.011034489223905961
2 11 3 2 -0.011034489223905961
3 11 3 3 -0.011034489223905961
2 10 10 2 0.225596649520445
3 10 10 3 0.225596649520445
2 11 11 2 0.225596649520445
3 11 11 3 0.225596649520445
2 2 4 4 0.007484471492510773
3 2 4 5 0.007484471492510773
2 3 5 4 0.007484471492510773
3 3 5 5 0.007484471492510773
2 4 2 4 0.007484471492510773
3 4 2 5 0.007484471492510773
2 5 3 4 0.007484471492510773
3 5 3 5 0.007484471492510773
2 4 10 4 0.006910402176946942
3 4 10 5 0.006910402176946942
2 5 11 4 0.006910402176946942
3 5 11 5 0.006910402176946942
2 10 4 4 0.006910402176946942
3 10 4 5 0.006910402176946942
2 11 5 4 0.006910402176946942
3 11 5 5 0.006910402176946942
2 2 6 6 0.007484471492510773
3 2 6 7 0.007484471492510773
2 3 7 6 0.007484471492510773
3 3 7 7 0.007484471492510773
2 6 2 6 0.007484471492510773
3 6 2 7 0.007484471492510773
2 7 3 6 0.007484471492510773
3 7 3 7 0.007484471492510773
2 6 10 6 0.006910402176946942
3 6 10 7 0.006910402176946942
2 7 11 6 0.006910402176946942
3 7 11 7 0.006910402176946942
2 10 6 6 0.006910402176946942
3 10 6 7 0.006910402176946942
2 11 7 6 0.006910402176946942
3 11 7 7 0.006910402176946942
2 0 2 8 -0.047649538176995604
3 0 2 9 -0.047649538176995604
2 1 3 8 -0.047649538176995604
3 1 3 9 -0.047649538176995604
2 0 10 8 0.030569197947299166
3 0 10 9 0.030569197947299166
2 1 11 8 0.030569197947299166
3 1 11 9 0.030569197947299166
2 2 0 8 -0.04764953817699562
3 2 0 9 -0.04764953817699562
2 3 1 8 -0.04764953817699562
3 3 1 9 -0.04764953817699562
2 2 8 8 0.04163227347485367
3 2 8 9 0.04163227347485367
2 3 9 8 0.04163227347485367
3 3 9 9 0.04163227347485367
2 8 2 8 0.04163227347485367
3 8 2 9 0.04163227347485367
2 9 3 8 0.04163227347485367
3 9 3 9 0.04163227347485367
2 8 10 8 -0.048058487070430894
3 8 10 9 -0.048058487070430894
2 9 11 8 -0.048058487070430894
3 9 11 9 -0.048058487070430894
2 10 0 8 0.03056919794729917
3 10 0 9 0.03056919794729917
2 11 1 8 0.03056919794729917
3 11 1 9 0.03056919794729917
2 10 8 8 -0.04805848707043089
3 10 8 9 -0.04805848707043089
2 11 9 8 -0.04805848707043089
3 11 9 9 -0.04805848707043089
2 0 0 10 -0.003520939994540912
3 0 0 11 -0.003520939994540912
2 1 1 10 -0.003520939994540912
3 1 1 11 -0.003520939994540912
2 0 8 10 0.0361503782155777
3 0 8 11 0.0361503782155777
2 1 9 10 0.0361503782155777
3 1 9 11 0.0361503782155777
2 2 2 10 -0.011034489223905958
3 2 2 11 -0.011034489223905958
2 3 3 10 -0.011034489223905958
3 3 3 11 -0.011034489223905958
2 2 10 10 0.040894612728818745
3 2 10 11 0.040894612728818745
2 3 11 10 0.040894612728818745
3 3 11 11 0.040894612728818745
2 4 4 10 0.028733240729317065
3 4 4 11 0.028733240729317065
2 5 5 10 0.028733240729317065
3 5 5 11 0.028733240729317065
2 6 6 10 0.028733240729317065
3 6 6 11 0.028733240729317065
2 7 7 10 0.028733240729317065
3 7 7 11 0.028733240729317065
2 8 0 10 0.03615037821557767
3 8 0 11 0.03615037821557767
2 9 1 10 0.03615037821557767
3 9 1 11 0.03615037821557767
2 8 8 10 -0.013814289859725017
3 8 8 11 -0.013814289859725017
2 9 9 10 -0.013814289859725017
3 9 9 11 -0.013814289859725017
2 10 2 10 0.04089461272881875
3 10 2 11 0.04089461272881875
2 11 3 10 0.04089461272881875
3 11 3 11 0.04089461272881875
2 10 10 10 -0.006824776835208452
3 10 10 11 -0.006824776835208452
2 11 11 10 -0.006824776835208452
3 11 11 11 -0.006824776835208452
4 0 4 0 0.024900944085327063
5 0 4 1 0.024900944085327063
4 1 5 0 0.024900944085327063
5 1 5 1 0.024900944085327063
4 4 0 0 0.024900944085327063
5 4 0 1 0.024900944085327063
4 5 1 0 0.024900944085327063
5 5 1 1 0.024900944085327063
4 4 8 0 0.023756937776908398
5 4 8 1 0.023756937776908398
4 5 9 0 0.023756937776908398
5 5 9 1 0.023756937776908398
4 8 4 0 0.023756937776908398
5 8 4 1 0.023756937776908398
4 9 5 0 0.023756937776908398
5 9 5 1 0.023756937776908398
4 2 4 2 0.007484471492510773
5 2 4 3 0.007484471492510773
4 3 5 2 0.007484471492510773
5 3 5 3 0.007484471492510773
4 4 2 2 0.007484471492510773
5 4 2 3 0.007484471492510773
4 5 3 2 0.007484471492510773
5 5 3 3 0.007484471492510773
4 4 10 2 0.006910402176946942
5 4 10 3 0.006910402176946942
4 5 11 2 0.006910402176946942
5 5 11 3 0.006910402176946942
4 10 4 2 0.006910402176946942
5 10 4 3 0.006910402176946942
4 11 5 2 0.006910402176946942
5 11 5 3 0.006910402176946942
4 0 0 4 0.18574722427188273
5 0 0 5 0.18574722427188273
4 1 1 4 0.18574722427188273
5 1 1 5 0.18574722427188273
4 0 8 4 0.024997248446874232
5 0 8 5 0.024997248446874232
4 1 9 4 0.024997248446874232
5 1 9 5 0.024997248446874232
4 2 2 4 0.17969811748438175
5 2 2 5 0.17969811748438175
4 3 3 4 0.17969811748438175
5 3 3 5 0.17969811748438175
4 2 10 4 0.028733240729317065
5 2 10 5 0.028733240729317065
4 3 11 4 0.028733240729317065
5 3 11 5 0.028733240729317065
4 4 4 4 0.224929545
5 4 4 5 0.224929545
4 5 5 4 0.224929545
5 5 5 5 0.224929545
4 6 6 4 0.2006801625
5 6 6 5 0.2006801625
4 7 7 4 0.2006801625
5 7 7 5 0.2006801625
4 8 0 4 0.024997248446874204
5 8 0 5 0.024997248446874204
4 9 1 4 0.024997248446874204
5 9 1 5 0.024997248446874204
4 8 8 4 0.18460118469789288
5 8 8 5 0.18460118469789288
4 9 9 4 0.18460118469789288
5 9 9 5 0.18460118469789288
4 10 2 4 0.02873324072931706
5 10 2 5 0.02873324072931706
4 11 3 4 0.02873324072931706
5 11 3 5 0.02873324072931706
4 10 10 4 0.19645609359751018
5 10 10 5 0.19645609359751018
4 11 11 4 0.19645609359751018
5 11 11 5 0.19645609359751018
4 4 6 6 0.0121246915
5 4 6 7 0.0121246915
4 5 7 6 0.0121246915
5 5 7 7 0.0121246915
4 6 4 6 0.0121246915
5 6 4 7 0.0121246915
4 7 5 6 0.0121246915
5 7 5 7 0.0121246915
4 0 4 8 0.02375693777690841
5 0 4 9 0.02375693777690841
4 1 5 8 0.02375693777690841
5 1 5 9 0.02375693777690841
4 4 0 8 0.02375693777690841
5 4 0 9 0.02375693777690841
4 5 1 8 0.02375693777690841
5 5 1 9 0.02375693777690841
4 4 8 8 0.02550836936963903
5 4 8 9 0.02550836936963903
4 5 9 8 0.02550836936963903
5 5 9 9 0.02550836936963903
4 8 4 8 0.02550836936963903
5 8 4 9 0.02550836936963903
4 9 5 8 0.02550836936963903
5 9 5 9 0.02550836936963903
4 2 4 10 0.006910402176946941
5 2 4 11 0.006910402176946941
4 3 5 10 0.006910402176946941
5 3 5 11 0.006910402176946941
4 4 2 10 0.006910402176946941
5 4 2 11 0.006910402176946941
4 5 3 10 0.006910402176946941
5 5 3 11 0.006910402176946941
4 4 10 10 0.008229049014916468
5 4 10 11 0.008229049014916468
4 5 11 10 0.008229049014916468
5 5 11 11 0.008229049014916468
4 10 4 10 0.008229049014916468
5 10 4 11 0.008229049014916468
4 11 5 10 0.008229049014916468
5 11 5 11 0.008229049014916468
6 0 6 0 0.024900944085327063
7 0 6 1 0.024900944085327063
6 1 7 0 0.024900944085327063
7 1 7 1 0.024900944085327063
6 6 0 0 0.024900944085327063
7 6 0 1 0.024900944085327063
6 7 1 0 0.024900944085327063
7 7 1 1 0.024900944085327063
6 6 8 0 0.023756937776908398
7 6 8 1 0.023756937776908398
6 7 9 0 0.023756937776908398
7 7 9 1 0.023756937776908398
6 8 6 0 0.023756937776908398
7 8 6 1 0.023756937776908398
6 9 7 0 0.023756937776908398
7 9 7 1 0.023756937776908398
6 2 6 2 0.007484471492510773
7 2 6 3 0.007484471492510773
6 3 7 2 0.007484471492510773
7 3 7 3 0.007484471492510773
6 6 2 2 0.007484471492510773
7 6 2 3 0.007484471492510773
6 7 3 2 0.007484471492510773
7 7 3 3 0.007484471492510773
6 6 10 2 0.006910402176946942
7 6 10 3 0.006910402176946942
6 7 11 2 0.006910402176946942
7 7 11 3 0.006910402176946942
6 10 6 2 0.006910402176946942
7 10 6 3 0.006910402176946942
6 11 7 2 0.006910402176946942
7 11 7 3 0.006910402176946942
6 4 6 4 0.0121246915
7 4 6 5 0.0121246915
6 5 7 4 0.0121246915
7 5 7 5 0.0121246915
6 6 4 4 0.0121246915
7 6 4 5 0.0121246915
6 7 5 4 0.0121246915
7 7 5 5 0.0121246915
6 0 0 6 0.18574722427188273
7 0 0 7 0.18574722427188273
6 1 1 6 0.18574722427188273
7 1 1 7 0.18574722427188273
6 0 8 6 0.024997248446874232
7 0 8 7 0.024997248446874232
6 1 9 6 0.024997248446874232
7 1 9 7 0.024997248446874232
6 2 2 6 0.17969811748438175
7 2 2 7 0.17969811748438175
6 3 3 6 0.17969811748438175
7 3 3 7 0.17969811748438175
6 2 10 6 0.028733240729317065
7 2 10 7 0.028733240729317065
6 3 11 6 0.028733240729317065
7 3 11 7 0.028733240729317065
6 4 4 6 0.2006801625
7 4 4 7 0.2006801625
6 5 5 6 0.2006801625
7 5 5 7 0.2006801625
6 6 6 6 0.224929545
7 6 6 7 0.224929545
6 7 7 6 0.224929545
7 7 7 7 0.224929545
6 8 0 6 0.024997248446874204
7 8 0 7 0.024997248446874204
6 9 1 6 0.024997248446874204
7 9 1 7 0.024997248446874204
6 8 8 6 0.18460118469789288
7 8 8 7 0.18460118469789288
6 9 9 6 0.18460118469789288
7 9 9 7 0.18460118469789288
6 10 2 6 0.02873324072931706
7 10 2 7 0.02873324072931706
6 11 3 6 0.02873324072931706
7 11 3 7 0.02873324072931706
6 10 10 6 0.19645609359751018
7 10 10 7 0.19645609359751018
6 11 11 6 0.19645609359751018
7 11 11 7 0.19645609359751018
6 0 6 8 0.02375693777690841
7 0 6 9 0.02375693777690841
6 1 7 8 0.02375693777690841
7 1 7 9 0.02375693777690841
6 6 0 8 0.02375693777690841
7 6 0 9 0.02375693777690841
6 7 1 8 0.02375693777690841
7 7 1 9 0.02375693777690841
6 6 8 8 0.02550836936963903
7 6 8 9 0.02550836936963903
6 7 9 8 0.02550836936963903
7 7 9 9 0.02550836936963903
6 8 6 8 0.02550836936963903
7 8 6 9 0.02550836936963903
6 9 7 8 0.02550836936963903
7 9 7 9 0.02550836936963903
6 2 6 10 0.006910402176946941
7 2 6 11 0.006910402176946941
6 3 7 10 0.006910402176946941
7 3 7 11 0.006910402176946941
6 6 2 10 0.006910402176946941
7 6 2 11 0.006910402176946941
6 7 3 10 0.006910402176946941
7 7 3 11 0.006910402176946941
6 6 10 10 0.008229049014916468
7 6 10 11 0.008229049014916468
6 7 11 10 0.008229049014916468
7 7 11 11 0.008229049014916468
6 10 6 10 0.008229049014916468
7 10 6 11 0.008229049014916468
6 11 7 10 0.008229049014916468
7 11 7 11 0.008229049014916468
8 0 0 0 -0.013119833808521386
9 0 0 1 -0.013119833808521386
8 1 1 0 -0.013119833808521386
9 1 1 1 -0.013119833808521386
8 0 8 0 0.03852403792359377
9 0 8 1 0.03852403792359377
8 1 9 0 0.03852403792359377
9 1 9 1 0.03852403792359377
8 2 2 0 -0.024482926776556196
9 2 2 1 -0.024482926776556196
8 3 3 0 -0.024482926776556196
9 3 3 1 -0.024482926776556196
8 2 10 0 0.0361503782155777
9 2 10 1 0.0361503782155777
8 3 11 0 0.0361503782155777
9 3 11 1 0.0361503782155777
8 4 4 0 0.024997248446874204
9 4 4 1 0.024997248446874204
8 5 5 0 0.024997248446874204
9 5 5 1 0.024997248446874204
8 6 6 0 0.024997248446874204
9 6 6 1 0.024997248446874204
8 7 7 0 0.024997248446874204
9 7 7 1 0.024997248446874204
8 8 0 0 0.03852403792359373
9 8 0 1 0.03852403792359373
8 9 1 0 0.03852403792359373
9 9 1 1 0.03852403792359373
8 8 8 0 -0.01811185786704675
9 8 8 1 -0.01811185786704675
8 9 9 0 -0.01811185786704675
9 9 9 1 -0.01811185786704675
8 10 2 0 0.03615037821557772
9 10 2 1 0.03615037821557772
8 11 3 0 0.03615037821557772
9 11 3 1 0.03615037821557772
8 10 10 0 -0.01974785773412996
9 10 10 1 -0.01974785773412996
8 11 11 0 -0.01974785773412996
9 11 11 1 -0.01974785773412996
8 0 2 2 -0.04764953817699562
9 0 2 3 -0.04764953817699562
8 1 3 2 -0.04764953817699562
9 1 3 3 -0.04764953817699562
8 0 10 2 0.03056919794729917
9 0 10 3 0.03056919794729917
8 1 11 2 0.03056919794729917
9 1 11 3 0.03056919794729917
8 2 0 2 -0.04764953817699562
9 2 0 3 -0.04764953817699562
8 3 1 2 -0.04764953817699562
9 3 1 3 -0.04764953817699562
8 2 8 2 0.04163227347485368
9 2 8 3 0.04163227347485368
8 3 9 2 0.04163227347485368
9 3 9 3 0.04163227347485368
8 8 2 2 0.04163227347485368
9 8 2 3 0.04163227347485368
8 9 3 2 0.04163227347485368
9 9 3 3 0.04163227347485368
8 8 10 2 -0.048058487070430894
9 8 10 3 -0.048058487070430894
8 9 11 2 -0.048058487070430894
9 9 11 3 -0.048058487070430894
8 10 0 2 0.03056919794729917
9 10 0 3 0.03056919794729917
8 11 1 2 0.03056919794729917
9 11 1 3 0.03056919794729917
8 10 8 2 -0.0480584870704309
9 10 8 3 -0.0480584870704309
8 11 9 2 -0.0480584870704309
9 11 9 3 -0.0480584870704309
8 0 4 4 0.02375693777690841
9 0 4 5 0.02375693777690841
8 1 5 4 0.02375693777690841
9 1 5 5 0.02375693777690841
8 4 0 4 0.02375693777690841
9 4 0 5 0.02375693777690841
8 5 1 4 0.02375693777690841
9 5 1 5 0.02375693777690841
8 4 8 4 0.02550836936963903
9 4 8 5 0.02550836936963903
8 5 9 4 0.02550836936963903
9 5 9 5 0.02550836936963903
8 8 4 4 0.02550836936963903
9 8 4 5 0.02550836936963903
8 9 5 4 0.02550836936963903
9 9 5 5 0.02550836936963903
8 0 6 6 0.02375693777690841
9 0 6 7 0.02375693777690841
8 1 7 6 0.02375693777690841
9 1 7 7 0.02375693777690841
8 6 0 6 0.02375693777690841
9 6 0 7 0.02375693777690841
8 7 1 6 0.02375693777690841
9 7 1 7 0.02375693777690841
8 6 8 6 0.02550836936963903
9 6 8 7 0.02550836936963903
8 7 9 6 0.02550836936963903
9 7 9 7 0.02550836936963903
8 8 6 6 0.02550836936963903
9 8 6 7 0.02550836936963903
8 9 7 6 0.02550836936963903
9 9 7 7 0.02550836936963903
8 0 0 8 0.19989451052619442
9 0 0 9 0.19989451052619442
8 1 1 8 0.19989451052619442
9 1 1 9 0.19989451052619442
8 0 8 8 -0.018111857867046822
9 0 8 9 -0.018111857867046822
8 1 9 8 -0.018111857867046822
9 1 9 9 -0.018111857867046822
8 2 2 8 0.20539852116755242
9 2 2 9 0.20539852116755242
8 3 3 8 0.20539852116755242
9 3 3 9 0.20539852116755242
8 2 10 8 -0.01381428985972502
9 2 10 9 -0.01381428985972502
8 3 11 8 -0.01381428985972502
9 3 11 9 -0.01381428985972502
8 4 4 8 0.18460118469789288
9 4 4 9 0.18460118469789288
8 5 5 8 0.18460118469789288
9 5 5 9 0.18460118469789288
8 6 6 8 0.18460118469789288
9 6 6 9 0.18460118469789288
8 7 7 8 0.18460118469789288
9 7 7 9 0.18460118469789288
8 8 0 8 -0.01811185786704672
9 8 0 9 -0.01811185786704672
8 9 1 8 -0.01811185786704672
9 9 1 9 -0.01811185786704672
8 8 8 8 0.2070817625653016
9 8 8 9 0.2070817625653016
8 9 9 8 0.2070817625653016
9 9 9 9 0.2070817625653016
8 10 2 8 -0.013814289859725014
9 10 2 9 -0.013814289859725014
8 11 3 8 -0.013814289859725014
9 11 3 9 -0.013814289859725014
8 10 10 8 0.21971849827836593
9 10 10 9 0.21971849827836593
8 11 11 8 0.21971849827836593
9 11 11 9 0.21971849827836593
8 0 2 10 0.07158482063370473
9 0 2 11 0.07158482063370473
8 1 3 10 0.07158482063370473
9 1 3 11 0.07158482063370473
8 0 10 10 -0.028485213828451404
9 0 10 11 -0.028485213828451404
8 1 11 10 -0.028485213828451404
9 1 11 11 -0.028485213828451404
8 2 0 10 0.07158482063370472
9 2 0 11 0.07158482063370472
8 3 1 10 0.07158482063370472
9 3 1 11 0.07158482063370472
8 2 8 10 -0.04805848707043088
9 2 8 11 -0.04805848707043088
8 3 9 10 -0.04805848707043088
9 3 9 11 -0.04805848707043088
8 8 2 10 -0.048058487070430866
9 8 2 11 -0.048058487070430866
8 9 3 10 -0.048058487070430866
9 9 3 11 -0.048058487070430866
8 8 10 10 0.07066306719075335
9 8 10 11 0.07066306719075335
8 9 11 10 0.07066306719075335
9 9 11 11 0.07066306719075335
8 10 0 10 -0.028485213828451372
9 10 0 11 -0.028485213828451372
8 11 1 10 -0.028485213828451372
9 11 1 11 -0.028485213828451372
8 10 8 10 0.07066306719075324
9 10 8 11 0.07066306719075324
8 11 9 10 0.07066306719075324
9 11 9 11 0.07066306719075324
10 0 2 0 -0.022562881972514034
11 0 2 1 -0.022562881972514034
10 1 3 0 -0.022562881972514034
11 1 3 1 -0.022562881972514034
10 0 10 0 0.02827349861206008
11 0 10 1 0.02827349861206008
10 1 11 0 0.02827349861206008
11 1 11 1 0.02827349861206008
10 2 0 0 -0.022562881972514062
11 2 0 1 -0.022562881972514062
10 3 1 0 -0.022562881972514062
11 3 1 1 -0.022562881972514062
10 2 8 0 0.030569197947299176
11 2 8 1 0.030569197947299176
10 3 9 0 0.030569197947299176
11 3 9 1 0.030569197947299176
10 8 2 0 0.030569197947299197
11 8 2 1 0.030569197947299197
10 9 3 0 0.030569197947299197
11 9 3 1 0.030569197947299197
10 8 10 0 -0.02848521382845142
11 8 10 1 -0.02848521382845142
10 9 11 0 -0.02848521382845142
11 9 11 1 -0.02848521382845142
10 10 0 0 0.028273498612060077
11 10 0 1 0.028273498612060077
10 11 1 0 0.028273498612060077
11 11 1 1 0.028273498612060077
10 10 8 0 -0.02848521382845136
11 10 8 1 -0.02848521382845136
10 11 9 0 -0.02848521382845136
11 11 9 1 -0.02848521382845136
10 0 0 2 -0.0035209399945409503
11 0 0 3 -0.0035209399945409503
10 1 1 2 -0.0035209399945409503
11 1 1 3 -0.0035209399945409503
10 0 8 2 0.0361503782155777
11 0 8 3 0.0361503782155777
10 1 9 2 0.0361503782155777
11 1 9 3 0.0361503782155777
10 2 2 2 -0.011034489223905986
11 2 2 3 -0.011034489223905986
10 3 3 2 -0.011034489223905986
11 3 3 3 -0.011034489223905986
10 2 10 2 0.04089461272881874
11 2 10 3 0.04089461272881874
10 3 11 2 0.04089461272881874
11 3 11 3 0.04089461272881874
10 4 4 2 0.02873324072931706
11 4 4 3 0.02873324072931706
10 5 5 2 0.02873324072931706
11 5 5 3 0.02873324072931706
10 6 6 2 0.02873324072931706
11 6 6 3 0.02873324072931706
10 7 7 2 0.02873324072931706
11 7 7 3 0.02873324072931706
10 8 0 2 0.03615037821557768
11 8 0 3 0.03615037821557768
10 9 1 2 0.03615037821557768
11 9 1 3 0.03615037821557768
10 8 8 2 -0.013814289859725049
11 8 8 3 -0.013814289859725049
10 9 9 2 -0.013814289859725049
11 9 9 3 -0.013814289859725049
10 10 2 2 0.04089461272881875
11 10 2 3 0.04089461272881875
10 11 3 2 0.04089461272881875
11 11 3 3 0.04089461272881875
10 10 10 2 -0.006824776835208379
11 10 10 3 -0.006824776835208379
10 11 11 2 -0.006824776835208379
11 11 11 3 -0.006824776835208379
10 2 4 4 0.006910402176946941
11 2 4 5 0.006910402176946941
10 3 5 4 0.006910402176946941
11 3 5 5 0.006910402176946941
10 4 2 4 0.006910402176946941
11 4 2 5 0.006910402176946941
10 5 3 4 0.006910402176946941
11 5 3 5 0.006910402176946941
10 4 10 4 0.008229049014916468
11 4 10 5 0.008229049014916468
10 5 11 4 0.008229049014916468
11 5 11 5 0.008229049014916468
10 10 4 4 0.008229049014916468
11 10 4 5 0.008229049014916468
10 11 5 4 0.008229049014916468
11 11 5 5 0.008229049014916468
10 2 6 6 0.006910402176946941
11 2 6 7 0.006910402176946941
10 3 7 6 0.006910402176946941
11 3 7 7 0.006910402176946941
10 6 2 6 0.006910402176946941
11 6 2 7 0.006910402176946941
10 7 3 6 0.006910402176946941
11 7 3 7 0.006910402176946941
10 6 10 6 0.008229049014916468
11 6 10 7 0.008229049014916468
10 7 11 6 0.008229049014916468
11 7 11 7 0.008229049014916468
10 10 6 6 0.008229049014916468
11 10 6 7 0.008229049014916468
10 11 7 6 0.008229049014916468
11 11 7 7 0.008229049014916468
10 0 2 8 0.07158482063370475
11 0 2 9 0.07158482063370475
10 1 3 8 0.07158482063370475
11 1 3 9 0.07158482063370475
10 0 10 8 -0.028485213828451407
11 0 10 9 -0.028485213828451407
10 1 11 8 -0.028485213828451407
11 1 11 9 -0.028485213828451407
10 2 0 8 0.07158482063370472
11 2 0 9 0.07158482063370472
10 3 1 8 0.07158482063370472
11 3 1 9 0.07158482063370472
10 2 8 8 -0.04805848707043087
11 2 8 9 -0.04805848707043087
10 3 9 8 -0.04805848707043087
11 3 9 9 -0.04805848707043087
10 8 2 8 -0.04805848707043085
11 8 2 9 -0.04805848707043085
10 9 3 8 -0.04805848707043085
11 9 3 9 -0.04805848707043085
10 8 10 8 0.07066306719075337
11 8 10 9 0.07066306719075337
10 9 11 8 0.07066306719075337
11 9 11 9 0.07066306719075337
10 10 0 8 -0.02848521382845138
11 10 0 9 -0.02848521382845138
10 11 1 8 -0.02848521382845138
11 11 1 9 -0.02848521382845138
10 10 8 8 0.07066306719075326
11 10 8 9 0.07066306719075326
10 11 9 8 0.07066306719075326
11 11 9 9 0.07066306719075326
10 0 0 10 0.21608120546393791
11 0 0 11 0.21608120546393791
10 1 1 10 0.21608120546393791
11 1 1 11 0.21608120546393791
10 0 8 10 -0.019747857734130098
11 0 8 11 -0.019747857734130098
10 1 9 10 -0.019747857734130098
11 1 9 11 -0.019747857734130098
10 2 2 10 0.22559664952044503
11 2 2 11 0.22559664952044503
10 3 3 10 0.22559664952044503
11 3 3 11 0.22559664952044503
10 2 10 10 -0.006824776835208511
11 2 10 11 -0.006824776835208511
10 3 11 10 -0.006824776835208511
11 3 11 11 -0.006824776835208511
10 4 4 10 0.19645609359751018
11 4 4 11 0.19645609359751018
10 5 5 10 0.19645609359751018
11 5 5 11 0.19645609359751018
10 6 6 10 0.19645609359751018
11 6 6 11 0.19645609359751018
10 7 7 10 0.19645609359751018
11 7 7 11 0.19645609359751018
10 8 0 10 -0.01974785773412996
11 8 0 11 -0.01974785773412996
10 9 1 10 -0.01974785773412996
11 9 1 11 -0.01974785773412996
10 8 8 10 0.21971849827836576
11 8 8 11 0.21971849827836576
10 9 9 10 0.21971849827836576
11 9 9 11 0.21971849827836576
10 10 2 10 -0.00682477683520839
11 10 2 11 -0.00682477683520839
10 11 3 10 -0.00682477683520839
11 11 3 11 -0.00682477683520839
10 10 10 10 0.24689404717062924
11 10 10 11 0.24689404717062924
10 11 11 10 0.24689404717062924
11 11 11 11 0.24689404717062924
