-12.645893331794221
0 0 -1.009818360188369
1 1 -1.009818360188369
0 4 0.027514509850915303
1 5 0.027514509850915303
2 2 -0.9348005035621317
3 3 -0.9348005035621317
2 10 0.02266542051077408
3 11 0.02266542051077408
4 0 0.02751450985091508
5 1 0.02751450985091508
4 4 -0.9035117016093045
5 5 -0.9035117016093045
6 6 -0.8516469724306224
7 7 -0.8516469724306224
8 8 -0.8516469724306224
9 9 -0.8516469724306224
10 2 0.022665420510774137
11 3 0.022665420510774137
10 10 -0.8487842312208485
11 11 -0.8487842312208485
0 0 0 0 0.1605166873625074
1 0 0 1 0.1605166873625074
0 1 1 0 0.1605166873625074
1 1 1 1 0.1605166873625074
0 0 4 0 -0.025334023428437998
1 0 4 1 -0.025334023428437998
0 1 5 0 -0.025334023428437998
1 1 5 1 -0.025334023428437998
0 2 2 0 0.12617135779485034
1 2 2 1 0.12617135779485034
0 3 3 0 0.12617135779485034
1 3 3 1 0.12617135779485034
0 2 10 0 -0.02276279348571795
1 2 10 1 -0.02276279348571795
0 3 11 0 -0.02276279348571795
1 3 11 1 -0.02276279348571795
0 4 0 0 -0.025334023428437977
1 4 0 1 -0.025334023428437977
0 5 1 0 -0.025334023428437977
1 5 1 1 -0.025334023428437977
0 4 4 0 0.13104416778134206
1 4 4 1 0.13104416778134206
0 5 5 0 0.13104416778134206
1 5 5 1 0.13104416778134206
0 6 6 0 0.17591544634986706
1 6 6 1 0.17591544634986706
0 7 7 0 0.17591544634986706
1 7 7 1 0.17591544634986706
0 8 8 0 0.17591544634986706
1 8 8 1 0.17591544634986706
0 9 9 0 0.17591544634986706
1 9 9 1 0.17591544634986706
0 10 2 0 -0.022762793485717962
1 10 2 1 -0.022762793485717962
0 11 3 0 -0.022762793485717962
1 11 3 1 -0.022762793485717962
0 10 10 0 0.1697942692486562
1 10 10 1 0.1697942692486562
0 11 11 0 0.1697942692486562
1 11 11 1 0.1697942692486562
0 0 2 2 0.04385184229470833
1 0 2 3 0.04385184229470833
0 1 3 2 0.04385184229470833
1 1 3 3 0.04385184229470833
0 0 10 2 -0.0031828427623041408
1 0 10 3 -0.0031828427623041408
0 1 11 2 -0.0031828427623041408
1 1 11 3 -0.0031828427623041408
0 2 0 2 0.04385184229470833
1 2 0 3 0.04385184229470833
0 3 1 2 0.04385184229470833
1 3 1 3 0.04385184229470833
0 2 4 2 0.05975302540343299
1 2 4 3 0.05975302540343299
0 3 5 2 0.05975302540343299
1 3 5 3 0.05975302540343299
0 4 2 2 0.05975302540343298
1 4 2 3 0.05975302540343298
0 5 3 2 0.05975302540343298
1 5 3 3 0.05975302540343298
0 4 10 2 0.040547943661390626
1 4 10 3 0.040547943661390626
0 5 11 2 0.040547943661390626
1 5 11 3 0.040547943661390626
0 10 0 2 -0.0031828427623041403
1 10 0 3 -0.0031828427623041403
0 11 1 2 -0.0031828427623041403
1 11 1 3 -0.0031828427623041403
0 10 4 2 0.04054794366139063
1 10 4 3 0.04054794366139063
0 11 5 2 0.04054794366139063
1 11 5 3 0.04054794366139063
0 0 0 4 -0.025334023428438
1 0 0 5 -0.025334023428438
0 1 1 4 -0.025334023428438
1 1 1 5 -0.025334023428438
0 0 4 4 0.04335335918302118
1 0 4 5 0.04335335918302118
0 1 5 4 0.04335335918302118
1 1 5 5 0.04335335918302118
0 2 2 4 0.03566500303171236
1 2 2 5 0.03566500303171236
0 3 3 4 0.03566500303171236
1 3 3 5 0.03566500303171236
0 2 10 4 0.03873176609501225
1 2 10 5 0.03873176609501225
0 3 11 4 0.03873176609501225
1 3 11 5 0.03873176609501225
0 4 0 4 0.04335335918302117
1 4 0 5 0.04335335918302117
0 5 1 4 0.04335335918302117
1 5 1 5 0.04335335918302117
0 4 4 4 0.029620312873981744
1 4 4 5 0.029620312873981744
0 5 5 4 0.029620312873981744
1 5 5 5 0.029620312873981744
0 6 6 4 -0.051630510615902514
1 6 6 5 -0.051630510615902514
0 7 7 4 -0.051630510615902514
1 7 7 5 -0.051630510615902514
0 8 8 4 -0.051630510615902514
1 8 8 5 -0.051630510615902514
0 9 9 4 -0.051630510615902514
1 9 9 5 -0.051630510615902514
0 10 2 4 0.03873176609501226
1 10 2 5 0.03873176609501226
0 11 3 4 0.03873176609501226
1 11 3 5 0.03873176609501226
0 10 10 4 -0.02988273175599361
1 10 10 5 -0.02988273175599361
0 11 11 4 -0.02988273175599361
1 11 11 5 -0.02988273175599361
0 0 6 6 0.032598270771766635
1 0 6 7 0.032598270771766635
0 1 7 6 0.032598270771766635
1 1 7 7 0.032598270771766635
0 4 6 6 -0.018936631110836367
1 4 6 7 -0.018936631110836367
0 5 7 6 -0.018936631110836367
1 5 7 7 -0.018936631110836367
0 6 0 6 0.032598270771766635
1 6 0 7 0.032598270771766635
0 7 1 6 0.032598270771766635
1 7 1 7 0.032598270771766635
0 6 4 6 -0.018936631110836367
1 6 4 7 -0.018936631110836367
0 7 5 6 -0.018936631110836367
1 7 5 7 -0.018936631110836367
0 0 8 8 0.032598270771766635
1 0 8 9 0.032598270771766635
0 1 9 8 0.032598270771766635
1 1 9 9 0.032598270771766635
0 4 8 8 -0.018936631110836367
1 4 8 9 -0.018936631110836367
0 5 9 8 -0.018936631110836367
1 5 9 9 -0.018936631110836367
0 8 0 8 0.032598270771766635
1 8 0 9 0.032598270771766635
0 9 1 8 0.032598270771766635
1 9 1 9 0.032598270771766635
0 8 4 8 -0.018936631110836367
1 8 4 9 -0.018936631110836367
0 9 5 8 -0.018936631110836367
1 9 5 9 -0.018936631110836367
0 0 2 10 -0.003182842762304133
1 0 2 11 -0.003182842762304133
0 1 3 10 -0.003182842762304133
1 1 3 11 -0.003182842762304133
0 0 10 10 0.029610848195122337
1 0 10 11 0.029610848195122337
0 1 11 10 0.029610848195122337
1 1 11 11 0.029610848195122337
0 2 0 10 -0.0031828427623041347
1 2 0 11 -0.0031828427623041347
0 3 1 10 -0.0031828427623041347
1 3 1 11 -0.0031828427623041347
0 2 4 10 0.02171392084069193
1 2 4 11 0.02171392084069193
0 3 5 10 0.02171392084069193
1 3 5 11 0.02171392084069193
0 4 2 10 0.02171392084069193
1 4 2 11 0.02171392084069193
0 5 3 10 0.02171392084069193
1 5 3 11 0.02171392084069193
0 4 10 10 -0.005332457712969713
1 4 10 11 -0.005332457712969713
0 5 11 10 -0.005332457712969713
1 5 11 11 -0.005332457712969713
0 10 0 10 0.029610848195122337
1 10 0 11 0.029610848195122337
0 11 1 10 0.029610848195122337
1 11 1 11 0.029610848195122337
0 10 4 10 -0.005332457712969707
1 10 4 11 -0.005332457712969707
0 11 5 10 -0.005332457712969707
1 11 5 11 -0.005332457712969707
2 0 2 0 0.04385184229470833
3 0 2 1 0.04385184229470833
2 1 3 0 0.04385184229470833
3 1 3 1 0.04385184229470833
2 0 10 0 -0.00318284276230414
3 0 10 1 -0.00318284276230414
2 1 11 0 -0.00318284276230414
3 1 11 1 -0.00318284276230414
2 2 0 0 0.04385184229470832
3 2 0 1 0.04385184229470832
2 3 1 0 0.04385184229470832
3 3 1 1 0.04385184229470832
2 2 4 0 0.05975302540343298
3 2 4 1 0.05975302540343298
2 3 5 0 0.05975302540343298
3 3 5 1 0.05975302540343298
2 4 2 0 0.05975302540343298
3 4 2 1 0.05975302540343298
2 5 3 0 0.05975302540343298
3 5 3 1 0.05975302540343298
2 4 10 0 0.040547943661390626
3 4 10 1 0.040547943661390626
2 5 11 0 0.040547943661390626
3 5 11 1 0.040547943661390626
2 10 0 0 -0.0031828427623041395
3 10 0 1 -0.0031828427623041395
2 11 1 0 -0.0031828427623041395
3 11 1 1 -0.0031828427623041395
2 10 4 0 0.04054794366139063
3 10 4 1 0.04054794366139063
2 11 5 0 0.04054794366139063
3 11 5 1 0.04054794366139063
2 0 0 2 0.12617135779485034
3 0 0 3 0.12617135779485034
2 1 1 2 0.12617135779485034
3 1 1 3 0.12617135779485034
2 0 4 2 0.03566500303171236
3 0 4 3 0.03566500303171236
2 1 5 2 0.03566500303171236
3 1 5 3 0.03566500303171236
2 2 2 2 0.1779624371024583
3 2 2 3 0.1779624371024583
2 3 3 2 0.1779624371024583
3 3 3 3 0.1779624371024583
2 2 10 2 0.03101000623289831
3 2 10 3 0.03101000623289831
2 3 11 2 0.03101000623289831
3 3 11 3 0.03101000623289831
2 4 0 2 0.035665003031712356
3 4 0 3 0.035665003031712356
2 5 1 2 0.035665003031712356
3 5 1 3 0.035665003031712356
2 4 4 2 0.17406226146529175
3 4 4 3 0.17406226146529175
2 5 5 2 0.17406226146529175
3 5 5 3 0.17406226146529175
2 6 6 2 0.10385702159979088
3 6 6 3 0.10385702159979088
2 7 7 2 0.10385702159979088
3 7 7 3 0.10385702159979088
2 8 8 2 0.10385702159979088
3 8 8 3 0.10385702159979088
2 9 9 2 0.10385702159979088
3 9 9 3 0.10385702159979088
2 10 2 2 0.03101000623289832
3 10 2 3 0.03101000623289832
2 11 3 2 0.03101000623289832
3 11 3 3 0.03101000623289832
2 10 10 2 0.13095367208978181
3 10 10 3 0.13095367208978181
2 11 11 2 0.13095367208978181
3 11 11 3 0.13095367208978181
2 0 2 4 0.05975302540343299
3 0 2 5 0.05975302540343299
2 1 3 4 0.05975302540343299
3 1 3 5 0.05975302540343299
2 0 10 4 0.021713920840691923
3 0 10 5 0.021713920840691923
2 1 11 4 0.021713920840691923
3 1 11 5 0.021713920840691923
2 2 0 4 0.05975302540343298
3 2 0 5 0.05975302540343298
2 3 1 4 0.05975302540343298
3 3 1 5 0.05975302540343298
2 2 4 4 0.10471837407257122
3 2 4 5 0.10471837407257122
2 3 5 4 0.10471837407257122
3 3 5 5 0.10471837407257122
2 4 2 4 0.10471837407257122
3 4 2 5 0.10471837407257122
2 5 3 4 0.10471837407257122
3 5 3 5 0.10471837407257122
2 4 10 4 0.05354963276124561
3 4 10 5 0.05354963276124561
2 5 11 4 0.05354963276124561
3 5 11 5 0.05354963276124561
2 10 0 4 0.021713920840691923
3 10 0 5 0.021713920840691923
2 11 1 4 0.021713920840691923
3 11 1 5 0.021713920840691923
2 10 4 4 0.05354963276124561
3 10 4 5 0.05354963276124561
2 11 5 4 0.05354963276124561
3 11 5 5 0.05354963276124561
2 2 6 6 0.001929241011135141
3 2 6 7 0.001929241011135141
2 3 7 6 0.001929241011135141
3 3 7 7 0.001929241011135141
2 6 2 6 0.001929241011135141
3 6 2 7 0.001929241011135141
2 7 3 6 0.001929241011135141
3 7 3 7 0.001929241011135141
2 6 10 6 -0.0044407300734208505
3 6 10 7 -0.0044407300734208505
2 7 11 6 -0.0044407300734208505
3 7 11 7 -0.0044407300734208505
2 10 6 6 -0.0044407300734208505
3 10 6 7 -0.0044407300734208505
2 11 7 6 -0.0044407300734208505
3 11 7 7 -0.0044407300734208505
2 2 8 8 0.001929241011135141
3 2 8 9 0.001929241011135141
2 3 9 8 0.001929241011135141
3 3 9 9 0.001929241011135141
2 8 2 8 0.001929241011135141
3 8 2 9 0.001929241011135141
2 9 3 8 0.001929241011135141
3 9 3 9 0.001929241011135141
2 8 10 8 -0.0044407300734208505
3 8 10 9 -0.0044407300734208505
2 9 11 8 -0.0044407300734208505
3 9 11 9 -0.0044407300734208505
2 10 8 8 -0.0044407300734208505
3 10 8 9 -0.0044407300734208505
2 11 9 8 -0.0044407300734208505
3 11 9 9 -0.0044407300734208505
2 0 0 10 -0.022762793485718007
3 0 0 11 -0.022762793485718007
2 1 1 10 -0.022762793485718007
3 1 1 11 -0.022762793485718007
2 0 4 10 0.03873176609501227
3 0 4 11 0.03873176609501227
2 1 5 10 0.03873176609501227
3 1 5 11 0.03873176609501227
2 2 2 10 0.031010006232898325
3 2 2 11 0.031010006232898325
2 3 3 10 0.031010006232898325
3 3 3 11 0.031010006232898325
2 2 10 10 0.037751901517799155
3 2 10 11 0.037751901517799155
2 3 11 10 0.037751901517799155
3 3 11 11 0.037751901517799155
2 4 0 10 0.03873176609501228
3 4 0 11 0.03873176609501228
2 5 1 10 0.03873176609501228
3 5 1 11 0.03873176609501228
2 4 4 10 0.027484311722727153
3 4 4 11 0.027484311722727153
2 5 5 10 0.027484311722727153
3 5 5 11 0.027484311722727153
2 6 6 10 -0.043071333609909036
3 6 6 11 -0.043071333609909036
2 7 7 10 -0.043071333609909036
3 7 7 11 -0.043071333609909036
2 8 8 10 -0.043071333609909036
3 8 8 11 -0.043071333609909036
2 9 9 10 -0.043071333609909036
3 9 9 11 -0.043071333609909036
2 10 2 10 0.037751901517799155
3 10 2 11 0.037751901517799155
2 11 3 10 0.037751901517799155
3 11 3 11 0.037751901517799155
2 10 10 10 -0.03190304709369225
3 10 10 11 -0.03190304709369225
2 11 11 10 -0.03190304709369225
3 11 11 11 -0.03190304709369225
4 0 0 0 -0.025334023428438015
5 0 0 1 -0.025334023428438015
4 1 1 0 -0.025334023428438015
5 1 1 1 -0.025334023428438015
4 0 4 0 0.04335335918302118
5 0 4 1 0.04335335918302118
4 1 5 0 0.04335335918302118
5 1 5 1 0.04335335918302118
4 2 2 0 0.03566500303171237
5 2 2 1 0.03566500303171237
4 3 3 0 0.03566500303171237
5 3 3 1 0.03566500303171237
4 2 10 0 0.03873176609501225
5 2 10 1 0.03873176609501225
4 3 11 0 0.03873176609501225
5 3 11 1 0.03873176609501225
4 4 0 0 0.04335335918302117
5 4 0 1 0.04335335918302117
4 5 1 0 0.04335335918302117
5 5 1 1 0.04335335918302117
4 4 4 0 0.029620312873981758
5 4 4 1 0.029620312873981758
4 5 5 0 0.029620312873981758
5 5 5 1 0.029620312873981758
4 6 6 0 -0.051630510615902514
5 6 6 1 -0.051630510615902514
4 7 7 0 -0.051630510615902514
5 7 7 1 -0.051630510615902514
4 8 8 0 -0.051630510615902514
5 8 8 1 -0.051630510615902514
4 9 9 0 -0.051630510615902514
5 9 9 1 -0.051630510615902514
4 10 2 0 0.03873176609501226
5 10 2 1 0.03873176609501226
4 11 3 0 0.03873176609501226
5 11 3 1 0.03873176609501226
4 10 10 0 -0.029882731755993572
5 10 10 1 -0.029882731755993572
4 11 11 0 -0.029882731755993572
5 11 11 1 -0.029882731755993572
4 0 2 2 0.059753025403433
5 0 2 3 0.059753025403433
4 1 3 2 0.059753025403433
5 1 3 3 0.059753025403433
4 0 10 2 0.021713920840691923
5 0 10 3 0.021713920840691923
4 1 11 2 0.021713920840691923
5 1 11 3 0.021713920840691923
4 2 0 2 0.059753025403433
5 2 0 3 0.059753025403433
4 3 1 2 0.059753025403433
5 3 1 3 0.059753025403433
4 2 4 2 0.10471837407257123
5 2 4 3 0.10471837407257123
4 3 5 2 0.10471837407257123
5 3 5 3 0.10471837407257123
4 4 2 2 0.10471837407257123
5 4 2 3 0.10471837407257123
4 5 3 2 0.10471837407257123
5 5 3 3 0.10471837407257123
4 4 10 2 0.053549632761245594
5 4 10 3 0.053549632761245594
4 5 11 2 0.053549632761245594
5 5 11 3 0.053549632761245594
4 10 0 2 0.021713920840691927
5 10 0 3 0.021713920840691927
4 11 1 2 0.021713920840691927
5 11 1 3 0.021713920840691927
4 10 4 2 0.05354963276124561
5 10 4 3 0.05354963276124561
4 11 5 2 0.05354963276124561
5 11 5 3 0.05354963276124561
4 0 0 4 0.13104416778134206
5 0 0 5 0.13104416778134206
4 1 1 4 0.13104416778134206
5 1 1 5 0.13104416778134206
4 0 4 4 0.029620312873981744
5 0 4 5 0.029620312873981744
4 1 5 4 0.029620312873981744
5 1 5 5 0.029620312873981744
4 2 2 4 0.17406226146529175
5 2 2 5 0.17406226146529175
4 3 3 4 0.17406226146529175
5 3 3 5 0.17406226146529175
4 2 10 4 0.027484311722727164
5 2 10 5 0.027484311722727164
4 3 11 4 0.027484311722727164
5 3 11 5 0.027484311722727164
4 4 0 4 0.02962031287398175
5 4 0 5 0.02962031287398175
4 5 1 4 0.02962031287398175
5 5 1 5 0.02962031287398175
4 4 4 4 0.17230646693081547
5 4 4 5 0.17230646693081547
4 5 5 4 0.17230646693081547
5 5 5 5 0.17230646693081547
4 6 6 4 0.11429965970510073
5 6 6 5 0.11429965970510073
4 7 7 4 0.11429965970510073
5 7 7 5 0.11429965970510073
4 8 8 4 0.11429965970510073
5 8 8 5 0.11429965970510073
4 9 9 4 0.11429965970510073
5 9 9 5 0.11429965970510073
4 10 2 4 0.027484311722727167
5 10 2 5 0.027484311722727167
4 11 3 4 0.027484311722727167
5 11 3 5 0.027484311722727167
4 10 10 4 0.13428176210108014
5 10 10 5 0.13428176210108014
4 11 11 4 0.13428176210108014
5 11 11 5 0.13428176210108014
4 0 6 6 -0.01893663111083637
5 0 6 7 -0.01893663111083637
4 1 7 6 -0.01893663111083637
5 1 7 7 -0.01893663111083637
4 4 6 6 0.011033040881725043
5 4 6 7 0.011033040881725043
4 5 7 6 0.011033040881725043
5 5 7 7 0.011033040881725043
4 6 0 6 -0.01893663111083637
5 6 0 7 -0.01893663111083637
4 7 1 6 -0.01893663111083637
5 7 1 7 -0.01893663111083637
4 6 4 6 0.011033040881725043
5 6 4 7 0.011033040881725043
4 7 5 6 0.011033040881725043
5 7 5 7 0.011033040881725043
4 0 8 8 -0.01893663111083637
5 0 8 9 -0.01893663111083637
4 1 9 8 -0.01893663111083637
5 1 9 9 -0.01893663111083637
4 4 8 8 0.011033040881725043
5 4 8 9 0.011033040881725043
4 5 9 8 0.011033040881725043
5 5 9 9 0.011033040881725043
4 8 0 8 -0.01893663111083637
5 8 0 9 -0.01893663111083637
4 9 1 8 -0.01893663111083637
5 9 1 9 -0.01893663111083637
4 8 4 8 0.011033040881725043
5 8 4 9 0.011033040881725043
4 9 5 8 0.011033040881725043
5 9 5 9 0.011033040881725043
4 0 2 10 0.04054794366139063
5 0 2 11 0.04054794366139063
4 1 3 10 0.04054794366139063
5 1 3 11 0.04054794366139063
4 0 10 10 -0.005332457712969712
5 0 10 11 -0.005332457712969712
4 1 11 10 -0.005332457712969712
5 1 11 11 -0.005332457712969712
4 2 0 10 0.040547943661390626
5 2 0 11 0.040547943661390626
4 3 1 10 0.040547943661390626
5 3 1 11 0.040547943661390626
4 2 4 10 0.05354963276124561
5 2 4 11 0.05354963276124561
4 3 5 10 0.05354963276124561
5 3 5 11 0.05354963276124561
4 4 2 10 0.05354963276124561
5 4 2 11 0.05354963276124561
4 5 3 10 0.05354963276124561
5 5 3 11 0.05354963276124561
4 4 10 10 0.03856688703746812
5 4 10 11 0.03856688703746812
4 5 11 10 0.03856688703746812
5 5 11 11 0.03856688703746812
4 10 0 10 -0.005332457712969712
5 10 0 11 -0.005332457712969712
4 11 1 10 -0.005332457712969712
5 11 1 11 -0.005332457712969712
4 10 4 10 0.03856688703746812
5 10 4 11 0.03856688703746812
4 11 5 10 0.03856688703746812
5 11 5 11 0.03856688703746812
6 0 6 0 0.032598270771766635
7 0 6 1 0.032598270771766635
6 1 7 0 0.032598270771766635
7 1 7 1 0.032598270771766635
6 4 6 0 -0.018936631110836367
7 4 6 1 -0.018936631110836367
6 5 7 0 -0.018936631110836367
7 5 7 1 -0.018936631110836367
6 6 0 0 0.032598270771766635
7 6 0 1 0.032598270771766635
6 7 1 0 0.032598270771766635
7 7 1 1 0.032598270771766635
6 6 4 0 -0.018936631110836367
7 6 4 1 -0.018936631110836367
6 7 5 0 -0.018936631110836367
7 7 5 1 -0.018936631110836367
6 2 6 2 0.001929241011135141
7 2 6 3 0.001929241011135141
6 3 7 2 0.001929241011135141
7 3 7 3 0.001929241011135141
6 6 2 2 0.001929241011135141
7 6 2 3 0.001929241011135141
6 7 3 2 0.001929241011135141
7 7 3 3 0.001929241011135141
6 6 10 2 -0.0044407300734208505
7 6 10 3 -0.0044407300734208505
6 7 11 2 -0.0044407300734208505
7 7 11 3 -0.0044407300734208505
6 10 6 2 -0.0044407300734208505
7 10 6 3 -0.0044407300734208505
6 11 7 2 -0.0044407300734208505
7 11 7 3 -0.0044407300734208505
6 0 6 4 -0.01893663111083637
7 0 6 5 -0.01893663111083637
6 1 7 4 -0.01893663111083637
7 1 7 5 -0.01893663111083637
6 4 6 4 0.011033040881725043
7 4 6 5 0.011033040881725043
6 5 7 4 0.011033040881725043
7 5 7 5 0.011033040881725043
6 6 0 4 -0.01893663111083637
7 6 0 5 -0.01893663111083637
6 7 1 4 -0.01893663111083637
7 7 1 5 -0.01893663111083637
6 6 4 4 0.011033040881725043
7 6 4 5 0.011033040881725043
6 7 5 4 0.011033040881725043
7 7 5 5 0.011033040881725043
6 0 0 6 0.17591544634986706
7 0 0 7 0.17591544634986706
6 1 1 6 0.17591544634986706
7 1 1 7 0.17591544634986706
6 0 4 6 -0.051630510615902514
7 0 4 7 -0.051630510615902514
6 1 5 6 -0.051630510615902514
7 1 5 7 -0.051630510615902514
6 2 2 6 0.10385702159979088
7 2 2 7 0.10385702159979088
6 3 3 6 0.10385702159979088
7 3 3 7 0.10385702159979088
6 2 10 6 -0.043071333609909036
7 2 10 7 -0.043071333609909036
6 3 11 6 -0.043071333609909036
7 3 11 7 -0.043071333609909036
6 4 0 6 -0.051630510615902514
7 4 0 7 -0.051630510615902514
6 5 1 6 -0.051630510615902514
7 5 1 7 -0.051630510615902514
6 4 4 6 0.11429965970510073
7 4 4 7 0.11429965970510073
6 5 5 6 0.11429965970510073
7 5 5 7 0.11429965970510073
6 6 6 6 0.224929545
7 6 6 7 0.224929545
6 7 7 6 0.224929545
7 7 7 7 0.224929545
6 8 8 6 0.2006801625
7 8 8 7 0.2006801625
6 9 9 6 0.2006801625
7 9 9 7 0.2006801625
6 10 2 6 -0.043071333609909036
7 10 2 7 -0.043071333609909036
6 11 3 6 -0.043071333609909036
7 11 3 7 -0.043071333609909036
6 10 10 6 0.18284159410537912
7 10 10 7 0.18284159410537912
6 11 11 6 0.18284159410537912
7 11 11 7 0.18284159410537912
6 6 8 8 0.0121246915
7 6 8 9 0.0121246915
6 7 9 8 0.0121246915
7 7 9 9 0.0121246915
6 8 6 8 0.0121246915
7 8 6 9 0.0121246915
6 9 7 8 0.0121246915
7 9 7 9 0.0121246915
6 2 6 10 -0.004440730073420851
7 2 6 11 -0.004440730073420851
6 3 7 10 -0.004440730073420851
7 3 7 11 -0.004440730073420851
6 6 2 10 -0.004440730073420851
7 6 2 11 -0.004440730073420851
6 7 3 10 -0.004440730073420851
7 7 3 11 -0.004440730073420851
6 6 10 10 0.010352641986833624
7 6 10 11 0.010352641986833624
6 7 11 10 0.010352641986833624
7 7 11 11 0.010352641986833624
6 10 6 10 0.010352641986833624
7 10 6 11 0.010352641986833624
6 11 7 10 0.010352641986833624
7 11 7 11 0.010352641986833624
8 0 8 0 0.032598270771766635
9 0 8 1 0.032598270771766635
8 1 9 0 0.032598270771766635
9 1 9 1 0.032598270771766635
8 4 8 0 -0.018936631110836367
9 4 8 1 -0.018936631110836367
8 5 9 0 -0.018936631110836367
9 5 9 1 -0.018936631110836367
8 8 0 0 0.032598270771766635
9 8 0 1 0.032598270771766635
8 9 1 0 0.032598270771766635
9 9 1 1 0.032598270771766635
8 8 4 0 -0.018936631110836367
9 8 4 1 -0.018936631110836367
8 9 5 0 -0.018936631110836367
9 9 5 1 -0.018936631110836367
8 2 8 2 0.001929241011135141
9 2 8 3 0.001929241011135141
8 3 9 2 0.001929241011135141
9 3 9 3 0.001929241011135141
8 8 2 2 0.001929241011135141
9 8 2 3 0.001929241011135141
8 9 3 2 0.001929241011135141
9 9 3 3 0.001929241011135141
8 8 10 2 -0.0044407300734208505
9 8 10 3 -0.0044407300734208505
8 9 11 2 -0.0044407300734208505
9 9 11 3 -0.0044407300734208505
8 10 8 2 -0.0044407300734208505
9 10 8 3 -0.0044407300734208505
8 11 9 2 -0.0044407300734208505
9 11 9 3 -0.0044407300734208505
8 0 8 4 -0.01893663111083637
9 0 8 5 -0.01893663111083637
8 1 9 4 -0.01893663111083637
9 1 9 5 -0.01893663111083637
8 4 8 4 0.011033040881725043
9 4 8 5 0.011033040881725043
8 5 9 4 0.011033040881725043
9 5 9 5 0.011033040881725043
8 8 0 4 -0.01893663111083637
9 8 0 5 -0.01893663111083637
8 9 1 4 -0.01893663111083637
9 9 1 5 -0.01893663111083637
8 8 4 4 0.011033040881725043
9 8 4 5 0.011033040881725043
8 9 5 4 0.011033040881725043
9 9 5 5 0.011033040881725043
8 6 8 6 0.0121246915
9 6 8 7 0.0121246915
8 7 9 6 0.0121246915
9 7 9 7 0.0121246915
8 8 6 6 0.0121246915
9 8 6 7 0.0121246915
8 9 7 6 0.0121246915
9 9 7 7 0.0121246915
8 0 0 8 0.17591544634986706
9 0 0 9 0.17591544634986706
8 1 1 8 0.17591544634986706
9 1 1 9 0.17591544634986706
8 0 4 8 -0.051630510615902514
9 0 4 9 -0.051630510615902514
8 1 5 8 -0.051630510615902514
9 1 5 9 -0.051630510615902514
8 2 2 8 0.10385702159979088
9 2 2 9 0.10385702159979088
8 3 3 8 0.10385702159979088
9 3 3 9 0.10385702159979088
8 2 10 8 -0.043071333609909036
9 2 10 9 -0.043071333609909036
8 3 11 8 -0.043071333609909036
9 3 11 9 -0.043071333609909036
8 4 0 8 -0.051630510615902514
9 4 0 9 -0.051630510615902514
8 5 1 8 -0.051630510615902514
9 5 1 9 -0.051630510615902514
8 4 4 8 0.11429965970510073
9 4 4 9 0.11429965970510073
8 5 5 8 0.11429965970510073
9 5 5 9 0.11429965970510073
8 6 6 8 0.2006801625
9 6 6 9 0.2006801625
8 7 7 8 0.2006801625
9 7 7 9 0.2006801625
8 8 8 8 0.224929545
9 8 8 9 0.224929545
8 9 9 8 0.224929545
9 9 9 9 0.224929545
8 10 2 8 -0.043071333609909036
9 10 2 9 -0.043071333609909036
8 11 3 8 -0.043071333609909036
9 11 3 9 -0.043071333609909036
8 10 10 8 0.18284159410537912
9 10 10 9 0.18284159410537912
8 11 11 8 0.18284159410537912
9 11 11 9 0.18284159410537912
8 2 8 10 -0.004440730073420851
9 2 8 11 -0.004440730073420851
8 3 9 10 -0.004440730073420851
9 3 9 11 -0.004440730073420851
8 8 2 10 -0.004440730073420851
9 8 2 11 -0.004440730073420851
8 9 3 10 -0.004440730073420851
9 9 3 11 -0.004440730073420851
8 8 10 10 0.010352641986833624
9 8 10 11 0.010352641986833624
8 9 11 10 0.010352641986833624
9 9 11 11 0.010352641986833624
8 10 8 10 0.010352641986833624
9 10 8 11 0.010352641986833624
8 11 9 10 0.010352641986833624
9 11 9 11 0.010352641986833624
10 0 2 0 -0.003182842762304138
11 0 2 1 -0.003182842762304138
10 1 3 0 -0.003182842762304138
11 1 3 1 -0.003182842762304138
10 0 10 0 0.029610848195122334
11 0 10 1 0.029610848195122334
10 1 11 0 0.029610848195122334
11 1 11 1 0.029610848195122334
10 2 0 0 -0.0031828427623041416
11 2 0 1 -0.0031828427623041416
10 3 1 0 -0.0031828427623041416
11 3 1 1 -0.0031828427623041416
10 2 4 0 0.02171392084069193
11 2 4 1 0.02171392084069193
10 3 5 0 0.02171392084069193
11 3 5 1 0.02171392084069193
10 4 2 0 0.02171392084069193
11 4 2 1 0.02171392084069193
10 5 3 0 0.02171392084069193
11 5 3 1 0.02171392084069193
10 4 10 0 -0.005332457712969713
11 4 10 1 -0.005332457712969713
10 5 11 0 -0.005332457712969713
11 5 11 1 -0.005332457712969713
10 10 0 0 0.029610848195122334
11 10 0 1 0.029610848195122334
10 11 1 0 0.029610848195122334
11 11 1 1 0.029610848195122334
10 10 4 0 -0.005332457712969708
11 10 4 1 -0.005332457712969708
10 11 5 0 -0.005332457712969708
11 11 5 1 -0.005332457712969708
10 0 0 2 -0.022762793485717994
11 0 0 3 -0.022762793485717994
10 1 1 2 -0.022762793485717994
11 1 1 3 -0.022762793485717994
10 0 4 2 0.03873176609501228
11 0 4 3 0.03873176609501228
10 1 5 2 0.03873176609501228
11 1 5 3 0.03873176609501228
10 2 2 2 0.03101000623289831
11 2 2 3 0.03101000623289831
10 3 3 2 0.03101000623289831
11 3 3 3 0.03101000623289831
10 2 10 2 0.037751901517799155
11 2 10 3 0.037751901517799155
10 3 11 2 0.037751901517799155
11 3 11 3 0.037751901517799155
10 4 0 2 0.03873176609501227
11 4 0 3 0.03873176609501227
10 5 1 2 0.03873176609501227
11 5 1 3 0.03873176609501227
10 4 4 2 0.027484311722727174
11 4 4 3 0.027484311722727174
10 5 5 2 0.027484311722727174
11 5 5 3 0.027484311722727174
10 6 6 2 -0.043071333609909036
11 6 6 3 -0.043071333609909036
10 7 7 2 -0.043071333609909036
11 7 7 3 -0.043071333609909036
10 8 8 2 -0.043071333609909036
11 8 8 3 -0.043071333609909036
10 9 9 2 -0.043071333609909036
11 9 9 3 -0.043071333609909036
10 10 2 2 0.037751901517799155
11 10 2 3 0.037751901517799155
10 11 3 2 0.037751901517799155
11 11 3 3 0.037751901517799155
10 10 10 2 -0.03190304709369225
11 10 10 3 -0.03190304709369225
10 11 11 2 -0.03190304709369225
11 11 11 3 -0.03190304709369225
10 0 2 4 0.04054794366139063
11 0 2 5 0.04054794366139063
10 1 3 4 0.04054794366139063
11 1 3 5 0.04054794366139063
10 0 10 4 -0.005332457712969716
11 0 10 5 -0.005332457712969716
10 1 11 4 -0.005332457712969716
11 1 11 5 -0.005332457712969716
10 2 0 4 0.04054794366139063
11 2 0 5 0.04054794366139063
10 3 1 4 0.04054794366139063
11 3 1 5 0.04054794366139063
10 2 4 4 0.05354963276124561
11 2 4 5 0.05354963276124561
10 3 5 4 0.05354963276124561
11 3 5 5 0.05354963276124561
10 4 2 4 0.05354963276124561
11 4 2 5 0.05354963276124561
10 5 3 4 0.05354963276124561
11 5 3 5 0.05354963276124561
10 4 10 4 0.03856688703746812
11 4 10 5 0.03856688703746812
10 5 11 4 0.03856688703746812
11 5 11 5 0.03856688703746812
10 10 0 4 -0.005332457712969716
11 10 0 5 -0.005332457712969716
10 11 1 4 -0.005332457712969716
11 11 1 5 -0.005332457712969716
10 10 4 4 0.03856688703746812
11 10 4 5 0.03856688703746812
10 11 5 4 0.03856688703746812
11 11 5 5 0.03856688703746812
10 2 6 6 -0.004440730073420851
11 2 6 7 -0.004440730073420851
10 3 7 6 -0.004440730073420851
11 3 7 7 -0.004440730073420851
10 6 2 6 -0.004440730073420851
11 6 2 7 -0.004440730073420851
10 7 3 6 -0.004440730073420851
11 7 3 7 -0.004440730073420851
10 6 10 6 0.010352641986833624
11 6 10 7 0.010352641986833624
10 7 11 6 0.010352641986833624
11 7 11 7 0.010352641986833624
10 10 6 6 0.010352641986833624
11 10 6 7 0.010352641986833624
10 11 7 6 0.010352641986833624
11 11 7 7 0.010352641986833624
10 2 8 8 -0.004440730073420851
11 2 8 9 -0.004440730073420851
10 3 9 8 -0.004440730073420851
11 3 9 9 -0.004440730073420851
10 8 2 8 -0.004440730073420851
11 8 2 9 -0.004440730073420851
10 9 3 8 -0.004440730073420851
11 9 3 9 -0.004440730073420851
10 8 10 8 0.010352641986833624
11 8 10 9 0.010352641986833624
10 9 11 8 0.010352641986833624
11 9 11 9 0.010352641986833624
10 10 8 8 0.010352641986833624
11 10 8 9 0.010352641986833624
10 11 9 8 0.010352641986833624
11 11 9 9 0.010352641986833624
10 0 0 10 0.1697942692486563
11 0 0 11 0.1697942692486563
10 1 1 10 0.1697942692486563
11 1 1 11 0.1697942692486563
10 0 4 10 -0.0298827317559936
11 0 4 11 -0.0298827317559936
10 1 5 10 -0.0298827317559936
11 1 5 11 -0.0298827317559936
10 2 2 10 0.13095367208978181
11 2 2 11 0.13095367208978181
10 3 3 10 0.13095367208978181
11 3 3 11 0.13095367208978181
10 2 10 10 -0.031903047093692245
11 2 10 11 -0.031903047093692245
10 3 11 10 -0.031903047093692245
11 3 11 11 -0.031903047093692245
10 4 0 10 -0.02988273175599362
11 4 0 11 -0.02988273175599362
10 5 1 10 -0.02988273175599362
11 5 1 11 -0.02988273175599362
10 4 4 10 0.13428176210108014
11 4 4 11 0.13428176210108014
10 5 5 10 0.13428176210108014
11 5 5 11 0.13428176210108014
10 6 6 10 0.18284159410537912
11 6 6 11 0.18284159410537912
10 7 7 10 0.18284159410537912
11 7 7 11 0.18284159410537912
10 8 8 10 0.18284159410537912
11 8 8 11 0.18284159410537912
10 9 9 10 0.18284159410537912
11 9 9 11 0.18284159410537912
10 10 2 10 -0.03190304709369224
11 10 2 11 -0.03190304709369224
10 11 3 10 -0.03190304709369224
11 11 3 11 -0.03190304709369224
10 10 10 10 0.19156191836457345
11 10 10 11 0.19156191836457345
10 11 11 10 0.19156191836457345
11 11 11 11 0.19156191836457345
