-12.671500253175832
0 0 -0.997275872403008
1 1 -0.997275872403008
0 4 0.02673907365952377
1 5 0.02673907365952377
2 2 -0.9157198126334738
3 3 -0.9157198126334738
2 10 0.02211094488082488
3 11 0.02211094488082488
4 0 0.02673907365952366
5 1 0.02673907365952366
4 4 -0.8918401637508533
5 5 -0.8918401637508533
6 6 -0.8414256562168243
7 7 -0.8414256562168243
8 8 -0.8414256562168243
9 9 -0.8414256562168243
10 2 0.02211094488082488
11 3 0.02211094488082488
10 10 -0.8431409874007341
11 11 -0.8431409874007341
0 0 0 0 0.16396466840807278
1 0 0 1 0.16396466840807278
0 1 1 0 0.16396466840807278
1 1 1 1 0.16396466840807278
0 0 4 0 -0.02794293266108176
1 0 4 1 -0.02794293266108176
0 1 5 0 -0.02794293266108176
1 1 5 1 -0.02794293266108176
0 2 2 0 0.11933197157742223
1 2 2 1 0.11933197157742223
0 3 3 0 0.11933197157742223
1 3 3 1 0.11933197157742223
0 2 10 0 -0.024392170973498203
1 2 10 1 -0.024392170973498203
0 3 11 0 -0.024392170973498203
1 3 11 1 -0.024392170973498203
0 4 0 0 -0.02794293266108176
1 4 0 1 -0.02794293266108176
0 5 1 0 -0.02794293266108176
1 5 1 1 -0.02794293266108176
0 4 4 0 0.12437135915782205
1 4 4 1 0.12437135915782205
0 5 5 0 0.12437135915782205
1 5 5 1 0.12437135915782205
0 6 6 0 0.17958656803949233
1 6 6 1 0.17958656803949233
0 7 7 0 0.17958656803949233
1 7 7 1 0.17958656803949233
0 8 8 0 0.17958656803949233
1 8 8 1 0.17958656803949233
0 9 9 0 0.17958656803949233
1 9 9 1 0.17958656803949233
0 10 2 0 -0.024392170973498176
1 10 2 1 -0.024392170973498176
0 11 3 0 -0.024392170973498176
1 11 3 1 -0.024392170973498176
0 10 10 0 0.17303253537841984
1 10 10 1 0.17303253537841984
0 11 11 0 0.17303253537841984
1 11 11 1 0.17303253537841984
0 0 2 2 0.03840048019898651
1 0 2 3 0.03840048019898651
0 1 3 2 0.03840048019898651
1 1 3 3 0.03840048019898651
0 0 10 2 -0.005550979709657599
1 0 10 3 -0.005550979709657599
0 1 11 2 -0.005550979709657599
1 1 11 3 -0.005550979709657599
0 2 0 2 0.03840048019898651
1 2 0 3 0.03840048019898651
0 3 1 2 0.03840048019898651
1 3 1 3 0.03840048019898651
0 2 4 2 0.059258872314841476
1 2 4 3 0.059258872314841476
0 3 5 2 0.059258872314841476
1 3 5 3 0.059258872314841476
0 4 2 2 0.059258872314841476
1 4 2 3 0.059258872314841476
0 5 3 2 0.059258872314841476
1 5 3 3 0.059258872314841476
0 4 10 2 0.0353527069975999
1 4 10 3 0.0353527069975999
0 5 11 2 0.0353527069975999
1 5 11 3 0.0353527069975999
0 10 0 2 -0.005550979709657598
1 10 0 3 -0.005550979709657598
0 11 1 2 -0.005550979709657598
1 11 1 3 -0.005550979709657598
0 10 4 2 0.0353527069975999
1 10 4 3 0.0353527069975999
0 11 5 2 0.0353527069975999
1 11 5 3 0.0353527069975999
0 0 0 4 -0.027942932661081752
1 0 0 5 -0.027942932661081752
0 1 1 4 -0.027942932661081752
1 1 1 5 -0.027942932661081752
0 0 4 4 0.03938985644391885
1 0 4 5 0.03938985644391885
0 1 5 4 0.03938985644391885
1 1 5 5 0.03938985644391885
0 2 2 4 0.036916005289031606
1 2 2 5 0.036916005289031606
0 3 3 4 0.036916005289031606
1 3 3 5 0.036916005289031606
0 2 10 4 0.03462229783479839
1 2 10 5 0.03462229783479839
0 3 11 4 0.03462229783479839
1 3 11 5 0.03462229783479839
0 4 0 4 0.03938985644391886
1 4 0 5 0.03938985644391886
0 5 1 4 0.03938985644391886
1 5 1 5 0.03938985644391886
0 4 4 4 0.031574730278362606
1 4 4 5 0.031574730278362606
0 5 5 4 0.031574730278362606
1 5 5 5 0.031574730278362606
0 6 6 4 -0.049809117172203446
1 6 6 5 -0.049809117172203446
0 7 7 4 -0.049809117172203446
1 7 7 5 -0.049809117172203446
0 8 8 4 -0.049809117172203446
1 8 8 5 -0.049809117172203446
0 9 9 4 -0.049809117172203446
1 9 9 5 -0.049809117172203446
0 10 2 4 0.03462229783479838
1 10 2 5 0.03462229783479838
0 11 3 4 0.03462229783479838
1 11 3 5 0.03462229783479838
0 10 10 4 -0.032040188298889744
1 10 10 5 -0.032040188298889744
0 11 11 4 -0.032040188298889744
1 11 11 5 -0.032040188298889744
0 0 6 6 0.03416938065070848
1 0 6 7 0.03416938065070848
0 1 7 6 0.03416938065070848
1 1 7 7 0.03416938065070848
0 4 6 6 -0.017905334695261458
1 4 6 7 -0.017905334695261458
0 5 7 6 -0.017905334695261458
1 5 7 7 -0.017905334695261458
0 6 0 6 0.03416938065070848
1 6 0 7 0.03416938065070848
0 7 1 6 0.03416938065070848
1 7 1 7 0.03416938065070848
0 6 4 6 -0.017905334695261458
1 6 4 7 -0.017905334695261458
0 7 5 6 -0.017905334695261458
1 7 5 7 -0.017905334695261458
0 0 8 8 0.03416938065070848
1 0 8 9 0.03416938065070848
0 1 9 8 0.03416938065070848
1 1 9 9 0.03416938065070848
0 4 8 8 -0.017905334695261458
1 4 8 9 -0.017905334695261458
0 5 9 8 -0.017905334695261458
1 5 9 9 -0.017905334695261458
0 8 0 8 0.03416938065070848
1 8 0 9 0.03416938065070848
0 9 1 8 0.03416938065070848
1 9 1 9 0.03416938065070848
0 8 4 8 -0.017905334695261458
1 8 4 9 -0.017905334695261458
0 9 5 8 -0.017905334695261458
1 9 5 9 -0.017905334695261458
0 0 2 10 -0.005550979709657598
1 0 2 11 -0.005550979709657598
0 1 3 10 -0.005550979709657598
1 1 3 11 -0.005550979709657598
0 0 10 10 0.030702224203541417
1 0 10 11 0.030702224203541417
0 1 11 10 0.030702224203541417
1 1 11 11 0.030702224203541417
0 2 0 10 -0.0055509797096575985
1 2 0 11 -0.0055509797096575985
0 3 1 10 -0.0055509797096575985
1 3 1 11 -0.0055509797096575985
0 2 4 10 0.01755127625778935
1 2 4 11 0.01755127625778935
0 3 5 10 0.01755127625778935
1 3 5 11 0.01755127625778935
0 4 2 10 0.01755127625778935
1 4 2 11 0.01755127625778935
0 5 3 10 0.01755127625778935
1 5 3 11 0.01755127625778935
0 4 10 10 -0.007746034247106738
1 4 10 11 -0.007746034247106738
0 5 11 10 -0.007746034247106738
1 5 11 11 -0.007746034247106738
0 10 0 10 0.030702224203541413
1 10 0 11 0.030702224203541413
0 11 1 10 0.030702224203541413
1 11 1 11 0.030702224203541413
0 10 4 10 -0.007746034247106734
1 10 4 11 -0.007746034247106734
0 11 5 10 -0.007746034247106734
1 11 5 11 -0.007746034247106734
2 0 2 0 0.03840048019898651
3 0 2 1 0.03840048019898651
2 1 3 0 0.03840048019898651
3 1 3 1 0.03840048019898651
2 0 10 0 -0.005550979709657599
3 0 10 1 -0.005550979709657599
2 1 11 0 -0.005550979709657599
3 1 11 1 -0.005550979709657599
2 2 0 0 0.0384004801989865
3 2 0 1 0.0384004801989865
2 3 1 0 0.0384004801989865
3 3 1 1 0.0384004801989865
2 2 4 0 0.059258872314841476
3 2 4 1 0.059258872314841476
2 3 5 0 0.059258872314841476
3 3 5 1 0.059258872314841476
2 4 2 0 0.059258872314841476
3 4 2 1 0.059258872314841476
2 5 3 0 0.059258872314841476
3 5 3 1 0.059258872314841476
2 4 10 0 0.0353527069975999
3 4 10 1 0.0353527069975999
2 5 11 0 0.0353527069975999
3 5 11 1 0.0353527069975999
2 10 0 0 -0.005550979709657596
3 10 0 1 -0.005550979709657596
2 11 1 0 -0.005550979709657596
3 11 1 1 -0.005550979709657596
2 10 4 0 0.0353527069975999
3 10 4 1 0.0353527069975999
2 11 5 0 0.0353527069975999
3 11 5 1 0.0353527069975999
2 0 0 2 0.11933197157742223
3 0 0 3 0.11933197157742223
2 1 1 2 0.11933197157742223
3 1 1 3 0.11933197157742223
2 0 4 2 0.036916005289031606
3 0 4 3 0.036916005289031606
2 1 5 2 0.036916005289031606
3 1 5 3 0.036916005289031606
2 2 2 2 0.1817362823257005
3 2 2 3 0.1817362823257005
2 3 3 2 0.1817362823257005
3 3 3 3 0.1817362823257005
2 2 10 2 0.03217847005115719
3 2 10 3 0.03217847005115719
2 3 11 2 0.03217847005115719
3 3 11 3 0.03217847005115719
2 4 0 2 0.03691600528903162
3 4 0 3 0.03691600528903162
2 5 1 2 0.03691600528903162
3 5 1 3 0.03691600528903162
2 4 4 2 0.1778911368270717
3 4 4 3 0.1778911368270717
2 5 5 2 0.1778911368270717
3 5 5 3 0.1778911368270717
2 6 6 2 0.09846587446853386
3 6 6 3 0.09846587446853386
2 7 7 2 0.09846587446853386
3 7 7 3 0.09846587446853386
2 8 8 2 0.09846587446853386
3 8 8 3 0.09846587446853386
2 9 9 2 0.09846587446853386
3 9 9 3 0.09846587446853386
2 10 2 2 0.0321784700511572
3 10 2 3 0.0321784700511572
2 11 3 2 0.0321784700511572
3 11 3 3 0.0321784700511572
2 10 10 2 0.12324875432115395
3 10 10 3 0.12324875432115395
2 11 11 2 0.12324875432115395
3 11 11 3 0.12324875432115395
2 0 2 4 0.05925887231484149
3 0 2 5 0.05925887231484149
2 1 3 4 0.05925887231484149
3 1 3 5 0.05925887231484149
2 0 10 4 0.01755127625778935
3 0 10 5 0.01755127625778935
2 1 11 4 0.01755127625778935
3 1 11 5 0.01755127625778935
2 2 0 4 0.05925887231484149
3 2 0 5 0.05925887231484149
2 3 1 4 0.05925887231484149
3 3 1 5 0.05925887231484149
2 2 4 4 0.11449891735078979
3 2 4 5 0.11449891735078979
2 3 5 4 0.11449891735078979
3 3 5 5 0.11449891735078979
2 4 2 4 0.11449891735078979
3 4 2 5 0.11449891735078979
2 5 3 4 0.11449891735078979
3 5 3 5 0.11449891735078979
2 4 10 4 0.05266246715164333
3 4 10 5 0.05266246715164333
2 5 11 4 0.05266246715164333
3 5 11 5 0.05266246715164333
2 10 0 4 0.017551276257789353
3 10 0 5 0.017551276257789353
2 11 1 4 0.017551276257789353
3 11 1 5 0.017551276257789353
2 10 4 4 0.052662467151643334
3 10 4 5 0.052662467151643334
2 11 5 4 0.052662467151643334
3 11 5 5 0.052662467151643334
2 2 6 6 0.0015939467401912576
3 2 6 7 0.0015939467401912576
2 3 7 6 0.0015939467401912576
3 3 7 7 0.0015939467401912576
2 6 2 6 0.0015939467401912576
3 6 2 7 0.0015939467401912576
2 7 3 6 0.0015939467401912576
3 7 3 7 0.0015939467401912576
2 6 10 6 -0.004097973375741133
3 6 10 7 -0.004097973375741133
2 7 11 6 -0.004097973375741133
3 7 11 7 -0.004097973375741133
2 10 6 6 -0.004097973375741133
3 10 6 7 -0.004097973375741133
2 11 7 6 -0.004097973375741133
3 11 7 7 -0.004097973375741133
2 2 8 8 0.0015939467401912576
3 2 8 9 0.0015939467401912576
2 3 9 8 0.0015939467401912576
3 3 9 9 0.0015939467401912576
2 8 2 8 0.0015939467401912576
3 8 2 9 0.0015939467401912576
2 9 3 8 0.0015939467401912576
3 9 3 9 0.0015939467401912576
2 8 10 8 -0.004097973375741133
3 8 10 9 -0.004097973375741133
2 9 11 8 -0.004097973375741133
3 9 11 9 -0.004097973375741133
2 10 8 8 -0.004097973375741133
3 10 8 9 -0.004097973375741133
2 11 9 8 -0.004097973375741133
3 11 9 9 -0.004097973375741133
2 0 0 10 -0.024392170973498176
3 0 0 11 -0.024392170973498176
2 1 1 10 -0.024392170973498176
3 1 1 11 -0.024392170973498176
2 0 4 10 0.03462229783479839
3 0 4 11 0.03462229783479839
2 1 5 10 0.03462229783479839
3 1 5 11 0.03462229783479839
2 2 2 10 0.03217847005115721
3 2 2 11 0.03217847005115721
2 3 3 10 0.03217847005115721
3 3 3 11 0.03217847005115721
2 2 10 10 0.03317018314526855
3 2 10 11 0.03317018314526855
2 3 11 10 0.03317018314526855
3 3 11 11 0.03317018314526855
2 4 0 10 0.03462229783479839
3 4 0 11 0.03462229783479839
2 5 1 10 0.03462229783479839
3 5 1 11 0.03462229783479839
2 4 4 10 0.028939414323609795
3 4 4 11 0.028939414323609795
2 5 5 10 0.028939414323609795
3 5 5 11 0.028939414323609795
2 6 6 10 -0.040688215599330654
3 6 6 11 -0.040688215599330654
2 7 7 10 -0.040688215599330654
3 7 7 11 -0.040688215599330654
2 8 8 10 -0.040688215599330654
3 8 8 11 -0.040688215599330654
2 9 9 10 -0.040688215599330654
3 9 9 11 -0.040688215599330654
2 10 2 10 0.03317018314526855
3 10 2 11 0.03317018314526855
2 11 3 10 0.03317018314526855
3 11 3 11 0.03317018314526855
2 10 10 10 -0.03296117021400857
3 10 10 11 -0.03296117021400857
2 11 11 10 -0.03296117021400857
3 11 11 11 -0.03296117021400857
4 0 0 0 -0.02794293266108175
5 0 0 1 -0.02794293266108175
4 1 1 0 -0.02794293266108175
5 1 1 1 -0.02794293266108175
4 0 4 0 0.039389856443918854
5 0 4 1 0.039389856443918854
4 1 5 0 0.039389856443918854
5 1 5 1 0.039389856443918854
4 2 2 0 0.03691600528903162
5 2 2 1 0.03691600528903162
4 3 3 0 0.03691600528903162
5 3 3 1 0.03691600528903162
4 2 10 0 0.034622297834798386
5 2 10 1 0.034622297834798386
4 3 11 0 0.034622297834798386
5 3 11 1 0.034622297834798386
4 4 0 0 0.03938985644391886
5 4 0 1 0.03938985644391886
4 5 1 0 0.03938985644391886
5 5 1 1 0.03938985644391886
4 4 4 0 0.031574730278362606
5 4 4 1 0.031574730278362606
4 5 5 0 0.031574730278362606
5 5 5 1 0.031574730278362606
4 6 6 0 -0.049809117172203425
5 6 6 1 -0.049809117172203425
4 7 7 0 -0.049809117172203425
5 7 7 1 -0.049809117172203425
4 8 8 0 -0.049809117172203425
5 8 8 1 -0.049809117172203425
4 9 9 0 -0.049809117172203425
5 9 9 1 -0.049809117172203425
4 10 2 0 0.03462229783479837
5 10 2 1 0.03462229783479837
4 11 3 0 0.03462229783479837
5 11 3 1 0.03462229783479837
4 10 10 0 -0.03204018829888977
5 10 10 1 -0.03204018829888977
4 11 11 0 -0.03204018829888977
5 11 11 1 -0.03204018829888977
4 0 2 2 0.05925887231484149
5 0 2 3 0.05925887231484149
4 1 3 2 0.05925887231484149
5 1 3 3 0.05925887231484149
4 0 10 2 0.01755127625778935
5 0 10 3 0.01755127625778935
4 1 11 2 0.01755127625778935
5 1 11 3 0.01755127625778935
4 2 0 2 0.05925887231484149
5 2 0 3 0.05925887231484149
4 3 1 2 0.05925887231484149
5 3 1 3 0.05925887231484149
4 2 4 2 0.11449891735078978
5 2 4 3 0.11449891735078978
4 3 5 2 0.11449891735078978
5 3 5 3 0.11449891735078978
4 4 2 2 0.11449891735078978
5 4 2 3 0.11449891735078978
4 5 3 2 0.11449891735078978
5 5 3 3 0.11449891735078978
4 4 10 2 0.052662467151643334
5 4 10 3 0.052662467151643334
4 5 11 2 0.052662467151643334
5 5 11 3 0.052662467151643334
4 10 0 2 0.017551276257789353
5 10 0 3 0.017551276257789353
4 11 1 2 0.017551276257789353
5 11 1 3 0.017551276257789353
4 10 4 2 0.052662467151643334
5 10 4 3 0.052662467151643334
4 11 5 2 0.052662467151643334
5 11 5 3 0.052662467151643334
4 0 0 4 0.12437135915782203
5 0 0 5 0.12437135915782203
4 1 1 4 0.12437135915782203
5 1 1 5 0.12437135915782203
4 0 4 4 0.031574730278362606
5 0 4 5 0.031574730278362606
4 1 5 4 0.031574730278362606
5 1 5 5 0.031574730278362606
4 2 2 4 0.1778911368270717
5 2 2 5 0.1778911368270717
4 3 3 4 0.1778911368270717
5 3 3 5 0.1778911368270717
4 2 10 4 0.028939414323609802
5 2 10 5 0.028939414323609802
4 3 11 4 0.028939414323609802
5 3 11 5 0.028939414323609802
4 4 0 4 0.03157473027836262
5 4 0 5 0.03157473027836262
4 5 1 4 0.03157473027836262
5 5 1 5 0.03157473027836262
4 4 4 4 0.1756646632058681
5 4 4 5 0.1756646632058681
4 5 5 4 0.1756646632058681
5 5 5 5 0.1756646632058681
4 6 6 4 0.10800190021710626
5 6 6 5 0.10800190021710626
4 7 7 4 0.10800190021710626
5 7 7 5 0.10800190021710626
4 8 8 4 0.10800190021710626
5 8 8 5 0.10800190021710626
4 9 9 4 0.10800190021710626
5 9 9 5 0.10800190021710626
4 10 2 4 0.028939414323609816
5 10 2 5 0.028939414323609816
4 11 3 4 0.028939414323609816
5 11 3 5 0.028939414323609816
4 10 10 4 0.12687711339540875
5 10 10 5 0.12687711339540875
4 11 11 4 0.12687711339540875
5 11 11 5 0.12687711339540875
4 0 6 6 -0.017905334695261444
5 0 6 7 -0.017905334695261444
4 1 7 6 -0.017905334695261444
5 1 7 7 -0.017905334695261444
4 4 6 6 0.00940542124723553
5 4 6 7 0.00940542124723553
4 5 7 6 0.00940542124723553
5 5 7 7 0.00940542124723553
4 6 0 6 -0.017905334695261444
5 6 0 7 -0.017905334695261444
4 7 1 6 -0.017905334695261444
5 7 1 7 -0.017905334695261444
4 6 4 6 0.00940542124723553
5 6 4 7 0.00940542124723553
4 7 5 6 0.00940542124723553
5 7 5 7 0.00940542124723553
4 0 8 8 -0.017905334695261444
5 0 8 9 -0.017905334695261444
4 1 9 8 -0.017905334695261444
5 1 9 9 -0.017905334695261444
4 4 8 8 0.00940542124723553
5 4 8 9 0.00940542124723553
4 5 9 8 0.00940542124723553
5 5 9 9 0.00940542124723553
4 8 0 8 -0.017905334695261444
5 8 0 9 -0.017905334695261444
4 9 1 8 -0.017905334695261444
5 9 1 9 -0.017905334695261444
4 8 4 8 0.00940542124723553
5 8 4 9 0.00940542124723553
4 9 5 8 0.00940542124723553
5 9 5 9 0.00940542124723553
4 0 2 10 0.0353527069975999
5 0 2 11 0.0353527069975999
4 1 3 10 0.0353527069975999
5 1 3 11 0.0353527069975999
4 0 10 10 -0.007746034247106737
5 0 10 11 -0.007746034247106737
4 1 11 10 -0.007746034247106737
5 1 11 11 -0.007746034247106737
4 2 0 10 0.0353527069975999
5 2 0 11 0.0353527069975999
4 3 1 10 0.0353527069975999
5 3 1 11 0.0353527069975999
4 2 4 10 0.05266246715164334
5 2 4 11 0.05266246715164334
4 3 5 10 0.05266246715164334
5 3 5 11 0.05266246715164334
4 4 2 10 0.05266246715164334
5 4 2 11 0.05266246715164334
4 5 3 10 0.05266246715164334
5 5 3 11 0.05266246715164334
4 4 10 10 0.03348456098645901
5 4 10 11 0.03348456098645901
4 5 11 10 0.03348456098645901
5 5 11 11 0.03348456098645901
4 10 0 10 -0.0077460342471067315
5 10 0 11 -0.0077460342471067315
4 11 1 10 -0.0077460342471067315
5 11 1 11 -0.0077460342471067315
4 10 4 10 0.03348456098645901
5 10 4 11 0.03348456098645901
4 11 5 10 0.03348456098645901
5 11 5 11 0.03348456098645901
6 0 6 0 0.03416938065070848
7 0 6 1 0.03416938065070848
6 1 7 0 0.03416938065070848
7 1 7 1 0.03416938065070848
6 4 6 0 -0.017905334695261458
7 4 6 1 -0.017905334695261458
6 5 7 0 -0.017905334695261458
7 5 7 1 -0.017905334695261458
6 6 0 0 0.03416938065070848
7 6 0 1 0.03416938065070848
6 7 1 0 0.03416938065070848
7 7 1 1 0.03416938065070848
6 6 4 0 -0.017905334695261458
7 6 4 1 -0.017905334695261458
6 7 5 0 -0.017905334695261458
7 7 5 1 -0.017905334695261458
6 2 6 2 0.0015939467401912576
7 2 6 3 0.0015939467401912576
6 3 7 2 0.0015939467401912576
7 3 7 3 0.0015939467401912576
6 6 2 2 0.0015939467401912576
7 6 2 3 0.0015939467401912576
6 7 3 2 0.0015939467401912576
7 7 3 3 0.0015939467401912576
6 6 10 2 -0.004097973375741133
7 6 10 3 -0.004097973375741133
6 7 11 2 -0.004097973375741133
7 7 11 3 -0.004097973375741133
6 10 6 2 -0.004097973375741133
7 10 6 3 -0.004097973375741133
6 11 7 2 -0.004097973375741133
7 11 7 3 -0.004097973375741133
6 0 6 4 -0.017905334695261444
7 0 6 5 -0.017905334695261444
6 1 7 4 -0.017905334695261444
7 1 7 5 -0.017905334695261444
6 4 6 4 0.00940542124723553
7 4 6 5 0.00940542124723553
6 5 7 4 0.00940542124723553
7 5 7 5 0.00940542124723553
6 6 0 4 -0.017905334695261444
7 6 0 5 -0.017905334695261444
6 7 1 4 -0.017905334695261444
7 7 1 5 -0.017905334695261444
6 6 4 4 0.00940542124723553
7 6 4 5 0.00940542124723553
6 7 5 4 0.00940542124723553
7 7 5 5 0.00940542124723553
6 0 0 6 0.17958656803949233
7 0 0 7 0.17958656803949233
6 1 1 6 0.17958656803949233
7 1 1 7 0.17958656803949233
6 0 4 6 -0.049809117172203446
7 0 4 7 -0.049809117172203446
6 1 5 6 -0.049809117172203446
7 1 5 7 -0.049809117172203446
6 2 2 6 0.09846587446853386
7 2 2 7 0.09846587446853386
6 3 3 6 0.09846587446853386
7 3 3 7 0.09846587446853386
6 2 10 6 -0.040688215599330654
7 2 10 7 -0.040688215599330654
6 3 11 6 -0.040688215599330654
7 3 11 7 -0.040688215599330654
6 4 0 6 -0.049809117172203425
7 4 0 7 -0.049809117172203425
6 5 1 6 -0.049809117172203425
7 5 1 7 -0.049809117172203425
6 4 4 6 0.10800190021710626
7 4 4 7 0.10800190021710626
6 5 5 6 0.10800190021710626
7 5 5 7 0.10800190021710626
6 6 6 6 0.224929545
7 6 6 7 0.224929545
6 7 7 6 0.224929545
7 7 7 7 0.224929545
6 8 8 6 0.2006801625
7 8 8 7 0.2006801625
6 9 9 6 0.2006801625
7 9 9 7 0.2006801625
6 10 2 6 -0.040688215599330654
7 10 2 7 -0.040688215599330654
6 11 3 6 -0.040688215599330654
7 11 3 7 -0.040688215599330654
6 10 10 6 0.1854883164434733
7 10 10 7 0.1854883164434733
6 11 11 6 0.1854883164434733
7 11 11 7 0.1854883164434733
6 6 8 8 0.0121246915
7 6 8 9 0.0121246915
6 7 9 8 0.0121246915
7 7 9 9 0.0121246915
6 8 6 8 0.0121246915
7 8 6 9 0.0121246915
6 9 7 8 0.0121246915
7 9 7 9 0.0121246915
6 2 6 10 -0.004097973375741134
7 2 6 11 -0.004097973375741134
6 3 7 10 -0.004097973375741134
7 3 7 11 -0.004097973375741134
6 6 2 10 -0.004097973375741134
7 6 2 11 -0.004097973375741134
6 7 3 10 -0.004097973375741134
7 7 3 11 -0.004097973375741134
6 6 10 10 0.010652987852636762
7 6 10 11 0.010652987852636762
6 7 11 10 0.010652987852636762
7 7 11 11 0.010652987852636762
6 10 6 10 0.010652987852636762
7 10 6 11 0.010652987852636762
6 11 7 10 0.010652987852636762
7 11 7 11 0.010652987852636762
8 0 8 0 0.03416938065070848
9 0 8 1 0.03416938065070848
8 1 9 0 0.03416938065070848
9 1 9 1 0.03416938065070848
8 4 8 0 -0.017905334695261458
9 4 8 1 -0.017905334695261458
8 5 9 0 -0.017905334695261458
9 5 9 1 -0.017905334695261458
8 8 0 0 0.03416938065070848
9 8 0 1 0.03416938065070848
8 9 1 0 0.03416938065070848
9 9 1 1 0.03416938065070848
8 8 4 0 -0.017905334695261458
9 8 4 1 -0.017905334695261458
8 9 5 0 -0.017905334695261458
9 9 5 1 -0.017905334695261458
8 2 8 2 0.0015939467401912576
9 2 8 3 0.0015939467401912576
8 3 9 2 0.0015939467401912576
9 3 9 3 0.0015939467401912576
8 8 2 2 0.0015939467401912576
9 8 2 3 0.0015939467401912576
8 9 3 2 0.0015939467401912576
9 9 3 3 0.0015939467401912576
8 8 10 2 -0.004097973375741133
9 8 10 3 -0.004097973375741133
8 9 11 2 -0.004097973375741133
9 9 11 3 -0.004097973375741133
8 10 8 2 -0.004097973375741133
9 10 8 3 -0.004097973375741133
8 11 9 2 -0.004097973375741133
9 11 9 3 -0.004097973375741133
8 0 8 4 -0.017905334695261444
9 0 8 5 -0.017905334695261444
8 1 9 4 -0.017905334695261444
9 1 9 5 -0.017905334695261444
8 4 8 4 0.00940542124723553
9 4 8 5 0.00940542124723553
8 5 9 4 0.00940542124723553
9 5 9 5 0.00940542124723553
8 8 0 4 -0.017905334695261444
9 8 0 5 -0.017905334695261444
8 9 1 4 -0.017905334695261444
9 9 1 5 -0.017905334695261444
8 8 4 4 0.00940542124723553
9 8 4 5 0.00940542124723553
8 9 5 4 0.00940542124723553
9 9 5 5 0.00940542124723553
8 6 8 6 0.0121246915
9 6 8 7 0.0121246915
8 7 9 6 0.0121246915
9 7 9 7 0.0121246915
8 8 6 6 0.0121246915
9 8 6 7 0.0121246915
8 9 7 6 0.0121246915
9 9 7 7 0.0121246915
8 0 0 8 0.17958656803949233
9 0 0 9 0.17958656803949233
8 1 1 8 0.17958656803949233
9 1 1 9 0.17958656803949233
8 0 4 8 -0.049809117172203446
9 0 4 9 -0.049809117172203446
8 1 5 8 -0.049809117172203446
9 1 5 9 -0.049809117172203446
8 2 2 8 0.09846587446853386
9 2 2 9 0.09846587446853386
8 3 3 8 0.09846587446853386
9 3 3 9 0.09846587446853386
8 2 10 8 -0.040688215599330654
9 2 10 9 -0.040688215599330654
8 3 11 8 -0.040688215599330654
9 3 11 9 -0.040688215599330654
8 4 0 8 -0.049809117172203425
9 4 0 9 -0.049809117172203425
8 5 1 8 -0.049809117172203425
9 5 1 9 -0.049809117172203425
8 4 4 8 0.10800190021710626
9 4 4 9 0.10800190021710626
8 5 5 8 0.10800190021710626
9 5 5 9 0.10800190021710626
8 6 6 8 0.2006801625
9 6 6 9 0.2006801625
8 7 7 8 0.2006801625
9 7 7 9 0.2006801625
8 8 8 8 0.224929545
9 8 8 9 0.224929545
8 9 9 8 0.224929545
9 9 9 9 0.224929545
8 10 2 8 -0.040688215599330654
9 10 2 9 -0.040688215599330654
8 11 3 8 -0.040688215599330654
9 11 3 9 -0.040688215599330654
8 10 10 8 0.1854883164434733
9 10 10 9 0.1854883164434733
8 11 11 8 0.1854883164434733
9 11 11 9 0.1854883164434733
8 2 8 10 -0.004097973375741134
9 2 8 11 -0.004097973375741134
8 3 9 10 -0.004097973375741134
9 3 9 11 -0.004097973375741134
8 8 2 10 -0.004097973375741134
9 8 2 11 -0.004097973375741134
8 9 3 10 -0.004097973375741134
9 9 3 11 -0.004097973375741134
8 8 10 10 0.010652987852636762
9 8 10 11 0.010652987852636762
8 9 11 10 0.010652987852636762
9 9 11 11 0.010652987852636762
8 10 8 10 0.010652987852636762
9 10 8 11 0.010652987852636762
8 11 9 10 0.010652987852636762
9 11 9 11 0.010652987852636762
10 0 2 0 -0.005550979709657595
11 0 2 1 -0.005550979709657595
10 1 3 0 -0.005550979709657595
11 1 3 1 -0.005550979709657595
10 0 10 0 0.030702224203541417
11 0 10 1 0.030702224203541417
10 1 11 0 0.030702224203541417
11 1 11 1 0.030702224203541417
10 2 0 0 -0.005550979709657596
11 2 0 1 -0.005550979709657596
10 3 1 0 -0.005550979709657596
11 3 1 1 -0.005550979709657596
10 2 4 0 0.01755127625778935
11 2 4 1 0.01755127625778935
10 3 5 0 0.01755127625778935
11 3 5 1 0.01755127625778935
10 4 2 0 0.01755127625778935
11 4 2 1 0.01755127625778935
10 5 3 0 0.01755127625778935
11 5 3 1 0.01755127625778935
10 4 10 0 -0.007746034247106739
11 4 10 1 -0.007746034247106739
10 5 11 0 -0.007746034247106739
11 5 11 1 -0.007746034247106739
10 10 0 0 0.030702224203541417
11 10 0 1 0.030702224203541417
10 11 1 0 0.030702224203541417
11 11 1 1 0.030702224203541417
10 10 4 0 -0.007746034247106739
11 10 4 1 -0.007746034247106739
10 11 5 0 -0.007746034247106739
11 11 5 1 -0.007746034247106739
10 0 0 2 -0.024392170973498165
11 0 0 3 -0.024392170973498165
10 1 1 2 -0.024392170973498165
11 1 1 3 -0.024392170973498165
10 0 4 2 0.034622297834798386
11 0 4 3 0.034622297834798386
10 1 5 2 0.034622297834798386
11 1 5 3 0.034622297834798386
10 2 2 2 0.032178470051157204
11 2 2 3 0.032178470051157204
10 3 3 2 0.032178470051157204
11 3 3 3 0.032178470051157204
10 2 10 2 0.03317018314526855
11 2 10 3 0.03317018314526855
10 3 11 2 0.03317018314526855
11 3 11 3 0.03317018314526855
10 4 0 2 0.03462229783479839
11 4 0 3 0.03462229783479839
10 5 1 2 0.03462229783479839
11 5 1 3 0.03462229783479839
10 4 4 2 0.028939414323609816
11 4 4 3 0.028939414323609816
10 5 5 2 0.028939414323609816
11 5 5 3 0.028939414323609816
10 6 6 2 -0.040688215599330654
11 6 6 3 -0.040688215599330654
10 7 7 2 -0.040688215599330654
11 7 7 3 -0.040688215599330654
10 8 8 2 -0.040688215599330654
11 8 8 3 -0.040688215599330654
10 9 9 2 -0.040688215599330654
11 9 9 3 -0.040688215599330654
10 10 2 2 0.03317018314526855
11 10 2 3 0.03317018314526855
10 11 3 2 0.03317018314526855
11 11 3 3 0.03317018314526855
10 10 10 2 -0.03296117021400858
11 10 10 3 -0.03296117021400858
10 11 11 2 -0.03296117021400858
11 11 11 3 -0.03296117021400858
10 0 2 4 0.03535270699759991
11 0 2 5 0.03535270699759991
10 1 3 4 0.03535270699759991
11 1 3 5 0.03535270699759991
10 0 10 4 -0.007746034247106737
11 0 10 5 -0.007746034247106737
10 1 11 4 -0.007746034247106737
11 1 11 5 -0.007746034247106737
10 2 0 4 0.0353527069975999
11 2 0 5 0.0353527069975999
10 3 1 4 0.0353527069975999
11 3 1 5 0.0353527069975999
10 2 4 4 0.05266246715164334
11 2 4 5 0.05266246715164334
10 3 5 4 0.05266246715164334
11 3 5 5 0.05266246715164334
10 4 2 4 0.05266246715164334
11 4 2 5 0.05266246715164334
10 5 3 4 0.05266246715164334
11 5 3 5 0.05266246715164334
10 4 10 4 0.03348456098645901
11 4 10 5 0.03348456098645901
10 5 11 4 0.03348456098645901
11 5 11 5 0.03348456098645901
10 10 0 4 -0.007746034247106735
11 10 0 5 -0.007746034247106735
10 11 1 4 -0.007746034247106735
11 11 1 5 -0.007746034247106735
10 10 4 4 0.03348456098645901
11 10 4 5 0.03348456098645901
10 11 5 4 0.03348456098645901
11 11 5 5 0.03348456098645901
10 2 6 6 -0.004097973375741134
11 2 6 7 -0.004097973375741134
10 3 7 6 -0.004097973375741134
11 3 7 7 -0.004097973375741134
10 6 2 6 -0.004097973375741134
11 6 2 7 -0.004097973375741134
10 7 3 6 -0.004097973375741134
11 7 3 7 -0.004097973375741134
10 6 10 6 0.010652987852636762
11 6 10 7 0.010652987852636762
10 7 11 6 0.010652987852636762
11 7 11 7 0.010652987852636762
10 10 6 6 0.010652987852636762
11 10 6 7 0.010652987852636762
10 11 7 6 0.010652987852636762
11 11 7 7 0.010652987852636762
10 2 8 8 -0.004097973375741134
11 2 8 9 -0.004097973375741134
10 3 9 8 -0.004097973375741134
11 3 9 9 -0.004097973375741134
10 8 2 8 -0.004097973375741134
11 8 2 9 -0.004097973375741134
10 9 3 8 -0.004097973375741134
11 9 3 9 -0.004097973375741134
10 8 10 8 0.010652987852636762
11 8 10 9 0.010652987852636762
10 9 11 8 0.010652987852636762
11 9 11 9 0.010652987852636762
10 10 8 8 0.010652987852636762
11 10 8 9 0.010652987852636762
10 11 9 8 0.010652987852636762
11 11 9 9 0.010652987852636762
10 0 0 10 0.17303253537841978
11 0 0 11 0.17303253537841978
10 1 1 10 0.17303253537841978
11 1 1 11 0.17303253537841978
10 0 4 10 -0.03204018829888976
11 0 4 11 -0.03204018829888976
10 1 5 10 -0.03204018829888976
11 1 5 11 -0.03204018829888976
10 2 2 10 0.12324875432115395
11 2 2 11 0.12324875432115395
10 3 3 10 0.12324875432115395
11 3 3 11 0.12324875432115395
10 2 10 10 -0.03296117021400856
11 2 10 11 -0.03296117021400856
10 3 11 10 -0.03296117021400856
11 3 11 11 -0.03296117021400856
10 4 0 10 -0.032040188298889744
11 4 0 11 -0.032040188298889744
10 5 1 10 -0.032040188298889744
11 5 1 11 -0.032040188298889744
10 4 4 10 0.12687711339540872
11 4 4 11 0.12687711339540872
10 5 5 10 0.12687711339540872
11 5 5 11 0.12687711339540872
10 6 6 10 0.1854883164434733
11 6 6 11 0.1854883164434733
10 7 7 10 0.1854883164434733
11 7 7 11 0.1854883164434733
10 8 8 10 0.1854883164434733
11 8 8 11 0.1854883164434733
10 9 9 10 0.1854883164434733
11 9 9 11 0.1854883164434733
10 10 2 10 -0.03296117021400856
11 10 2 11 -0.03296117021400856
10 11 3 10 -0.03296117021400856
11 11 3 11 -0.03296117021400856
10 10 10 10 0.19531022170949236
11 10 10 11 0.19531022170949236
10 11 11 10 0.19531022170949236
11 11 11 11 0.19531022170949236
