-12.718059929115404
0 0 -0.9760259724905355
1 1 -0.9760259724905355
0 4 0.023766995514857003
1 5 0.023766995514857003
2 2 -0.881561313560726
3 3 -0.881561313560726
2 10 0.020308246288954196
3 11 0.020308246288954196
4 0 0.023766995514857336
5 1 0.023766995514857336
4 4 -0.8683344842876979
5 5 -0.8683344842876979
6 6 -0.8226523977998104
7 7 -0.8226523977998104
8 8 -0.8226523977998104
9 9 -0.8226523977998104
10 2 0.020308246288953946
11 3 0.020308246288953946
10 10 -0.8312135598416646
11 11 -0.8312135598416646
0 0 0 0 0.17323263066958902
1 0 0 1 0.17323263066958902
0 1 1 0 0.17323263066958902
1 1 1 1 0.17323263066958902
0 0 4 0 -0.030662543699353843
1 0 4 1 -0.030662543699353843
0 1 5 0 -0.030662543699353843
1 1 5 1 -0.030662543699353843
0 2 2 0 0.1045368994245249
1 2 2 1 0.1045368994245249
0 3 3 0 0.1045368994245249
1 3 3 1 0.1045368994245249
0 2 10 0 -0.025216634879656735
1 2 10 1 -0.025216634879656735
0 3 11 0 -0.025216634879656735
1 3 11 1 -0.025216634879656735
0 4 0 0 -0.030662543699353815
1 4 0 1 -0.030662543699353815
0 5 1 0 -0.030662543699353815
1 5 1 1 -0.030662543699353815
0 4 4 0 0.10936514374551867
1 4 4 1 0.10936514374551867
0 5 5 0 0.10936514374551867
1 5 5 1 0.10936514374551867
0 6 6 0 0.18733843924870594
1 6 6 1 0.18733843924870594
0 7 7 0 0.18733843924870594
1 7 7 1 0.18733843924870594
0 8 8 0 0.18733843924870594
1 8 8 1 0.18733843924870594
0 9 9 0 0.18733843924870594
1 9 9 1 0.18733843924870594
0 10 2 0 -0.025216634879656738
1 10 2 1 -0.025216634879656738
0 11 3 0 -0.025216634879656738
1 11 3 1 -0.025216634879656738
0 10 10 0 0.18152015141839872
1 10 10 1 0.18152015141839872
0 11 11 0 0.18152015141839872
1 11 11 1 0.18152015141839872
0 0 2 2 0.026637572540045062
1 0 2 3 0.026637572540045062
0 1 3 2 0.026637572540045062
1 1 3 3 0.026637572540045062
0 0 10 2 -0.008657639414976364
1 0 10 3 -0.008657639414976364
0 1 11 2 -0.008657639414976364
1 1 11 3 -0.008657639414976364
0 2 0 2 0.026637572540045062
1 2 0 3 0.026637572540045062
0 3 1 2 0.026637572540045062
1 3 1 3 0.026637572540045062
0 2 4 2 0.05474659197222515
1 2 4 3 0.05474659197222515
0 3 5 2 0.05474659197222515
1 3 5 3 0.05474659197222515
0 4 2 2 0.054746591972225145
1 4 2 3 0.054746591972225145
0 5 3 2 0.054746591972225145
1 5 3 3 0.054746591972225145
0 4 10 2 0.024167336988134468
1 4 10 3 0.024167336988134468
0 5 11 2 0.024167336988134468
1 5 11 3 0.024167336988134468
0 10 0 2 -0.008657639414976362
1 10 0 3 -0.008657639414976362
0 11 1 2 -0.008657639414976362
1 11 1 3 -0.008657639414976362
0 10 4 2 0.024167336988134468
1 10 4 3 0.024167336988134468
0 11 5 2 0.024167336988134468
1 11 5 3 0.024167336988134468
0 0 0 4 -0.030662543699353846
1 0 0 5 -0.030662543699353846
0 1 1 4 -0.030662543699353846
1 1 1 5 -0.030662543699353846
0 0 4 4 0.029380200990621816
1 0 4 5 0.029380200990621816
0 1 5 4 0.029380200990621816
1 1 5 5 0.029380200990621816
0 2 2 4 0.03676260161016898
1 2 2 5 0.03676260161016898
0 3 3 4 0.03676260161016898
1 3 3 5 0.03676260161016898
0 2 10 4 0.024754628789415326
1 2 10 5 0.024754628789415326
0 3 11 4 0.024754628789415326
1 3 11 5 0.024754628789415326
0 4 0 4 0.029380200990621802
1 4 0 5 0.029380200990621802
0 5 1 4 0.029380200990621802
1 5 1 5 0.029380200990621802
0 4 4 4 0.033067639180240985
1 4 4 5 0.033067639180240985
0 5 5 4 0.033067639180240985
1 5 5 5 0.033067639180240985
0 6 6 4 -0.04396680430154097
1 6 6 5 -0.04396680430154097
0 7 7 4 -0.04396680430154097
1 7 7 5 -0.04396680430154097
0 8 8 4 -0.04396680430154097
1 8 8 5 -0.04396680430154097
0 9 9 4 -0.04396680430154097
1 9 9 5 -0.04396680430154097
0 10 2 4 0.024754628789415326
1 10 2 5 0.024754628789415326
0 11 3 4 0.024754628789415326
1 11 3 5 0.024754628789415326
0 10 10 4 -0.03355304985047956
1 10 10 5 -0.03355304985047956
0 11 11 4 -0.03355304985047956
1 11 11 5 -0.03355304985047956
0 0 6 6 0.0372459975176811
1 0 6 7 0.0372459975176811
0 1 7 6 0.0372459975176811
1 1 7 7 0.0372459975176811
0 4 6 6 -0.015246984143292855
1 4 6 7 -0.015246984143292855
0 5 7 6 -0.015246984143292855
1 5 7 7 -0.015246984143292855
0 6 0 6 0.0372459975176811
1 6 0 7 0.0372459975176811
0 7 1 6 0.0372459975176811
1 7 1 7 0.0372459975176811
0 6 4 6 -0.015246984143292855
1 6 4 7 -0.015246984143292855
0 7 5 6 -0.015246984143292855
1 7 5 7 -0.015246984143292855
0 0 8 8 0.0372459975176811
1 0 8 9 0.0372459975176811
0 1 9 8 0.0372459975176811
1 1 9 9 0.0372459975176811
0 4 8 8 -0.015246984143292855
1 4 8 9 -0.015246984143292855
0 5 9 8 -0.015246984143292855
1 5 9 9 -0.015246984143292855
0 8 0 8 0.0372459975176811
1 8 0 9 0.0372459975176811
0 9 1 8 0.0372459975176811
1 9 1 9 0.0372459975176811
0 8 4 8 -0.015246984143292855
1 8 4 9 -0.015246984143292855
0 9 5 8 -0.015246984143292855
1 9 5 9 -0.015246984143292855
0 0 2 10 -0.008657639414976357
1 0 2 11 -0.008657639414976357
0 1 3 10 -0.008657639414976357
1 1 3 11 -0.008657639414976357
0 0 10 10 0.03391728308190574
1 0 10 11 0.03391728308190574
0 1 11 10 0.03391728308190574
1 1 11 11 0.03391728308190574
0 2 0 10 -0.00865763941497636
1 2 0 11 -0.00865763941497636
0 3 1 10 -0.00865763941497636
1 3 1 11 -0.00865763941497636
0 2 4 10 0.008244321505985152
1 2 4 11 0.008244321505985152
0 3 5 10 0.008244321505985152
1 3 5 11 0.008244321505985152
0 4 2 10 0.008244321505985142
1 4 2 11 0.008244321505985142
0 5 3 10 0.008244321505985142
1 5 3 11 0.008244321505985142
0 4 10 10 -0.010809271601698579
1 4 10 11 -0.010809271601698579
0 5 11 10 -0.010809271601698579
1 5 11 11 -0.010809271601698579
0 10 0 10 0.03391728308190574
1 10 0 11 0.03391728308190574
0 11 1 10 0.03391728308190574
1 11 1 11 0.03391728308190574
0 10 4 10 -0.010809271601698579
1 10 4 11 -0.010809271601698579
0 11 5 10 -0.010809271601698579
1 11 5 11 -0.010809271601698579
2 0 2 0 0.026637572540045056
3 0 2 1 0.026637572540045056
2 1 3 0 0.026637572540045056
3 1 3 1 0.026637572540045056
2 0 10 0 -0.00865763941497636
3 0 10 1 -0.00865763941497636
2 1 11 0 -0.00865763941497636
3 1 11 1 -0.00865763941497636
2 2 0 0 0.026637572540045062
3 2 0 1 0.026637572540045062
2 3 1 0 0.026637572540045062
3 3 1 1 0.026637572540045062
2 2 4 0 0.05474659197222515
3 2 4 1 0.05474659197222515
2 3 5 0 0.05474659197222515
3 3 5 1 0.05474659197222515
2 4 2 0 0.054746591972225145
3 4 2 1 0.054746591972225145
2 5 3 0 0.054746591972225145
3 5 3 1 0.054746591972225145
2 4 10 0 0.02416733698813446
3 4 10 1 0.02416733698813446
2 5 11 0 0.02416733698813446
3 5 11 1 0.02416733698813446
2 10 0 0 -0.00865763941497636
3 10 0 1 -0.00865763941497636
2 11 1 0 -0.00865763941497636
3 11 1 1 -0.00865763941497636
2 10 4 0 0.024167336988134468
3 10 4 1 0.024167336988134468
2 11 5 0 0.024167336988134468
3 11 5 1 0.024167336988134468
2 0 0 2 0.1045368994245249
3 0 0 3 0.1045368994245249
2 1 1 2 0.1045368994245249
3 1 1 3 0.1045368994245249
2 0 4 2 0.03676260161016898
3 0 4 3 0.03676260161016898
2 1 5 2 0.03676260161016898
3 1 5 3 0.03676260161016898
2 2 2 2 0.19080600512566698
3 2 2 3 0.19080600512566698
2 3 3 2 0.19080600512566698
3 3 3 3 0.19080600512566698
2 2 10 2 0.031621655595092536
3 2 10 3 0.031621655595092536
2 3 11 2 0.031621655595092536
3 3 11 3 0.031621655595092536
2 4 0 2 0.03676260161016898
3 4 0 3 0.03676260161016898
2 5 1 2 0.03676260161016898
3 5 1 3 0.03676260161016898
2 4 4 2 0.18726662617354584
3 4 4 3 0.18726662617354584
2 5 5 2 0.18726662617354584
3 5 5 3 0.18726662617354584
2 6 6 2 0.0880477467666316
3 6 6 3 0.0880477467666316
2 7 7 2 0.0880477467666316
3 7 7 3 0.0880477467666316
2 8 8 2 0.0880477467666316
3 8 8 3 0.0880477467666316
2 9 9 2 0.0880477467666316
3 9 9 3 0.0880477467666316
2 10 2 2 0.03162165559509253
3 10 2 3 0.03162165559509253
2 11 3 2 0.03162165559509253
3 11 3 3 0.03162165559509253
2 10 10 2 0.10706644623088653
3 10 10 3 0.10706644623088653
2 11 11 2 0.10706644623088653
3 11 11 3 0.10706644623088653
2 0 2 4 0.054746591972225145
3 0 2 5 0.054746591972225145
2 1 3 4 0.054746591972225145
3 1 3 5 0.054746591972225145
2 0 10 4 0.008244321505985143
3 0 10 5 0.008244321505985143
2 1 11 4 0.008244321505985143
3 1 11 5 0.008244321505985143
2 2 0 4 0.054746591972225145
3 2 0 5 0.054746591972225145
2 3 1 4 0.054746591972225145
3 3 1 5 0.054746591972225145
2 2 4 4 0.13463945767012933
3 2 4 5 0.13463945767012933
2 3 5 4 0.13463945767012933
3 3 5 5 0.13463945767012933
2 4 2 4 0.1346394576701293
3 4 2 5 0.1346394576701293
2 5 3 4 0.1346394576701293
3 5 3 5 0.1346394576701293
2 4 10 4 0.04757182676761369
3 4 10 5 0.04757182676761369
2 5 11 4 0.04757182676761369
3 5 11 5 0.04757182676761369
2 10 0 4 0.008244321505985145
3 10 0 5 0.008244321505985145
2 11 1 4 0.008244321505985145
3 11 1 5 0.008244321505985145
2 10 4 4 0.047571826767613706
3 10 4 5 0.047571826767613706
2 11 5 4 0.047571826767613706
3 11 5 5 0.047571826767613706
2 2 6 6 0.0009730696299834516
3 2 6 7 0.0009730696299834516
2 3 7 6 0.0009730696299834516
3 3 7 7 0.0009730696299834516
2 6 2 6 0.0009730696299834516
3 6 2 7 0.0009730696299834516
2 7 3 6 0.0009730696299834516
3 7 3 7 0.0009730696299834516
2 6 10 6 -0.0032896121553820977
3 6 10 7 -0.0032896121553820977
2 7 11 6 -0.0032896121553820977
3 7 11 7 -0.0032896121553820977
2 10 6 6 -0.0032896121553820977
3 10 6 7 -0.0032896121553820977
2 11 7 6 -0.0032896121553820977
3 11 7 7 -0.0032896121553820977
2 2 8 8 0.0009730696299834516
3 2 8 9 0.0009730696299834516
2 3 9 8 0.0009730696299834516
3 3 9 9 0.0009730696299834516
2 8 2 8 0.0009730696299834516
3 8 2 9 0.0009730696299834516
2 9 3 8 0.0009730696299834516
3 9 3 9 0.0009730696299834516
2 8 10 8 -0.0032896121553820977
3 8 10 9 -0.0032896121553820977
2 9 11 8 -0.0032896121553820977
3 9 11 9 -0.0032896121553820977
2 10 8 8 -0.0032896121553820977
3 10 8 9 -0.0032896121553820977
2 11 9 8 -0.0032896121553820977
3 11 9 9 -0.0032896121553820977
2 0 0 10 -0.025216634879656738
3 0 0 11 -0.025216634879656738
2 1 1 10 -0.025216634879656738
3 1 1 11 -0.025216634879656738
2 0 4 10 0.024754628789415336
3 0 4 11 0.024754628789415336
2 1 5 10 0.024754628789415336
3 1 5 11 0.024754628789415336
2 2 2 10 0.03162165559509253
3 2 2 11 0.03162165559509253
2 3 3 10 0.03162165559509253
3 3 3 11 0.03162165559509253
2 2 10 10 0.02271399342677067
3 2 10 11 0.02271399342677067
2 3 11 10 0.02271399342677067
3 3 11 11 0.02271399342677067
2 4 0 10 0.024754628789415336
3 4 0 11 0.024754628789415336
2 5 1 10 0.024754628789415336
3 5 1 11 0.024754628789415336
2 4 4 10 0.02926496361997087
3 4 4 11 0.02926496361997087
2 5 5 10 0.02926496361997087
3 5 5 11 0.02926496361997087
2 6 6 10 -0.03409515508407973
3 6 6 11 -0.03409515508407973
2 7 7 10 -0.03409515508407973
3 7 7 11 -0.03409515508407973
2 8 8 10 -0.03409515508407973
3 8 8 11 -0.03409515508407973
2 9 9 10 -0.03409515508407973
3 9 9 11 -0.03409515508407973
2 10 2 10 0.022713993426770666
3 10 2 11 0.022713993426770666
2 11 3 10 0.022713993426770666
3 11 3 11 0.022713993426770666
2 10 10 10 -0.032068609322384554
3 10 10 11 -0.032068609322384554
2 11 11 10 -0.032068609322384554
3 11 11 11 -0.032068609322384554
4 0 0 0 -0.03066254369935383
5 0 0 1 -0.03066254369935383
4 1 1 0 -0.03066254369935383
5 1 1 1 -0.03066254369935383
4 0 4 0 0.02938020099062182
5 0 4 1 0.02938020099062182
4 1 5 0 0.02938020099062182
5 1 5 1 0.02938020099062182
4 2 2 0 0.03676260161016898
5 2 2 1 0.03676260161016898
4 3 3 0 0.03676260161016898
5 3 3 1 0.03676260161016898
4 2 10 0 0.02475462878941533
5 2 10 1 0.02475462878941533
4 3 11 0 0.02475462878941533
5 3 11 1 0.02475462878941533
4 4 0 0 0.029380200990621802
5 4 0 1 0.029380200990621802
4 5 1 0 0.029380200990621802
5 5 1 1 0.029380200990621802
4 4 4 0 0.03306763918024098
5 4 4 1 0.03306763918024098
4 5 5 0 0.03306763918024098
5 5 5 1 0.03306763918024098
4 6 6 0 -0.04396680430154094
5 6 6 1 -0.04396680430154094
4 7 7 0 -0.04396680430154094
5 7 7 1 -0.04396680430154094
4 8 8 0 -0.04396680430154094
5 8 8 1 -0.04396680430154094
4 9 9 0 -0.04396680430154094
5 9 9 1 -0.04396680430154094
4 10 2 0 0.02475462878941533
5 10 2 1 0.02475462878941533
4 11 3 0 0.02475462878941533
5 11 3 1 0.02475462878941533
4 10 10 0 -0.03355304985047955
5 10 10 1 -0.03355304985047955
4 11 11 0 -0.03355304985047955
5 11 11 1 -0.03355304985047955
4 0 2 2 0.054746591972225145
5 0 2 3 0.054746591972225145
4 1 3 2 0.054746591972225145
5 1 3 3 0.054746591972225145
4 0 10 2 0.008244321505985145
5 0 10 3 0.008244321505985145
4 1 11 2 0.008244321505985145
5 1 11 3 0.008244321505985145
4 2 0 2 0.054746591972225145
5 2 0 3 0.054746591972225145
4 3 1 2 0.054746591972225145
5 3 1 3 0.054746591972225145
4 2 4 2 0.13463945767012933
5 2 4 3 0.13463945767012933
4 3 5 2 0.13463945767012933
5 3 5 3 0.13463945767012933
4 4 2 2 0.1346394576701293
5 4 2 3 0.1346394576701293
4 5 3 2 0.1346394576701293
5 5 3 3 0.1346394576701293
4 4 10 2 0.047571826767613706
5 4 10 3 0.047571826767613706
4 5 11 2 0.047571826767613706
5 5 11 3 0.047571826767613706
4 10 0 2 0.008244321505985145
5 10 0 3 0.008244321505985145
4 11 1 2 0.008244321505985145
5 11 1 3 0.008244321505985145
4 10 4 2 0.04757182676761371
5 10 4 3 0.04757182676761371
4 11 5 2 0.04757182676761371
5 11 5 3 0.04757182676761371
4 0 0 4 0.10936514374551864
5 0 0 5 0.10936514374551864
4 1 1 4 0.10936514374551864
5 1 1 5 0.10936514374551864
4 0 4 4 0.033067639180241
5 0 4 5 0.033067639180241
4 1 5 4 0.033067639180241
5 1 5 5 0.033067639180241
4 2 2 4 0.18726662617354578
5 2 2 5 0.18726662617354578
4 3 3 4 0.18726662617354578
5 3 3 5 0.18726662617354578
4 2 10 4 0.029264963619970864
5 2 10 5 0.029264963619970864
4 3 11 4 0.029264963619970864
5 3 11 5 0.029264963619970864
4 4 0 4 0.033067639180241
5 4 0 5 0.033067639180241
4 5 1 4 0.033067639180241
5 5 1 5 0.033067639180241
4 4 4 4 0.1845443051426378
5 4 4 5 0.1845443051426378
4 5 5 4 0.1845443051426378
5 5 5 5 0.1845443051426378
4 6 6 4 0.09545111437376591
5 6 6 5 0.09545111437376591
4 7 7 4 0.09545111437376591
5 7 7 5 0.09545111437376591
4 8 8 4 0.09545111437376591
5 8 8 5 0.09545111437376591
4 9 9 4 0.09545111437376591
5 9 9 5 0.09545111437376591
4 10 2 4 0.029264963619970857
5 10 2 5 0.029264963619970857
4 11 3 4 0.029264963619970857
5 11 3 5 0.029264963619970857
4 10 10 4 0.11087310644367614
5 10 10 5 0.11087310644367614
4 11 11 4 0.11087310644367614
5 11 11 5 0.11087310644367614
4 0 6 6 -0.015246984143292855
5 0 6 7 -0.015246984143292855
4 1 7 6 -0.015246984143292855
5 1 7 7 -0.015246984143292855
4 4 6 6 0.006252355420948963
5 4 6 7 0.006252355420948963
4 5 7 6 0.006252355420948963
5 5 7 7 0.006252355420948963
4 6 0 6 -0.015246984143292855
5 6 0 7 -0.015246984143292855
4 7 1 6 -0.015246984143292855
5 7 1 7 -0.015246984143292855
4 6 4 6 0.006252355420948963
5 6 4 7 0.006252355420948963
4 7 5 6 0.006252355420948963
5 7 5 7 0.006252355420948963
4 0 8 8 -0.015246984143292855
5 0 8 9 -0.015246984143292855
4 1 9 8 -0.015246984143292855
5 1 9 9 -0.015246984143292855
4 4 8 8 0.006252355420948963
5 4 8 9 0.006252355420948963
4 5 9 8 0.006252355420948963
5 5 9 9 0.006252355420948963
4 8 0 8 -0.015246984143292855
5 8 0 9 -0.015246984143292855
4 9 1 8 -0.015246984143292855
5 9 1 9 -0.015246984143292855
4 8 4 8 0.006252355420948963
5 8 4 9 0.006252355420948963
4 9 5 8 0.006252355420948963
5 9 5 9 0.006252355420948963
4 0 2 10 0.02416733698813446
5 0 2 11 0.02416733698813446
4 1 3 10 0.02416733698813446
5 1 3 11 0.02416733698813446
4 0 10 10 -0.010809271601698582
5 0 10 11 -0.010809271601698582
4 1 11 10 -0.010809271601698582
5 1 11 11 -0.010809271601698582
4 2 0 10 0.02416733698813446
5 2 0 11 0.02416733698813446
4 3 1 10 0.02416733698813446
5 3 1 11 0.02416733698813446
4 2 4 10 0.047571826767613706
5 2 4 11 0.047571826767613706
4 3 5 10 0.047571826767613706
5 3 5 11 0.047571826767613706
4 4 2 10 0.0475718267676137
5 4 2 11 0.0475718267676137
4 5 3 10 0.0475718267676137
5 5 3 11 0.0475718267676137
4 4 10 10 0.02264211461471998
5 4 10 11 0.02264211461471998
4 5 11 10 0.02264211461471998
5 5 11 11 0.02264211461471998
4 10 0 10 -0.010809271601698582
5 10 0 11 -0.010809271601698582
4 11 1 10 -0.010809271601698582
5 11 1 11 -0.010809271601698582
4 10 4 10 0.02264211461471998
5 10 4 11 0.02264211461471998
4 11 5 10 0.02264211461471998
5 11 5 11 0.02264211461471998
6 0 6 0 0.0372459975176811
7 0 6 1 0.0372459975176811
6 1 7 0 0.0372459975176811
7 1 7 1 0.0372459975176811
6 4 6 0 -0.015246984143292855
7 4 6 1 -0.015246984143292855
6 5 7 0 -0.015246984143292855
7 5 7 1 -0.015246984143292855
6 6 0 0 0.0372459975176811
7 6 0 1 0.0372459975176811
6 7 1 0 0.0372459975176811
7 7 1 1 0.0372459975176811
6 6 4 0 -0.015246984143292855
7 6 4 1 -0.015246984143292855
6 7 5 0 -0.015246984143292855
7 7 5 1 -0.015246984143292855
6 2 6 2 0.0009730696299834516
7 2 6 3 0.0009730696299834516
6 3 7 2 0.0009730696299834516
7 3 7 3 0.0009730696299834516
6 6 2 2 0.0009730696299834516
7 6 2 3 0.0009730696299834516
6 7 3 2 0.0009730696299834516
7 7 3 3 0.0009730696299834516
6 6 10 2 -0.0032896121553820977
7 6 10 3 -0.0032896121553820977
6 7 11 2 -0.0032896121553820977
7 7 11 3 -0.0032896121553820977
6 10 6 2 -0.0032896121553820977
7 10 6 3 -0.0032896121553820977
6 11 7 2 -0.0032896121553820977
7 11 7 3 -0.0032896121553820977
6 0 6 4 -0.015246984143292855
7 0 6 5 -0.015246984143292855
6 1 7 4 -0.015246984143292855
7 1 7 5 -0.015246984143292855
6 4 6 4 0.006252355420948963
7 4 6 5 0.006252355420948963
6 5 7 4 0.006252355420948963
7 5 7 5 0.006252355420948963
6 6 0 4 -0.015246984143292855
7 6 0 5 -0.015246984143292855
6 7 1 4 -0.015246984143292855
7 7 1 5 -0.015246984143292855
6 6 4 4 0.006252355420948963
7 6 4 5 0.006252355420948963
6 7 5 4 0.006252355420948963
7 7 5 5 0.006252355420948963
6 0 0 6 0.18733843924870594
7 0 0 7 0.18733843924870594
6 1 1 6 0.18733843924870594
7 1 1 7 0.18733843924870594
6 0 4 6 -0.04396680430154097
7 0 4 7 -0.04396680430154097
6 1 5 6 -0.04396680430154097
7 1 5 7 -0.04396680430154097
6 2 2 6 0.0880477467666316
7 2 2 7 0.0880477467666316
6 3 3 6 0.0880477467666316
7 3 3 7 0.0880477467666316
6 2 10 6 -0.03409515508407973
7 2 10 7 -0.03409515508407973
6 3 11 6 -0.03409515508407973
7 3 11 7 -0.03409515508407973
6 4 0 6 -0.04396680430154094
7 4 0 7 -0.04396680430154094
6 5 1 6 -0.04396680430154094
7 5 1 7 -0.04396680430154094
6 4 4 6 0.09545111437376591
7 4 4 7 0.09545111437376591
6 5 5 6 0.09545111437376591
7 5 5 7 0.09545111437376591
6 6 6 6 0.224929545
7 6 6 7 0.224929545
6 7 7 6 0.224929545
7 7 7 7 0.224929545
6 8 8 6 0.2006801625
7 8 8 7 0.2006801625
6 9 9 6 0.2006801625
7 9 9 7 0.2006801625
6 10 2 6 -0.03409515508407974
7 10 2 7 -0.03409515508407974
6 11 3 6 -0.03409515508407974
7 11 3 7 -0.03409515508407974
6 10 10 6 0.1909278890234714
7 10 10 7 0.1909278890234714
6 11 11 6 0.1909278890234714
7 11 11 7 0.1909278890234714
6 6 8 8 0.0121246915
7 6 8 9 0.0121246915
6 7 9 8 0.0121246915
7 7 9 9 0.0121246915
6 8 6 8 0.0121246915
7 8 6 9 0.0121246915
6 9 7 8 0.0121246915
7 9 7 9 0.0121246915
6 2 6 10 -0.0032896121553820973
7 2 6 11 -0.0032896121553820973
6 3 7 10 -0.0032896121553820973
7 3 7 11 -0.0032896121553820973
6 6 2 10 -0.0032896121553820973
7 6 2 11 -0.0032896121553820973
6 7 3 10 -0.0032896121553820973
7 7 3 11 -0.0032896121553820973
6 6 10 10 0.011223503164931032
7 6 10 11 0.011223503164931032
6 7 11 10 0.011223503164931032
7 7 11 11 0.011223503164931032
6 10 6 10 0.011223503164931032
7 10 6 11 0.011223503164931032
6 11 7 10 0.011223503164931032
7 11 7 11 0.011223503164931032
8 0 8 0 0.0372459975176811
9 0 8 1 0.0372459975176811
8 1 9 0 0.0372459975176811
9 1 9 1 0.0372459975176811
8 4 8 0 -0.015246984143292855
9 4 8 1 -0.015246984143292855
8 5 9 0 -0.015246984143292855
9 5 9 1 -0.015246984143292855
8 8 0 0 0.0372459975176811
9 8 0 1 0.0372459975176811
8 9 1 0 0.0372459975176811
9 9 1 1 0.0372459975176811
8 8 4 0 -0.015246984143292855
9 8 4 1 -0.015246984143292855
8 9 5 0 -0.015246984143292855
9 9 5 1 -0.015246984143292855
8 2 8 2 0.0009730696299834516
9 2 8 3 0.0009730696299834516
8 3 9 2 0.0009730696299834516
9 3 9 3 0.0009730696299834516
8 8 2 2 0.0009730696299834516
9 8 2 3 0.0009730696299834516
8 9 3 2 0.0009730696299834516
9 9 3 3 0.0009730696299834516
8 8 10 2 -0.0032896121553820977
9 8 10 3 -0.0032896121553820977
8 9 11 2 -0.0032896121553820977
9 9 11 3 -0.0032896121553820977
8 10 8 2 -0.0032896121553820977
9 10 8 3 -0.0032896121553820977
8 11 9 2 -0.0032896121553820977
9 11 9 3 -0.0032896121553820977
8 0 8 4 -0.015246984143292855
9 0 8 5 -0.015246984143292855
8 1 9 4 -0.015246984143292855
9 1 9 5 -0.015246984143292855
8 4 8 4 0.006252355420948963
9 4 8 5 0.006252355420948963
8 5 9 4 0.006252355420948963
9 5 9 5 0.006252355420948963
8 8 0 4 -0.015246984143292855
9 8 0 5 -0.015246984143292855
8 9 1 4 -0.015246984143292855
9 9 1 5 -0.015246984143292855
8 8 4 4 0.006252355420948963
9 8 4 5 0.006252355420948963
8 9 5 4 0.006252355420948963
9 9 5 5 0.006252355420948963
8 6 8 6 0.0121246915
9 6 8 7 0.0121246915
8 7 9 6 0.0121246915
9 7 9 7 0.0121246915
8 8 6 6 0.0121246915
9 8 6 7 0.0121246915
8 9 7 6 0.0121246915
9 9 7 7 0.0121246915
8 0 0 8 0.18733843924870594
9 0 0 9 0.18733843924870594
8 1 1 8 0.18733843924870594
9 1 1 9 0.18733843924870594
8 0 4 8 -0.04396680430154097
9 0 4 9 -0.04396680430154097
8 1 5 8 -0.04396680430154097
9 1 5 9 -0.04396680430154097
8 2 2 8 0.0880477467666316
9 2 2 9 0.0880477467666316
8 3 3 8 0.0880477467666316
9 3 3 9 0.0880477467666316
8 2 10 8 -0.03409515508407973
9 2 10 9 -0.03409515508407973
8 3 11 8 -0.03409515508407973
9 3 11 9 -0.03409515508407973
8 4 0 8 -0.04396680430154094
9 4 0 9 -0.04396680430154094
8 5 1 8 -0.04396680430154094
9 5 1 9 -0.04396680430154094
8 4 4 8 0.09545111437376591
9 4 4 9 0.09545111437376591
8 5 5 8 0.09545111437376591
9 5 5 9 0.09545111437376591
8 6 6 8 0.2006801625
9 6 6 9 0.2006801625
8 7 7 8 0.2006801625
9 7 7 9 0.2006801625
8 8 8 8 0.224929545
9 8 8 9 0.224929545
8 9 9 8 0.224929545
9 9 9 9 0.224929545
8 10 2 8 -0.03409515508407974
9 10 2 9 -0.03409515508407974
8 11 3 8 -0.03409515508407974
9 11 3 9 -0.03409515508407974
8 10 10 8 0.1909278890234714
9 10 10 9 0.1909278890234714
8 11 11 8 0.1909278890234714
9 11 11 9 0.1909278890234714
8 2 8 10 -0.0032896121553820973
9 2 8 11 -0.0032896121553820973
8 3 9 10 -0.0032896121553820973
9 3 9 11 -0.0032896121553820973
8 8 2 10 -0.0032896121553820973
9 8 2 11 -0.0032896121553820973
8 9 3 10 -0.0032896121553820973
9 9 3 11 -0.0032896121553820973
8 8 10 10 0.011223503164931032
9 8 10 11 0.011223503164931032
8 9 11 10 0.011223503164931032
9 9 11 11 0.011223503164931032
8 10 8 10 0.011223503164931032
9 10 8 11 0.011223503164931032
8 11 9 10 0.011223503164931032
9 11 9 11 0.011223503164931032
10 0 2 0 -0.008657639414976354
11 0 2 1 -0.008657639414976354
10 1 3 0 -0.008657639414976354
11 1 3 1 -0.008657639414976354
10 0 10 0 0.03391728308190574
11 0 10 1 0.03391728308190574
10 1 11 0 0.03391728308190574
11 1 11 1 0.03391728308190574
10 2 0 0 -0.00865763941497636
11 2 0 1 -0.00865763941497636
10 3 1 0 -0.00865763941497636
11 3 1 1 -0.00865763941497636
10 2 4 0 0.008244321505985149
11 2 4 1 0.008244321505985149
10 3 5 0 0.008244321505985149
11 3 5 1 0.008244321505985149
10 4 2 0 0.00824432150598514
11 4 2 1 0.00824432150598514
10 5 3 0 0.00824432150598514
11 5 3 1 0.00824432150598514
10 4 10 0 -0.010809271601698579
11 4 10 1 -0.010809271601698579
10 5 11 0 -0.010809271601698579
11 5 11 1 -0.010809271601698579
10 10 0 0 0.03391728308190574
11 10 0 1 0.03391728308190574
10 11 1 0 0.03391728308190574
11 11 1 1 0.03391728308190574
10 10 4 0 -0.010809271601698579
11 10 4 1 -0.010809271601698579
10 11 5 0 -0.010809271601698579
11 11 5 1 -0.010809271601698579
10 0 0 2 -0.02521663487965674
11 0 0 3 -0.02521663487965674
10 1 1 2 -0.02521663487965674
11 1 1 3 -0.02521663487965674
10 0 4 2 0.024754628789415332
11 0 4 3 0.024754628789415332
10 1 5 2 0.024754628789415332
11 1 5 3 0.024754628789415332
10 2 2 2 0.031621655595092515
11 2 2 3 0.031621655595092515
10 3 3 2 0.031621655595092515
11 3 3 3 0.031621655595092515
10 2 10 2 0.022713993426770673
11 2 10 3 0.022713993426770673
10 3 11 2 0.022713993426770673
11 3 11 3 0.022713993426770673
10 4 0 2 0.024754628789415326
11 4 0 3 0.024754628789415326
10 5 1 2 0.024754628789415326
11 5 1 3 0.024754628789415326
10 4 4 2 0.02926496361997087
11 4 4 3 0.02926496361997087
10 5 5 2 0.02926496361997087
11 5 5 3 0.02926496361997087
10 6 6 2 -0.03409515508407974
11 6 6 3 -0.03409515508407974
10 7 7 2 -0.03409515508407974
11 7 7 3 -0.03409515508407974
10 8 8 2 -0.03409515508407974
11 8 8 3 -0.03409515508407974
10 9 9 2 -0.03409515508407974
11 9 9 3 -0.03409515508407974
10 10 2 2 0.02271399342677067
11 10 2 3 0.02271399342677067
10 11 3 2 0.02271399342677067
11 11 3 3 0.02271399342677067
10 10 10 2 -0.03206860932238457
11 10 10 3 -0.03206860932238457
10 11 11 2 -0.03206860932238457
11 11 11 3 -0.03206860932238457
10 0 2 4 0.02416733698813446
11 0 2 5 0.02416733698813446
10 1 3 4 0.02416733698813446
11 1 3 5 0.02416733698813446
10 0 10 4 -0.010809271601698579
11 0 10 5 -0.010809271601698579
10 1 11 4 -0.010809271601698579
11 1 11 5 -0.010809271601698579
10 2 0 4 0.02416733698813446
11 2 0 5 0.02416733698813446
10 3 1 4 0.02416733698813446
11 3 1 5 0.02416733698813446
10 2 4 4 0.047571826767613706
11 2 4 5 0.047571826767613706
10 3 5 4 0.047571826767613706
11 3 5 5 0.047571826767613706
10 4 2 4 0.04757182676761369
11 4 2 5 0.04757182676761369
10 5 3 4 0.04757182676761369
11 5 3 5 0.04757182676761369
10 4 10 4 0.02264211461471998
11 4 10 5 0.02264211461471998
10 5 11 4 0.02264211461471998
11 5 11 5 0.02264211461471998
10 10 0 4 -0.010809271601698579
11 10 0 5 -0.010809271601698579
10 11 1 4 -0.010809271601698579
11 11 1 5 -0.010809271601698579
10 10 4 4 0.02264211461471998
11 10 4 5 0.02264211461471998
10 11 5 4 0.02264211461471998
11 11 5 5 0.02264211461471998
10 2 6 6 -0.0032896121553820973
11 2 6 7 -0.0032896121553820973
10 3 7 6 -0.0032896121553820973
11 3 7 7 -0.0032896121553820973
10 6 2 6 -0.0032896121553820973
11 6 2 7 -0.0032896121553820973
10 7 3 6 -0.0032896121553820973
11 7 3 7 -0.0032896121553820973
10 6 10 6 0.011223503164931032
11 6 10 7 0.011223503164931032
10 7 11 6 0.011223503164931032
11 7 11 7 0.011223503164931032
10 10 6 6 0.011223503164931032
11 10 6 7 0.011223503164931032
10 11 7 6 0.011223503164931032
11 11 7 7 0.011223503164931032
10 2 8 8 -0.0032896121553820973
11 2 8 9 -0.0032896121553820973
10 3 9 8 -0.0032896121553820973
11 3 9 9 -0.0032896121553820973
10 8 2 8 -0.0032896121553820973
11 8 2 9 -0.0032896121553820973
10 9 3 8 -0.0032896121553820973
11 9 3 9 -0.0032896121553820973
10 8 10 8 0.011223503164931032
11 8 10 9 0.011223503164931032
10 9 11 8 0.011223503164931032
11 9 11 9 0.011223503164931032
10 10 8 8 0.011223503164931032
11 10 8 9 0.011223503164931032
10 11 9 8 0.011223503164931032
11 11 9 9 0.011223503164931032
10 0 0 10 0.18152015141839878
11 0 0 11 0.18152015141839878
10 1 1 10 0.18152015141839878
11 1 1 11 0.18152015141839878
10 0 4 10 -0.033553049850479556
11 0 4 11 -0.033553049850479556
10 1 5 10 -0.033553049850479556
11 1 5 11 -0.033553049850479556
10 2 2 10 0.10706644623088653
11 2 2 11 0.10706644623088653
10 3 3 10 0.10706644623088653
11 3 3 11 0.10706644623088653
10 2 10 10 -0.03206860932238456
11 2 10 11 -0.03206860932238456
10 3 11 10 -0.03206860932238456
11 3 11 11 -0.03206860932238456
10 4 0 10 -0.033553049850479556
11 4 0 11 -0.033553049850479556
10 5 1 10 -0.033553049850479556
11 5 1 11 -0.033553049850479556
10 4 4 10 0.11087310644367614
11 4 4 11 0.11087310644367614
10 5 5 10 0.11087310644367614
11 5 5 11 0.11087310644367614
10 6 6 10 0.1909278890234714
11 6 6 11 0.1909278890234714
10 7 7 10 0.1909278890234714
11 7 7 11 0.1909278890234714
10 8 8 10 0.1909278890234714
11 8 8 11 0.1909278890234714
10 9 9 10 0.1909278890234714
11 9 9 11 0.1909278890234714
10 10 2 10 -0.03206860932238456
11 10 2 11 -0.03206860932238456
10 11 3 10 -0.03206860932238456
11 11 3 11 -0.03206860932238456
10 10 10 10 0.20449417575215514
11 10 10 11 0.20449417575215514
10 11 11 10 0.20449417575215514
11 11 11 11 0.20449417575215514
