-12.404362064814464
0 0 -1.147313731479635
1 1 -1.147313731479635
0 4 -0.02143668651125069
1 5 -0.02143668651125069
2 2 -1.1108818779637473
3 3 -1.1108818779637473
2 10 0.025214362612851815
3 11 0.025214362612851815
4 0 -0.021436686511250524
5 1 -0.021436686511250524
4 4 -0.9739717769977004
5 5 -0.9739717769977004
6 6 -0.9439719997413283
7 7 -0.9439719997413283
8 8 -0.9439719997413283
9 9 -0.9439719997413283
10 2 0.025214362612852093
11 3 0.025214362612852093
10 10 -0.8744566509253385
11 11 -0.8744566509253385
0 0 0 0 0.1609760887392261
1 0 0 1 0.1609760887392261
0 1 1 0 0.1609760887392261
1 1 1 1 0.1609760887392261
0 0 4 0 0.005515732090539911
1 0 4 1 0.005515732090539911
0 1 5 0 0.005515732090539911
1 1 5 1 0.005515732090539911
0 2 2 0 0.15982413467761053
1 2 2 1 0.15982413467761053
0 3 3 0 0.15982413467761053
1 3 3 1 0.15982413467761053
0 2 10 0 -0.008210621921169736
1 2 10 1 -0.008210621921169736
0 3 11 0 -0.008210621921169736
1 3 11 1 -0.008210621921169736
0 4 0 0 0.0055157320905399165
1 4 0 1 0.0055157320905399165
0 5 1 0 0.0055157320905399165
1 5 1 1 0.0055157320905399165
0 4 4 0 0.16110669069162833
1 4 4 1 0.16110669069162833
0 5 5 0 0.16110669069162833
1 5 5 1 0.16110669069162833
0 6 6 0 0.1645426609241809
1 6 6 1 0.1645426609241809
0 7 7 0 0.1645426609241809
1 7 7 1 0.1645426609241809
0 8 8 0 0.1645426609241809
1 8 8 1 0.1645426609241809
0 9 9 0 0.1645426609241809
1 9 9 1 0.1645426609241809
0 10 2 0 -0.008210621921169734
1 10 2 1 -0.008210621921169734
0 11 3 0 -0.008210621921169734
1 11 3 1 -0.008210621921169734
0 10 10 0 0.17115842325130423
1 10 10 1 0.17115842325130423
0 11 11 0 0.17115842325130423
1 11 11 1 0.17115842325130423
0 0 2 2 0.06682674547109216
1 0 2 3 0.06682674547109216
0 1 3 2 0.06682674547109216
1 1 3 3 0.06682674547109216
0 0 10 2 0.012334795726327074
1 0 10 3 0.012334795726327074
0 1 11 2 0.012334795726327074
1 1 11 3 0.012334795726327074
0 2 0 2 0.06682674547109216
1 2 0 3 0.06682674547109216
0 3 1 2 0.06682674547109216
1 3 1 3 0.06682674547109216
0 2 4 2 -0.05082194438007959
1 2 4 3 -0.05082194438007959
0 3 5 2 -0.05082194438007959
1 3 5 3 -0.05082194438007959
0 4 2 2 -0.05082194438007959
1 4 2 3 -0.05082194438007959
0 5 3 2 -0.05082194438007959
1 5 3 3 -0.05082194438007959
0 4 10 2 -0.06145642833293036
1 4 10 3 -0.06145642833293036
0 5 11 2 -0.06145642833293036
1 5 11 3 -0.06145642833293036
0 10 0 2 0.012334795726327081
1 10 0 3 0.012334795726327081
0 11 1 2 0.012334795726327081
1 11 1 3 0.012334795726327081
0 10 4 2 -0.061456428332930364
1 10 4 3 -0.061456428332930364
0 11 5 2 -0.061456428332930364
1 11 5 3 -0.061456428332930364
0 0 0 4 0.005515732090539922
1 0 0 5 0.005515732090539922
0 1 1 4 0.005515732090539922
1 1 1 5 0.005515732090539922
0 0 4 4 0.04977737414291549
1 0 4 5 0.04977737414291549
0 1 5 4 0.04977737414291549
1 1 5 5 0.04977737414291549
0 2 2 4 -0.02280959706567052
1 2 2 5 -0.02280959706567052
0 3 3 4 -0.02280959706567052
1 3 3 5 -0.02280959706567052
0 2 10 4 -0.04697398804254941
1 2 10 5 -0.04697398804254941
0 3 11 4 -0.04697398804254941
1 3 11 5 -0.04697398804254941
0 4 0 4 0.049777374142915505
1 4 0 5 0.049777374142915505
0 5 1 4 0.049777374142915505
1 5 1 5 0.049777374142915505
0 4 4 4 -0.014964507713450294
1 4 4 5 -0.014964507713450294
0 5 5 4 -0.014964507713450294
1 5 5 5 -0.014964507713450294
0 6 6 4 0.049231819901997945
1 6 6 5 0.049231819901997945
0 7 7 4 0.049231819901997945
1 7 7 5 0.049231819901997945
0 8 8 4 0.049231819901997945
1 8 8 5 0.049231819901997945
0 9 9 4 0.049231819901997945
1 9 9 5 0.049231819901997945
0 10 2 4 -0.0469739880425494
1 10 2 5 -0.0469739880425494
0 11 3 4 -0.0469739880425494
1 11 3 5 -0.0469739880425494
0 10 10 4 0.00942836173511381
1 10 10 5 0.00942836173511381
0 11 11 4 0.00942836173511381
1 11 11 5 0.00942836173511381
0 0 6 6 0.024922650628425816
1 0 6 7 0.024922650628425816
0 1 7 6 0.024922650628425816
1 1 7 7 0.024922650628425816
0 4 6 6 0.022029968718740592
1 4 6 7 0.022029968718740592
0 5 7 6 0.022029968718740592
1 5 7 7 0.022029968718740592
0 6 0 6 0.024922650628425816
1 6 0 7 0.024922650628425816
0 7 1 6 0.024922650628425816
1 7 1 7 0.024922650628425816
0 6 4 6 0.022029968718740592
1 6 4 7 0.022029968718740592
0 7 5 6 0.022029968718740592
1 7 5 7 0.022029968718740592
0 0 8 8 0.024922650628425816
1 0 8 9 0.024922650628425816
0 1 9 8 0.024922650628425816
1 1 9 9 0.024922650628425816
0 4 8 8 0.022029968718740592
1 4 8 9 0.022029968718740592
0 5 9 8 0.022029968718740592
1 5 9 9 0.022029968718740592
0 8 0 8 0.024922650628425816
1 8 0 9 0.024922650628425816
0 9 1 8 0.024922650628425816
1 9 1 9 0.024922650628425816
0 8 4 8 0.022029968718740592
1 8 4 9 0.022029968718740592
0 9 5 8 0.022029968718740592
1 9 5 9 0.022029968718740592
0 0 2 10 0.01233479572632707
1 0 2 11 0.01233479572632707
0 1 3 10 0.01233479572632707
1 1 3 11 0.01233479572632707
0 0 10 10 0.02906403371236252
1 0 10 11 0.02906403371236252
0 1 11 10 0.02906403371236252
1 1 11 11 0.02906403371236252
0 2 0 10 0.012334795726327074
1 2 0 11 0.012334795726327074
0 3 1 10 0.012334795726327074
1 3 1 11 0.012334795726327074
0 2 4 10 -0.033634222049145165
1 2 4 11 -0.033634222049145165
0 3 5 10 -0.033634222049145165
1 3 5 11 -0.033634222049145165
0 4 2 10 -0.03363422204914516
1 4 2 11 -0.03363422204914516
0 5 3 10 -0.03363422204914516
1 5 3 11 -0.03363422204914516
0 4 10 10 -0.012051522369344777
1 4 10 11 -0.012051522369344777
0 5 11 10 -0.012051522369344777
1 5 11 11 -0.012051522369344777
0 10 0 10 0.029064033712362512
1 10 0 11 0.029064033712362512
0 11 1 10 0.029064033712362512
1 11 1 11 0.029064033712362512
0 10 4 10 -0.012051522369344779
1 10 4 11 -0.012051522369344779
0 11 5 10 -0.012051522369344779
1 11 5 11 -0.012051522369344779
2 0 2 0 0.06682674547109216
3 0 2 1 0.06682674547109216
2 1 3 0 0.06682674547109216
3 1 3 1 0.06682674547109216
2 0 10 0 0.012334795726327072
3 0 10 1 0.012334795726327072
2 1 11 0 0.012334795726327072
3 1 11 1 0.012334795726327072
2 2 0 0 0.06682674547109216
3 2 0 1 0.06682674547109216
2 3 1 0 0.06682674547109216
3 3 1 1 0.06682674547109216
2 2 4 0 -0.05082194438007959
3 2 4 1 -0.05082194438007959
2 3 5 0 -0.05082194438007959
3 3 5 1 -0.05082194438007959
2 4 2 0 -0.05082194438007959
3 4 2 1 -0.05082194438007959
2 5 3 0 -0.05082194438007959
3 5 3 1 -0.05082194438007959
2 4 10 0 -0.06145642833293036
3 4 10 1 -0.06145642833293036
2 5 11 0 -0.06145642833293036
3 5 11 1 -0.06145642833293036
2 10 0 0 0.012334795726327077
3 10 0 1 0.012334795726327077
2 11 1 0 0.012334795726327077
3 11 1 1 0.012334795726327077
2 10 4 0 -0.061456428332930364
3 10 4 1 -0.061456428332930364
2 11 5 0 -0.061456428332930364
3 11 5 1 -0.061456428332930364
2 0 0 2 0.15982413467761053
3 0 0 3 0.15982413467761053
2 1 1 2 0.15982413467761053
3 1 1 3 0.15982413467761053
2 0 4 2 -0.02280959706567053
3 0 4 3 -0.02280959706567053
2 1 5 2 -0.02280959706567053
3 1 5 3 -0.02280959706567053
2 2 2 2 0.17597012189665112
3 2 2 3 0.17597012189665112
2 3 3 2 0.17597012189665112
3 3 3 3 0.17597012189665112
2 2 10 2 0.016149030091377033
3 2 10 3 0.016149030091377033
2 3 11 2 0.016149030091377033
3 3 11 3 0.016149030091377033
2 4 0 2 -0.022809597065670525
3 4 0 3 -0.022809597065670525
2 5 1 2 -0.022809597065670525
3 5 1 3 -0.022809597065670525
2 4 4 2 0.1706112349911102
3 4 4 3 0.1706112349911102
2 5 5 2 0.1706112349911102
3 5 5 3 0.1706112349911102
2 6 6 2 0.13652228916641315
3 6 6 3 0.13652228916641315
2 7 7 2 0.13652228916641315
3 7 7 3 0.13652228916641315
2 8 8 2 0.13652228916641315
3 8 8 3 0.13652228916641315
2 9 9 2 0.13652228916641315
3 9 9 3 0.13652228916641315
2 10 2 2 0.016149030091377026
3 10 2 3 0.016149030091377026
2 11 3 2 0.016149030091377026
3 11 3 3 0.016149030091377026
2 10 10 2 0.17021422672926403
3 10 10 3 0.17021422672926403
2 11 11 2 0.17021422672926403
3 11 11 3 0.17021422672926403
2 0 2 4 -0.05082194438007958
3 0 2 5 -0.05082194438007958
2 1 3 4 -0.05082194438007958
3 1 3 5 -0.05082194438007958
2 0 10 4 -0.03363422204914515
3 0 10 5 -0.03363422204914515
2 1 11 4 -0.03363422204914515
3 1 11 5 -0.03363422204914515
2 2 0 4 -0.05082194438007958
3 2 0 5 -0.05082194438007958
2 3 1 4 -0.05082194438007958
3 3 1 5 -0.05082194438007958
2 2 4 4 0.06064375352820098
3 2 4 5 0.06064375352820098
2 3 5 4 0.06064375352820098
3 3 5 5 0.06064375352820098
2 4 2 4 0.06064375352820097
3 4 2 5 0.06064375352820097
2 5 3 4 0.06064375352820097
3 5 3 5 0.06064375352820097
2 4 10 4 0.04764371956581541
3 4 10 5 0.04764371956581541
2 5 11 4 0.04764371956581541
3 5 11 5 0.04764371956581541
2 10 0 4 -0.03363422204914515
3 10 0 5 -0.03363422204914515
2 11 1 4 -0.03363422204914515
3 11 1 5 -0.03363422204914515
2 10 4 4 0.047643719565815416
3 10 4 5 0.047643719565815416
2 11 5 4 0.047643719565815416
3 11 5 5 0.047643719565815416
2 2 6 6 0.003932856664766007
3 2 6 7 0.003932856664766007
2 3 7 6 0.003932856664766007
3 3 7 7 0.003932856664766007
2 6 2 6 0.003932856664766007
3 6 2 7 0.003932856664766007
2 7 3 6 0.003932856664766007
3 7 3 7 0.003932856664766007
2 6 10 6 -0.0057787133711491075
3 6 10 7 -0.0057787133711491075
2 7 11 6 -0.0057787133711491075
3 7 11 7 -0.0057787133711491075
2 10 6 6 -0.0057787133711491075
3 10 6 7 -0.0057787133711491075
2 11 7 6 -0.0057787133711491075
3 11 7 7 -0.0057787133711491075
2 2 8 8 0.003932856664766007
3 2 8 9 0.003932856664766007
2 3 9 8 0.003932856664766007
3 3 9 9 0.003932856664766007
2 8 2 8 0.003932856664766007
3 8 2 9 0.003932856664766007
2 9 3 8 0.003932856664766007
3 9 3 9 0.003932856664766007
2 8 10 8 -0.0057787133711491075
3 8 10 9 -0.0057787133711491075
2 9 11 8 -0.0057787133711491075
3 9 11 9 -0.0057787133711491075
2 10 8 8 -0.0057787133711491075
3 10 8 9 -0.0057787133711491075
2 11 9 8 -0.0057787133711491075
3 11 9 9 -0.0057787133711491075
2 0 0 10 -0.008210621921169746
3 0 0 11 -0.008210621921169746
2 1 1 10 -0.008210621921169746
3 1 1 11 -0.008210621921169746
2 0 4 10 -0.046973988042549396
3 0 4 11 -0.046973988042549396
2 1 5 10 -0.046973988042549396
3 1 5 11 -0.046973988042549396
2 2 2 10 0.016149030091377026
3 2 2 11 0.016149030091377026
2 3 3 10 0.016149030091377026
3 3 3 11 0.016149030091377026
2 2 10 10 0.049189152103962124
3 2 10 11 0.049189152103962124
2 3 11 10 0.049189152103962124
3 3 11 11 0.049189152103962124
2 4 0 10 -0.04697398804254942
3 4 0 11 -0.04697398804254942
2 5 1 10 -0.04697398804254942
3 5 1 11 -0.04697398804254942
2 4 4 10 0.0135555459934951
3 4 4 11 0.0135555459934951
2 5 5 10 0.0135555459934951
3 5 5 11 0.0135555459934951
2 6 6 10 -0.045166290202217366
3 6 6 11 -0.045166290202217366
2 7 7 10 -0.045166290202217366
3 7 7 11 -0.045166290202217366
2 8 8 10 -0.045166290202217366
3 8 8 11 -0.045166290202217366
2 9 9 10 -0.045166290202217366
3 9 9 11 -0.045166290202217366
2 10 2 10 0.04918915210396213
3 10 2 11 0.04918915210396213
2 11 3 10 0.04918915210396213
3 11 3 11 0.04918915210396213
2 10 10 10 -0.016160462996486512
3 10 10 11 -0.016160462996486512
2 11 11 10 -0.016160462996486512
3 11 11 11 -0.016160462996486512
4 0 0 0 0.005515732090539932
5 0 0 1 0.005515732090539932
4 1 1 0 0.005515732090539932
5 1 1 1 0.005515732090539932
4 0 4 0 0.0497773741429155
5 0 4 1 0.0497773741429155
4 1 5 0 0.0497773741429155
5 1 5 1 0.0497773741429155
4 2 2 0 -0.022809597065670525
5 2 2 1 -0.022809597065670525
4 3 3 0 -0.022809597065670525
5 3 3 1 -0.022809597065670525
4 2 10 0 -0.04697398804254941
5 2 10 1 -0.04697398804254941
4 3 11 0 -0.04697398804254941
5 3 11 1 -0.04697398804254941
4 4 0 0 0.04977737414291552
5 4 0 1 0.04977737414291552
4 5 1 0 0.04977737414291552
5 5 1 1 0.04977737414291552
4 4 4 0 -0.014964507713450294
5 4 4 1 -0.014964507713450294
4 5 5 0 -0.014964507713450294
5 5 5 1 -0.014964507713450294
4 6 6 0 0.04923181990199795
5 6 6 1 0.04923181990199795
4 7 7 0 0.04923181990199795
5 7 7 1 0.04923181990199795
4 8 8 0 0.04923181990199795
5 8 8 1 0.04923181990199795
4 9 9 0 0.04923181990199795
5 9 9 1 0.04923181990199795
4 10 2 0 -0.04697398804254941
5 10 2 1 -0.04697398804254941
4 11 3 0 -0.04697398804254941
5 11 3 1 -0.04697398804254941
4 10 10 0 0.009428361735113792
5 10 10 1 0.009428361735113792
4 11 11 0 0.009428361735113792
5 11 11 1 0.009428361735113792
4 0 2 2 -0.05082194438007959
5 0 2 3 -0.05082194438007959
4 1 3 2 -0.05082194438007959
5 1 3 3 -0.05082194438007959
4 0 10 2 -0.03363422204914515
5 0 10 3 -0.03363422204914515
4 1 11 2 -0.03363422204914515
5 1 11 3 -0.03363422204914515
4 2 0 2 -0.05082194438007959
5 2 0 3 -0.05082194438007959
4 3 1 2 -0.05082194438007959
5 3 1 3 -0.05082194438007959
4 2 4 2 0.06064375352820098
5 2 4 3 0.06064375352820098
4 3 5 2 0.06064375352820098
5 3 5 3 0.06064375352820098
4 4 2 2 0.06064375352820097
5 4 2 3 0.06064375352820097
4 5 3 2 0.06064375352820097
5 5 3 3 0.06064375352820097
4 4 10 2 0.04764371956581541
5 4 10 3 0.04764371956581541
4 5 11 2 0.04764371956581541
5 5 11 3 0.04764371956581541
4 10 0 2 -0.03363422204914515
5 10 0 3 -0.03363422204914515
4 11 1 2 -0.03363422204914515
5 11 1 3 -0.03363422204914515
4 10 4 2 0.04764371956581542
5 10 4 3 0.04764371956581542
4 11 5 2 0.04764371956581542
5 11 5 3 0.04764371956581542
4 0 0 4 0.16110669069162836
5 0 0 5 0.16110669069162836
4 1 1 4 0.16110669069162836
5 1 1 5 0.16110669069162836
4 0 4 4 -0.014964507713450304
5 0 4 5 -0.014964507713450304
4 1 5 4 -0.014964507713450304
5 1 5 5 -0.014964507713450304
4 2 2 4 0.1706112349911102
5 2 2 5 0.1706112349911102
4 3 3 4 0.1706112349911102
5 3 3 5 0.1706112349911102
4 2 10 4 0.013555545993495094
5 2 10 5 0.013555545993495094
4 3 11 4 0.013555545993495094
5 3 11 5 0.013555545993495094
4 4 0 4 -0.014964507713450297
5 4 0 5 -0.014964507713450297
4 5 1 4 -0.014964507713450297
5 5 1 5 -0.014964507713450297
4 4 4 4 0.17260792040316789
5 4 4 5 0.17260792040316789
4 5 5 4 0.17260792040316789
5 5 5 5 0.17260792040316789
4 6 6 4 0.14959876145506668
5 6 6 5 0.14959876145506668
4 7 7 4 0.14959876145506668
5 7 7 5 0.14959876145506668
4 8 8 4 0.14959876145506668
5 8 8 5 0.14959876145506668
4 9 9 4 0.14959876145506668
5 9 9 5 0.14959876145506668
4 10 2 4 0.01355554599349509
5 10 2 5 0.01355554599349509
4 11 3 4 0.01355554599349509
5 11 3 5 0.01355554599349509
4 10 10 4 0.17082429714703284
5 10 10 5 0.17082429714703284
4 11 11 4 0.17082429714703284
5 11 11 5 0.17082429714703284
4 0 6 6 0.022029968718740592
5 0 6 7 0.022029968718740592
4 1 7 6 0.022029968718740592
5 1 7 7 0.022029968718740592
4 4 6 6 0.019777197030715343
5 4 6 7 0.019777197030715343
4 5 7 6 0.019777197030715343
5 5 7 7 0.019777197030715343
4 6 0 6 0.022029968718740592
5 6 0 7 0.022029968718740592
4 7 1 6 0.022029968718740592
5 7 1 7 0.022029968718740592
4 6 4 6 0.019777197030715343
5 6 4 7 0.019777197030715343
4 7 5 6 0.019777197030715343
5 7 5 7 0.019777197030715343
4 0 8 8 0.022029968718740592
5 0 8 9 0.022029968718740592
4 1 9 8 0.022029968718740592
5 1 9 9 0.022029968718740592
4 4 8 8 0.019777197030715343
5 4 8 9 0.019777197030715343
4 5 9 8 0.019777197030715343
5 5 9 9 0.019777197030715343
4 8 0 8 0.022029968718740592
5 8 0 9 0.022029968718740592
4 9 1 8 0.022029968718740592
5 9 1 9 0.022029968718740592
4 8 4 8 0.019777197030715343
5 8 4 9 0.019777197030715343
4 9 5 8 0.019777197030715343
5 9 5 9 0.019777197030715343
4 0 2 10 -0.06145642833293037
5 0 2 11 -0.06145642833293037
4 1 3 10 -0.06145642833293037
5 1 3 11 -0.06145642833293037
4 0 10 10 -0.012051522369344777
5 0 10 11 -0.012051522369344777
4 1 11 10 -0.012051522369344777
5 1 11 11 -0.012051522369344777
4 2 0 10 -0.061456428332930364
5 2 0 11 -0.061456428332930364
4 3 1 10 -0.061456428332930364
5 3 1 11 -0.061456428332930364
4 2 4 10 0.04764371956581543
5 2 4 11 0.04764371956581543
4 3 5 10 0.04764371956581543
5 3 5 11 0.04764371956581543
4 4 2 10 0.04764371956581544
5 4 2 11 0.04764371956581544
4 5 3 10 0.04764371956581544
5 5 3 11 0.04764371956581544
4 4 10 10 0.059410093562006765
5 4 10 11 0.059410093562006765
4 5 11 10 0.059410093562006765
5 5 11 11 0.059410093562006765
4 10 0 10 -0.012051522369344784
5 10 0 11 -0.012051522369344784
4 11 1 10 -0.012051522369344784
5 11 1 11 -0.012051522369344784
4 10 4 10 0.059410093562006785
5 10 4 11 0.059410093562006785
4 11 5 10 0.059410093562006785
5 11 5 11 0.059410093562006785
6 0 6 0 0.024922650628425816
7 0 6 1 0.024922650628425816
6 1 7 0 0.024922650628425816
7 1 7 1 0.024922650628425816
6 4 6 0 0.022029968718740592
7 4 6 1 0.022029968718740592
6 5 7 0 0.022029968718740592
7 5 7 1 0.022029968718740592
6 6 0 0 0.024922650628425816
7 6 0 1 0.024922650628425816
6 7 1 0 0.024922650628425816
7 7 1 1 0.024922650628425816
6 6 4 0 0.022029968718740592
7 6 4 1 0.022029968718740592
6 7 5 0 0.022029968718740592
7 7 5 1 0.022029968718740592
6 2 6 2 0.003932856664766007
7 2 6 3 0.003932856664766007
6 3 7 2 0.003932856664766007
7 3 7 3 0.003932856664766007
6 6 2 2 0.003932856664766007
7 6 2 3 0.003932856664766007
6 7 3 2 0.003932856664766007
7 7 3 3 0.003932856664766007
6 6 10 2 -0.0057787133711491075
7 6 10 3 -0.0057787133711491075
6 7 11 2 -0.0057787133711491075
7 7 11 3 -0.0057787133711491075
6 10 6 2 -0.0057787133711491075
7 10 6 3 -0.0057787133711491075
6 11 7 2 -0.0057787133711491075
7 11 7 3 -0.0057787133711491075
6 0 6 4 0.022029968718740592
7 0 6 5 0.022029968718740592
6 1 7 4 0.022029968718740592
7 1 7 5 0.022029968718740592
6 4 6 4 0.019777197030715343
7 4 6 5 0.019777197030715343
6 5 7 4 0.019777197030715343
7 5 7 5 0.019777197030715343
6 6 0 4 0.022029968718740592
7 6 0 5 0.022029968718740592
6 7 1 4 0.022029968718740592
7 7 1 5 0.022029968718740592
6 6 4 4 0.019777197030715343
7 6 4 5 0.019777197030715343
6 7 5 4 0.019777197030715343
7 7 5 5 0.019777197030715343
6 0 0 6 0.1645426609241809
7 0 0 7 0.1645426609241809
6 1 1 6 0.1645426609241809
7 1 1 7 0.1645426609241809
6 0 4 6 0.049231819901997945
7 0 4 7 0.049231819901997945
6 1 5 6 0.049231819901997945
7 1 5 7 0.049231819901997945
6 2 2 6 0.13652228916641315
7 2 2 7 0.13652228916641315
6 3 3 6 0.13652228916641315
7 3 3 7 0.13652228916641315
6 2 10 6 -0.045166290202217366
7 2 10 7 -0.045166290202217366
6 3 11 6 -0.045166290202217366
7 3 11 7 -0.045166290202217366
6 4 0 6 0.04923181990199795
7 4 0 7 0.04923181990199795
6 5 1 6 0.04923181990199795
7 5 1 7 0.04923181990199795
6 4 4 6 0.14959876145506668
7 4 4 7 0.14959876145506668
6 5 5 6 0.14959876145506668
7 5 5 7 0.14959876145506668
6 6 6 6 0.224929545
7 6 6 7 0.224929545
6 7 7 6 0.224929545
7 7 7 7 0.224929545
6 8 8 6 0.2006801625
7 8 8 7 0.2006801625
6 9 9 6 0.2006801625
7 9 9 7 0.2006801625
6 10 2 6 -0.045166290202217366
7 10 2 7 -0.045166290202217366
6 11 3 6 -0.045166290202217366
7 11 3 7 -0.045166290202217366
6 10 10 6 0.17576865753461618
7 10 10 7 0.17576865753461618
6 11 11 6 0.17576865753461618
7 11 11 7 0.17576865753461618
6 6 8 8 0.0121246915
7 6 8 9 0.0121246915
6 7 9 8 0.0121246915
7 7 9 9 0.0121246915
6 8 6 8 0.0121246915
7 8 6 9 0.0121246915
6 9 7 8 0.0121246915
7 9 7 9 0.0121246915
6 2 6 10 -0.005778713371149107
7 2 6 11 -0.005778713371149107
6 3 7 10 -0.005778713371149107
7 3 7 11 -0.005778713371149107
6 6 2 10 -0.005778713371149107
7 6 2 11 -0.005778713371149107
6 7 3 10 -0.005778713371149107
7 7 3 11 -0.005778713371149107
6 6 10 10 0.008919645067199408
7 6 10 11 0.008919645067199408
6 7 11 10 0.008919645067199408
7 7 11 11 0.008919645067199408
6 10 6 10 0.008919645067199408
7 10 6 11 0.008919645067199408
6 11 7 10 0.008919645067199408
7 11 7 11 0.008919645067199408
8 0 8 0 0.024922650628425816
9 0 8 1 0.024922650628425816
8 1 9 0 0.024922650628425816
9 1 9 1 0.024922650628425816
8 4 8 0 0.022029968718740592
9 4 8 1 0.022029968718740592
8 5 9 0 0.022029968718740592
9 5 9 1 0.022029968718740592
8 8 0 0 0.024922650628425816
9 8 0 1 0.024922650628425816
8 9 1 0 0.024922650628425816
9 9 1 1 0.024922650628425816
8 8 4 0 0.022029968718740592
9 8 4 1 0.022029968718740592
8 9 5 0 0.022029968718740592
9 9 5 1 0.022029968718740592
8 2 8 2 0.003932856664766007
9 2 8 3 0.003932856664766007
8 3 9 2 0.003932856664766007
9 3 9 3 0.003932856664766007
8 8 2 2 0.003932856664766007
9 8 2 3 0.003932856664766007
8 9 3 2 0.003932856664766007
9 9 3 3 0.003932856664766007
8 8 10 2 -0.0057787133711491075
9 8 10 3 -0.0057787133711491075
8 9 11 2 -0.0057787133711491075
9 9 11 3 -0.0057787133711491075
8 10 8 2 -0.0057787133711491075
9 10 8 3 -0.0057787133711491075
8 11 9 2 -0.0057787133711491075
9 11 9 3 -0.0057787133711491075
8 0 8 4 0.022029968718740592
9 0 8 5 0.022029968718740592
8 1 9 4 0.022029968718740592
9 1 9 5 0.022029968718740592
8 4 8 4 0.019777197030715343
9 4 8 5 0.019777197030715343
8 5 9 4 0.019777197030715343
9 5 9 5 0.019777197030715343
8 8 0 4 0.022029968718740592
9 8 0 5 0.022029968718740592
8 9 1 4 0.022029968718740592
9 9 1 5 0.022029968718740592
8 8 4 4 0.019777197030715343
9 8 4 5 0.019777197030715343
8 9 5 4 0.019777197030715343
9 9 5 5 0.019777197030715343
8 6 8 6 0.0121246915
9 6 8 7 0.0121246915
8 7 9 6 0.0121246915
9 7 9 7 0.0121246915
8 8 6 6 0.0121246915
9 8 6 7 0.0121246915
8 9 7 6 0.0121246915
9 9 7 7 0.0121246915
8 0 0 8 0.1645426609241809
9 0 0 9 0.1645426609241809
8 1 1 8 0.1645426609241809
9 1 1 9 0.1645426609241809
8 0 4 8 0.049231819901997945
9 0 4 9 0.049231819901997945
8 1 5 8 0.049231819901997945
9 1 5 9 0.049231819901997945
8 2 2 8 0.13652228916641315
9 2 2 9 0.13652228916641315
8 3 3 8 0.13652228916641315
9 3 3 9 0.13652228916641315
8 2 10 8 -0.045166290202217366
9 2 10 9 -0.045166290202217366
8 3 11 8 -0.045166290202217366
9 3 11 9 -0.045166290202217366
8 4 0 8 0.04923181990199795
9 4 0 9 0.04923181990199795
8 5 1 8 0.04923181990199795
9 5 1 9 0.04923181990199795
8 4 4 8 0.14959876145506668
9 4 4 9 0.14959876145506668
8 5 5 8 0.14959876145506668
9 5 5 9 0.14959876145506668
8 6 6 8 0.2006801625
9 6 6 9 0.2006801625
8 7 7 8 0.2006801625
9 7 7 9 0.2006801625
8 8 8 8 0.224929545
9 8 8 9 0.224929545
8 9 9 8 0.224929545
9 9 9 9 0.224929545
8 10 2 8 -0.045166290202217366
9 10 2 9 -0.045166290202217366
8 11 3 8 -0.045166290202217366
9 11 3 9 -0.045166290202217366
8 10 10 8 0.17576865753461618
9 10 10 9 0.17576865753461618
8 11 11 8 0.17576865753461618
9 11 11 9 0.17576865753461618
8 2 8 10 -0.005778713371149107
9 2 8 11 -0.005778713371149107
8 3 9 10 -0.005778713371149107
9 3 9 11 -0.005778713371149107
8 8 2 10 -0.005778713371149107
9 8 2 11 -0.005778713371149107
8 9 3 10 -0.005778713371149107
9 9 3 11 -0.005778713371149107
8 8 10 10 0.008919645067199408
9 8 10 11 0.008919645067199408
8 9 11 10 0.008919645067199408
9 9 11 11 0.008919645067199408
8 10 8 10 0.008919645067199408
9 10 8 11 0.008919645067199408
8 11 9 10 0.008919645067199408
9 11 9 11 0.008919645067199408
10 0 2 0 0.012334795726327077
11 0 2 1 0.012334795726327077
10 1 3 0 0.012334795726327077
11 1 3 1 0.012334795726327077
10 0 10 0 0.029064033712362523
11 0 10 1 0.029064033712362523
10 1 11 0 0.029064033712362523
11 1 11 1 0.029064033712362523
10 2 0 0 0.012334795726327084
11 2 0 1 0.012334795726327084
10 3 1 0 0.012334795726327084
11 3 1 1 0.012334795726327084
10 2 4 0 -0.03363422204914516
11 2 4 1 -0.03363422204914516
10 3 5 0 -0.03363422204914516
11 3 5 1 -0.03363422204914516
10 4 2 0 -0.03363422204914515
11 4 2 1 -0.03363422204914515
10 5 3 0 -0.03363422204914515
11 5 3 1 -0.03363422204914515
10 4 10 0 -0.012051522369344779
11 4 10 1 -0.012051522369344779
10 5 11 0 -0.012051522369344779
11 5 11 1 -0.012051522369344779
10 10 0 0 0.029064033712362512
11 10 0 1 0.029064033712362512
10 11 1 0 0.029064033712362512
11 11 1 1 0.029064033712362512
10 10 4 0 -0.012051522369344776
11 10 4 1 -0.012051522369344776
10 11 5 0 -0.012051522369344776
11 11 5 1 -0.012051522369344776
10 0 0 2 -0.008210621921169753
11 0 0 3 -0.008210621921169753
10 1 1 2 -0.008210621921169753
11 1 1 3 -0.008210621921169753
10 0 4 2 -0.046973988042549396
11 0 4 3 -0.046973988042549396
10 1 5 2 -0.046973988042549396
11 1 5 3 -0.046973988042549396
10 2 2 2 0.016149030091377047
11 2 2 3 0.016149030091377047
10 3 3 2 0.016149030091377047
11 3 3 3 0.016149030091377047
10 2 10 2 0.04918915210396212
11 2 10 3 0.04918915210396212
10 3 11 2 0.04918915210396212
11 3 11 3 0.04918915210396212
10 4 0 2 -0.04697398804254941
11 4 0 3 -0.04697398804254941
10 5 1 2 -0.04697398804254941
11 5 1 3 -0.04697398804254941
10 4 4 2 0.013555545993495108
11 4 4 3 0.013555545993495108
10 5 5 2 0.013555545993495108
11 5 5 3 0.013555545993495108
10 6 6 2 -0.045166290202217366
11 6 6 3 -0.045166290202217366
10 7 7 2 -0.045166290202217366
11 7 7 3 -0.045166290202217366
10 8 8 2 -0.045166290202217366
11 8 8 3 -0.045166290202217366
10 9 9 2 -0.045166290202217366
11 9 9 3 -0.045166290202217366
10 10 2 2 0.049189152103962124
11 10 2 3 0.049189152103962124
10 11 3 2 0.049189152103962124
11 11 3 3 0.049189152103962124
10 10 10 2 -0.016160462996486512
11 10 10 3 -0.016160462996486512
10 11 11 2 -0.016160462996486512
11 11 11 3 -0.016160462996486512
10 0 2 4 -0.06145642833293036
11 0 2 5 -0.06145642833293036
10 1 3 4 -0.06145642833293036
11 1 3 5 -0.06145642833293036
10 0 10 4 -0.012051522369344782
11 0 10 5 -0.012051522369344782
10 1 11 4 -0.012051522369344782
11 1 11 5 -0.012051522369344782
10 2 0 4 -0.06145642833293035
11 2 0 5 -0.06145642833293035
10 3 1 4 -0.06145642833293035
11 3 1 5 -0.06145642833293035
10 2 4 4 0.04764371956581542
11 2 4 5 0.04764371956581542
10 3 5 4 0.04764371956581542
11 3 5 5 0.04764371956581542
10 4 2 4 0.04764371956581542
11 4 2 5 0.04764371956581542
10 5 3 4 0.04764371956581542
11 5 3 5 0.04764371956581542
10 4 10 4 0.05941009356200677
11 4 10 5 0.05941009356200677
10 5 11 4 0.05941009356200677
11 5 11 5 0.05941009356200677
10 10 0 4 -0.012051522369344788
11 10 0 5 -0.012051522369344788
10 11 1 4 -0.012051522369344788
11 11 1 5 -0.012051522369344788
10 10 4 4 0.059410093562006785
11 10 4 5 0.059410093562006785
10 11 5 4 0.059410093562006785
11 11 5 5 0.059410093562006785
10 2 6 6 -0.005778713371149107
11 2 6 7 -0.005778713371149107
10 3 7 6 -0.005778713371149107
11 3 7 7 -0.005778713371149107
10 6 2 6 -0.005778713371149107
11 6 2 7 -0.005778713371149107
10 7 3 6 -0.005778713371149107
11 7 3 7 -0.005778713371149107
10 6 10 6 0.008919645067199408
11 6 10 7 0.008919645067199408
10 7 11 6 0.008919645067199408
11 7 11 7 0.008919645067199408
10 10 6 6 0.008919645067199408
11 10 6 7 0.008919645067199408
10 11 7 6 0.008919645067199408
11 11 7 7 0.008919645067199408
10 2 8 8 -0.005778713371149107
11 2 8 9 -0.005778713371149107
10 3 9 8 -0.005778713371149107
11 3 9 9 -0.005778713371149107
10 8 2 8 -0.005778713371149107
11 8 2 9 -0.005778713371149107
10 9 3 8 -0.005778713371149107
11 9 3 9 -0.005778713371149107
10 8 10 8 0.008919645067199408
11 8 10 9 0.008919645067199408
10 9 11 8 0.008919645067199408
11 9 11 9 0.008919645067199408
10 10 8 8 0.008919645067199408
11 10 8 9 0.008919645067199408
10 11 9 8 0.008919645067199408
11 11 9 9 0.008919645067199408
10 0 0 10 0.1711584232513042
11 0 0 11 0.1711584232513042
10 1 1 10 0.1711584232513042
11 1 1 11 0.1711584232513042
10 0 4 10 0.009428361735113777
11 0 4 11 0.009428361735113777
10 1 5 10 0.009428361735113777
11 1 5 11 0.009428361735113777
10 2 2 10 0.17021422672926403
11 2 2 11 0.17021422672926403
10 3 3 10 0.17021422672926403
11 3 3 11 0.17021422672926403
10 2 10 10 -0.01616046299648652
11 2 10 11 -0.01616046299648652
10 3 11 10 -0.01616046299648652
11 3 11 11 -0.01616046299648652
10 4 0 10 0.009428361735113792
11 4 0 11 0.009428361735113792
10 5 1 10 0.009428361735113792
11 5 1 11 0.009428361735113792
10 4 4 10 0.17082429714703284
11 4 4 11 0.17082429714703284
10 5 5 10 0.17082429714703284
11 5 5 11 0.17082429714703284
10 6 6 10 0.17576865753461618
11 6 6 11 0.17576865753461618
10 7 7 10 0.17576865753461618
11 7 7 11 0.17576865753461618
10 8 8 10 0.17576865753461618
11 8 8 11 0.17576865753461618
10 9 9 10 0.17576865753461618
11 9 9 11 0.17576865753461618
10 10 2 10 -0.016160462996486543
11 10 2 11 -0.016160462996486543
10 11 3 10 -0.016160462996486543
11 11 3 11 -0.016160462996486543
10 10 10 10 0.1916709253511307
11 10 10 11 0.1916709253511307
10 11 11 10 0.1916709253511307
11 11 11 11 0.1916709253511307
