-12.5891983187458
0 0 -1.0397110951972772
1 1 -1.0397110951972772
0 4 0.027596560960754746
1 5 0.027596560960754746
2 2 -0.9771229650527734
3 3 -0.9771229650527734
2 10 0.023422043015326854
3 11 0.023422043015326854
4 0 0.02759656096075469
5 1 0.02759656096075469
4 4 -0.9260031813939238
5 5 -0.9260031813939238
6 6 -0.8740000562183667
7 7 -0.8740000562183667
8 8 -0.8740000562183667
9 9 -0.8740000562183667
10 2 0.023422043015326743
11 3 0.023422043015326743
10 10 -0.8592831467723145
11 11 -0.8592831467723145
0 0 0 0 0.15668681581535654
1 0 0 1 0.15668681581535654
0 1 1 0 0.15668681581535654
1 1 1 1 0.15668681581535654
0 0 4 0 -0.01910852828513125
1 0 4 1 -0.01910852828513125
0 1 5 0 -0.01910852828513125
1 1 5 1 -0.01910852828513125
0 2 2 0 0.13792342945693176
1 2 2 1 0.13792342945693176
0 3 3 0 0.13792342945693176
1 3 3 1 0.13792342945693176
0 2 10 0 -0.01831871965550126
1 2 10 1 -0.01831871965550126
0 3 11 0 -0.01831871965550126
1 3 11 1 -0.01831871965550126
0 4 0 0 -0.01910852828513128
1 4 0 1 -0.01910852828513128
0 5 1 0 -0.01910852828513128
1 5 1 1 -0.01910852828513128
0 4 4 0 0.14208718826343364
1 4 4 1 0.14208718826343364
0 5 5 0 0.14208718826343364
1 5 5 1 0.14208718826343364
0 6 6 0 0.1699116874985055
1 6 6 1 0.1699116874985055
0 7 7 0 0.1699116874985055
1 7 7 1 0.1699116874985055
0 8 8 0 0.1699116874985055
1 8 8 1 0.1699116874985055
0 9 9 0 0.1699116874985055
1 9 9 1 0.1699116874985055
0 10 2 0 -0.01831871965550128
1 10 2 1 -0.01831871965550128
0 11 3 0 -0.01831871965550128
1 11 3 1 -0.01831871965550128
0 10 10 0 0.16619754017345256
1 10 10 1 0.16619754017345256
0 11 11 0 0.16619754017345256
1 11 11 1 0.16619754017345256
0 0 2 2 0.05291625842911942
1 0 2 3 0.05291625842911942
0 1 3 2 0.05291625842911942
1 1 3 3 0.05291625842911942
0 0 10 2 0.002068847918675518
1 0 10 3 0.002068847918675518
0 1 11 2 0.002068847918675518
1 1 11 3 0.002068847918675518
0 2 0 2 0.05291625842911942
1 2 0 3 0.05291625842911942
0 3 1 2 0.05291625842911942
1 3 1 3 0.05291625842911942
0 2 4 2 0.058324573210316186
1 2 4 3 0.058324573210316186
0 3 5 2 0.058324573210316186
1 3 5 3 0.058324573210316186
0 4 2 2 0.05832457321031619
1 4 2 3 0.05832457321031619
0 5 3 2 0.05832457321031619
1 5 3 3 0.05832457321031619
0 4 10 2 0.04911968325447005
1 4 10 3 0.04911968325447005
0 5 11 2 0.04911968325447005
1 5 11 3 0.04911968325447005
0 10 0 2 0.0020688479186755076
1 10 0 3 0.0020688479186755076
0 11 1 2 0.0020688479186755076
1 11 1 3 0.0020688479186755076
0 10 4 2 0.04911968325447004
1 10 4 3 0.04911968325447004
0 11 5 2 0.04911968325447004
1 11 5 3 0.04911968325447004
0 0 0 4 -0.019108528285131265
1 0 0 5 -0.019108528285131265
0 1 1 4 -0.019108528285131265
1 1 1 5 -0.019108528285131265
0 0 4 4 0.04851551889656476
1 0 4 5 0.04851551889656476
0 1 5 4 0.04851551889656476
1 1 5 5 0.04851551889656476
0 2 2 4 0.03181738779131364
1 2 2 5 0.03181738779131364
0 3 3 4 0.03181738779131364
1 3 3 5 0.03181738779131364
0 2 10 4 0.04440646932745354
1 2 10 5 0.04440646932745354
0 3 11 4 0.04440646932745354
1 3 11 5 0.04440646932745354
0 4 0 4 0.04851551889656476
1 4 0 5 0.04851551889656476
0 5 1 4 0.04851551889656476
1 5 1 5 0.04851551889656476
0 4 4 4 0.024737626132469118
1 4 4 5 0.024737626132469118
0 5 5 4 0.024737626132469118
1 5 5 5 0.024737626132469118
0 6 6 4 -0.053178757790599725
1 6 6 5 -0.053178757790599725
0 7 7 4 -0.053178757790599725
1 7 7 5 -0.053178757790599725
0 8 8 4 -0.053178757790599725
1 8 8 5 -0.053178757790599725
0 9 9 4 -0.053178757790599725
1 9 9 5 -0.053178757790599725
0 10 2 4 0.04440646932745357
1 10 2 5 0.04440646932745357
0 11 3 4 0.04440646932745357
1 11 3 5 0.04440646932745357
0 10 10 4 -0.024128094354024673
1 10 10 5 -0.024128094354024673
0 11 11 4 -0.024128094354024673
1 11 11 5 -0.024128094354024673
0 0 6 6 0.029716001202789884
1 0 6 7 0.029716001202789884
0 1 7 6 0.029716001202789884
1 1 7 7 0.029716001202789884
0 4 6 6 -0.02040772812070734
1 4 6 7 -0.02040772812070734
0 5 7 6 -0.02040772812070734
1 5 7 7 -0.02040772812070734
0 6 0 6 0.029716001202789884
1 6 0 7 0.029716001202789884
0 7 1 6 0.029716001202789884
1 7 1 7 0.029716001202789884
0 6 4 6 -0.02040772812070734
1 6 4 7 -0.02040772812070734
0 7 5 6 -0.02040772812070734
1 7 5 7 -0.02040772812070734
0 0 8 8 0.029716001202789884
1 0 8 9 0.029716001202789884
0 1 9 8 0.029716001202789884
1 1 9 9 0.029716001202789884
0 4 8 8 -0.02040772812070734
1 4 8 9 -0.02040772812070734
0 5 9 8 -0.02040772812070734
1 5 9 9 -0.02040772812070734
0 8 0 8 0.029716001202789884
1 8 0 9 0.029716001202789884
0 9 1 8 0.029716001202789884
1 9 1 9 0.029716001202789884
0 8 4 8 -0.02040772812070734
1 8 4 9 -0.02040772812070734
0 9 5 8 -0.02040772812070734
1 9 5 9 -0.02040772812070734
0 0 2 10 0.002068847918675506
1 0 2 11 0.002068847918675506
0 1 3 10 0.002068847918675506
1 1 3 11 0.002068847918675506
0 0 10 10 0.028572907663378336
1 0 10 11 0.028572907663378336
0 1 11 10 0.028572907663378336
1 1 11 11 0.028572907663378336
0 2 0 10 0.0020688479186755093
1 2 0 11 0.0020688479186755093
0 3 1 10 0.0020688479186755093
1 3 1 11 0.0020688479186755093
0 2 4 10 0.02802666399049817
1 2 4 11 0.02802666399049817
0 3 5 10 0.02802666399049817
1 3 5 11 0.02802666399049817
0 4 2 10 0.028026663990498187
1 4 2 11 0.028026663990498187
0 5 3 10 0.028026663990498187
1 5 3 11 0.028026663990498187
0 4 10 10 0.00017088711093988553
1 4 10 11 0.00017088711093988553
0 5 11 10 0.00017088711093988553
1 5 11 11 0.00017088711093988553
0 10 0 10 0.028572907663378333
1 10 0 11 0.028572907663378333
0 11 1 10 0.028572907663378333
1 11 1 11 0.028572907663378333
0 10 4 10 0.00017088711093987685
1 10 4 11 0.00017088711093987685
0 11 5 10 0.00017088711093987685
1 11 5 11 0.00017088711093987685
2 0 2 0 0.05291625842911942
3 0 2 1 0.05291625842911942
2 1 3 0 0.05291625842911942
3 1 3 1 0.05291625842911942
2 0 10 0 0.002068847918675518
3 0 10 1 0.002068847918675518
2 1 11 0 0.002068847918675518
3 1 11 1 0.002068847918675518
2 2 0 0 0.052916258429119414
3 2 0 1 0.052916258429119414
2 3 1 0 0.052916258429119414
3 3 1 1 0.052916258429119414
2 2 4 0 0.058324573210316186
3 2 4 1 0.058324573210316186
2 3 5 0 0.058324573210316186
3 3 5 1 0.058324573210316186
2 4 2 0 0.0583245732103162
3 4 2 1 0.0583245732103162
2 5 3 0 0.0583245732103162
3 5 3 1 0.0583245732103162
2 4 10 0 0.04911968325447005
3 4 10 1 0.04911968325447005
2 5 11 0 0.04911968325447005
3 5 11 1 0.04911968325447005
2 10 0 0 0.002068847918675506
3 10 0 1 0.002068847918675506
2 11 1 0 0.002068847918675506
3 11 1 1 0.002068847918675506
2 10 4 0 0.04911968325447004
3 10 4 1 0.04911968325447004
2 11 5 0 0.04911968325447004
3 11 5 1 0.04911968325447004
2 0 0 2 0.13792342945693173
3 0 0 3 0.13792342945693173
2 1 1 2 0.13792342945693173
3 1 1 3 0.13792342945693173
2 0 4 2 0.031817387791313635
3 0 4 3 0.031817387791313635
2 1 5 2 0.031817387791313635
3 1 5 3 0.031817387791313635
2 2 2 2 0.17315243443705947
3 2 2 3 0.17315243443705947
2 3 3 2 0.17315243443705947
3 3 3 3 0.17315243443705947
2 2 10 2 0.02699535800392388
3 2 10 3 0.02699535800392388
2 3 11 2 0.02699535800392388
3 3 11 3 0.02699535800392388
2 4 0 2 0.03181738779131363
3 4 0 3 0.03181738779131363
2 5 1 2 0.03181738779131363
3 5 1 3 0.03181738779131363
2 4 4 2 0.169141963912915
3 4 4 3 0.169141963912915
2 5 5 2 0.169141963912915
3 5 5 3 0.169141963912915
2 6 6 2 0.114226863166863
3 6 6 3 0.114226863166863
2 7 7 2 0.114226863166863
3 7 7 3 0.114226863166863
2 8 8 2 0.114226863166863
3 8 8 3 0.114226863166863
2 9 9 2 0.114226863166863
3 9 9 3 0.114226863166863
2 10 2 2 0.02699535800392388
3 10 2 3 0.02699535800392388
2 11 3 2 0.02699535800392388
3 11 3 3 0.02699535800392388
2 10 10 2 0.14449947120564727
3 10 10 3 0.14449947120564727
2 11 11 2 0.14449947120564727
3 11 11 3 0.14449947120564727
2 0 2 4 0.058324573210316186
3 0 2 5 0.058324573210316186
2 1 3 4 0.058324573210316186
3 1 3 5 0.058324573210316186
2 0 10 4 0.028026663990498184
3 0 10 5 0.028026663990498184
2 1 11 4 0.028026663990498184
3 1 11 5 0.028026663990498184
2 2 0 4 0.058324573210316186
3 2 0 5 0.058324573210316186
2 3 1 4 0.058324573210316186
3 3 1 5 0.058324573210316186
2 2 4 4 0.08768333345600086
3 2 4 5 0.08768333345600086
2 3 5 4 0.08768333345600086
3 3 5 5 0.08768333345600086
2 4 2 4 0.08768333345600089
3 4 2 5 0.08768333345600089
2 5 3 4 0.08768333345600089
3 5 3 5 0.08768333345600089
2 4 10 4 0.05297301112002814
3 4 10 5 0.05297301112002814
2 5 11 4 0.05297301112002814
3 5 11 5 0.05297301112002814
2 10 0 4 0.02802666399049817
3 10 0 5 0.02802666399049817
2 11 1 4 0.02802666399049817
3 11 1 5 0.02802666399049817
2 10 4 4 0.05297301112002811
3 10 4 5 0.05297301112002811
2 11 5 4 0.05297301112002811
3 11 5 5 0.05297301112002811
2 2 6 6 0.0025770831298542146
3 2 6 7 0.0025770831298542146
2 3 7 6 0.0025770831298542146
3 3 7 7 0.0025770831298542146
2 6 2 6 0.0025770831298542146
3 6 2 7 0.0025770831298542146
2 7 3 6 0.0025770831298542146
3 7 3 7 0.0025770831298542146
2 6 10 6 -0.0049806371146728125
3 6 10 7 -0.0049806371146728125
2 7 11 6 -0.0049806371146728125
3 7 11 7 -0.0049806371146728125
2 10 6 6 -0.0049806371146728125
3 10 6 7 -0.0049806371146728125
2 11 7 6 -0.0049806371146728125
3 11 7 7 -0.0049806371146728125
2 2 8 8 0.0025770831298542146
3 2 8 9 0.0025770831298542146
2 3 9 8 0.0025770831298542146
3 3 9 9 0.0025770831298542146
2 8 2 8 0.0025770831298542146
3 8 2 9 0.0025770831298542146
2 9 3 8 0.0025770831298542146
3 9 3 9 0.0025770831298542146
2 8 10 8 -0.0049806371146728125
3 8 10 9 -0.0049806371146728125
2 9 11 8 -0.0049806371146728125
3 9 11 9 -0.0049806371146728125
2 10 8 8 -0.0049806371146728125
3 10 8 9 -0.0049806371146728125
2 11 9 8 -0.0049806371146728125
3 11 9 9 -0.0049806371146728125
2 0 0 10 -0.018318719655501275
3 0 0 11 -0.018318719655501275
2 1 1 10 -0.018318719655501275
3 1 1 11 -0.018318719655501275
2 0 4 10 0.04440646932745355
3 0 4 11 0.04440646932745355
2 1 5 10 0.04440646932745355
3 1 5 11 0.04440646932745355
2 2 2 10 0.026995358003923893
3 2 2 11 0.026995358003923893
2 3 3 10 0.026995358003923893
3 3 3 11 0.026995358003923893
2 2 10 10 0.04447378465255553
3 2 10 11 0.04447378465255553
2 3 11 10 0.04447378465255553
3 3 11 11 0.04447378465255553
2 4 0 10 0.04440646932745353
3 4 0 11 0.04440646932745353
2 5 1 10 0.04440646932745353
3 5 1 11 0.04440646932745353
2 4 4 10 0.023268979739727233
3 4 4 11 0.023268979739727233
2 5 5 10 0.023268979739727233
3 5 5 11 0.023268979739727233
2 6 6 10 -0.04588486951839375
3 6 6 11 -0.04588486951839375
2 7 7 10 -0.04588486951839375
3 7 7 11 -0.04588486951839375
2 8 8 10 -0.04588486951839375
3 8 8 11 -0.04588486951839375
2 9 9 10 -0.04588486951839375
3 9 9 11 -0.04588486951839375
2 10 2 10 0.04447378465255554
3 10 2 11 0.04447378465255554
2 11 3 10 0.04447378465255554
3 11 3 11 0.04447378465255554
2 10 10 10 -0.027941670414733277
3 10 10 11 -0.027941670414733277
2 11 11 10 -0.027941670414733277
3 11 11 11 -0.027941670414733277
4 0 0 0 -0.019108528285131272
5 0 0 1 -0.019108528285131272
4 1 1 0 -0.019108528285131272
5 1 1 1 -0.019108528285131272
4 0 4 0 0.04851551889656476
5 0 4 1 0.04851551889656476
4 1 5 0 0.04851551889656476
5 1 5 1 0.04851551889656476
4 2 2 0 0.03181738779131365
5 2 2 1 0.03181738779131365
4 3 3 0 0.03181738779131365
5 3 3 1 0.03181738779131365
4 2 10 0 0.04440646932745355
5 2 10 1 0.04440646932745355
4 3 11 0 0.04440646932745355
5 3 11 1 0.04440646932745355
4 4 0 0 0.04851551889656477
5 4 0 1 0.04851551889656477
4 5 1 0 0.04851551889656477
5 5 1 1 0.04851551889656477
4 4 4 0 0.02473762613246914
5 4 4 1 0.02473762613246914
4 5 5 0 0.02473762613246914
5 5 5 1 0.02473762613246914
4 6 6 0 -0.05317875779059973
5 6 6 1 -0.05317875779059973
4 7 7 0 -0.05317875779059973
5 7 7 1 -0.05317875779059973
4 8 8 0 -0.05317875779059973
5 8 8 1 -0.05317875779059973
4 9 9 0 -0.05317875779059973
5 9 9 1 -0.05317875779059973
4 10 2 0 0.04440646932745357
5 10 2 1 0.04440646932745357
4 11 3 0 0.04440646932745357
5 11 3 1 0.04440646932745357
4 10 10 0 -0.0241280943540247
5 10 10 1 -0.0241280943540247
4 11 11 0 -0.0241280943540247
5 11 11 1 -0.0241280943540247
4 0 2 2 0.05832457321031619
5 0 2 3 0.05832457321031619
4 1 3 2 0.05832457321031619
5 1 3 3 0.05832457321031619
4 0 10 2 0.028026663990498184
5 0 10 3 0.028026663990498184
4 1 11 2 0.028026663990498184
5 1 11 3 0.028026663990498184
4 2 0 2 0.05832457321031618
5 2 0 3 0.05832457321031618
4 3 1 2 0.05832457321031618
5 3 1 3 0.05832457321031618
4 2 4 2 0.08768333345600088
5 2 4 3 0.08768333345600088
4 3 5 2 0.08768333345600088
5 3 5 3 0.08768333345600088
4 4 2 2 0.0876833334560009
5 4 2 3 0.0876833334560009
4 5 3 2 0.0876833334560009
5 5 3 3 0.0876833334560009
4 4 10 2 0.05297301112002814
5 4 10 3 0.05297301112002814
4 5 11 2 0.05297301112002814
5 5 11 3 0.05297301112002814
4 10 0 2 0.02802666399049817
5 10 0 3 0.02802666399049817
4 11 1 2 0.02802666399049817
5 11 1 3 0.02802666399049817
4 10 4 2 0.05297301112002811
5 10 4 3 0.05297301112002811
4 11 5 2 0.05297301112002811
5 11 5 3 0.05297301112002811
4 0 0 4 0.1420871882634336
5 0 0 5 0.1420871882634336
4 1 1 4 0.1420871882634336
5 1 1 5 0.1420871882634336
4 0 4 4 0.02473762613246914
5 0 4 5 0.02473762613246914
4 1 5 4 0.02473762613246914
5 1 5 5 0.02473762613246914
4 2 2 4 0.16914196391291503
5 2 2 5 0.16914196391291503
4 3 3 4 0.16914196391291503
5 3 3 5 0.16914196391291503
4 2 10 4 0.023268979739727243
5 2 10 5 0.023268979739727243
4 3 11 4 0.023268979739727243
5 3 11 5 0.023268979739727243
4 4 0 4 0.024737626132469125
5 4 0 5 0.024737626132469125
4 5 1 4 0.024737626132469125
5 5 1 5 0.024737626132469125
4 4 4 4 0.16853150112138077
5 4 4 5 0.16853150112138077
4 5 5 4 0.16853150112138077
5 5 5 5 0.16853150112138077
4 6 6 4 0.12607734160099227
5 6 6 5 0.12607734160099227
4 7 7 4 0.12607734160099227
5 7 7 5 0.12607734160099227
4 8 8 4 0.12607734160099227
5 8 8 5 0.12607734160099227
4 9 9 4 0.12607734160099227
5 9 9 5 0.12607734160099227
4 10 2 4 0.02326897973972723
5 10 2 5 0.02326897973972723
4 11 3 4 0.02326897973972723
5 11 3 5 0.02326897973972723
4 10 10 4 0.14704829880894957
5 10 10 5 0.14704829880894957
4 11 11 4 0.14704829880894957
5 11 11 5 0.14704829880894957
4 0 6 6 -0.020407728120707333
5 0 6 7 -0.020407728120707333
4 1 7 6 -0.020407728120707333
5 1 7 7 -0.020407728120707333
4 4 6 6 0.014080397221099356
5 4 6 7 0.014080397221099356
4 5 7 6 0.014080397221099356
5 5 7 7 0.014080397221099356
4 6 0 6 -0.020407728120707333
5 6 0 7 -0.020407728120707333
4 7 1 6 -0.020407728120707333
5 7 1 7 -0.020407728120707333
4 6 4 6 0.014080397221099356
5 6 4 7 0.014080397221099356
4 7 5 6 0.014080397221099356
5 7 5 7 0.014080397221099356
4 0 8 8 -0.020407728120707333
5 0 8 9 -0.020407728120707333
4 1 9 8 -0.020407728120707333
5 1 9 9 -0.020407728120707333
4 4 8 8 0.014080397221099356
5 4 8 9 0.014080397221099356
4 5 9 8 0.014080397221099356
5 5 9 9 0.014080397221099356
4 8 0 8 -0.020407728120707333
5 8 0 9 -0.020407728120707333
4 9 1 8 -0.020407728120707333
5 9 1 9 -0.020407728120707333
4 8 4 8 0.014080397221099356
5 8 4 9 0.014080397221099356
4 9 5 8 0.014080397221099356
5 9 5 9 0.014080397221099356
4 0 2 10 0.04911968325447005
5 0 2 11 0.04911968325447005
4 1 3 10 0.04911968325447005
5 1 3 11 0.04911968325447005
4 0 10 10 0.00017088711093988726
5 0 10 11 0.00017088711093988726
4 1 11 10 0.00017088711093988726
5 1 11 11 0.00017088711093988726
4 2 0 10 0.04911968325447004
5 2 0 11 0.04911968325447004
4 3 1 10 0.04911968325447004
5 3 1 11 0.04911968325447004
4 2 4 10 0.05297301112002811
5 2 4 11 0.05297301112002811
4 3 5 10 0.05297301112002811
5 3 5 11 0.05297301112002811
4 4 2 10 0.05297301112002813
5 4 2 11 0.05297301112002813
4 5 3 10 0.05297301112002813
5 5 3 11 0.05297301112002813
4 4 10 10 0.04701606313957174
5 4 10 11 0.04701606313957174
4 5 11 10 0.04701606313957174
5 5 11 11 0.04701606313957174
4 10 0 10 0.0001708871109398673
5 10 0 11 0.0001708871109398673
4 11 1 10 0.0001708871109398673
5 11 1 11 0.0001708871109398673
4 10 4 10 0.047016063139571726
5 10 4 11 0.047016063139571726
4 11 5 10 0.047016063139571726
5 11 5 11 0.047016063139571726
6 0 6 0 0.029716001202789884
7 0 6 1 0.029716001202789884
6 1 7 0 0.029716001202789884
7 1 7 1 0.029716001202789884
6 4 6 0 -0.02040772812070734
7 4 6 1 -0.02040772812070734
6 5 7 0 -0.02040772812070734
7 5 7 1 -0.02040772812070734
6 6 0 0 0.029716001202789884
7 6 0 1 0.029716001202789884
6 7 1 0 0.029716001202789884
7 7 1 1 0.029716001202789884
6 6 4 0 -0.02040772812070734
7 6 4 1 -0.02040772812070734
6 7 5 0 -0.02040772812070734
7 7 5 1 -0.02040772812070734
6 2 6 2 0.0025770831298542146
7 2 6 3 0.0025770831298542146
6 3 7 2 0.0025770831298542146
7 3 7 3 0.0025770831298542146
6 6 2 2 0.0025770831298542146
7 6 2 3 0.0025770831298542146
6 7 3 2 0.0025770831298542146
7 7 3 3 0.0025770831298542146
6 6 10 2 -0.0049806371146728125
7 6 10 3 -0.0049806371146728125
6 7 11 2 -0.0049806371146728125
7 7 11 3 -0.0049806371146728125
6 10 6 2 -0.0049806371146728125
7 10 6 3 -0.0049806371146728125
6 11 7 2 -0.0049806371146728125
7 11 7 3 -0.0049806371146728125
6 0 6 4 -0.020407728120707333
7 0 6 5 -0.020407728120707333
6 1 7 4 -0.020407728120707333
7 1 7 5 -0.020407728120707333
6 4 6 4 0.014080397221099356
7 4 6 5 0.014080397221099356
6 5 7 4 0.014080397221099356
7 5 7 5 0.014080397221099356
6 6 0 4 -0.020407728120707333
7 6 0 5 -0.020407728120707333
6 7 1 4 -0.020407728120707333
7 7 1 5 -0.020407728120707333
6 6 4 4 0.014080397221099356
7 6 4 5 0.014080397221099356
6 7 5 4 0.014080397221099356
7 7 5 5 0.014080397221099356
6 0 0 6 0.1699116874985055
7 0 0 7 0.1699116874985055
6 1 1 6 0.1699116874985055
7 1 1 7 0.1699116874985055
6 0 4 6 -0.053178757790599725
7 0 4 7 -0.053178757790599725
6 1 5 6 -0.053178757790599725
7 1 5 7 -0.053178757790599725
6 2 2 6 0.114226863166863
7 2 2 7 0.114226863166863
6 3 3 6 0.114226863166863
7 3 3 7 0.114226863166863
6 2 10 6 -0.04588486951839375
7 2 10 7 -0.04588486951839375
6 3 11 6 -0.04588486951839375
7 3 11 7 -0.04588486951839375
6 4 0 6 -0.05317875779059973
7 4 0 7 -0.05317875779059973
6 5 1 6 -0.05317875779059973
7 5 1 7 -0.05317875779059973
6 4 4 6 0.12607734160099227
7 4 4 7 0.12607734160099227
6 5 5 6 0.12607734160099227
7 5 5 7 0.12607734160099227
6 6 6 6 0.224929545
7 6 6 7 0.224929545
6 7 7 6 0.224929545
7 7 7 7 0.224929545
6 8 8 6 0.2006801625
7 8 8 7 0.2006801625
6 9 9 6 0.2006801625
7 9 9 7 0.2006801625
6 10 2 6 -0.04588486951839374
7 10 2 7 -0.04588486951839374
6 11 3 6 -0.04588486951839374
7 11 3 7 -0.04588486951839374
6 10 10 6 0.17855084286431566
7 10 10 7 0.17855084286431566
6 11 11 6 0.17855084286431566
7 11 11 7 0.17855084286431566
6 6 8 8 0.0121246915
7 6 8 9 0.0121246915
6 7 9 8 0.0121246915
7 7 9 9 0.0121246915
6 8 6 8 0.0121246915
7 8 6 9 0.0121246915
6 9 7 8 0.0121246915
7 9 7 9 0.0121246915
6 2 6 10 -0.004980637114672813
7 2 6 11 -0.004980637114672813
6 3 7 10 -0.004980637114672813
7 3 7 11 -0.004980637114672813
6 6 2 10 -0.004980637114672813
7 6 2 11 -0.004980637114672813
6 7 3 10 -0.004980637114672813
7 7 3 11 -0.004980637114672813
6 6 10 10 0.009800691617068504
7 6 10 11 0.009800691617068504
6 7 11 10 0.009800691617068504
7 7 11 11 0.009800691617068504
6 10 6 10 0.009800691617068504
7 10 6 11 0.009800691617068504
6 11 7 10 0.009800691617068504
7 11 7 11 0.009800691617068504
8 0 8 0 0.029716001202789884
9 0 8 1 0.029716001202789884
8 1 9 0 0.029716001202789884
9 1 9 1 0.029716001202789884
8 4 8 0 -0.02040772812070734
9 4 8 1 -0.02040772812070734
8 5 9 0 -0.02040772812070734
9 5 9 1 -0.02040772812070734
8 8 0 0 0.029716001202789884
9 8 0 1 0.029716001202789884
8 9 1 0 0.029716001202789884
9 9 1 1 0.029716001202789884
8 8 4 0 -0.02040772812070734
9 8 4 1 -0.02040772812070734
8 9 5 0 -0.02040772812070734
9 9 5 1 -0.02040772812070734
8 2 8 2 0.0025770831298542146
9 2 8 3 0.0025770831298542146
8 3 9 2 0.0025770831298542146
9 3 9 3 0.0025770831298542146
8 8 2 2 0.0025770831298542146
9 8 2 3 0.0025770831298542146
8 9 3 2 0.0025770831298542146
9 9 3 3 0.0025770831298542146
8 8 10 2 -0.0049806371146728125
9 8 10 3 -0.0049806371146728125
8 9 11 2 -0.0049806371146728125
9 9 11 3 -0.0049806371146728125
8 10 8 2 -0.0049806371146728125
9 10 8 3 -0.0049806371146728125
8 11 9 2 -0.0049806371146728125
9 11 9 3 -0.0049806371146728125
8 0 8 4 -0.020407728120707333
9 0 8 5 -0.020407728120707333
8 1 9 4 -0.020407728120707333
9 1 9 5 -0.020407728120707333
8 4 8 4 0.014080397221099356
9 4 8 5 0.014080397221099356
8 5 9 4 0.014080397221099356
9 5 9 5 0.014080397221099356
8 8 0 4 -0.020407728120707333
9 8 0 5 -0.020407728120707333
8 9 1 4 -0.020407728120707333
9 9 1 5 -0.020407728120707333
8 8 4 4 0.014080397221099356
9 8 4 5 0.014080397221099356
8 9 5 4 0.014080397221099356
9 9 5 5 0.014080397221099356
8 6 8 6 0.0121246915
9 6 8 7 0.0121246915
8 7 9 6 0.0121246915
9 7 9 7 0.0121246915
8 8 6 6 0.0121246915
9 8 6 7 0.0121246915
8 9 7 6 0.0121246915
9 9 7 7 0.0121246915
8 0 0 8 0.1699116874985055
9 0 0 9 0.1699116874985055
8 1 1 8 0.1699116874985055
9 1 1 9 0.1699116874985055
8 0 4 8 -0.053178757790599725
9 0 4 9 -0.053178757790599725
8 1 5 8 -0.053178757790599725
9 1 5 9 -0.053178757790599725
8 2 2 8 0.114226863166863
9 2 2 9 0.114226863166863
8 3 3 8 0.114226863166863
9 3 3 9 0.114226863166863
8 2 10 8 -0.04588486951839375
9 2 10 9 -0.04588486951839375
8 3 11 8 -0.04588486951839375
9 3 11 9 -0.04588486951839375
8 4 0 8 -0.05317875779059973
9 4 0 9 -0.05317875779059973
8 5 1 8 -0.05317875779059973
9 5 1 9 -0.05317875779059973
8 4 4 8 0.12607734160099227
9 4 4 9 0.12607734160099227
8 5 5 8 0.12607734160099227
9 5 5 9 0.12607734160099227
8 6 6 8 0.2006801625
9 6 6 9 0.2006801625
8 7 7 8 0.2006801625
9 7 7 9 0.2006801625
8 8 8 8 0.224929545
9 8 8 9 0.224929545
8 9 9 8 0.224929545
9 9 9 9 0.224929545
8 10 2 8 -0.04588486951839374
9 10 2 9 -0.04588486951839374
8 11 3 8 -0.04588486951839374
9 11 3 9 -0.04588486951839374
8 10 10 8 0.17855084286431566
9 10 10 9 0.17855084286431566
8 11 11 8 0.17855084286431566
9 11 11 9 0.17855084286431566
8 2 8 10 -0.004980637114672813
9 2 8 11 -0.004980637114672813
8 3 9 10 -0.004980637114672813
9 3 9 11 -0.004980637114672813
8 8 2 10 -0.004980637114672813
9 8 2 11 -0.004980637114672813
8 9 3 10 -0.004980637114672813
9 9 3 11 -0.004980637114672813
8 8 10 10 0.009800691617068504
9 8 10 11 0.009800691617068504
8 9 11 10 0.009800691617068504
9 9 11 11 0.009800691617068504
8 10 8 10 0.009800691617068504
9 10 8 11 0.009800691617068504
8 11 9 10 0.009800691617068504
9 11 9 11 0.009800691617068504
10 0 2 0 0.002068847918675506
11 0 2 1 0.002068847918675506
10 1 3 0 0.002068847918675506
11 1 3 1 0.002068847918675506
10 0 10 0 0.02857290766337833
11 0 10 1 0.02857290766337833
10 1 11 0 0.02857290766337833
11 1 11 1 0.02857290766337833
10 2 0 0 0.002068847918675506
11 2 0 1 0.002068847918675506
10 3 1 0 0.002068847918675506
11 3 1 1 0.002068847918675506
10 2 4 0 0.028026663990498177
11 2 4 1 0.028026663990498177
10 3 5 0 0.028026663990498177
11 3 5 1 0.028026663990498177
10 4 2 0 0.02802666399049819
11 4 2 1 0.02802666399049819
10 5 3 0 0.02802666399049819
11 5 3 1 0.02802666399049819
10 4 10 0 0.0001708871109398838
11 4 10 1 0.0001708871109398838
10 5 11 0 0.0001708871109398838
11 5 11 1 0.0001708871109398838
10 10 0 0 0.02857290766337833
11 10 0 1 0.02857290766337833
10 11 1 0 0.02857290766337833
11 11 1 1 0.02857290766337833
10 10 4 0 0.00017088711093987338
11 10 4 1 0.00017088711093987338
10 11 5 0 0.00017088711093987338
11 11 5 1 0.00017088711093987338
10 0 0 2 -0.01831871965550126
11 0 0 3 -0.01831871965550126
10 1 1 2 -0.01831871965550126
11 1 1 3 -0.01831871965550126
10 0 4 2 0.04440646932745355
11 0 4 3 0.04440646932745355
10 1 5 2 0.04440646932745355
11 1 5 3 0.04440646932745355
10 2 2 2 0.026995358003923893
11 2 2 3 0.026995358003923893
10 3 3 2 0.026995358003923893
11 3 3 3 0.026995358003923893
10 2 10 2 0.04447378465255554
11 2 10 3 0.04447378465255554
10 3 11 2 0.04447378465255554
11 3 11 3 0.04447378465255554
10 4 0 2 0.04440646932745353
11 4 0 3 0.04440646932745353
10 5 1 2 0.04440646932745353
11 5 1 3 0.04440646932745353
10 4 4 2 0.02326897973972726
11 4 4 3 0.02326897973972726
10 5 5 2 0.02326897973972726
11 5 5 3 0.02326897973972726
10 6 6 2 -0.04588486951839374
11 6 6 3 -0.04588486951839374
10 7 7 2 -0.04588486951839374
11 7 7 3 -0.04588486951839374
10 8 8 2 -0.04588486951839374
11 8 8 3 -0.04588486951839374
10 9 9 2 -0.04588486951839374
11 9 9 3 -0.04588486951839374
10 10 2 2 0.04447378465255554
11 10 2 3 0.04447378465255554
10 11 3 2 0.04447378465255554
11 11 3 3 0.04447378465255554
10 10 10 2 -0.02794167041473329
11 10 10 3 -0.02794167041473329
10 11 11 2 -0.02794167041473329
11 11 11 3 -0.02794167041473329
10 0 2 4 0.04911968325447005
11 0 2 5 0.04911968325447005
10 1 3 4 0.04911968325447005
11 1 3 5 0.04911968325447005
10 0 10 4 0.00017088711093988553
11 0 10 5 0.00017088711093988553
10 1 11 4 0.00017088711093988553
11 1 11 5 0.00017088711093988553
10 2 0 4 0.049119683254470047
11 2 0 5 0.049119683254470047
10 3 1 4 0.049119683254470047
11 3 1 5 0.049119683254470047
10 2 4 4 0.05297301112002811
11 2 4 5 0.05297301112002811
10 3 5 4 0.05297301112002811
11 3 5 5 0.05297301112002811
10 4 2 4 0.05297301112002813
11 4 2 5 0.05297301112002813
10 5 3 4 0.05297301112002813
11 5 3 5 0.05297301112002813
10 4 10 4 0.04701606313957175
11 4 10 5 0.04701606313957175
10 5 11 4 0.04701606313957175
11 5 11 5 0.04701606313957175
10 10 0 4 0.00017088711093987338
11 10 0 5 0.00017088711093987338
10 11 1 4 0.00017088711093987338
11 11 1 5 0.00017088711093987338
10 10 4 4 0.047016063139571726
11 10 4 5 0.047016063139571726
10 11 5 4 0.047016063139571726
11 11 5 5 0.047016063139571726
10 2 6 6 -0.004980637114672813
11 2 6 7 -0.004980637114672813
10 3 7 6 -0.004980637114672813
11 3 7 7 -0.004980637114672813
10 6 2 6 -0.004980637114672813
11 6 2 7 -0.004980637114672813
10 7 3 6 -0.004980637114672813
11 7 3 7 -0.004980637114672813
10 6 10 6 0.009800691617068504
11 6 10 7 0.009800691617068504
10 7 11 6 0.009800691617068504
11 7 11 7 0.009800691617068504
10 10 6 6 0.009800691617068504
11 10 6 7 0.009800691617068504
10 11 7 6 0.009800691617068504
11 11 7 7 0.009800691617068504
10 2 8 8 -0.004980637114672813
11 2 8 9 -0.004980637114672813
10 3 9 8 -0.004980637114672813
11 3 9 9 -0.004980637114672813
10 8 2 8 -0.004980637114672813
11 8 2 9 -0.004980637114672813
10 9 3 8 -0.004980637114672813
11 9 3 9 -0.004980637114672813
10 8 10 8 0.009800691617068504
11 8 10 9 0.009800691617068504
10 9 11 8 0.009800691617068504
11 9 11 9 0.009800691617068504
10 10 8 8 0.009800691617068504
11 10 8 9 0.009800691617068504
10 11 9 8 0.009800691617068504
11 11 9 9 0.009800691617068504
10 0 0 10 0.16619754017345262
11 0 0 11 0.16619754017345262
10 1 1 10 0.16619754017345262
11 1 1 11 0.16619754017345262
10 0 4 10 -0.024128094354024722
11 0 4 11 -0.024128094354024722
10 1 5 10 -0.024128094354024722
11 1 5 11 -0.024128094354024722
10 2 2 10 0.14449947120564727
11 2 2 11 0.14449947120564727
10 3 3 10 0.14449947120564727
11 3 3 11 0.14449947120564727
10 2 10 10 -0.027941670414733298
11 2 10 11 -0.027941670414733298
10 3 11 10 -0.027941670414733298
11 3 11 11 -0.027941670414733298
10 4 0 10 -0.024128094354024687
11 4 0 11 -0.024128094354024687
10 5 1 10 -0.024128094354024687
11 5 1 11 -0.024128094354024687
10 4 4 10 0.1470482988089496
11 4 4 11 0.1470482988089496
10 5 5 10 0.1470482988089496
11 5 5 11 0.1470482988089496
10 6 6 10 0.17855084286431566
11 6 6 11 0.17855084286431566
10 7 7 10 0.17855084286431566
11 7 7 11 0.17855084286431566
10 8 8 10 0.17855084286431566
11 8 8 11 0.17855084286431566
10 9 9 10 0.17855084286431566
11 9 9 11 0.17855084286431566
10 10 2 10 -0.027941670414733305
11 10 2 11 -0.027941670414733305
10 11 3 10 -0.027941670414733305
11 11 3 11 -0.027941670414733305
10 10 10 10 0.18700868393471243
11 10 10 11 0.18700868393471243
10 11 11 10 0.18700868393471243
11 11 11 11 0.18700868393471243
