-12.739284914087097
0 0 -0.9668496114591025
1 1 -0.9668496114591025
0 4 0.021753875476896056
1 5 0.021753875476896056
2 2 -0.8664635814276179
3 3 -0.8664635814276179
2 10 0.01900608253357039
3 11 0.01900608253357039
4 0 0.021753875476896112
5 1 0.021753875476896112
4 4 -0.856849749435582
5 5 -0.856849749435582
6 6 -0.814016313964633
7 7 -0.814016313964633
8 8 -0.814016313964633
9 9 -0.814016313964633
10 2 0.019006082533570445
11 3 0.019006082533570445
10 10 -0.8249005591790022
11 11 -0.8249005591790022
0 0 0 0 0.17832476136762163
1 0 0 1 0.17832476136762163
0 1 1 0 0.17832476136762163
1 1 1 1 0.17832476136762163
0 0 4 0 -0.030412717080449188
1 0 4 1 -0.030412717080449188
0 1 5 0 -0.030412717080449188
1 1 5 1 -0.030412717080449188
0 2 2 0 0.09730079562584835
1 2 2 1 0.09730079562584835
0 3 3 0 0.09730079562584835
1 3 3 1 0.09730079562584835
0 2 10 0 -0.024231355551121072
1 2 10 1 -0.024231355551121072
0 3 11 0 -0.024231355551121072
1 3 11 1 -0.024231355551121072
0 4 0 0 -0.03041271708044921
1 4 0 1 -0.03041271708044921
0 5 1 0 -0.03041271708044921
1 5 1 1 -0.03041271708044921
0 4 4 0 0.1017344629261549
1 4 4 1 0.1017344629261549
0 5 5 0 0.1017344629261549
1 5 5 1 0.1017344629261549
0 6 6 0 0.1909350975772443
1 6 6 1 0.1909350975772443
0 7 7 0 0.1909350975772443
1 7 7 1 0.1909350975772443
0 8 8 0 0.1909350975772443
1 8 8 1 0.1909350975772443
0 9 9 0 0.1909350975772443
1 9 9 1 0.1909350975772443
0 10 2 0 -0.024231355551121093
1 10 2 1 -0.024231355551121093
0 11 3 0 -0.024231355551121093
1 11 3 1 -0.024231355551121093
0 10 10 0 0.18601791358767258
1 10 10 1 0.18601791358767258
0 11 11 0 0.18601791358767258
1 11 11 1 0.18601791358767258
0 0 2 2 0.021053248490224316
1 0 2 3 0.021053248490224316
0 1 3 2 0.021053248490224316
1 1 3 3 0.021053248490224316
0 0 10 2 -0.009149191104200845
1 0 10 3 -0.009149191104200845
0 1 11 2 -0.009149191104200845
1 1 11 3 -0.009149191104200845
0 2 0 2 0.02105324849022431
1 2 0 3 0.02105324849022431
0 3 1 2 0.02105324849022431
1 3 1 3 0.02105324849022431
0 2 4 2 0.05075423050302348
1 2 4 3 0.05075423050302348
0 3 5 2 0.05075423050302348
1 3 5 3 0.05075423050302348
0 4 2 2 0.05075423050302347
1 4 2 3 0.05075423050302347
0 5 3 2 0.05075423050302347
1 5 3 3 0.05075423050302347
0 4 10 2 0.01891047554706106
1 4 10 3 0.01891047554706106
0 5 11 2 0.01891047554706106
1 5 11 3 0.01891047554706106
0 10 0 2 -0.009149191104200842
1 10 0 3 -0.009149191104200842
0 11 1 2 -0.009149191104200842
1 11 1 3 -0.009149191104200842
0 10 4 2 0.018910475547061056
1 10 4 3 0.018910475547061056
0 11 5 2 0.018910475547061056
1 11 5 3 0.018910475547061056
0 0 0 4 -0.0304127170804492
1 0 0 5 -0.0304127170804492
0 1 1 4 -0.0304127170804492
1 1 1 5 -0.0304127170804492
0 0 4 4 0.024052644939036173
1 0 4 5 0.024052644939036173
0 1 5 4 0.024052644939036173
1 1 5 5 0.024052644939036173
0 2 2 4 0.035144974708116006
1 2 2 5 0.035144974708116006
0 3 3 4 0.035144974708116006
1 3 3 5 0.035144974708116006
0 2 10 4 0.019762295811417547
1 2 10 5 0.019762295811417547
0 3 11 4 0.019762295811417547
1 3 11 5 0.019762295811417547
0 4 0 4 0.024052644939036173
1 4 0 5 0.024052644939036173
0 5 1 4 0.024052644939036173
1 5 1 5 0.024052644939036173
0 4 4 4 0.0322805415216363
1 4 4 5 0.0322805415216363
0 5 5 4 0.0322805415216363
1 5 5 5 0.0322805415216363
0 6 6 4 -0.040177471718377766
1 6 6 5 -0.040177471718377766
0 7 7 4 -0.040177471718377766
1 7 7 5 -0.040177471718377766
0 8 8 4 -0.040177471718377766
1 8 8 5 -0.040177471718377766
0 9 9 4 -0.040177471718377766
1 9 9 5 -0.040177471718377766
0 10 2 4 0.01976229581141755
1 10 2 5 0.01976229581141755
0 11 3 4 0.01976229581141755
1 11 3 5 0.01976229581141755
0 10 10 4 -0.0326552883879779
1 10 10 5 -0.0326552883879779
0 11 11 4 -0.0326552883879779
1 11 11 5 -0.0326552883879779
0 0 6 6 0.03859652767516363
1 0 6 7 0.03859652767516363
0 1 7 6 0.03859652767516363
1 1 7 7 0.03859652767516363
0 4 6 6 -0.013709189229512963
1 4 6 7 -0.013709189229512963
0 5 7 6 -0.013709189229512963
1 5 7 7 -0.013709189229512963
0 6 0 6 0.03859652767516363
1 6 0 7 0.03859652767516363
0 7 1 6 0.03859652767516363
1 7 1 7 0.03859652767516363
0 6 4 6 -0.013709189229512963
1 6 4 7 -0.013709189229512963
0 7 5 6 -0.013709189229512963
1 7 5 7 -0.013709189229512963
0 0 8 8 0.03859652767516363
1 0 8 9 0.03859652767516363
0 1 9 8 0.03859652767516363
1 1 9 9 0.03859652767516363
0 4 8 8 -0.013709189229512963
1 4 8 9 -0.013709189229512963
0 5 9 8 -0.013709189229512963
1 5 9 9 -0.013709189229512963
0 8 0 8 0.03859652767516363
1 8 0 9 0.03859652767516363
0 9 1 8 0.03859652767516363
1 9 1 9 0.03859652767516363
0 8 4 8 -0.013709189229512963
1 8 4 9 -0.013709189229512963
0 9 5 8 -0.013709189229512963
1 9 5 9 -0.013709189229512963
0 0 2 10 -0.00914919110420084
1 0 2 11 -0.00914919110420084
0 1 3 10 -0.00914919110420084
1 1 3 11 -0.00914919110420084
0 0 10 10 0.035743068602082394
1 0 10 11 0.035743068602082394
0 1 11 10 0.035743068602082394
1 1 11 11 0.035743068602082394
0 2 0 10 -0.00914919110420084
1 2 0 11 -0.00914919110420084
0 3 1 10 -0.00914919110420084
1 3 1 11 -0.00914919110420084
0 2 4 10 0.0038377265534616702
1 2 4 11 0.0038377265534616702
0 3 5 10 0.0038377265534616702
1 3 5 11 0.0038377265534616702
0 4 2 10 0.0038377265534616685
1 4 2 11 0.0038377265534616685
0 5 3 10 0.0038377265534616685
1 5 3 11 0.0038377265534616685
0 4 10 10 -0.01122320574112995
1 4 10 11 -0.01122320574112995
0 5 11 10 -0.01122320574112995
1 5 11 11 -0.01122320574112995
0 10 0 10 0.03574306860208239
1 10 0 11 0.03574306860208239
0 11 1 10 0.03574306860208239
1 11 1 11 0.03574306860208239
0 10 4 10 -0.011223205741129947
1 10 4 11 -0.011223205741129947
0 11 5 10 -0.011223205741129947
1 11 5 11 -0.011223205741129947
2 0 2 0 0.021053248490224313
3 0 2 1 0.021053248490224313
2 1 3 0 0.021053248490224313
3 1 3 1 0.021053248490224313
2 0 10 0 -0.009149191104200842
3 0 10 1 -0.009149191104200842
2 1 11 0 -0.009149191104200842
3 1 11 1 -0.009149191104200842
2 2 0 0 0.021053248490224313
3 2 0 1 0.021053248490224313
2 3 1 0 0.021053248490224313
3 3 1 1 0.021053248490224313
2 2 4 0 0.05075423050302349
3 2 4 1 0.05075423050302349
2 3 5 0 0.05075423050302349
3 3 5 1 0.05075423050302349
2 4 2 0 0.050754230503023474
3 4 2 1 0.050754230503023474
2 5 3 0 0.050754230503023474
3 5 3 1 0.050754230503023474
2 4 10 0 0.01891047554706106
3 4 10 1 0.01891047554706106
2 5 11 0 0.01891047554706106
3 5 11 1 0.01891047554706106
2 10 0 0 -0.009149191104200842
3 10 0 1 -0.009149191104200842
2 11 1 0 -0.009149191104200842
3 11 1 1 -0.009149191104200842
2 10 4 0 0.01891047554706106
3 10 4 1 0.01891047554706106
2 11 5 0 0.01891047554706106
3 11 5 1 0.01891047554706106
2 0 0 2 0.09730079562584834
3 0 0 3 0.09730079562584834
2 1 1 2 0.09730079562584834
3 1 1 3 0.09730079562584834
2 0 4 2 0.035144974708116006
3 0 4 3 0.035144974708116006
2 1 5 2 0.035144974708116006
3 1 5 3 0.035144974708116006
2 2 2 2 0.19523955489016442
3 2 2 3 0.19523955489016442
2 3 3 2 0.19523955489016442
3 3 3 3 0.19523955489016442
2 2 10 2 0.02981060049107419
3 2 10 3 0.02981060049107419
2 3 11 2 0.02981060049107419
3 3 11 3 0.02981060049107419
2 4 0 2 0.035144974708116006
3 4 0 3 0.035144974708116006
2 5 1 2 0.035144974708116006
3 5 1 3 0.035144974708116006
2 4 4 2 0.1920084010235491
3 4 4 3 0.1920084010235491
2 5 5 2 0.1920084010235491
3 5 5 3 0.1920084010235491
2 6 6 2 0.08340094775302506
3 6 6 3 0.08340094775302506
2 7 7 2 0.08340094775302506
3 7 7 3 0.08340094775302506
2 8 8 2 0.08340094775302506
3 8 8 3 0.08340094775302506
2 9 9 2 0.08340094775302506
3 9 9 3 0.08340094775302506
2 10 2 2 0.029810600491074184
3 10 2 3 0.029810600491074184
2 11 3 2 0.029810600491074184
3 11 3 3 0.029810600491074184
2 10 10 2 0.09941041094692603
3 10 10 3 0.09941041094692603
2 11 11 2 0.09941041094692603
3 11 11 3 0.09941041094692603
2 0 2 4 0.05075423050302347
3 0 2 5 0.05075423050302347
2 1 3 4 0.05075423050302347
3 1 3 5 0.05075423050302347
2 0 10 4 0.003837726553461671
3 0 10 5 0.003837726553461671
2 1 11 4 0.003837726553461671
3 1 11 5 0.003837726553461671
2 2 0 4 0.05075423050302347
3 2 0 5 0.05075423050302347
2 3 1 4 0.05075423050302347
3 3 1 5 0.05075423050302347
2 2 4 4 0.14383227816934657
3 2 4 5 0.14383227816934657
2 3 5 4 0.14383227816934657
3 3 5 5 0.14383227816934657
2 4 2 4 0.14383227816934654
3 4 2 5 0.14383227816934654
2 5 3 4 0.14383227816934654
3 5 3 5 0.14383227816934654
2 4 10 4 0.04349025366246413
3 4 10 5 0.04349025366246413
2 5 11 4 0.04349025366246413
3 5 11 5 0.04349025366246413
2 10 0 4 0.0038377265534616676
3 10 0 5 0.0038377265534616676
2 11 1 4 0.0038377265534616676
3 11 1 5 0.0038377265534616676
2 10 4 4 0.043490253662464125
3 10 4 5 0.043490253662464125
2 11 5 4 0.043490253662464125
3 11 5 5 0.043490253662464125
2 2 6 6 0.0007199731021023726
3 2 6 7 0.0007199731021023726
2 3 7 6 0.0007199731021023726
3 3 7 7 0.0007199731021023726
2 6 2 6 0.0007199731021023726
3 6 2 7 0.0007199731021023726
2 7 3 6 0.0007199731021023726
3 7 3 7 0.0007199731021023726
2 6 10 6 -0.0028597772269095298
3 6 10 7 -0.0028597772269095298
2 7 11 6 -0.0028597772269095298
3 7 11 7 -0.0028597772269095298
2 10 6 6 -0.0028597772269095298
3 10 6 7 -0.0028597772269095298
2 11 7 6 -0.0028597772269095298
3 11 7 7 -0.0028597772269095298
2 2 8 8 0.0007199731021023726
3 2 8 9 0.0007199731021023726
2 3 9 8 0.0007199731021023726
3 3 9 9 0.0007199731021023726
2 8 2 8 0.0007199731021023726
3 8 2 9 0.0007199731021023726
2 9 3 8 0.0007199731021023726
3 9 3 9 0.0007199731021023726
2 8 10 8 -0.0028597772269095298
3 8 10 9 -0.0028597772269095298
2 9 11 8 -0.0028597772269095298
3 9 11 9 -0.0028597772269095298
2 10 8 8 -0.0028597772269095298
3 10 8 9 -0.0028597772269095298
2 11 9 8 -0.0028597772269095298
3 11 9 9 -0.0028597772269095298
2 0 0 10 -0.024231355551121075
3 0 0 11 -0.024231355551121075
2 1 1 10 -0.024231355551121075
3 1 1 11 -0.024231355551121075
2 0 4 10 0.01976229581141755
3 0 4 11 0.01976229581141755
2 1 5 10 0.01976229581141755
3 1 5 11 0.01976229581141755
2 2 2 10 0.029810600491074198
3 2 2 11 0.029810600491074198
2 3 3 10 0.029810600491074198
3 3 3 11 0.029810600491074198
2 2 10 10 0.017682315888730062
3 2 10 11 0.017682315888730062
2 3 11 10 0.017682315888730062
3 3 11 11 0.017682315888730062
2 4 0 10 0.019762295811417547
3 4 0 11 0.019762295811417547
2 5 1 10 0.019762295811417547
3 5 1 11 0.019762295811417547
2 4 4 10 0.02796361229454766
3 4 4 11 0.02796361229454766
2 5 5 10 0.02796361229454766
3 5 5 11 0.02796361229454766
2 6 6 10 -0.030231171760507915
3 6 6 11 -0.030231171760507915
2 7 7 10 -0.030231171760507915
3 7 7 11 -0.030231171760507915
2 8 8 10 -0.030231171760507915
3 8 8 11 -0.030231171760507915
2 9 9 10 -0.030231171760507915
3 9 9 11 -0.030231171760507915
2 10 2 10 0.017682315888730055
3 10 2 11 0.017682315888730055
2 11 3 10 0.017682315888730055
3 11 3 11 0.017682315888730055
2 10 10 10 -0.03007144300397357
3 10 10 11 -0.03007144300397357
2 11 11 10 -0.03007144300397357
3 11 11 11 -0.03007144300397357
4 0 0 0 -0.030412717080449216
5 0 0 1 -0.030412717080449216
4 1 1 0 -0.030412717080449216
5 1 1 1 -0.030412717080449216
4 0 4 0 0.024052644939036173
5 0 4 1 0.024052644939036173
4 1 5 0 0.024052644939036173
5 1 5 1 0.024052644939036173
4 2 2 0 0.035144974708116006
5 2 2 1 0.035144974708116006
4 3 3 0 0.035144974708116006
5 3 3 1 0.035144974708116006
4 2 10 0 0.019762295811417543
5 2 10 1 0.019762295811417543
4 3 11 0 0.019762295811417543
5 3 11 1 0.019762295811417543
4 4 0 0 0.024052644939036173
5 4 0 1 0.024052644939036173
4 5 1 0 0.024052644939036173
5 5 1 1 0.024052644939036173
4 4 4 0 0.032280541521636306
5 4 4 1 0.032280541521636306
4 5 5 0 0.032280541521636306
5 5 5 1 0.032280541521636306
4 6 6 0 -0.04017747171837775
5 6 6 1 -0.04017747171837775
4 7 7 0 -0.04017747171837775
5 7 7 1 -0.04017747171837775
4 8 8 0 -0.04017747171837775
5 8 8 1 -0.04017747171837775
4 9 9 0 -0.04017747171837775
5 9 9 1 -0.04017747171837775
4 10 2 0 0.01976229581141755
5 10 2 1 0.01976229581141755
4 11 3 0 0.01976229581141755
5 11 3 1 0.01976229581141755
4 10 10 0 -0.032655288387977904
5 10 10 1 -0.032655288387977904
4 11 11 0 -0.032655288387977904
5 11 11 1 -0.032655288387977904
4 0 2 2 0.05075423050302346
5 0 2 3 0.05075423050302346
4 1 3 2 0.05075423050302346
5 1 3 3 0.05075423050302346
4 0 10 2 0.003837726553461672
5 0 10 3 0.003837726553461672
4 1 11 2 0.003837726553461672
5 1 11 3 0.003837726553461672
4 2 0 2 0.05075423050302347
5 2 0 3 0.05075423050302347
4 3 1 2 0.05075423050302347
5 3 1 3 0.05075423050302347
4 2 4 2 0.14383227816934657
5 2 4 3 0.14383227816934657
4 3 5 2 0.14383227816934657
5 3 5 3 0.14383227816934657
4 4 2 2 0.14383227816934652
5 4 2 3 0.14383227816934652
4 5 3 2 0.14383227816934652
5 5 3 3 0.14383227816934652
4 4 10 2 0.04349025366246413
5 4 10 3 0.04349025366246413
4 5 11 2 0.04349025366246413
5 5 11 3 0.04349025366246413
4 10 0 2 0.003837726553461668
5 10 0 3 0.003837726553461668
4 11 1 2 0.003837726553461668
5 11 1 3 0.003837726553461668
4 10 4 2 0.043490253662464125
5 10 4 3 0.043490253662464125
4 11 5 2 0.043490253662464125
5 11 5 3 0.043490253662464125
4 0 0 4 0.1017344629261549
5 0 0 5 0.1017344629261549
4 1 1 4 0.1017344629261549
5 1 1 5 0.1017344629261549
4 0 4 4 0.0322805415216363
5 0 4 5 0.0322805415216363
4 1 5 4 0.0322805415216363
5 1 5 5 0.0322805415216363
4 2 2 4 0.19200840102354907
5 2 2 5 0.19200840102354907
4 3 3 4 0.19200840102354907
5 3 3 5 0.19200840102354907
4 2 10 4 0.027963612294547645
5 2 10 5 0.027963612294547645
4 3 11 4 0.027963612294547645
5 3 11 5 0.027963612294547645
4 4 0 4 0.03228054152163629
5 4 0 5 0.03228054152163629
4 5 1 4 0.03228054152163629
5 5 1 5 0.03228054152163629
4 4 4 4 0.1893208776145498
5 4 4 5 0.1893208776145498
4 5 5 4 0.1893208776145498
5 5 5 5 0.1893208776145498
4 6 6 4 0.08965821420626705
5 6 6 5 0.08965821420626705
4 7 7 4 0.08965821420626705
5 7 7 5 0.08965821420626705
4 8 8 4 0.08965821420626705
5 8 8 5 0.08965821420626705
4 9 9 4 0.08965821420626705
5 9 9 5 0.08965821420626705
4 10 2 4 0.027963612294547645
5 10 2 5 0.027963612294547645
4 11 3 4 0.027963612294547645
5 11 3 5 0.027963612294547645
4 10 10 4 0.10302875073569505
5 10 10 5 0.10302875073569505
4 11 11 4 0.10302875073569505
5 11 11 5 0.10302875073569505
4 0 6 6 -0.013709189229512964
5 0 6 7 -0.013709189229512964
4 1 7 6 -0.013709189229512964
5 1 7 7 -0.013709189229512964
4 4 6 6 0.004876875855665694
5 4 6 7 0.004876875855665694
4 5 7 6 0.004876875855665694
5 5 7 7 0.004876875855665694
4 6 0 6 -0.013709189229512964
5 6 0 7 -0.013709189229512964
4 7 1 6 -0.013709189229512964
5 7 1 7 -0.013709189229512964
4 6 4 6 0.004876875855665694
5 6 4 7 0.004876875855665694
4 7 5 6 0.004876875855665694
5 7 5 7 0.004876875855665694
4 0 8 8 -0.013709189229512964
5 0 8 9 -0.013709189229512964
4 1 9 8 -0.013709189229512964
5 1 9 9 -0.013709189229512964
4 4 8 8 0.004876875855665694
5 4 8 9 0.004876875855665694
4 5 9 8 0.004876875855665694
5 5 9 9 0.004876875855665694
4 8 0 8 -0.013709189229512964
5 8 0 9 -0.013709189229512964
4 9 1 8 -0.013709189229512964
5 9 1 9 -0.013709189229512964
4 8 4 8 0.004876875855665694
5 8 4 9 0.004876875855665694
4 9 5 8 0.004876875855665694
5 9 5 9 0.004876875855665694
4 0 2 10 0.018910475547061056
5 0 2 11 0.018910475547061056
4 1 3 10 0.018910475547061056
5 1 3 11 0.018910475547061056
4 0 10 10 -0.011223205741129956
5 0 10 11 -0.011223205741129956
4 1 11 10 -0.011223205741129956
5 1 11 11 -0.011223205741129956
4 2 0 10 0.018910475547061056
5 2 0 11 0.018910475547061056
4 3 1 10 0.018910475547061056
5 3 1 11 0.018910475547061056
4 2 4 10 0.04349025366246413
5 2 4 11 0.04349025366246413
4 3 5 10 0.04349025366246413
5 3 5 11 0.04349025366246413
4 4 2 10 0.04349025366246413
5 4 2 11 0.04349025366246413
4 5 3 10 0.04349025366246413
5 5 3 11 0.04349025366246413
4 4 10 10 0.01760535217807552
5 4 10 11 0.01760535217807552
4 5 11 10 0.01760535217807552
5 5 11 11 0.01760535217807552
4 10 0 10 -0.011223205741129954
5 10 0 11 -0.011223205741129954
4 11 1 10 -0.011223205741129954
5 11 1 11 -0.011223205741129954
4 10 4 10 0.01760535217807552
5 10 4 11 0.01760535217807552
4 11 5 10 0.01760535217807552
5 11 5 11 0.01760535217807552
6 0 6 0 0.03859652767516363
7 0 6 1 0.03859652767516363
6 1 7 0 0.03859652767516363
7 1 7 1 0.03859652767516363
6 4 6 0 -0.013709189229512963
7 4 6 1 -0.013709189229512963
6 5 7 0 -0.013709189229512963
7 5 7 1 -0.013709189229512963
6 6 0 0 0.03859652767516363
7 6 0 1 0.03859652767516363
6 7 1 0 0.03859652767516363
7 7 1 1 0.03859652767516363
6 6 4 0 -0.013709189229512963
7 6 4 1 -0.013709189229512963
6 7 5 0 -0.013709189229512963
7 7 5 1 -0.013709189229512963
6 2 6 2 0.0007199731021023726
7 2 6 3 0.0007199731021023726
6 3 7 2 0.0007199731021023726
7 3 7 3 0.0007199731021023726
6 6 2 2 0.0007199731021023726
7 6 2 3 0.0007199731021023726
6 7 3 2 0.0007199731021023726
7 7 3 3 0.0007199731021023726
6 6 10 2 -0.0028597772269095298
7 6 10 3 -0.0028597772269095298
6 7 11 2 -0.0028597772269095298
7 7 11 3 -0.0028597772269095298
6 10 6 2 -0.0028597772269095298
7 10 6 3 -0.0028597772269095298
6 11 7 2 -0.0028597772269095298
7 11 7 3 -0.0028597772269095298
6 0 6 4 -0.013709189229512964
7 0 6 5 -0.013709189229512964
6 1 7 4 -0.013709189229512964
7 1 7 5 -0.013709189229512964
6 4 6 4 0.004876875855665694
7 4 6 5 0.004876875855665694
6 5 7 4 0.004876875855665694
7 5 7 5 0.004876875855665694
6 6 0 4 -0.013709189229512964
7 6 0 5 -0.013709189229512964
6 7 1 4 -0.013709189229512964
7 7 1 5 -0.013709189229512964
6 6 4 4 0.004876875855665694
7 6 4 5 0.004876875855665694
6 7 5 4 0.004876875855665694
7 7 5 5 0.004876875855665694
6 0 0 6 0.1909350975772443
7 0 0 7 0.1909350975772443
6 1 1 6 0.1909350975772443
7 1 1 7 0.1909350975772443
6 0 4 6 -0.040177471718377766
7 0 4 7 -0.040177471718377766
6 1 5 6 -0.040177471718377766
7 1 5 7 -0.040177471718377766
6 2 2 6 0.08340094775302506
7 2 2 7 0.08340094775302506
6 3 3 6 0.08340094775302506
7 3 3 7 0.08340094775302506
6 2 10 6 -0.030231171760507915
7 2 10 7 -0.030231171760507915
6 3 11 6 -0.030231171760507915
7 3 11 7 -0.030231171760507915
6 4 0 6 -0.04017747171837775
7 4 0 7 -0.04017747171837775
6 5 1 6 -0.04017747171837775
7 5 1 7 -0.04017747171837775
6 4 4 6 0.08965821420626705
7 4 4 7 0.08965821420626705
6 5 5 6 0.08965821420626705
7 5 5 7 0.08965821420626705
6 6 6 6 0.224929545
7 6 6 7 0.224929545
6 7 7 6 0.224929545
7 7 7 7 0.224929545
6 8 8 6 0.2006801625
7 8 8 7 0.2006801625
6 9 9 6 0.2006801625
7 9 9 7 0.2006801625
6 10 2 6 -0.030231171760507915
7 10 2 7 -0.030231171760507915
6 11 3 6 -0.030231171760507915
7 11 3 7 -0.030231171760507915
6 10 10 6 0.19331185228070316
7 10 10 7 0.19331185228070316
6 11 11 6 0.19331185228070316
7 11 11 7 0.19331185228070316
6 6 8 8 0.0121246915
7 6 8 9 0.0121246915
6 7 9 8 0.0121246915
7 7 9 9 0.0121246915
6 8 6 8 0.0121246915
7 8 6 9 0.0121246915
6 9 7 8 0.0121246915
7 9 7 9 0.0121246915
6 2 6 10 -0.00285977722690953
7 2 6 11 -0.00285977722690953
6 3 7 10 -0.00285977722690953
7 3 7 11 -0.00285977722690953
6 6 2 10 -0.00285977722690953
7 6 2 11 -0.00285977722690953
6 7 3 10 -0.00285977722690953
7 7 3 11 -0.00285977722690953
6 6 10 10 0.011459052280682306
7 6 10 11 0.011459052280682306
6 7 11 10 0.011459052280682306
7 7 11 11 0.011459052280682306
6 10 6 10 0.011459052280682306
7 10 6 11 0.011459052280682306
6 11 7 10 0.011459052280682306
7 11 7 11 0.011459052280682306
8 0 8 0 0.03859652767516363
9 0 8 1 0.03859652767516363
8 1 9 0 0.03859652767516363
9 1 9 1 0.03859652767516363
8 4 8 0 -0.013709189229512963
9 4 8 1 -0.013709189229512963
8 5 9 0 -0.013709189229512963
9 5 9 1 -0.013709189229512963
8 8 0 0 0.03859652767516363
9 8 0 1 0.03859652767516363
8 9 1 0 0.03859652767516363
9 9 1 1 0.03859652767516363
8 8 4 0 -0.013709189229512963
9 8 4 1 -0.013709189229512963
8 9 5 0 -0.013709189229512963
9 9 5 1 -0.013709189229512963
8 2 8 2 0.0007199731021023726
9 2 8 3 0.0007199731021023726
8 3 9 2 0.0007199731021023726
9 3 9 3 0.0007199731021023726
8 8 2 2 0.0007199731021023726
9 8 2 3 0.0007199731021023726
8 9 3 2 0.0007199731021023726
9 9 3 3 0.0007199731021023726
8 8 10 2 -0.0028597772269095298
9 8 10 3 -0.0028597772269095298
8 9 11 2 -0.0028597772269095298
9 9 11 3 -0.0028597772269095298
8 10 8 2 -0.0028597772269095298
9 10 8 3 -0.0028597772269095298
8 11 9 2 -0.0028597772269095298
9 11 9 3 -0.0028597772269095298
8 0 8 4 -0.013709189229512964
9 0 8 5 -0.013709189229512964
8 1 9 4 -0.013709189229512964
9 1 9 5 -0.013709189229512964
8 4 8 4 0.004876875855665694
9 4 8 5 0.004876875855665694
8 5 9 4 0.004876875855665694
9 5 9 5 0.004876875855665694
8 8 0 4 -0.013709189229512964
9 8 0 5 -0.013709189229512964
8 9 1 4 -0.013709189229512964
9 9 1 5 -0.013709189229512964
8 8 4 4 0.004876875855665694
9 8 4 5 0.004876875855665694
8 9 5 4 0.004876875855665694
9 9 5 5 0.004876875855665694
8 6 8 6 0.0121246915
9 6 8 7 0.0121246915
8 7 9 6 0.0121246915
9 7 9 7 0.0121246915
8 8 6 6 0.0121246915
9 8 6 7 0.0121246915
8 9 7 6 0.0121246915
9 9 7 7 0.0121246915
8 0 0 8 0.1909350975772443
9 0 0 9 0.1909350975772443
8 1 1 8 0.1909350975772443
9 1 1 9 0.1909350975772443
8 0 4 8 -0.040177471718377766
9 0 4 9 -0.040177471718377766
8 1 5 8 -0.040177471718377766
9 1 5 9 -0.040177471718377766
8 2 2 8 0.08340094775302506
9 2 2 9 0.08340094775302506
8 3 3 8 0.08340094775302506
9 3 3 9 0.08340094775302506
8 2 10 8 -0.030231171760507915
9 2 10 9 -0.030231171760507915
8 3 11 8 -0.030231171760507915
9 3 11 9 -0.030231171760507915
8 4 0 8 -0.04017747171837775
9 4 0 9 -0.04017747171837775
8 5 1 8 -0.04017747171837775
9 5 1 9 -0.04017747171837775
8 4 4 8 0.08965821420626705
9 4 4 9 0.08965821420626705
8 5 5 8 0.08965821420626705
9 5 5 9 0.08965821420626705
8 6 6 8 0.2006801625
9 6 6 9 0.2006801625
8 7 7 8 0.2006801625
9 7 7 9 0.2006801625
8 8 8 8 0.224929545
9 8 8 9 0.224929545
8 9 9 8 0.224929545
9 9 9 9 0.224929545
8 10 2 8 -0.030231171760507915
9 10 2 9 -0.030231171760507915
8 11 3 8 -0.030231171760507915
9 11 3 9 -0.030231171760507915
8 10 10 8 0.19331185228070316
9 10 10 9 0.19331185228070316
8 11 11 8 0.19331185228070316
9 11 11 9 0.19331185228070316
8 2 8 10 -0.00285977722690953
9 2 8 11 -0.00285977722690953
8 3 9 10 -0.00285977722690953
9 3 9 11 -0.00285977722690953
8 8 2 10 -0.00285977722690953
9 8 2 11 -0.00285977722690953
8 9 3 10 -0.00285977722690953
9 9 3 11 -0.00285977722690953
8 8 10 10 0.011459052280682306
9 8 10 11 0.011459052280682306
8 9 11 10 0.011459052280682306
9 9 11 11 0.011459052280682306
8 10 8 10 0.011459052280682306
9 10 8 11 0.011459052280682306
8 11 9 10 0.011459052280682306
9 11 9 11 0.011459052280682306
10 0 2 0 -0.00914919110420084
11 0 2 1 -0.00914919110420084
10 1 3 0 -0.00914919110420084
11 1 3 1 -0.00914919110420084
10 0 10 0 0.0357430686020824
11 0 10 1 0.0357430686020824
10 1 11 0 0.0357430686020824
11 1 11 1 0.0357430686020824
10 2 0 0 -0.009149191104200842
11 2 0 1 -0.009149191104200842
10 3 1 0 -0.009149191104200842
11 3 1 1 -0.009149191104200842
10 2 4 0 0.003837726553461672
11 2 4 1 0.003837726553461672
10 3 5 0 0.003837726553461672
11 3 5 1 0.003837726553461672
10 4 2 0 0.0038377265534616685
11 4 2 1 0.0038377265534616685
10 5 3 0 0.0038377265534616685
11 5 3 1 0.0038377265534616685
10 4 10 0 -0.011223205741129956
11 4 10 1 -0.011223205741129956
10 5 11 0 -0.011223205741129956
11 5 11 1 -0.011223205741129956
10 10 0 0 0.035743068602082394
11 10 0 1 0.035743068602082394
10 11 1 0 0.035743068602082394
11 11 1 1 0.035743068602082394
10 10 4 0 -0.011223205741129949
11 10 4 1 -0.011223205741129949
10 11 5 0 -0.011223205741129949
11 11 5 1 -0.011223205741129949
10 0 0 2 -0.024231355551121082
11 0 0 3 -0.024231355551121082
10 1 1 2 -0.024231355551121082
11 1 1 3 -0.024231355551121082
10 0 4 2 0.01976229581141755
11 0 4 3 0.01976229581141755
10 1 5 2 0.01976229581141755
11 1 5 3 0.01976229581141755
10 2 2 2 0.029810600491074188
11 2 2 3 0.029810600491074188
10 3 3 2 0.029810600491074188
11 3 3 3 0.029810600491074188
10 2 10 2 0.017682315888730055
11 2 10 3 0.017682315888730055
10 3 11 2 0.017682315888730055
11 3 11 3 0.017682315888730055
10 4 0 2 0.019762295811417547
11 4 0 3 0.019762295811417547
10 5 1 2 0.019762295811417547
11 5 1 3 0.019762295811417547
10 4 4 2 0.027963612294547656
11 4 4 3 0.027963612294547656
10 5 5 2 0.027963612294547656
11 5 5 3 0.027963612294547656
10 6 6 2 -0.030231171760507915
11 6 6 3 -0.030231171760507915
10 7 7 2 -0.030231171760507915
11 7 7 3 -0.030231171760507915
10 8 8 2 -0.030231171760507915
11 8 8 3 -0.030231171760507915
10 9 9 2 -0.030231171760507915
11 9 9 3 -0.030231171760507915
10 10 2 2 0.017682315888730055
11 10 2 3 0.017682315888730055
10 11 3 2 0.017682315888730055
11 11 3 3 0.017682315888730055
10 10 10 2 -0.030071443003973554
11 10 10 3 -0.030071443003973554
10 11 11 2 -0.030071443003973554
11 11 11 3 -0.030071443003973554
10 0 2 4 0.01891047554706106
11 0 2 5 0.01891047554706106
10 1 3 4 0.01891047554706106
11 1 3 5 0.01891047554706106
10 0 10 4 -0.011223205741129953
11 0 10 5 -0.011223205741129953
10 1 11 4 -0.011223205741129953
11 1 11 5 -0.011223205741129953
10 2 0 4 0.01891047554706106
11 2 0 5 0.01891047554706106
10 3 1 4 0.01891047554706106
11 3 1 5 0.01891047554706106
10 2 4 4 0.04349025366246413
11 2 4 5 0.04349025366246413
10 3 5 4 0.04349025366246413
11 3 5 5 0.04349025366246413
10 4 2 4 0.04349025366246413
11 4 2 5 0.04349025366246413
10 5 3 4 0.04349025366246413
11 5 3 5 0.04349025366246413
10 4 10 4 0.017605352178075517
11 4 10 5 0.017605352178075517
10 5 11 4 0.017605352178075517
11 5 11 5 0.017605352178075517
10 10 0 4 -0.011223205741129953
11 10 0 5 -0.011223205741129953
10 11 1 4 -0.011223205741129953
11 11 1 5 -0.011223205741129953
10 10 4 4 0.017605352178075517
11 10 4 5 0.017605352178075517
10 11 5 4 0.017605352178075517
11 11 5 5 0.017605352178075517
10 2 6 6 -0.00285977722690953
11 2 6 7 -0.00285977722690953
10 3 7 6 -0.00285977722690953
11 3 7 7 -0.00285977722690953
10 6 2 6 -0.00285977722690953
11 6 2 7 -0.00285977722690953
10 7 3 6 -0.00285977722690953
11 7 3 7 -0.00285977722690953
10 6 10 6 0.011459052280682306
11 6 10 7 0.011459052280682306
10 7 11 6 0.011459052280682306
11 7 11 7 0.011459052280682306
10 10 6 6 0.011459052280682306
11 10 6 7 0.011459052280682306
10 11 7 6 0.011459052280682306
11 11 7 7 0.011459052280682306
10 2 8 8 -0.00285977722690953
11 2 8 9 -0.00285977722690953
10 3 9 8 -0.00285977722690953
11 3 9 9 -0.00285977722690953
10 8 2 8 -0.00285977722690953
11 8 2 9 -0.00285977722690953
10 9 3 8 -0.00285977722690953
11 9 3 9 -0.00285977722690953
10 8 10 8 0.011459052280682306
11 8 10 9 0.011459052280682306
10 9 11 8 0.011459052280682306
11 9 11 9 0.011459052280682306
10 10 8 8 0.011459052280682306
11 10 8 9 0.011459052280682306
10 11 9 8 0.011459052280682306
11 11 9 9 0.011459052280682306
10 0 0 10 0.18601791358767258
11 0 0 11 0.18601791358767258
10 1 1 10 0.18601791358767258
11 1 1 11 0.18601791358767258
10 0 4 10 -0.032655288387977904
11 0 4 11 -0.032655288387977904
10 1 5 10 -0.032655288387977904
11 1 5 11 -0.032655288387977904
10 2 2 10 0.099410410946926
11 2 2 11 0.099410410946926
10 3 3 10 0.099410410946926
11 3 3 11 0.099410410946926
10 2 10 10 -0.030071443003973575
11 2 10 11 -0.030071443003973575
10 3 11 10 -0.030071443003973575
11 3 11 11 -0.030071443003973575
10 4 0 10 -0.032655288387977904
11 4 0 11 -0.032655288387977904
10 5 1 10 -0.032655288387977904
11 5 1 11 -0.032655288387977904
10 4 4 10 0.10302875073569505
11 4 4 11 0.10302875073569505
10 5 5 10 0.10302875073569505
11 5 5 11 0.10302875073569505
10 6 6 10 0.19331185228070316
11 6 6 11 0.19331185228070316
10 7 7 10 0.19331185228070316
11 7 7 11 0.19331185228070316
10 8 8 10 0.19331185228070316
11 8 8 11 0.19331185228070316
10 9 9 10 0.19331185228070316
11 9 9 11 0.19331185228070316
10 10 2 10 -0.030071443003973568
11 10 2 11 -0.030071443003973568
10 11 3 10 -0.030071443003973568
11 11 3 11 -0.030071443003973568
10 10 10 10 0.20904787578457834
11 10 10 11 0.20904787578457834
10 11 11 10 0.20904787578457834
11 11 11 11 0.20904787578457834
